<?xml version="1.0" encoding="UTF-8"?>
<testsuites name="CuPa" time="259" tests="0" failures="2" errors="0">
   <testsuite name="CuPa" tests="0" failures="2" errors="0" time="259" timestamp="2018-03-05 22:58:09" hostname="Megapoort - DESKTOP-47R6KV7.localdomain" id="Test Suites/CuPa">
      <properties>
         <property name="deviceName" value=""/>
         <property name="devicePlatform" value=""/>
         <property name="logFolder" value="D:\\Project\\DS5.2.1\\Reports\\CuPa\\20180305_225808"/>
         <property name="logFiles" value="D:\\Project\\DS5.2.1\\Reports\\CuPa\\20180305_225808\\execution0.log"/>
         <property name="attachments" value=""/>
         <property name="hostName" value="Megapoort - DESKTOP-47R6KV7.localdomain"/>
         <property name="os" value="Windows 10 64bit"/>
         <property name="katalonVersion" value="5.3.1.1"/>
         <property name="browser" value="Chrome 64.0.3282.186"/>
         <property name="hostAddress" value="192.168.100.78"/>
         <property name="sessionId" value="17cef2b9f4f98066af80bd469f9145b1"/>
         <property name="seleniumVersion" value="3.7.1"/>
         <property name="proxyInformation" value="ProxyInformation{proxyOption=NO_PROXY, proxyServerType=HTTP, password=, proxyServerAddress=, proxyServerPort=0}"/>
         <property name="platform" value="Windows 10"/>
      </properties>
      <testcase name="Test Cases/CuPaStefanie/35" classname="Test Cases/CuPaStefanie/35" status="FAILED">
         <failure type="FAILED" message="Unable to drag and drop by offset distance (Root cause: com.kms.katalon.core.webui.exception.WebElementNotFoundException: Web element with id: 'Object Repository/CuPaDl/Icons/Resize_icon_bottomright' located by 'By.xpath: //*[@id=&quot;pages-index&quot;]/div[1]/div[2]/div[1]/div[3]/div/div/div[1]/div[6]' not found)"/>
         <system-out><![CDATA[2018-03-05 22:58:09 - [TEST_CASE][FAILED] - Test Cases/CuPaStefanie/35: Test Cases/CuPaStefanie/35 FAILED because (of) Unable to drag and drop by offset distance (Root cause: com.kms.katalon.core.webui.exception.WebElementNotFoundException: Web element with id: 'Object Repository/CuPaDl/Icons/Resize_icon_bottomright' located by 'By.xpath: //*[@id="pages-index"]/div[1]/div[2]/div[1]/div[3]/div/div/div[1]/div[6]' not found)

2018-03-05 22:58:10 - [TEST_STEP][PASSED] - Statement - timeStamp = new java.text.SimpleDateFormat(dd.MM.yyyy).format(java.util.Calendar.getInstance().getTime()): null

2018-03-05 22:58:10 - [TEST_STEP][PASSED] - Statement - timeStampScreenshot = new java.text.SimpleDateFormat(dd.MM.yyyy).format(java.util.Calendar.getInstance().getTime()): null

2018-03-05 22:58:10 - [TEST_STEP][PASSED] - Statement - iconmap = [:]: null

2018-03-05 22:58:10 - [TEST_STEP][PASSED] - Statement - txtmap = [:]: null

2018-03-05 22:58:10 - [TEST_STEP][PASSED] - Statement - signmap = [:]: null

2018-03-05 22:58:10 - [TEST_STEP][PASSED] - cupakeysDl.initStart.initialStart: cupakeysDl.initStart.initialStart is PASSED

2018-03-05 22:58:13 - [MESSAGE][PASSED] - Browser is opened with url: ''

2018-03-05 22:58:16 - [MESSAGE][PASSED] - Delayed 3 second(s)

2018-03-05 22:58:17 - [MESSAGE][PASSED] - Navigate to 'https://d16a4dsnr8a0k1.cloudfront.net/en/2455233.html?price=150.00%20%E2%82%AC&partName=wilsonPartName&vin=wilsonVin&modelCode=XP11&paint=P0A94&modelDescription=wilsonModelDescription&additionalEquipment=wilsonAdditionalEquipment' successfully

2018-03-05 22:58:18 - [MESSAGE][PASSED] - Object 'Object Repository/CuPaDl/Loading_indicator' is visible

2018-03-05 22:58:28 - [MESSAGE][PASSED] - Object 'Object Repository/CuPaDl/Loading_indicator' is NOT visible

2018-03-05 22:58:29 - [MESSAGE][PASSED] - Delayed 1 second(s)

2018-03-05 22:58:29 - [MESSAGE][PASSED] - cupakeysDl.initStart.initialStart is PASSED

2018-03-05 22:58:29 - [TEST_STEP][PASSED] - Statement - (step++): null

2018-03-05 22:58:29 - [TEST_STEP][PASSED] - maximizeWindow: Current window maximized

2018-03-05 22:58:30 - [MESSAGE][PASSED] - Current window maximized

2018-03-05 22:58:30 - [TEST_STEP][PASSED] - cupakeysDl.color.changecolor: cupakeysDl.color.changecolor is PASSED

2018-03-05 22:58:30 - [MESSAGE][PASSED] - Object 'Object Repository/CuPaDl/Color/Color' is visible

2018-03-05 22:58:30 - [MESSAGE][PASSED] - Object: 'Object Repository/CuPaDl/Color/Color' is clicked on

2018-03-05 22:58:31 - [MESSAGE][PASSED] - Delayed 1 second(s)

2018-03-05 22:58:31 - [MESSAGE][PASSED] - Object 'Object Repository/CuPaDl/Color/Color_nightlightblue' is visible

2018-03-05 22:58:31 - [MESSAGE][PASSED] - Object: 'Object Repository/CuPaDl/Color/Color_nightlightblue' is clicked on

2018-03-05 22:58:31 - [MESSAGE][WARNING] - Timeout '0' is invalid. Using default page load timeout: '30'

2018-03-05 22:58:31 - [MESSAGE][PASSED] - Object 'Object Repository/CuPaDl/Color/Color_nightlightblue' is visible

2018-03-05 22:58:32 - [MESSAGE][PASSED] - Delayed 1 second(s)

2018-03-05 22:58:33 - [MESSAGE][PASSED] - Object: 'Object Repository/CuPaDl/Color/Color_nightlightblue' is clicked on

2018-03-05 22:58:33 - [MESSAGE][PASSED] - Object 'Object Repository/CuPaDl/Loading_indicator' is visible

2018-03-05 22:58:36 - [MESSAGE][PASSED] - Object 'Object Repository/CuPaDl/Loading_indicator' is NOT visible

2018-03-05 22:58:37 - [MESSAGE][PASSED] - Delayed 1 second(s)

2018-03-05 22:58:37 - [MESSAGE][PASSED] - cupakeysDl.color.changecolor is PASSED

2018-03-05 22:58:37 - [TEST_STEP][PASSED] - Statement - (step++): null

2018-03-05 22:58:37 - [TEST_STEP][PASSED] - Statement - iconmap += CustomKeywords.cupakeysDl.iconad.iconadd("londoncircle", LoadTimeCorrector, step, run, device, timeStamp, iconcount): cupakeysDl.iconad.iconadd is PASSED

2018-03-05 22:58:37 - [MESSAGE][PASSED] - Object: 'Object Repository/CuPaDl/Icons/Icon' is clicked on

2018-03-05 22:58:39 - [MESSAGE][WARNING] - Object 'Object Repository/CuPaDl/Icons/Icon_londoncircle' is not visible after 2 second(s)

2018-03-05 22:58:39 - [MESSAGE][PASSED] - Object: 'Object Repository/CuPaDl/MenuScroll/ObjectsScrollRight' is clicked on

2018-03-05 22:58:41 - [MESSAGE][PASSED] - Delayed 2 second(s)

2018-03-05 22:58:41 - [MESSAGE][PASSED] - Object 'Object Repository/CuPaDl/Icons/Icon_londoncircle' is visible

2018-03-05 22:58:41 - [MESSAGE][PASSED] - Object: 'Object Repository/CuPaDl/Icons/Icon_londoncircle' is clicked on

2018-03-05 22:58:42 - [MESSAGE][PASSED] - Delayed 1 second(s)

2018-03-05 22:58:43 - [MESSAGE][PASSED] - Object 'Object Repository/CuPaDl/Loading_indicator' is visible

2018-03-05 22:59:13 - [MESSAGE][WARNING] - Object 'Object Repository/CuPaDl/Loading_indicator' is visible after 30 second(s)

2018-03-05 22:59:13 - [MESSAGE][WARNING] - Timeout '0' is invalid. Using default page load timeout: '30'

2018-03-05 22:59:13 - [MESSAGE][PASSED] - Width of element 'Object Repository/CuPaDl/Icons/Reposition_icon' is '0'

2018-03-05 22:59:13 - [MESSAGE][PASSED] - Height of element 'Object Repository/CuPaDl/Icons/Reposition_icon' is '0'.

2018-03-05 22:59:14 - [MESSAGE][PASSED] - Delayed 1 second(s)

2018-03-05 22:59:14 - [MESSAGE][PASSED] - cupakeysDl.iconad.iconadd is PASSED

2018-03-05 22:59:14 - [TEST_STEP][PASSED] - Statement - (step++): null

2018-03-05 22:59:14 - [TEST_STEP][PASSED] - Statement - (iconcount++): null

2018-03-05 22:59:14 - [TEST_STEP][FAILED] - cupakeysDl.iconres.iconresize: Unable to drag and drop by offset distance (Root cause: com.kms.katalon.core.webui.exception.WebElementNotFoundException: Web element with id: 'Object Repository/CuPaDl/Icons/Resize_icon_bottomright' located by 'By.xpath: //*[@id="pages-index"]/div[1]/div[2]/div[1]/div[3]/div/div/div[1]/div[6]' not found)

2018-03-05 22:59:17 - [MESSAGE][WARNING] - Object 'Object Repository/CuPaDl/Icons/Reposition_icon' is not visible after 3 second(s)

2018-03-05 22:59:17 - [MESSAGE][PASSED] - Object: 'Object Repository/CuPaDl/Icons/Resize_icon' is clicked on

2018-03-05 22:59:17 - [MESSAGE][WARNING] - Timeout '0' is invalid. Using default page load timeout: '30'

2018-03-05 22:59:48 - [MESSAGE][WARNING] - Web element with id: 'Object Repository/CuPaDl/Icons/Reposition_icon' located by 'By.xpath: //*[@id="pages-index"]/div[1]/div[2]/div[1]/div[3]/div/div/div[3]/img' not found

2018-03-05 22:59:49 - [MESSAGE][PASSED] - Delayed 1 second(s)

2018-03-05 22:59:49 - [MESSAGE][PASSED] - Current viewport's left (x) position is 0

2018-03-05 22:59:49 - [MESSAGE][PASSED] - Current viewport's top (y) position is 54

2018-03-05 23:00:19 - [MESSAGE][FAILED] - Unable to drag and drop by offset distance (Root cause: com.kms.katalon.core.webui.exception.WebElementNotFoundException: Web element with id: 'Object Repository/CuPaDl/Icons/Resize_icon_bottomright' located by 'By.xpath: //*[@id="pages-index"]/div[1]/div[2]/div[1]/div[3]/div/div/div[1]/div[6]' not found)

2018-03-05 23:00:19 - [MESSAGE][FAILED] - Unable to drag and drop by offset distance (Root cause: com.kms.katalon.core.webui.exception.WebElementNotFoundException: Web element with id: 'Object Repository/CuPaDl/Icons/Resize_icon_bottomright' located by 'By.xpath: //*[@id="pages-index"]/div[1]/div[2]/div[1]/div[3]/div/div/div[1]/div[6]' not found)]]></system-out>
         <system-err><![CDATA[2018-03-05 22:58:09 - [TEST_CASE][FAILED] - Test Cases/CuPaStefanie/35: Test Cases/CuPaStefanie/35 FAILED because (of) Unable to drag and drop by offset distance (Root cause: com.kms.katalon.core.webui.exception.WebElementNotFoundException: Web element with id: 'Object Repository/CuPaDl/Icons/Resize_icon_bottomright' located by 'By.xpath: //*[@id="pages-index"]/div[1]/div[2]/div[1]/div[3]/div/div/div[1]/div[6]' not found)]]></system-err>
      </testcase>
      <testcase name="Test Cases/CuPaStefanie/36" classname="Test Cases/CuPaStefanie/36" status="FAILED">
         <failure type="FAILED" message="Unable to drag and drop by offset distance (Root cause: com.kms.katalon.core.webui.exception.WebElementNotFoundException: Web element with id: 'Object Repository/CuPaDl/Icons/Resize_icon_bottomright' located by 'By.xpath: //*[@id=&quot;pages-index&quot;]/div[1]/div[2]/div[1]/div[3]/div/div/div[1]/div[6]' not found)"/>
         <system-out><![CDATA[2018-03-05 23:00:20 - [TEST_CASE][FAILED] - Test Cases/CuPaStefanie/36: Test Cases/CuPaStefanie/36 FAILED because (of) Unable to drag and drop by offset distance (Root cause: com.kms.katalon.core.webui.exception.WebElementNotFoundException: Web element with id: 'Object Repository/CuPaDl/Icons/Resize_icon_bottomright' located by 'By.xpath: //*[@id="pages-index"]/div[1]/div[2]/div[1]/div[3]/div/div/div[1]/div[6]' not found)

2018-03-05 23:00:20 - [TEST_STEP][PASSED] - Statement - timeStamp = new java.text.SimpleDateFormat(dd.MM.yyyy).format(java.util.Calendar.getInstance().getTime()): null

2018-03-05 23:00:20 - [TEST_STEP][PASSED] - Statement - timeStampScreenshot = new java.text.SimpleDateFormat(dd.MM.yyyy).format(java.util.Calendar.getInstance().getTime()): null

2018-03-05 23:00:20 - [TEST_STEP][PASSED] - Statement - iconmap = [:]: null

2018-03-05 23:00:20 - [TEST_STEP][PASSED] - Statement - txtmap = [:]: null

2018-03-05 23:00:20 - [TEST_STEP][PASSED] - Statement - signmap = [:]: null

2018-03-05 23:00:20 - [TEST_STEP][PASSED] - cupakeysDl.initStart.initialStart: cupakeysDl.initStart.initialStart is PASSED

2018-03-05 23:00:20 - [MESSAGE][WARNING] - A browser is already opened. Closing browser and opening a new one

2018-03-05 23:00:22 - [MESSAGE][PASSED] - Browser is opened with url: ''

2018-03-05 23:00:25 - [MESSAGE][PASSED] - Delayed 3 second(s)

2018-03-05 23:00:27 - [MESSAGE][PASSED] - Navigate to 'https://d16a4dsnr8a0k1.cloudfront.net/en/2455233.html?price=150.00%20%E2%82%AC&partName=wilsonPartName&vin=wilsonVin&modelCode=XP11&paint=P0A94&modelDescription=wilsonModelDescription&additionalEquipment=wilsonAdditionalEquipment' successfully

2018-03-05 23:00:27 - [MESSAGE][PASSED] - Object 'Object Repository/CuPaDl/Loading_indicator' is visible

2018-03-05 23:00:37 - [MESSAGE][PASSED] - Object 'Object Repository/CuPaDl/Loading_indicator' is NOT visible

2018-03-05 23:00:38 - [MESSAGE][PASSED] - Delayed 1 second(s)

2018-03-05 23:00:38 - [MESSAGE][PASSED] - cupakeysDl.initStart.initialStart is PASSED

2018-03-05 23:00:38 - [TEST_STEP][PASSED] - Statement - (step++): null

2018-03-05 23:00:38 - [TEST_STEP][PASSED] - maximizeWindow: Current window maximized

2018-03-05 23:00:40 - [MESSAGE][PASSED] - Current window maximized

2018-03-05 23:00:40 - [TEST_STEP][PASSED] - cupakeysDl.color.changecolor: cupakeysDl.color.changecolor is PASSED

2018-03-05 23:00:40 - [MESSAGE][PASSED] - Object 'Object Repository/CuPaDl/Color/Color' is visible

2018-03-05 23:00:40 - [MESSAGE][PASSED] - Object: 'Object Repository/CuPaDl/Color/Color' is clicked on

2018-03-05 23:00:41 - [MESSAGE][PASSED] - Delayed 1 second(s)

2018-03-05 23:00:41 - [MESSAGE][PASSED] - Object 'Object Repository/CuPaDl/Color/Color_moonwalkgrey' is visible

2018-03-05 23:00:41 - [MESSAGE][PASSED] - Object: 'Object Repository/CuPaDl/Color/Color_moonwalkgrey' is clicked on

2018-03-05 23:00:41 - [MESSAGE][WARNING] - Timeout '0' is invalid. Using default page load timeout: '30'

2018-03-05 23:00:41 - [MESSAGE][PASSED] - Object 'Object Repository/CuPaDl/Color/Color_moonwalkgrey' is visible

2018-03-05 23:00:42 - [MESSAGE][PASSED] - Delayed 1 second(s)

2018-03-05 23:00:43 - [MESSAGE][PASSED] - Object: 'Object Repository/CuPaDl/Color/Color_moonwalkgrey' is clicked on

2018-03-05 23:00:43 - [MESSAGE][PASSED] - Object 'Object Repository/CuPaDl/Loading_indicator' is visible

2018-03-05 23:00:45 - [MESSAGE][PASSED] - Object 'Object Repository/CuPaDl/Loading_indicator' is NOT visible

2018-03-05 23:00:46 - [MESSAGE][PASSED] - Delayed 1 second(s)

2018-03-05 23:00:46 - [MESSAGE][PASSED] - cupakeysDl.color.changecolor is PASSED

2018-03-05 23:00:46 - [TEST_STEP][PASSED] - Statement - (step++): null

2018-03-05 23:00:46 - [TEST_STEP][PASSED] - Statement - iconmap += CustomKeywords.cupakeysDl.iconad.iconadd("londoncircle", LoadTimeCorrector, step, run, device, timeStamp, iconcount): cupakeysDl.iconad.iconadd is PASSED

2018-03-05 23:00:46 - [MESSAGE][PASSED] - Object: 'Object Repository/CuPaDl/Icons/Icon' is clicked on

2018-03-05 23:00:48 - [MESSAGE][WARNING] - Object 'Object Repository/CuPaDl/Icons/Icon_londoncircle' is not visible after 2 second(s)

2018-03-05 23:00:48 - [MESSAGE][PASSED] - Object: 'Object Repository/CuPaDl/MenuScroll/ObjectsScrollRight' is clicked on

2018-03-05 23:00:50 - [MESSAGE][PASSED] - Delayed 2 second(s)

2018-03-05 23:00:51 - [MESSAGE][PASSED] - Object 'Object Repository/CuPaDl/Icons/Icon_londoncircle' is visible

2018-03-05 23:00:51 - [MESSAGE][PASSED] - Object: 'Object Repository/CuPaDl/Icons/Icon_londoncircle' is clicked on

2018-03-05 23:00:52 - [MESSAGE][PASSED] - Delayed 1 second(s)

2018-03-05 23:00:52 - [MESSAGE][PASSED] - Object 'Object Repository/CuPaDl/Loading_indicator' is visible

2018-03-05 23:01:22 - [MESSAGE][WARNING] - Object 'Object Repository/CuPaDl/Loading_indicator' is visible after 30 second(s)

2018-03-05 23:01:22 - [MESSAGE][WARNING] - Timeout '0' is invalid. Using default page load timeout: '30'

2018-03-05 23:01:22 - [MESSAGE][PASSED] - Width of element 'Object Repository/CuPaDl/Icons/Reposition_icon' is '0'

2018-03-05 23:01:22 - [MESSAGE][PASSED] - Height of element 'Object Repository/CuPaDl/Icons/Reposition_icon' is '0'.

2018-03-05 23:01:23 - [MESSAGE][PASSED] - Delayed 1 second(s)

2018-03-05 23:01:23 - [MESSAGE][PASSED] - cupakeysDl.iconad.iconadd is PASSED

2018-03-05 23:01:23 - [TEST_STEP][PASSED] - Statement - (step++): null

2018-03-05 23:01:23 - [TEST_STEP][PASSED] - Statement - (iconcount++): null

2018-03-05 23:01:23 - [TEST_STEP][FAILED] - cupakeysDl.iconres.iconresize: Unable to drag and drop by offset distance (Root cause: com.kms.katalon.core.webui.exception.WebElementNotFoundException: Web element with id: 'Object Repository/CuPaDl/Icons/Resize_icon_bottomright' located by 'By.xpath: //*[@id="pages-index"]/div[1]/div[2]/div[1]/div[3]/div/div/div[1]/div[6]' not found)

2018-03-05 23:01:26 - [MESSAGE][WARNING] - Object 'Object Repository/CuPaDl/Icons/Reposition_icon' is not visible after 3 second(s)

2018-03-05 23:01:26 - [MESSAGE][PASSED] - Object: 'Object Repository/CuPaDl/Icons/Resize_icon' is clicked on

2018-03-05 23:01:26 - [MESSAGE][WARNING] - Timeout '0' is invalid. Using default page load timeout: '30'

2018-03-05 23:01:57 - [MESSAGE][WARNING] - Web element with id: 'Object Repository/CuPaDl/Icons/Reposition_icon' located by 'By.xpath: //*[@id="pages-index"]/div[1]/div[2]/div[1]/div[3]/div/div/div[3]/img' not found

2018-03-05 23:01:58 - [MESSAGE][PASSED] - Delayed 1 second(s)

2018-03-05 23:01:58 - [MESSAGE][PASSED] - Current viewport's left (x) position is 0

2018-03-05 23:01:58 - [MESSAGE][PASSED] - Current viewport's top (y) position is 54

2018-03-05 23:02:28 - [MESSAGE][FAILED] - Unable to drag and drop by offset distance (Root cause: com.kms.katalon.core.webui.exception.WebElementNotFoundException: Web element with id: 'Object Repository/CuPaDl/Icons/Resize_icon_bottomright' located by 'By.xpath: //*[@id="pages-index"]/div[1]/div[2]/div[1]/div[3]/div/div/div[1]/div[6]' not found)

2018-03-05 23:02:28 - [MESSAGE][FAILED] - Unable to drag and drop by offset distance (Root cause: com.kms.katalon.core.webui.exception.WebElementNotFoundException: Web element with id: 'Object Repository/CuPaDl/Icons/Resize_icon_bottomright' located by 'By.xpath: //*[@id="pages-index"]/div[1]/div[2]/div[1]/div[3]/div/div/div[1]/div[6]' not found)]]></system-out>
         <system-err><![CDATA[2018-03-05 23:00:20 - [TEST_CASE][FAILED] - Test Cases/CuPaStefanie/36: Test Cases/CuPaStefanie/36 FAILED because (of) Unable to drag and drop by offset distance (Root cause: com.kms.katalon.core.webui.exception.WebElementNotFoundException: Web element with id: 'Object Repository/CuPaDl/Icons/Resize_icon_bottomright' located by 'By.xpath: //*[@id="pages-index"]/div[1]/div[2]/div[1]/div[3]/div/div/div[1]/div[6]' not found)]]></system-err>
      </testcase>
      <system-out><![CDATA[2018-03-05 22:58:09 - [TEST_SUITE][FAILED] - CuPa: Test Cases/CuPaStefanie/35 FAILED because (of) Unable to drag and drop by offset distance (Root cause: com.kms.katalon.core.webui.exception.WebElementNotFoundException: Web element with id: 'Object Repository/CuPaDl/Icons/Resize_icon_bottomright' located by 'By.xpath: //*[@id="pages-index"]/div[1]/div[2]/div[1]/div[3]/div/div/div[1]/div[6]' not found)]]></system-out>
      <system-err><![CDATA[2018-03-05 22:58:09 - [TEST_SUITE][FAILED] - CuPa: Test Cases/CuPaStefanie/35 FAILED because (of) Unable to drag and drop by offset distance (Root cause: com.kms.katalon.core.webui.exception.WebElementNotFoundException: Web element with id: 'Object Repository/CuPaDl/Icons/Resize_icon_bottomright' located by 'By.xpath: //*[@id="pages-index"]/div[1]/div[2]/div[1]/div[3]/div/div/div[1]/div[6]' not found)]]></system-err>
   </testsuite>
</testsuites>
