<?xml version="1.0" encoding="UTF-8"?>
<testsuites name="CuPa" time="2485" tests="23" failures="20" errors="0">
   <testsuite name="CuPa" tests="23" failures="20" errors="0" time="2485" timestamp="2018-03-05 17:05:55" hostname="Megapoort - DESKTOP-47R6KV7.localdomain" id="Test Suites/CuPa">
      <properties>
         <property name="deviceName" value=""/>
         <property name="devicePlatform" value=""/>
         <property name="logFolder" value="D:\\Project\\DS5.2.1\\Reports\\CuPa\\20180305_170554"/>
         <property name="logFiles" value="D:\\Project\\DS5.2.1\\Reports\\CuPa\\20180305_170554\\execution0.log"/>
         <property name="attachments" value=""/>
         <property name="hostName" value="Megapoort - DESKTOP-47R6KV7.localdomain"/>
         <property name="os" value="Windows 10 64bit"/>
         <property name="katalonVersion" value="5.3.1.1"/>
         <property name="browser" value="Chrome 64.0.3282.186"/>
         <property name="hostAddress" value="192.168.100.78"/>
         <property name="sessionId" value="a4e60bbce5d2cbe7158b9011cd607880"/>
         <property name="seleniumVersion" value="3.7.1"/>
         <property name="proxyInformation" value="ProxyInformation{proxyOption=NO_PROXY, proxyServerType=HTTP, password=, proxyServerAddress=, proxyServerPort=0}"/>
         <property name="platform" value="Windows 10"/>
      </properties>
      <testcase name="Test Cases/CuPaStefanie/0" classname="Test Cases/CuPaStefanie/0" status="PASSED">
         <system-out><![CDATA[2018-03-05 17:05:55 - [TEST_CASE][PASSED] - Test Cases/CuPaStefanie/0: Test Cases/CuPaStefanie/0

2018-03-05 17:05:55 - [TEST_STEP][PASSED] - Statement - timeStamp = new java.text.SimpleDateFormat(dd.MM.yyyy).format(java.util.Calendar.getInstance().getTime()): null

2018-03-05 17:05:55 - [TEST_STEP][PASSED] - Statement - timeStampScreenshot = new java.text.SimpleDateFormat(dd.MM.yyyy).format(java.util.Calendar.getInstance().getTime()): null

2018-03-05 17:05:55 - [TEST_STEP][PASSED] - Statement - ps = new java.io.PrintStream((((timeStamp + _Run) + run) + .txt)): null]]></system-out>
         <system-err><![CDATA[]]></system-err>
      </testcase>
      <testcase name="Test Cases/CuPaStefanie/1" classname="Test Cases/CuPaStefanie/1" status="PASSED">
         <system-out><![CDATA[2018-03-05 17:05:55 - [TEST_CASE][PASSED] - Test Cases/CuPaStefanie/1: Test Cases/CuPaStefanie/1

2018-03-05 17:05:55 - [TEST_STEP][PASSED] - Statement - timeStamp = new java.text.SimpleDateFormat(dd.MM.yyyy).format(java.util.Calendar.getInstance().getTime()): null

2018-03-05 17:05:55 - [TEST_STEP][PASSED] - Statement - timeStampScreenshot = new java.text.SimpleDateFormat(dd.MM.yyyy).format(java.util.Calendar.getInstance().getTime()): null

2018-03-05 17:05:55 - [TEST_STEP][PASSED] - Statement - iconmap = [:]: null

2018-03-05 17:05:55 - [TEST_STEP][PASSED] - Statement - txtmap = [:]: null

2018-03-05 17:05:55 - [TEST_STEP][PASSED] - Statement - signmap = [:]: null

2018-03-05 17:05:55 - [TEST_STEP][PASSED] - cupakeysDl.initStart.initialStart: cupakeysDl.initStart.initialStart is PASSED

2018-03-05 17:05:58 - [MESSAGE][PASSED] - Browser is opened with url: ''

2018-03-05 17:06:01 - [MESSAGE][PASSED] - Delayed 3 second(s)

2018-03-05 17:06:02 - [MESSAGE][PASSED] - Navigate to 'https://d16a4dsnr8a0k1.cloudfront.net/en/2455233.html?price=150.00%20%E2%82%AC&partName=wilsonPartName&vin=wilsonVin&modelCode=XP11&paint=P0A94&modelDescription=wilsonModelDescription&additionalEquipment=wilsonAdditionalEquipment' successfully

2018-03-05 17:06:02 - [MESSAGE][PASSED] - Object 'Object Repository/CuPaDl/Loading_indicator' is visible

2018-03-05 17:06:12 - [MESSAGE][PASSED] - Object 'Object Repository/CuPaDl/Loading_indicator' is NOT visible

2018-03-05 17:06:13 - [MESSAGE][PASSED] - Delayed 1 second(s)

2018-03-05 17:06:13 - [MESSAGE][PASSED] - cupakeysDl.initStart.initialStart is PASSED

2018-03-05 17:06:13 - [TEST_STEP][PASSED] - Statement - (step++): null

2018-03-05 17:06:13 - [TEST_STEP][PASSED] - cupakeysDl.color.changecolor: cupakeysDl.color.changecolor is PASSED

2018-03-05 17:06:13 - [MESSAGE][PASSED] - Object 'Object Repository/CuPaDl/Color/Color' is visible

2018-03-05 17:06:13 - [MESSAGE][PASSED] - Object: 'Object Repository/CuPaDl/Color/Color' is clicked on

2018-03-05 17:06:13 - [MESSAGE][WARNING] - Timeout '0' is invalid. Using default page load timeout: '30'

2018-03-05 17:06:13 - [MESSAGE][PASSED] - Object 'Object Repository/CuPaDl/Color/Color_passionred' is visible

2018-03-05 17:06:14 - [MESSAGE][PASSED] - Delayed 1 second(s)

2018-03-05 17:06:14 - [MESSAGE][PASSED] - Object: 'Object Repository/CuPaDl/Color/Color_passionred' is clicked on

2018-03-05 17:06:17 - [MESSAGE][WARNING] - Object 'Object Repository/CuPaDl/Loading_indicator' is not visible after 3 second(s)

2018-03-05 17:06:18 - [MESSAGE][PASSED] - Delayed 1 second(s)

2018-03-05 17:06:18 - [MESSAGE][PASSED] - cupakeysDl.color.changecolor is PASSED

2018-03-05 17:06:18 - [TEST_STEP][PASSED] - Statement - (step++): null

2018-03-05 17:06:18 - [TEST_STEP][PASSED] - cupakeysDl.chngstruct.changestructure: cupakeysDl.chngstruct.changestructure is PASSED

2018-03-05 17:06:18 - [MESSAGE][PASSED] - Object 'Object Repository/CuPaDl/Structure/Structure' is visible

2018-03-05 17:06:18 - [MESSAGE][PASSED] - Object: 'Object Repository/CuPaDl/Structure/Structure' is clicked on

2018-03-05 17:06:18 - [MESSAGE][WARNING] - Timeout '0' is invalid. Using default page load timeout: '30'

2018-03-05 17:06:19 - [MESSAGE][PASSED] - Object 'Object Repository/CuPaDl/Structure/Structure_Hahnentritt' is visible

2018-03-05 17:06:20 - [MESSAGE][PASSED] - Delayed 1 second(s)

2018-03-05 17:06:20 - [MESSAGE][PASSED] - Object: 'Object Repository/CuPaDl/Structure/Structure_drops' is clicked on

2018-03-05 17:06:21 - [MESSAGE][PASSED] - Object 'Object Repository/CuPaDl/Loading_indicator' is visible

2018-03-05 17:06:28 - [MESSAGE][PASSED] - Object 'Object Repository/CuPaDl/Loading_indicator' is NOT visible

2018-03-05 17:06:29 - [MESSAGE][PASSED] - Delayed 1 second(s)

2018-03-05 17:06:29 - [MESSAGE][PASSED] - cupakeysDl.chngstruct.changestructure is PASSED

2018-03-05 17:06:29 - [TEST_STEP][PASSED] - Statement - (step++): null

2018-03-05 17:06:29 - [TEST_STEP][PASSED] - cupakeysDl.sclstruct.scalestructure: cupakeysDl.sclstruct.scalestructure is PASSED

2018-03-05 17:06:32 - [MESSAGE][WARNING] - Object 'Object Repository/CuPaDl/Structure/Resize_Structure_bottomright' is not visible after 3 second(s)

2018-03-05 17:06:32 - [MESSAGE][PASSED] - Object: 'Object Repository/CuPaDl/Structure/Resize_Structure' is clicked on

2018-03-05 17:06:32 - [MESSAGE][WARNING] - Timeout '0' is invalid. Using default page load timeout: '30'

2018-03-05 17:06:32 - [MESSAGE][PASSED] - Object 'Object Repository/CuPaDl/Structure/Resize_Structure_bottomright' is visible

2018-03-05 17:06:33 - [MESSAGE][PASSED] - Delayed 1 second(s)

2018-03-05 17:06:33 - [MESSAGE][PASSED] - Current viewport's left (x) position is 0

2018-03-05 17:06:33 - [MESSAGE][PASSED] - Current viewport's top (y) position is 54

2018-03-05 17:06:33 - [MESSAGE][PASSED] - Dragged object with id 'Object Repository/CuPaDl/Structure/Resize_Structure_bottomright' by offset distance x = -225 and y = -171 successfully

2018-03-05 17:06:34 - [MESSAGE][PASSED] - Object 'Object Repository/CuPaDl/Loading_indicator' is visible

2018-03-05 17:06:58 - [MESSAGE][PASSED] - Object 'Object Repository/CuPaDl/Loading_indicator' is NOT visible

2018-03-05 17:06:59 - [MESSAGE][PASSED] - Delayed 1 second(s)

2018-03-05 17:06:59 - [MESSAGE][PASSED] - cupakeysDl.sclstruct.scalestructure is PASSED

2018-03-05 17:06:59 - [TEST_STEP][PASSED] - Statement - (step++): null

2018-03-05 17:06:59 - [TEST_STEP][PASSED] - Statement - iconmap += CustomKeywords.cupakeysDl.iconad.iconadd("unionjack", LoadTimeCorrector, step, run, device, timeStamp, iconcount): cupakeysDl.iconad.iconadd is PASSED

2018-03-05 17:06:59 - [MESSAGE][PASSED] - Object 'Object Repository/CuPaDl/Icons/Icon' is visible

2018-03-05 17:06:59 - [MESSAGE][PASSED] - Object: 'Object Repository/CuPaDl/Icons/Icon' is clicked on

2018-03-05 17:06:59 - [MESSAGE][WARNING] - Timeout '0' is invalid. Using default page load timeout: '30'

2018-03-05 17:06:59 - [MESSAGE][PASSED] - Object 'Object Repository/CuPaDl/Icons/Icon_unionjack' is visible

2018-03-05 17:07:00 - [MESSAGE][PASSED] - Delayed 1 second(s)

2018-03-05 17:07:01 - [MESSAGE][PASSED] - Object: 'Object Repository/CuPaDl/Icons/Icon_unionjack' is clicked on

2018-03-05 17:07:02 - [MESSAGE][PASSED] - Object 'Object Repository/CuPaDl/Loading_indicator' is visible

2018-03-05 17:07:04 - [MESSAGE][PASSED] - Object 'Object Repository/CuPaDl/Loading_indicator' is NOT visible

2018-03-05 17:07:04 - [MESSAGE][WARNING] - Timeout '0' is invalid. Using default page load timeout: '30'

2018-03-05 17:07:04 - [MESSAGE][PASSED] - Width of element 'Object Repository/CuPaDl/Icons/Reposition_icon' is '40'

2018-03-05 17:07:04 - [MESSAGE][PASSED] - Height of element 'Object Repository/CuPaDl/Icons/Reposition_icon' is '40'.

2018-03-05 17:07:05 - [MESSAGE][PASSED] - Delayed 1 second(s)

2018-03-05 17:07:05 - [MESSAGE][PASSED] - cupakeysDl.iconad.iconadd is PASSED

2018-03-05 17:07:05 - [TEST_STEP][PASSED] - Statement - (step++): null

2018-03-05 17:07:05 - [TEST_STEP][PASSED] - Statement - (iconcount++): null

2018-03-05 17:07:05 - [TEST_STEP][PASSED] - cupakeysDl.iconres.iconresize: cupakeysDl.iconres.iconresize is PASSED

2018-03-05 17:07:05 - [MESSAGE][PASSED] - Object 'Object Repository/CuPaDl/Icons/Reposition_icon' is visible

2018-03-05 17:07:05 - [MESSAGE][PASSED] - Current viewport's left (x) position is 0

2018-03-05 17:07:05 - [MESSAGE][PASSED] - Current viewport's top (y) position is 54

2018-03-05 17:07:05 - [MESSAGE][PASSED] - Dragged object with id 'Object Repository/CuPaDl/Icons/Resize_icon_bottomright' by offset distance x = -125 and y = -71 successfully

2018-03-05 17:07:06 - [MESSAGE][PASSED] - Object 'Object Repository/CuPaDl/Loading_indicator' is visible

2018-03-05 17:07:26 - [MESSAGE][PASSED] - Object 'Object Repository/CuPaDl/Loading_indicator' is NOT visible

2018-03-05 17:07:27 - [MESSAGE][PASSED] - Delayed 1 second(s)

2018-03-05 17:07:27 - [MESSAGE][PASSED] - cupakeysDl.iconres.iconresize is PASSED

2018-03-05 17:07:27 - [TEST_STEP][PASSED] - Statement - (step++): null

2018-03-05 17:07:27 - [TEST_STEP][PASSED] - cupakeysDl.slink.svlink: cupakeysDl.slink.svlink is PASSED

2018-03-05 17:07:27 - [MESSAGE][PASSED] - Scroll to object 'Object Repository/CuPaDl/Save/Save' successfully

2018-03-05 17:07:27 - [MESSAGE][PASSED] - Object: 'Object Repository/CuPaDl/Save/Save' is clicked on

2018-03-05 17:07:27 - [MESSAGE][WARNING] - Timeout '0' is invalid. Using default page load timeout: '30'

2018-03-05 17:07:30 - [MESSAGE][PASSED] - Object 'Object Repository/CuPaDl/Save/CopyLink' is visible

2018-03-05 17:07:30 - [MESSAGE][PASSED] - Object: 'Object Repository/CuPaDl/Save/CopyLink' is clicked on

2018-03-05 17:07:31 - [MESSAGE][PASSED] - Delayed 1 second(s)

2018-03-05 17:07:31 - [MESSAGE][PASSED] - Object: 'Object Repository/CuPaDl/Save/Close' is clicked on

2018-03-05 17:07:32 - [MESSAGE][PASSED] - Delayed 1 second(s)

2018-03-05 17:07:32 - [MESSAGE][PASSED] - cupakeysDl.slink.svlink is PASSED

2018-03-05 17:07:32 - [TEST_STEP][PASSED] - cupakeysDl.endsession.finishsession: cupakeysDl.endsession.finishsession is PASSED

2018-03-05 17:07:35 - [MESSAGE][PASSED] - Delayed 3 second(s)

2018-03-05 17:07:36 - [MESSAGE][PASSED] - Browser is closed

2018-03-05 17:07:36 - [MESSAGE][PASSED] - cupakeysDl.endsession.finishsession is PASSED]]></system-out>
         <system-err><![CDATA[]]></system-err>
      </testcase>
      <testcase name="Test Cases/CuPaStefanie/2" classname="Test Cases/CuPaStefanie/2" status="PASSED">
         <system-out><![CDATA[2018-03-05 17:07:36 - [TEST_CASE][PASSED] - Test Cases/CuPaStefanie/2: Test Cases/CuPaStefanie/2

2018-03-05 17:07:36 - [TEST_STEP][PASSED] - Statement - timeStamp = new java.text.SimpleDateFormat(dd.MM.yyyy).format(java.util.Calendar.getInstance().getTime()): null

2018-03-05 17:07:36 - [TEST_STEP][PASSED] - Statement - timeStampScreenshot = new java.text.SimpleDateFormat(dd.MM.yyyy).format(java.util.Calendar.getInstance().getTime()): null

2018-03-05 17:07:36 - [TEST_STEP][PASSED] - Statement - iconmap = [:]: null

2018-03-05 17:07:36 - [TEST_STEP][PASSED] - Statement - txtmap = [:]: null

2018-03-05 17:07:36 - [TEST_STEP][PASSED] - Statement - signmap = [:]: null

2018-03-05 17:07:36 - [TEST_STEP][PASSED] - cupakeysDl.initStart.initialStart: cupakeysDl.initStart.initialStart is PASSED

2018-03-05 17:07:38 - [MESSAGE][PASSED] - Browser is opened with url: ''

2018-03-05 17:07:41 - [MESSAGE][PASSED] - Delayed 3 second(s)

2018-03-05 17:07:42 - [MESSAGE][PASSED] - Navigate to 'https://d16a4dsnr8a0k1.cloudfront.net/en/2455233.html?price=150.00%20%E2%82%AC&partName=wilsonPartName&vin=wilsonVin&modelCode=XP11&paint=P0A94&modelDescription=wilsonModelDescription&additionalEquipment=wilsonAdditionalEquipment' successfully

2018-03-05 17:07:42 - [MESSAGE][PASSED] - Object 'Object Repository/CuPaDl/Loading_indicator' is visible

2018-03-05 17:07:54 - [MESSAGE][PASSED] - Object 'Object Repository/CuPaDl/Loading_indicator' is NOT visible

2018-03-05 17:07:55 - [MESSAGE][PASSED] - Delayed 1 second(s)

2018-03-05 17:07:55 - [MESSAGE][PASSED] - cupakeysDl.initStart.initialStart is PASSED

2018-03-05 17:07:55 - [TEST_STEP][PASSED] - Statement - (step++): null

2018-03-05 17:07:55 - [TEST_STEP][PASSED] - cupakeysDl.color.changecolor: cupakeysDl.color.changecolor is PASSED

2018-03-05 17:07:55 - [MESSAGE][PASSED] - Object 'Object Repository/CuPaDl/Color/Color' is visible

2018-03-05 17:07:56 - [MESSAGE][PASSED] - Object: 'Object Repository/CuPaDl/Color/Color' is clicked on

2018-03-05 17:07:56 - [MESSAGE][WARNING] - Timeout '0' is invalid. Using default page load timeout: '30'

2018-03-05 17:07:56 - [MESSAGE][PASSED] - Object 'Object Repository/CuPaDl/Color/Color_passionred' is visible

2018-03-05 17:07:57 - [MESSAGE][PASSED] - Delayed 1 second(s)

2018-03-05 17:07:57 - [MESSAGE][PASSED] - Object: 'Object Repository/CuPaDl/Color/Color_passionred' is clicked on

2018-03-05 17:08:00 - [MESSAGE][WARNING] - Object 'Object Repository/CuPaDl/Loading_indicator' is not visible after 3 second(s)

2018-03-05 17:08:01 - [MESSAGE][PASSED] - Delayed 1 second(s)

2018-03-05 17:08:01 - [MESSAGE][PASSED] - cupakeysDl.color.changecolor is PASSED

2018-03-05 17:08:01 - [TEST_STEP][PASSED] - Statement - (step++): null

2018-03-05 17:08:01 - [TEST_STEP][PASSED] - cupakeysDl.chngstruct.changestructure: cupakeysDl.chngstruct.changestructure is PASSED

2018-03-05 17:08:01 - [MESSAGE][PASSED] - Object 'Object Repository/CuPaDl/Structure/Structure' is visible

2018-03-05 17:08:01 - [MESSAGE][PASSED] - Object: 'Object Repository/CuPaDl/Structure/Structure' is clicked on

2018-03-05 17:08:01 - [MESSAGE][WARNING] - Timeout '0' is invalid. Using default page load timeout: '30'

2018-03-05 17:08:01 - [MESSAGE][PASSED] - Object 'Object Repository/CuPaDl/Structure/Structure_Hahnentritt' is visible

2018-03-05 17:08:02 - [MESSAGE][PASSED] - Delayed 1 second(s)

2018-03-05 17:08:02 - [MESSAGE][PASSED] - Object: 'Object Repository/CuPaDl/Structure/Structure_drops' is clicked on

2018-03-05 17:08:03 - [MESSAGE][PASSED] - Object 'Object Repository/CuPaDl/Loading_indicator' is visible

2018-03-05 17:08:13 - [MESSAGE][PASSED] - Object 'Object Repository/CuPaDl/Loading_indicator' is NOT visible

2018-03-05 17:08:14 - [MESSAGE][PASSED] - Delayed 1 second(s)

2018-03-05 17:08:14 - [MESSAGE][PASSED] - cupakeysDl.chngstruct.changestructure is PASSED

2018-03-05 17:08:14 - [TEST_STEP][PASSED] - Statement - (step++): null

2018-03-05 17:08:14 - [TEST_STEP][PASSED] - cupakeysDl.sclstruct.scalestructure: cupakeysDl.sclstruct.scalestructure is PASSED

2018-03-05 17:08:17 - [MESSAGE][WARNING] - Object 'Object Repository/CuPaDl/Structure/Resize_Structure_bottomright' is not visible after 3 second(s)

2018-03-05 17:08:17 - [MESSAGE][PASSED] - Object: 'Object Repository/CuPaDl/Structure/Resize_Structure' is clicked on

2018-03-05 17:08:17 - [MESSAGE][WARNING] - Timeout '0' is invalid. Using default page load timeout: '30'

2018-03-05 17:08:17 - [MESSAGE][PASSED] - Object 'Object Repository/CuPaDl/Structure/Resize_Structure_bottomright' is visible

2018-03-05 17:08:18 - [MESSAGE][PASSED] - Delayed 1 second(s)

2018-03-05 17:08:18 - [MESSAGE][PASSED] - Current viewport's left (x) position is 0

2018-03-05 17:08:18 - [MESSAGE][PASSED] - Current viewport's top (y) position is 54

2018-03-05 17:08:18 - [MESSAGE][PASSED] - Dragged object with id 'Object Repository/CuPaDl/Structure/Resize_Structure_bottomright' by offset distance x = 225 and y = 279 successfully

2018-03-05 17:08:19 - [MESSAGE][PASSED] - Object 'Object Repository/CuPaDl/Loading_indicator' is visible

2018-03-05 17:08:25 - [MESSAGE][PASSED] - Object 'Object Repository/CuPaDl/Loading_indicator' is NOT visible

2018-03-05 17:08:26 - [MESSAGE][PASSED] - Delayed 1 second(s)

2018-03-05 17:08:26 - [MESSAGE][PASSED] - cupakeysDl.sclstruct.scalestructure is PASSED

2018-03-05 17:08:26 - [TEST_STEP][PASSED] - Statement - (step++): null

2018-03-05 17:08:26 - [TEST_STEP][PASSED] - Statement - iconmap += CustomKeywords.cupakeysDl.iconad.iconadd("unionjack", LoadTimeCorrector, step, run, device, timeStamp, iconcount): cupakeysDl.iconad.iconadd is PASSED

2018-03-05 17:08:26 - [MESSAGE][PASSED] - Object 'Object Repository/CuPaDl/Icons/Icon' is visible

2018-03-05 17:08:26 - [MESSAGE][PASSED] - Object: 'Object Repository/CuPaDl/Icons/Icon' is clicked on

2018-03-05 17:08:26 - [MESSAGE][WARNING] - Timeout '0' is invalid. Using default page load timeout: '30'

2018-03-05 17:08:26 - [MESSAGE][PASSED] - Object 'Object Repository/CuPaDl/Icons/Icon_unionjack' is visible

2018-03-05 17:08:27 - [MESSAGE][PASSED] - Delayed 1 second(s)

2018-03-05 17:08:27 - [MESSAGE][PASSED] - Object: 'Object Repository/CuPaDl/Icons/Icon_unionjack' is clicked on

2018-03-05 17:08:28 - [MESSAGE][PASSED] - Object 'Object Repository/CuPaDl/Loading_indicator' is visible

2018-03-05 17:08:32 - [MESSAGE][PASSED] - Object 'Object Repository/CuPaDl/Loading_indicator' is NOT visible

2018-03-05 17:08:32 - [MESSAGE][WARNING] - Timeout '0' is invalid. Using default page load timeout: '30'

2018-03-05 17:08:32 - [MESSAGE][PASSED] - Width of element 'Object Repository/CuPaDl/Icons/Reposition_icon' is '40'

2018-03-05 17:08:32 - [MESSAGE][PASSED] - Height of element 'Object Repository/CuPaDl/Icons/Reposition_icon' is '40'.

2018-03-05 17:08:33 - [MESSAGE][PASSED] - Delayed 1 second(s)

2018-03-05 17:08:33 - [MESSAGE][PASSED] - cupakeysDl.iconad.iconadd is PASSED

2018-03-05 17:08:33 - [TEST_STEP][PASSED] - Statement - (step++): null

2018-03-05 17:08:33 - [TEST_STEP][PASSED] - Statement - (iconcount++): null

2018-03-05 17:08:33 - [TEST_STEP][PASSED] - cupakeysDl.iconres.iconresize: cupakeysDl.iconres.iconresize is PASSED

2018-03-05 17:08:33 - [MESSAGE][PASSED] - Object 'Object Repository/CuPaDl/Icons/Reposition_icon' is visible

2018-03-05 17:08:33 - [MESSAGE][PASSED] - Current viewport's left (x) position is 0

2018-03-05 17:08:33 - [MESSAGE][PASSED] - Current viewport's top (y) position is 54

2018-03-05 17:08:33 - [MESSAGE][PASSED] - Dragged object with id 'Object Repository/CuPaDl/Icons/Resize_icon_bottomright' by offset distance x = 125 and y = 179 successfully

2018-03-05 17:08:34 - [MESSAGE][PASSED] - Object 'Object Repository/CuPaDl/Loading_indicator' is visible

2018-03-05 17:08:37 - [MESSAGE][PASSED] - Object 'Object Repository/CuPaDl/Loading_indicator' is NOT visible

2018-03-05 17:08:38 - [MESSAGE][PASSED] - Delayed 1 second(s)

2018-03-05 17:08:38 - [MESSAGE][PASSED] - cupakeysDl.iconres.iconresize is PASSED

2018-03-05 17:08:38 - [TEST_STEP][PASSED] - Statement - (step++): null

2018-03-05 17:08:38 - [TEST_STEP][PASSED] - cupakeysDl.slink.svlink: cupakeysDl.slink.svlink is PASSED

2018-03-05 17:08:38 - [MESSAGE][PASSED] - Scroll to object 'Object Repository/CuPaDl/Save/Save' successfully

2018-03-05 17:08:39 - [MESSAGE][PASSED] - Object: 'Object Repository/CuPaDl/Save/Save' is clicked on

2018-03-05 17:08:39 - [MESSAGE][WARNING] - Timeout '0' is invalid. Using default page load timeout: '30'

2018-03-05 17:08:40 - [MESSAGE][PASSED] - Object 'Object Repository/CuPaDl/Save/CopyLink' is visible

2018-03-05 17:08:40 - [MESSAGE][PASSED] - Object: 'Object Repository/CuPaDl/Save/CopyLink' is clicked on

2018-03-05 17:08:41 - [MESSAGE][PASSED] - Delayed 1 second(s)

2018-03-05 17:08:41 - [MESSAGE][PASSED] - Object: 'Object Repository/CuPaDl/Save/Close' is clicked on

2018-03-05 17:08:42 - [MESSAGE][PASSED] - Delayed 1 second(s)

2018-03-05 17:08:42 - [MESSAGE][PASSED] - cupakeysDl.slink.svlink is PASSED

2018-03-05 17:08:42 - [TEST_STEP][PASSED] - cupakeysDl.endsession.finishsession: cupakeysDl.endsession.finishsession is PASSED

2018-03-05 17:08:45 - [MESSAGE][PASSED] - Delayed 3 second(s)

2018-03-05 17:08:46 - [MESSAGE][PASSED] - Browser is closed

2018-03-05 17:08:46 - [MESSAGE][PASSED] - cupakeysDl.endsession.finishsession is PASSED]]></system-out>
         <system-err><![CDATA[]]></system-err>
      </testcase>
      <testcase name="Test Cases/CuPaStefanie/3" classname="Test Cases/CuPaStefanie/3" status="PASSED">
         <system-out><![CDATA[2018-03-05 17:08:46 - [TEST_CASE][PASSED] - Test Cases/CuPaStefanie/3: Test Cases/CuPaStefanie/3

2018-03-05 17:08:46 - [TEST_STEP][PASSED] - Statement - timeStamp = new java.text.SimpleDateFormat(dd.MM.yyyy_HH_mm_ss).format(java.util.Calendar.getInstance().getTime()): null

2018-03-05 17:08:46 - [TEST_STEP][PASSED] - Statement - timeStampScreenshot = new java.text.SimpleDateFormat(dd.MM.yyyy).format(java.util.Calendar.getInstance().getTime()): null

2018-03-05 17:08:46 - [TEST_STEP][PASSED] - Statement - iconmap = [:]: null

2018-03-05 17:08:46 - [TEST_STEP][PASSED] - Statement - txtmap = [:]: null

2018-03-05 17:08:46 - [TEST_STEP][PASSED] - Statement - signmap = [:]: null

2018-03-05 17:08:46 - [TEST_STEP][PASSED] - cupakeysDl.initStart.initialStart: cupakeysDl.initStart.initialStart is PASSED

2018-03-05 17:08:48 - [MESSAGE][PASSED] - Browser is opened with url: ''

2018-03-05 17:08:51 - [MESSAGE][PASSED] - Delayed 3 second(s)

2018-03-05 17:08:54 - [MESSAGE][PASSED] - Navigate to 'https://d16a4dsnr8a0k1.cloudfront.net/en/2455233.html?price=150.00%20%E2%82%AC&partName=wilsonPartName&vin=wilsonVin&modelCode=XP11&paint=P0A94&modelDescription=wilsonModelDescription&additionalEquipment=wilsonAdditionalEquipment' successfully

2018-03-05 17:08:55 - [MESSAGE][PASSED] - Object 'Object Repository/CuPaDl/Loading_indicator' is visible

2018-03-05 17:09:07 - [MESSAGE][PASSED] - Object 'Object Repository/CuPaDl/Loading_indicator' is NOT visible

2018-03-05 17:09:08 - [MESSAGE][PASSED] - Delayed 1 second(s)

2018-03-05 17:09:08 - [MESSAGE][PASSED] - cupakeysDl.initStart.initialStart is PASSED

2018-03-05 17:09:08 - [TEST_STEP][PASSED] - Statement - (step++): null

2018-03-05 17:09:08 - [TEST_STEP][PASSED] - cupakeysDl.color.changecolor: cupakeysDl.color.changecolor is PASSED

2018-03-05 17:09:08 - [MESSAGE][PASSED] - Object 'Object Repository/CuPaDl/Color/Color' is visible

2018-03-05 17:09:08 - [MESSAGE][PASSED] - Object: 'Object Repository/CuPaDl/Color/Color' is clicked on

2018-03-05 17:09:08 - [MESSAGE][WARNING] - Timeout '0' is invalid. Using default page load timeout: '30'

2018-03-05 17:09:08 - [MESSAGE][PASSED] - Object 'Object Repository/CuPaDl/Color/Color_nightlightblue' is visible

2018-03-05 17:09:09 - [MESSAGE][PASSED] - Delayed 1 second(s)

2018-03-05 17:09:09 - [MESSAGE][PASSED] - Object: 'Object Repository/CuPaDl/Color/Color_nightlightblue' is clicked on

2018-03-05 17:09:11 - [MESSAGE][PASSED] - Object 'Object Repository/CuPaDl/Loading_indicator' is visible

2018-03-05 17:09:12 - [MESSAGE][PASSED] - Object 'Object Repository/CuPaDl/Loading_indicator' is NOT visible

2018-03-05 17:09:13 - [MESSAGE][PASSED] - Delayed 1 second(s)

2018-03-05 17:09:13 - [MESSAGE][PASSED] - cupakeysDl.color.changecolor is PASSED

2018-03-05 17:09:13 - [TEST_STEP][PASSED] - Statement - (step++): null

2018-03-05 17:09:13 - [TEST_STEP][PASSED] - cupakeysDl.chngstruct.changestructure: cupakeysDl.chngstruct.changestructure is PASSED

2018-03-05 17:09:13 - [MESSAGE][PASSED] - Object 'Object Repository/CuPaDl/Structure/Structure' is visible

2018-03-05 17:09:13 - [MESSAGE][PASSED] - Object: 'Object Repository/CuPaDl/Structure/Structure' is clicked on

2018-03-05 17:09:13 - [MESSAGE][WARNING] - Timeout '0' is invalid. Using default page load timeout: '30'

2018-03-05 17:09:13 - [MESSAGE][PASSED] - Object 'Object Repository/CuPaDl/Structure/Structure_Hahnentritt' is visible

2018-03-05 17:09:14 - [MESSAGE][PASSED] - Delayed 1 second(s)

2018-03-05 17:09:14 - [MESSAGE][PASSED] - Object: 'Object Repository/CuPaDl/Structure/Structure_chess' is clicked on

2018-03-05 17:09:15 - [MESSAGE][PASSED] - Object 'Object Repository/CuPaDl/Loading_indicator' is visible

2018-03-05 17:09:19 - [MESSAGE][PASSED] - Object 'Object Repository/CuPaDl/Loading_indicator' is NOT visible

2018-03-05 17:09:20 - [MESSAGE][PASSED] - Delayed 1 second(s)

2018-03-05 17:09:20 - [MESSAGE][PASSED] - cupakeysDl.chngstruct.changestructure is PASSED

2018-03-05 17:09:20 - [TEST_STEP][PASSED] - Statement - (step++): null

2018-03-05 17:09:20 - [TEST_STEP][PASSED] - cupakeysDl.sclstruct.scalestructure: cupakeysDl.sclstruct.scalestructure is PASSED

2018-03-05 17:09:23 - [MESSAGE][WARNING] - Object 'Object Repository/CuPaDl/Structure/Resize_Structure_bottomright' is not visible after 3 second(s)

2018-03-05 17:09:23 - [MESSAGE][PASSED] - Object: 'Object Repository/CuPaDl/Structure/Resize_Structure' is clicked on

2018-03-05 17:09:23 - [MESSAGE][WARNING] - Timeout '0' is invalid. Using default page load timeout: '30'

2018-03-05 17:09:23 - [MESSAGE][PASSED] - Object 'Object Repository/CuPaDl/Structure/Resize_Structure_bottomright' is visible

2018-03-05 17:09:24 - [MESSAGE][PASSED] - Delayed 1 second(s)

2018-03-05 17:09:24 - [MESSAGE][PASSED] - Current viewport's left (x) position is 0

2018-03-05 17:09:24 - [MESSAGE][PASSED] - Current viewport's top (y) position is 54

2018-03-05 17:09:24 - [MESSAGE][PASSED] - Dragged object with id 'Object Repository/CuPaDl/Structure/Resize_Structure_bottomright' by offset distance x = -225 and y = -171 successfully

2018-03-05 17:09:26 - [MESSAGE][PASSED] - Object 'Object Repository/CuPaDl/Loading_indicator' is visible

2018-03-05 17:09:27 - [MESSAGE][PASSED] - Object 'Object Repository/CuPaDl/Loading_indicator' is NOT visible

2018-03-05 17:09:28 - [MESSAGE][PASSED] - Delayed 1 second(s)

2018-03-05 17:09:28 - [MESSAGE][PASSED] - cupakeysDl.sclstruct.scalestructure is PASSED

2018-03-05 17:09:28 - [TEST_STEP][PASSED] - Statement - (step++): null

2018-03-05 17:09:28 - [TEST_STEP][PASSED] - Statement - iconmap += CustomKeywords.cupakeysDl.iconad.iconadd("racing", LoadTimeCorrector, step, run, device, timeStamp, iconcount): cupakeysDl.iconad.iconadd is PASSED

2018-03-05 17:09:28 - [MESSAGE][PASSED] - Object 'Object Repository/CuPaDl/Icons/Icon' is visible

2018-03-05 17:09:28 - [MESSAGE][PASSED] - Object: 'Object Repository/CuPaDl/Icons/Icon' is clicked on

2018-03-05 17:09:28 - [MESSAGE][WARNING] - Timeout '0' is invalid. Using default page load timeout: '30'

2018-03-05 17:09:28 - [MESSAGE][PASSED] - Object 'Object Repository/CuPaDl/Icons/Icon_racing' is visible

2018-03-05 17:09:29 - [MESSAGE][PASSED] - Delayed 1 second(s)

2018-03-05 17:09:29 - [MESSAGE][PASSED] - Object: 'Object Repository/CuPaDl/Icons/Icon_racing' is clicked on

2018-03-05 17:09:32 - [MESSAGE][PASSED] - Object 'Object Repository/CuPaDl/Loading_indicator' is visible

2018-03-05 17:09:33 - [MESSAGE][PASSED] - Object 'Object Repository/CuPaDl/Loading_indicator' is NOT visible

2018-03-05 17:09:33 - [MESSAGE][WARNING] - Timeout '0' is invalid. Using default page load timeout: '30'

2018-03-05 17:09:33 - [MESSAGE][PASSED] - Width of element 'Object Repository/CuPaDl/Icons/Reposition_icon' is '40'

2018-03-05 17:09:33 - [MESSAGE][PASSED] - Height of element 'Object Repository/CuPaDl/Icons/Reposition_icon' is '40'.

2018-03-05 17:09:34 - [MESSAGE][PASSED] - Delayed 1 second(s)

2018-03-05 17:09:34 - [MESSAGE][PASSED] - cupakeysDl.iconad.iconadd is PASSED

2018-03-05 17:09:34 - [TEST_STEP][PASSED] - Statement - (step++): null

2018-03-05 17:09:34 - [TEST_STEP][PASSED] - Statement - (iconcount++): null

2018-03-05 17:09:34 - [TEST_STEP][PASSED] - cupakeysDl.iconres.iconresize: cupakeysDl.iconres.iconresize is PASSED

2018-03-05 17:09:34 - [MESSAGE][PASSED] - Object 'Object Repository/CuPaDl/Icons/Reposition_icon' is visible

2018-03-05 17:09:34 - [MESSAGE][PASSED] - Current viewport's left (x) position is 0

2018-03-05 17:09:34 - [MESSAGE][PASSED] - Current viewport's top (y) position is 54

2018-03-05 17:09:34 - [MESSAGE][PASSED] - Dragged object with id 'Object Repository/CuPaDl/Icons/Resize_icon_bottomright' by offset distance x = -125 and y = -71 successfully

2018-03-05 17:09:37 - [MESSAGE][PASSED] - Object 'Object Repository/CuPaDl/Loading_indicator' is visible

2018-03-05 17:09:38 - [MESSAGE][PASSED] - Object 'Object Repository/CuPaDl/Loading_indicator' is NOT visible

2018-03-05 17:09:40 - [MESSAGE][PASSED] - Delayed 1 second(s)

2018-03-05 17:09:40 - [MESSAGE][PASSED] - cupakeysDl.iconres.iconresize is PASSED

2018-03-05 17:09:40 - [TEST_STEP][PASSED] - Statement - (step++): null

2018-03-05 17:09:40 - [TEST_STEP][PASSED] - cupakeysDl.slink.svlink: cupakeysDl.slink.svlink is PASSED

2018-03-05 17:09:40 - [MESSAGE][PASSED] - Scroll to object 'Object Repository/CuPaDl/Save/Save' successfully

2018-03-05 17:09:41 - [MESSAGE][PASSED] - Object: 'Object Repository/CuPaDl/Save/Save' is clicked on

2018-03-05 17:09:41 - [MESSAGE][WARNING] - Timeout '0' is invalid. Using default page load timeout: '30'

2018-03-05 17:09:42 - [MESSAGE][PASSED] - Object 'Object Repository/CuPaDl/Save/CopyLink' is visible

2018-03-05 17:09:42 - [MESSAGE][PASSED] - Object: 'Object Repository/CuPaDl/Save/CopyLink' is clicked on

2018-03-05 17:09:43 - [MESSAGE][PASSED] - Delayed 1 second(s)

2018-03-05 17:09:43 - [MESSAGE][PASSED] - Object: 'Object Repository/CuPaDl/Save/Close' is clicked on

2018-03-05 17:09:44 - [MESSAGE][PASSED] - Delayed 1 second(s)

2018-03-05 17:09:44 - [MESSAGE][PASSED] - cupakeysDl.slink.svlink is PASSED

2018-03-05 17:09:44 - [TEST_STEP][PASSED] - cupakeysDl.endsession.finishsession: cupakeysDl.endsession.finishsession is PASSED

2018-03-05 17:09:47 - [MESSAGE][PASSED] - Delayed 3 second(s)

2018-03-05 17:09:48 - [MESSAGE][PASSED] - Browser is closed

2018-03-05 17:09:48 - [MESSAGE][PASSED] - cupakeysDl.endsession.finishsession is PASSED]]></system-out>
         <system-err><![CDATA[]]></system-err>
      </testcase>
      <testcase name="Test Cases/CuPaStefanie/4" classname="Test Cases/CuPaStefanie/4" status="PASSED">
         <system-out><![CDATA[2018-03-05 17:09:48 - [TEST_CASE][PASSED] - Test Cases/CuPaStefanie/4: Test Cases/CuPaStefanie/4

2018-03-05 17:09:48 - [TEST_STEP][PASSED] - Statement - timeStamp = new java.text.SimpleDateFormat(dd.MM.yyyy_HH_mm_ss).format(java.util.Calendar.getInstance().getTime()): null

2018-03-05 17:09:48 - [TEST_STEP][PASSED] - Statement - timeStampScreenshot = new java.text.SimpleDateFormat(dd.MM.yyyy).format(java.util.Calendar.getInstance().getTime()): null

2018-03-05 17:09:48 - [TEST_STEP][PASSED] - Statement - iconmap = [:]: null

2018-03-05 17:09:48 - [TEST_STEP][PASSED] - Statement - txtmap = [:]: null

2018-03-05 17:09:48 - [TEST_STEP][PASSED] - Statement - signmap = [:]: null

2018-03-05 17:09:48 - [TEST_STEP][PASSED] - cupakeysDl.initStart.initialStart: cupakeysDl.initStart.initialStart is PASSED

2018-03-05 17:09:50 - [MESSAGE][PASSED] - Browser is opened with url: ''

2018-03-05 17:09:53 - [MESSAGE][PASSED] - Delayed 3 second(s)

2018-03-05 17:09:55 - [MESSAGE][PASSED] - Navigate to 'https://d16a4dsnr8a0k1.cloudfront.net/en/2455233.html?price=150.00%20%E2%82%AC&partName=wilsonPartName&vin=wilsonVin&modelCode=XP11&paint=P0A94&modelDescription=wilsonModelDescription&additionalEquipment=wilsonAdditionalEquipment' successfully

2018-03-05 17:09:55 - [MESSAGE][PASSED] - Object 'Object Repository/CuPaDl/Loading_indicator' is visible

2018-03-05 17:10:08 - [MESSAGE][PASSED] - Object 'Object Repository/CuPaDl/Loading_indicator' is NOT visible

2018-03-05 17:10:09 - [MESSAGE][PASSED] - Delayed 1 second(s)

2018-03-05 17:10:09 - [MESSAGE][PASSED] - cupakeysDl.initStart.initialStart is PASSED

2018-03-05 17:10:09 - [TEST_STEP][PASSED] - Statement - (step++): null

2018-03-05 17:10:09 - [TEST_STEP][PASSED] - cupakeysDl.color.changecolor: cupakeysDl.color.changecolor is PASSED

2018-03-05 17:10:09 - [MESSAGE][PASSED] - Object 'Object Repository/CuPaDl/Color/Color' is visible

2018-03-05 17:10:09 - [MESSAGE][PASSED] - Object: 'Object Repository/CuPaDl/Color/Color' is clicked on

2018-03-05 17:10:09 - [MESSAGE][WARNING] - Timeout '0' is invalid. Using default page load timeout: '30'

2018-03-05 17:10:09 - [MESSAGE][PASSED] - Object 'Object Repository/CuPaDl/Color/Color_nightlightblue' is visible

2018-03-05 17:10:10 - [MESSAGE][PASSED] - Delayed 1 second(s)

2018-03-05 17:10:10 - [MESSAGE][PASSED] - Object: 'Object Repository/CuPaDl/Color/Color_nightlightblue' is clicked on

2018-03-05 17:10:13 - [MESSAGE][WARNING] - Object 'Object Repository/CuPaDl/Loading_indicator' is not visible after 3 second(s)

2018-03-05 17:10:14 - [MESSAGE][PASSED] - Delayed 1 second(s)

2018-03-05 17:10:14 - [MESSAGE][PASSED] - cupakeysDl.color.changecolor is PASSED

2018-03-05 17:10:14 - [TEST_STEP][PASSED] - Statement - (step++): null

2018-03-05 17:10:14 - [TEST_STEP][PASSED] - cupakeysDl.chngstruct.changestructure: cupakeysDl.chngstruct.changestructure is PASSED

2018-03-05 17:10:14 - [MESSAGE][PASSED] - Object 'Object Repository/CuPaDl/Structure/Structure' is visible

2018-03-05 17:10:14 - [MESSAGE][PASSED] - Object: 'Object Repository/CuPaDl/Structure/Structure' is clicked on

2018-03-05 17:10:14 - [MESSAGE][WARNING] - Timeout '0' is invalid. Using default page load timeout: '30'

2018-03-05 17:10:14 - [MESSAGE][PASSED] - Object 'Object Repository/CuPaDl/Structure/Structure_Hahnentritt' is visible

2018-03-05 17:10:15 - [MESSAGE][PASSED] - Delayed 1 second(s)

2018-03-05 17:10:15 - [MESSAGE][PASSED] - Object: 'Object Repository/CuPaDl/Structure/Structure_chess' is clicked on

2018-03-05 17:10:17 - [MESSAGE][PASSED] - Object 'Object Repository/CuPaDl/Loading_indicator' is visible

2018-03-05 17:10:20 - [MESSAGE][PASSED] - Object 'Object Repository/CuPaDl/Loading_indicator' is NOT visible

2018-03-05 17:10:21 - [MESSAGE][PASSED] - Delayed 1 second(s)

2018-03-05 17:10:21 - [MESSAGE][PASSED] - cupakeysDl.chngstruct.changestructure is PASSED

2018-03-05 17:10:21 - [TEST_STEP][PASSED] - Statement - (step++): null

2018-03-05 17:10:21 - [TEST_STEP][PASSED] - cupakeysDl.sclstruct.scalestructure: cupakeysDl.sclstruct.scalestructure is PASSED

2018-03-05 17:10:24 - [MESSAGE][WARNING] - Object 'Object Repository/CuPaDl/Structure/Resize_Structure_bottomright' is not visible after 3 second(s)

2018-03-05 17:10:24 - [MESSAGE][PASSED] - Object: 'Object Repository/CuPaDl/Structure/Resize_Structure' is clicked on

2018-03-05 17:10:24 - [MESSAGE][WARNING] - Timeout '0' is invalid. Using default page load timeout: '30'

2018-03-05 17:10:24 - [MESSAGE][PASSED] - Object 'Object Repository/CuPaDl/Structure/Resize_Structure_bottomright' is visible

2018-03-05 17:10:25 - [MESSAGE][PASSED] - Delayed 1 second(s)

2018-03-05 17:10:25 - [MESSAGE][PASSED] - Current viewport's left (x) position is 0

2018-03-05 17:10:25 - [MESSAGE][PASSED] - Current viewport's top (y) position is 54

2018-03-05 17:10:25 - [MESSAGE][PASSED] - Dragged object with id 'Object Repository/CuPaDl/Structure/Resize_Structure_bottomright' by offset distance x = 225 and y = 279 successfully

2018-03-05 17:10:27 - [MESSAGE][PASSED] - Object 'Object Repository/CuPaDl/Loading_indicator' is visible

2018-03-05 17:10:28 - [MESSAGE][PASSED] - Object 'Object Repository/CuPaDl/Loading_indicator' is NOT visible

2018-03-05 17:10:29 - [MESSAGE][PASSED] - Delayed 1 second(s)

2018-03-05 17:10:29 - [MESSAGE][PASSED] - cupakeysDl.sclstruct.scalestructure is PASSED

2018-03-05 17:10:29 - [TEST_STEP][PASSED] - Statement - (step++): null

2018-03-05 17:10:29 - [TEST_STEP][PASSED] - Statement - iconmap += CustomKeywords.cupakeysDl.iconad.iconadd("racing", LoadTimeCorrector, step, run, device, timeStamp, iconcount): cupakeysDl.iconad.iconadd is PASSED

2018-03-05 17:10:29 - [MESSAGE][PASSED] - Object 'Object Repository/CuPaDl/Icons/Icon' is visible

2018-03-05 17:10:29 - [MESSAGE][PASSED] - Object: 'Object Repository/CuPaDl/Icons/Icon' is clicked on

2018-03-05 17:10:29 - [MESSAGE][WARNING] - Timeout '0' is invalid. Using default page load timeout: '30'

2018-03-05 17:10:29 - [MESSAGE][PASSED] - Object 'Object Repository/CuPaDl/Icons/Icon_racing' is visible

2018-03-05 17:10:30 - [MESSAGE][PASSED] - Delayed 1 second(s)

2018-03-05 17:10:30 - [MESSAGE][PASSED] - Object: 'Object Repository/CuPaDl/Icons/Icon_racing' is clicked on

2018-03-05 17:10:33 - [MESSAGE][PASSED] - Object 'Object Repository/CuPaDl/Loading_indicator' is visible

2018-03-05 17:10:34 - [MESSAGE][PASSED] - Object 'Object Repository/CuPaDl/Loading_indicator' is NOT visible

2018-03-05 17:10:34 - [MESSAGE][WARNING] - Timeout '0' is invalid. Using default page load timeout: '30'

2018-03-05 17:10:34 - [MESSAGE][PASSED] - Width of element 'Object Repository/CuPaDl/Icons/Reposition_icon' is '40'

2018-03-05 17:10:34 - [MESSAGE][PASSED] - Height of element 'Object Repository/CuPaDl/Icons/Reposition_icon' is '40'.

2018-03-05 17:10:35 - [MESSAGE][PASSED] - Delayed 1 second(s)

2018-03-05 17:10:35 - [MESSAGE][PASSED] - cupakeysDl.iconad.iconadd is PASSED

2018-03-05 17:10:35 - [TEST_STEP][PASSED] - Statement - (step++): null

2018-03-05 17:10:35 - [TEST_STEP][PASSED] - Statement - (iconcount++): null

2018-03-05 17:10:35 - [TEST_STEP][PASSED] - cupakeysDl.iconres.iconresize: cupakeysDl.iconres.iconresize is PASSED

2018-03-05 17:10:35 - [MESSAGE][PASSED] - Object 'Object Repository/CuPaDl/Icons/Reposition_icon' is visible

2018-03-05 17:10:35 - [MESSAGE][PASSED] - Current viewport's left (x) position is 0

2018-03-05 17:10:35 - [MESSAGE][PASSED] - Current viewport's top (y) position is 54

2018-03-05 17:10:35 - [MESSAGE][PASSED] - Dragged object with id 'Object Repository/CuPaDl/Icons/Resize_icon_bottomright' by offset distance x = 125 and y = 179 successfully

2018-03-05 17:10:38 - [MESSAGE][PASSED] - Object 'Object Repository/CuPaDl/Loading_indicator' is visible

2018-03-05 17:10:39 - [MESSAGE][PASSED] - Object 'Object Repository/CuPaDl/Loading_indicator' is NOT visible

2018-03-05 17:10:40 - [MESSAGE][PASSED] - Delayed 1 second(s)

2018-03-05 17:10:40 - [MESSAGE][PASSED] - cupakeysDl.iconres.iconresize is PASSED

2018-03-05 17:10:40 - [TEST_STEP][PASSED] - Statement - (step++): null

2018-03-05 17:10:40 - [TEST_STEP][PASSED] - cupakeysDl.slink.svlink: cupakeysDl.slink.svlink is PASSED

2018-03-05 17:10:40 - [MESSAGE][PASSED] - Scroll to object 'Object Repository/CuPaDl/Save/Save' successfully

2018-03-05 17:10:40 - [MESSAGE][PASSED] - Object: 'Object Repository/CuPaDl/Save/Save' is clicked on

2018-03-05 17:10:40 - [MESSAGE][WARNING] - Timeout '0' is invalid. Using default page load timeout: '30'

2018-03-05 17:10:42 - [MESSAGE][PASSED] - Object 'Object Repository/CuPaDl/Save/CopyLink' is visible

2018-03-05 17:10:42 - [MESSAGE][PASSED] - Object: 'Object Repository/CuPaDl/Save/CopyLink' is clicked on

2018-03-05 17:10:43 - [MESSAGE][PASSED] - Delayed 1 second(s)

2018-03-05 17:10:43 - [MESSAGE][PASSED] - Object: 'Object Repository/CuPaDl/Save/Close' is clicked on

2018-03-05 17:10:44 - [MESSAGE][PASSED] - Delayed 1 second(s)

2018-03-05 17:10:44 - [MESSAGE][PASSED] - cupakeysDl.slink.svlink is PASSED

2018-03-05 17:10:44 - [TEST_STEP][PASSED] - cupakeysDl.endsession.finishsession: cupakeysDl.endsession.finishsession is PASSED

2018-03-05 17:10:47 - [MESSAGE][PASSED] - Delayed 3 second(s)

2018-03-05 17:10:48 - [MESSAGE][PASSED] - Browser is closed

2018-03-05 17:10:48 - [MESSAGE][PASSED] - cupakeysDl.endsession.finishsession is PASSED]]></system-out>
         <system-err><![CDATA[]]></system-err>
      </testcase>
      <testcase name="Test Cases/CuPaStefanie/5" classname="Test Cases/CuPaStefanie/5" status="PASSED">
         <system-out><![CDATA[2018-03-05 17:10:48 - [TEST_CASE][PASSED] - Test Cases/CuPaStefanie/5: Test Cases/CuPaStefanie/5

2018-03-05 17:10:48 - [TEST_STEP][PASSED] - Statement - timeStamp = new java.text.SimpleDateFormat(dd.MM.yyyy_HH_mm_ss).format(java.util.Calendar.getInstance().getTime()): null

2018-03-05 17:10:48 - [TEST_STEP][PASSED] - Statement - timeStampScreenshot = new java.text.SimpleDateFormat(dd.MM.yyyy).format(java.util.Calendar.getInstance().getTime()): null

2018-03-05 17:10:48 - [TEST_STEP][PASSED] - Statement - iconmap = [:]: null

2018-03-05 17:10:48 - [TEST_STEP][PASSED] - Statement - txtmap = [:]: null

2018-03-05 17:10:48 - [TEST_STEP][PASSED] - Statement - signmap = [:]: null

2018-03-05 17:10:48 - [TEST_STEP][PASSED] - cupakeysDl.initStart.initialStart: cupakeysDl.initStart.initialStart is PASSED

2018-03-05 17:10:50 - [MESSAGE][PASSED] - Browser is opened with url: ''

2018-03-05 17:10:53 - [MESSAGE][PASSED] - Delayed 3 second(s)

2018-03-05 17:10:54 - [MESSAGE][PASSED] - Navigate to 'https://d16a4dsnr8a0k1.cloudfront.net/en/2455233.html?price=150.00%20%E2%82%AC&partName=wilsonPartName&vin=wilsonVin&modelCode=XP11&paint=P0A94&modelDescription=wilsonModelDescription&additionalEquipment=wilsonAdditionalEquipment' successfully

2018-03-05 17:10:54 - [MESSAGE][PASSED] - Object 'Object Repository/CuPaDl/Loading_indicator' is visible

2018-03-05 17:11:08 - [MESSAGE][PASSED] - Object 'Object Repository/CuPaDl/Loading_indicator' is NOT visible

2018-03-05 17:11:09 - [MESSAGE][PASSED] - Delayed 1 second(s)

2018-03-05 17:11:09 - [MESSAGE][PASSED] - cupakeysDl.initStart.initialStart is PASSED

2018-03-05 17:11:09 - [TEST_STEP][PASSED] - Statement - (step++): null

2018-03-05 17:11:09 - [TEST_STEP][PASSED] - cupakeysDl.color.changecolor: cupakeysDl.color.changecolor is PASSED

2018-03-05 17:11:09 - [MESSAGE][PASSED] - Object 'Object Repository/CuPaDl/Color/Color' is visible

2018-03-05 17:11:10 - [MESSAGE][PASSED] - Object: 'Object Repository/CuPaDl/Color/Color' is clicked on

2018-03-05 17:11:10 - [MESSAGE][WARNING] - Timeout '0' is invalid. Using default page load timeout: '30'

2018-03-05 17:11:10 - [MESSAGE][PASSED] - Object 'Object Repository/CuPaDl/Color/Color_solartsorange' is visible

2018-03-05 17:11:11 - [MESSAGE][PASSED] - Delayed 1 second(s)

2018-03-05 17:11:11 - [MESSAGE][PASSED] - Object: 'Object Repository/CuPaDl/Color/Color_solartsorange' is clicked on

2018-03-05 17:11:13 - [MESSAGE][PASSED] - Object 'Object Repository/CuPaDl/Loading_indicator' is visible

2018-03-05 17:11:14 - [MESSAGE][PASSED] - Object 'Object Repository/CuPaDl/Loading_indicator' is NOT visible

2018-03-05 17:11:15 - [MESSAGE][PASSED] - Delayed 1 second(s)

2018-03-05 17:11:15 - [MESSAGE][PASSED] - cupakeysDl.color.changecolor is PASSED

2018-03-05 17:11:15 - [TEST_STEP][PASSED] - Statement - (step++): null

2018-03-05 17:11:15 - [TEST_STEP][PASSED] - cupakeysDl.chngstruct.changestructure: cupakeysDl.chngstruct.changestructure is PASSED

2018-03-05 17:11:15 - [MESSAGE][PASSED] - Object 'Object Repository/CuPaDl/Structure/Structure' is visible

2018-03-05 17:11:15 - [MESSAGE][PASSED] - Object: 'Object Repository/CuPaDl/Structure/Structure' is clicked on

2018-03-05 17:11:15 - [MESSAGE][WARNING] - Timeout '0' is invalid. Using default page load timeout: '30'

2018-03-05 17:11:15 - [MESSAGE][PASSED] - Object 'Object Repository/CuPaDl/Structure/Structure_Hahnentritt' is visible

2018-03-05 17:11:16 - [MESSAGE][PASSED] - Delayed 1 second(s)

2018-03-05 17:11:16 - [MESSAGE][PASSED] - Object: 'Object Repository/CuPaDl/Structure/Structure_angles' is clicked on

2018-03-05 17:11:17 - [MESSAGE][PASSED] - Object 'Object Repository/CuPaDl/Loading_indicator' is visible

2018-03-05 17:11:23 - [MESSAGE][PASSED] - Object 'Object Repository/CuPaDl/Loading_indicator' is NOT visible

2018-03-05 17:11:24 - [MESSAGE][PASSED] - Delayed 1 second(s)

2018-03-05 17:11:24 - [MESSAGE][PASSED] - cupakeysDl.chngstruct.changestructure is PASSED

2018-03-05 17:11:24 - [TEST_STEP][PASSED] - Statement - (step++): null

2018-03-05 17:11:24 - [TEST_STEP][PASSED] - cupakeysDl.sclstruct.scalestructure: cupakeysDl.sclstruct.scalestructure is PASSED

2018-03-05 17:11:27 - [MESSAGE][WARNING] - Object 'Object Repository/CuPaDl/Structure/Resize_Structure_bottomright' is not visible after 3 second(s)

2018-03-05 17:11:27 - [MESSAGE][PASSED] - Object: 'Object Repository/CuPaDl/Structure/Resize_Structure' is clicked on

2018-03-05 17:11:27 - [MESSAGE][WARNING] - Timeout '0' is invalid. Using default page load timeout: '30'

2018-03-05 17:11:27 - [MESSAGE][PASSED] - Object 'Object Repository/CuPaDl/Structure/Resize_Structure_bottomright' is visible

2018-03-05 17:11:28 - [MESSAGE][PASSED] - Delayed 1 second(s)

2018-03-05 17:11:28 - [MESSAGE][PASSED] - Current viewport's left (x) position is 0

2018-03-05 17:11:28 - [MESSAGE][PASSED] - Current viewport's top (y) position is 54

2018-03-05 17:11:28 - [MESSAGE][PASSED] - Dragged object with id 'Object Repository/CuPaDl/Structure/Resize_Structure_bottomright' by offset distance x = -225 and y = -171 successfully

2018-03-05 17:11:29 - [MESSAGE][PASSED] - Object 'Object Repository/CuPaDl/Loading_indicator' is visible

2018-03-05 17:11:36 - [MESSAGE][PASSED] - Object 'Object Repository/CuPaDl/Loading_indicator' is NOT visible

2018-03-05 17:11:37 - [MESSAGE][PASSED] - Delayed 1 second(s)

2018-03-05 17:11:37 - [MESSAGE][PASSED] - cupakeysDl.sclstruct.scalestructure is PASSED

2018-03-05 17:11:37 - [TEST_STEP][PASSED] - Statement - (step++): null

2018-03-05 17:11:37 - [TEST_STEP][PASSED] - Statement - iconmap += CustomKeywords.cupakeysDl.iconad.iconadd("compass", LoadTimeCorrector, step, run, device, timeStamp, iconcount): cupakeysDl.iconad.iconadd is PASSED

2018-03-05 17:11:37 - [MESSAGE][PASSED] - Object 'Object Repository/CuPaDl/Icons/Icon' is visible

2018-03-05 17:11:37 - [MESSAGE][PASSED] - Object: 'Object Repository/CuPaDl/Icons/Icon' is clicked on

2018-03-05 17:11:37 - [MESSAGE][WARNING] - Timeout '0' is invalid. Using default page load timeout: '30'

2018-03-05 17:11:37 - [MESSAGE][PASSED] - Object 'Object Repository/CuPaDl/Icons/Icon_compass' is visible

2018-03-05 17:11:38 - [MESSAGE][PASSED] - Delayed 1 second(s)

2018-03-05 17:11:38 - [MESSAGE][PASSED] - Object: 'Object Repository/CuPaDl/Icons/Icon_compass' is clicked on

2018-03-05 17:11:40 - [MESSAGE][PASSED] - Object 'Object Repository/CuPaDl/Loading_indicator' is visible

2018-03-05 17:11:46 - [MESSAGE][PASSED] - Object 'Object Repository/CuPaDl/Loading_indicator' is NOT visible

2018-03-05 17:11:46 - [MESSAGE][WARNING] - Timeout '0' is invalid. Using default page load timeout: '30'

2018-03-05 17:11:46 - [MESSAGE][PASSED] - Width of element 'Object Repository/CuPaDl/Icons/Reposition_icon' is '40'

2018-03-05 17:11:46 - [MESSAGE][PASSED] - Height of element 'Object Repository/CuPaDl/Icons/Reposition_icon' is '40'.

2018-03-05 17:11:47 - [MESSAGE][PASSED] - Delayed 1 second(s)

2018-03-05 17:11:47 - [MESSAGE][PASSED] - cupakeysDl.iconad.iconadd is PASSED

2018-03-05 17:11:47 - [TEST_STEP][PASSED] - Statement - (step++): null

2018-03-05 17:11:47 - [TEST_STEP][PASSED] - Statement - (iconcount++): null

2018-03-05 17:11:47 - [TEST_STEP][PASSED] - cupakeysDl.iconres.iconresize: cupakeysDl.iconres.iconresize is PASSED

2018-03-05 17:11:47 - [MESSAGE][PASSED] - Object 'Object Repository/CuPaDl/Icons/Reposition_icon' is visible

2018-03-05 17:11:47 - [MESSAGE][PASSED] - Current viewport's left (x) position is 0

2018-03-05 17:11:47 - [MESSAGE][PASSED] - Current viewport's top (y) position is 54

2018-03-05 17:11:47 - [MESSAGE][PASSED] - Dragged object with id 'Object Repository/CuPaDl/Icons/Resize_icon_bottomright' by offset distance x = -125 and y = -71 successfully

2018-03-05 17:11:48 - [MESSAGE][PASSED] - Object 'Object Repository/CuPaDl/Loading_indicator' is visible

2018-03-05 17:11:55 - [MESSAGE][PASSED] - Object 'Object Repository/CuPaDl/Loading_indicator' is NOT visible

2018-03-05 17:11:56 - [MESSAGE][PASSED] - Delayed 1 second(s)

2018-03-05 17:11:56 - [MESSAGE][PASSED] - cupakeysDl.iconres.iconresize is PASSED

2018-03-05 17:11:56 - [TEST_STEP][PASSED] - Statement - (step++): null

2018-03-05 17:11:56 - [TEST_STEP][PASSED] - cupakeysDl.slink.svlink: cupakeysDl.slink.svlink is PASSED

2018-03-05 17:11:56 - [MESSAGE][PASSED] - Scroll to object 'Object Repository/CuPaDl/Save/Save' successfully

2018-03-05 17:11:56 - [MESSAGE][PASSED] - Object: 'Object Repository/CuPaDl/Save/Save' is clicked on

2018-03-05 17:11:56 - [MESSAGE][WARNING] - Timeout '0' is invalid. Using default page load timeout: '30'

2018-03-05 17:11:59 - [MESSAGE][PASSED] - Object 'Object Repository/CuPaDl/Save/CopyLink' is visible

2018-03-05 17:11:59 - [MESSAGE][PASSED] - Object: 'Object Repository/CuPaDl/Save/CopyLink' is clicked on

2018-03-05 17:12:00 - [MESSAGE][PASSED] - Delayed 1 second(s)

2018-03-05 17:12:00 - [MESSAGE][PASSED] - Object: 'Object Repository/CuPaDl/Save/Close' is clicked on

2018-03-05 17:12:01 - [MESSAGE][PASSED] - Delayed 1 second(s)

2018-03-05 17:12:01 - [MESSAGE][PASSED] - cupakeysDl.slink.svlink is PASSED

2018-03-05 17:12:01 - [TEST_STEP][PASSED] - cupakeysDl.endsession.finishsession: cupakeysDl.endsession.finishsession is PASSED

2018-03-05 17:12:04 - [MESSAGE][PASSED] - Delayed 3 second(s)

2018-03-05 17:12:04 - [MESSAGE][PASSED] - Browser is closed

2018-03-05 17:12:04 - [MESSAGE][PASSED] - cupakeysDl.endsession.finishsession is PASSED]]></system-out>
         <system-err><![CDATA[]]></system-err>
      </testcase>
      <testcase name="Test Cases/CuPaStefanie/6" classname="Test Cases/CuPaStefanie/6" status="PASSED">
         <system-out><![CDATA[2018-03-05 17:12:04 - [TEST_CASE][PASSED] - Test Cases/CuPaStefanie/6: Test Cases/CuPaStefanie/6

2018-03-05 17:12:05 - [TEST_STEP][PASSED] - Statement - timeStamp = new java.text.SimpleDateFormat(dd.MM.yyyy_HH_mm_ss).format(java.util.Calendar.getInstance().getTime()): null

2018-03-05 17:12:05 - [TEST_STEP][PASSED] - Statement - timeStampScreenshot = new java.text.SimpleDateFormat(dd.MM.yyyy).format(java.util.Calendar.getInstance().getTime()): null

2018-03-05 17:12:05 - [TEST_STEP][PASSED] - Statement - iconmap = [:]: null

2018-03-05 17:12:05 - [TEST_STEP][PASSED] - Statement - txtmap = [:]: null

2018-03-05 17:12:05 - [TEST_STEP][PASSED] - Statement - signmap = [:]: null

2018-03-05 17:12:05 - [TEST_STEP][PASSED] - cupakeysDl.initStart.initialStart: cupakeysDl.initStart.initialStart is PASSED

2018-03-05 17:12:07 - [MESSAGE][PASSED] - Browser is opened with url: ''

2018-03-05 17:12:10 - [MESSAGE][PASSED] - Delayed 3 second(s)

2018-03-05 17:12:11 - [MESSAGE][PASSED] - Navigate to 'https://d16a4dsnr8a0k1.cloudfront.net/en/2455233.html?price=150.00%20%E2%82%AC&partName=wilsonPartName&vin=wilsonVin&modelCode=XP11&paint=P0A94&modelDescription=wilsonModelDescription&additionalEquipment=wilsonAdditionalEquipment' successfully

2018-03-05 17:12:11 - [MESSAGE][PASSED] - Object 'Object Repository/CuPaDl/Loading_indicator' is visible

2018-03-05 17:12:23 - [MESSAGE][PASSED] - Object 'Object Repository/CuPaDl/Loading_indicator' is NOT visible

2018-03-05 17:12:24 - [MESSAGE][PASSED] - Delayed 1 second(s)

2018-03-05 17:12:24 - [MESSAGE][PASSED] - cupakeysDl.initStart.initialStart is PASSED

2018-03-05 17:12:24 - [TEST_STEP][PASSED] - Statement - (step++): null

2018-03-05 17:12:24 - [TEST_STEP][PASSED] - cupakeysDl.color.changecolor: cupakeysDl.color.changecolor is PASSED

2018-03-05 17:12:24 - [MESSAGE][PASSED] - Object 'Object Repository/CuPaDl/Color/Color' is visible

2018-03-05 17:12:24 - [MESSAGE][PASSED] - Object: 'Object Repository/CuPaDl/Color/Color' is clicked on

2018-03-05 17:12:24 - [MESSAGE][WARNING] - Timeout '0' is invalid. Using default page load timeout: '30'

2018-03-05 17:12:24 - [MESSAGE][PASSED] - Object 'Object Repository/CuPaDl/Color/Color_solartsorange' is visible

2018-03-05 17:12:25 - [MESSAGE][PASSED] - Delayed 1 second(s)

2018-03-05 17:12:25 - [MESSAGE][PASSED] - Object: 'Object Repository/CuPaDl/Color/Color_solartsorange' is clicked on

2018-03-05 17:12:28 - [MESSAGE][PASSED] - Object 'Object Repository/CuPaDl/Loading_indicator' is visible

2018-03-05 17:12:29 - [MESSAGE][PASSED] - Object 'Object Repository/CuPaDl/Loading_indicator' is NOT visible

2018-03-05 17:12:30 - [MESSAGE][PASSED] - Delayed 1 second(s)

2018-03-05 17:12:30 - [MESSAGE][PASSED] - cupakeysDl.color.changecolor is PASSED

2018-03-05 17:12:30 - [TEST_STEP][PASSED] - Statement - (step++): null

2018-03-05 17:12:30 - [TEST_STEP][PASSED] - cupakeysDl.chngstruct.changestructure: cupakeysDl.chngstruct.changestructure is PASSED

2018-03-05 17:12:30 - [MESSAGE][PASSED] - Object 'Object Repository/CuPaDl/Structure/Structure' is visible

2018-03-05 17:12:30 - [MESSAGE][PASSED] - Object: 'Object Repository/CuPaDl/Structure/Structure' is clicked on

2018-03-05 17:12:30 - [MESSAGE][WARNING] - Timeout '0' is invalid. Using default page load timeout: '30'

2018-03-05 17:12:30 - [MESSAGE][PASSED] - Object 'Object Repository/CuPaDl/Structure/Structure_Hahnentritt' is visible

2018-03-05 17:12:31 - [MESSAGE][PASSED] - Delayed 1 second(s)

2018-03-05 17:12:31 - [MESSAGE][PASSED] - Object: 'Object Repository/CuPaDl/Structure/Structure_angles' is clicked on

2018-03-05 17:12:32 - [MESSAGE][PASSED] - Object 'Object Repository/CuPaDl/Loading_indicator' is visible

2018-03-05 17:12:39 - [MESSAGE][PASSED] - Object 'Object Repository/CuPaDl/Loading_indicator' is NOT visible

2018-03-05 17:12:40 - [MESSAGE][PASSED] - Delayed 1 second(s)

2018-03-05 17:12:40 - [MESSAGE][PASSED] - cupakeysDl.chngstruct.changestructure is PASSED

2018-03-05 17:12:40 - [TEST_STEP][PASSED] - Statement - (step++): null

2018-03-05 17:12:40 - [TEST_STEP][PASSED] - cupakeysDl.sclstruct.scalestructure: cupakeysDl.sclstruct.scalestructure is PASSED

2018-03-05 17:12:43 - [MESSAGE][WARNING] - Object 'Object Repository/CuPaDl/Structure/Resize_Structure_bottomright' is not visible after 3 second(s)

2018-03-05 17:12:43 - [MESSAGE][PASSED] - Object: 'Object Repository/CuPaDl/Structure/Resize_Structure' is clicked on

2018-03-05 17:12:43 - [MESSAGE][WARNING] - Timeout '0' is invalid. Using default page load timeout: '30'

2018-03-05 17:12:43 - [MESSAGE][PASSED] - Object 'Object Repository/CuPaDl/Structure/Resize_Structure_bottomright' is visible

2018-03-05 17:12:44 - [MESSAGE][PASSED] - Delayed 1 second(s)

2018-03-05 17:12:44 - [MESSAGE][PASSED] - Current viewport's left (x) position is 0

2018-03-05 17:12:44 - [MESSAGE][PASSED] - Current viewport's top (y) position is 54

2018-03-05 17:12:44 - [MESSAGE][PASSED] - Dragged object with id 'Object Repository/CuPaDl/Structure/Resize_Structure_bottomright' by offset distance x = 225 and y = 279 successfully

2018-03-05 17:12:45 - [MESSAGE][PASSED] - Object 'Object Repository/CuPaDl/Loading_indicator' is visible

2018-03-05 17:12:50 - [MESSAGE][PASSED] - Object 'Object Repository/CuPaDl/Loading_indicator' is NOT visible

2018-03-05 17:12:51 - [MESSAGE][PASSED] - Delayed 1 second(s)

2018-03-05 17:12:51 - [MESSAGE][PASSED] - cupakeysDl.sclstruct.scalestructure is PASSED

2018-03-05 17:12:51 - [TEST_STEP][PASSED] - Statement - (step++): null

2018-03-05 17:12:51 - [TEST_STEP][PASSED] - Statement - iconmap += CustomKeywords.cupakeysDl.iconad.iconadd("compass", LoadTimeCorrector, step, run, device, timeStamp, iconcount): cupakeysDl.iconad.iconadd is PASSED

2018-03-05 17:12:51 - [MESSAGE][PASSED] - Object 'Object Repository/CuPaDl/Icons/Icon' is visible

2018-03-05 17:12:51 - [MESSAGE][PASSED] - Object: 'Object Repository/CuPaDl/Icons/Icon' is clicked on

2018-03-05 17:12:51 - [MESSAGE][WARNING] - Timeout '0' is invalid. Using default page load timeout: '30'

2018-03-05 17:12:51 - [MESSAGE][PASSED] - Object 'Object Repository/CuPaDl/Icons/Icon_compass' is visible

2018-03-05 17:12:52 - [MESSAGE][PASSED] - Delayed 1 second(s)

2018-03-05 17:12:52 - [MESSAGE][PASSED] - Object: 'Object Repository/CuPaDl/Icons/Icon_compass' is clicked on

2018-03-05 17:12:53 - [MESSAGE][PASSED] - Object 'Object Repository/CuPaDl/Loading_indicator' is visible

2018-03-05 17:12:59 - [MESSAGE][PASSED] - Object 'Object Repository/CuPaDl/Loading_indicator' is NOT visible

2018-03-05 17:12:59 - [MESSAGE][WARNING] - Timeout '0' is invalid. Using default page load timeout: '30'

2018-03-05 17:12:59 - [MESSAGE][PASSED] - Width of element 'Object Repository/CuPaDl/Icons/Reposition_icon' is '40'

2018-03-05 17:12:59 - [MESSAGE][PASSED] - Height of element 'Object Repository/CuPaDl/Icons/Reposition_icon' is '40'.

2018-03-05 17:13:00 - [MESSAGE][PASSED] - Delayed 1 second(s)

2018-03-05 17:13:00 - [MESSAGE][PASSED] - cupakeysDl.iconad.iconadd is PASSED

2018-03-05 17:13:00 - [TEST_STEP][PASSED] - Statement - (step++): null

2018-03-05 17:13:00 - [TEST_STEP][PASSED] - Statement - (iconcount++): null

2018-03-05 17:13:00 - [TEST_STEP][PASSED] - cupakeysDl.iconres.iconresize: cupakeysDl.iconres.iconresize is PASSED

2018-03-05 17:13:00 - [MESSAGE][PASSED] - Object 'Object Repository/CuPaDl/Icons/Reposition_icon' is visible

2018-03-05 17:13:00 - [MESSAGE][PASSED] - Current viewport's left (x) position is 0

2018-03-05 17:13:00 - [MESSAGE][PASSED] - Current viewport's top (y) position is 54

2018-03-05 17:13:00 - [MESSAGE][PASSED] - Dragged object with id 'Object Repository/CuPaDl/Icons/Resize_icon_bottomright' by offset distance x = 125 and y = 179 successfully

2018-03-05 17:13:01 - [MESSAGE][PASSED] - Object 'Object Repository/CuPaDl/Loading_indicator' is visible

2018-03-05 17:13:06 - [MESSAGE][PASSED] - Object 'Object Repository/CuPaDl/Loading_indicator' is NOT visible

2018-03-05 17:13:07 - [MESSAGE][PASSED] - Delayed 1 second(s)

2018-03-05 17:13:07 - [MESSAGE][PASSED] - cupakeysDl.iconres.iconresize is PASSED

2018-03-05 17:13:07 - [TEST_STEP][PASSED] - Statement - (step++): null

2018-03-05 17:13:07 - [TEST_STEP][PASSED] - cupakeysDl.slink.svlink: cupakeysDl.slink.svlink is PASSED

2018-03-05 17:13:07 - [MESSAGE][PASSED] - Scroll to object 'Object Repository/CuPaDl/Save/Save' successfully

2018-03-05 17:13:08 - [MESSAGE][PASSED] - Object: 'Object Repository/CuPaDl/Save/Save' is clicked on

2018-03-05 17:13:08 - [MESSAGE][WARNING] - Timeout '0' is invalid. Using default page load timeout: '30'

2018-03-05 17:13:09 - [MESSAGE][PASSED] - Object 'Object Repository/CuPaDl/Save/CopyLink' is visible

2018-03-05 17:13:09 - [MESSAGE][PASSED] - Object: 'Object Repository/CuPaDl/Save/CopyLink' is clicked on

2018-03-05 17:13:10 - [MESSAGE][PASSED] - Delayed 1 second(s)

2018-03-05 17:13:10 - [MESSAGE][PASSED] - Object: 'Object Repository/CuPaDl/Save/Close' is clicked on

2018-03-05 17:13:11 - [MESSAGE][PASSED] - Delayed 1 second(s)

2018-03-05 17:13:11 - [MESSAGE][PASSED] - cupakeysDl.slink.svlink is PASSED

2018-03-05 17:13:11 - [TEST_STEP][PASSED] - cupakeysDl.endsession.finishsession: cupakeysDl.endsession.finishsession is PASSED

2018-03-05 17:13:14 - [MESSAGE][PASSED] - Delayed 3 second(s)

2018-03-05 17:13:15 - [MESSAGE][PASSED] - Browser is closed

2018-03-05 17:13:15 - [MESSAGE][PASSED] - cupakeysDl.endsession.finishsession is PASSED]]></system-out>
         <system-err><![CDATA[]]></system-err>
      </testcase>
      <testcase name="Test Cases/CuPaStefanie/7" classname="Test Cases/CuPaStefanie/7" status="PASSED">
         <system-out><![CDATA[2018-03-05 17:13:15 - [TEST_CASE][PASSED] - Test Cases/CuPaStefanie/7: Test Cases/CuPaStefanie/7

2018-03-05 17:13:15 - [TEST_STEP][PASSED] - Statement - timeStamp = new java.text.SimpleDateFormat(dd.MM.yyyy_HH_mm_ss).format(java.util.Calendar.getInstance().getTime()): null

2018-03-05 17:13:15 - [TEST_STEP][PASSED] - Statement - timeStampScreenshot = new java.text.SimpleDateFormat(dd.MM.yyyy).format(java.util.Calendar.getInstance().getTime()): null

2018-03-05 17:13:15 - [TEST_STEP][PASSED] - Statement - iconmap = [:]: null

2018-03-05 17:13:15 - [TEST_STEP][PASSED] - Statement - txtmap = [:]: null

2018-03-05 17:13:15 - [TEST_STEP][PASSED] - Statement - signmap = [:]: null

2018-03-05 17:13:15 - [TEST_STEP][PASSED] - cupakeysDl.initStart.initialStart: cupakeysDl.initStart.initialStart is PASSED

2018-03-05 17:13:17 - [MESSAGE][PASSED] - Browser is opened with url: ''

2018-03-05 17:13:20 - [MESSAGE][PASSED] - Delayed 3 second(s)

2018-03-05 17:13:21 - [MESSAGE][PASSED] - Navigate to 'https://d16a4dsnr8a0k1.cloudfront.net/en/2455233.html?price=150.00%20%E2%82%AC&partName=wilsonPartName&vin=wilsonVin&modelCode=XP11&paint=P0A94&modelDescription=wilsonModelDescription&additionalEquipment=wilsonAdditionalEquipment' successfully

2018-03-05 17:13:22 - [MESSAGE][PASSED] - Object 'Object Repository/CuPaDl/Loading_indicator' is visible

2018-03-05 17:13:34 - [MESSAGE][PASSED] - Object 'Object Repository/CuPaDl/Loading_indicator' is NOT visible

2018-03-05 17:13:35 - [MESSAGE][PASSED] - Delayed 1 second(s)

2018-03-05 17:13:35 - [MESSAGE][PASSED] - cupakeysDl.initStart.initialStart is PASSED

2018-03-05 17:13:35 - [TEST_STEP][PASSED] - Statement - (step++): null

2018-03-05 17:13:35 - [TEST_STEP][PASSED] - cupakeysDl.color.changecolor: cupakeysDl.color.changecolor is PASSED

2018-03-05 17:13:35 - [MESSAGE][PASSED] - Object 'Object Repository/CuPaDl/Color/Color' is visible

2018-03-05 17:13:35 - [MESSAGE][PASSED] - Object: 'Object Repository/CuPaDl/Color/Color' is clicked on

2018-03-05 17:13:35 - [MESSAGE][WARNING] - Timeout '0' is invalid. Using default page load timeout: '30'

2018-03-05 17:13:35 - [MESSAGE][PASSED] - Object 'Object Repository/CuPaDl/Color/Color_electricblue' is visible

2018-03-05 17:13:36 - [MESSAGE][PASSED] - Delayed 1 second(s)

2018-03-05 17:13:36 - [MESSAGE][PASSED] - Object: 'Object Repository/CuPaDl/Color/Color_electricblue' is clicked on

2018-03-05 17:13:40 - [MESSAGE][WARNING] - Object 'Object Repository/CuPaDl/Loading_indicator' is not visible after 3 second(s)

2018-03-05 17:13:41 - [MESSAGE][PASSED] - Delayed 1 second(s)

2018-03-05 17:13:41 - [MESSAGE][PASSED] - cupakeysDl.color.changecolor is PASSED

2018-03-05 17:13:41 - [TEST_STEP][PASSED] - Statement - (step++): null

2018-03-05 17:13:41 - [TEST_STEP][PASSED] - cupakeysDl.chngstruct.changestructure: cupakeysDl.chngstruct.changestructure is PASSED

2018-03-05 17:13:41 - [MESSAGE][PASSED] - Object 'Object Repository/CuPaDl/Structure/Structure' is visible

2018-03-05 17:13:41 - [MESSAGE][PASSED] - Object: 'Object Repository/CuPaDl/Structure/Structure' is clicked on

2018-03-05 17:13:41 - [MESSAGE][WARNING] - Timeout '0' is invalid. Using default page load timeout: '30'

2018-03-05 17:13:41 - [MESSAGE][PASSED] - Object 'Object Repository/CuPaDl/Structure/Structure_Hahnentritt' is visible

2018-03-05 17:13:42 - [MESSAGE][PASSED] - Delayed 1 second(s)

2018-03-05 17:13:42 - [MESSAGE][PASSED] - Object: 'Object Repository/CuPaDl/Structure/Structure_quadrops' is clicked on

2018-03-05 17:13:43 - [MESSAGE][PASSED] - Object 'Object Repository/CuPaDl/Loading_indicator' is visible

2018-03-05 17:13:55 - [MESSAGE][PASSED] - Object 'Object Repository/CuPaDl/Loading_indicator' is NOT visible

2018-03-05 17:13:56 - [MESSAGE][PASSED] - Delayed 1 second(s)

2018-03-05 17:13:56 - [MESSAGE][PASSED] - cupakeysDl.chngstruct.changestructure is PASSED

2018-03-05 17:13:56 - [TEST_STEP][PASSED] - Statement - (step++): null

2018-03-05 17:13:56 - [TEST_STEP][PASSED] - cupakeysDl.sclstruct.scalestructure: cupakeysDl.sclstruct.scalestructure is PASSED

2018-03-05 17:13:59 - [MESSAGE][WARNING] - Object 'Object Repository/CuPaDl/Structure/Resize_Structure_bottomright' is not visible after 3 second(s)

2018-03-05 17:13:59 - [MESSAGE][PASSED] - Object: 'Object Repository/CuPaDl/Structure/Resize_Structure' is clicked on

2018-03-05 17:13:59 - [MESSAGE][WARNING] - Timeout '0' is invalid. Using default page load timeout: '30'

2018-03-05 17:13:59 - [MESSAGE][PASSED] - Object 'Object Repository/CuPaDl/Structure/Resize_Structure_bottomright' is visible

2018-03-05 17:14:00 - [MESSAGE][PASSED] - Delayed 1 second(s)

2018-03-05 17:14:00 - [MESSAGE][PASSED] - Current viewport's left (x) position is 0

2018-03-05 17:14:00 - [MESSAGE][PASSED] - Current viewport's top (y) position is 54

2018-03-05 17:14:00 - [MESSAGE][PASSED] - Dragged object with id 'Object Repository/CuPaDl/Structure/Resize_Structure_bottomright' by offset distance x = -225 and y = -171 successfully

2018-03-05 17:14:01 - [MESSAGE][PASSED] - Object 'Object Repository/CuPaDl/Loading_indicator' is visible

2018-03-05 17:14:26 - [MESSAGE][PASSED] - Object 'Object Repository/CuPaDl/Loading_indicator' is NOT visible

2018-03-05 17:14:27 - [MESSAGE][PASSED] - Delayed 1 second(s)

2018-03-05 17:14:27 - [MESSAGE][PASSED] - cupakeysDl.sclstruct.scalestructure is PASSED

2018-03-05 17:14:27 - [TEST_STEP][PASSED] - Statement - (step++): null

2018-03-05 17:14:27 - [TEST_STEP][PASSED] - Statement - iconmap += CustomKeywords.cupakeysDl.iconad.iconadd("pin", LoadTimeCorrector, step, run, device, timeStamp, iconcount): cupakeysDl.iconad.iconadd is PASSED

2018-03-05 17:14:27 - [MESSAGE][PASSED] - Object 'Object Repository/CuPaDl/Icons/Icon' is visible

2018-03-05 17:14:27 - [MESSAGE][PASSED] - Object: 'Object Repository/CuPaDl/Icons/Icon' is clicked on

2018-03-05 17:14:27 - [MESSAGE][WARNING] - Timeout '0' is invalid. Using default page load timeout: '30'

2018-03-05 17:14:27 - [MESSAGE][PASSED] - Object 'Object Repository/CuPaDl/Icons/Icon_pin' is visible

2018-03-05 17:14:28 - [MESSAGE][PASSED] - Delayed 1 second(s)

2018-03-05 17:14:29 - [MESSAGE][PASSED] - Object: 'Object Repository/CuPaDl/Icons/Icon_pin' is clicked on

2018-03-05 17:14:30 - [MESSAGE][PASSED] - Object 'Object Repository/CuPaDl/Loading_indicator' is visible

2018-03-05 17:14:53 - [MESSAGE][PASSED] - Object 'Object Repository/CuPaDl/Loading_indicator' is NOT visible

2018-03-05 17:14:53 - [MESSAGE][WARNING] - Timeout '0' is invalid. Using default page load timeout: '30'

2018-03-05 17:14:53 - [MESSAGE][PASSED] - Width of element 'Object Repository/CuPaDl/Icons/Reposition_icon' is '40'

2018-03-05 17:14:53 - [MESSAGE][PASSED] - Height of element 'Object Repository/CuPaDl/Icons/Reposition_icon' is '40'.

2018-03-05 17:14:54 - [MESSAGE][PASSED] - Delayed 1 second(s)

2018-03-05 17:14:54 - [MESSAGE][PASSED] - cupakeysDl.iconad.iconadd is PASSED

2018-03-05 17:14:54 - [TEST_STEP][PASSED] - Statement - (step++): null

2018-03-05 17:14:54 - [TEST_STEP][PASSED] - Statement - (iconcount++): null

2018-03-05 17:14:54 - [TEST_STEP][PASSED] - cupakeysDl.iconres.iconresize: cupakeysDl.iconres.iconresize is PASSED

2018-03-05 17:14:54 - [MESSAGE][PASSED] - Object 'Object Repository/CuPaDl/Icons/Reposition_icon' is visible

2018-03-05 17:14:54 - [MESSAGE][PASSED] - Current viewport's left (x) position is 0

2018-03-05 17:14:54 - [MESSAGE][PASSED] - Current viewport's top (y) position is 54

2018-03-05 17:14:54 - [MESSAGE][PASSED] - Dragged object with id 'Object Repository/CuPaDl/Icons/Resize_icon_bottomright' by offset distance x = -125 and y = -71 successfully

2018-03-05 17:14:55 - [MESSAGE][PASSED] - Object 'Object Repository/CuPaDl/Loading_indicator' is visible

2018-03-05 17:15:20 - [MESSAGE][PASSED] - Object 'Object Repository/CuPaDl/Loading_indicator' is NOT visible

2018-03-05 17:15:21 - [MESSAGE][PASSED] - Delayed 1 second(s)

2018-03-05 17:15:21 - [MESSAGE][PASSED] - cupakeysDl.iconres.iconresize is PASSED

2018-03-05 17:15:21 - [TEST_STEP][PASSED] - Statement - (step++): null

2018-03-05 17:15:21 - [TEST_STEP][PASSED] - cupakeysDl.slink.svlink: cupakeysDl.slink.svlink is PASSED

2018-03-05 17:15:21 - [MESSAGE][PASSED] - Scroll to object 'Object Repository/CuPaDl/Save/Save' successfully

2018-03-05 17:15:21 - [MESSAGE][PASSED] - Object: 'Object Repository/CuPaDl/Save/Save' is clicked on

2018-03-05 17:15:21 - [MESSAGE][WARNING] - Timeout '0' is invalid. Using default page load timeout: '30'

2018-03-05 17:15:24 - [MESSAGE][PASSED] - Object 'Object Repository/CuPaDl/Save/CopyLink' is visible

2018-03-05 17:15:24 - [MESSAGE][PASSED] - Object: 'Object Repository/CuPaDl/Save/CopyLink' is clicked on

2018-03-05 17:15:25 - [MESSAGE][PASSED] - Delayed 1 second(s)

2018-03-05 17:15:25 - [MESSAGE][PASSED] - Object: 'Object Repository/CuPaDl/Save/Close' is clicked on

2018-03-05 17:15:26 - [MESSAGE][PASSED] - Delayed 1 second(s)

2018-03-05 17:15:26 - [MESSAGE][PASSED] - cupakeysDl.slink.svlink is PASSED

2018-03-05 17:15:26 - [TEST_STEP][PASSED] - cupakeysDl.endsession.finishsession: cupakeysDl.endsession.finishsession is PASSED

2018-03-05 17:15:29 - [MESSAGE][PASSED] - Delayed 3 second(s)

2018-03-05 17:15:30 - [MESSAGE][PASSED] - Browser is closed

2018-03-05 17:15:30 - [MESSAGE][PASSED] - cupakeysDl.endsession.finishsession is PASSED]]></system-out>
         <system-err><![CDATA[]]></system-err>
      </testcase>
      <testcase name="Test Cases/CuPaStefanie/8" classname="Test Cases/CuPaStefanie/8" status="PASSED">
         <system-out><![CDATA[2018-03-05 17:15:30 - [TEST_CASE][PASSED] - Test Cases/CuPaStefanie/8: Test Cases/CuPaStefanie/8

2018-03-05 17:15:30 - [TEST_STEP][PASSED] - Statement - timeStamp = new java.text.SimpleDateFormat(dd.MM.yyyy_HH_mm_ss).format(java.util.Calendar.getInstance().getTime()): null

2018-03-05 17:15:30 - [TEST_STEP][PASSED] - Statement - timeStampScreenshot = new java.text.SimpleDateFormat(dd.MM.yyyy).format(java.util.Calendar.getInstance().getTime()): null

2018-03-05 17:15:30 - [TEST_STEP][PASSED] - Statement - iconmap = [:]: null

2018-03-05 17:15:30 - [TEST_STEP][PASSED] - Statement - txtmap = [:]: null

2018-03-05 17:15:30 - [TEST_STEP][PASSED] - Statement - signmap = [:]: null

2018-03-05 17:15:30 - [TEST_STEP][PASSED] - cupakeysDl.initStart.initialStart: cupakeysDl.initStart.initialStart is PASSED

2018-03-05 17:15:32 - [MESSAGE][PASSED] - Browser is opened with url: ''

2018-03-05 17:15:35 - [MESSAGE][PASSED] - Delayed 3 second(s)

2018-03-05 17:15:36 - [MESSAGE][PASSED] - Navigate to 'https://d16a4dsnr8a0k1.cloudfront.net/en/2455233.html?price=150.00%20%E2%82%AC&partName=wilsonPartName&vin=wilsonVin&modelCode=XP11&paint=P0A94&modelDescription=wilsonModelDescription&additionalEquipment=wilsonAdditionalEquipment' successfully

2018-03-05 17:15:36 - [MESSAGE][PASSED] - Object 'Object Repository/CuPaDl/Loading_indicator' is visible

2018-03-05 17:15:47 - [MESSAGE][PASSED] - Object 'Object Repository/CuPaDl/Loading_indicator' is NOT visible

2018-03-05 17:15:48 - [MESSAGE][PASSED] - Delayed 1 second(s)

2018-03-05 17:15:48 - [MESSAGE][PASSED] - cupakeysDl.initStart.initialStart is PASSED

2018-03-05 17:15:48 - [TEST_STEP][PASSED] - Statement - (step++): null

2018-03-05 17:15:48 - [TEST_STEP][PASSED] - cupakeysDl.color.changecolor: cupakeysDl.color.changecolor is PASSED

2018-03-05 17:15:48 - [MESSAGE][PASSED] - Object 'Object Repository/CuPaDl/Color/Color' is visible

2018-03-05 17:15:48 - [MESSAGE][PASSED] - Object: 'Object Repository/CuPaDl/Color/Color' is clicked on

2018-03-05 17:15:48 - [MESSAGE][WARNING] - Timeout '0' is invalid. Using default page load timeout: '30'

2018-03-05 17:15:48 - [MESSAGE][PASSED] - Object 'Object Repository/CuPaDl/Color/Color_electricblue' is visible

2018-03-05 17:15:49 - [MESSAGE][PASSED] - Delayed 1 second(s)

2018-03-05 17:15:50 - [MESSAGE][PASSED] - Object: 'Object Repository/CuPaDl/Color/Color_electricblue' is clicked on

2018-03-05 17:15:53 - [MESSAGE][WARNING] - Object 'Object Repository/CuPaDl/Loading_indicator' is not visible after 3 second(s)

2018-03-05 17:15:54 - [MESSAGE][PASSED] - Delayed 1 second(s)

2018-03-05 17:15:54 - [MESSAGE][PASSED] - cupakeysDl.color.changecolor is PASSED

2018-03-05 17:15:54 - [TEST_STEP][PASSED] - Statement - (step++): null

2018-03-05 17:15:54 - [TEST_STEP][PASSED] - cupakeysDl.chngstruct.changestructure: cupakeysDl.chngstruct.changestructure is PASSED

2018-03-05 17:15:54 - [MESSAGE][PASSED] - Object 'Object Repository/CuPaDl/Structure/Structure' is visible

2018-03-05 17:15:54 - [MESSAGE][PASSED] - Object: 'Object Repository/CuPaDl/Structure/Structure' is clicked on

2018-03-05 17:15:54 - [MESSAGE][WARNING] - Timeout '0' is invalid. Using default page load timeout: '30'

2018-03-05 17:15:54 - [MESSAGE][PASSED] - Object 'Object Repository/CuPaDl/Structure/Structure_Hahnentritt' is visible

2018-03-05 17:15:55 - [MESSAGE][PASSED] - Delayed 1 second(s)

2018-03-05 17:15:55 - [MESSAGE][PASSED] - Object: 'Object Repository/CuPaDl/Structure/Structure_quadrops' is clicked on

2018-03-05 17:15:56 - [MESSAGE][PASSED] - Object 'Object Repository/CuPaDl/Loading_indicator' is visible

2018-03-05 17:16:07 - [MESSAGE][PASSED] - Object 'Object Repository/CuPaDl/Loading_indicator' is NOT visible

2018-03-05 17:16:08 - [MESSAGE][PASSED] - Delayed 1 second(s)

2018-03-05 17:16:08 - [MESSAGE][PASSED] - cupakeysDl.chngstruct.changestructure is PASSED

2018-03-05 17:16:08 - [TEST_STEP][PASSED] - Statement - (step++): null

2018-03-05 17:16:08 - [TEST_STEP][PASSED] - cupakeysDl.sclstruct.scalestructure: cupakeysDl.sclstruct.scalestructure is PASSED

2018-03-05 17:16:12 - [MESSAGE][WARNING] - Object 'Object Repository/CuPaDl/Structure/Resize_Structure_bottomright' is not visible after 3 second(s)

2018-03-05 17:16:12 - [MESSAGE][PASSED] - Object: 'Object Repository/CuPaDl/Structure/Resize_Structure' is clicked on

2018-03-05 17:16:12 - [MESSAGE][WARNING] - Timeout '0' is invalid. Using default page load timeout: '30'

2018-03-05 17:16:12 - [MESSAGE][PASSED] - Object 'Object Repository/CuPaDl/Structure/Resize_Structure_bottomright' is visible

2018-03-05 17:16:13 - [MESSAGE][PASSED] - Delayed 1 second(s)

2018-03-05 17:16:13 - [MESSAGE][PASSED] - Current viewport's left (x) position is 0

2018-03-05 17:16:13 - [MESSAGE][PASSED] - Current viewport's top (y) position is 54

2018-03-05 17:16:13 - [MESSAGE][PASSED] - Dragged object with id 'Object Repository/CuPaDl/Structure/Resize_Structure_bottomright' by offset distance x = 225 and y = 279 successfully

2018-03-05 17:16:14 - [MESSAGE][PASSED] - Object 'Object Repository/CuPaDl/Loading_indicator' is visible

2018-03-05 17:16:23 - [MESSAGE][PASSED] - Object 'Object Repository/CuPaDl/Loading_indicator' is NOT visible

2018-03-05 17:16:24 - [MESSAGE][PASSED] - Delayed 1 second(s)

2018-03-05 17:16:24 - [MESSAGE][PASSED] - cupakeysDl.sclstruct.scalestructure is PASSED

2018-03-05 17:16:24 - [TEST_STEP][PASSED] - Statement - (step++): null

2018-03-05 17:16:24 - [TEST_STEP][PASSED] - Statement - iconmap += CustomKeywords.cupakeysDl.iconad.iconadd("pin", LoadTimeCorrector, step, run, device, timeStamp, iconcount): cupakeysDl.iconad.iconadd is PASSED

2018-03-05 17:16:24 - [MESSAGE][PASSED] - Object 'Object Repository/CuPaDl/Icons/Icon' is visible

2018-03-05 17:16:24 - [MESSAGE][PASSED] - Object: 'Object Repository/CuPaDl/Icons/Icon' is clicked on

2018-03-05 17:16:24 - [MESSAGE][WARNING] - Timeout '0' is invalid. Using default page load timeout: '30'

2018-03-05 17:16:24 - [MESSAGE][PASSED] - Object 'Object Repository/CuPaDl/Icons/Icon_pin' is visible

2018-03-05 17:16:25 - [MESSAGE][PASSED] - Delayed 1 second(s)

2018-03-05 17:16:25 - [MESSAGE][PASSED] - Object: 'Object Repository/CuPaDl/Icons/Icon_pin' is clicked on

2018-03-05 17:16:26 - [MESSAGE][PASSED] - Object 'Object Repository/CuPaDl/Loading_indicator' is visible

2018-03-05 17:16:38 - [MESSAGE][PASSED] - Object 'Object Repository/CuPaDl/Loading_indicator' is NOT visible

2018-03-05 17:16:38 - [MESSAGE][WARNING] - Timeout '0' is invalid. Using default page load timeout: '30'

2018-03-05 17:16:38 - [MESSAGE][PASSED] - Width of element 'Object Repository/CuPaDl/Icons/Reposition_icon' is '40'

2018-03-05 17:16:38 - [MESSAGE][PASSED] - Height of element 'Object Repository/CuPaDl/Icons/Reposition_icon' is '40'.

2018-03-05 17:16:39 - [MESSAGE][PASSED] - Delayed 1 second(s)

2018-03-05 17:16:39 - [MESSAGE][PASSED] - cupakeysDl.iconad.iconadd is PASSED

2018-03-05 17:16:39 - [TEST_STEP][PASSED] - Statement - (step++): null

2018-03-05 17:16:39 - [TEST_STEP][PASSED] - Statement - (iconcount++): null

2018-03-05 17:16:39 - [TEST_STEP][PASSED] - cupakeysDl.iconres.iconresize: cupakeysDl.iconres.iconresize is PASSED

2018-03-05 17:16:39 - [MESSAGE][PASSED] - Object 'Object Repository/CuPaDl/Icons/Reposition_icon' is visible

2018-03-05 17:16:39 - [MESSAGE][PASSED] - Current viewport's left (x) position is 0

2018-03-05 17:16:39 - [MESSAGE][PASSED] - Current viewport's top (y) position is 54

2018-03-05 17:16:39 - [MESSAGE][PASSED] - Dragged object with id 'Object Repository/CuPaDl/Icons/Resize_icon_bottomright' by offset distance x = 125 and y = 179 successfully

2018-03-05 17:16:40 - [MESSAGE][PASSED] - Object 'Object Repository/CuPaDl/Loading_indicator' is visible

2018-03-05 17:16:53 - [MESSAGE][PASSED] - Object 'Object Repository/CuPaDl/Loading_indicator' is NOT visible

2018-03-05 17:16:54 - [MESSAGE][PASSED] - Delayed 1 second(s)

2018-03-05 17:16:54 - [MESSAGE][PASSED] - cupakeysDl.iconres.iconresize is PASSED

2018-03-05 17:16:54 - [TEST_STEP][PASSED] - Statement - (step++): null

2018-03-05 17:16:54 - [TEST_STEP][PASSED] - cupakeysDl.slink.svlink: cupakeysDl.slink.svlink is PASSED

2018-03-05 17:16:54 - [MESSAGE][PASSED] - Scroll to object 'Object Repository/CuPaDl/Save/Save' successfully

2018-03-05 17:16:54 - [MESSAGE][PASSED] - Object: 'Object Repository/CuPaDl/Save/Save' is clicked on

2018-03-05 17:16:54 - [MESSAGE][WARNING] - Timeout '0' is invalid. Using default page load timeout: '30'

2018-03-05 17:16:56 - [MESSAGE][PASSED] - Object 'Object Repository/CuPaDl/Save/CopyLink' is visible

2018-03-05 17:16:56 - [MESSAGE][PASSED] - Object: 'Object Repository/CuPaDl/Save/CopyLink' is clicked on

2018-03-05 17:16:57 - [MESSAGE][PASSED] - Delayed 1 second(s)

2018-03-05 17:16:57 - [MESSAGE][PASSED] - Object: 'Object Repository/CuPaDl/Save/Close' is clicked on

2018-03-05 17:16:58 - [MESSAGE][PASSED] - Delayed 1 second(s)

2018-03-05 17:16:58 - [MESSAGE][PASSED] - cupakeysDl.slink.svlink is PASSED

2018-03-05 17:16:58 - [TEST_STEP][PASSED] - cupakeysDl.endsession.finishsession: cupakeysDl.endsession.finishsession is PASSED

2018-03-05 17:17:01 - [MESSAGE][PASSED] - Delayed 3 second(s)

2018-03-05 17:17:02 - [MESSAGE][PASSED] - Browser is closed

2018-03-05 17:17:02 - [MESSAGE][PASSED] - cupakeysDl.endsession.finishsession is PASSED]]></system-out>
         <system-err><![CDATA[]]></system-err>
      </testcase>
      <testcase name="Test Cases/CuPaStefanie/9" classname="Test Cases/CuPaStefanie/9" status="PASSED">
         <system-out><![CDATA[2018-03-05 17:17:02 - [TEST_CASE][PASSED] - Test Cases/CuPaStefanie/9: Test Cases/CuPaStefanie/9

2018-03-05 17:17:02 - [TEST_STEP][PASSED] - Statement - timeStamp = new java.text.SimpleDateFormat(dd.MM.yyyy_HH_mm_ss).format(java.util.Calendar.getInstance().getTime()): null

2018-03-05 17:17:02 - [TEST_STEP][PASSED] - Statement - timeStampScreenshot = new java.text.SimpleDateFormat(dd.MM.yyyy).format(java.util.Calendar.getInstance().getTime()): null

2018-03-05 17:17:02 - [TEST_STEP][PASSED] - Statement - iconmap = [:]: null

2018-03-05 17:17:02 - [TEST_STEP][PASSED] - Statement - txtmap = [:]: null

2018-03-05 17:17:02 - [TEST_STEP][PASSED] - Statement - signmap = [:]: null

2018-03-05 17:17:02 - [TEST_STEP][PASSED] - cupakeysDl.initStart.initialStart: cupakeysDl.initStart.initialStart is PASSED

2018-03-05 17:17:04 - [MESSAGE][PASSED] - Browser is opened with url: ''

2018-03-05 17:17:07 - [MESSAGE][PASSED] - Delayed 3 second(s)

2018-03-05 17:17:08 - [MESSAGE][PASSED] - Navigate to 'https://d16a4dsnr8a0k1.cloudfront.net/en/2455233.html?price=150.00%20%E2%82%AC&partName=wilsonPartName&vin=wilsonVin&modelCode=XP11&paint=P0A94&modelDescription=wilsonModelDescription&additionalEquipment=wilsonAdditionalEquipment' successfully

2018-03-05 17:17:08 - [MESSAGE][PASSED] - Object 'Object Repository/CuPaDl/Loading_indicator' is visible

2018-03-05 17:17:19 - [MESSAGE][PASSED] - Object 'Object Repository/CuPaDl/Loading_indicator' is NOT visible

2018-03-05 17:17:20 - [MESSAGE][PASSED] - Delayed 1 second(s)

2018-03-05 17:17:20 - [MESSAGE][PASSED] - cupakeysDl.initStart.initialStart is PASSED

2018-03-05 17:17:20 - [TEST_STEP][PASSED] - Statement - (step++): null

2018-03-05 17:17:20 - [TEST_STEP][PASSED] - cupakeysDl.color.changecolor: cupakeysDl.color.changecolor is PASSED

2018-03-05 17:17:20 - [MESSAGE][PASSED] - Object 'Object Repository/CuPaDl/Color/Color' is visible

2018-03-05 17:17:20 - [MESSAGE][PASSED] - Object: 'Object Repository/CuPaDl/Color/Color' is clicked on

2018-03-05 17:17:20 - [MESSAGE][WARNING] - Timeout '0' is invalid. Using default page load timeout: '30'

2018-03-05 17:17:20 - [MESSAGE][PASSED] - Object 'Object Repository/CuPaDl/Color/Color_rebelgreen' is visible

2018-03-05 17:17:21 - [MESSAGE][PASSED] - Delayed 1 second(s)

2018-03-05 17:17:22 - [MESSAGE][PASSED] - Object: 'Object Repository/CuPaDl/Color/Color_rebelgreen' is clicked on

2018-03-05 17:17:23 - [MESSAGE][PASSED] - Object 'Object Repository/CuPaDl/Loading_indicator' is visible

2018-03-05 17:17:24 - [MESSAGE][PASSED] - Object 'Object Repository/CuPaDl/Loading_indicator' is NOT visible

2018-03-05 17:17:25 - [MESSAGE][PASSED] - Delayed 1 second(s)

2018-03-05 17:17:25 - [MESSAGE][PASSED] - cupakeysDl.color.changecolor is PASSED

2018-03-05 17:17:25 - [TEST_STEP][PASSED] - Statement - (step++): null

2018-03-05 17:17:25 - [TEST_STEP][PASSED] - cupakeysDl.chngstruct.changestructure: cupakeysDl.chngstruct.changestructure is PASSED

2018-03-05 17:17:25 - [MESSAGE][PASSED] - Object 'Object Repository/CuPaDl/Structure/Structure' is visible

2018-03-05 17:17:25 - [MESSAGE][PASSED] - Object: 'Object Repository/CuPaDl/Structure/Structure' is clicked on

2018-03-05 17:17:25 - [MESSAGE][WARNING] - Timeout '0' is invalid. Using default page load timeout: '30'

2018-03-05 17:17:25 - [MESSAGE][PASSED] - Object 'Object Repository/CuPaDl/Structure/Structure_Hahnentritt' is visible

2018-03-05 17:17:26 - [MESSAGE][PASSED] - Delayed 1 second(s)

2018-03-05 17:17:26 - [MESSAGE][PASSED] - Object: 'Object Repository/CuPaDl/Structure/Structure_dots' is clicked on

2018-03-05 17:17:27 - [MESSAGE][PASSED] - Object 'Object Repository/CuPaDl/Loading_indicator' is visible

2018-03-05 17:17:34 - [MESSAGE][PASSED] - Object 'Object Repository/CuPaDl/Loading_indicator' is NOT visible

2018-03-05 17:17:35 - [MESSAGE][PASSED] - Delayed 1 second(s)

2018-03-05 17:17:35 - [MESSAGE][PASSED] - cupakeysDl.chngstruct.changestructure is PASSED

2018-03-05 17:17:35 - [TEST_STEP][PASSED] - Statement - (step++): null

2018-03-05 17:17:35 - [TEST_STEP][PASSED] - cupakeysDl.sclstruct.scalestructure: cupakeysDl.sclstruct.scalestructure is PASSED

2018-03-05 17:17:38 - [MESSAGE][WARNING] - Object 'Object Repository/CuPaDl/Structure/Resize_Structure_bottomright' is not visible after 3 second(s)

2018-03-05 17:17:38 - [MESSAGE][PASSED] - Object: 'Object Repository/CuPaDl/Structure/Resize_Structure' is clicked on

2018-03-05 17:17:38 - [MESSAGE][WARNING] - Timeout '0' is invalid. Using default page load timeout: '30'

2018-03-05 17:17:38 - [MESSAGE][PASSED] - Object 'Object Repository/CuPaDl/Structure/Resize_Structure_bottomright' is visible

2018-03-05 17:17:39 - [MESSAGE][PASSED] - Delayed 1 second(s)

2018-03-05 17:17:39 - [MESSAGE][PASSED] - Current viewport's left (x) position is 0

2018-03-05 17:17:39 - [MESSAGE][PASSED] - Current viewport's top (y) position is 54

2018-03-05 17:17:39 - [MESSAGE][PASSED] - Dragged object with id 'Object Repository/CuPaDl/Structure/Resize_Structure_bottomright' by offset distance x = -225 and y = -171 successfully

2018-03-05 17:17:40 - [MESSAGE][PASSED] - Object 'Object Repository/CuPaDl/Loading_indicator' is visible

2018-03-05 17:17:48 - [MESSAGE][PASSED] - Object 'Object Repository/CuPaDl/Loading_indicator' is NOT visible

2018-03-05 17:17:49 - [MESSAGE][PASSED] - Delayed 1 second(s)

2018-03-05 17:17:49 - [MESSAGE][PASSED] - cupakeysDl.sclstruct.scalestructure is PASSED

2018-03-05 17:17:49 - [TEST_STEP][PASSED] - Statement - (step++): null

2018-03-05 17:17:49 - [TEST_STEP][PASSED] - Statement - iconmap += CustomKeywords.cupakeysDl.iconad.iconadd("paperplane", LoadTimeCorrector, step, run, device, timeStamp, iconcount): cupakeysDl.iconad.iconadd is PASSED

2018-03-05 17:17:49 - [MESSAGE][PASSED] - Object 'Object Repository/CuPaDl/Icons/Icon' is visible

2018-03-05 17:17:49 - [MESSAGE][PASSED] - Object: 'Object Repository/CuPaDl/Icons/Icon' is clicked on

2018-03-05 17:17:49 - [MESSAGE][WARNING] - Timeout '0' is invalid. Using default page load timeout: '30'

2018-03-05 17:17:49 - [MESSAGE][PASSED] - Object 'Object Repository/CuPaDl/Icons/Icon_paperplane' is visible

2018-03-05 17:17:50 - [MESSAGE][PASSED] - Delayed 1 second(s)

2018-03-05 17:17:51 - [MESSAGE][PASSED] - Object: 'Object Repository/CuPaDl/Icons/Icon_paperplane' is clicked on

2018-03-05 17:17:51 - [MESSAGE][PASSED] - Object 'Object Repository/CuPaDl/Loading_indicator' is visible

2018-03-05 17:18:07 - [MESSAGE][PASSED] - Object 'Object Repository/CuPaDl/Loading_indicator' is NOT visible

2018-03-05 17:18:07 - [MESSAGE][WARNING] - Timeout '0' is invalid. Using default page load timeout: '30'

2018-03-05 17:18:07 - [MESSAGE][PASSED] - Width of element 'Object Repository/CuPaDl/Icons/Reposition_icon' is '40'

2018-03-05 17:18:07 - [MESSAGE][PASSED] - Height of element 'Object Repository/CuPaDl/Icons/Reposition_icon' is '40'.

2018-03-05 17:18:08 - [MESSAGE][PASSED] - Delayed 1 second(s)

2018-03-05 17:18:08 - [MESSAGE][PASSED] - cupakeysDl.iconad.iconadd is PASSED

2018-03-05 17:18:08 - [TEST_STEP][PASSED] - Statement - (step++): null

2018-03-05 17:18:08 - [TEST_STEP][PASSED] - Statement - (iconcount++): null

2018-03-05 17:18:08 - [TEST_STEP][PASSED] - cupakeysDl.iconres.iconresize: cupakeysDl.iconres.iconresize is PASSED

2018-03-05 17:18:08 - [MESSAGE][PASSED] - Object 'Object Repository/CuPaDl/Icons/Reposition_icon' is visible

2018-03-05 17:18:08 - [MESSAGE][PASSED] - Current viewport's left (x) position is 0

2018-03-05 17:18:08 - [MESSAGE][PASSED] - Current viewport's top (y) position is 54

2018-03-05 17:18:08 - [MESSAGE][PASSED] - Dragged object with id 'Object Repository/CuPaDl/Icons/Resize_icon_bottomright' by offset distance x = -125 and y = -71 successfully

2018-03-05 17:18:09 - [MESSAGE][PASSED] - Object 'Object Repository/CuPaDl/Loading_indicator' is visible

2018-03-05 17:18:17 - [MESSAGE][PASSED] - Object 'Object Repository/CuPaDl/Loading_indicator' is NOT visible

2018-03-05 17:18:18 - [MESSAGE][PASSED] - Delayed 1 second(s)

2018-03-05 17:18:18 - [MESSAGE][PASSED] - cupakeysDl.iconres.iconresize is PASSED

2018-03-05 17:18:18 - [TEST_STEP][PASSED] - Statement - (step++): null

2018-03-05 17:18:18 - [TEST_STEP][PASSED] - cupakeysDl.slink.svlink: cupakeysDl.slink.svlink is PASSED

2018-03-05 17:18:18 - [MESSAGE][PASSED] - Scroll to object 'Object Repository/CuPaDl/Save/Save' successfully

2018-03-05 17:18:18 - [MESSAGE][PASSED] - Object: 'Object Repository/CuPaDl/Save/Save' is clicked on

2018-03-05 17:18:18 - [MESSAGE][WARNING] - Timeout '0' is invalid. Using default page load timeout: '30'

2018-03-05 17:18:20 - [MESSAGE][PASSED] - Object 'Object Repository/CuPaDl/Save/CopyLink' is visible

2018-03-05 17:18:20 - [MESSAGE][PASSED] - Object: 'Object Repository/CuPaDl/Save/CopyLink' is clicked on

2018-03-05 17:18:21 - [MESSAGE][PASSED] - Delayed 1 second(s)

2018-03-05 17:18:21 - [MESSAGE][PASSED] - Object: 'Object Repository/CuPaDl/Save/Close' is clicked on

2018-03-05 17:18:22 - [MESSAGE][PASSED] - Delayed 1 second(s)

2018-03-05 17:18:22 - [MESSAGE][PASSED] - cupakeysDl.slink.svlink is PASSED

2018-03-05 17:18:22 - [TEST_STEP][PASSED] - cupakeysDl.endsession.finishsession: cupakeysDl.endsession.finishsession is PASSED

2018-03-05 17:18:25 - [MESSAGE][PASSED] - Delayed 3 second(s)

2018-03-05 17:18:26 - [MESSAGE][PASSED] - Browser is closed

2018-03-05 17:18:26 - [MESSAGE][PASSED] - cupakeysDl.endsession.finishsession is PASSED]]></system-out>
         <system-err><![CDATA[]]></system-err>
      </testcase>
      <testcase name="Test Cases/CuPaStefanie/10" classname="Test Cases/CuPaStefanie/10" status="PASSED">
         <system-out><![CDATA[2018-03-05 17:18:26 - [TEST_CASE][PASSED] - Test Cases/CuPaStefanie/10: Test Cases/CuPaStefanie/10

2018-03-05 17:18:26 - [TEST_STEP][PASSED] - Statement - timeStamp = new java.text.SimpleDateFormat(dd.MM.yyyy_HH_mm_ss).format(java.util.Calendar.getInstance().getTime()): null

2018-03-05 17:18:26 - [TEST_STEP][PASSED] - Statement - timeStampScreenshot = new java.text.SimpleDateFormat(dd.MM.yyyy).format(java.util.Calendar.getInstance().getTime()): null

2018-03-05 17:18:26 - [TEST_STEP][PASSED] - Statement - ps = new java.io.PrintStream((((timeStamp + _Run) + run) + .txt)): null

2018-03-05 17:18:26 - [TEST_STEP][PASSED] - Statement - iconmap = [:]: null

2018-03-05 17:18:26 - [TEST_STEP][PASSED] - Statement - txtmap = [:]: null

2018-03-05 17:18:26 - [TEST_STEP][PASSED] - Statement - signmap = [:]: null

2018-03-05 17:18:26 - [TEST_STEP][PASSED] - cupakeysDl.initStart.initialStart: cupakeysDl.initStart.initialStart is PASSED

2018-03-05 17:18:28 - [MESSAGE][PASSED] - Browser is opened with url: ''

2018-03-05 17:18:31 - [MESSAGE][PASSED] - Delayed 3 second(s)

2018-03-05 17:18:33 - [MESSAGE][PASSED] - Navigate to 'https://d16a4dsnr8a0k1.cloudfront.net/en/2455233.html?price=150.00%20%E2%82%AC&partName=wilsonPartName&vin=wilsonVin&modelCode=XP11&paint=P0A94&modelDescription=wilsonModelDescription&additionalEquipment=wilsonAdditionalEquipment' successfully

2018-03-05 17:18:33 - [MESSAGE][PASSED] - Object 'Object Repository/CuPaDl/Loading_indicator' is visible

2018-03-05 17:18:45 - [MESSAGE][PASSED] - Object 'Object Repository/CuPaDl/Loading_indicator' is NOT visible

2018-03-05 17:18:46 - [MESSAGE][PASSED] - Delayed 1 second(s)

2018-03-05 17:18:46 - [MESSAGE][PASSED] - cupakeysDl.initStart.initialStart is PASSED

2018-03-05 17:18:46 - [TEST_STEP][PASSED] - Statement - (step++): null

2018-03-05 17:18:46 - [TEST_STEP][PASSED] - cupakeysDl.color.changecolor: cupakeysDl.color.changecolor is PASSED

2018-03-05 17:18:46 - [MESSAGE][PASSED] - Object 'Object Repository/CuPaDl/Color/Color' is visible

2018-03-05 17:18:46 - [MESSAGE][PASSED] - Object: 'Object Repository/CuPaDl/Color/Color' is clicked on

2018-03-05 17:18:46 - [MESSAGE][WARNING] - Timeout '0' is invalid. Using default page load timeout: '30'

2018-03-05 17:18:46 - [MESSAGE][PASSED] - Object 'Object Repository/CuPaDl/Color/Color_rebelgreen' is visible

2018-03-05 17:18:47 - [MESSAGE][PASSED] - Delayed 1 second(s)

2018-03-05 17:18:47 - [MESSAGE][PASSED] - Object: 'Object Repository/CuPaDl/Color/Color_rebelgreen' is clicked on

2018-03-05 17:18:50 - [MESSAGE][WARNING] - Object 'Object Repository/CuPaDl/Loading_indicator' is not visible after 3 second(s)

2018-03-05 17:18:51 - [MESSAGE][PASSED] - Delayed 1 second(s)

2018-03-05 17:18:51 - [MESSAGE][PASSED] - cupakeysDl.color.changecolor is PASSED

2018-03-05 17:18:51 - [TEST_STEP][PASSED] - Statement - (step++): null

2018-03-05 17:18:51 - [TEST_STEP][PASSED] - cupakeysDl.chngstruct.changestructure: cupakeysDl.chngstruct.changestructure is PASSED

2018-03-05 17:18:51 - [MESSAGE][PASSED] - Object 'Object Repository/CuPaDl/Structure/Structure' is visible

2018-03-05 17:18:51 - [MESSAGE][PASSED] - Object: 'Object Repository/CuPaDl/Structure/Structure' is clicked on

2018-03-05 17:18:51 - [MESSAGE][WARNING] - Timeout '0' is invalid. Using default page load timeout: '30'

2018-03-05 17:18:51 - [MESSAGE][PASSED] - Object 'Object Repository/CuPaDl/Structure/Structure_Hahnentritt' is visible

2018-03-05 17:18:52 - [MESSAGE][PASSED] - Delayed 1 second(s)

2018-03-05 17:18:52 - [MESSAGE][PASSED] - Object: 'Object Repository/CuPaDl/Structure/Structure_dots' is clicked on

2018-03-05 17:18:53 - [MESSAGE][PASSED] - Object 'Object Repository/CuPaDl/Loading_indicator' is visible

2018-03-05 17:19:00 - [MESSAGE][PASSED] - Object 'Object Repository/CuPaDl/Loading_indicator' is NOT visible

2018-03-05 17:19:01 - [MESSAGE][PASSED] - Delayed 1 second(s)

2018-03-05 17:19:01 - [MESSAGE][PASSED] - cupakeysDl.chngstruct.changestructure is PASSED

2018-03-05 17:19:01 - [TEST_STEP][PASSED] - Statement - (step++): null

2018-03-05 17:19:01 - [TEST_STEP][PASSED] - cupakeysDl.sclstruct.scalestructure: cupakeysDl.sclstruct.scalestructure is PASSED

2018-03-05 17:19:04 - [MESSAGE][WARNING] - Object 'Object Repository/CuPaDl/Structure/Resize_Structure_bottomright' is not visible after 3 second(s)

2018-03-05 17:19:04 - [MESSAGE][PASSED] - Object: 'Object Repository/CuPaDl/Structure/Resize_Structure' is clicked on

2018-03-05 17:19:04 - [MESSAGE][WARNING] - Timeout '0' is invalid. Using default page load timeout: '30'

2018-03-05 17:19:04 - [MESSAGE][PASSED] - Object 'Object Repository/CuPaDl/Structure/Resize_Structure_bottomright' is visible

2018-03-05 17:19:05 - [MESSAGE][PASSED] - Delayed 1 second(s)

2018-03-05 17:19:05 - [MESSAGE][PASSED] - Current viewport's left (x) position is 0

2018-03-05 17:19:05 - [MESSAGE][PASSED] - Current viewport's top (y) position is 54

2018-03-05 17:19:05 - [MESSAGE][PASSED] - Dragged object with id 'Object Repository/CuPaDl/Structure/Resize_Structure_bottomright' by offset distance x = 225 and y = 279 successfully

2018-03-05 17:19:06 - [MESSAGE][PASSED] - Object 'Object Repository/CuPaDl/Loading_indicator' is visible

2018-03-05 17:19:11 - [MESSAGE][PASSED] - Object 'Object Repository/CuPaDl/Loading_indicator' is NOT visible

2018-03-05 17:19:12 - [MESSAGE][PASSED] - Delayed 1 second(s)

2018-03-05 17:19:12 - [MESSAGE][PASSED] - cupakeysDl.sclstruct.scalestructure is PASSED

2018-03-05 17:19:12 - [TEST_STEP][PASSED] - Statement - (step++): null

2018-03-05 17:19:12 - [TEST_STEP][PASSED] - Statement - iconmap += CustomKeywords.cupakeysDl.iconad.iconadd("paperplane", LoadTimeCorrector, step, run, device, timeStamp, iconcount): cupakeysDl.iconad.iconadd is PASSED

2018-03-05 17:19:12 - [MESSAGE][PASSED] - Object 'Object Repository/CuPaDl/Icons/Icon' is visible

2018-03-05 17:19:12 - [MESSAGE][PASSED] - Object: 'Object Repository/CuPaDl/Icons/Icon' is clicked on

2018-03-05 17:19:12 - [MESSAGE][WARNING] - Timeout '0' is invalid. Using default page load timeout: '30'

2018-03-05 17:19:12 - [MESSAGE][PASSED] - Object 'Object Repository/CuPaDl/Icons/Icon_paperplane' is visible

2018-03-05 17:19:13 - [MESSAGE][PASSED] - Delayed 1 second(s)

2018-03-05 17:19:13 - [MESSAGE][PASSED] - Object: 'Object Repository/CuPaDl/Icons/Icon_paperplane' is clicked on

2018-03-05 17:19:14 - [MESSAGE][PASSED] - Object 'Object Repository/CuPaDl/Loading_indicator' is visible

2018-03-05 17:19:19 - [MESSAGE][PASSED] - Object 'Object Repository/CuPaDl/Loading_indicator' is NOT visible

2018-03-05 17:19:19 - [MESSAGE][WARNING] - Timeout '0' is invalid. Using default page load timeout: '30'

2018-03-05 17:19:19 - [MESSAGE][PASSED] - Width of element 'Object Repository/CuPaDl/Icons/Reposition_icon' is '40'

2018-03-05 17:19:19 - [MESSAGE][PASSED] - Height of element 'Object Repository/CuPaDl/Icons/Reposition_icon' is '40'.

2018-03-05 17:19:20 - [MESSAGE][PASSED] - Delayed 1 second(s)

2018-03-05 17:19:20 - [MESSAGE][PASSED] - cupakeysDl.iconad.iconadd is PASSED

2018-03-05 17:19:20 - [TEST_STEP][PASSED] - Statement - (step++): null

2018-03-05 17:19:20 - [TEST_STEP][PASSED] - Statement - (iconcount++): null

2018-03-05 17:19:20 - [TEST_STEP][PASSED] - cupakeysDl.iconres.iconresize: cupakeysDl.iconres.iconresize is PASSED

2018-03-05 17:19:20 - [MESSAGE][PASSED] - Object 'Object Repository/CuPaDl/Icons/Reposition_icon' is visible

2018-03-05 17:19:20 - [MESSAGE][PASSED] - Current viewport's left (x) position is 0

2018-03-05 17:19:20 - [MESSAGE][PASSED] - Current viewport's top (y) position is 54

2018-03-05 17:19:20 - [MESSAGE][PASSED] - Dragged object with id 'Object Repository/CuPaDl/Icons/Resize_icon_bottomright' by offset distance x = 125 and y = 179 successfully

2018-03-05 17:19:21 - [MESSAGE][PASSED] - Object 'Object Repository/CuPaDl/Loading_indicator' is visible

2018-03-05 17:19:27 - [MESSAGE][PASSED] - Object 'Object Repository/CuPaDl/Loading_indicator' is NOT visible

2018-03-05 17:19:28 - [MESSAGE][PASSED] - Delayed 1 second(s)

2018-03-05 17:19:28 - [MESSAGE][PASSED] - cupakeysDl.iconres.iconresize is PASSED

2018-03-05 17:19:28 - [TEST_STEP][PASSED] - Statement - (step++): null

2018-03-05 17:19:28 - [TEST_STEP][PASSED] - cupakeysDl.slink.svlink: cupakeysDl.slink.svlink is PASSED

2018-03-05 17:19:28 - [MESSAGE][PASSED] - Scroll to object 'Object Repository/CuPaDl/Save/Save' successfully

2018-03-05 17:19:28 - [MESSAGE][PASSED] - Object: 'Object Repository/CuPaDl/Save/Save' is clicked on

2018-03-05 17:19:28 - [MESSAGE][WARNING] - Timeout '0' is invalid. Using default page load timeout: '30'

2018-03-05 17:19:30 - [MESSAGE][PASSED] - Object 'Object Repository/CuPaDl/Save/CopyLink' is visible

2018-03-05 17:19:30 - [MESSAGE][PASSED] - Object: 'Object Repository/CuPaDl/Save/CopyLink' is clicked on

2018-03-05 17:19:31 - [MESSAGE][PASSED] - Delayed 1 second(s)

2018-03-05 17:19:32 - [MESSAGE][PASSED] - Object: 'Object Repository/CuPaDl/Save/Close' is clicked on

2018-03-05 17:19:33 - [MESSAGE][PASSED] - Delayed 1 second(s)

2018-03-05 17:19:33 - [MESSAGE][PASSED] - cupakeysDl.slink.svlink is PASSED

2018-03-05 17:19:33 - [TEST_STEP][PASSED] - cupakeysDl.endsession.finishsession: cupakeysDl.endsession.finishsession is PASSED

2018-03-05 17:19:36 - [MESSAGE][PASSED] - Delayed 3 second(s)

2018-03-05 17:19:36 - [MESSAGE][PASSED] - Browser is closed

2018-03-05 17:19:36 - [MESSAGE][PASSED] - cupakeysDl.endsession.finishsession is PASSED]]></system-out>
         <system-err><![CDATA[]]></system-err>
      </testcase>
      <testcase name="Test Cases/CuPaStefanie/11" classname="Test Cases/CuPaStefanie/11" status="PASSED">
         <system-out><![CDATA[2018-03-05 17:19:36 - [TEST_CASE][PASSED] - Test Cases/CuPaStefanie/11: Test Cases/CuPaStefanie/11

2018-03-05 17:19:36 - [TEST_STEP][PASSED] - Statement - timeStamp = new java.text.SimpleDateFormat(dd.MM.yyyy_HH_mm_ss).format(java.util.Calendar.getInstance().getTime()): null

2018-03-05 17:19:36 - [TEST_STEP][PASSED] - Statement - timeStampScreenshot = new java.text.SimpleDateFormat(dd.MM.yyyy).format(java.util.Calendar.getInstance().getTime()): null

2018-03-05 17:19:36 - [TEST_STEP][PASSED] - Statement - iconmap = [:]: null

2018-03-05 17:19:36 - [TEST_STEP][PASSED] - Statement - txtmap = [:]: null

2018-03-05 17:19:36 - [TEST_STEP][PASSED] - Statement - signmap = [:]: null

2018-03-05 17:19:36 - [TEST_STEP][PASSED] - cupakeysDl.initStart.initialStart: cupakeysDl.initStart.initialStart is PASSED

2018-03-05 17:19:38 - [MESSAGE][PASSED] - Browser is opened with url: ''

2018-03-05 17:19:41 - [MESSAGE][PASSED] - Delayed 3 second(s)

2018-03-05 17:19:42 - [MESSAGE][PASSED] - Navigate to 'https://d16a4dsnr8a0k1.cloudfront.net/en/2455233.html?price=150.00%20%E2%82%AC&partName=wilsonPartName&vin=wilsonVin&modelCode=XP11&paint=P0A94&modelDescription=wilsonModelDescription&additionalEquipment=wilsonAdditionalEquipment' successfully

2018-03-05 17:19:42 - [MESSAGE][PASSED] - Object 'Object Repository/CuPaDl/Loading_indicator' is visible

2018-03-05 17:19:51 - [MESSAGE][PASSED] - Object 'Object Repository/CuPaDl/Loading_indicator' is NOT visible

2018-03-05 17:19:52 - [MESSAGE][PASSED] - Delayed 1 second(s)

2018-03-05 17:19:52 - [MESSAGE][PASSED] - cupakeysDl.initStart.initialStart is PASSED

2018-03-05 17:19:52 - [TEST_STEP][PASSED] - Statement - (step++): null

2018-03-05 17:19:52 - [TEST_STEP][PASSED] - cupakeysDl.color.changecolor: cupakeysDl.color.changecolor is PASSED

2018-03-05 17:19:52 - [MESSAGE][PASSED] - Object 'Object Repository/CuPaDl/Color/Color' is visible

2018-03-05 17:19:52 - [MESSAGE][PASSED] - Object: 'Object Repository/CuPaDl/Color/Color' is clicked on

2018-03-05 17:19:52 - [MESSAGE][WARNING] - Timeout '0' is invalid. Using default page load timeout: '30'

2018-03-05 17:19:52 - [MESSAGE][PASSED] - Object 'Object Repository/CuPaDl/Color/Color_passionred' is visible

2018-03-05 17:19:53 - [MESSAGE][PASSED] - Delayed 1 second(s)

2018-03-05 17:19:54 - [MESSAGE][PASSED] - Object: 'Object Repository/CuPaDl/Color/Color_passionred' is clicked on

2018-03-05 17:19:55 - [MESSAGE][PASSED] - Object 'Object Repository/CuPaDl/Loading_indicator' is visible

2018-03-05 17:19:56 - [MESSAGE][PASSED] - Object 'Object Repository/CuPaDl/Loading_indicator' is NOT visible

2018-03-05 17:19:57 - [MESSAGE][PASSED] - Delayed 1 second(s)

2018-03-05 17:19:57 - [MESSAGE][PASSED] - cupakeysDl.color.changecolor is PASSED

2018-03-05 17:19:57 - [TEST_STEP][PASSED] - Statement - (step++): null

2018-03-05 17:19:57 - [TEST_STEP][PASSED] - cupakeysDl.chngstruct.changestructure: cupakeysDl.chngstruct.changestructure is PASSED

2018-03-05 17:19:57 - [MESSAGE][PASSED] - Object 'Object Repository/CuPaDl/Structure/Structure' is visible

2018-03-05 17:19:57 - [MESSAGE][PASSED] - Object: 'Object Repository/CuPaDl/Structure/Structure' is clicked on

2018-03-05 17:19:57 - [MESSAGE][WARNING] - Timeout '0' is invalid. Using default page load timeout: '30'

2018-03-05 17:19:57 - [MESSAGE][PASSED] - Object 'Object Repository/CuPaDl/Structure/Structure_Hahnentritt' is visible

2018-03-05 17:19:58 - [MESSAGE][PASSED] - Delayed 1 second(s)

2018-03-05 17:19:58 - [MESSAGE][PASSED] - Object: 'Object Repository/CuPaDl/Structure/Structure_hahnentritt' is clicked on

2018-03-05 17:20:00 - [MESSAGE][PASSED] - Object 'Object Repository/CuPaDl/Loading_indicator' is visible

2018-03-05 17:20:01 - [MESSAGE][PASSED] - Object 'Object Repository/CuPaDl/Loading_indicator' is NOT visible

2018-03-05 17:20:02 - [MESSAGE][PASSED] - Delayed 1 second(s)

2018-03-05 17:20:02 - [MESSAGE][PASSED] - cupakeysDl.chngstruct.changestructure is PASSED

2018-03-05 17:20:02 - [TEST_STEP][PASSED] - Statement - (step++): null

2018-03-05 17:20:02 - [TEST_STEP][PASSED] - cupakeysDl.sclstruct.scalestructure: cupakeysDl.sclstruct.scalestructure is PASSED

2018-03-05 17:20:05 - [MESSAGE][WARNING] - Object 'Object Repository/CuPaDl/Structure/Resize_Structure_bottomright' is not visible after 3 second(s)

2018-03-05 17:20:05 - [MESSAGE][PASSED] - Object: 'Object Repository/CuPaDl/Structure/Resize_Structure' is clicked on

2018-03-05 17:20:05 - [MESSAGE][WARNING] - Timeout '0' is invalid. Using default page load timeout: '30'

2018-03-05 17:20:05 - [MESSAGE][PASSED] - Object 'Object Repository/CuPaDl/Structure/Resize_Structure_bottomright' is visible

2018-03-05 17:20:06 - [MESSAGE][PASSED] - Delayed 1 second(s)

2018-03-05 17:20:06 - [MESSAGE][PASSED] - Current viewport's left (x) position is 0

2018-03-05 17:20:06 - [MESSAGE][PASSED] - Current viewport's top (y) position is 54

2018-03-05 17:20:06 - [MESSAGE][PASSED] - Dragged object with id 'Object Repository/CuPaDl/Structure/Resize_Structure_bottomright' by offset distance x = -225 and y = -171 successfully

2018-03-05 17:20:07 - [MESSAGE][PASSED] - Object 'Object Repository/CuPaDl/Loading_indicator' is visible

2018-03-05 17:20:08 - [MESSAGE][PASSED] - Object 'Object Repository/CuPaDl/Loading_indicator' is NOT visible

2018-03-05 17:20:09 - [MESSAGE][PASSED] - Delayed 1 second(s)

2018-03-05 17:20:09 - [MESSAGE][PASSED] - cupakeysDl.sclstruct.scalestructure is PASSED

2018-03-05 17:20:09 - [TEST_STEP][PASSED] - Statement - (step++): null

2018-03-05 17:20:09 - [TEST_STEP][PASSED] - Statement - iconmap += CustomKeywords.cupakeysDl.iconad.iconadd("paperplaneline", LoadTimeCorrector, step, run, device, timeStamp, iconcount): cupakeysDl.iconad.iconadd is PASSED

2018-03-05 17:20:09 - [MESSAGE][PASSED] - Object 'Object Repository/CuPaDl/Icons/Icon' is visible

2018-03-05 17:20:09 - [MESSAGE][PASSED] - Object: 'Object Repository/CuPaDl/Icons/Icon' is clicked on

2018-03-05 17:20:09 - [MESSAGE][WARNING] - Timeout '0' is invalid. Using default page load timeout: '30'

2018-03-05 17:20:09 - [MESSAGE][PASSED] - Object 'Object Repository/CuPaDl/Icons/Icon_paperplaneline' is visible

2018-03-05 17:20:10 - [MESSAGE][PASSED] - Delayed 1 second(s)

2018-03-05 17:20:10 - [MESSAGE][PASSED] - Object: 'Object Repository/CuPaDl/Icons/Icon_paperplaneline' is clicked on

2018-03-05 17:20:13 - [MESSAGE][PASSED] - Object 'Object Repository/CuPaDl/Loading_indicator' is visible

2018-03-05 17:20:14 - [MESSAGE][PASSED] - Object 'Object Repository/CuPaDl/Loading_indicator' is NOT visible

2018-03-05 17:20:14 - [MESSAGE][WARNING] - Timeout '0' is invalid. Using default page load timeout: '30'

2018-03-05 17:20:14 - [MESSAGE][PASSED] - Width of element 'Object Repository/CuPaDl/Icons/Reposition_icon' is '40'

2018-03-05 17:20:14 - [MESSAGE][PASSED] - Height of element 'Object Repository/CuPaDl/Icons/Reposition_icon' is '40'.

2018-03-05 17:20:15 - [MESSAGE][PASSED] - Delayed 1 second(s)

2018-03-05 17:20:15 - [MESSAGE][PASSED] - cupakeysDl.iconad.iconadd is PASSED

2018-03-05 17:20:15 - [TEST_STEP][PASSED] - Statement - (step++): null

2018-03-05 17:20:15 - [TEST_STEP][PASSED] - Statement - (iconcount++): null

2018-03-05 17:20:15 - [TEST_STEP][PASSED] - cupakeysDl.iconres.iconresize: cupakeysDl.iconres.iconresize is PASSED

2018-03-05 17:20:15 - [MESSAGE][PASSED] - Object 'Object Repository/CuPaDl/Icons/Reposition_icon' is visible

2018-03-05 17:20:15 - [MESSAGE][PASSED] - Current viewport's left (x) position is 0

2018-03-05 17:20:15 - [MESSAGE][PASSED] - Current viewport's top (y) position is 54

2018-03-05 17:20:15 - [MESSAGE][PASSED] - Dragged object with id 'Object Repository/CuPaDl/Icons/Resize_icon_bottomright' by offset distance x = -125 and y = -71 successfully

2018-03-05 17:20:17 - [MESSAGE][PASSED] - Object 'Object Repository/CuPaDl/Loading_indicator' is visible

2018-03-05 17:20:18 - [MESSAGE][PASSED] - Object 'Object Repository/CuPaDl/Loading_indicator' is NOT visible

2018-03-05 17:20:19 - [MESSAGE][PASSED] - Delayed 1 second(s)

2018-03-05 17:20:19 - [MESSAGE][PASSED] - cupakeysDl.iconres.iconresize is PASSED

2018-03-05 17:20:19 - [TEST_STEP][PASSED] - Statement - (step++): null

2018-03-05 17:20:19 - [TEST_STEP][PASSED] - cupakeysDl.slink.svlink: cupakeysDl.slink.svlink is PASSED

2018-03-05 17:20:19 - [MESSAGE][PASSED] - Scroll to object 'Object Repository/CuPaDl/Save/Save' successfully

2018-03-05 17:20:20 - [MESSAGE][PASSED] - Object: 'Object Repository/CuPaDl/Save/Save' is clicked on

2018-03-05 17:20:20 - [MESSAGE][WARNING] - Timeout '0' is invalid. Using default page load timeout: '30'

2018-03-05 17:20:22 - [MESSAGE][PASSED] - Object 'Object Repository/CuPaDl/Save/CopyLink' is visible

2018-03-05 17:20:22 - [MESSAGE][PASSED] - Object: 'Object Repository/CuPaDl/Save/CopyLink' is clicked on

2018-03-05 17:20:23 - [MESSAGE][PASSED] - Delayed 1 second(s)

2018-03-05 17:20:23 - [MESSAGE][PASSED] - Object: 'Object Repository/CuPaDl/Save/Close' is clicked on

2018-03-05 17:20:24 - [MESSAGE][PASSED] - Delayed 1 second(s)

2018-03-05 17:20:24 - [MESSAGE][PASSED] - cupakeysDl.slink.svlink is PASSED

2018-03-05 17:20:24 - [TEST_STEP][PASSED] - cupakeysDl.endsession.finishsession: cupakeysDl.endsession.finishsession is PASSED

2018-03-05 17:20:27 - [MESSAGE][PASSED] - Delayed 3 second(s)

2018-03-05 17:20:28 - [MESSAGE][PASSED] - Browser is closed

2018-03-05 17:20:28 - [MESSAGE][PASSED] - cupakeysDl.endsession.finishsession is PASSED]]></system-out>
         <system-err><![CDATA[]]></system-err>
      </testcase>
      <testcase name="Test Cases/CuPaStefanie/12" classname="Test Cases/CuPaStefanie/12" status="PASSED">
         <system-out><![CDATA[2018-03-05 17:20:28 - [TEST_CASE][PASSED] - Test Cases/CuPaStefanie/12: Test Cases/CuPaStefanie/12

2018-03-05 17:20:28 - [TEST_STEP][PASSED] - Statement - timeStamp = new java.text.SimpleDateFormat(dd.MM.yyyy_HH_mm_ss).format(java.util.Calendar.getInstance().getTime()): null

2018-03-05 17:20:28 - [TEST_STEP][PASSED] - Statement - timeStampScreenshot = new java.text.SimpleDateFormat(dd.MM.yyyy).format(java.util.Calendar.getInstance().getTime()): null

2018-03-05 17:20:28 - [TEST_STEP][PASSED] - Statement - iconmap = [:]: null

2018-03-05 17:20:28 - [TEST_STEP][PASSED] - Statement - txtmap = [:]: null

2018-03-05 17:20:28 - [TEST_STEP][PASSED] - Statement - signmap = [:]: null

2018-03-05 17:20:28 - [TEST_STEP][PASSED] - cupakeysDl.initStart.initialStart: cupakeysDl.initStart.initialStart is PASSED

2018-03-05 17:20:30 - [MESSAGE][PASSED] - Browser is opened with url: ''

2018-03-05 17:20:33 - [MESSAGE][PASSED] - Delayed 3 second(s)

2018-03-05 17:20:34 - [MESSAGE][PASSED] - Navigate to 'https://d16a4dsnr8a0k1.cloudfront.net/en/2455233.html?price=150.00%20%E2%82%AC&partName=wilsonPartName&vin=wilsonVin&modelCode=XP11&paint=P0A94&modelDescription=wilsonModelDescription&additionalEquipment=wilsonAdditionalEquipment' successfully

2018-03-05 17:20:34 - [MESSAGE][PASSED] - Object 'Object Repository/CuPaDl/Loading_indicator' is visible

2018-03-05 17:20:44 - [MESSAGE][PASSED] - Object 'Object Repository/CuPaDl/Loading_indicator' is NOT visible

2018-03-05 17:20:45 - [MESSAGE][PASSED] - Delayed 1 second(s)

2018-03-05 17:20:45 - [MESSAGE][PASSED] - cupakeysDl.initStart.initialStart is PASSED

2018-03-05 17:20:45 - [TEST_STEP][PASSED] - Statement - (step++): null

2018-03-05 17:20:45 - [TEST_STEP][PASSED] - cupakeysDl.color.changecolor: cupakeysDl.color.changecolor is PASSED

2018-03-05 17:20:45 - [MESSAGE][PASSED] - Object 'Object Repository/CuPaDl/Color/Color' is visible

2018-03-05 17:20:45 - [MESSAGE][PASSED] - Object: 'Object Repository/CuPaDl/Color/Color' is clicked on

2018-03-05 17:20:45 - [MESSAGE][WARNING] - Timeout '0' is invalid. Using default page load timeout: '30'

2018-03-05 17:20:45 - [MESSAGE][PASSED] - Object 'Object Repository/CuPaDl/Color/Color_passionred' is visible

2018-03-05 17:20:46 - [MESSAGE][PASSED] - Delayed 1 second(s)

2018-03-05 17:20:46 - [MESSAGE][PASSED] - Object: 'Object Repository/CuPaDl/Color/Color_passionred' is clicked on

2018-03-05 17:20:49 - [MESSAGE][WARNING] - Object 'Object Repository/CuPaDl/Loading_indicator' is not visible after 3 second(s)

2018-03-05 17:20:50 - [MESSAGE][PASSED] - Delayed 1 second(s)

2018-03-05 17:20:50 - [MESSAGE][PASSED] - cupakeysDl.color.changecolor is PASSED

2018-03-05 17:20:50 - [TEST_STEP][PASSED] - Statement - (step++): null

2018-03-05 17:20:50 - [TEST_STEP][PASSED] - cupakeysDl.chngstruct.changestructure: cupakeysDl.chngstruct.changestructure is PASSED

2018-03-05 17:20:51 - [MESSAGE][PASSED] - Object 'Object Repository/CuPaDl/Structure/Structure' is visible

2018-03-05 17:20:51 - [MESSAGE][PASSED] - Object: 'Object Repository/CuPaDl/Structure/Structure' is clicked on

2018-03-05 17:20:51 - [MESSAGE][WARNING] - Timeout '0' is invalid. Using default page load timeout: '30'

2018-03-05 17:20:51 - [MESSAGE][PASSED] - Object 'Object Repository/CuPaDl/Structure/Structure_Hahnentritt' is visible

2018-03-05 17:20:52 - [MESSAGE][PASSED] - Delayed 1 second(s)

2018-03-05 17:20:52 - [MESSAGE][PASSED] - Object: 'Object Repository/CuPaDl/Structure/Structure_hahnentritt' is clicked on

2018-03-05 17:20:54 - [MESSAGE][PASSED] - Object 'Object Repository/CuPaDl/Loading_indicator' is visible

2018-03-05 17:20:55 - [MESSAGE][PASSED] - Object 'Object Repository/CuPaDl/Loading_indicator' is NOT visible

2018-03-05 17:20:56 - [MESSAGE][PASSED] - Delayed 1 second(s)

2018-03-05 17:20:56 - [MESSAGE][PASSED] - cupakeysDl.chngstruct.changestructure is PASSED

2018-03-05 17:20:56 - [TEST_STEP][PASSED] - Statement - (step++): null

2018-03-05 17:20:56 - [TEST_STEP][PASSED] - cupakeysDl.sclstruct.scalestructure: cupakeysDl.sclstruct.scalestructure is PASSED

2018-03-05 17:20:59 - [MESSAGE][WARNING] - Object 'Object Repository/CuPaDl/Structure/Resize_Structure_bottomright' is not visible after 3 second(s)

2018-03-05 17:20:59 - [MESSAGE][PASSED] - Object: 'Object Repository/CuPaDl/Structure/Resize_Structure' is clicked on

2018-03-05 17:20:59 - [MESSAGE][WARNING] - Timeout '0' is invalid. Using default page load timeout: '30'

2018-03-05 17:20:59 - [MESSAGE][PASSED] - Object 'Object Repository/CuPaDl/Structure/Resize_Structure_bottomright' is visible

2018-03-05 17:21:00 - [MESSAGE][PASSED] - Delayed 1 second(s)

2018-03-05 17:21:00 - [MESSAGE][PASSED] - Current viewport's left (x) position is 0

2018-03-05 17:21:00 - [MESSAGE][PASSED] - Current viewport's top (y) position is 54

2018-03-05 17:21:00 - [MESSAGE][PASSED] - Dragged object with id 'Object Repository/CuPaDl/Structure/Resize_Structure_bottomright' by offset distance x = 225 and y = 279 successfully

2018-03-05 17:21:02 - [MESSAGE][PASSED] - Object 'Object Repository/CuPaDl/Loading_indicator' is visible

2018-03-05 17:21:03 - [MESSAGE][PASSED] - Object 'Object Repository/CuPaDl/Loading_indicator' is NOT visible

2018-03-05 17:21:04 - [MESSAGE][PASSED] - Delayed 1 second(s)

2018-03-05 17:21:04 - [MESSAGE][PASSED] - cupakeysDl.sclstruct.scalestructure is PASSED

2018-03-05 17:21:04 - [TEST_STEP][PASSED] - Statement - (step++): null

2018-03-05 17:21:04 - [TEST_STEP][PASSED] - Statement - iconmap += CustomKeywords.cupakeysDl.iconad.iconadd("paperplaneline", LoadTimeCorrector, step, run, device, timeStamp, iconcount): cupakeysDl.iconad.iconadd is PASSED

2018-03-05 17:21:04 - [MESSAGE][PASSED] - Object 'Object Repository/CuPaDl/Icons/Icon' is visible

2018-03-05 17:21:04 - [MESSAGE][PASSED] - Object: 'Object Repository/CuPaDl/Icons/Icon' is clicked on

2018-03-05 17:21:04 - [MESSAGE][WARNING] - Timeout '0' is invalid. Using default page load timeout: '30'

2018-03-05 17:21:05 - [MESSAGE][PASSED] - Object 'Object Repository/CuPaDl/Icons/Icon_paperplaneline' is visible

2018-03-05 17:21:06 - [MESSAGE][PASSED] - Delayed 1 second(s)

2018-03-05 17:21:06 - [MESSAGE][PASSED] - Object: 'Object Repository/CuPaDl/Icons/Icon_paperplaneline' is clicked on

2018-03-05 17:21:07 - [MESSAGE][PASSED] - Object 'Object Repository/CuPaDl/Loading_indicator' is visible

2018-03-05 17:21:10 - [MESSAGE][PASSED] - Object 'Object Repository/CuPaDl/Loading_indicator' is NOT visible

2018-03-05 17:21:10 - [MESSAGE][WARNING] - Timeout '0' is invalid. Using default page load timeout: '30'

2018-03-05 17:21:10 - [MESSAGE][PASSED] - Width of element 'Object Repository/CuPaDl/Icons/Reposition_icon' is '40'

2018-03-05 17:21:10 - [MESSAGE][PASSED] - Height of element 'Object Repository/CuPaDl/Icons/Reposition_icon' is '40'.

2018-03-05 17:21:11 - [MESSAGE][PASSED] - Delayed 1 second(s)

2018-03-05 17:21:11 - [MESSAGE][PASSED] - cupakeysDl.iconad.iconadd is PASSED

2018-03-05 17:21:11 - [TEST_STEP][PASSED] - Statement - (step++): null

2018-03-05 17:21:11 - [TEST_STEP][PASSED] - Statement - (iconcount++): null

2018-03-05 17:21:11 - [TEST_STEP][PASSED] - cupakeysDl.iconres.iconresize: cupakeysDl.iconres.iconresize is PASSED

2018-03-05 17:21:11 - [MESSAGE][PASSED] - Object 'Object Repository/CuPaDl/Icons/Reposition_icon' is visible

2018-03-05 17:21:11 - [MESSAGE][PASSED] - Current viewport's left (x) position is 0

2018-03-05 17:21:11 - [MESSAGE][PASSED] - Current viewport's top (y) position is 54

2018-03-05 17:21:11 - [MESSAGE][PASSED] - Dragged object with id 'Object Repository/CuPaDl/Icons/Resize_icon_bottomright' by offset distance x = 125 and y = 179 successfully

2018-03-05 17:21:13 - [MESSAGE][PASSED] - Object 'Object Repository/CuPaDl/Loading_indicator' is visible

2018-03-05 17:21:14 - [MESSAGE][PASSED] - Object 'Object Repository/CuPaDl/Loading_indicator' is NOT visible

2018-03-05 17:21:15 - [MESSAGE][PASSED] - Delayed 1 second(s)

2018-03-05 17:21:15 - [MESSAGE][PASSED] - cupakeysDl.iconres.iconresize is PASSED

2018-03-05 17:21:15 - [TEST_STEP][PASSED] - Statement - (step++): null

2018-03-05 17:21:15 - [TEST_STEP][PASSED] - cupakeysDl.slink.svlink: cupakeysDl.slink.svlink is PASSED

2018-03-05 17:21:15 - [MESSAGE][PASSED] - Scroll to object 'Object Repository/CuPaDl/Save/Save' successfully

2018-03-05 17:21:15 - [MESSAGE][PASSED] - Object: 'Object Repository/CuPaDl/Save/Save' is clicked on

2018-03-05 17:21:15 - [MESSAGE][WARNING] - Timeout '0' is invalid. Using default page load timeout: '30'

2018-03-05 17:21:17 - [MESSAGE][PASSED] - Object 'Object Repository/CuPaDl/Save/CopyLink' is visible

2018-03-05 17:21:17 - [MESSAGE][PASSED] - Object: 'Object Repository/CuPaDl/Save/CopyLink' is clicked on

2018-03-05 17:21:18 - [MESSAGE][PASSED] - Delayed 1 second(s)

2018-03-05 17:21:18 - [MESSAGE][PASSED] - Object: 'Object Repository/CuPaDl/Save/Close' is clicked on

2018-03-05 17:21:19 - [MESSAGE][PASSED] - Delayed 1 second(s)

2018-03-05 17:21:19 - [MESSAGE][PASSED] - cupakeysDl.slink.svlink is PASSED

2018-03-05 17:21:19 - [TEST_STEP][PASSED] - cupakeysDl.endsession.finishsession: cupakeysDl.endsession.finishsession is PASSED

2018-03-05 17:21:22 - [MESSAGE][PASSED] - Delayed 3 second(s)

2018-03-05 17:21:23 - [MESSAGE][PASSED] - Browser is closed

2018-03-05 17:21:23 - [MESSAGE][PASSED] - cupakeysDl.endsession.finishsession is PASSED]]></system-out>
         <system-err><![CDATA[]]></system-err>
      </testcase>
      <testcase name="Test Cases/CuPaStefanie/13" classname="Test Cases/CuPaStefanie/13" status="FAILED">
         <failure type="FAILED" message="Unable to click on object 'Object Repository/CuPaDl/Structure/Structure_fade' (Root cause: org.openqa.selenium.ElementNotVisibleException: element not visible
  (Session info: headless chrome=64.0.3282.186)
  (Driver info: chromedriver=2.35.528161 (5b82f2d2aae0ca24b877009200ced9065a772e73),platform=Windows NT 10.0.16299 x86_64) (WARNING: The server did not provide any stacktrace information)
Command duration or timeout: 0 milliseconds
Build info: version: '3.7.1', revision: '8a0099a', time: '2017-11-06T21:07:36.161Z'
System info: host: 'DESKTOP-47R6KV7', ip: '192.168.100.78', os.name: 'Windows 10', os.arch: 'amd64', os.version: '10.0', java.version: '1.8.0_102'
Driver info: com.kms.katalon.selenium.driver.CChromeDriver
Capabilities {acceptInsecureCerts: false, acceptSslCerts: false, applicationCacheEnabled: false, browserConnectionEnabled: false, browserName: chrome, chrome: {chromedriverVersion: 2.35.528161 (5b82f2d2aae0ca..., userDataDir: C:\Users\MEGAPO~1\AppData\L...}, cssSelectorsEnabled: true, databaseEnabled: false, handlesAlerts: true, hasTouchScreen: false, javascriptEnabled: true, locationContextEnabled: true, mobileEmulationEnabled: false, nativeEvents: true, networkConnectionEnabled: false, pageLoadStrategy: normal, platform: XP, platformName: XP, rotatable: false, setWindowRect: true, takesHeapSnapshot: true, takesScreenshot: true, unexpectedAlertBehaviour: , unhandledPromptBehavior: , version: 64.0.3282.186, webStorageEnabled: true}
Session ID: 44663ff4784f7280214369e3811362b3)"/>
         <system-out><![CDATA[2018-03-05 17:21:23 - [TEST_CASE][FAILED] - Test Cases/CuPaStefanie/13: Test Cases/CuPaStefanie/13 FAILED because (of) Unable to click on object 'Object Repository/CuPaDl/Structure/Structure_fade' (Root cause: org.openqa.selenium.ElementNotVisibleException: element not visible
  (Session info: headless chrome=64.0.3282.186)
  (Driver info: chromedriver=2.35.528161 (5b82f2d2aae0ca24b877009200ced9065a772e73),platform=Windows NT 10.0.16299 x86_64) (WARNING: The server did not provide any stacktrace information)
Command duration or timeout: 0 milliseconds
Build info: version: '3.7.1', revision: '8a0099a', time: '2017-11-06T21:07:36.161Z'
System info: host: 'DESKTOP-47R6KV7', ip: '192.168.100.78', os.name: 'Windows 10', os.arch: 'amd64', os.version: '10.0', java.version: '1.8.0_102'
Driver info: com.kms.katalon.selenium.driver.CChromeDriver
Capabilities {acceptInsecureCerts: false, acceptSslCerts: false, applicationCacheEnabled: false, browserConnectionEnabled: false, browserName: chrome, chrome: {chromedriverVersion: 2.35.528161 (5b82f2d2aae0ca..., userDataDir: C:\Users\MEGAPO~1\AppData\L...}, cssSelectorsEnabled: true, databaseEnabled: false, handlesAlerts: true, hasTouchScreen: false, javascriptEnabled: true, locationContextEnabled: true, mobileEmulationEnabled: false, nativeEvents: true, networkConnectionEnabled: false, pageLoadStrategy: normal, platform: XP, platformName: XP, rotatable: false, setWindowRect: true, takesHeapSnapshot: true, takesScreenshot: true, unexpectedAlertBehaviour: , unhandledPromptBehavior: , version: 64.0.3282.186, webStorageEnabled: true}
Session ID: 44663ff4784f7280214369e3811362b3)

2018-03-05 17:21:23 - [TEST_STEP][PASSED] - Statement - timeStamp = new java.text.SimpleDateFormat(dd.MM.yyyy).format(java.util.Calendar.getInstance().getTime()): null

2018-03-05 17:21:23 - [TEST_STEP][PASSED] - Statement - timeStampScreenshot = new java.text.SimpleDateFormat(dd.MM.yyyy).format(java.util.Calendar.getInstance().getTime()): null

2018-03-05 17:21:23 - [TEST_STEP][PASSED] - Statement - iconmap = [:]: null

2018-03-05 17:21:23 - [TEST_STEP][PASSED] - Statement - txtmap = [:]: null

2018-03-05 17:21:23 - [TEST_STEP][PASSED] - Statement - signmap = [:]: null

2018-03-05 17:21:23 - [TEST_STEP][PASSED] - cupakeysDl.initStart.initialStart: cupakeysDl.initStart.initialStart is PASSED

2018-03-05 17:21:25 - [MESSAGE][PASSED] - Browser is opened with url: ''

2018-03-05 17:21:28 - [MESSAGE][PASSED] - Delayed 3 second(s)

2018-03-05 17:21:29 - [MESSAGE][PASSED] - Navigate to 'https://d16a4dsnr8a0k1.cloudfront.net/en/2455233.html?price=150.00%20%E2%82%AC&partName=wilsonPartName&vin=wilsonVin&modelCode=XP11&paint=P0A94&modelDescription=wilsonModelDescription&additionalEquipment=wilsonAdditionalEquipment' successfully

2018-03-05 17:21:29 - [MESSAGE][PASSED] - Object 'Object Repository/CuPaDl/Loading_indicator' is visible

2018-03-05 17:21:40 - [MESSAGE][PASSED] - Object 'Object Repository/CuPaDl/Loading_indicator' is NOT visible

2018-03-05 17:21:41 - [MESSAGE][PASSED] - Delayed 1 second(s)

2018-03-05 17:21:41 - [MESSAGE][PASSED] - cupakeysDl.initStart.initialStart is PASSED

2018-03-05 17:21:41 - [TEST_STEP][PASSED] - Statement - (step++): null

2018-03-05 17:21:41 - [TEST_STEP][PASSED] - cupakeysDl.color.changecolor: cupakeysDl.color.changecolor is PASSED

2018-03-05 17:21:41 - [MESSAGE][PASSED] - Object 'Object Repository/CuPaDl/Color/Color' is visible

2018-03-05 17:21:41 - [MESSAGE][PASSED] - Object: 'Object Repository/CuPaDl/Color/Color' is clicked on

2018-03-05 17:21:41 - [MESSAGE][WARNING] - Timeout '0' is invalid. Using default page load timeout: '30'

2018-03-05 17:21:41 - [MESSAGE][PASSED] - Object 'Object Repository/CuPaDl/Color/Color_nightlightblue' is visible

2018-03-05 17:21:42 - [MESSAGE][PASSED] - Delayed 1 second(s)

2018-03-05 17:21:42 - [MESSAGE][PASSED] - Object: 'Object Repository/CuPaDl/Color/Color_nightlightblue' is clicked on

2018-03-05 17:21:44 - [MESSAGE][PASSED] - Object 'Object Repository/CuPaDl/Loading_indicator' is visible

2018-03-05 17:21:45 - [MESSAGE][PASSED] - Object 'Object Repository/CuPaDl/Loading_indicator' is NOT visible

2018-03-05 17:21:46 - [MESSAGE][PASSED] - Delayed 1 second(s)

2018-03-05 17:21:46 - [MESSAGE][PASSED] - cupakeysDl.color.changecolor is PASSED

2018-03-05 17:21:46 - [TEST_STEP][PASSED] - Statement - (step++): null

2018-03-05 17:21:46 - [TEST_STEP][FAILED] - cupakeysDl.chngstruct.changestructure: Unable to click on object 'Object Repository/CuPaDl/Structure/Structure_fade' (Root cause: org.openqa.selenium.ElementNotVisibleException: element not visible
  (Session info: headless chrome=64.0.3282.186)
  (Driver info: chromedriver=2.35.528161 (5b82f2d2aae0ca24b877009200ced9065a772e73),platform=Windows NT 10.0.16299 x86_64) (WARNING: The server did not provide any stacktrace information)
Command duration or timeout: 0 milliseconds
Build info: version: '3.7.1', revision: '8a0099a', time: '2017-11-06T21:07:36.161Z'
System info: host: 'DESKTOP-47R6KV7', ip: '192.168.100.78', os.name: 'Windows 10', os.arch: 'amd64', os.version: '10.0', java.version: '1.8.0_102'
Driver info: com.kms.katalon.selenium.driver.CChromeDriver
Capabilities {acceptInsecureCerts: false, acceptSslCerts: false, applicationCacheEnabled: false, browserConnectionEnabled: false, browserName: chrome, chrome: {chromedriverVersion: 2.35.528161 (5b82f2d2aae0ca..., userDataDir: C:\Users\MEGAPO~1\AppData\L...}, cssSelectorsEnabled: true, databaseEnabled: false, handlesAlerts: true, hasTouchScreen: false, javascriptEnabled: true, locationContextEnabled: true, mobileEmulationEnabled: false, nativeEvents: true, networkConnectionEnabled: false, pageLoadStrategy: normal, platform: XP, platformName: XP, rotatable: false, setWindowRect: true, takesHeapSnapshot: true, takesScreenshot: true, unexpectedAlertBehaviour: , unhandledPromptBehavior: , version: 64.0.3282.186, webStorageEnabled: true}
Session ID: 44663ff4784f7280214369e3811362b3)

2018-03-05 17:21:46 - [MESSAGE][PASSED] - Object 'Object Repository/CuPaDl/Structure/Structure' is visible

2018-03-05 17:21:46 - [MESSAGE][PASSED] - Object: 'Object Repository/CuPaDl/Structure/Structure' is clicked on

2018-03-05 17:21:46 - [MESSAGE][WARNING] - Timeout '0' is invalid. Using default page load timeout: '30'

2018-03-05 17:21:46 - [MESSAGE][PASSED] - Object 'Object Repository/CuPaDl/Structure/Structure_Hahnentritt' is visible

2018-03-05 17:21:47 - [MESSAGE][PASSED] - Delayed 1 second(s)

2018-03-05 17:21:47 - [MESSAGE][FAILED] - Unable to click on object 'Object Repository/CuPaDl/Structure/Structure_fade' (Root cause: org.openqa.selenium.ElementNotVisibleException: element not visible
  (Session info: headless chrome=64.0.3282.186)
  (Driver info: chromedriver=2.35.528161 (5b82f2d2aae0ca24b877009200ced9065a772e73),platform=Windows NT 10.0.16299 x86_64) (WARNING: The server did not provide any stacktrace information)
Command duration or timeout: 0 milliseconds
Build info: version: '3.7.1', revision: '8a0099a', time: '2017-11-06T21:07:36.161Z'
System info: host: 'DESKTOP-47R6KV7', ip: '192.168.100.78', os.name: 'Windows 10', os.arch: 'amd64', os.version: '10.0', java.version: '1.8.0_102'
Driver info: com.kms.katalon.selenium.driver.CChromeDriver
Capabilities {acceptInsecureCerts: false, acceptSslCerts: false, applicationCacheEnabled: false, browserConnectionEnabled: false, browserName: chrome, chrome: {chromedriverVersion: 2.35.528161 (5b82f2d2aae0ca..., userDataDir: C:\Users\MEGAPO~1\AppData\L...}, cssSelectorsEnabled: true, databaseEnabled: false, handlesAlerts: true, hasTouchScreen: false, javascriptEnabled: true, locationContextEnabled: true, mobileEmulationEnabled: false, nativeEvents: true, networkConnectionEnabled: false, pageLoadStrategy: normal, platform: XP, platformName: XP, rotatable: false, setWindowRect: true, takesHeapSnapshot: true, takesScreenshot: true, unexpectedAlertBehaviour: , unhandledPromptBehavior: , version: 64.0.3282.186, webStorageEnabled: true}
Session ID: 44663ff4784f7280214369e3811362b3)

2018-03-05 17:21:47 - [MESSAGE][FAILED] - Unable to click on object 'Object Repository/CuPaDl/Structure/Structure_fade' (Root cause: org.openqa.selenium.ElementNotVisibleException: element not visible
  (Session info: headless chrome=64.0.3282.186)
  (Driver info: chromedriver=2.35.528161 (5b82f2d2aae0ca24b877009200ced9065a772e73),platform=Windows NT 10.0.16299 x86_64) (WARNING: The server did not provide any stacktrace information)
Command duration or timeout: 0 milliseconds
Build info: version: '3.7.1', revision: '8a0099a', time: '2017-11-06T21:07:36.161Z'
System info: host: 'DESKTOP-47R6KV7', ip: '192.168.100.78', os.name: 'Windows 10', os.arch: 'amd64', os.version: '10.0', java.version: '1.8.0_102'
Driver info: com.kms.katalon.selenium.driver.CChromeDriver
Capabilities {acceptInsecureCerts: false, acceptSslCerts: false, applicationCacheEnabled: false, browserConnectionEnabled: false, browserName: chrome, chrome: {chromedriverVersion: 2.35.528161 (5b82f2d2aae0ca..., userDataDir: C:\Users\MEGAPO~1\AppData\L...}, cssSelectorsEnabled: true, databaseEnabled: false, handlesAlerts: true, hasTouchScreen: false, javascriptEnabled: true, locationContextEnabled: true, mobileEmulationEnabled: false, nativeEvents: true, networkConnectionEnabled: false, pageLoadStrategy: normal, platform: XP, platformName: XP, rotatable: false, setWindowRect: true, takesHeapSnapshot: true, takesScreenshot: true, unexpectedAlertBehaviour: , unhandledPromptBehavior: , version: 64.0.3282.186, webStorageEnabled: true}
Session ID: 44663ff4784f7280214369e3811362b3)]]></system-out>
         <system-err><![CDATA[2018-03-05 17:21:23 - [TEST_CASE][FAILED] - Test Cases/CuPaStefanie/13: Test Cases/CuPaStefanie/13 FAILED because (of) Unable to click on object 'Object Repository/CuPaDl/Structure/Structure_fade' (Root cause: org.openqa.selenium.ElementNotVisibleException: element not visible
  (Session info: headless chrome=64.0.3282.186)
  (Driver info: chromedriver=2.35.528161 (5b82f2d2aae0ca24b877009200ced9065a772e73),platform=Windows NT 10.0.16299 x86_64) (WARNING: The server did not provide any stacktrace information)
Command duration or timeout: 0 milliseconds
Build info: version: '3.7.1', revision: '8a0099a', time: '2017-11-06T21:07:36.161Z'
System info: host: 'DESKTOP-47R6KV7', ip: '192.168.100.78', os.name: 'Windows 10', os.arch: 'amd64', os.version: '10.0', java.version: '1.8.0_102'
Driver info: com.kms.katalon.selenium.driver.CChromeDriver
Capabilities {acceptInsecureCerts: false, acceptSslCerts: false, applicationCacheEnabled: false, browserConnectionEnabled: false, browserName: chrome, chrome: {chromedriverVersion: 2.35.528161 (5b82f2d2aae0ca..., userDataDir: C:\Users\MEGAPO~1\AppData\L...}, cssSelectorsEnabled: true, databaseEnabled: false, handlesAlerts: true, hasTouchScreen: false, javascriptEnabled: true, locationContextEnabled: true, mobileEmulationEnabled: false, nativeEvents: true, networkConnectionEnabled: false, pageLoadStrategy: normal, platform: XP, platformName: XP, rotatable: false, setWindowRect: true, takesHeapSnapshot: true, takesScreenshot: true, unexpectedAlertBehaviour: , unhandledPromptBehavior: , version: 64.0.3282.186, webStorageEnabled: true}
Session ID: 44663ff4784f7280214369e3811362b3)]]></system-err>
      </testcase>
      <testcase name="Test Cases/CuPaStefanie/14" classname="Test Cases/CuPaStefanie/14" status="FAILED">
         <failure type="FAILED" message="Unable to click on object 'Object Repository/CuPaDl/Structure/Structure_fade' (Root cause: org.openqa.selenium.ElementNotVisibleException: element not visible
  (Session info: headless chrome=64.0.3282.186)
  (Driver info: chromedriver=2.35.528161 (5b82f2d2aae0ca24b877009200ced9065a772e73),platform=Windows NT 10.0.16299 x86_64) (WARNING: The server did not provide any stacktrace information)
Command duration or timeout: 0 milliseconds
Build info: version: '3.7.1', revision: '8a0099a', time: '2017-11-06T21:07:36.161Z'
System info: host: 'DESKTOP-47R6KV7', ip: '192.168.100.78', os.name: 'Windows 10', os.arch: 'amd64', os.version: '10.0', java.version: '1.8.0_102'
Driver info: com.kms.katalon.selenium.driver.CChromeDriver
Capabilities {acceptInsecureCerts: false, acceptSslCerts: false, applicationCacheEnabled: false, browserConnectionEnabled: false, browserName: chrome, chrome: {chromedriverVersion: 2.35.528161 (5b82f2d2aae0ca..., userDataDir: C:\Users\MEGAPO~1\AppData\L...}, cssSelectorsEnabled: true, databaseEnabled: false, handlesAlerts: true, hasTouchScreen: false, javascriptEnabled: true, locationContextEnabled: true, mobileEmulationEnabled: false, nativeEvents: true, networkConnectionEnabled: false, pageLoadStrategy: normal, platform: XP, platformName: XP, rotatable: false, setWindowRect: true, takesHeapSnapshot: true, takesScreenshot: true, unexpectedAlertBehaviour: , unhandledPromptBehavior: , version: 64.0.3282.186, webStorageEnabled: true}
Session ID: 2eff5ad62466a43dc56622fd5caf3425)"/>
         <system-out><![CDATA[2018-03-05 17:21:47 - [TEST_CASE][FAILED] - Test Cases/CuPaStefanie/14: Test Cases/CuPaStefanie/14 FAILED because (of) Unable to click on object 'Object Repository/CuPaDl/Structure/Structure_fade' (Root cause: org.openqa.selenium.ElementNotVisibleException: element not visible
  (Session info: headless chrome=64.0.3282.186)
  (Driver info: chromedriver=2.35.528161 (5b82f2d2aae0ca24b877009200ced9065a772e73),platform=Windows NT 10.0.16299 x86_64) (WARNING: The server did not provide any stacktrace information)
Command duration or timeout: 0 milliseconds
Build info: version: '3.7.1', revision: '8a0099a', time: '2017-11-06T21:07:36.161Z'
System info: host: 'DESKTOP-47R6KV7', ip: '192.168.100.78', os.name: 'Windows 10', os.arch: 'amd64', os.version: '10.0', java.version: '1.8.0_102'
Driver info: com.kms.katalon.selenium.driver.CChromeDriver
Capabilities {acceptInsecureCerts: false, acceptSslCerts: false, applicationCacheEnabled: false, browserConnectionEnabled: false, browserName: chrome, chrome: {chromedriverVersion: 2.35.528161 (5b82f2d2aae0ca..., userDataDir: C:\Users\MEGAPO~1\AppData\L...}, cssSelectorsEnabled: true, databaseEnabled: false, handlesAlerts: true, hasTouchScreen: false, javascriptEnabled: true, locationContextEnabled: true, mobileEmulationEnabled: false, nativeEvents: true, networkConnectionEnabled: false, pageLoadStrategy: normal, platform: XP, platformName: XP, rotatable: false, setWindowRect: true, takesHeapSnapshot: true, takesScreenshot: true, unexpectedAlertBehaviour: , unhandledPromptBehavior: , version: 64.0.3282.186, webStorageEnabled: true}
Session ID: 2eff5ad62466a43dc56622fd5caf3425)

2018-03-05 17:21:47 - [TEST_STEP][PASSED] - Statement - timeStamp = new java.text.SimpleDateFormat(dd.MM.yyyy).format(java.util.Calendar.getInstance().getTime()): null

2018-03-05 17:21:47 - [TEST_STEP][PASSED] - Statement - timeStampScreenshot = new java.text.SimpleDateFormat(dd.MM.yyyy).format(java.util.Calendar.getInstance().getTime()): null

2018-03-05 17:21:47 - [TEST_STEP][PASSED] - Statement - iconmap = [:]: null

2018-03-05 17:21:47 - [TEST_STEP][PASSED] - Statement - txtmap = [:]: null

2018-03-05 17:21:47 - [TEST_STEP][PASSED] - Statement - signmap = [:]: null

2018-03-05 17:21:47 - [TEST_STEP][PASSED] - cupakeysDl.initStart.initialStart: cupakeysDl.initStart.initialStart is PASSED

2018-03-05 17:21:47 - [MESSAGE][WARNING] - A browser is already opened. Closing browser and opening a new one

2018-03-05 17:21:50 - [MESSAGE][PASSED] - Browser is opened with url: ''

2018-03-05 17:21:53 - [MESSAGE][PASSED] - Delayed 3 second(s)

2018-03-05 17:21:54 - [MESSAGE][PASSED] - Navigate to 'https://d16a4dsnr8a0k1.cloudfront.net/en/2455233.html?price=150.00%20%E2%82%AC&partName=wilsonPartName&vin=wilsonVin&modelCode=XP11&paint=P0A94&modelDescription=wilsonModelDescription&additionalEquipment=wilsonAdditionalEquipment' successfully

2018-03-05 17:21:54 - [MESSAGE][PASSED] - Object 'Object Repository/CuPaDl/Loading_indicator' is visible

2018-03-05 17:22:07 - [MESSAGE][PASSED] - Object 'Object Repository/CuPaDl/Loading_indicator' is NOT visible

2018-03-05 17:22:08 - [MESSAGE][PASSED] - Delayed 1 second(s)

2018-03-05 17:22:08 - [MESSAGE][PASSED] - cupakeysDl.initStart.initialStart is PASSED

2018-03-05 17:22:08 - [TEST_STEP][PASSED] - Statement - (step++): null

2018-03-05 17:22:08 - [TEST_STEP][PASSED] - cupakeysDl.color.changecolor: cupakeysDl.color.changecolor is PASSED

2018-03-05 17:22:08 - [MESSAGE][PASSED] - Object 'Object Repository/CuPaDl/Color/Color' is visible

2018-03-05 17:22:08 - [MESSAGE][PASSED] - Object: 'Object Repository/CuPaDl/Color/Color' is clicked on

2018-03-05 17:22:08 - [MESSAGE][WARNING] - Timeout '0' is invalid. Using default page load timeout: '30'

2018-03-05 17:22:08 - [MESSAGE][PASSED] - Object 'Object Repository/CuPaDl/Color/Color_nightlightblue' is visible

2018-03-05 17:22:09 - [MESSAGE][PASSED] - Delayed 1 second(s)

2018-03-05 17:22:09 - [MESSAGE][PASSED] - Object: 'Object Repository/CuPaDl/Color/Color_nightlightblue' is clicked on

2018-03-05 17:22:13 - [MESSAGE][WARNING] - Object 'Object Repository/CuPaDl/Loading_indicator' is not visible after 3 second(s)

2018-03-05 17:22:14 - [MESSAGE][PASSED] - Delayed 1 second(s)

2018-03-05 17:22:14 - [MESSAGE][PASSED] - cupakeysDl.color.changecolor is PASSED

2018-03-05 17:22:14 - [TEST_STEP][PASSED] - Statement - (step++): null

2018-03-05 17:22:14 - [TEST_STEP][FAILED] - cupakeysDl.chngstruct.changestructure: Unable to click on object 'Object Repository/CuPaDl/Structure/Structure_fade' (Root cause: org.openqa.selenium.ElementNotVisibleException: element not visible
  (Session info: headless chrome=64.0.3282.186)
  (Driver info: chromedriver=2.35.528161 (5b82f2d2aae0ca24b877009200ced9065a772e73),platform=Windows NT 10.0.16299 x86_64) (WARNING: The server did not provide any stacktrace information)
Command duration or timeout: 0 milliseconds
Build info: version: '3.7.1', revision: '8a0099a', time: '2017-11-06T21:07:36.161Z'
System info: host: 'DESKTOP-47R6KV7', ip: '192.168.100.78', os.name: 'Windows 10', os.arch: 'amd64', os.version: '10.0', java.version: '1.8.0_102'
Driver info: com.kms.katalon.selenium.driver.CChromeDriver
Capabilities {acceptInsecureCerts: false, acceptSslCerts: false, applicationCacheEnabled: false, browserConnectionEnabled: false, browserName: chrome, chrome: {chromedriverVersion: 2.35.528161 (5b82f2d2aae0ca..., userDataDir: C:\Users\MEGAPO~1\AppData\L...}, cssSelectorsEnabled: true, databaseEnabled: false, handlesAlerts: true, hasTouchScreen: false, javascriptEnabled: true, locationContextEnabled: true, mobileEmulationEnabled: false, nativeEvents: true, networkConnectionEnabled: false, pageLoadStrategy: normal, platform: XP, platformName: XP, rotatable: false, setWindowRect: true, takesHeapSnapshot: true, takesScreenshot: true, unexpectedAlertBehaviour: , unhandledPromptBehavior: , version: 64.0.3282.186, webStorageEnabled: true}
Session ID: 2eff5ad62466a43dc56622fd5caf3425)

2018-03-05 17:22:14 - [MESSAGE][PASSED] - Object 'Object Repository/CuPaDl/Structure/Structure' is visible

2018-03-05 17:22:14 - [MESSAGE][PASSED] - Object: 'Object Repository/CuPaDl/Structure/Structure' is clicked on

2018-03-05 17:22:14 - [MESSAGE][WARNING] - Timeout '0' is invalid. Using default page load timeout: '30'

2018-03-05 17:22:14 - [MESSAGE][PASSED] - Object 'Object Repository/CuPaDl/Structure/Structure_Hahnentritt' is visible

2018-03-05 17:22:15 - [MESSAGE][PASSED] - Delayed 1 second(s)

2018-03-05 17:22:15 - [MESSAGE][FAILED] - Unable to click on object 'Object Repository/CuPaDl/Structure/Structure_fade' (Root cause: org.openqa.selenium.ElementNotVisibleException: element not visible
  (Session info: headless chrome=64.0.3282.186)
  (Driver info: chromedriver=2.35.528161 (5b82f2d2aae0ca24b877009200ced9065a772e73),platform=Windows NT 10.0.16299 x86_64) (WARNING: The server did not provide any stacktrace information)
Command duration or timeout: 0 milliseconds
Build info: version: '3.7.1', revision: '8a0099a', time: '2017-11-06T21:07:36.161Z'
System info: host: 'DESKTOP-47R6KV7', ip: '192.168.100.78', os.name: 'Windows 10', os.arch: 'amd64', os.version: '10.0', java.version: '1.8.0_102'
Driver info: com.kms.katalon.selenium.driver.CChromeDriver
Capabilities {acceptInsecureCerts: false, acceptSslCerts: false, applicationCacheEnabled: false, browserConnectionEnabled: false, browserName: chrome, chrome: {chromedriverVersion: 2.35.528161 (5b82f2d2aae0ca..., userDataDir: C:\Users\MEGAPO~1\AppData\L...}, cssSelectorsEnabled: true, databaseEnabled: false, handlesAlerts: true, hasTouchScreen: false, javascriptEnabled: true, locationContextEnabled: true, mobileEmulationEnabled: false, nativeEvents: true, networkConnectionEnabled: false, pageLoadStrategy: normal, platform: XP, platformName: XP, rotatable: false, setWindowRect: true, takesHeapSnapshot: true, takesScreenshot: true, unexpectedAlertBehaviour: , unhandledPromptBehavior: , version: 64.0.3282.186, webStorageEnabled: true}
Session ID: 2eff5ad62466a43dc56622fd5caf3425)

2018-03-05 17:22:15 - [MESSAGE][FAILED] - Unable to click on object 'Object Repository/CuPaDl/Structure/Structure_fade' (Root cause: org.openqa.selenium.ElementNotVisibleException: element not visible
  (Session info: headless chrome=64.0.3282.186)
  (Driver info: chromedriver=2.35.528161 (5b82f2d2aae0ca24b877009200ced9065a772e73),platform=Windows NT 10.0.16299 x86_64) (WARNING: The server did not provide any stacktrace information)
Command duration or timeout: 0 milliseconds
Build info: version: '3.7.1', revision: '8a0099a', time: '2017-11-06T21:07:36.161Z'
System info: host: 'DESKTOP-47R6KV7', ip: '192.168.100.78', os.name: 'Windows 10', os.arch: 'amd64', os.version: '10.0', java.version: '1.8.0_102'
Driver info: com.kms.katalon.selenium.driver.CChromeDriver
Capabilities {acceptInsecureCerts: false, acceptSslCerts: false, applicationCacheEnabled: false, browserConnectionEnabled: false, browserName: chrome, chrome: {chromedriverVersion: 2.35.528161 (5b82f2d2aae0ca..., userDataDir: C:\Users\MEGAPO~1\AppData\L...}, cssSelectorsEnabled: true, databaseEnabled: false, handlesAlerts: true, hasTouchScreen: false, javascriptEnabled: true, locationContextEnabled: true, mobileEmulationEnabled: false, nativeEvents: true, networkConnectionEnabled: false, pageLoadStrategy: normal, platform: XP, platformName: XP, rotatable: false, setWindowRect: true, takesHeapSnapshot: true, takesScreenshot: true, unexpectedAlertBehaviour: , unhandledPromptBehavior: , version: 64.0.3282.186, webStorageEnabled: true}
Session ID: 2eff5ad62466a43dc56622fd5caf3425)]]></system-out>
         <system-err><![CDATA[2018-03-05 17:21:47 - [TEST_CASE][FAILED] - Test Cases/CuPaStefanie/14: Test Cases/CuPaStefanie/14 FAILED because (of) Unable to click on object 'Object Repository/CuPaDl/Structure/Structure_fade' (Root cause: org.openqa.selenium.ElementNotVisibleException: element not visible
  (Session info: headless chrome=64.0.3282.186)
  (Driver info: chromedriver=2.35.528161 (5b82f2d2aae0ca24b877009200ced9065a772e73),platform=Windows NT 10.0.16299 x86_64) (WARNING: The server did not provide any stacktrace information)
Command duration or timeout: 0 milliseconds
Build info: version: '3.7.1', revision: '8a0099a', time: '2017-11-06T21:07:36.161Z'
System info: host: 'DESKTOP-47R6KV7', ip: '192.168.100.78', os.name: 'Windows 10', os.arch: 'amd64', os.version: '10.0', java.version: '1.8.0_102'
Driver info: com.kms.katalon.selenium.driver.CChromeDriver
Capabilities {acceptInsecureCerts: false, acceptSslCerts: false, applicationCacheEnabled: false, browserConnectionEnabled: false, browserName: chrome, chrome: {chromedriverVersion: 2.35.528161 (5b82f2d2aae0ca..., userDataDir: C:\Users\MEGAPO~1\AppData\L...}, cssSelectorsEnabled: true, databaseEnabled: false, handlesAlerts: true, hasTouchScreen: false, javascriptEnabled: true, locationContextEnabled: true, mobileEmulationEnabled: false, nativeEvents: true, networkConnectionEnabled: false, pageLoadStrategy: normal, platform: XP, platformName: XP, rotatable: false, setWindowRect: true, takesHeapSnapshot: true, takesScreenshot: true, unexpectedAlertBehaviour: , unhandledPromptBehavior: , version: 64.0.3282.186, webStorageEnabled: true}
Session ID: 2eff5ad62466a43dc56622fd5caf3425)]]></system-err>
      </testcase>
      <testcase name="Test Cases/CuPaStefanie/15" classname="Test Cases/CuPaStefanie/15" status="FAILED">
         <failure type="FAILED" message="Unable to click on object 'Object Repository/CuPaDl/Structure/Structure_ring' (Root cause: org.openqa.selenium.ElementNotVisibleException: element not visible
  (Session info: headless chrome=64.0.3282.186)
  (Driver info: chromedriver=2.35.528161 (5b82f2d2aae0ca24b877009200ced9065a772e73),platform=Windows NT 10.0.16299 x86_64) (WARNING: The server did not provide any stacktrace information)
Command duration or timeout: 0 milliseconds
Build info: version: '3.7.1', revision: '8a0099a', time: '2017-11-06T21:07:36.161Z'
System info: host: 'DESKTOP-47R6KV7', ip: '192.168.100.78', os.name: 'Windows 10', os.arch: 'amd64', os.version: '10.0', java.version: '1.8.0_102'
Driver info: com.kms.katalon.selenium.driver.CChromeDriver
Capabilities {acceptInsecureCerts: false, acceptSslCerts: false, applicationCacheEnabled: false, browserConnectionEnabled: false, browserName: chrome, chrome: {chromedriverVersion: 2.35.528161 (5b82f2d2aae0ca..., userDataDir: C:\Users\MEGAPO~1\AppData\L...}, cssSelectorsEnabled: true, databaseEnabled: false, handlesAlerts: true, hasTouchScreen: false, javascriptEnabled: true, locationContextEnabled: true, mobileEmulationEnabled: false, nativeEvents: true, networkConnectionEnabled: false, pageLoadStrategy: normal, platform: XP, platformName: XP, rotatable: false, setWindowRect: true, takesHeapSnapshot: true, takesScreenshot: true, unexpectedAlertBehaviour: , unhandledPromptBehavior: , version: 64.0.3282.186, webStorageEnabled: true}
Session ID: acb4b13d6a3ac330736a4783866fdf7f)"/>
         <system-out><![CDATA[2018-03-05 17:22:15 - [TEST_CASE][FAILED] - Test Cases/CuPaStefanie/15: Test Cases/CuPaStefanie/15 FAILED because (of) Unable to click on object 'Object Repository/CuPaDl/Structure/Structure_ring' (Root cause: org.openqa.selenium.ElementNotVisibleException: element not visible
  (Session info: headless chrome=64.0.3282.186)
  (Driver info: chromedriver=2.35.528161 (5b82f2d2aae0ca24b877009200ced9065a772e73),platform=Windows NT 10.0.16299 x86_64) (WARNING: The server did not provide any stacktrace information)
Command duration or timeout: 0 milliseconds
Build info: version: '3.7.1', revision: '8a0099a', time: '2017-11-06T21:07:36.161Z'
System info: host: 'DESKTOP-47R6KV7', ip: '192.168.100.78', os.name: 'Windows 10', os.arch: 'amd64', os.version: '10.0', java.version: '1.8.0_102'
Driver info: com.kms.katalon.selenium.driver.CChromeDriver
Capabilities {acceptInsecureCerts: false, acceptSslCerts: false, applicationCacheEnabled: false, browserConnectionEnabled: false, browserName: chrome, chrome: {chromedriverVersion: 2.35.528161 (5b82f2d2aae0ca..., userDataDir: C:\Users\MEGAPO~1\AppData\L...}, cssSelectorsEnabled: true, databaseEnabled: false, handlesAlerts: true, hasTouchScreen: false, javascriptEnabled: true, locationContextEnabled: true, mobileEmulationEnabled: false, nativeEvents: true, networkConnectionEnabled: false, pageLoadStrategy: normal, platform: XP, platformName: XP, rotatable: false, setWindowRect: true, takesHeapSnapshot: true, takesScreenshot: true, unexpectedAlertBehaviour: , unhandledPromptBehavior: , version: 64.0.3282.186, webStorageEnabled: true}
Session ID: acb4b13d6a3ac330736a4783866fdf7f)

2018-03-05 17:22:15 - [TEST_STEP][PASSED] - Statement - timeStamp = new java.text.SimpleDateFormat(dd.MM.yyyy).format(java.util.Calendar.getInstance().getTime()): null

2018-03-05 17:22:15 - [TEST_STEP][PASSED] - Statement - timeStampScreenshot = new java.text.SimpleDateFormat(dd.MM.yyyy).format(java.util.Calendar.getInstance().getTime()): null

2018-03-05 17:22:15 - [TEST_STEP][PASSED] - Statement - iconmap = [:]: null

2018-03-05 17:22:15 - [TEST_STEP][PASSED] - Statement - txtmap = [:]: null

2018-03-05 17:22:15 - [TEST_STEP][PASSED] - Statement - signmap = [:]: null

2018-03-05 17:22:15 - [TEST_STEP][PASSED] - cupakeysDl.initStart.initialStart: cupakeysDl.initStart.initialStart is PASSED

2018-03-05 17:22:15 - [MESSAGE][WARNING] - A browser is already opened. Closing browser and opening a new one

2018-03-05 17:22:17 - [MESSAGE][PASSED] - Browser is opened with url: ''

2018-03-05 17:22:20 - [MESSAGE][PASSED] - Delayed 3 second(s)

2018-03-05 17:22:22 - [MESSAGE][PASSED] - Navigate to 'https://d16a4dsnr8a0k1.cloudfront.net/en/2455233.html?price=150.00%20%E2%82%AC&partName=wilsonPartName&vin=wilsonVin&modelCode=XP11&paint=P0A94&modelDescription=wilsonModelDescription&additionalEquipment=wilsonAdditionalEquipment' successfully

2018-03-05 17:22:22 - [MESSAGE][PASSED] - Object 'Object Repository/CuPaDl/Loading_indicator' is visible

2018-03-05 17:22:33 - [MESSAGE][PASSED] - Object 'Object Repository/CuPaDl/Loading_indicator' is NOT visible

2018-03-05 17:22:34 - [MESSAGE][PASSED] - Delayed 1 second(s)

2018-03-05 17:22:34 - [MESSAGE][PASSED] - cupakeysDl.initStart.initialStart is PASSED

2018-03-05 17:22:34 - [TEST_STEP][PASSED] - Statement - (step++): null

2018-03-05 17:22:34 - [TEST_STEP][PASSED] - cupakeysDl.color.changecolor: cupakeysDl.color.changecolor is PASSED

2018-03-05 17:22:34 - [MESSAGE][PASSED] - Object 'Object Repository/CuPaDl/Color/Color' is visible

2018-03-05 17:22:34 - [MESSAGE][PASSED] - Object: 'Object Repository/CuPaDl/Color/Color' is clicked on

2018-03-05 17:22:34 - [MESSAGE][WARNING] - Timeout '0' is invalid. Using default page load timeout: '30'

2018-03-05 17:22:34 - [MESSAGE][PASSED] - Object 'Object Repository/CuPaDl/Color/Color_jetblack' is visible

2018-03-05 17:22:35 - [MESSAGE][PASSED] - Delayed 1 second(s)

2018-03-05 17:22:35 - [MESSAGE][PASSED] - Object: 'Object Repository/CuPaDl/Color/Color_jetblack' is clicked on

2018-03-05 17:22:37 - [MESSAGE][PASSED] - Object 'Object Repository/CuPaDl/Loading_indicator' is visible

2018-03-05 17:22:38 - [MESSAGE][PASSED] - Object 'Object Repository/CuPaDl/Loading_indicator' is NOT visible

2018-03-05 17:22:39 - [MESSAGE][PASSED] - Delayed 1 second(s)

2018-03-05 17:22:39 - [MESSAGE][PASSED] - cupakeysDl.color.changecolor is PASSED

2018-03-05 17:22:39 - [TEST_STEP][PASSED] - Statement - (step++): null

2018-03-05 17:22:39 - [TEST_STEP][FAILED] - cupakeysDl.chngstruct.changestructure: Unable to click on object 'Object Repository/CuPaDl/Structure/Structure_ring' (Root cause: org.openqa.selenium.ElementNotVisibleException: element not visible
  (Session info: headless chrome=64.0.3282.186)
  (Driver info: chromedriver=2.35.528161 (5b82f2d2aae0ca24b877009200ced9065a772e73),platform=Windows NT 10.0.16299 x86_64) (WARNING: The server did not provide any stacktrace information)
Command duration or timeout: 0 milliseconds
Build info: version: '3.7.1', revision: '8a0099a', time: '2017-11-06T21:07:36.161Z'
System info: host: 'DESKTOP-47R6KV7', ip: '192.168.100.78', os.name: 'Windows 10', os.arch: 'amd64', os.version: '10.0', java.version: '1.8.0_102'
Driver info: com.kms.katalon.selenium.driver.CChromeDriver
Capabilities {acceptInsecureCerts: false, acceptSslCerts: false, applicationCacheEnabled: false, browserConnectionEnabled: false, browserName: chrome, chrome: {chromedriverVersion: 2.35.528161 (5b82f2d2aae0ca..., userDataDir: C:\Users\MEGAPO~1\AppData\L...}, cssSelectorsEnabled: true, databaseEnabled: false, handlesAlerts: true, hasTouchScreen: false, javascriptEnabled: true, locationContextEnabled: true, mobileEmulationEnabled: false, nativeEvents: true, networkConnectionEnabled: false, pageLoadStrategy: normal, platform: XP, platformName: XP, rotatable: false, setWindowRect: true, takesHeapSnapshot: true, takesScreenshot: true, unexpectedAlertBehaviour: , unhandledPromptBehavior: , version: 64.0.3282.186, webStorageEnabled: true}
Session ID: acb4b13d6a3ac330736a4783866fdf7f)

2018-03-05 17:22:39 - [MESSAGE][PASSED] - Object 'Object Repository/CuPaDl/Structure/Structure' is visible

2018-03-05 17:22:39 - [MESSAGE][PASSED] - Object: 'Object Repository/CuPaDl/Structure/Structure' is clicked on

2018-03-05 17:22:39 - [MESSAGE][WARNING] - Timeout '0' is invalid. Using default page load timeout: '30'

2018-03-05 17:22:39 - [MESSAGE][PASSED] - Object 'Object Repository/CuPaDl/Structure/Structure_Hahnentritt' is visible

2018-03-05 17:22:40 - [MESSAGE][PASSED] - Delayed 1 second(s)

2018-03-05 17:22:40 - [MESSAGE][FAILED] - Unable to click on object 'Object Repository/CuPaDl/Structure/Structure_ring' (Root cause: org.openqa.selenium.ElementNotVisibleException: element not visible
  (Session info: headless chrome=64.0.3282.186)
  (Driver info: chromedriver=2.35.528161 (5b82f2d2aae0ca24b877009200ced9065a772e73),platform=Windows NT 10.0.16299 x86_64) (WARNING: The server did not provide any stacktrace information)
Command duration or timeout: 0 milliseconds
Build info: version: '3.7.1', revision: '8a0099a', time: '2017-11-06T21:07:36.161Z'
System info: host: 'DESKTOP-47R6KV7', ip: '192.168.100.78', os.name: 'Windows 10', os.arch: 'amd64', os.version: '10.0', java.version: '1.8.0_102'
Driver info: com.kms.katalon.selenium.driver.CChromeDriver
Capabilities {acceptInsecureCerts: false, acceptSslCerts: false, applicationCacheEnabled: false, browserConnectionEnabled: false, browserName: chrome, chrome: {chromedriverVersion: 2.35.528161 (5b82f2d2aae0ca..., userDataDir: C:\Users\MEGAPO~1\AppData\L...}, cssSelectorsEnabled: true, databaseEnabled: false, handlesAlerts: true, hasTouchScreen: false, javascriptEnabled: true, locationContextEnabled: true, mobileEmulationEnabled: false, nativeEvents: true, networkConnectionEnabled: false, pageLoadStrategy: normal, platform: XP, platformName: XP, rotatable: false, setWindowRect: true, takesHeapSnapshot: true, takesScreenshot: true, unexpectedAlertBehaviour: , unhandledPromptBehavior: , version: 64.0.3282.186, webStorageEnabled: true}
Session ID: acb4b13d6a3ac330736a4783866fdf7f)

2018-03-05 17:22:40 - [MESSAGE][FAILED] - Unable to click on object 'Object Repository/CuPaDl/Structure/Structure_ring' (Root cause: org.openqa.selenium.ElementNotVisibleException: element not visible
  (Session info: headless chrome=64.0.3282.186)
  (Driver info: chromedriver=2.35.528161 (5b82f2d2aae0ca24b877009200ced9065a772e73),platform=Windows NT 10.0.16299 x86_64) (WARNING: The server did not provide any stacktrace information)
Command duration or timeout: 0 milliseconds
Build info: version: '3.7.1', revision: '8a0099a', time: '2017-11-06T21:07:36.161Z'
System info: host: 'DESKTOP-47R6KV7', ip: '192.168.100.78', os.name: 'Windows 10', os.arch: 'amd64', os.version: '10.0', java.version: '1.8.0_102'
Driver info: com.kms.katalon.selenium.driver.CChromeDriver
Capabilities {acceptInsecureCerts: false, acceptSslCerts: false, applicationCacheEnabled: false, browserConnectionEnabled: false, browserName: chrome, chrome: {chromedriverVersion: 2.35.528161 (5b82f2d2aae0ca..., userDataDir: C:\Users\MEGAPO~1\AppData\L...}, cssSelectorsEnabled: true, databaseEnabled: false, handlesAlerts: true, hasTouchScreen: false, javascriptEnabled: true, locationContextEnabled: true, mobileEmulationEnabled: false, nativeEvents: true, networkConnectionEnabled: false, pageLoadStrategy: normal, platform: XP, platformName: XP, rotatable: false, setWindowRect: true, takesHeapSnapshot: true, takesScreenshot: true, unexpectedAlertBehaviour: , unhandledPromptBehavior: , version: 64.0.3282.186, webStorageEnabled: true}
Session ID: acb4b13d6a3ac330736a4783866fdf7f)]]></system-out>
         <system-err><![CDATA[2018-03-05 17:22:15 - [TEST_CASE][FAILED] - Test Cases/CuPaStefanie/15: Test Cases/CuPaStefanie/15 FAILED because (of) Unable to click on object 'Object Repository/CuPaDl/Structure/Structure_ring' (Root cause: org.openqa.selenium.ElementNotVisibleException: element not visible
  (Session info: headless chrome=64.0.3282.186)
  (Driver info: chromedriver=2.35.528161 (5b82f2d2aae0ca24b877009200ced9065a772e73),platform=Windows NT 10.0.16299 x86_64) (WARNING: The server did not provide any stacktrace information)
Command duration or timeout: 0 milliseconds
Build info: version: '3.7.1', revision: '8a0099a', time: '2017-11-06T21:07:36.161Z'
System info: host: 'DESKTOP-47R6KV7', ip: '192.168.100.78', os.name: 'Windows 10', os.arch: 'amd64', os.version: '10.0', java.version: '1.8.0_102'
Driver info: com.kms.katalon.selenium.driver.CChromeDriver
Capabilities {acceptInsecureCerts: false, acceptSslCerts: false, applicationCacheEnabled: false, browserConnectionEnabled: false, browserName: chrome, chrome: {chromedriverVersion: 2.35.528161 (5b82f2d2aae0ca..., userDataDir: C:\Users\MEGAPO~1\AppData\L...}, cssSelectorsEnabled: true, databaseEnabled: false, handlesAlerts: true, hasTouchScreen: false, javascriptEnabled: true, locationContextEnabled: true, mobileEmulationEnabled: false, nativeEvents: true, networkConnectionEnabled: false, pageLoadStrategy: normal, platform: XP, platformName: XP, rotatable: false, setWindowRect: true, takesHeapSnapshot: true, takesScreenshot: true, unexpectedAlertBehaviour: , unhandledPromptBehavior: , version: 64.0.3282.186, webStorageEnabled: true}
Session ID: acb4b13d6a3ac330736a4783866fdf7f)]]></system-err>
      </testcase>
      <testcase name="Test Cases/CuPaStefanie/16" classname="Test Cases/CuPaStefanie/16" status="FAILED">
         <failure type="FAILED" message="Unable to click on object 'Object Repository/CuPaDl/Structure/Structure_ring' (Root cause: org.openqa.selenium.ElementNotVisibleException: element not visible
  (Session info: headless chrome=64.0.3282.186)
  (Driver info: chromedriver=2.35.528161 (5b82f2d2aae0ca24b877009200ced9065a772e73),platform=Windows NT 10.0.16299 x86_64) (WARNING: The server did not provide any stacktrace information)
Command duration or timeout: 0 milliseconds
Build info: version: '3.7.1', revision: '8a0099a', time: '2017-11-06T21:07:36.161Z'
System info: host: 'DESKTOP-47R6KV7', ip: '192.168.100.78', os.name: 'Windows 10', os.arch: 'amd64', os.version: '10.0', java.version: '1.8.0_102'
Driver info: com.kms.katalon.selenium.driver.CChromeDriver
Capabilities {acceptInsecureCerts: false, acceptSslCerts: false, applicationCacheEnabled: false, browserConnectionEnabled: false, browserName: chrome, chrome: {chromedriverVersion: 2.35.528161 (5b82f2d2aae0ca..., userDataDir: C:\Users\MEGAPO~1\AppData\L...}, cssSelectorsEnabled: true, databaseEnabled: false, handlesAlerts: true, hasTouchScreen: false, javascriptEnabled: true, locationContextEnabled: true, mobileEmulationEnabled: false, nativeEvents: true, networkConnectionEnabled: false, pageLoadStrategy: normal, platform: XP, platformName: XP, rotatable: false, setWindowRect: true, takesHeapSnapshot: true, takesScreenshot: true, unexpectedAlertBehaviour: , unhandledPromptBehavior: , version: 64.0.3282.186, webStorageEnabled: true}
Session ID: 4222fc62126c867375e61d945c54501e)"/>
         <system-out><![CDATA[2018-03-05 17:22:40 - [TEST_CASE][FAILED] - Test Cases/CuPaStefanie/16: Test Cases/CuPaStefanie/16 FAILED because (of) Unable to click on object 'Object Repository/CuPaDl/Structure/Structure_ring' (Root cause: org.openqa.selenium.ElementNotVisibleException: element not visible
  (Session info: headless chrome=64.0.3282.186)
  (Driver info: chromedriver=2.35.528161 (5b82f2d2aae0ca24b877009200ced9065a772e73),platform=Windows NT 10.0.16299 x86_64) (WARNING: The server did not provide any stacktrace information)
Command duration or timeout: 0 milliseconds
Build info: version: '3.7.1', revision: '8a0099a', time: '2017-11-06T21:07:36.161Z'
System info: host: 'DESKTOP-47R6KV7', ip: '192.168.100.78', os.name: 'Windows 10', os.arch: 'amd64', os.version: '10.0', java.version: '1.8.0_102'
Driver info: com.kms.katalon.selenium.driver.CChromeDriver
Capabilities {acceptInsecureCerts: false, acceptSslCerts: false, applicationCacheEnabled: false, browserConnectionEnabled: false, browserName: chrome, chrome: {chromedriverVersion: 2.35.528161 (5b82f2d2aae0ca..., userDataDir: C:\Users\MEGAPO~1\AppData\L...}, cssSelectorsEnabled: true, databaseEnabled: false, handlesAlerts: true, hasTouchScreen: false, javascriptEnabled: true, locationContextEnabled: true, mobileEmulationEnabled: false, nativeEvents: true, networkConnectionEnabled: false, pageLoadStrategy: normal, platform: XP, platformName: XP, rotatable: false, setWindowRect: true, takesHeapSnapshot: true, takesScreenshot: true, unexpectedAlertBehaviour: , unhandledPromptBehavior: , version: 64.0.3282.186, webStorageEnabled: true}
Session ID: 4222fc62126c867375e61d945c54501e)

2018-03-05 17:22:40 - [TEST_STEP][PASSED] - Statement - timeStamp = new java.text.SimpleDateFormat(dd.MM.yyyy).format(java.util.Calendar.getInstance().getTime()): null

2018-03-05 17:22:40 - [TEST_STEP][PASSED] - Statement - timeStampScreenshot = new java.text.SimpleDateFormat(dd.MM.yyyy).format(java.util.Calendar.getInstance().getTime()): null

2018-03-05 17:22:40 - [TEST_STEP][PASSED] - Statement - iconmap = [:]: null

2018-03-05 17:22:40 - [TEST_STEP][PASSED] - Statement - txtmap = [:]: null

2018-03-05 17:22:40 - [TEST_STEP][PASSED] - Statement - signmap = [:]: null

2018-03-05 17:22:40 - [TEST_STEP][PASSED] - cupakeysDl.initStart.initialStart: cupakeysDl.initStart.initialStart is PASSED

2018-03-05 17:22:40 - [MESSAGE][WARNING] - A browser is already opened. Closing browser and opening a new one

2018-03-05 17:22:42 - [MESSAGE][PASSED] - Browser is opened with url: ''

2018-03-05 17:22:45 - [MESSAGE][PASSED] - Delayed 3 second(s)

2018-03-05 17:22:47 - [MESSAGE][PASSED] - Navigate to 'https://d16a4dsnr8a0k1.cloudfront.net/en/2455233.html?price=150.00%20%E2%82%AC&partName=wilsonPartName&vin=wilsonVin&modelCode=XP11&paint=P0A94&modelDescription=wilsonModelDescription&additionalEquipment=wilsonAdditionalEquipment' successfully

2018-03-05 17:22:47 - [MESSAGE][PASSED] - Object 'Object Repository/CuPaDl/Loading_indicator' is visible

2018-03-05 17:22:58 - [MESSAGE][PASSED] - Object 'Object Repository/CuPaDl/Loading_indicator' is NOT visible

2018-03-05 17:22:59 - [MESSAGE][PASSED] - Delayed 1 second(s)

2018-03-05 17:22:59 - [MESSAGE][PASSED] - cupakeysDl.initStart.initialStart is PASSED

2018-03-05 17:22:59 - [TEST_STEP][PASSED] - Statement - (step++): null

2018-03-05 17:22:59 - [TEST_STEP][PASSED] - cupakeysDl.color.changecolor: cupakeysDl.color.changecolor is PASSED

2018-03-05 17:22:59 - [MESSAGE][PASSED] - Object 'Object Repository/CuPaDl/Color/Color' is visible

2018-03-05 17:22:59 - [MESSAGE][PASSED] - Object: 'Object Repository/CuPaDl/Color/Color' is clicked on

2018-03-05 17:22:59 - [MESSAGE][WARNING] - Timeout '0' is invalid. Using default page load timeout: '30'

2018-03-05 17:22:59 - [MESSAGE][PASSED] - Object 'Object Repository/CuPaDl/Color/Color_jetblack' is visible

2018-03-05 17:23:00 - [MESSAGE][PASSED] - Delayed 1 second(s)

2018-03-05 17:23:00 - [MESSAGE][PASSED] - Object: 'Object Repository/CuPaDl/Color/Color_jetblack' is clicked on

2018-03-05 17:23:02 - [MESSAGE][PASSED] - Object 'Object Repository/CuPaDl/Loading_indicator' is visible

2018-03-05 17:23:03 - [MESSAGE][PASSED] - Object 'Object Repository/CuPaDl/Loading_indicator' is NOT visible

2018-03-05 17:23:04 - [MESSAGE][PASSED] - Delayed 1 second(s)

2018-03-05 17:23:04 - [MESSAGE][PASSED] - cupakeysDl.color.changecolor is PASSED

2018-03-05 17:23:04 - [TEST_STEP][PASSED] - Statement - (step++): null

2018-03-05 17:23:04 - [TEST_STEP][FAILED] - cupakeysDl.chngstruct.changestructure: Unable to click on object 'Object Repository/CuPaDl/Structure/Structure_ring' (Root cause: org.openqa.selenium.ElementNotVisibleException: element not visible
  (Session info: headless chrome=64.0.3282.186)
  (Driver info: chromedriver=2.35.528161 (5b82f2d2aae0ca24b877009200ced9065a772e73),platform=Windows NT 10.0.16299 x86_64) (WARNING: The server did not provide any stacktrace information)
Command duration or timeout: 0 milliseconds
Build info: version: '3.7.1', revision: '8a0099a', time: '2017-11-06T21:07:36.161Z'
System info: host: 'DESKTOP-47R6KV7', ip: '192.168.100.78', os.name: 'Windows 10', os.arch: 'amd64', os.version: '10.0', java.version: '1.8.0_102'
Driver info: com.kms.katalon.selenium.driver.CChromeDriver
Capabilities {acceptInsecureCerts: false, acceptSslCerts: false, applicationCacheEnabled: false, browserConnectionEnabled: false, browserName: chrome, chrome: {chromedriverVersion: 2.35.528161 (5b82f2d2aae0ca..., userDataDir: C:\Users\MEGAPO~1\AppData\L...}, cssSelectorsEnabled: true, databaseEnabled: false, handlesAlerts: true, hasTouchScreen: false, javascriptEnabled: true, locationContextEnabled: true, mobileEmulationEnabled: false, nativeEvents: true, networkConnectionEnabled: false, pageLoadStrategy: normal, platform: XP, platformName: XP, rotatable: false, setWindowRect: true, takesHeapSnapshot: true, takesScreenshot: true, unexpectedAlertBehaviour: , unhandledPromptBehavior: , version: 64.0.3282.186, webStorageEnabled: true}
Session ID: 4222fc62126c867375e61d945c54501e)

2018-03-05 17:23:04 - [MESSAGE][PASSED] - Object 'Object Repository/CuPaDl/Structure/Structure' is visible

2018-03-05 17:23:04 - [MESSAGE][PASSED] - Object: 'Object Repository/CuPaDl/Structure/Structure' is clicked on

2018-03-05 17:23:04 - [MESSAGE][WARNING] - Timeout '0' is invalid. Using default page load timeout: '30'

2018-03-05 17:23:04 - [MESSAGE][PASSED] - Object 'Object Repository/CuPaDl/Structure/Structure_Hahnentritt' is visible

2018-03-05 17:23:05 - [MESSAGE][PASSED] - Delayed 1 second(s)

2018-03-05 17:23:05 - [MESSAGE][FAILED] - Unable to click on object 'Object Repository/CuPaDl/Structure/Structure_ring' (Root cause: org.openqa.selenium.ElementNotVisibleException: element not visible
  (Session info: headless chrome=64.0.3282.186)
  (Driver info: chromedriver=2.35.528161 (5b82f2d2aae0ca24b877009200ced9065a772e73),platform=Windows NT 10.0.16299 x86_64) (WARNING: The server did not provide any stacktrace information)
Command duration or timeout: 0 milliseconds
Build info: version: '3.7.1', revision: '8a0099a', time: '2017-11-06T21:07:36.161Z'
System info: host: 'DESKTOP-47R6KV7', ip: '192.168.100.78', os.name: 'Windows 10', os.arch: 'amd64', os.version: '10.0', java.version: '1.8.0_102'
Driver info: com.kms.katalon.selenium.driver.CChromeDriver
Capabilities {acceptInsecureCerts: false, acceptSslCerts: false, applicationCacheEnabled: false, browserConnectionEnabled: false, browserName: chrome, chrome: {chromedriverVersion: 2.35.528161 (5b82f2d2aae0ca..., userDataDir: C:\Users\MEGAPO~1\AppData\L...}, cssSelectorsEnabled: true, databaseEnabled: false, handlesAlerts: true, hasTouchScreen: false, javascriptEnabled: true, locationContextEnabled: true, mobileEmulationEnabled: false, nativeEvents: true, networkConnectionEnabled: false, pageLoadStrategy: normal, platform: XP, platformName: XP, rotatable: false, setWindowRect: true, takesHeapSnapshot: true, takesScreenshot: true, unexpectedAlertBehaviour: , unhandledPromptBehavior: , version: 64.0.3282.186, webStorageEnabled: true}
Session ID: 4222fc62126c867375e61d945c54501e)

2018-03-05 17:23:05 - [MESSAGE][FAILED] - Unable to click on object 'Object Repository/CuPaDl/Structure/Structure_ring' (Root cause: org.openqa.selenium.ElementNotVisibleException: element not visible
  (Session info: headless chrome=64.0.3282.186)
  (Driver info: chromedriver=2.35.528161 (5b82f2d2aae0ca24b877009200ced9065a772e73),platform=Windows NT 10.0.16299 x86_64) (WARNING: The server did not provide any stacktrace information)
Command duration or timeout: 0 milliseconds
Build info: version: '3.7.1', revision: '8a0099a', time: '2017-11-06T21:07:36.161Z'
System info: host: 'DESKTOP-47R6KV7', ip: '192.168.100.78', os.name: 'Windows 10', os.arch: 'amd64', os.version: '10.0', java.version: '1.8.0_102'
Driver info: com.kms.katalon.selenium.driver.CChromeDriver
Capabilities {acceptInsecureCerts: false, acceptSslCerts: false, applicationCacheEnabled: false, browserConnectionEnabled: false, browserName: chrome, chrome: {chromedriverVersion: 2.35.528161 (5b82f2d2aae0ca..., userDataDir: C:\Users\MEGAPO~1\AppData\L...}, cssSelectorsEnabled: true, databaseEnabled: false, handlesAlerts: true, hasTouchScreen: false, javascriptEnabled: true, locationContextEnabled: true, mobileEmulationEnabled: false, nativeEvents: true, networkConnectionEnabled: false, pageLoadStrategy: normal, platform: XP, platformName: XP, rotatable: false, setWindowRect: true, takesHeapSnapshot: true, takesScreenshot: true, unexpectedAlertBehaviour: , unhandledPromptBehavior: , version: 64.0.3282.186, webStorageEnabled: true}
Session ID: 4222fc62126c867375e61d945c54501e)]]></system-out>
         <system-err><![CDATA[2018-03-05 17:22:40 - [TEST_CASE][FAILED] - Test Cases/CuPaStefanie/16: Test Cases/CuPaStefanie/16 FAILED because (of) Unable to click on object 'Object Repository/CuPaDl/Structure/Structure_ring' (Root cause: org.openqa.selenium.ElementNotVisibleException: element not visible
  (Session info: headless chrome=64.0.3282.186)
  (Driver info: chromedriver=2.35.528161 (5b82f2d2aae0ca24b877009200ced9065a772e73),platform=Windows NT 10.0.16299 x86_64) (WARNING: The server did not provide any stacktrace information)
Command duration or timeout: 0 milliseconds
Build info: version: '3.7.1', revision: '8a0099a', time: '2017-11-06T21:07:36.161Z'
System info: host: 'DESKTOP-47R6KV7', ip: '192.168.100.78', os.name: 'Windows 10', os.arch: 'amd64', os.version: '10.0', java.version: '1.8.0_102'
Driver info: com.kms.katalon.selenium.driver.CChromeDriver
Capabilities {acceptInsecureCerts: false, acceptSslCerts: false, applicationCacheEnabled: false, browserConnectionEnabled: false, browserName: chrome, chrome: {chromedriverVersion: 2.35.528161 (5b82f2d2aae0ca..., userDataDir: C:\Users\MEGAPO~1\AppData\L...}, cssSelectorsEnabled: true, databaseEnabled: false, handlesAlerts: true, hasTouchScreen: false, javascriptEnabled: true, locationContextEnabled: true, mobileEmulationEnabled: false, nativeEvents: true, networkConnectionEnabled: false, pageLoadStrategy: normal, platform: XP, platformName: XP, rotatable: false, setWindowRect: true, takesHeapSnapshot: true, takesScreenshot: true, unexpectedAlertBehaviour: , unhandledPromptBehavior: , version: 64.0.3282.186, webStorageEnabled: true}
Session ID: 4222fc62126c867375e61d945c54501e)]]></system-err>
      </testcase>
      <testcase name="Test Cases/CuPaStefanie/17" classname="Test Cases/CuPaStefanie/17" status="PASSED">
         <system-out><![CDATA[2018-03-05 17:23:05 - [TEST_CASE][PASSED] - Test Cases/CuPaStefanie/17: Test Cases/CuPaStefanie/17

2018-03-05 17:23:05 - [TEST_STEP][PASSED] - Statement - timeStamp = new java.text.SimpleDateFormat(dd.MM.yyyy).format(java.util.Calendar.getInstance().getTime()): null

2018-03-05 17:23:05 - [TEST_STEP][PASSED] - Statement - timeStampScreenshot = new java.text.SimpleDateFormat(dd.MM.yyyy).format(java.util.Calendar.getInstance().getTime()): null

2018-03-05 17:23:05 - [TEST_STEP][PASSED] - Statement - iconmap = [:]: null

2018-03-05 17:23:05 - [TEST_STEP][PASSED] - Statement - txtmap = [:]: null

2018-03-05 17:23:05 - [TEST_STEP][PASSED] - Statement - signmap = [:]: null

2018-03-05 17:23:05 - [TEST_STEP][PASSED] - cupakeysDl.initStart.initialStart: cupakeysDl.initStart.initialStart is PASSED

2018-03-05 17:23:05 - [MESSAGE][WARNING] - A browser is already opened. Closing browser and opening a new one

2018-03-05 17:23:07 - [MESSAGE][PASSED] - Browser is opened with url: ''

2018-03-05 17:23:10 - [MESSAGE][PASSED] - Delayed 3 second(s)

2018-03-05 17:23:12 - [MESSAGE][PASSED] - Navigate to 'https://d16a4dsnr8a0k1.cloudfront.net/en/2455233.html?price=150.00%20%E2%82%AC&partName=wilsonPartName&vin=wilsonVin&modelCode=XP11&paint=P0A94&modelDescription=wilsonModelDescription&additionalEquipment=wilsonAdditionalEquipment' successfully

2018-03-05 17:23:12 - [MESSAGE][PASSED] - Object 'Object Repository/CuPaDl/Loading_indicator' is visible

2018-03-05 17:23:22 - [MESSAGE][PASSED] - Object 'Object Repository/CuPaDl/Loading_indicator' is NOT visible

2018-03-05 17:23:23 - [MESSAGE][PASSED] - Delayed 1 second(s)

2018-03-05 17:23:23 - [MESSAGE][PASSED] - cupakeysDl.initStart.initialStart is PASSED

2018-03-05 17:23:23 - [TEST_STEP][PASSED] - Statement - (step++): null

2018-03-05 17:23:23 - [TEST_STEP][PASSED] - cupakeysDl.color.changecolor: cupakeysDl.color.changecolor is PASSED

2018-03-05 17:23:23 - [MESSAGE][PASSED] - Object 'Object Repository/CuPaDl/Color/Color' is visible

2018-03-05 17:23:23 - [MESSAGE][PASSED] - Object: 'Object Repository/CuPaDl/Color/Color' is clicked on

2018-03-05 17:23:23 - [MESSAGE][WARNING] - Timeout '0' is invalid. Using default page load timeout: '30'

2018-03-05 17:23:23 - [MESSAGE][PASSED] - Object 'Object Repository/CuPaDl/Color/Color_moonwalkgrey' is visible

2018-03-05 17:23:24 - [MESSAGE][PASSED] - Delayed 1 second(s)

2018-03-05 17:23:25 - [MESSAGE][PASSED] - Object: 'Object Repository/CuPaDl/Color/Color_moonwalkgrey' is clicked on

2018-03-05 17:23:28 - [MESSAGE][WARNING] - Object 'Object Repository/CuPaDl/Loading_indicator' is not visible after 3 second(s)

2018-03-05 17:23:29 - [MESSAGE][PASSED] - Delayed 1 second(s)

2018-03-05 17:23:29 - [MESSAGE][PASSED] - cupakeysDl.color.changecolor is PASSED

2018-03-05 17:23:29 - [TEST_STEP][PASSED] - Statement - (step++): null

2018-03-05 17:23:29 - [TEST_STEP][PASSED] - cupakeysDl.chngstruct.changestructure: cupakeysDl.chngstruct.changestructure is PASSED

2018-03-05 17:23:29 - [MESSAGE][PASSED] - Object 'Object Repository/CuPaDl/Structure/Structure' is visible

2018-03-05 17:23:29 - [MESSAGE][PASSED] - Object: 'Object Repository/CuPaDl/Structure/Structure' is clicked on

2018-03-05 17:23:29 - [MESSAGE][WARNING] - Timeout '0' is invalid. Using default page load timeout: '30'

2018-03-05 17:23:29 - [MESSAGE][PASSED] - Object 'Object Repository/CuPaDl/Structure/Structure_Hahnentritt' is visible

2018-03-05 17:23:30 - [MESSAGE][PASSED] - Delayed 1 second(s)

2018-03-05 17:23:30 - [MESSAGE][PASSED] - Object: 'Object Repository/CuPaDl/Structure/Structure_fadedots' is clicked on

2018-03-05 17:23:31 - [MESSAGE][PASSED] - Object 'Object Repository/CuPaDl/Loading_indicator' is visible

2018-03-05 17:23:37 - [MESSAGE][PASSED] - Object 'Object Repository/CuPaDl/Loading_indicator' is NOT visible

2018-03-05 17:23:38 - [MESSAGE][PASSED] - Delayed 1 second(s)

2018-03-05 17:23:38 - [MESSAGE][PASSED] - cupakeysDl.chngstruct.changestructure is PASSED

2018-03-05 17:23:38 - [TEST_STEP][PASSED] - Statement - (step++): null

2018-03-05 17:23:38 - [TEST_STEP][PASSED] - cupakeysDl.sclstruct.scalestructure: cupakeysDl.sclstruct.scalestructure is PASSED

2018-03-05 17:23:41 - [MESSAGE][WARNING] - Object 'Object Repository/CuPaDl/Structure/Resize_Structure_bottomright' is not visible after 3 second(s)

2018-03-05 17:23:41 - [MESSAGE][PASSED] - Object: 'Object Repository/CuPaDl/Structure/Resize_Structure' is clicked on

2018-03-05 17:23:41 - [MESSAGE][WARNING] - Timeout '0' is invalid. Using default page load timeout: '30'

2018-03-05 17:23:41 - [MESSAGE][PASSED] - Object 'Object Repository/CuPaDl/Structure/Resize_Structure_bottomright' is visible

2018-03-05 17:23:42 - [MESSAGE][PASSED] - Delayed 1 second(s)

2018-03-05 17:23:42 - [MESSAGE][PASSED] - Current viewport's left (x) position is 0

2018-03-05 17:23:42 - [MESSAGE][PASSED] - Current viewport's top (y) position is 54

2018-03-05 17:23:42 - [MESSAGE][PASSED] - Dragged object with id 'Object Repository/CuPaDl/Structure/Resize_Structure_bottomright' by offset distance x = -225 and y = -171 successfully

2018-03-05 17:23:43 - [MESSAGE][PASSED] - Object 'Object Repository/CuPaDl/Loading_indicator' is visible

2018-03-05 17:23:48 - [MESSAGE][PASSED] - Object 'Object Repository/CuPaDl/Loading_indicator' is NOT visible

2018-03-05 17:23:49 - [MESSAGE][PASSED] - Delayed 1 second(s)

2018-03-05 17:23:49 - [MESSAGE][PASSED] - cupakeysDl.sclstruct.scalestructure is PASSED

2018-03-05 17:23:49 - [TEST_STEP][PASSED] - Statement - (step++): null

2018-03-05 17:23:49 - [TEST_STEP][PASSED] - Statement - iconmap += CustomKeywords.cupakeysDl.iconad.iconadd("laurelwreath", LoadTimeCorrector, step, run, device, timeStamp, iconcount): cupakeysDl.iconad.iconadd is PASSED

2018-03-05 17:23:49 - [MESSAGE][PASSED] - Object 'Object Repository/CuPaDl/Icons/Icon' is visible

2018-03-05 17:23:49 - [MESSAGE][PASSED] - Object: 'Object Repository/CuPaDl/Icons/Icon' is clicked on

2018-03-05 17:23:49 - [MESSAGE][WARNING] - Timeout '0' is invalid. Using default page load timeout: '30'

2018-03-05 17:23:49 - [MESSAGE][PASSED] - Object 'Object Repository/CuPaDl/Icons/Icon_laurelwreath' is visible

2018-03-05 17:23:50 - [MESSAGE][PASSED] - Delayed 1 second(s)

2018-03-05 17:23:50 - [MESSAGE][PASSED] - Object: 'Object Repository/CuPaDl/Icons/Icon_laurelwreath' is clicked on

2018-03-05 17:23:51 - [MESSAGE][PASSED] - Object 'Object Repository/CuPaDl/Loading_indicator' is visible

2018-03-05 17:23:56 - [MESSAGE][PASSED] - Object 'Object Repository/CuPaDl/Loading_indicator' is NOT visible

2018-03-05 17:23:56 - [MESSAGE][WARNING] - Timeout '0' is invalid. Using default page load timeout: '30'

2018-03-05 17:23:56 - [MESSAGE][PASSED] - Width of element 'Object Repository/CuPaDl/Icons/Reposition_icon' is '40'

2018-03-05 17:23:56 - [MESSAGE][PASSED] - Height of element 'Object Repository/CuPaDl/Icons/Reposition_icon' is '40'.

2018-03-05 17:23:57 - [MESSAGE][PASSED] - Delayed 1 second(s)

2018-03-05 17:23:57 - [MESSAGE][PASSED] - cupakeysDl.iconad.iconadd is PASSED

2018-03-05 17:23:57 - [TEST_STEP][PASSED] - Statement - (step++): null

2018-03-05 17:23:57 - [TEST_STEP][PASSED] - Statement - (iconcount++): null

2018-03-05 17:23:57 - [TEST_STEP][PASSED] - cupakeysDl.iconres.iconresize: cupakeysDl.iconres.iconresize is PASSED

2018-03-05 17:23:57 - [MESSAGE][PASSED] - Object 'Object Repository/CuPaDl/Icons/Reposition_icon' is visible

2018-03-05 17:23:57 - [MESSAGE][PASSED] - Current viewport's left (x) position is 0

2018-03-05 17:23:57 - [MESSAGE][PASSED] - Current viewport's top (y) position is 54

2018-03-05 17:23:58 - [MESSAGE][PASSED] - Dragged object with id 'Object Repository/CuPaDl/Icons/Resize_icon_bottomright' by offset distance x = -125 and y = -71 successfully

2018-03-05 17:23:59 - [MESSAGE][PASSED] - Object 'Object Repository/CuPaDl/Loading_indicator' is visible

2018-03-05 17:24:04 - [MESSAGE][PASSED] - Object 'Object Repository/CuPaDl/Loading_indicator' is NOT visible

2018-03-05 17:24:05 - [MESSAGE][PASSED] - Delayed 1 second(s)

2018-03-05 17:24:05 - [MESSAGE][PASSED] - cupakeysDl.iconres.iconresize is PASSED

2018-03-05 17:24:05 - [TEST_STEP][PASSED] - Statement - (step++): null

2018-03-05 17:24:05 - [TEST_STEP][PASSED] - cupakeysDl.slink.svlink: cupakeysDl.slink.svlink is PASSED

2018-03-05 17:24:05 - [MESSAGE][PASSED] - Scroll to object 'Object Repository/CuPaDl/Save/Save' successfully

2018-03-05 17:24:05 - [MESSAGE][PASSED] - Object: 'Object Repository/CuPaDl/Save/Save' is clicked on

2018-03-05 17:24:05 - [MESSAGE][WARNING] - Timeout '0' is invalid. Using default page load timeout: '30'

2018-03-05 17:24:07 - [MESSAGE][PASSED] - Object 'Object Repository/CuPaDl/Save/CopyLink' is visible

2018-03-05 17:24:07 - [MESSAGE][PASSED] - Object: 'Object Repository/CuPaDl/Save/CopyLink' is clicked on

2018-03-05 17:24:08 - [MESSAGE][PASSED] - Delayed 1 second(s)

2018-03-05 17:24:08 - [MESSAGE][PASSED] - Object: 'Object Repository/CuPaDl/Save/Close' is clicked on

2018-03-05 17:24:09 - [MESSAGE][PASSED] - Delayed 1 second(s)

2018-03-05 17:24:09 - [MESSAGE][PASSED] - cupakeysDl.slink.svlink is PASSED

2018-03-05 17:24:09 - [TEST_STEP][PASSED] - cupakeysDl.endsession.finishsession: cupakeysDl.endsession.finishsession is PASSED

2018-03-05 17:24:12 - [MESSAGE][PASSED] - Delayed 3 second(s)

2018-03-05 17:24:13 - [MESSAGE][PASSED] - Browser is closed

2018-03-05 17:24:13 - [MESSAGE][PASSED] - cupakeysDl.endsession.finishsession is PASSED]]></system-out>
         <system-err><![CDATA[]]></system-err>
      </testcase>
      <testcase name="Test Cases/CuPaStefanie/18" classname="Test Cases/CuPaStefanie/18" status="PASSED">
         <system-out><![CDATA[2018-03-05 17:24:13 - [TEST_CASE][PASSED] - Test Cases/CuPaStefanie/18: Test Cases/CuPaStefanie/18

2018-03-05 17:24:13 - [TEST_STEP][PASSED] - Statement - timeStamp = new java.text.SimpleDateFormat(dd.MM.yyyy).format(java.util.Calendar.getInstance().getTime()): null

2018-03-05 17:24:13 - [TEST_STEP][PASSED] - Statement - timeStampScreenshot = new java.text.SimpleDateFormat(dd.MM.yyyy).format(java.util.Calendar.getInstance().getTime()): null

2018-03-05 17:24:13 - [TEST_STEP][PASSED] - Statement - iconmap = [:]: null

2018-03-05 17:24:13 - [TEST_STEP][PASSED] - Statement - txtmap = [:]: null

2018-03-05 17:24:13 - [TEST_STEP][PASSED] - Statement - signmap = [:]: null

2018-03-05 17:24:13 - [TEST_STEP][PASSED] - cupakeysDl.initStart.initialStart: cupakeysDl.initStart.initialStart is PASSED

2018-03-05 17:24:15 - [MESSAGE][PASSED] - Browser is opened with url: ''

2018-03-05 17:24:18 - [MESSAGE][PASSED] - Delayed 3 second(s)

2018-03-05 17:24:19 - [MESSAGE][PASSED] - Navigate to 'https://d16a4dsnr8a0k1.cloudfront.net/en/2455233.html?price=150.00%20%E2%82%AC&partName=wilsonPartName&vin=wilsonVin&modelCode=XP11&paint=P0A94&modelDescription=wilsonModelDescription&additionalEquipment=wilsonAdditionalEquipment' successfully

2018-03-05 17:24:19 - [MESSAGE][PASSED] - Object 'Object Repository/CuPaDl/Loading_indicator' is visible

2018-03-05 17:24:29 - [MESSAGE][PASSED] - Object 'Object Repository/CuPaDl/Loading_indicator' is NOT visible

2018-03-05 17:24:30 - [MESSAGE][PASSED] - Delayed 1 second(s)

2018-03-05 17:24:30 - [MESSAGE][PASSED] - cupakeysDl.initStart.initialStart is PASSED

2018-03-05 17:24:30 - [TEST_STEP][PASSED] - Statement - (step++): null

2018-03-05 17:24:30 - [TEST_STEP][PASSED] - cupakeysDl.color.changecolor: cupakeysDl.color.changecolor is PASSED

2018-03-05 17:24:30 - [MESSAGE][PASSED] - Object 'Object Repository/CuPaDl/Color/Color' is visible

2018-03-05 17:24:31 - [MESSAGE][PASSED] - Object: 'Object Repository/CuPaDl/Color/Color' is clicked on

2018-03-05 17:24:31 - [MESSAGE][WARNING] - Timeout '0' is invalid. Using default page load timeout: '30'

2018-03-05 17:24:31 - [MESSAGE][PASSED] - Object 'Object Repository/CuPaDl/Color/Color_moonwalkgrey' is visible

2018-03-05 17:24:32 - [MESSAGE][PASSED] - Delayed 1 second(s)

2018-03-05 17:24:32 - [MESSAGE][PASSED] - Object: 'Object Repository/CuPaDl/Color/Color_moonwalkgrey' is clicked on

2018-03-05 17:24:33 - [MESSAGE][PASSED] - Object 'Object Repository/CuPaDl/Loading_indicator' is visible

2018-03-05 17:24:34 - [MESSAGE][PASSED] - Object 'Object Repository/CuPaDl/Loading_indicator' is NOT visible

2018-03-05 17:24:35 - [MESSAGE][PASSED] - Delayed 1 second(s)

2018-03-05 17:24:35 - [MESSAGE][PASSED] - cupakeysDl.color.changecolor is PASSED

2018-03-05 17:24:35 - [TEST_STEP][PASSED] - Statement - (step++): null

2018-03-05 17:24:35 - [TEST_STEP][PASSED] - cupakeysDl.chngstruct.changestructure: cupakeysDl.chngstruct.changestructure is PASSED

2018-03-05 17:24:35 - [MESSAGE][PASSED] - Object 'Object Repository/CuPaDl/Structure/Structure' is visible

2018-03-05 17:24:35 - [MESSAGE][PASSED] - Object: 'Object Repository/CuPaDl/Structure/Structure' is clicked on

2018-03-05 17:24:35 - [MESSAGE][WARNING] - Timeout '0' is invalid. Using default page load timeout: '30'

2018-03-05 17:24:35 - [MESSAGE][PASSED] - Object 'Object Repository/CuPaDl/Structure/Structure_Hahnentritt' is visible

2018-03-05 17:24:36 - [MESSAGE][PASSED] - Delayed 1 second(s)

2018-03-05 17:24:37 - [MESSAGE][PASSED] - Object: 'Object Repository/CuPaDl/Structure/Structure_fadedots' is clicked on

2018-03-05 17:24:38 - [MESSAGE][PASSED] - Object 'Object Repository/CuPaDl/Loading_indicator' is visible

2018-03-05 17:24:43 - [MESSAGE][PASSED] - Object 'Object Repository/CuPaDl/Loading_indicator' is NOT visible

2018-03-05 17:24:44 - [MESSAGE][PASSED] - Delayed 1 second(s)

2018-03-05 17:24:44 - [MESSAGE][PASSED] - cupakeysDl.chngstruct.changestructure is PASSED

2018-03-05 17:24:44 - [TEST_STEP][PASSED] - Statement - (step++): null

2018-03-05 17:24:44 - [TEST_STEP][PASSED] - cupakeysDl.sclstruct.scalestructure: cupakeysDl.sclstruct.scalestructure is PASSED

2018-03-05 17:24:47 - [MESSAGE][WARNING] - Object 'Object Repository/CuPaDl/Structure/Resize_Structure_bottomright' is not visible after 3 second(s)

2018-03-05 17:24:47 - [MESSAGE][PASSED] - Object: 'Object Repository/CuPaDl/Structure/Resize_Structure' is clicked on

2018-03-05 17:24:47 - [MESSAGE][WARNING] - Timeout '0' is invalid. Using default page load timeout: '30'

2018-03-05 17:24:47 - [MESSAGE][PASSED] - Object 'Object Repository/CuPaDl/Structure/Resize_Structure_bottomright' is visible

2018-03-05 17:24:48 - [MESSAGE][PASSED] - Delayed 1 second(s)

2018-03-05 17:24:48 - [MESSAGE][PASSED] - Current viewport's left (x) position is 0

2018-03-05 17:24:48 - [MESSAGE][PASSED] - Current viewport's top (y) position is 54

2018-03-05 17:24:48 - [MESSAGE][PASSED] - Dragged object with id 'Object Repository/CuPaDl/Structure/Resize_Structure_bottomright' by offset distance x = 225 and y = 279 successfully

2018-03-05 17:24:49 - [MESSAGE][PASSED] - Object 'Object Repository/CuPaDl/Loading_indicator' is visible

2018-03-05 17:24:54 - [MESSAGE][PASSED] - Object 'Object Repository/CuPaDl/Loading_indicator' is NOT visible

2018-03-05 17:24:55 - [MESSAGE][PASSED] - Delayed 1 second(s)

2018-03-05 17:24:55 - [MESSAGE][PASSED] - cupakeysDl.sclstruct.scalestructure is PASSED

2018-03-05 17:24:55 - [TEST_STEP][PASSED] - Statement - (step++): null

2018-03-05 17:24:55 - [TEST_STEP][PASSED] - Statement - iconmap += CustomKeywords.cupakeysDl.iconad.iconadd("laurelwreath", LoadTimeCorrector, step, run, device, timeStamp, iconcount): cupakeysDl.iconad.iconadd is PASSED

2018-03-05 17:24:55 - [MESSAGE][PASSED] - Object 'Object Repository/CuPaDl/Icons/Icon' is visible

2018-03-05 17:24:55 - [MESSAGE][PASSED] - Object: 'Object Repository/CuPaDl/Icons/Icon' is clicked on

2018-03-05 17:24:55 - [MESSAGE][WARNING] - Timeout '0' is invalid. Using default page load timeout: '30'

2018-03-05 17:24:55 - [MESSAGE][PASSED] - Object 'Object Repository/CuPaDl/Icons/Icon_laurelwreath' is visible

2018-03-05 17:24:56 - [MESSAGE][PASSED] - Delayed 1 second(s)

2018-03-05 17:24:56 - [MESSAGE][PASSED] - Object: 'Object Repository/CuPaDl/Icons/Icon_laurelwreath' is clicked on

2018-03-05 17:24:57 - [MESSAGE][PASSED] - Object 'Object Repository/CuPaDl/Loading_indicator' is visible

2018-03-05 17:25:01 - [MESSAGE][PASSED] - Object 'Object Repository/CuPaDl/Loading_indicator' is NOT visible

2018-03-05 17:25:01 - [MESSAGE][WARNING] - Timeout '0' is invalid. Using default page load timeout: '30'

2018-03-05 17:25:01 - [MESSAGE][PASSED] - Width of element 'Object Repository/CuPaDl/Icons/Reposition_icon' is '40'

2018-03-05 17:25:01 - [MESSAGE][PASSED] - Height of element 'Object Repository/CuPaDl/Icons/Reposition_icon' is '40'.

2018-03-05 17:25:02 - [MESSAGE][PASSED] - Delayed 1 second(s)

2018-03-05 17:25:02 - [MESSAGE][PASSED] - cupakeysDl.iconad.iconadd is PASSED

2018-03-05 17:25:02 - [TEST_STEP][PASSED] - Statement - (step++): null

2018-03-05 17:25:02 - [TEST_STEP][PASSED] - Statement - (iconcount++): null

2018-03-05 17:25:02 - [TEST_STEP][PASSED] - cupakeysDl.iconres.iconresize: cupakeysDl.iconres.iconresize is PASSED

2018-03-05 17:25:02 - [MESSAGE][PASSED] - Object 'Object Repository/CuPaDl/Icons/Reposition_icon' is visible

2018-03-05 17:25:02 - [MESSAGE][PASSED] - Current viewport's left (x) position is 0

2018-03-05 17:25:02 - [MESSAGE][PASSED] - Current viewport's top (y) position is 54

2018-03-05 17:25:02 - [MESSAGE][PASSED] - Dragged object with id 'Object Repository/CuPaDl/Icons/Resize_icon_bottomright' by offset distance x = 125 and y = 179 successfully

2018-03-05 17:25:03 - [MESSAGE][PASSED] - Object 'Object Repository/CuPaDl/Loading_indicator' is visible

2018-03-05 17:25:07 - [MESSAGE][PASSED] - Object 'Object Repository/CuPaDl/Loading_indicator' is NOT visible

2018-03-05 17:25:08 - [MESSAGE][PASSED] - Delayed 1 second(s)

2018-03-05 17:25:08 - [MESSAGE][PASSED] - cupakeysDl.iconres.iconresize is PASSED

2018-03-05 17:25:08 - [TEST_STEP][PASSED] - Statement - (step++): null

2018-03-05 17:25:08 - [TEST_STEP][PASSED] - cupakeysDl.slink.svlink: cupakeysDl.slink.svlink is PASSED

2018-03-05 17:25:08 - [MESSAGE][PASSED] - Scroll to object 'Object Repository/CuPaDl/Save/Save' successfully

2018-03-05 17:25:08 - [MESSAGE][PASSED] - Object: 'Object Repository/CuPaDl/Save/Save' is clicked on

2018-03-05 17:25:08 - [MESSAGE][WARNING] - Timeout '0' is invalid. Using default page load timeout: '30'

2018-03-05 17:25:10 - [MESSAGE][PASSED] - Object 'Object Repository/CuPaDl/Save/CopyLink' is visible

2018-03-05 17:25:10 - [MESSAGE][PASSED] - Object: 'Object Repository/CuPaDl/Save/CopyLink' is clicked on

2018-03-05 17:25:11 - [MESSAGE][PASSED] - Delayed 1 second(s)

2018-03-05 17:25:11 - [MESSAGE][PASSED] - Object: 'Object Repository/CuPaDl/Save/Close' is clicked on

2018-03-05 17:25:12 - [MESSAGE][PASSED] - Delayed 1 second(s)

2018-03-05 17:25:12 - [MESSAGE][PASSED] - cupakeysDl.slink.svlink is PASSED

2018-03-05 17:25:12 - [TEST_STEP][PASSED] - cupakeysDl.endsession.finishsession: cupakeysDl.endsession.finishsession is PASSED

2018-03-05 17:25:15 - [MESSAGE][PASSED] - Delayed 3 second(s)

2018-03-05 17:25:16 - [MESSAGE][PASSED] - Browser is closed

2018-03-05 17:25:16 - [MESSAGE][PASSED] - cupakeysDl.endsession.finishsession is PASSED]]></system-out>
         <system-err><![CDATA[]]></system-err>
      </testcase>
      <testcase name="Test Cases/CuPaStefanie/19" classname="Test Cases/CuPaStefanie/19" status="PASSED">
         <system-out><![CDATA[2018-03-05 17:25:16 - [TEST_CASE][PASSED] - Test Cases/CuPaStefanie/19: Test Cases/CuPaStefanie/19

2018-03-05 17:25:16 - [TEST_STEP][PASSED] - Statement - timeStamp = new java.text.SimpleDateFormat(dd.MM.yyyy).format(java.util.Calendar.getInstance().getTime()): null

2018-03-05 17:25:16 - [TEST_STEP][PASSED] - Statement - timeStampScreenshot = new java.text.SimpleDateFormat(dd.MM.yyyy).format(java.util.Calendar.getInstance().getTime()): null

2018-03-05 17:25:16 - [TEST_STEP][PASSED] - Statement - iconmap = [:]: null

2018-03-05 17:25:16 - [TEST_STEP][PASSED] - Statement - txtmap = [:]: null

2018-03-05 17:25:16 - [TEST_STEP][PASSED] - Statement - signmap = [:]: null

2018-03-05 17:25:16 - [TEST_STEP][PASSED] - cupakeysDl.initStart.initialStart: cupakeysDl.initStart.initialStart is PASSED

2018-03-05 17:25:18 - [MESSAGE][PASSED] - Browser is opened with url: ''

2018-03-05 17:25:21 - [MESSAGE][PASSED] - Delayed 3 second(s)

2018-03-05 17:25:22 - [MESSAGE][PASSED] - Navigate to 'https://d16a4dsnr8a0k1.cloudfront.net/en/2455233.html?price=150.00%20%E2%82%AC&partName=wilsonPartName&vin=wilsonVin&modelCode=XP11&paint=P0A94&modelDescription=wilsonModelDescription&additionalEquipment=wilsonAdditionalEquipment' successfully

2018-03-05 17:25:22 - [MESSAGE][PASSED] - Object 'Object Repository/CuPaDl/Loading_indicator' is visible

2018-03-05 17:25:32 - [MESSAGE][PASSED] - Object 'Object Repository/CuPaDl/Loading_indicator' is NOT visible

2018-03-05 17:25:33 - [MESSAGE][PASSED] - Delayed 1 second(s)

2018-03-05 17:25:33 - [MESSAGE][PASSED] - cupakeysDl.initStart.initialStart is PASSED

2018-03-05 17:25:33 - [TEST_STEP][PASSED] - Statement - (step++): null

2018-03-05 17:25:33 - [TEST_STEP][PASSED] - cupakeysDl.color.changecolor: cupakeysDl.color.changecolor is PASSED

2018-03-05 17:25:33 - [MESSAGE][PASSED] - Object 'Object Repository/CuPaDl/Color/Color' is visible

2018-03-05 17:25:33 - [MESSAGE][PASSED] - Object: 'Object Repository/CuPaDl/Color/Color' is clicked on

2018-03-05 17:25:33 - [MESSAGE][WARNING] - Timeout '0' is invalid. Using default page load timeout: '30'

2018-03-05 17:25:33 - [MESSAGE][PASSED] - Object 'Object Repository/CuPaDl/Color/Color_thundergrey' is visible

2018-03-05 17:25:34 - [MESSAGE][PASSED] - Delayed 1 second(s)

2018-03-05 17:25:35 - [MESSAGE][PASSED] - Object: 'Object Repository/CuPaDl/Color/Color_thundergrey' is clicked on

2018-03-05 17:25:36 - [MESSAGE][PASSED] - Object 'Object Repository/CuPaDl/Loading_indicator' is visible

2018-03-05 17:25:37 - [MESSAGE][PASSED] - Object 'Object Repository/CuPaDl/Loading_indicator' is NOT visible

2018-03-05 17:25:38 - [MESSAGE][PASSED] - Delayed 1 second(s)

2018-03-05 17:25:38 - [MESSAGE][PASSED] - cupakeysDl.color.changecolor is PASSED

2018-03-05 17:25:38 - [TEST_STEP][PASSED] - Statement - (step++): null

2018-03-05 17:25:38 - [TEST_STEP][PASSED] - cupakeysDl.chngstruct.changestructure: cupakeysDl.chngstruct.changestructure is PASSED

2018-03-05 17:25:38 - [MESSAGE][PASSED] - Object 'Object Repository/CuPaDl/Structure/Structure' is visible

2018-03-05 17:25:38 - [MESSAGE][PASSED] - Object: 'Object Repository/CuPaDl/Structure/Structure' is clicked on

2018-03-05 17:25:38 - [MESSAGE][WARNING] - Timeout '0' is invalid. Using default page load timeout: '30'

2018-03-05 17:25:38 - [MESSAGE][PASSED] - Object 'Object Repository/CuPaDl/Structure/Structure_Hahnentritt' is visible

2018-03-05 17:25:39 - [MESSAGE][PASSED] - Delayed 1 second(s)

2018-03-05 17:25:39 - [MESSAGE][PASSED] - Object: 'Object Repository/CuPaDl/Structure/Structure_fadehahnentritt' is clicked on

2018-03-05 17:25:41 - [MESSAGE][PASSED] - Object 'Object Repository/CuPaDl/Loading_indicator' is visible

2018-03-05 17:25:42 - [MESSAGE][PASSED] - Object 'Object Repository/CuPaDl/Loading_indicator' is NOT visible

2018-03-05 17:25:43 - [MESSAGE][PASSED] - Delayed 1 second(s)

2018-03-05 17:25:43 - [MESSAGE][PASSED] - cupakeysDl.chngstruct.changestructure is PASSED

2018-03-05 17:25:43 - [TEST_STEP][PASSED] - Statement - (step++): null

2018-03-05 17:25:43 - [TEST_STEP][PASSED] - cupakeysDl.sclstruct.scalestructure: cupakeysDl.sclstruct.scalestructure is PASSED

2018-03-05 17:25:46 - [MESSAGE][WARNING] - Object 'Object Repository/CuPaDl/Structure/Resize_Structure_bottomright' is not visible after 3 second(s)

2018-03-05 17:25:46 - [MESSAGE][PASSED] - Object: 'Object Repository/CuPaDl/Structure/Resize_Structure' is clicked on

2018-03-05 17:25:46 - [MESSAGE][WARNING] - Timeout '0' is invalid. Using default page load timeout: '30'

2018-03-05 17:25:46 - [MESSAGE][PASSED] - Object 'Object Repository/CuPaDl/Structure/Resize_Structure_bottomright' is visible

2018-03-05 17:25:47 - [MESSAGE][PASSED] - Delayed 1 second(s)

2018-03-05 17:25:47 - [MESSAGE][PASSED] - Current viewport's left (x) position is 0

2018-03-05 17:25:47 - [MESSAGE][PASSED] - Current viewport's top (y) position is 54

2018-03-05 17:25:47 - [MESSAGE][PASSED] - Dragged object with id 'Object Repository/CuPaDl/Structure/Resize_Structure_bottomright' by offset distance x = -225 and y = -171 successfully

2018-03-05 17:25:50 - [MESSAGE][PASSED] - Object 'Object Repository/CuPaDl/Loading_indicator' is visible

2018-03-05 17:25:51 - [MESSAGE][PASSED] - Object 'Object Repository/CuPaDl/Loading_indicator' is NOT visible

2018-03-05 17:25:52 - [MESSAGE][PASSED] - Delayed 1 second(s)

2018-03-05 17:25:52 - [MESSAGE][PASSED] - cupakeysDl.sclstruct.scalestructure is PASSED

2018-03-05 17:25:52 - [TEST_STEP][PASSED] - Statement - (step++): null

2018-03-05 17:25:52 - [TEST_STEP][PASSED] - Statement - iconmap += CustomKeywords.cupakeysDl.iconad.iconadd("helmet", LoadTimeCorrector, step, run, device, timeStamp, iconcount): cupakeysDl.iconad.iconadd is PASSED

2018-03-05 17:25:52 - [MESSAGE][PASSED] - Object 'Object Repository/CuPaDl/Icons/Icon' is visible

2018-03-05 17:25:52 - [MESSAGE][PASSED] - Object: 'Object Repository/CuPaDl/Icons/Icon' is clicked on

2018-03-05 17:25:52 - [MESSAGE][WARNING] - Timeout '0' is invalid. Using default page load timeout: '30'

2018-03-05 17:25:52 - [MESSAGE][PASSED] - Object 'Object Repository/CuPaDl/Icons/Icon_helmet' is visible

2018-03-05 17:25:53 - [MESSAGE][PASSED] - Delayed 1 second(s)

2018-03-05 17:25:53 - [MESSAGE][PASSED] - Object: 'Object Repository/CuPaDl/Icons/Icon_helmet' is clicked on

2018-03-05 17:25:55 - [MESSAGE][PASSED] - Object 'Object Repository/CuPaDl/Loading_indicator' is visible

2018-03-05 17:25:56 - [MESSAGE][PASSED] - Object 'Object Repository/CuPaDl/Loading_indicator' is NOT visible

2018-03-05 17:25:56 - [MESSAGE][WARNING] - Timeout '0' is invalid. Using default page load timeout: '30'

2018-03-05 17:25:56 - [MESSAGE][PASSED] - Width of element 'Object Repository/CuPaDl/Icons/Reposition_icon' is '40'

2018-03-05 17:25:56 - [MESSAGE][PASSED] - Height of element 'Object Repository/CuPaDl/Icons/Reposition_icon' is '40'.

2018-03-05 17:25:57 - [MESSAGE][PASSED] - Delayed 1 second(s)

2018-03-05 17:25:57 - [MESSAGE][PASSED] - cupakeysDl.iconad.iconadd is PASSED

2018-03-05 17:25:57 - [TEST_STEP][PASSED] - Statement - (step++): null

2018-03-05 17:25:57 - [TEST_STEP][PASSED] - Statement - (iconcount++): null

2018-03-05 17:25:57 - [TEST_STEP][PASSED] - cupakeysDl.iconres.iconresize: cupakeysDl.iconres.iconresize is PASSED

2018-03-05 17:25:57 - [MESSAGE][PASSED] - Object 'Object Repository/CuPaDl/Icons/Reposition_icon' is visible

2018-03-05 17:25:57 - [MESSAGE][PASSED] - Current viewport's left (x) position is 0

2018-03-05 17:25:57 - [MESSAGE][PASSED] - Current viewport's top (y) position is 54

2018-03-05 17:25:57 - [MESSAGE][PASSED] - Dragged object with id 'Object Repository/CuPaDl/Icons/Resize_icon_bottomright' by offset distance x = -125 and y = -71 successfully

2018-03-05 17:26:00 - [MESSAGE][PASSED] - Object 'Object Repository/CuPaDl/Loading_indicator' is visible

2018-03-05 17:26:01 - [MESSAGE][PASSED] - Object 'Object Repository/CuPaDl/Loading_indicator' is NOT visible

2018-03-05 17:26:02 - [MESSAGE][PASSED] - Delayed 1 second(s)

2018-03-05 17:26:02 - [MESSAGE][PASSED] - cupakeysDl.iconres.iconresize is PASSED

2018-03-05 17:26:02 - [TEST_STEP][PASSED] - Statement - (step++): null

2018-03-05 17:26:02 - [TEST_STEP][PASSED] - cupakeysDl.slink.svlink: cupakeysDl.slink.svlink is PASSED

2018-03-05 17:26:02 - [MESSAGE][PASSED] - Scroll to object 'Object Repository/CuPaDl/Save/Save' successfully

2018-03-05 17:26:02 - [MESSAGE][PASSED] - Object: 'Object Repository/CuPaDl/Save/Save' is clicked on

2018-03-05 17:26:02 - [MESSAGE][WARNING] - Timeout '0' is invalid. Using default page load timeout: '30'

2018-03-05 17:26:04 - [MESSAGE][PASSED] - Object 'Object Repository/CuPaDl/Save/CopyLink' is visible

2018-03-05 17:26:04 - [MESSAGE][PASSED] - Object: 'Object Repository/CuPaDl/Save/CopyLink' is clicked on

2018-03-05 17:26:05 - [MESSAGE][PASSED] - Delayed 1 second(s)

2018-03-05 17:26:05 - [MESSAGE][PASSED] - Object: 'Object Repository/CuPaDl/Save/Close' is clicked on

2018-03-05 17:26:06 - [MESSAGE][PASSED] - Delayed 1 second(s)

2018-03-05 17:26:06 - [MESSAGE][PASSED] - cupakeysDl.slink.svlink is PASSED

2018-03-05 17:26:06 - [TEST_STEP][PASSED] - cupakeysDl.endsession.finishsession: cupakeysDl.endsession.finishsession is PASSED

2018-03-05 17:26:09 - [MESSAGE][PASSED] - Delayed 3 second(s)

2018-03-05 17:26:10 - [MESSAGE][PASSED] - Browser is closed

2018-03-05 17:26:10 - [MESSAGE][PASSED] - cupakeysDl.endsession.finishsession is PASSED]]></system-out>
         <system-err><![CDATA[]]></system-err>
      </testcase>
      <testcase name="Test Cases/CuPaStefanie/20" classname="Test Cases/CuPaStefanie/20" status="PASSED">
         <system-out><![CDATA[2018-03-05 17:26:10 - [TEST_CASE][PASSED] - Test Cases/CuPaStefanie/20: Test Cases/CuPaStefanie/20

2018-03-05 17:26:10 - [TEST_STEP][PASSED] - Statement - timeStamp = new java.text.SimpleDateFormat(dd.MM.yyyy).format(java.util.Calendar.getInstance().getTime()): null

2018-03-05 17:26:10 - [TEST_STEP][PASSED] - Statement - timeStampScreenshot = new java.text.SimpleDateFormat(dd.MM.yyyy).format(java.util.Calendar.getInstance().getTime()): null

2018-03-05 17:26:10 - [TEST_STEP][PASSED] - Statement - iconmap = [:]: null

2018-03-05 17:26:10 - [TEST_STEP][PASSED] - Statement - txtmap = [:]: null

2018-03-05 17:26:10 - [TEST_STEP][PASSED] - Statement - signmap = [:]: null

2018-03-05 17:26:10 - [TEST_STEP][PASSED] - cupakeysDl.initStart.initialStart: cupakeysDl.initStart.initialStart is PASSED

2018-03-05 17:26:12 - [MESSAGE][PASSED] - Browser is opened with url: ''

2018-03-05 17:26:15 - [MESSAGE][PASSED] - Delayed 3 second(s)

2018-03-05 17:26:16 - [MESSAGE][PASSED] - Navigate to 'https://d16a4dsnr8a0k1.cloudfront.net/en/2455233.html?price=150.00%20%E2%82%AC&partName=wilsonPartName&vin=wilsonVin&modelCode=XP11&paint=P0A94&modelDescription=wilsonModelDescription&additionalEquipment=wilsonAdditionalEquipment' successfully

2018-03-05 17:26:16 - [MESSAGE][PASSED] - Object 'Object Repository/CuPaDl/Loading_indicator' is visible

2018-03-05 17:26:26 - [MESSAGE][PASSED] - Object 'Object Repository/CuPaDl/Loading_indicator' is NOT visible

2018-03-05 17:26:27 - [MESSAGE][PASSED] - Delayed 1 second(s)

2018-03-05 17:26:27 - [MESSAGE][PASSED] - cupakeysDl.initStart.initialStart is PASSED

2018-03-05 17:26:27 - [TEST_STEP][PASSED] - Statement - (step++): null

2018-03-05 17:26:27 - [TEST_STEP][PASSED] - cupakeysDl.color.changecolor: cupakeysDl.color.changecolor is PASSED

2018-03-05 17:26:27 - [MESSAGE][PASSED] - Object 'Object Repository/CuPaDl/Color/Color' is visible

2018-03-05 17:26:27 - [MESSAGE][PASSED] - Object: 'Object Repository/CuPaDl/Color/Color' is clicked on

2018-03-05 17:26:27 - [MESSAGE][WARNING] - Timeout '0' is invalid. Using default page load timeout: '30'

2018-03-05 17:26:28 - [MESSAGE][PASSED] - Object 'Object Repository/CuPaDl/Color/Color_thundergrey' is visible

2018-03-05 17:26:29 - [MESSAGE][PASSED] - Delayed 1 second(s)

2018-03-05 17:26:29 - [MESSAGE][PASSED] - Object: 'Object Repository/CuPaDl/Color/Color_thundergrey' is clicked on

2018-03-05 17:26:30 - [MESSAGE][PASSED] - Object 'Object Repository/CuPaDl/Loading_indicator' is visible

2018-03-05 17:26:31 - [MESSAGE][PASSED] - Object 'Object Repository/CuPaDl/Loading_indicator' is NOT visible

2018-03-05 17:26:32 - [MESSAGE][PASSED] - Delayed 1 second(s)

2018-03-05 17:26:32 - [MESSAGE][PASSED] - cupakeysDl.color.changecolor is PASSED

2018-03-05 17:26:32 - [TEST_STEP][PASSED] - Statement - (step++): null

2018-03-05 17:26:32 - [TEST_STEP][PASSED] - cupakeysDl.chngstruct.changestructure: cupakeysDl.chngstruct.changestructure is PASSED

2018-03-05 17:26:32 - [MESSAGE][PASSED] - Object 'Object Repository/CuPaDl/Structure/Structure' is visible

2018-03-05 17:26:32 - [MESSAGE][PASSED] - Object: 'Object Repository/CuPaDl/Structure/Structure' is clicked on

2018-03-05 17:26:32 - [MESSAGE][WARNING] - Timeout '0' is invalid. Using default page load timeout: '30'

2018-03-05 17:26:32 - [MESSAGE][PASSED] - Object 'Object Repository/CuPaDl/Structure/Structure_Hahnentritt' is visible

2018-03-05 17:26:33 - [MESSAGE][PASSED] - Delayed 1 second(s)

2018-03-05 17:26:33 - [MESSAGE][PASSED] - Object: 'Object Repository/CuPaDl/Structure/Structure_fadehahnentritt' is clicked on

2018-03-05 17:26:34 - [MESSAGE][PASSED] - Object 'Object Repository/CuPaDl/Loading_indicator' is visible

2018-03-05 17:26:38 - [MESSAGE][PASSED] - Object 'Object Repository/CuPaDl/Loading_indicator' is NOT visible

2018-03-05 17:26:39 - [MESSAGE][PASSED] - Delayed 1 second(s)

2018-03-05 17:26:39 - [MESSAGE][PASSED] - cupakeysDl.chngstruct.changestructure is PASSED

2018-03-05 17:26:39 - [TEST_STEP][PASSED] - Statement - (step++): null

2018-03-05 17:26:39 - [TEST_STEP][PASSED] - cupakeysDl.sclstruct.scalestructure: cupakeysDl.sclstruct.scalestructure is PASSED

2018-03-05 17:26:42 - [MESSAGE][WARNING] - Object 'Object Repository/CuPaDl/Structure/Resize_Structure_bottomright' is not visible after 3 second(s)

2018-03-05 17:26:42 - [MESSAGE][PASSED] - Object: 'Object Repository/CuPaDl/Structure/Resize_Structure' is clicked on

2018-03-05 17:26:42 - [MESSAGE][WARNING] - Timeout '0' is invalid. Using default page load timeout: '30'

2018-03-05 17:26:42 - [MESSAGE][PASSED] - Object 'Object Repository/CuPaDl/Structure/Resize_Structure_bottomright' is visible

2018-03-05 17:26:43 - [MESSAGE][PASSED] - Delayed 1 second(s)

2018-03-05 17:26:43 - [MESSAGE][PASSED] - Current viewport's left (x) position is 0

2018-03-05 17:26:43 - [MESSAGE][PASSED] - Current viewport's top (y) position is 54

2018-03-05 17:26:43 - [MESSAGE][PASSED] - Dragged object with id 'Object Repository/CuPaDl/Structure/Resize_Structure_bottomright' by offset distance x = 225 and y = 279 successfully

2018-03-05 17:26:45 - [MESSAGE][PASSED] - Object 'Object Repository/CuPaDl/Loading_indicator' is visible

2018-03-05 17:26:46 - [MESSAGE][PASSED] - Object 'Object Repository/CuPaDl/Loading_indicator' is NOT visible

2018-03-05 17:26:47 - [MESSAGE][PASSED] - Delayed 1 second(s)

2018-03-05 17:26:47 - [MESSAGE][PASSED] - cupakeysDl.sclstruct.scalestructure is PASSED

2018-03-05 17:26:47 - [TEST_STEP][PASSED] - Statement - (step++): null

2018-03-05 17:26:47 - [TEST_STEP][PASSED] - Statement - iconmap += CustomKeywords.cupakeysDl.iconad.iconadd("helmet", LoadTimeCorrector, step, run, device, timeStamp, iconcount): cupakeysDl.iconad.iconadd is PASSED

2018-03-05 17:26:47 - [MESSAGE][PASSED] - Object 'Object Repository/CuPaDl/Icons/Icon' is visible

2018-03-05 17:26:47 - [MESSAGE][PASSED] - Object: 'Object Repository/CuPaDl/Icons/Icon' is clicked on

2018-03-05 17:26:47 - [MESSAGE][WARNING] - Timeout '0' is invalid. Using default page load timeout: '30'

2018-03-05 17:26:47 - [MESSAGE][PASSED] - Object 'Object Repository/CuPaDl/Icons/Icon_helmet' is visible

2018-03-05 17:26:48 - [MESSAGE][PASSED] - Delayed 1 second(s)

2018-03-05 17:26:48 - [MESSAGE][PASSED] - Object: 'Object Repository/CuPaDl/Icons/Icon_helmet' is clicked on

2018-03-05 17:26:49 - [MESSAGE][PASSED] - Object 'Object Repository/CuPaDl/Loading_indicator' is visible

2018-03-05 17:26:52 - [MESSAGE][PASSED] - Object 'Object Repository/CuPaDl/Loading_indicator' is NOT visible

2018-03-05 17:26:52 - [MESSAGE][WARNING] - Timeout '0' is invalid. Using default page load timeout: '30'

2018-03-05 17:26:52 - [MESSAGE][PASSED] - Width of element 'Object Repository/CuPaDl/Icons/Reposition_icon' is '40'

2018-03-05 17:26:52 - [MESSAGE][PASSED] - Height of element 'Object Repository/CuPaDl/Icons/Reposition_icon' is '40'.

2018-03-05 17:26:53 - [MESSAGE][PASSED] - Delayed 1 second(s)

2018-03-05 17:26:53 - [MESSAGE][PASSED] - cupakeysDl.iconad.iconadd is PASSED

2018-03-05 17:26:53 - [TEST_STEP][PASSED] - Statement - (step++): null

2018-03-05 17:26:53 - [TEST_STEP][PASSED] - Statement - (iconcount++): null

2018-03-05 17:26:53 - [TEST_STEP][PASSED] - cupakeysDl.iconres.iconresize: cupakeysDl.iconres.iconresize is PASSED

2018-03-05 17:26:53 - [MESSAGE][PASSED] - Object 'Object Repository/CuPaDl/Icons/Reposition_icon' is visible

2018-03-05 17:26:53 - [MESSAGE][PASSED] - Current viewport's left (x) position is 0

2018-03-05 17:26:53 - [MESSAGE][PASSED] - Current viewport's top (y) position is 54

2018-03-05 17:26:53 - [MESSAGE][PASSED] - Dragged object with id 'Object Repository/CuPaDl/Icons/Resize_icon_bottomright' by offset distance x = 125 and y = 179 successfully

2018-03-05 17:26:55 - [MESSAGE][PASSED] - Object 'Object Repository/CuPaDl/Loading_indicator' is visible

2018-03-05 17:26:56 - [MESSAGE][PASSED] - Object 'Object Repository/CuPaDl/Loading_indicator' is NOT visible

2018-03-05 17:26:57 - [MESSAGE][PASSED] - Delayed 1 second(s)

2018-03-05 17:26:57 - [MESSAGE][PASSED] - cupakeysDl.iconres.iconresize is PASSED

2018-03-05 17:26:57 - [TEST_STEP][PASSED] - Statement - (step++): null

2018-03-05 17:26:57 - [TEST_STEP][PASSED] - cupakeysDl.slink.svlink: cupakeysDl.slink.svlink is PASSED

2018-03-05 17:26:58 - [MESSAGE][PASSED] - Scroll to object 'Object Repository/CuPaDl/Save/Save' successfully

2018-03-05 17:26:58 - [MESSAGE][PASSED] - Object: 'Object Repository/CuPaDl/Save/Save' is clicked on

2018-03-05 17:26:58 - [MESSAGE][WARNING] - Timeout '0' is invalid. Using default page load timeout: '30'

2018-03-05 17:27:00 - [MESSAGE][PASSED] - Object 'Object Repository/CuPaDl/Save/CopyLink' is visible

2018-03-05 17:27:00 - [MESSAGE][PASSED] - Object: 'Object Repository/CuPaDl/Save/CopyLink' is clicked on

2018-03-05 17:27:01 - [MESSAGE][PASSED] - Delayed 1 second(s)

2018-03-05 17:27:01 - [MESSAGE][PASSED] - Object: 'Object Repository/CuPaDl/Save/Close' is clicked on

2018-03-05 17:27:02 - [MESSAGE][PASSED] - Delayed 1 second(s)

2018-03-05 17:27:02 - [MESSAGE][PASSED] - cupakeysDl.slink.svlink is PASSED

2018-03-05 17:27:02 - [TEST_STEP][PASSED] - cupakeysDl.endsession.finishsession: cupakeysDl.endsession.finishsession is PASSED

2018-03-05 17:27:05 - [MESSAGE][PASSED] - Delayed 3 second(s)

2018-03-05 17:27:05 - [MESSAGE][PASSED] - Browser is closed

2018-03-05 17:27:05 - [MESSAGE][PASSED] - cupakeysDl.endsession.finishsession is PASSED]]></system-out>
         <system-err><![CDATA[]]></system-err>
      </testcase>
      <testcase name="Test Cases/CuPaStefanie/21" classname="Test Cases/CuPaStefanie/21" status="PASSED">
         <system-out><![CDATA[2018-03-05 17:27:05 - [TEST_CASE][PASSED] - Test Cases/CuPaStefanie/21: Test Cases/CuPaStefanie/21

2018-03-05 17:27:06 - [TEST_STEP][PASSED] - Statement - timeStamp = new java.text.SimpleDateFormat(dd.MM.yyyy).format(java.util.Calendar.getInstance().getTime()): null

2018-03-05 17:27:06 - [TEST_STEP][PASSED] - Statement - timeStampScreenshot = new java.text.SimpleDateFormat(dd.MM.yyyy).format(java.util.Calendar.getInstance().getTime()): null

2018-03-05 17:27:06 - [TEST_STEP][PASSED] - Statement - iconmap = [:]: null

2018-03-05 17:27:06 - [TEST_STEP][PASSED] - Statement - txtmap = [:]: null

2018-03-05 17:27:06 - [TEST_STEP][PASSED] - Statement - signmap = [:]: null

2018-03-05 17:27:06 - [TEST_STEP][PASSED] - cupakeysDl.initStart.initialStart: cupakeysDl.initStart.initialStart is PASSED

2018-03-05 17:27:08 - [MESSAGE][PASSED] - Browser is opened with url: ''

2018-03-05 17:27:11 - [MESSAGE][PASSED] - Delayed 3 second(s)

2018-03-05 17:27:13 - [MESSAGE][PASSED] - Navigate to 'https://d16a4dsnr8a0k1.cloudfront.net/en/2455233.html?price=150.00%20%E2%82%AC&partName=wilsonPartName&vin=wilsonVin&modelCode=XP11&paint=P0A94&modelDescription=wilsonModelDescription&additionalEquipment=wilsonAdditionalEquipment' successfully

2018-03-05 17:27:13 - [MESSAGE][PASSED] - Object 'Object Repository/CuPaDl/Loading_indicator' is visible

2018-03-05 17:27:24 - [MESSAGE][PASSED] - Object 'Object Repository/CuPaDl/Loading_indicator' is NOT visible

2018-03-05 17:27:25 - [MESSAGE][PASSED] - Delayed 1 second(s)

2018-03-05 17:27:25 - [MESSAGE][PASSED] - cupakeysDl.initStart.initialStart is PASSED

2018-03-05 17:27:25 - [TEST_STEP][PASSED] - Statement - (step++): null

2018-03-05 17:27:25 - [TEST_STEP][PASSED] - cupakeysDl.color.changecolor: cupakeysDl.color.changecolor is PASSED

2018-03-05 17:27:26 - [MESSAGE][PASSED] - Object 'Object Repository/CuPaDl/Color/Color' is visible

2018-03-05 17:27:26 - [MESSAGE][PASSED] - Object: 'Object Repository/CuPaDl/Color/Color' is clicked on

2018-03-05 17:27:26 - [MESSAGE][WARNING] - Timeout '0' is invalid. Using default page load timeout: '30'

2018-03-05 17:27:26 - [MESSAGE][PASSED] - Object 'Object Repository/CuPaDl/Color/Color_lapisblue' is visible

2018-03-05 17:27:27 - [MESSAGE][PASSED] - Delayed 1 second(s)

2018-03-05 17:27:27 - [MESSAGE][PASSED] - Object: 'Object Repository/CuPaDl/Color/Color_lapisblue' is clicked on

2018-03-05 17:27:28 - [MESSAGE][PASSED] - Object 'Object Repository/CuPaDl/Loading_indicator' is visible

2018-03-05 17:27:29 - [MESSAGE][PASSED] - Object 'Object Repository/CuPaDl/Loading_indicator' is NOT visible

2018-03-05 17:27:30 - [MESSAGE][PASSED] - Delayed 1 second(s)

2018-03-05 17:27:30 - [MESSAGE][PASSED] - cupakeysDl.color.changecolor is PASSED

2018-03-05 17:27:30 - [TEST_STEP][PASSED] - Statement - (step++): null

2018-03-05 17:27:30 - [TEST_STEP][PASSED] - cupakeysDl.chngstruct.changestructure: cupakeysDl.chngstruct.changestructure is PASSED

2018-03-05 17:27:30 - [MESSAGE][PASSED] - Object 'Object Repository/CuPaDl/Structure/Structure' is visible

2018-03-05 17:27:31 - [MESSAGE][PASSED] - Object: 'Object Repository/CuPaDl/Structure/Structure' is clicked on

2018-03-05 17:27:31 - [MESSAGE][WARNING] - Timeout '0' is invalid. Using default page load timeout: '30'

2018-03-05 17:27:31 - [MESSAGE][PASSED] - Object 'Object Repository/CuPaDl/Structure/Structure_Hahnentritt' is visible

2018-03-05 17:27:32 - [MESSAGE][PASSED] - Delayed 1 second(s)

2018-03-05 17:27:32 - [MESSAGE][PASSED] - Object: 'Object Repository/CuPaDl/Structure/Structure_fadedotscircular' is clicked on

2018-03-05 17:27:32 - [MESSAGE][PASSED] - Object 'Object Repository/CuPaDl/Loading_indicator' is visible

2018-03-05 17:27:36 - [MESSAGE][PASSED] - Object 'Object Repository/CuPaDl/Loading_indicator' is NOT visible

2018-03-05 17:27:37 - [MESSAGE][PASSED] - Delayed 1 second(s)

2018-03-05 17:27:37 - [MESSAGE][PASSED] - cupakeysDl.chngstruct.changestructure is PASSED

2018-03-05 17:27:37 - [TEST_STEP][PASSED] - Statement - (step++): null

2018-03-05 17:27:37 - [TEST_STEP][PASSED] - cupakeysDl.sclstruct.scalestructure: cupakeysDl.sclstruct.scalestructure is PASSED

2018-03-05 17:27:40 - [MESSAGE][WARNING] - Object 'Object Repository/CuPaDl/Structure/Resize_Structure_bottomright' is not visible after 3 second(s)

2018-03-05 17:27:40 - [MESSAGE][PASSED] - Object: 'Object Repository/CuPaDl/Structure/Resize_Structure' is clicked on

2018-03-05 17:27:40 - [MESSAGE][WARNING] - Timeout '0' is invalid. Using default page load timeout: '30'

2018-03-05 17:27:40 - [MESSAGE][PASSED] - Object 'Object Repository/CuPaDl/Structure/Resize_Structure_bottomright' is visible

2018-03-05 17:27:41 - [MESSAGE][PASSED] - Delayed 1 second(s)

2018-03-05 17:27:41 - [MESSAGE][PASSED] - Current viewport's left (x) position is 0

2018-03-05 17:27:41 - [MESSAGE][PASSED] - Current viewport's top (y) position is 54

2018-03-05 17:27:41 - [MESSAGE][PASSED] - Dragged object with id 'Object Repository/CuPaDl/Structure/Resize_Structure_bottomright' by offset distance x = -225 and y = -171 successfully

2018-03-05 17:27:42 - [MESSAGE][PASSED] - Object 'Object Repository/CuPaDl/Loading_indicator' is visible

2018-03-05 17:27:45 - [MESSAGE][PASSED] - Object 'Object Repository/CuPaDl/Loading_indicator' is NOT visible

2018-03-05 17:27:46 - [MESSAGE][PASSED] - Delayed 1 second(s)

2018-03-05 17:27:46 - [MESSAGE][PASSED] - cupakeysDl.sclstruct.scalestructure is PASSED

2018-03-05 17:27:46 - [TEST_STEP][PASSED] - Statement - (step++): null

2018-03-05 17:27:46 - [TEST_STEP][PASSED] - Statement - iconmap += CustomKeywords.cupakeysDl.iconad.iconadd("longboard", LoadTimeCorrector, step, run, device, timeStamp, iconcount): cupakeysDl.iconad.iconadd is PASSED

2018-03-05 17:27:46 - [MESSAGE][PASSED] - Object 'Object Repository/CuPaDl/Icons/Icon' is visible

2018-03-05 17:27:47 - [MESSAGE][PASSED] - Object: 'Object Repository/CuPaDl/Icons/Icon' is clicked on

2018-03-05 17:27:47 - [MESSAGE][WARNING] - Timeout '0' is invalid. Using default page load timeout: '30'

2018-03-05 17:27:47 - [MESSAGE][PASSED] - Object 'Object Repository/CuPaDl/Icons/Icon_longboard' is visible

2018-03-05 17:27:48 - [MESSAGE][PASSED] - Delayed 1 second(s)

2018-03-05 17:27:48 - [MESSAGE][PASSED] - Object: 'Object Repository/CuPaDl/Icons/Icon_longboard' is clicked on

2018-03-05 17:27:49 - [MESSAGE][PASSED] - Object 'Object Repository/CuPaDl/Loading_indicator' is visible

2018-03-05 17:27:55 - [MESSAGE][PASSED] - Object 'Object Repository/CuPaDl/Loading_indicator' is NOT visible

2018-03-05 17:27:55 - [MESSAGE][WARNING] - Timeout '0' is invalid. Using default page load timeout: '30'

2018-03-05 17:27:55 - [MESSAGE][PASSED] - Width of element 'Object Repository/CuPaDl/Icons/Reposition_icon' is '40'

2018-03-05 17:27:55 - [MESSAGE][PASSED] - Height of element 'Object Repository/CuPaDl/Icons/Reposition_icon' is '40'.

2018-03-05 17:27:56 - [MESSAGE][PASSED] - Delayed 1 second(s)

2018-03-05 17:27:56 - [MESSAGE][PASSED] - cupakeysDl.iconad.iconadd is PASSED

2018-03-05 17:27:56 - [TEST_STEP][PASSED] - Statement - (step++): null

2018-03-05 17:27:56 - [TEST_STEP][PASSED] - Statement - (iconcount++): null

2018-03-05 17:27:56 - [TEST_STEP][PASSED] - cupakeysDl.iconres.iconresize: cupakeysDl.iconres.iconresize is PASSED

2018-03-05 17:27:56 - [MESSAGE][PASSED] - Object 'Object Repository/CuPaDl/Icons/Reposition_icon' is visible

2018-03-05 17:27:56 - [MESSAGE][PASSED] - Current viewport's left (x) position is 0

2018-03-05 17:27:56 - [MESSAGE][PASSED] - Current viewport's top (y) position is 54

2018-03-05 17:27:56 - [MESSAGE][PASSED] - Dragged object with id 'Object Repository/CuPaDl/Icons/Resize_icon_bottomright' by offset distance x = -125 and y = -71 successfully

2018-03-05 17:27:57 - [MESSAGE][PASSED] - Object 'Object Repository/CuPaDl/Loading_indicator' is visible

2018-03-05 17:28:08 - [MESSAGE][PASSED] - Object 'Object Repository/CuPaDl/Loading_indicator' is NOT visible

2018-03-05 17:28:09 - [MESSAGE][PASSED] - Delayed 1 second(s)

2018-03-05 17:28:09 - [MESSAGE][PASSED] - cupakeysDl.iconres.iconresize is PASSED

2018-03-05 17:28:09 - [TEST_STEP][PASSED] - Statement - (step++): null

2018-03-05 17:28:09 - [TEST_STEP][PASSED] - cupakeysDl.slink.svlink: cupakeysDl.slink.svlink is PASSED

2018-03-05 17:28:09 - [MESSAGE][PASSED] - Scroll to object 'Object Repository/CuPaDl/Save/Save' successfully

2018-03-05 17:28:09 - [MESSAGE][PASSED] - Object: 'Object Repository/CuPaDl/Save/Save' is clicked on

2018-03-05 17:28:09 - [MESSAGE][WARNING] - Timeout '0' is invalid. Using default page load timeout: '30'

2018-03-05 17:28:11 - [MESSAGE][PASSED] - Object 'Object Repository/CuPaDl/Save/CopyLink' is visible

2018-03-05 17:28:11 - [MESSAGE][PASSED] - Object: 'Object Repository/CuPaDl/Save/CopyLink' is clicked on

2018-03-05 17:28:12 - [MESSAGE][PASSED] - Delayed 1 second(s)

2018-03-05 17:28:12 - [MESSAGE][PASSED] - Object: 'Object Repository/CuPaDl/Save/Close' is clicked on

2018-03-05 17:28:13 - [MESSAGE][PASSED] - Delayed 1 second(s)

2018-03-05 17:28:13 - [MESSAGE][PASSED] - cupakeysDl.slink.svlink is PASSED

2018-03-05 17:28:13 - [TEST_STEP][PASSED] - cupakeysDl.endsession.finishsession: cupakeysDl.endsession.finishsession is PASSED

2018-03-05 17:28:16 - [MESSAGE][PASSED] - Delayed 3 second(s)

2018-03-05 17:28:16 - [MESSAGE][PASSED] - Browser is closed

2018-03-05 17:28:16 - [MESSAGE][PASSED] - cupakeysDl.endsession.finishsession is PASSED]]></system-out>
         <system-err><![CDATA[]]></system-err>
      </testcase>
      <testcase name="Test Cases/CuPaStefanie/22" classname="Test Cases/CuPaStefanie/22" status="PASSED">
         <system-out><![CDATA[2018-03-05 17:28:16 - [TEST_CASE][PASSED] - Test Cases/CuPaStefanie/22: Test Cases/CuPaStefanie/22

2018-03-05 17:28:16 - [TEST_STEP][PASSED] - Statement - timeStamp = new java.text.SimpleDateFormat(dd.MM.yyyy).format(java.util.Calendar.getInstance().getTime()): null

2018-03-05 17:28:16 - [TEST_STEP][PASSED] - Statement - timeStampScreenshot = new java.text.SimpleDateFormat(dd.MM.yyyy).format(java.util.Calendar.getInstance().getTime()): null

2018-03-05 17:28:16 - [TEST_STEP][PASSED] - Statement - iconmap = [:]: null

2018-03-05 17:28:16 - [TEST_STEP][PASSED] - Statement - txtmap = [:]: null

2018-03-05 17:28:16 - [TEST_STEP][PASSED] - Statement - signmap = [:]: null

2018-03-05 17:28:16 - [TEST_STEP][PASSED] - cupakeysDl.initStart.initialStart: cupakeysDl.initStart.initialStart is PASSED

2018-03-05 17:28:18 - [MESSAGE][PASSED] - Browser is opened with url: ''

2018-03-05 17:28:21 - [MESSAGE][PASSED] - Delayed 3 second(s)

2018-03-05 17:28:23 - [MESSAGE][PASSED] - Navigate to 'https://d16a4dsnr8a0k1.cloudfront.net/en/2455233.html?price=150.00%20%E2%82%AC&partName=wilsonPartName&vin=wilsonVin&modelCode=XP11&paint=P0A94&modelDescription=wilsonModelDescription&additionalEquipment=wilsonAdditionalEquipment' successfully

2018-03-05 17:28:23 - [MESSAGE][PASSED] - Object 'Object Repository/CuPaDl/Loading_indicator' is visible

2018-03-05 17:28:34 - [MESSAGE][PASSED] - Object 'Object Repository/CuPaDl/Loading_indicator' is NOT visible

2018-03-05 17:28:35 - [MESSAGE][PASSED] - Delayed 1 second(s)

2018-03-05 17:28:35 - [MESSAGE][PASSED] - cupakeysDl.initStart.initialStart is PASSED

2018-03-05 17:28:35 - [TEST_STEP][PASSED] - Statement - (step++): null

2018-03-05 17:28:35 - [TEST_STEP][PASSED] - cupakeysDl.color.changecolor: cupakeysDl.color.changecolor is PASSED

2018-03-05 17:28:35 - [MESSAGE][PASSED] - Object 'Object Repository/CuPaDl/Color/Color' is visible

2018-03-05 17:28:35 - [MESSAGE][PASSED] - Object: 'Object Repository/CuPaDl/Color/Color' is clicked on

2018-03-05 17:28:35 - [MESSAGE][WARNING] - Timeout '0' is invalid. Using default page load timeout: '30'

2018-03-05 17:28:35 - [MESSAGE][PASSED] - Object 'Object Repository/CuPaDl/Color/Color_lapisblue' is visible

2018-03-05 17:28:36 - [MESSAGE][PASSED] - Delayed 1 second(s)

2018-03-05 17:28:36 - [MESSAGE][PASSED] - Object: 'Object Repository/CuPaDl/Color/Color_lapisblue' is clicked on

2018-03-05 17:28:38 - [MESSAGE][PASSED] - Object 'Object Repository/CuPaDl/Loading_indicator' is visible

2018-03-05 17:28:39 - [MESSAGE][PASSED] - Object 'Object Repository/CuPaDl/Loading_indicator' is NOT visible

2018-03-05 17:28:40 - [MESSAGE][PASSED] - Delayed 1 second(s)

2018-03-05 17:28:40 - [MESSAGE][PASSED] - cupakeysDl.color.changecolor is PASSED

2018-03-05 17:28:40 - [TEST_STEP][PASSED] - Statement - (step++): null

2018-03-05 17:28:40 - [TEST_STEP][PASSED] - cupakeysDl.chngstruct.changestructure: cupakeysDl.chngstruct.changestructure is PASSED

2018-03-05 17:28:40 - [MESSAGE][PASSED] - Object 'Object Repository/CuPaDl/Structure/Structure' is visible

2018-03-05 17:28:40 - [MESSAGE][PASSED] - Object: 'Object Repository/CuPaDl/Structure/Structure' is clicked on

2018-03-05 17:28:40 - [MESSAGE][WARNING] - Timeout '0' is invalid. Using default page load timeout: '30'

2018-03-05 17:28:40 - [MESSAGE][PASSED] - Object 'Object Repository/CuPaDl/Structure/Structure_Hahnentritt' is visible

2018-03-05 17:28:41 - [MESSAGE][PASSED] - Delayed 1 second(s)

2018-03-05 17:28:41 - [MESSAGE][PASSED] - Object: 'Object Repository/CuPaDl/Structure/Structure_fadedotscircular' is clicked on

2018-03-05 17:28:42 - [MESSAGE][PASSED] - Object 'Object Repository/CuPaDl/Loading_indicator' is visible

2018-03-05 17:28:46 - [MESSAGE][PASSED] - Object 'Object Repository/CuPaDl/Loading_indicator' is NOT visible

2018-03-05 17:28:47 - [MESSAGE][PASSED] - Delayed 1 second(s)

2018-03-05 17:28:47 - [MESSAGE][PASSED] - cupakeysDl.chngstruct.changestructure is PASSED

2018-03-05 17:28:47 - [TEST_STEP][PASSED] - Statement - (step++): null

2018-03-05 17:28:47 - [TEST_STEP][PASSED] - cupakeysDl.sclstruct.scalestructure: cupakeysDl.sclstruct.scalestructure is PASSED

2018-03-05 17:28:50 - [MESSAGE][WARNING] - Object 'Object Repository/CuPaDl/Structure/Resize_Structure_bottomright' is not visible after 3 second(s)

2018-03-05 17:28:50 - [MESSAGE][PASSED] - Object: 'Object Repository/CuPaDl/Structure/Resize_Structure' is clicked on

2018-03-05 17:28:50 - [MESSAGE][WARNING] - Timeout '0' is invalid. Using default page load timeout: '30'

2018-03-05 17:28:50 - [MESSAGE][PASSED] - Object 'Object Repository/CuPaDl/Structure/Resize_Structure_bottomright' is visible

2018-03-05 17:28:51 - [MESSAGE][PASSED] - Delayed 1 second(s)

2018-03-05 17:28:51 - [MESSAGE][PASSED] - Current viewport's left (x) position is 0

2018-03-05 17:28:51 - [MESSAGE][PASSED] - Current viewport's top (y) position is 54

2018-03-05 17:28:51 - [MESSAGE][PASSED] - Dragged object with id 'Object Repository/CuPaDl/Structure/Resize_Structure_bottomright' by offset distance x = 225 and y = 279 successfully

2018-03-05 17:28:54 - [MESSAGE][PASSED] - Object 'Object Repository/CuPaDl/Loading_indicator' is visible

2018-03-05 17:28:55 - [MESSAGE][PASSED] - Object 'Object Repository/CuPaDl/Loading_indicator' is NOT visible

2018-03-05 17:28:56 - [MESSAGE][PASSED] - Delayed 1 second(s)

2018-03-05 17:28:56 - [MESSAGE][PASSED] - cupakeysDl.sclstruct.scalestructure is PASSED

2018-03-05 17:28:56 - [TEST_STEP][PASSED] - Statement - (step++): null

2018-03-05 17:28:56 - [TEST_STEP][PASSED] - Statement - iconmap += CustomKeywords.cupakeysDl.iconad.iconadd("longboard", LoadTimeCorrector, step, run, device, timeStamp, iconcount): cupakeysDl.iconad.iconadd is PASSED

2018-03-05 17:28:56 - [MESSAGE][PASSED] - Object 'Object Repository/CuPaDl/Icons/Icon' is visible

2018-03-05 17:28:56 - [MESSAGE][PASSED] - Object: 'Object Repository/CuPaDl/Icons/Icon' is clicked on

2018-03-05 17:28:56 - [MESSAGE][WARNING] - Timeout '0' is invalid. Using default page load timeout: '30'

2018-03-05 17:28:56 - [MESSAGE][PASSED] - Object 'Object Repository/CuPaDl/Icons/Icon_longboard' is visible

2018-03-05 17:28:57 - [MESSAGE][PASSED] - Delayed 1 second(s)

2018-03-05 17:28:57 - [MESSAGE][PASSED] - Object: 'Object Repository/CuPaDl/Icons/Icon_longboard' is clicked on

2018-03-05 17:28:58 - [MESSAGE][PASSED] - Object 'Object Repository/CuPaDl/Loading_indicator' is visible

2018-03-05 17:29:04 - [MESSAGE][PASSED] - Object 'Object Repository/CuPaDl/Loading_indicator' is NOT visible

2018-03-05 17:29:04 - [MESSAGE][WARNING] - Timeout '0' is invalid. Using default page load timeout: '30'

2018-03-05 17:29:04 - [MESSAGE][PASSED] - Width of element 'Object Repository/CuPaDl/Icons/Reposition_icon' is '40'

2018-03-05 17:29:04 - [MESSAGE][PASSED] - Height of element 'Object Repository/CuPaDl/Icons/Reposition_icon' is '40'.

2018-03-05 17:29:05 - [MESSAGE][PASSED] - Delayed 1 second(s)

2018-03-05 17:29:05 - [MESSAGE][PASSED] - cupakeysDl.iconad.iconadd is PASSED

2018-03-05 17:29:05 - [TEST_STEP][PASSED] - Statement - (step++): null

2018-03-05 17:29:05 - [TEST_STEP][PASSED] - Statement - (iconcount++): null

2018-03-05 17:29:05 - [TEST_STEP][PASSED] - cupakeysDl.iconres.iconresize: cupakeysDl.iconres.iconresize is PASSED

2018-03-05 17:29:05 - [MESSAGE][PASSED] - Object 'Object Repository/CuPaDl/Icons/Reposition_icon' is visible

2018-03-05 17:29:05 - [MESSAGE][PASSED] - Current viewport's left (x) position is 0

2018-03-05 17:29:05 - [MESSAGE][PASSED] - Current viewport's top (y) position is 54

2018-03-05 17:29:05 - [MESSAGE][PASSED] - Dragged object with id 'Object Repository/CuPaDl/Icons/Resize_icon_bottomright' by offset distance x = 125 and y = 179 successfully

2018-03-05 17:29:06 - [MESSAGE][PASSED] - Object 'Object Repository/CuPaDl/Loading_indicator' is visible

2018-03-05 17:29:12 - [MESSAGE][PASSED] - Object 'Object Repository/CuPaDl/Loading_indicator' is NOT visible

2018-03-05 17:29:13 - [MESSAGE][PASSED] - Delayed 1 second(s)

2018-03-05 17:29:13 - [MESSAGE][PASSED] - cupakeysDl.iconres.iconresize is PASSED

2018-03-05 17:29:13 - [TEST_STEP][PASSED] - Statement - (step++): null

2018-03-05 17:29:13 - [TEST_STEP][PASSED] - cupakeysDl.slink.svlink: cupakeysDl.slink.svlink is PASSED

2018-03-05 17:29:13 - [MESSAGE][PASSED] - Scroll to object 'Object Repository/CuPaDl/Save/Save' successfully

2018-03-05 17:29:14 - [MESSAGE][PASSED] - Object: 'Object Repository/CuPaDl/Save/Save' is clicked on

2018-03-05 17:29:14 - [MESSAGE][WARNING] - Timeout '0' is invalid. Using default page load timeout: '30'

2018-03-05 17:29:15 - [MESSAGE][PASSED] - Object 'Object Repository/CuPaDl/Save/CopyLink' is visible

2018-03-05 17:29:15 - [MESSAGE][PASSED] - Object: 'Object Repository/CuPaDl/Save/CopyLink' is clicked on

2018-03-05 17:29:16 - [MESSAGE][PASSED] - Delayed 1 second(s)

2018-03-05 17:29:16 - [MESSAGE][PASSED] - Object: 'Object Repository/CuPaDl/Save/Close' is clicked on

2018-03-05 17:29:17 - [MESSAGE][PASSED] - Delayed 1 second(s)

2018-03-05 17:29:17 - [MESSAGE][PASSED] - cupakeysDl.slink.svlink is PASSED

2018-03-05 17:29:17 - [TEST_STEP][PASSED] - cupakeysDl.endsession.finishsession: cupakeysDl.endsession.finishsession is PASSED

2018-03-05 17:29:20 - [MESSAGE][PASSED] - Delayed 3 second(s)

2018-03-05 17:29:21 - [MESSAGE][PASSED] - Browser is closed

2018-03-05 17:29:21 - [MESSAGE][PASSED] - cupakeysDl.endsession.finishsession is PASSED]]></system-out>
         <system-err><![CDATA[]]></system-err>
      </testcase>
      <testcase name="Test Cases/CuPaStefanie/23" classname="Test Cases/CuPaStefanie/23" status="PASSED">
         <system-out><![CDATA[2018-03-05 17:29:21 - [TEST_CASE][PASSED] - Test Cases/CuPaStefanie/23: Test Cases/CuPaStefanie/23

2018-03-05 17:29:21 - [TEST_STEP][PASSED] - Statement - timeStamp = new java.text.SimpleDateFormat(dd.MM.yyyy).format(java.util.Calendar.getInstance().getTime()): null

2018-03-05 17:29:21 - [TEST_STEP][PASSED] - Statement - timeStampScreenshot = new java.text.SimpleDateFormat(dd.MM.yyyy).format(java.util.Calendar.getInstance().getTime()): null

2018-03-05 17:29:21 - [TEST_STEP][PASSED] - Statement - iconmap = [:]: null

2018-03-05 17:29:21 - [TEST_STEP][PASSED] - Statement - txtmap = [:]: null

2018-03-05 17:29:21 - [TEST_STEP][PASSED] - Statement - signmap = [:]: null

2018-03-05 17:29:21 - [TEST_STEP][PASSED] - cupakeysDl.initStart.initialStart: cupakeysDl.initStart.initialStart is PASSED

2018-03-05 17:29:23 - [MESSAGE][PASSED] - Browser is opened with url: ''

2018-03-05 17:29:26 - [MESSAGE][PASSED] - Delayed 3 second(s)

2018-03-05 17:29:27 - [MESSAGE][PASSED] - Navigate to 'https://d16a4dsnr8a0k1.cloudfront.net/en/2455233.html?price=150.00%20%E2%82%AC&partName=wilsonPartName&vin=wilsonVin&modelCode=XP11&paint=P0A94&modelDescription=wilsonModelDescription&additionalEquipment=wilsonAdditionalEquipment' successfully

2018-03-05 17:29:27 - [MESSAGE][PASSED] - Object 'Object Repository/CuPaDl/Loading_indicator' is visible

2018-03-05 17:29:38 - [MESSAGE][PASSED] - Object 'Object Repository/CuPaDl/Loading_indicator' is NOT visible

2018-03-05 17:29:39 - [MESSAGE][PASSED] - Delayed 1 second(s)

2018-03-05 17:29:39 - [MESSAGE][PASSED] - cupakeysDl.initStart.initialStart is PASSED

2018-03-05 17:29:39 - [TEST_STEP][PASSED] - Statement - (step++): null

2018-03-05 17:29:39 - [TEST_STEP][PASSED] - cupakeysDl.color.changecolor: cupakeysDl.color.changecolor is PASSED

2018-03-05 17:29:39 - [MESSAGE][PASSED] - Object 'Object Repository/CuPaDl/Color/Color' is visible

2018-03-05 17:29:39 - [MESSAGE][PASSED] - Object: 'Object Repository/CuPaDl/Color/Color' is clicked on

2018-03-05 17:29:39 - [MESSAGE][WARNING] - Timeout '0' is invalid. Using default page load timeout: '30'

2018-03-05 17:29:39 - [MESSAGE][PASSED] - Object 'Object Repository/CuPaDl/Color/Color_caribeanaqua' is visible

2018-03-05 17:29:40 - [MESSAGE][PASSED] - Delayed 1 second(s)

2018-03-05 17:29:40 - [MESSAGE][PASSED] - Object: 'Object Repository/CuPaDl/Color/Color_caribeanaqua' is clicked on

2018-03-05 17:29:42 - [MESSAGE][PASSED] - Object 'Object Repository/CuPaDl/Loading_indicator' is visible

2018-03-05 17:29:43 - [MESSAGE][PASSED] - Object 'Object Repository/CuPaDl/Loading_indicator' is NOT visible

2018-03-05 17:29:44 - [MESSAGE][PASSED] - Delayed 1 second(s)

2018-03-05 17:29:44 - [MESSAGE][PASSED] - cupakeysDl.color.changecolor is PASSED

2018-03-05 17:29:44 - [TEST_STEP][PASSED] - Statement - (step++): null

2018-03-05 17:29:44 - [TEST_STEP][PASSED] - cupakeysDl.chngstruct.changestructure: cupakeysDl.chngstruct.changestructure is PASSED

2018-03-05 17:29:44 - [MESSAGE][PASSED] - Object 'Object Repository/CuPaDl/Structure/Structure' is visible

2018-03-05 17:29:44 - [MESSAGE][PASSED] - Object: 'Object Repository/CuPaDl/Structure/Structure' is clicked on

2018-03-05 17:29:44 - [MESSAGE][WARNING] - Timeout '0' is invalid. Using default page load timeout: '30'

2018-03-05 17:29:44 - [MESSAGE][PASSED] - Object 'Object Repository/CuPaDl/Structure/Structure_Hahnentritt' is visible

2018-03-05 17:29:45 - [MESSAGE][PASSED] - Delayed 1 second(s)

2018-03-05 17:29:45 - [MESSAGE][PASSED] - Object: 'Object Repository/CuPaDl/Structure/Structure_fadechessboard' is clicked on

2018-03-05 17:29:48 - [MESSAGE][PASSED] - Object 'Object Repository/CuPaDl/Loading_indicator' is visible

2018-03-05 17:29:49 - [MESSAGE][PASSED] - Object 'Object Repository/CuPaDl/Loading_indicator' is NOT visible

2018-03-05 17:29:50 - [MESSAGE][PASSED] - Delayed 1 second(s)

2018-03-05 17:29:50 - [MESSAGE][PASSED] - cupakeysDl.chngstruct.changestructure is PASSED

2018-03-05 17:29:50 - [TEST_STEP][PASSED] - Statement - (step++): null

2018-03-05 17:29:50 - [TEST_STEP][PASSED] - cupakeysDl.sclstruct.scalestructure: cupakeysDl.sclstruct.scalestructure is PASSED

2018-03-05 17:29:53 - [MESSAGE][WARNING] - Object 'Object Repository/CuPaDl/Structure/Resize_Structure_bottomright' is not visible after 3 second(s)

2018-03-05 17:29:53 - [MESSAGE][PASSED] - Object: 'Object Repository/CuPaDl/Structure/Resize_Structure' is clicked on

2018-03-05 17:29:53 - [MESSAGE][WARNING] - Timeout '0' is invalid. Using default page load timeout: '30'

2018-03-05 17:29:53 - [MESSAGE][PASSED] - Object 'Object Repository/CuPaDl/Structure/Resize_Structure_bottomright' is visible

2018-03-05 17:29:54 - [MESSAGE][PASSED] - Delayed 1 second(s)

2018-03-05 17:29:54 - [MESSAGE][PASSED] - Current viewport's left (x) position is 0

2018-03-05 17:29:54 - [MESSAGE][PASSED] - Current viewport's top (y) position is 54

2018-03-05 17:29:54 - [MESSAGE][PASSED] - Dragged object with id 'Object Repository/CuPaDl/Structure/Resize_Structure_bottomright' by offset distance x = -225 and y = -171 successfully

2018-03-05 17:29:56 - [MESSAGE][PASSED] - Object 'Object Repository/CuPaDl/Loading_indicator' is visible

2018-03-05 17:29:57 - [MESSAGE][PASSED] - Object 'Object Repository/CuPaDl/Loading_indicator' is NOT visible

2018-03-05 17:29:58 - [MESSAGE][PASSED] - Delayed 1 second(s)

2018-03-05 17:29:58 - [MESSAGE][PASSED] - cupakeysDl.sclstruct.scalestructure is PASSED

2018-03-05 17:29:58 - [TEST_STEP][PASSED] - Statement - (step++): null

2018-03-05 17:29:58 - [TEST_STEP][PASSED] - Statement - iconmap += CustomKeywords.cupakeysDl.iconad.iconadd("surf", LoadTimeCorrector, step, run, device, timeStamp, iconcount): cupakeysDl.iconad.iconadd is PASSED

2018-03-05 17:29:58 - [MESSAGE][PASSED] - Object 'Object Repository/CuPaDl/Icons/Icon' is visible

2018-03-05 17:29:58 - [MESSAGE][PASSED] - Object: 'Object Repository/CuPaDl/Icons/Icon' is clicked on

2018-03-05 17:29:58 - [MESSAGE][WARNING] - Timeout '0' is invalid. Using default page load timeout: '30'

2018-03-05 17:29:58 - [MESSAGE][PASSED] - Object 'Object Repository/CuPaDl/Icons/Icon_surf' is visible

2018-03-05 17:29:59 - [MESSAGE][PASSED] - Delayed 1 second(s)

2018-03-05 17:29:59 - [MESSAGE][PASSED] - Object: 'Object Repository/CuPaDl/Icons/Icon_surf' is clicked on

2018-03-05 17:30:00 - [MESSAGE][PASSED] - Object 'Object Repository/CuPaDl/Loading_indicator' is visible

2018-03-05 17:30:03 - [MESSAGE][PASSED] - Object 'Object Repository/CuPaDl/Loading_indicator' is NOT visible

2018-03-05 17:30:03 - [MESSAGE][WARNING] - Timeout '0' is invalid. Using default page load timeout: '30'

2018-03-05 17:30:03 - [MESSAGE][PASSED] - Width of element 'Object Repository/CuPaDl/Icons/Reposition_icon' is '40'

2018-03-05 17:30:03 - [MESSAGE][PASSED] - Height of element 'Object Repository/CuPaDl/Icons/Reposition_icon' is '40'.

2018-03-05 17:30:04 - [MESSAGE][PASSED] - Delayed 1 second(s)

2018-03-05 17:30:04 - [MESSAGE][PASSED] - cupakeysDl.iconad.iconadd is PASSED

2018-03-05 17:30:04 - [TEST_STEP][PASSED] - Statement - (step++): null

2018-03-05 17:30:04 - [TEST_STEP][PASSED] - Statement - (iconcount++): null

2018-03-05 17:30:04 - [TEST_STEP][PASSED] - cupakeysDl.iconres.iconresize: cupakeysDl.iconres.iconresize is PASSED

2018-03-05 17:30:04 - [MESSAGE][PASSED] - Object 'Object Repository/CuPaDl/Icons/Reposition_icon' is visible

2018-03-05 17:30:04 - [MESSAGE][PASSED] - Current viewport's left (x) position is 0

2018-03-05 17:30:04 - [MESSAGE][PASSED] - Current viewport's top (y) position is 54

2018-03-05 17:30:04 - [MESSAGE][PASSED] - Dragged object with id 'Object Repository/CuPaDl/Icons/Resize_icon_bottomright' by offset distance x = -125 and y = -71 successfully

2018-03-05 17:30:06 - [MESSAGE][PASSED] - Object 'Object Repository/CuPaDl/Loading_indicator' is visible

2018-03-05 17:30:07 - [MESSAGE][PASSED] - Object 'Object Repository/CuPaDl/Loading_indicator' is NOT visible

2018-03-05 17:30:08 - [MESSAGE][PASSED] - Delayed 1 second(s)

2018-03-05 17:30:08 - [MESSAGE][PASSED] - cupakeysDl.iconres.iconresize is PASSED

2018-03-05 17:30:08 - [TEST_STEP][PASSED] - Statement - (step++): null

2018-03-05 17:30:08 - [TEST_STEP][PASSED] - cupakeysDl.slink.svlink: cupakeysDl.slink.svlink is PASSED

2018-03-05 17:30:08 - [MESSAGE][PASSED] - Scroll to object 'Object Repository/CuPaDl/Save/Save' successfully

2018-03-05 17:30:08 - [MESSAGE][PASSED] - Object: 'Object Repository/CuPaDl/Save/Save' is clicked on

2018-03-05 17:30:08 - [MESSAGE][WARNING] - Timeout '0' is invalid. Using default page load timeout: '30'

2018-03-05 17:30:10 - [MESSAGE][PASSED] - Object 'Object Repository/CuPaDl/Save/CopyLink' is visible

2018-03-05 17:30:10 - [MESSAGE][PASSED] - Object: 'Object Repository/CuPaDl/Save/CopyLink' is clicked on

2018-03-05 17:30:11 - [MESSAGE][PASSED] - Delayed 1 second(s)

2018-03-05 17:30:12 - [MESSAGE][PASSED] - Object: 'Object Repository/CuPaDl/Save/Close' is clicked on

2018-03-05 17:30:13 - [MESSAGE][PASSED] - Delayed 1 second(s)

2018-03-05 17:30:13 - [MESSAGE][PASSED] - cupakeysDl.slink.svlink is PASSED

2018-03-05 17:30:13 - [TEST_STEP][PASSED] - cupakeysDl.endsession.finishsession: cupakeysDl.endsession.finishsession is PASSED

2018-03-05 17:30:16 - [MESSAGE][PASSED] - Delayed 3 second(s)

2018-03-05 17:30:16 - [MESSAGE][PASSED] - Browser is closed

2018-03-05 17:30:16 - [MESSAGE][PASSED] - cupakeysDl.endsession.finishsession is PASSED]]></system-out>
         <system-err><![CDATA[]]></system-err>
      </testcase>
      <testcase name="Test Cases/CuPaStefanie/24" classname="Test Cases/CuPaStefanie/24" status="PASSED">
         <system-out><![CDATA[2018-03-05 17:30:16 - [TEST_CASE][PASSED] - Test Cases/CuPaStefanie/24: Test Cases/CuPaStefanie/24

2018-03-05 17:30:16 - [TEST_STEP][PASSED] - Statement - timeStamp = new java.text.SimpleDateFormat(dd.MM.yyyy).format(java.util.Calendar.getInstance().getTime()): null

2018-03-05 17:30:16 - [TEST_STEP][PASSED] - Statement - timeStampScreenshot = new java.text.SimpleDateFormat(dd.MM.yyyy).format(java.util.Calendar.getInstance().getTime()): null

2018-03-05 17:30:16 - [TEST_STEP][PASSED] - Statement - iconmap = [:]: null

2018-03-05 17:30:16 - [TEST_STEP][PASSED] - Statement - txtmap = [:]: null

2018-03-05 17:30:16 - [TEST_STEP][PASSED] - Statement - signmap = [:]: null

2018-03-05 17:30:16 - [TEST_STEP][PASSED] - cupakeysDl.initStart.initialStart: cupakeysDl.initStart.initialStart is PASSED

2018-03-05 17:30:18 - [MESSAGE][PASSED] - Browser is opened with url: ''

2018-03-05 17:30:21 - [MESSAGE][PASSED] - Delayed 3 second(s)

2018-03-05 17:30:22 - [MESSAGE][PASSED] - Navigate to 'https://d16a4dsnr8a0k1.cloudfront.net/en/2455233.html?price=150.00%20%E2%82%AC&partName=wilsonPartName&vin=wilsonVin&modelCode=XP11&paint=P0A94&modelDescription=wilsonModelDescription&additionalEquipment=wilsonAdditionalEquipment' successfully

2018-03-05 17:30:22 - [MESSAGE][PASSED] - Object 'Object Repository/CuPaDl/Loading_indicator' is visible

2018-03-05 17:30:33 - [MESSAGE][PASSED] - Object 'Object Repository/CuPaDl/Loading_indicator' is NOT visible

2018-03-05 17:30:34 - [MESSAGE][PASSED] - Delayed 1 second(s)

2018-03-05 17:30:34 - [MESSAGE][PASSED] - cupakeysDl.initStart.initialStart is PASSED

2018-03-05 17:30:34 - [TEST_STEP][PASSED] - Statement - (step++): null

2018-03-05 17:30:34 - [TEST_STEP][PASSED] - cupakeysDl.color.changecolor: cupakeysDl.color.changecolor is PASSED

2018-03-05 17:30:34 - [MESSAGE][PASSED] - Object 'Object Repository/CuPaDl/Color/Color' is visible

2018-03-05 17:30:34 - [MESSAGE][PASSED] - Object: 'Object Repository/CuPaDl/Color/Color' is clicked on

2018-03-05 17:30:34 - [MESSAGE][WARNING] - Timeout '0' is invalid. Using default page load timeout: '30'

2018-03-05 17:30:34 - [MESSAGE][PASSED] - Object 'Object Repository/CuPaDl/Color/Color_caribeanaqua' is visible

2018-03-05 17:30:35 - [MESSAGE][PASSED] - Delayed 1 second(s)

2018-03-05 17:30:35 - [MESSAGE][PASSED] - Object: 'Object Repository/CuPaDl/Color/Color_caribeanaqua' is clicked on

2018-03-05 17:30:37 - [MESSAGE][PASSED] - Object 'Object Repository/CuPaDl/Loading_indicator' is visible

2018-03-05 17:30:38 - [MESSAGE][PASSED] - Object 'Object Repository/CuPaDl/Loading_indicator' is NOT visible

2018-03-05 17:30:39 - [MESSAGE][PASSED] - Delayed 1 second(s)

2018-03-05 17:30:39 - [MESSAGE][PASSED] - cupakeysDl.color.changecolor is PASSED

2018-03-05 17:30:39 - [TEST_STEP][PASSED] - Statement - (step++): null

2018-03-05 17:30:39 - [TEST_STEP][PASSED] - cupakeysDl.chngstruct.changestructure: cupakeysDl.chngstruct.changestructure is PASSED

2018-03-05 17:30:39 - [MESSAGE][PASSED] - Object 'Object Repository/CuPaDl/Structure/Structure' is visible

2018-03-05 17:30:39 - [MESSAGE][PASSED] - Object: 'Object Repository/CuPaDl/Structure/Structure' is clicked on

2018-03-05 17:30:39 - [MESSAGE][WARNING] - Timeout '0' is invalid. Using default page load timeout: '30'

2018-03-05 17:30:39 - [MESSAGE][PASSED] - Object 'Object Repository/CuPaDl/Structure/Structure_Hahnentritt' is visible

2018-03-05 17:30:40 - [MESSAGE][PASSED] - Delayed 1 second(s)

2018-03-05 17:30:40 - [MESSAGE][PASSED] - Object: 'Object Repository/CuPaDl/Structure/Structure_fadechessboard' is clicked on

2018-03-05 17:30:43 - [MESSAGE][PASSED] - Object 'Object Repository/CuPaDl/Loading_indicator' is visible

2018-03-05 17:30:44 - [MESSAGE][PASSED] - Object 'Object Repository/CuPaDl/Loading_indicator' is NOT visible

2018-03-05 17:30:45 - [MESSAGE][PASSED] - Delayed 1 second(s)

2018-03-05 17:30:45 - [MESSAGE][PASSED] - cupakeysDl.chngstruct.changestructure is PASSED

2018-03-05 17:30:45 - [TEST_STEP][PASSED] - Statement - (step++): null

2018-03-05 17:30:45 - [TEST_STEP][PASSED] - cupakeysDl.sclstruct.scalestructure: cupakeysDl.sclstruct.scalestructure is PASSED

2018-03-05 17:30:48 - [MESSAGE][WARNING] - Object 'Object Repository/CuPaDl/Structure/Resize_Structure_bottomright' is not visible after 3 second(s)

2018-03-05 17:30:48 - [MESSAGE][PASSED] - Object: 'Object Repository/CuPaDl/Structure/Resize_Structure' is clicked on

2018-03-05 17:30:48 - [MESSAGE][WARNING] - Timeout '0' is invalid. Using default page load timeout: '30'

2018-03-05 17:30:48 - [MESSAGE][PASSED] - Object 'Object Repository/CuPaDl/Structure/Resize_Structure_bottomright' is visible

2018-03-05 17:30:49 - [MESSAGE][PASSED] - Delayed 1 second(s)

2018-03-05 17:30:49 - [MESSAGE][PASSED] - Current viewport's left (x) position is 0

2018-03-05 17:30:49 - [MESSAGE][PASSED] - Current viewport's top (y) position is 54

2018-03-05 17:30:49 - [MESSAGE][PASSED] - Dragged object with id 'Object Repository/CuPaDl/Structure/Resize_Structure_bottomright' by offset distance x = 225 and y = 279 successfully

2018-03-05 17:30:52 - [MESSAGE][WARNING] - Object 'Object Repository/CuPaDl/Loading_indicator' is not visible after 3 second(s)

2018-03-05 17:30:53 - [MESSAGE][PASSED] - Delayed 1 second(s)

2018-03-05 17:30:53 - [MESSAGE][PASSED] - cupakeysDl.sclstruct.scalestructure is PASSED

2018-03-05 17:30:53 - [TEST_STEP][PASSED] - Statement - (step++): null

2018-03-05 17:30:53 - [TEST_STEP][PASSED] - Statement - iconmap += CustomKeywords.cupakeysDl.iconad.iconadd("surf", LoadTimeCorrector, step, run, device, timeStamp, iconcount): cupakeysDl.iconad.iconadd is PASSED

2018-03-05 17:30:53 - [MESSAGE][PASSED] - Object 'Object Repository/CuPaDl/Icons/Icon' is visible

2018-03-05 17:30:53 - [MESSAGE][PASSED] - Object: 'Object Repository/CuPaDl/Icons/Icon' is clicked on

2018-03-05 17:30:53 - [MESSAGE][WARNING] - Timeout '0' is invalid. Using default page load timeout: '30'

2018-03-05 17:30:53 - [MESSAGE][PASSED] - Object 'Object Repository/CuPaDl/Icons/Icon_surf' is visible

2018-03-05 17:30:54 - [MESSAGE][PASSED] - Delayed 1 second(s)

2018-03-05 17:30:54 - [MESSAGE][PASSED] - Object: 'Object Repository/CuPaDl/Icons/Icon_surf' is clicked on

2018-03-05 17:30:56 - [MESSAGE][PASSED] - Object 'Object Repository/CuPaDl/Loading_indicator' is visible

2018-03-05 17:30:58 - [MESSAGE][PASSED] - Object 'Object Repository/CuPaDl/Loading_indicator' is NOT visible

2018-03-05 17:30:58 - [MESSAGE][WARNING] - Timeout '0' is invalid. Using default page load timeout: '30'

2018-03-05 17:30:58 - [MESSAGE][PASSED] - Width of element 'Object Repository/CuPaDl/Icons/Reposition_icon' is '40'

2018-03-05 17:30:58 - [MESSAGE][PASSED] - Height of element 'Object Repository/CuPaDl/Icons/Reposition_icon' is '40'.

2018-03-05 17:30:59 - [MESSAGE][PASSED] - Delayed 1 second(s)

2018-03-05 17:30:59 - [MESSAGE][PASSED] - cupakeysDl.iconad.iconadd is PASSED

2018-03-05 17:30:59 - [TEST_STEP][PASSED] - Statement - (step++): null

2018-03-05 17:30:59 - [TEST_STEP][PASSED] - Statement - (iconcount++): null

2018-03-05 17:30:59 - [TEST_STEP][PASSED] - cupakeysDl.iconres.iconresize: cupakeysDl.iconres.iconresize is PASSED

2018-03-05 17:30:59 - [MESSAGE][PASSED] - Object 'Object Repository/CuPaDl/Icons/Reposition_icon' is visible

2018-03-05 17:30:59 - [MESSAGE][PASSED] - Current viewport's left (x) position is 0

2018-03-05 17:30:59 - [MESSAGE][PASSED] - Current viewport's top (y) position is 54

2018-03-05 17:30:59 - [MESSAGE][PASSED] - Dragged object with id 'Object Repository/CuPaDl/Icons/Resize_icon_bottomright' by offset distance x = 125 and y = 179 successfully

2018-03-05 17:31:02 - [MESSAGE][PASSED] - Object 'Object Repository/CuPaDl/Loading_indicator' is visible

2018-03-05 17:31:03 - [MESSAGE][PASSED] - Object 'Object Repository/CuPaDl/Loading_indicator' is NOT visible

2018-03-05 17:31:04 - [MESSAGE][PASSED] - Delayed 1 second(s)

2018-03-05 17:31:04 - [MESSAGE][PASSED] - cupakeysDl.iconres.iconresize is PASSED

2018-03-05 17:31:04 - [TEST_STEP][PASSED] - Statement - (step++): null

2018-03-05 17:31:04 - [TEST_STEP][PASSED] - cupakeysDl.slink.svlink: cupakeysDl.slink.svlink is PASSED

2018-03-05 17:31:04 - [MESSAGE][PASSED] - Scroll to object 'Object Repository/CuPaDl/Save/Save' successfully

2018-03-05 17:31:05 - [MESSAGE][PASSED] - Object: 'Object Repository/CuPaDl/Save/Save' is clicked on

2018-03-05 17:31:05 - [MESSAGE][WARNING] - Timeout '0' is invalid. Using default page load timeout: '30'

2018-03-05 17:31:06 - [MESSAGE][PASSED] - Object 'Object Repository/CuPaDl/Save/CopyLink' is visible

2018-03-05 17:31:06 - [MESSAGE][PASSED] - Object: 'Object Repository/CuPaDl/Save/CopyLink' is clicked on

2018-03-05 17:31:07 - [MESSAGE][PASSED] - Delayed 1 second(s)

2018-03-05 17:31:07 - [MESSAGE][PASSED] - Object: 'Object Repository/CuPaDl/Save/Close' is clicked on

2018-03-05 17:31:08 - [MESSAGE][PASSED] - Delayed 1 second(s)

2018-03-05 17:31:08 - [MESSAGE][PASSED] - cupakeysDl.slink.svlink is PASSED

2018-03-05 17:31:08 - [TEST_STEP][PASSED] - cupakeysDl.endsession.finishsession: cupakeysDl.endsession.finishsession is PASSED

2018-03-05 17:31:11 - [MESSAGE][PASSED] - Delayed 3 second(s)

2018-03-05 17:31:12 - [MESSAGE][PASSED] - Browser is closed

2018-03-05 17:31:12 - [MESSAGE][PASSED] - cupakeysDl.endsession.finishsession is PASSED]]></system-out>
         <system-err><![CDATA[]]></system-err>
      </testcase>
      <testcase name="Test Cases/CuPaStefanie/25" classname="Test Cases/CuPaStefanie/25" status="PASSED">
         <system-out><![CDATA[2018-03-05 17:31:12 - [TEST_CASE][PASSED] - Test Cases/CuPaStefanie/25: Test Cases/CuPaStefanie/25

2018-03-05 17:31:12 - [TEST_STEP][PASSED] - Statement - timeStamp = new java.text.SimpleDateFormat(dd.MM.yyyy).format(java.util.Calendar.getInstance().getTime()): null

2018-03-05 17:31:12 - [TEST_STEP][PASSED] - Statement - timeStampScreenshot = new java.text.SimpleDateFormat(dd.MM.yyyy).format(java.util.Calendar.getInstance().getTime()): null

2018-03-05 17:31:12 - [TEST_STEP][PASSED] - Statement - iconmap = [:]: null

2018-03-05 17:31:12 - [TEST_STEP][PASSED] - Statement - txtmap = [:]: null

2018-03-05 17:31:12 - [TEST_STEP][PASSED] - Statement - signmap = [:]: null

2018-03-05 17:31:12 - [TEST_STEP][PASSED] - cupakeysDl.initStart.initialStart: cupakeysDl.initStart.initialStart is PASSED

2018-03-05 17:31:14 - [MESSAGE][PASSED] - Browser is opened with url: ''

2018-03-05 17:31:17 - [MESSAGE][PASSED] - Delayed 3 second(s)

2018-03-05 17:31:18 - [MESSAGE][PASSED] - Navigate to 'https://d16a4dsnr8a0k1.cloudfront.net/en/2455233.html?price=150.00%20%E2%82%AC&partName=wilsonPartName&vin=wilsonVin&modelCode=XP11&paint=P0A94&modelDescription=wilsonModelDescription&additionalEquipment=wilsonAdditionalEquipment' successfully

2018-03-05 17:31:18 - [MESSAGE][PASSED] - Object 'Object Repository/CuPaDl/Loading_indicator' is visible

2018-03-05 17:31:29 - [MESSAGE][PASSED] - Object 'Object Repository/CuPaDl/Loading_indicator' is NOT visible

2018-03-05 17:31:30 - [MESSAGE][PASSED] - Delayed 1 second(s)

2018-03-05 17:31:30 - [MESSAGE][PASSED] - cupakeysDl.initStart.initialStart is PASSED

2018-03-05 17:31:30 - [TEST_STEP][PASSED] - Statement - (step++): null

2018-03-05 17:31:30 - [TEST_STEP][PASSED] - cupakeysDl.color.changecolor: cupakeysDl.color.changecolor is PASSED

2018-03-05 17:31:30 - [MESSAGE][PASSED] - Object 'Object Repository/CuPaDl/Color/Color' is visible

2018-03-05 17:31:30 - [MESSAGE][PASSED] - Object: 'Object Repository/CuPaDl/Color/Color' is clicked on

2018-03-05 17:31:30 - [MESSAGE][WARNING] - Timeout '0' is invalid. Using default page load timeout: '30'

2018-03-05 17:31:30 - [MESSAGE][PASSED] - Object 'Object Repository/CuPaDl/Color/Color_jetblack' is visible

2018-03-05 17:31:31 - [MESSAGE][PASSED] - Delayed 1 second(s)

2018-03-05 17:31:31 - [MESSAGE][PASSED] - Object: 'Object Repository/CuPaDl/Color/Color_jetblack' is clicked on

2018-03-05 17:31:35 - [MESSAGE][WARNING] - Object 'Object Repository/CuPaDl/Loading_indicator' is not visible after 3 second(s)

2018-03-05 17:31:36 - [MESSAGE][PASSED] - Delayed 1 second(s)

2018-03-05 17:31:36 - [MESSAGE][PASSED] - cupakeysDl.color.changecolor is PASSED

2018-03-05 17:31:36 - [TEST_STEP][PASSED] - Statement - (step++): null

2018-03-05 17:31:36 - [TEST_STEP][PASSED] - cupakeysDl.chngstruct.changestructure: cupakeysDl.chngstruct.changestructure is PASSED

2018-03-05 17:31:36 - [MESSAGE][PASSED] - Object 'Object Repository/CuPaDl/Structure/Structure' is visible

2018-03-05 17:31:36 - [MESSAGE][PASSED] - Object: 'Object Repository/CuPaDl/Structure/Structure' is clicked on

2018-03-05 17:31:36 - [MESSAGE][WARNING] - Timeout '0' is invalid. Using default page load timeout: '30'

2018-03-05 17:31:36 - [MESSAGE][PASSED] - Object 'Object Repository/CuPaDl/Structure/Structure_Hahnentritt' is visible

2018-03-05 17:31:37 - [MESSAGE][PASSED] - Delayed 1 second(s)

2018-03-05 17:31:37 - [MESSAGE][PASSED] - Object: 'Object Repository/CuPaDl/Structure/Structure_fadeangel' is clicked on

2018-03-05 17:31:38 - [MESSAGE][PASSED] - Object 'Object Repository/CuPaDl/Loading_indicator' is visible

2018-03-05 17:31:42 - [MESSAGE][PASSED] - Object 'Object Repository/CuPaDl/Loading_indicator' is NOT visible

2018-03-05 17:31:43 - [MESSAGE][PASSED] - Delayed 1 second(s)

2018-03-05 17:31:43 - [MESSAGE][PASSED] - cupakeysDl.chngstruct.changestructure is PASSED

2018-03-05 17:31:43 - [TEST_STEP][PASSED] - Statement - (step++): null

2018-03-05 17:31:43 - [TEST_STEP][PASSED] - cupakeysDl.sclstruct.scalestructure: cupakeysDl.sclstruct.scalestructure is PASSED

2018-03-05 17:31:46 - [MESSAGE][WARNING] - Object 'Object Repository/CuPaDl/Structure/Resize_Structure_bottomright' is not visible after 3 second(s)

2018-03-05 17:31:46 - [MESSAGE][PASSED] - Object: 'Object Repository/CuPaDl/Structure/Resize_Structure' is clicked on

2018-03-05 17:31:46 - [MESSAGE][WARNING] - Timeout '0' is invalid. Using default page load timeout: '30'

2018-03-05 17:31:46 - [MESSAGE][PASSED] - Object 'Object Repository/CuPaDl/Structure/Resize_Structure_bottomright' is visible

2018-03-05 17:31:47 - [MESSAGE][PASSED] - Delayed 1 second(s)

2018-03-05 17:31:47 - [MESSAGE][PASSED] - Current viewport's left (x) position is 0

2018-03-05 17:31:47 - [MESSAGE][PASSED] - Current viewport's top (y) position is 54

2018-03-05 17:31:47 - [MESSAGE][PASSED] - Dragged object with id 'Object Repository/CuPaDl/Structure/Resize_Structure_bottomright' by offset distance x = -225 and y = -171 successfully

2018-03-05 17:31:48 - [MESSAGE][PASSED] - Object 'Object Repository/CuPaDl/Loading_indicator' is visible

2018-03-05 17:31:52 - [MESSAGE][PASSED] - Object 'Object Repository/CuPaDl/Loading_indicator' is NOT visible

2018-03-05 17:31:53 - [MESSAGE][PASSED] - Delayed 1 second(s)

2018-03-05 17:31:53 - [MESSAGE][PASSED] - cupakeysDl.sclstruct.scalestructure is PASSED

2018-03-05 17:31:53 - [TEST_STEP][PASSED] - Statement - (step++): null

2018-03-05 17:31:53 - [TEST_STEP][PASSED] - Statement - iconmap += CustomKeywords.cupakeysDl.iconad.iconadd("snow", LoadTimeCorrector, step, run, device, timeStamp, iconcount): cupakeysDl.iconad.iconadd is PASSED

2018-03-05 17:31:53 - [MESSAGE][PASSED] - Object 'Object Repository/CuPaDl/Icons/Icon' is visible

2018-03-05 17:31:54 - [MESSAGE][PASSED] - Object: 'Object Repository/CuPaDl/Icons/Icon' is clicked on

2018-03-05 17:31:54 - [MESSAGE][WARNING] - Timeout '0' is invalid. Using default page load timeout: '30'

2018-03-05 17:31:54 - [MESSAGE][PASSED] - Object 'Object Repository/CuPaDl/Icons/Icon_snow' is visible

2018-03-05 17:31:55 - [MESSAGE][PASSED] - Delayed 1 second(s)

2018-03-05 17:31:55 - [MESSAGE][PASSED] - Object: 'Object Repository/CuPaDl/Icons/Icon_snow' is clicked on

2018-03-05 17:31:56 - [MESSAGE][PASSED] - Object 'Object Repository/CuPaDl/Loading_indicator' is visible

2018-03-05 17:32:00 - [MESSAGE][PASSED] - Object 'Object Repository/CuPaDl/Loading_indicator' is NOT visible

2018-03-05 17:32:00 - [MESSAGE][WARNING] - Timeout '0' is invalid. Using default page load timeout: '30'

2018-03-05 17:32:00 - [MESSAGE][PASSED] - Width of element 'Object Repository/CuPaDl/Icons/Reposition_icon' is '40'

2018-03-05 17:32:00 - [MESSAGE][PASSED] - Height of element 'Object Repository/CuPaDl/Icons/Reposition_icon' is '40'.

2018-03-05 17:32:01 - [MESSAGE][PASSED] - Delayed 1 second(s)

2018-03-05 17:32:01 - [MESSAGE][PASSED] - cupakeysDl.iconad.iconadd is PASSED

2018-03-05 17:32:01 - [TEST_STEP][PASSED] - Statement - (step++): null

2018-03-05 17:32:01 - [TEST_STEP][PASSED] - Statement - (iconcount++): null

2018-03-05 17:32:01 - [TEST_STEP][PASSED] - cupakeysDl.iconres.iconresize: cupakeysDl.iconres.iconresize is PASSED

2018-03-05 17:32:01 - [MESSAGE][PASSED] - Object 'Object Repository/CuPaDl/Icons/Reposition_icon' is visible

2018-03-05 17:32:01 - [MESSAGE][PASSED] - Current viewport's left (x) position is 0

2018-03-05 17:32:01 - [MESSAGE][PASSED] - Current viewport's top (y) position is 54

2018-03-05 17:32:02 - [MESSAGE][PASSED] - Dragged object with id 'Object Repository/CuPaDl/Icons/Resize_icon_bottomright' by offset distance x = -125 and y = -71 successfully

2018-03-05 17:32:03 - [MESSAGE][PASSED] - Object 'Object Repository/CuPaDl/Loading_indicator' is visible

2018-03-05 17:32:07 - [MESSAGE][PASSED] - Object 'Object Repository/CuPaDl/Loading_indicator' is NOT visible

2018-03-05 17:32:08 - [MESSAGE][PASSED] - Delayed 1 second(s)

2018-03-05 17:32:08 - [MESSAGE][PASSED] - cupakeysDl.iconres.iconresize is PASSED

2018-03-05 17:32:08 - [TEST_STEP][PASSED] - Statement - (step++): null

2018-03-05 17:32:08 - [TEST_STEP][PASSED] - cupakeysDl.slink.svlink: cupakeysDl.slink.svlink is PASSED

2018-03-05 17:32:08 - [MESSAGE][PASSED] - Scroll to object 'Object Repository/CuPaDl/Save/Save' successfully

2018-03-05 17:32:09 - [MESSAGE][PASSED] - Object: 'Object Repository/CuPaDl/Save/Save' is clicked on

2018-03-05 17:32:09 - [MESSAGE][WARNING] - Timeout '0' is invalid. Using default page load timeout: '30'

2018-03-05 17:32:10 - [MESSAGE][PASSED] - Object 'Object Repository/CuPaDl/Save/CopyLink' is visible

2018-03-05 17:32:11 - [MESSAGE][PASSED] - Object: 'Object Repository/CuPaDl/Save/CopyLink' is clicked on

2018-03-05 17:32:12 - [MESSAGE][PASSED] - Delayed 1 second(s)

2018-03-05 17:32:12 - [MESSAGE][PASSED] - Object: 'Object Repository/CuPaDl/Save/Close' is clicked on

2018-03-05 17:32:13 - [MESSAGE][PASSED] - Delayed 1 second(s)

2018-03-05 17:32:13 - [MESSAGE][PASSED] - cupakeysDl.slink.svlink is PASSED

2018-03-05 17:32:13 - [TEST_STEP][PASSED] - cupakeysDl.endsession.finishsession: cupakeysDl.endsession.finishsession is PASSED

2018-03-05 17:32:16 - [MESSAGE][PASSED] - Delayed 3 second(s)

2018-03-05 17:32:16 - [MESSAGE][PASSED] - Browser is closed

2018-03-05 17:32:16 - [MESSAGE][PASSED] - cupakeysDl.endsession.finishsession is PASSED]]></system-out>
         <system-err><![CDATA[]]></system-err>
      </testcase>
      <testcase name="Test Cases/CuPaStefanie/26" classname="Test Cases/CuPaStefanie/26" status="PASSED">
         <system-out><![CDATA[2018-03-05 17:32:16 - [TEST_CASE][PASSED] - Test Cases/CuPaStefanie/26: Test Cases/CuPaStefanie/26

2018-03-05 17:32:16 - [TEST_STEP][PASSED] - Statement - timeStamp = new java.text.SimpleDateFormat(dd.MM.yyyy).format(java.util.Calendar.getInstance().getTime()): null

2018-03-05 17:32:16 - [TEST_STEP][PASSED] - Statement - timeStampScreenshot = new java.text.SimpleDateFormat(dd.MM.yyyy).format(java.util.Calendar.getInstance().getTime()): null

2018-03-05 17:32:16 - [TEST_STEP][PASSED] - Statement - iconmap = [:]: null

2018-03-05 17:32:16 - [TEST_STEP][PASSED] - Statement - txtmap = [:]: null

2018-03-05 17:32:16 - [TEST_STEP][PASSED] - Statement - signmap = [:]: null

2018-03-05 17:32:16 - [TEST_STEP][PASSED] - cupakeysDl.initStart.initialStart: cupakeysDl.initStart.initialStart is PASSED

2018-03-05 17:32:18 - [MESSAGE][PASSED] - Browser is opened with url: ''

2018-03-05 17:32:21 - [MESSAGE][PASSED] - Delayed 3 second(s)

2018-03-05 17:32:23 - [MESSAGE][PASSED] - Navigate to 'https://d16a4dsnr8a0k1.cloudfront.net/en/2455233.html?price=150.00%20%E2%82%AC&partName=wilsonPartName&vin=wilsonVin&modelCode=XP11&paint=P0A94&modelDescription=wilsonModelDescription&additionalEquipment=wilsonAdditionalEquipment' successfully

2018-03-05 17:32:23 - [MESSAGE][PASSED] - Object 'Object Repository/CuPaDl/Loading_indicator' is visible

2018-03-05 17:32:30 - [MESSAGE][PASSED] - Object 'Object Repository/CuPaDl/Loading_indicator' is NOT visible

2018-03-05 17:32:31 - [MESSAGE][PASSED] - Delayed 1 second(s)

2018-03-05 17:32:31 - [MESSAGE][PASSED] - cupakeysDl.initStart.initialStart is PASSED

2018-03-05 17:32:31 - [TEST_STEP][PASSED] - Statement - (step++): null

2018-03-05 17:32:31 - [TEST_STEP][PASSED] - cupakeysDl.color.changecolor: cupakeysDl.color.changecolor is PASSED

2018-03-05 17:32:33 - [MESSAGE][PASSED] - Object 'Object Repository/CuPaDl/Color/Color' is visible

2018-03-05 17:32:33 - [MESSAGE][PASSED] - Object: 'Object Repository/CuPaDl/Color/Color' is clicked on

2018-03-05 17:32:33 - [MESSAGE][WARNING] - Timeout '0' is invalid. Using default page load timeout: '30'

2018-03-05 17:32:33 - [MESSAGE][PASSED] - Object 'Object Repository/CuPaDl/Color/Color_jetblack' is visible

2018-03-05 17:32:34 - [MESSAGE][PASSED] - Delayed 1 second(s)

2018-03-05 17:32:34 - [MESSAGE][PASSED] - Object: 'Object Repository/CuPaDl/Color/Color_jetblack' is clicked on

2018-03-05 17:32:37 - [MESSAGE][WARNING] - Object 'Object Repository/CuPaDl/Loading_indicator' is not visible after 3 second(s)

2018-03-05 17:32:38 - [MESSAGE][PASSED] - Delayed 1 second(s)

2018-03-05 17:32:38 - [MESSAGE][PASSED] - cupakeysDl.color.changecolor is PASSED

2018-03-05 17:32:38 - [TEST_STEP][PASSED] - Statement - (step++): null

2018-03-05 17:32:38 - [TEST_STEP][PASSED] - cupakeysDl.chngstruct.changestructure: cupakeysDl.chngstruct.changestructure is PASSED

2018-03-05 17:32:38 - [MESSAGE][PASSED] - Object 'Object Repository/CuPaDl/Structure/Structure' is visible

2018-03-05 17:32:38 - [MESSAGE][PASSED] - Object: 'Object Repository/CuPaDl/Structure/Structure' is clicked on

2018-03-05 17:32:38 - [MESSAGE][WARNING] - Timeout '0' is invalid. Using default page load timeout: '30'

2018-03-05 17:32:38 - [MESSAGE][PASSED] - Object 'Object Repository/CuPaDl/Structure/Structure_Hahnentritt' is visible

2018-03-05 17:32:39 - [MESSAGE][PASSED] - Delayed 1 second(s)

2018-03-05 17:32:39 - [MESSAGE][PASSED] - Object: 'Object Repository/CuPaDl/Structure/Structure_fadeangel' is clicked on

2018-03-05 17:32:40 - [MESSAGE][PASSED] - Object 'Object Repository/CuPaDl/Loading_indicator' is visible

2018-03-05 17:32:45 - [MESSAGE][PASSED] - Object 'Object Repository/CuPaDl/Loading_indicator' is NOT visible

2018-03-05 17:32:46 - [MESSAGE][PASSED] - Delayed 1 second(s)

2018-03-05 17:32:46 - [MESSAGE][PASSED] - cupakeysDl.chngstruct.changestructure is PASSED

2018-03-05 17:32:46 - [TEST_STEP][PASSED] - Statement - (step++): null

2018-03-05 17:32:46 - [TEST_STEP][PASSED] - cupakeysDl.sclstruct.scalestructure: cupakeysDl.sclstruct.scalestructure is PASSED

2018-03-05 17:32:49 - [MESSAGE][WARNING] - Object 'Object Repository/CuPaDl/Structure/Resize_Structure_bottomright' is not visible after 3 second(s)

2018-03-05 17:32:49 - [MESSAGE][PASSED] - Object: 'Object Repository/CuPaDl/Structure/Resize_Structure' is clicked on

2018-03-05 17:32:49 - [MESSAGE][WARNING] - Timeout '0' is invalid. Using default page load timeout: '30'

2018-03-05 17:32:49 - [MESSAGE][PASSED] - Object 'Object Repository/CuPaDl/Structure/Resize_Structure_bottomright' is visible

2018-03-05 17:32:50 - [MESSAGE][PASSED] - Delayed 1 second(s)

2018-03-05 17:32:50 - [MESSAGE][PASSED] - Current viewport's left (x) position is 0

2018-03-05 17:32:50 - [MESSAGE][PASSED] - Current viewport's top (y) position is 54

2018-03-05 17:32:50 - [MESSAGE][PASSED] - Dragged object with id 'Object Repository/CuPaDl/Structure/Resize_Structure_bottomright' by offset distance x = 225 and y = 279 successfully

2018-03-05 17:32:51 - [MESSAGE][PASSED] - Object 'Object Repository/CuPaDl/Loading_indicator' is visible

2018-03-05 17:32:55 - [MESSAGE][PASSED] - Object 'Object Repository/CuPaDl/Loading_indicator' is NOT visible

2018-03-05 17:32:56 - [MESSAGE][PASSED] - Delayed 1 second(s)

2018-03-05 17:32:56 - [MESSAGE][PASSED] - cupakeysDl.sclstruct.scalestructure is PASSED

2018-03-05 17:32:56 - [TEST_STEP][PASSED] - Statement - (step++): null

2018-03-05 17:32:56 - [TEST_STEP][PASSED] - Statement - iconmap += CustomKeywords.cupakeysDl.iconad.iconadd("snow", LoadTimeCorrector, step, run, device, timeStamp, iconcount): cupakeysDl.iconad.iconadd is PASSED

2018-03-05 17:32:56 - [MESSAGE][PASSED] - Object 'Object Repository/CuPaDl/Icons/Icon' is visible

2018-03-05 17:32:56 - [MESSAGE][PASSED] - Object: 'Object Repository/CuPaDl/Icons/Icon' is clicked on

2018-03-05 17:32:56 - [MESSAGE][WARNING] - Timeout '0' is invalid. Using default page load timeout: '30'

2018-03-05 17:32:56 - [MESSAGE][PASSED] - Object 'Object Repository/CuPaDl/Icons/Icon_snow' is visible

2018-03-05 17:32:57 - [MESSAGE][PASSED] - Delayed 1 second(s)

2018-03-05 17:32:57 - [MESSAGE][PASSED] - Object: 'Object Repository/CuPaDl/Icons/Icon_snow' is clicked on

2018-03-05 17:32:58 - [MESSAGE][PASSED] - Object 'Object Repository/CuPaDl/Loading_indicator' is visible

2018-03-05 17:33:02 - [MESSAGE][PASSED] - Object 'Object Repository/CuPaDl/Loading_indicator' is NOT visible

2018-03-05 17:33:02 - [MESSAGE][WARNING] - Timeout '0' is invalid. Using default page load timeout: '30'

2018-03-05 17:33:02 - [MESSAGE][PASSED] - Width of element 'Object Repository/CuPaDl/Icons/Reposition_icon' is '40'

2018-03-05 17:33:02 - [MESSAGE][PASSED] - Height of element 'Object Repository/CuPaDl/Icons/Reposition_icon' is '40'.

2018-03-05 17:33:03 - [MESSAGE][PASSED] - Delayed 1 second(s)

2018-03-05 17:33:03 - [MESSAGE][PASSED] - cupakeysDl.iconad.iconadd is PASSED

2018-03-05 17:33:03 - [TEST_STEP][PASSED] - Statement - (step++): null

2018-03-05 17:33:03 - [TEST_STEP][PASSED] - Statement - (iconcount++): null

2018-03-05 17:33:03 - [TEST_STEP][PASSED] - cupakeysDl.iconres.iconresize: cupakeysDl.iconres.iconresize is PASSED

2018-03-05 17:33:03 - [MESSAGE][PASSED] - Object 'Object Repository/CuPaDl/Icons/Reposition_icon' is visible

2018-03-05 17:33:03 - [MESSAGE][PASSED] - Current viewport's left (x) position is 0

2018-03-05 17:33:03 - [MESSAGE][PASSED] - Current viewport's top (y) position is 54

2018-03-05 17:33:03 - [MESSAGE][PASSED] - Dragged object with id 'Object Repository/CuPaDl/Icons/Resize_icon_bottomright' by offset distance x = 125 and y = 179 successfully

2018-03-05 17:33:04 - [MESSAGE][PASSED] - Object 'Object Repository/CuPaDl/Loading_indicator' is visible

2018-03-05 17:33:09 - [MESSAGE][PASSED] - Object 'Object Repository/CuPaDl/Loading_indicator' is NOT visible

2018-03-05 17:33:10 - [MESSAGE][PASSED] - Delayed 1 second(s)

2018-03-05 17:33:10 - [MESSAGE][PASSED] - cupakeysDl.iconres.iconresize is PASSED

2018-03-05 17:33:10 - [TEST_STEP][PASSED] - Statement - (step++): null

2018-03-05 17:33:10 - [TEST_STEP][PASSED] - cupakeysDl.slink.svlink: cupakeysDl.slink.svlink is PASSED

2018-03-05 17:33:10 - [MESSAGE][PASSED] - Scroll to object 'Object Repository/CuPaDl/Save/Save' successfully

2018-03-05 17:33:11 - [MESSAGE][PASSED] - Object: 'Object Repository/CuPaDl/Save/Save' is clicked on

2018-03-05 17:33:11 - [MESSAGE][WARNING] - Timeout '0' is invalid. Using default page load timeout: '30'

2018-03-05 17:33:12 - [MESSAGE][PASSED] - Object 'Object Repository/CuPaDl/Save/CopyLink' is visible

2018-03-05 17:33:12 - [MESSAGE][PASSED] - Object: 'Object Repository/CuPaDl/Save/CopyLink' is clicked on

2018-03-05 17:33:13 - [MESSAGE][PASSED] - Delayed 1 second(s)

2018-03-05 17:33:13 - [MESSAGE][PASSED] - Object: 'Object Repository/CuPaDl/Save/Close' is clicked on

2018-03-05 17:33:14 - [MESSAGE][PASSED] - Delayed 1 second(s)

2018-03-05 17:33:14 - [MESSAGE][PASSED] - cupakeysDl.slink.svlink is PASSED

2018-03-05 17:33:14 - [TEST_STEP][PASSED] - cupakeysDl.endsession.finishsession: cupakeysDl.endsession.finishsession is PASSED

2018-03-05 17:33:17 - [MESSAGE][PASSED] - Delayed 3 second(s)

2018-03-05 17:33:18 - [MESSAGE][PASSED] - Browser is closed

2018-03-05 17:33:18 - [MESSAGE][PASSED] - cupakeysDl.endsession.finishsession is PASSED]]></system-out>
         <system-err><![CDATA[]]></system-err>
      </testcase>
      <testcase name="Test Cases/CuPaStefanie/27" classname="Test Cases/CuPaStefanie/27" status="FAILED">
         <failure type="FAILED" message="Unable to click on object 'Object Repository/CuPaDl/Icons/Icon_hangloose' (Root cause: org.openqa.selenium.ElementNotVisibleException: element not visible
  (Session info: headless chrome=64.0.3282.186)
  (Driver info: chromedriver=2.35.528161 (5b82f2d2aae0ca24b877009200ced9065a772e73),platform=Windows NT 10.0.16299 x86_64) (WARNING: The server did not provide any stacktrace information)
Command duration or timeout: 0 milliseconds
Build info: version: '3.7.1', revision: '8a0099a', time: '2017-11-06T21:07:36.161Z'
System info: host: 'DESKTOP-47R6KV7', ip: '192.168.100.78', os.name: 'Windows 10', os.arch: 'amd64', os.version: '10.0', java.version: '1.8.0_102'
Driver info: com.kms.katalon.selenium.driver.CChromeDriver
Capabilities {acceptInsecureCerts: false, acceptSslCerts: false, applicationCacheEnabled: false, browserConnectionEnabled: false, browserName: chrome, chrome: {chromedriverVersion: 2.35.528161 (5b82f2d2aae0ca..., userDataDir: C:\Users\MEGAPO~1\AppData\L...}, cssSelectorsEnabled: true, databaseEnabled: false, handlesAlerts: true, hasTouchScreen: false, javascriptEnabled: true, locationContextEnabled: true, mobileEmulationEnabled: false, nativeEvents: true, networkConnectionEnabled: false, pageLoadStrategy: normal, platform: XP, platformName: XP, rotatable: false, setWindowRect: true, takesHeapSnapshot: true, takesScreenshot: true, unexpectedAlertBehaviour: , unhandledPromptBehavior: , version: 64.0.3282.186, webStorageEnabled: true}
Session ID: 5f0fe12a7dd8b175f2a1644c9dde89a0)"/>
         <system-out><![CDATA[2018-03-05 17:33:18 - [TEST_CASE][FAILED] - Test Cases/CuPaStefanie/27: Test Cases/CuPaStefanie/27 FAILED because (of) Unable to click on object 'Object Repository/CuPaDl/Icons/Icon_hangloose' (Root cause: org.openqa.selenium.ElementNotVisibleException: element not visible
  (Session info: headless chrome=64.0.3282.186)
  (Driver info: chromedriver=2.35.528161 (5b82f2d2aae0ca24b877009200ced9065a772e73),platform=Windows NT 10.0.16299 x86_64) (WARNING: The server did not provide any stacktrace information)
Command duration or timeout: 0 milliseconds
Build info: version: '3.7.1', revision: '8a0099a', time: '2017-11-06T21:07:36.161Z'
System info: host: 'DESKTOP-47R6KV7', ip: '192.168.100.78', os.name: 'Windows 10', os.arch: 'amd64', os.version: '10.0', java.version: '1.8.0_102'
Driver info: com.kms.katalon.selenium.driver.CChromeDriver
Capabilities {acceptInsecureCerts: false, acceptSslCerts: false, applicationCacheEnabled: false, browserConnectionEnabled: false, browserName: chrome, chrome: {chromedriverVersion: 2.35.528161 (5b82f2d2aae0ca..., userDataDir: C:\Users\MEGAPO~1\AppData\L...}, cssSelectorsEnabled: true, databaseEnabled: false, handlesAlerts: true, hasTouchScreen: false, javascriptEnabled: true, locationContextEnabled: true, mobileEmulationEnabled: false, nativeEvents: true, networkConnectionEnabled: false, pageLoadStrategy: normal, platform: XP, platformName: XP, rotatable: false, setWindowRect: true, takesHeapSnapshot: true, takesScreenshot: true, unexpectedAlertBehaviour: , unhandledPromptBehavior: , version: 64.0.3282.186, webStorageEnabled: true}
Session ID: 5f0fe12a7dd8b175f2a1644c9dde89a0)

2018-03-05 17:33:18 - [TEST_STEP][PASSED] - Statement - timeStamp = new java.text.SimpleDateFormat(dd.MM.yyyy).format(java.util.Calendar.getInstance().getTime()): null

2018-03-05 17:33:18 - [TEST_STEP][PASSED] - Statement - timeStampScreenshot = new java.text.SimpleDateFormat(dd.MM.yyyy).format(java.util.Calendar.getInstance().getTime()): null

2018-03-05 17:33:18 - [TEST_STEP][PASSED] - Statement - iconmap = [:]: null

2018-03-05 17:33:18 - [TEST_STEP][PASSED] - Statement - txtmap = [:]: null

2018-03-05 17:33:18 - [TEST_STEP][PASSED] - Statement - signmap = [:]: null

2018-03-05 17:33:18 - [TEST_STEP][PASSED] - cupakeysDl.initStart.initialStart: cupakeysDl.initStart.initialStart is PASSED

2018-03-05 17:33:20 - [MESSAGE][PASSED] - Browser is opened with url: ''

2018-03-05 17:33:23 - [MESSAGE][PASSED] - Delayed 3 second(s)

2018-03-05 17:33:24 - [MESSAGE][PASSED] - Navigate to 'https://d16a4dsnr8a0k1.cloudfront.net/en/2455233.html?price=150.00%20%E2%82%AC&partName=wilsonPartName&vin=wilsonVin&modelCode=XP11&paint=P0A94&modelDescription=wilsonModelDescription&additionalEquipment=wilsonAdditionalEquipment' successfully

2018-03-05 17:33:24 - [MESSAGE][PASSED] - Object 'Object Repository/CuPaDl/Loading_indicator' is visible

2018-03-05 17:33:35 - [MESSAGE][PASSED] - Object 'Object Repository/CuPaDl/Loading_indicator' is NOT visible

2018-03-05 17:33:36 - [MESSAGE][PASSED] - Delayed 1 second(s)

2018-03-05 17:33:36 - [MESSAGE][PASSED] - cupakeysDl.initStart.initialStart is PASSED

2018-03-05 17:33:36 - [TEST_STEP][PASSED] - Statement - (step++): null

2018-03-05 17:33:36 - [TEST_STEP][PASSED] - cupakeysDl.color.changecolor: cupakeysDl.color.changecolor is PASSED

2018-03-05 17:33:36 - [MESSAGE][PASSED] - Object 'Object Repository/CuPaDl/Color/Color' is visible

2018-03-05 17:33:36 - [MESSAGE][PASSED] - Object: 'Object Repository/CuPaDl/Color/Color' is clicked on

2018-03-05 17:33:36 - [MESSAGE][WARNING] - Timeout '0' is invalid. Using default page load timeout: '30'

2018-03-05 17:33:36 - [MESSAGE][PASSED] - Object 'Object Repository/CuPaDl/Color/Color_moonwalkgrey' is visible

2018-03-05 17:33:37 - [MESSAGE][PASSED] - Delayed 1 second(s)

2018-03-05 17:33:37 - [MESSAGE][PASSED] - Object: 'Object Repository/CuPaDl/Color/Color_moonwalkgrey' is clicked on

2018-03-05 17:33:39 - [MESSAGE][PASSED] - Object 'Object Repository/CuPaDl/Loading_indicator' is visible

2018-03-05 17:33:40 - [MESSAGE][PASSED] - Object 'Object Repository/CuPaDl/Loading_indicator' is NOT visible

2018-03-05 17:33:41 - [MESSAGE][PASSED] - Delayed 1 second(s)

2018-03-05 17:33:41 - [MESSAGE][PASSED] - cupakeysDl.color.changecolor is PASSED

2018-03-05 17:33:41 - [TEST_STEP][PASSED] - Statement - (step++): null

2018-03-05 17:33:41 - [TEST_STEP][PASSED] - cupakeysDl.chngstruct.changestructure: cupakeysDl.chngstruct.changestructure is PASSED

2018-03-05 17:33:41 - [MESSAGE][PASSED] - Object 'Object Repository/CuPaDl/Structure/Structure' is visible

2018-03-05 17:33:41 - [MESSAGE][PASSED] - Object: 'Object Repository/CuPaDl/Structure/Structure' is clicked on

2018-03-05 17:33:41 - [MESSAGE][WARNING] - Timeout '0' is invalid. Using default page load timeout: '30'

2018-03-05 17:33:41 - [MESSAGE][PASSED] - Object 'Object Repository/CuPaDl/Structure/Structure_Hahnentritt' is visible

2018-03-05 17:33:42 - [MESSAGE][PASSED] - Delayed 1 second(s)

2018-03-05 17:33:42 - [MESSAGE][PASSED] - Object: 'Object Repository/CuPaDl/Structure/Structure_fadequadrop' is clicked on

2018-03-05 17:33:43 - [MESSAGE][PASSED] - Object 'Object Repository/CuPaDl/Loading_indicator' is visible

2018-03-05 17:33:50 - [MESSAGE][PASSED] - Object 'Object Repository/CuPaDl/Loading_indicator' is NOT visible

2018-03-05 17:33:51 - [MESSAGE][PASSED] - Delayed 1 second(s)

2018-03-05 17:33:51 - [MESSAGE][PASSED] - cupakeysDl.chngstruct.changestructure is PASSED

2018-03-05 17:33:51 - [TEST_STEP][PASSED] - Statement - (step++): null

2018-03-05 17:33:51 - [TEST_STEP][PASSED] - cupakeysDl.sclstruct.scalestructure: cupakeysDl.sclstruct.scalestructure is PASSED

2018-03-05 17:33:54 - [MESSAGE][WARNING] - Object 'Object Repository/CuPaDl/Structure/Resize_Structure_bottomright' is not visible after 3 second(s)

2018-03-05 17:33:54 - [MESSAGE][PASSED] - Object: 'Object Repository/CuPaDl/Structure/Resize_Structure' is clicked on

2018-03-05 17:33:54 - [MESSAGE][WARNING] - Timeout '0' is invalid. Using default page load timeout: '30'

2018-03-05 17:33:54 - [MESSAGE][PASSED] - Object 'Object Repository/CuPaDl/Structure/Resize_Structure_bottomright' is visible

2018-03-05 17:33:55 - [MESSAGE][PASSED] - Delayed 1 second(s)

2018-03-05 17:33:55 - [MESSAGE][PASSED] - Current viewport's left (x) position is 0

2018-03-05 17:33:55 - [MESSAGE][PASSED] - Current viewport's top (y) position is 54

2018-03-05 17:33:55 - [MESSAGE][PASSED] - Dragged object with id 'Object Repository/CuPaDl/Structure/Resize_Structure_bottomright' by offset distance x = -225 and y = -171 successfully

2018-03-05 17:33:56 - [MESSAGE][PASSED] - Object 'Object Repository/CuPaDl/Loading_indicator' is visible

2018-03-05 17:34:02 - [MESSAGE][PASSED] - Object 'Object Repository/CuPaDl/Loading_indicator' is NOT visible

2018-03-05 17:34:03 - [MESSAGE][PASSED] - Delayed 1 second(s)

2018-03-05 17:34:03 - [MESSAGE][PASSED] - cupakeysDl.sclstruct.scalestructure is PASSED

2018-03-05 17:34:03 - [TEST_STEP][PASSED] - Statement - (step++): null

2018-03-05 17:34:03 - [TEST_STEP][FAILED] - Statement - iconmap += CustomKeywords.cupakeysDl.iconad.iconadd("hangloose", LoadTimeCorrector, step, run, device, timeStamp, iconcount): Unable to click on object 'Object Repository/CuPaDl/Icons/Icon_hangloose' (Root cause: org.openqa.selenium.ElementNotVisibleException: element not visible
  (Session info: headless chrome=64.0.3282.186)
  (Driver info: chromedriver=2.35.528161 (5b82f2d2aae0ca24b877009200ced9065a772e73),platform=Windows NT 10.0.16299 x86_64) (WARNING: The server did not provide any stacktrace information)
Command duration or timeout: 0 milliseconds
Build info: version: '3.7.1', revision: '8a0099a', time: '2017-11-06T21:07:36.161Z'
System info: host: 'DESKTOP-47R6KV7', ip: '192.168.100.78', os.name: 'Windows 10', os.arch: 'amd64', os.version: '10.0', java.version: '1.8.0_102'
Driver info: com.kms.katalon.selenium.driver.CChromeDriver
Capabilities {acceptInsecureCerts: false, acceptSslCerts: false, applicationCacheEnabled: false, browserConnectionEnabled: false, browserName: chrome, chrome: {chromedriverVersion: 2.35.528161 (5b82f2d2aae0ca..., userDataDir: C:\Users\MEGAPO~1\AppData\L...}, cssSelectorsEnabled: true, databaseEnabled: false, handlesAlerts: true, hasTouchScreen: false, javascriptEnabled: true, locationContextEnabled: true, mobileEmulationEnabled: false, nativeEvents: true, networkConnectionEnabled: false, pageLoadStrategy: normal, platform: XP, platformName: XP, rotatable: false, setWindowRect: true, takesHeapSnapshot: true, takesScreenshot: true, unexpectedAlertBehaviour: , unhandledPromptBehavior: , version: 64.0.3282.186, webStorageEnabled: true}
Session ID: 5f0fe12a7dd8b175f2a1644c9dde89a0)

2018-03-05 17:34:03 - [MESSAGE][PASSED] - Object 'Object Repository/CuPaDl/Icons/Icon' is visible

2018-03-05 17:34:03 - [MESSAGE][PASSED] - Object: 'Object Repository/CuPaDl/Icons/Icon' is clicked on

2018-03-05 17:34:03 - [MESSAGE][WARNING] - Timeout '0' is invalid. Using default page load timeout: '30'

2018-03-05 17:34:34 - [MESSAGE][WARNING] - Object 'Object Repository/CuPaDl/Icons/Icon_hangloose' is not visible after 30 second(s)

2018-03-05 17:34:35 - [MESSAGE][PASSED] - Delayed 1 second(s)

2018-03-05 17:34:35 - [MESSAGE][FAILED] - Unable to click on object 'Object Repository/CuPaDl/Icons/Icon_hangloose' (Root cause: org.openqa.selenium.ElementNotVisibleException: element not visible
  (Session info: headless chrome=64.0.3282.186)
  (Driver info: chromedriver=2.35.528161 (5b82f2d2aae0ca24b877009200ced9065a772e73),platform=Windows NT 10.0.16299 x86_64) (WARNING: The server did not provide any stacktrace information)
Command duration or timeout: 0 milliseconds
Build info: version: '3.7.1', revision: '8a0099a', time: '2017-11-06T21:07:36.161Z'
System info: host: 'DESKTOP-47R6KV7', ip: '192.168.100.78', os.name: 'Windows 10', os.arch: 'amd64', os.version: '10.0', java.version: '1.8.0_102'
Driver info: com.kms.katalon.selenium.driver.CChromeDriver
Capabilities {acceptInsecureCerts: false, acceptSslCerts: false, applicationCacheEnabled: false, browserConnectionEnabled: false, browserName: chrome, chrome: {chromedriverVersion: 2.35.528161 (5b82f2d2aae0ca..., userDataDir: C:\Users\MEGAPO~1\AppData\L...}, cssSelectorsEnabled: true, databaseEnabled: false, handlesAlerts: true, hasTouchScreen: false, javascriptEnabled: true, locationContextEnabled: true, mobileEmulationEnabled: false, nativeEvents: true, networkConnectionEnabled: false, pageLoadStrategy: normal, platform: XP, platformName: XP, rotatable: false, setWindowRect: true, takesHeapSnapshot: true, takesScreenshot: true, unexpectedAlertBehaviour: , unhandledPromptBehavior: , version: 64.0.3282.186, webStorageEnabled: true}
Session ID: 5f0fe12a7dd8b175f2a1644c9dde89a0)

2018-03-05 17:34:35 - [MESSAGE][FAILED] - Unable to click on object 'Object Repository/CuPaDl/Icons/Icon_hangloose' (Root cause: org.openqa.selenium.ElementNotVisibleException: element not visible
  (Session info: headless chrome=64.0.3282.186)
  (Driver info: chromedriver=2.35.528161 (5b82f2d2aae0ca24b877009200ced9065a772e73),platform=Windows NT 10.0.16299 x86_64) (WARNING: The server did not provide any stacktrace information)
Command duration or timeout: 0 milliseconds
Build info: version: '3.7.1', revision: '8a0099a', time: '2017-11-06T21:07:36.161Z'
System info: host: 'DESKTOP-47R6KV7', ip: '192.168.100.78', os.name: 'Windows 10', os.arch: 'amd64', os.version: '10.0', java.version: '1.8.0_102'
Driver info: com.kms.katalon.selenium.driver.CChromeDriver
Capabilities {acceptInsecureCerts: false, acceptSslCerts: false, applicationCacheEnabled: false, browserConnectionEnabled: false, browserName: chrome, chrome: {chromedriverVersion: 2.35.528161 (5b82f2d2aae0ca..., userDataDir: C:\Users\MEGAPO~1\AppData\L...}, cssSelectorsEnabled: true, databaseEnabled: false, handlesAlerts: true, hasTouchScreen: false, javascriptEnabled: true, locationContextEnabled: true, mobileEmulationEnabled: false, nativeEvents: true, networkConnectionEnabled: false, pageLoadStrategy: normal, platform: XP, platformName: XP, rotatable: false, setWindowRect: true, takesHeapSnapshot: true, takesScreenshot: true, unexpectedAlertBehaviour: , unhandledPromptBehavior: , version: 64.0.3282.186, webStorageEnabled: true}
Session ID: 5f0fe12a7dd8b175f2a1644c9dde89a0)]]></system-out>
         <system-err><![CDATA[2018-03-05 17:33:18 - [TEST_CASE][FAILED] - Test Cases/CuPaStefanie/27: Test Cases/CuPaStefanie/27 FAILED because (of) Unable to click on object 'Object Repository/CuPaDl/Icons/Icon_hangloose' (Root cause: org.openqa.selenium.ElementNotVisibleException: element not visible
  (Session info: headless chrome=64.0.3282.186)
  (Driver info: chromedriver=2.35.528161 (5b82f2d2aae0ca24b877009200ced9065a772e73),platform=Windows NT 10.0.16299 x86_64) (WARNING: The server did not provide any stacktrace information)
Command duration or timeout: 0 milliseconds
Build info: version: '3.7.1', revision: '8a0099a', time: '2017-11-06T21:07:36.161Z'
System info: host: 'DESKTOP-47R6KV7', ip: '192.168.100.78', os.name: 'Windows 10', os.arch: 'amd64', os.version: '10.0', java.version: '1.8.0_102'
Driver info: com.kms.katalon.selenium.driver.CChromeDriver
Capabilities {acceptInsecureCerts: false, acceptSslCerts: false, applicationCacheEnabled: false, browserConnectionEnabled: false, browserName: chrome, chrome: {chromedriverVersion: 2.35.528161 (5b82f2d2aae0ca..., userDataDir: C:\Users\MEGAPO~1\AppData\L...}, cssSelectorsEnabled: true, databaseEnabled: false, handlesAlerts: true, hasTouchScreen: false, javascriptEnabled: true, locationContextEnabled: true, mobileEmulationEnabled: false, nativeEvents: true, networkConnectionEnabled: false, pageLoadStrategy: normal, platform: XP, platformName: XP, rotatable: false, setWindowRect: true, takesHeapSnapshot: true, takesScreenshot: true, unexpectedAlertBehaviour: , unhandledPromptBehavior: , version: 64.0.3282.186, webStorageEnabled: true}
Session ID: 5f0fe12a7dd8b175f2a1644c9dde89a0)]]></system-err>
      </testcase>
      <testcase name="Test Cases/CuPaStefanie/28" classname="Test Cases/CuPaStefanie/28" status="FAILED">
         <failure type="FAILED" message="Unable to click on object 'Object Repository/CuPaDl/Icons/Icon_hangloose' (Root cause: org.openqa.selenium.ElementNotVisibleException: element not visible
  (Session info: headless chrome=64.0.3282.186)
  (Driver info: chromedriver=2.35.528161 (5b82f2d2aae0ca24b877009200ced9065a772e73),platform=Windows NT 10.0.16299 x86_64) (WARNING: The server did not provide any stacktrace information)
Command duration or timeout: 0 milliseconds
Build info: version: '3.7.1', revision: '8a0099a', time: '2017-11-06T21:07:36.161Z'
System info: host: 'DESKTOP-47R6KV7', ip: '192.168.100.78', os.name: 'Windows 10', os.arch: 'amd64', os.version: '10.0', java.version: '1.8.0_102'
Driver info: com.kms.katalon.selenium.driver.CChromeDriver
Capabilities {acceptInsecureCerts: false, acceptSslCerts: false, applicationCacheEnabled: false, browserConnectionEnabled: false, browserName: chrome, chrome: {chromedriverVersion: 2.35.528161 (5b82f2d2aae0ca..., userDataDir: C:\Users\MEGAPO~1\AppData\L...}, cssSelectorsEnabled: true, databaseEnabled: false, handlesAlerts: true, hasTouchScreen: false, javascriptEnabled: true, locationContextEnabled: true, mobileEmulationEnabled: false, nativeEvents: true, networkConnectionEnabled: false, pageLoadStrategy: normal, platform: XP, platformName: XP, rotatable: false, setWindowRect: true, takesHeapSnapshot: true, takesScreenshot: true, unexpectedAlertBehaviour: , unhandledPromptBehavior: , version: 64.0.3282.186, webStorageEnabled: true}
Session ID: fbc0a18e858223a20daf8e925575453f)"/>
         <system-out><![CDATA[2018-03-05 17:34:35 - [TEST_CASE][FAILED] - Test Cases/CuPaStefanie/28: Test Cases/CuPaStefanie/28 FAILED because (of) Unable to click on object 'Object Repository/CuPaDl/Icons/Icon_hangloose' (Root cause: org.openqa.selenium.ElementNotVisibleException: element not visible
  (Session info: headless chrome=64.0.3282.186)
  (Driver info: chromedriver=2.35.528161 (5b82f2d2aae0ca24b877009200ced9065a772e73),platform=Windows NT 10.0.16299 x86_64) (WARNING: The server did not provide any stacktrace information)
Command duration or timeout: 0 milliseconds
Build info: version: '3.7.1', revision: '8a0099a', time: '2017-11-06T21:07:36.161Z'
System info: host: 'DESKTOP-47R6KV7', ip: '192.168.100.78', os.name: 'Windows 10', os.arch: 'amd64', os.version: '10.0', java.version: '1.8.0_102'
Driver info: com.kms.katalon.selenium.driver.CChromeDriver
Capabilities {acceptInsecureCerts: false, acceptSslCerts: false, applicationCacheEnabled: false, browserConnectionEnabled: false, browserName: chrome, chrome: {chromedriverVersion: 2.35.528161 (5b82f2d2aae0ca..., userDataDir: C:\Users\MEGAPO~1\AppData\L...}, cssSelectorsEnabled: true, databaseEnabled: false, handlesAlerts: true, hasTouchScreen: false, javascriptEnabled: true, locationContextEnabled: true, mobileEmulationEnabled: false, nativeEvents: true, networkConnectionEnabled: false, pageLoadStrategy: normal, platform: XP, platformName: XP, rotatable: false, setWindowRect: true, takesHeapSnapshot: true, takesScreenshot: true, unexpectedAlertBehaviour: , unhandledPromptBehavior: , version: 64.0.3282.186, webStorageEnabled: true}
Session ID: fbc0a18e858223a20daf8e925575453f)

2018-03-05 17:34:35 - [TEST_STEP][PASSED] - Statement - timeStamp = new java.text.SimpleDateFormat(dd.MM.yyyy).format(java.util.Calendar.getInstance().getTime()): null

2018-03-05 17:34:35 - [TEST_STEP][PASSED] - Statement - timeStampScreenshot = new java.text.SimpleDateFormat(dd.MM.yyyy).format(java.util.Calendar.getInstance().getTime()): null

2018-03-05 17:34:35 - [TEST_STEP][PASSED] - Statement - iconmap = [:]: null

2018-03-05 17:34:35 - [TEST_STEP][PASSED] - Statement - txtmap = [:]: null

2018-03-05 17:34:35 - [TEST_STEP][PASSED] - Statement - signmap = [:]: null

2018-03-05 17:34:35 - [TEST_STEP][PASSED] - cupakeysDl.initStart.initialStart: cupakeysDl.initStart.initialStart is PASSED

2018-03-05 17:34:35 - [MESSAGE][WARNING] - A browser is already opened. Closing browser and opening a new one

2018-03-05 17:34:37 - [MESSAGE][PASSED] - Browser is opened with url: ''

2018-03-05 17:34:40 - [MESSAGE][PASSED] - Delayed 3 second(s)

2018-03-05 17:34:42 - [MESSAGE][PASSED] - Navigate to 'https://d16a4dsnr8a0k1.cloudfront.net/en/2455233.html?price=150.00%20%E2%82%AC&partName=wilsonPartName&vin=wilsonVin&modelCode=XP11&paint=P0A94&modelDescription=wilsonModelDescription&additionalEquipment=wilsonAdditionalEquipment' successfully

2018-03-05 17:34:42 - [MESSAGE][PASSED] - Object 'Object Repository/CuPaDl/Loading_indicator' is visible

2018-03-05 17:34:51 - [MESSAGE][PASSED] - Object 'Object Repository/CuPaDl/Loading_indicator' is NOT visible

2018-03-05 17:34:52 - [MESSAGE][PASSED] - Delayed 1 second(s)

2018-03-05 17:34:52 - [MESSAGE][PASSED] - cupakeysDl.initStart.initialStart is PASSED

2018-03-05 17:34:52 - [TEST_STEP][PASSED] - Statement - (step++): null

2018-03-05 17:34:52 - [TEST_STEP][PASSED] - cupakeysDl.color.changecolor: cupakeysDl.color.changecolor is PASSED

2018-03-05 17:34:52 - [MESSAGE][PASSED] - Object 'Object Repository/CuPaDl/Color/Color' is visible

2018-03-05 17:34:52 - [MESSAGE][PASSED] - Object: 'Object Repository/CuPaDl/Color/Color' is clicked on

2018-03-05 17:34:52 - [MESSAGE][WARNING] - Timeout '0' is invalid. Using default page load timeout: '30'

2018-03-05 17:34:52 - [MESSAGE][PASSED] - Object 'Object Repository/CuPaDl/Color/Color_moonwalkgrey' is visible

2018-03-05 17:34:53 - [MESSAGE][PASSED] - Delayed 1 second(s)

2018-03-05 17:34:53 - [MESSAGE][PASSED] - Object: 'Object Repository/CuPaDl/Color/Color_moonwalkgrey' is clicked on

2018-03-05 17:34:55 - [MESSAGE][PASSED] - Object 'Object Repository/CuPaDl/Loading_indicator' is visible

2018-03-05 17:34:56 - [MESSAGE][PASSED] - Object 'Object Repository/CuPaDl/Loading_indicator' is NOT visible

2018-03-05 17:34:57 - [MESSAGE][PASSED] - Delayed 1 second(s)

2018-03-05 17:34:57 - [MESSAGE][PASSED] - cupakeysDl.color.changecolor is PASSED

2018-03-05 17:34:57 - [TEST_STEP][PASSED] - Statement - (step++): null

2018-03-05 17:34:57 - [TEST_STEP][PASSED] - cupakeysDl.chngstruct.changestructure: cupakeysDl.chngstruct.changestructure is PASSED

2018-03-05 17:34:57 - [MESSAGE][PASSED] - Object 'Object Repository/CuPaDl/Structure/Structure' is visible

2018-03-05 17:34:57 - [MESSAGE][PASSED] - Object: 'Object Repository/CuPaDl/Structure/Structure' is clicked on

2018-03-05 17:34:57 - [MESSAGE][WARNING] - Timeout '0' is invalid. Using default page load timeout: '30'

2018-03-05 17:34:57 - [MESSAGE][PASSED] - Object 'Object Repository/CuPaDl/Structure/Structure_Hahnentritt' is visible

2018-03-05 17:34:58 - [MESSAGE][PASSED] - Delayed 1 second(s)

2018-03-05 17:34:58 - [MESSAGE][PASSED] - Object: 'Object Repository/CuPaDl/Structure/Structure_fadequadrop' is clicked on

2018-03-05 17:34:59 - [MESSAGE][PASSED] - Object 'Object Repository/CuPaDl/Loading_indicator' is visible

2018-03-05 17:35:04 - [MESSAGE][PASSED] - Object 'Object Repository/CuPaDl/Loading_indicator' is NOT visible

2018-03-05 17:35:05 - [MESSAGE][PASSED] - Delayed 1 second(s)

2018-03-05 17:35:05 - [MESSAGE][PASSED] - cupakeysDl.chngstruct.changestructure is PASSED

2018-03-05 17:35:05 - [TEST_STEP][PASSED] - Statement - (step++): null

2018-03-05 17:35:05 - [TEST_STEP][PASSED] - cupakeysDl.sclstruct.scalestructure: cupakeysDl.sclstruct.scalestructure is PASSED

2018-03-05 17:35:08 - [MESSAGE][WARNING] - Object 'Object Repository/CuPaDl/Structure/Resize_Structure_bottomright' is not visible after 3 second(s)

2018-03-05 17:35:08 - [MESSAGE][PASSED] - Object: 'Object Repository/CuPaDl/Structure/Resize_Structure' is clicked on

2018-03-05 17:35:08 - [MESSAGE][WARNING] - Timeout '0' is invalid. Using default page load timeout: '30'

2018-03-05 17:35:08 - [MESSAGE][PASSED] - Object 'Object Repository/CuPaDl/Structure/Resize_Structure_bottomright' is visible

2018-03-05 17:35:09 - [MESSAGE][PASSED] - Delayed 1 second(s)

2018-03-05 17:35:09 - [MESSAGE][PASSED] - Current viewport's left (x) position is 0

2018-03-05 17:35:09 - [MESSAGE][PASSED] - Current viewport's top (y) position is 54

2018-03-05 17:35:09 - [MESSAGE][PASSED] - Dragged object with id 'Object Repository/CuPaDl/Structure/Resize_Structure_bottomright' by offset distance x = 225 and y = 279 successfully

2018-03-05 17:35:10 - [MESSAGE][PASSED] - Object 'Object Repository/CuPaDl/Loading_indicator' is visible

2018-03-05 17:35:16 - [MESSAGE][PASSED] - Object 'Object Repository/CuPaDl/Loading_indicator' is NOT visible

2018-03-05 17:35:17 - [MESSAGE][PASSED] - Delayed 1 second(s)

2018-03-05 17:35:17 - [MESSAGE][PASSED] - cupakeysDl.sclstruct.scalestructure is PASSED

2018-03-05 17:35:17 - [TEST_STEP][PASSED] - Statement - (step++): null

2018-03-05 17:35:17 - [TEST_STEP][FAILED] - Statement - iconmap += CustomKeywords.cupakeysDl.iconad.iconadd("hangloose", LoadTimeCorrector, step, run, device, timeStamp, iconcount): Unable to click on object 'Object Repository/CuPaDl/Icons/Icon_hangloose' (Root cause: org.openqa.selenium.ElementNotVisibleException: element not visible
  (Session info: headless chrome=64.0.3282.186)
  (Driver info: chromedriver=2.35.528161 (5b82f2d2aae0ca24b877009200ced9065a772e73),platform=Windows NT 10.0.16299 x86_64) (WARNING: The server did not provide any stacktrace information)
Command duration or timeout: 0 milliseconds
Build info: version: '3.7.1', revision: '8a0099a', time: '2017-11-06T21:07:36.161Z'
System info: host: 'DESKTOP-47R6KV7', ip: '192.168.100.78', os.name: 'Windows 10', os.arch: 'amd64', os.version: '10.0', java.version: '1.8.0_102'
Driver info: com.kms.katalon.selenium.driver.CChromeDriver
Capabilities {acceptInsecureCerts: false, acceptSslCerts: false, applicationCacheEnabled: false, browserConnectionEnabled: false, browserName: chrome, chrome: {chromedriverVersion: 2.35.528161 (5b82f2d2aae0ca..., userDataDir: C:\Users\MEGAPO~1\AppData\L...}, cssSelectorsEnabled: true, databaseEnabled: false, handlesAlerts: true, hasTouchScreen: false, javascriptEnabled: true, locationContextEnabled: true, mobileEmulationEnabled: false, nativeEvents: true, networkConnectionEnabled: false, pageLoadStrategy: normal, platform: XP, platformName: XP, rotatable: false, setWindowRect: true, takesHeapSnapshot: true, takesScreenshot: true, unexpectedAlertBehaviour: , unhandledPromptBehavior: , version: 64.0.3282.186, webStorageEnabled: true}
Session ID: fbc0a18e858223a20daf8e925575453f)

2018-03-05 17:35:17 - [MESSAGE][PASSED] - Object 'Object Repository/CuPaDl/Icons/Icon' is visible

2018-03-05 17:35:17 - [MESSAGE][PASSED] - Object: 'Object Repository/CuPaDl/Icons/Icon' is clicked on

2018-03-05 17:35:17 - [MESSAGE][WARNING] - Timeout '0' is invalid. Using default page load timeout: '30'

2018-03-05 17:35:47 - [MESSAGE][WARNING] - Object 'Object Repository/CuPaDl/Icons/Icon_hangloose' is not visible after 30 second(s)

2018-03-05 17:35:48 - [MESSAGE][PASSED] - Delayed 1 second(s)

2018-03-05 17:35:49 - [MESSAGE][FAILED] - Unable to click on object 'Object Repository/CuPaDl/Icons/Icon_hangloose' (Root cause: org.openqa.selenium.ElementNotVisibleException: element not visible
  (Session info: headless chrome=64.0.3282.186)
  (Driver info: chromedriver=2.35.528161 (5b82f2d2aae0ca24b877009200ced9065a772e73),platform=Windows NT 10.0.16299 x86_64) (WARNING: The server did not provide any stacktrace information)
Command duration or timeout: 0 milliseconds
Build info: version: '3.7.1', revision: '8a0099a', time: '2017-11-06T21:07:36.161Z'
System info: host: 'DESKTOP-47R6KV7', ip: '192.168.100.78', os.name: 'Windows 10', os.arch: 'amd64', os.version: '10.0', java.version: '1.8.0_102'
Driver info: com.kms.katalon.selenium.driver.CChromeDriver
Capabilities {acceptInsecureCerts: false, acceptSslCerts: false, applicationCacheEnabled: false, browserConnectionEnabled: false, browserName: chrome, chrome: {chromedriverVersion: 2.35.528161 (5b82f2d2aae0ca..., userDataDir: C:\Users\MEGAPO~1\AppData\L...}, cssSelectorsEnabled: true, databaseEnabled: false, handlesAlerts: true, hasTouchScreen: false, javascriptEnabled: true, locationContextEnabled: true, mobileEmulationEnabled: false, nativeEvents: true, networkConnectionEnabled: false, pageLoadStrategy: normal, platform: XP, platformName: XP, rotatable: false, setWindowRect: true, takesHeapSnapshot: true, takesScreenshot: true, unexpectedAlertBehaviour: , unhandledPromptBehavior: , version: 64.0.3282.186, webStorageEnabled: true}
Session ID: fbc0a18e858223a20daf8e925575453f)

2018-03-05 17:35:49 - [MESSAGE][FAILED] - Unable to click on object 'Object Repository/CuPaDl/Icons/Icon_hangloose' (Root cause: org.openqa.selenium.ElementNotVisibleException: element not visible
  (Session info: headless chrome=64.0.3282.186)
  (Driver info: chromedriver=2.35.528161 (5b82f2d2aae0ca24b877009200ced9065a772e73),platform=Windows NT 10.0.16299 x86_64) (WARNING: The server did not provide any stacktrace information)
Command duration or timeout: 0 milliseconds
Build info: version: '3.7.1', revision: '8a0099a', time: '2017-11-06T21:07:36.161Z'
System info: host: 'DESKTOP-47R6KV7', ip: '192.168.100.78', os.name: 'Windows 10', os.arch: 'amd64', os.version: '10.0', java.version: '1.8.0_102'
Driver info: com.kms.katalon.selenium.driver.CChromeDriver
Capabilities {acceptInsecureCerts: false, acceptSslCerts: false, applicationCacheEnabled: false, browserConnectionEnabled: false, browserName: chrome, chrome: {chromedriverVersion: 2.35.528161 (5b82f2d2aae0ca..., userDataDir: C:\Users\MEGAPO~1\AppData\L...}, cssSelectorsEnabled: true, databaseEnabled: false, handlesAlerts: true, hasTouchScreen: false, javascriptEnabled: true, locationContextEnabled: true, mobileEmulationEnabled: false, nativeEvents: true, networkConnectionEnabled: false, pageLoadStrategy: normal, platform: XP, platformName: XP, rotatable: false, setWindowRect: true, takesHeapSnapshot: true, takesScreenshot: true, unexpectedAlertBehaviour: , unhandledPromptBehavior: , version: 64.0.3282.186, webStorageEnabled: true}
Session ID: fbc0a18e858223a20daf8e925575453f)]]></system-out>
         <system-err><![CDATA[2018-03-05 17:34:35 - [TEST_CASE][FAILED] - Test Cases/CuPaStefanie/28: Test Cases/CuPaStefanie/28 FAILED because (of) Unable to click on object 'Object Repository/CuPaDl/Icons/Icon_hangloose' (Root cause: org.openqa.selenium.ElementNotVisibleException: element not visible
  (Session info: headless chrome=64.0.3282.186)
  (Driver info: chromedriver=2.35.528161 (5b82f2d2aae0ca24b877009200ced9065a772e73),platform=Windows NT 10.0.16299 x86_64) (WARNING: The server did not provide any stacktrace information)
Command duration or timeout: 0 milliseconds
Build info: version: '3.7.1', revision: '8a0099a', time: '2017-11-06T21:07:36.161Z'
System info: host: 'DESKTOP-47R6KV7', ip: '192.168.100.78', os.name: 'Windows 10', os.arch: 'amd64', os.version: '10.0', java.version: '1.8.0_102'
Driver info: com.kms.katalon.selenium.driver.CChromeDriver
Capabilities {acceptInsecureCerts: false, acceptSslCerts: false, applicationCacheEnabled: false, browserConnectionEnabled: false, browserName: chrome, chrome: {chromedriverVersion: 2.35.528161 (5b82f2d2aae0ca..., userDataDir: C:\Users\MEGAPO~1\AppData\L...}, cssSelectorsEnabled: true, databaseEnabled: false, handlesAlerts: true, hasTouchScreen: false, javascriptEnabled: true, locationContextEnabled: true, mobileEmulationEnabled: false, nativeEvents: true, networkConnectionEnabled: false, pageLoadStrategy: normal, platform: XP, platformName: XP, rotatable: false, setWindowRect: true, takesHeapSnapshot: true, takesScreenshot: true, unexpectedAlertBehaviour: , unhandledPromptBehavior: , version: 64.0.3282.186, webStorageEnabled: true}
Session ID: fbc0a18e858223a20daf8e925575453f)]]></system-err>
      </testcase>
      <testcase name="Test Cases/CuPaStefanie/29" classname="Test Cases/CuPaStefanie/29" status="FAILED">
         <failure type="FAILED" message="Unable to click on object 'Object Repository/CuPaDl/Structure/Structure_fadedrop' (Root cause: org.openqa.selenium.ElementNotVisibleException: element not visible
  (Session info: headless chrome=64.0.3282.186)
  (Driver info: chromedriver=2.35.528161 (5b82f2d2aae0ca24b877009200ced9065a772e73),platform=Windows NT 10.0.16299 x86_64) (WARNING: The server did not provide any stacktrace information)
Command duration or timeout: 0 milliseconds
Build info: version: '3.7.1', revision: '8a0099a', time: '2017-11-06T21:07:36.161Z'
System info: host: 'DESKTOP-47R6KV7', ip: '192.168.100.78', os.name: 'Windows 10', os.arch: 'amd64', os.version: '10.0', java.version: '1.8.0_102'
Driver info: com.kms.katalon.selenium.driver.CChromeDriver
Capabilities {acceptInsecureCerts: false, acceptSslCerts: false, applicationCacheEnabled: false, browserConnectionEnabled: false, browserName: chrome, chrome: {chromedriverVersion: 2.35.528161 (5b82f2d2aae0ca..., userDataDir: C:\Users\MEGAPO~1\AppData\L...}, cssSelectorsEnabled: true, databaseEnabled: false, handlesAlerts: true, hasTouchScreen: false, javascriptEnabled: true, locationContextEnabled: true, mobileEmulationEnabled: false, nativeEvents: true, networkConnectionEnabled: false, pageLoadStrategy: normal, platform: XP, platformName: XP, rotatable: false, setWindowRect: true, takesHeapSnapshot: true, takesScreenshot: true, unexpectedAlertBehaviour: , unhandledPromptBehavior: , version: 64.0.3282.186, webStorageEnabled: true}
Session ID: 47b3ca24a2eacb5895c12a6f0f045823)"/>
         <system-out><![CDATA[2018-03-05 17:35:49 - [TEST_CASE][FAILED] - Test Cases/CuPaStefanie/29: Test Cases/CuPaStefanie/29 FAILED because (of) Unable to click on object 'Object Repository/CuPaDl/Structure/Structure_fadedrop' (Root cause: org.openqa.selenium.ElementNotVisibleException: element not visible
  (Session info: headless chrome=64.0.3282.186)
  (Driver info: chromedriver=2.35.528161 (5b82f2d2aae0ca24b877009200ced9065a772e73),platform=Windows NT 10.0.16299 x86_64) (WARNING: The server did not provide any stacktrace information)
Command duration or timeout: 0 milliseconds
Build info: version: '3.7.1', revision: '8a0099a', time: '2017-11-06T21:07:36.161Z'
System info: host: 'DESKTOP-47R6KV7', ip: '192.168.100.78', os.name: 'Windows 10', os.arch: 'amd64', os.version: '10.0', java.version: '1.8.0_102'
Driver info: com.kms.katalon.selenium.driver.CChromeDriver
Capabilities {acceptInsecureCerts: false, acceptSslCerts: false, applicationCacheEnabled: false, browserConnectionEnabled: false, browserName: chrome, chrome: {chromedriverVersion: 2.35.528161 (5b82f2d2aae0ca..., userDataDir: C:\Users\MEGAPO~1\AppData\L...}, cssSelectorsEnabled: true, databaseEnabled: false, handlesAlerts: true, hasTouchScreen: false, javascriptEnabled: true, locationContextEnabled: true, mobileEmulationEnabled: false, nativeEvents: true, networkConnectionEnabled: false, pageLoadStrategy: normal, platform: XP, platformName: XP, rotatable: false, setWindowRect: true, takesHeapSnapshot: true, takesScreenshot: true, unexpectedAlertBehaviour: , unhandledPromptBehavior: , version: 64.0.3282.186, webStorageEnabled: true}
Session ID: 47b3ca24a2eacb5895c12a6f0f045823)

2018-03-05 17:35:49 - [TEST_STEP][PASSED] - Statement - timeStamp = new java.text.SimpleDateFormat(dd.MM.yyyy).format(java.util.Calendar.getInstance().getTime()): null

2018-03-05 17:35:49 - [TEST_STEP][PASSED] - Statement - timeStampScreenshot = new java.text.SimpleDateFormat(dd.MM.yyyy).format(java.util.Calendar.getInstance().getTime()): null

2018-03-05 17:35:49 - [TEST_STEP][PASSED] - Statement - iconmap = [:]: null

2018-03-05 17:35:49 - [TEST_STEP][PASSED] - Statement - txtmap = [:]: null

2018-03-05 17:35:49 - [TEST_STEP][PASSED] - Statement - signmap = [:]: null

2018-03-05 17:35:49 - [TEST_STEP][PASSED] - cupakeysDl.initStart.initialStart: cupakeysDl.initStart.initialStart is PASSED

2018-03-05 17:35:49 - [MESSAGE][WARNING] - A browser is already opened. Closing browser and opening a new one

2018-03-05 17:35:51 - [MESSAGE][PASSED] - Browser is opened with url: ''

2018-03-05 17:35:54 - [MESSAGE][PASSED] - Delayed 3 second(s)

2018-03-05 17:35:56 - [MESSAGE][PASSED] - Navigate to 'https://d16a4dsnr8a0k1.cloudfront.net/en/2455233.html?price=150.00%20%E2%82%AC&partName=wilsonPartName&vin=wilsonVin&modelCode=XP11&paint=P0A94&modelDescription=wilsonModelDescription&additionalEquipment=wilsonAdditionalEquipment' successfully

2018-03-05 17:35:56 - [MESSAGE][PASSED] - Object 'Object Repository/CuPaDl/Loading_indicator' is visible

2018-03-05 17:36:07 - [MESSAGE][PASSED] - Object 'Object Repository/CuPaDl/Loading_indicator' is NOT visible

2018-03-05 17:36:08 - [MESSAGE][PASSED] - Delayed 1 second(s)

2018-03-05 17:36:08 - [MESSAGE][PASSED] - cupakeysDl.initStart.initialStart is PASSED

2018-03-05 17:36:08 - [TEST_STEP][PASSED] - Statement - (step++): null

2018-03-05 17:36:08 - [TEST_STEP][PASSED] - cupakeysDl.color.changecolor: cupakeysDl.color.changecolor is PASSED

2018-03-05 17:36:08 - [MESSAGE][PASSED] - Object 'Object Repository/CuPaDl/Color/Color' is visible

2018-03-05 17:36:08 - [MESSAGE][PASSED] - Object: 'Object Repository/CuPaDl/Color/Color' is clicked on

2018-03-05 17:36:08 - [MESSAGE][WARNING] - Timeout '0' is invalid. Using default page load timeout: '30'

2018-03-05 17:36:08 - [MESSAGE][PASSED] - Object 'Object Repository/CuPaDl/Color/Color_thundergrey' is visible

2018-03-05 17:36:09 - [MESSAGE][PASSED] - Delayed 1 second(s)

2018-03-05 17:36:09 - [MESSAGE][PASSED] - Object: 'Object Repository/CuPaDl/Color/Color_thundergrey' is clicked on

2018-03-05 17:36:12 - [MESSAGE][WARNING] - Object 'Object Repository/CuPaDl/Loading_indicator' is not visible after 3 second(s)

2018-03-05 17:36:13 - [MESSAGE][PASSED] - Delayed 1 second(s)

2018-03-05 17:36:13 - [MESSAGE][PASSED] - cupakeysDl.color.changecolor is PASSED

2018-03-05 17:36:13 - [TEST_STEP][PASSED] - Statement - (step++): null

2018-03-05 17:36:13 - [TEST_STEP][FAILED] - cupakeysDl.chngstruct.changestructure: Unable to click on object 'Object Repository/CuPaDl/Structure/Structure_fadedrop' (Root cause: org.openqa.selenium.ElementNotVisibleException: element not visible
  (Session info: headless chrome=64.0.3282.186)
  (Driver info: chromedriver=2.35.528161 (5b82f2d2aae0ca24b877009200ced9065a772e73),platform=Windows NT 10.0.16299 x86_64) (WARNING: The server did not provide any stacktrace information)
Command duration or timeout: 0 milliseconds
Build info: version: '3.7.1', revision: '8a0099a', time: '2017-11-06T21:07:36.161Z'
System info: host: 'DESKTOP-47R6KV7', ip: '192.168.100.78', os.name: 'Windows 10', os.arch: 'amd64', os.version: '10.0', java.version: '1.8.0_102'
Driver info: com.kms.katalon.selenium.driver.CChromeDriver
Capabilities {acceptInsecureCerts: false, acceptSslCerts: false, applicationCacheEnabled: false, browserConnectionEnabled: false, browserName: chrome, chrome: {chromedriverVersion: 2.35.528161 (5b82f2d2aae0ca..., userDataDir: C:\Users\MEGAPO~1\AppData\L...}, cssSelectorsEnabled: true, databaseEnabled: false, handlesAlerts: true, hasTouchScreen: false, javascriptEnabled: true, locationContextEnabled: true, mobileEmulationEnabled: false, nativeEvents: true, networkConnectionEnabled: false, pageLoadStrategy: normal, platform: XP, platformName: XP, rotatable: false, setWindowRect: true, takesHeapSnapshot: true, takesScreenshot: true, unexpectedAlertBehaviour: , unhandledPromptBehavior: , version: 64.0.3282.186, webStorageEnabled: true}
Session ID: 47b3ca24a2eacb5895c12a6f0f045823)

2018-03-05 17:36:13 - [MESSAGE][PASSED] - Object 'Object Repository/CuPaDl/Structure/Structure' is visible

2018-03-05 17:36:13 - [MESSAGE][PASSED] - Object: 'Object Repository/CuPaDl/Structure/Structure' is clicked on

2018-03-05 17:36:13 - [MESSAGE][WARNING] - Timeout '0' is invalid. Using default page load timeout: '30'

2018-03-05 17:36:14 - [MESSAGE][PASSED] - Object 'Object Repository/CuPaDl/Structure/Structure_Hahnentritt' is visible

2018-03-05 17:36:15 - [MESSAGE][PASSED] - Delayed 1 second(s)

2018-03-05 17:36:15 - [MESSAGE][FAILED] - Unable to click on object 'Object Repository/CuPaDl/Structure/Structure_fadedrop' (Root cause: org.openqa.selenium.ElementNotVisibleException: element not visible
  (Session info: headless chrome=64.0.3282.186)
  (Driver info: chromedriver=2.35.528161 (5b82f2d2aae0ca24b877009200ced9065a772e73),platform=Windows NT 10.0.16299 x86_64) (WARNING: The server did not provide any stacktrace information)
Command duration or timeout: 0 milliseconds
Build info: version: '3.7.1', revision: '8a0099a', time: '2017-11-06T21:07:36.161Z'
System info: host: 'DESKTOP-47R6KV7', ip: '192.168.100.78', os.name: 'Windows 10', os.arch: 'amd64', os.version: '10.0', java.version: '1.8.0_102'
Driver info: com.kms.katalon.selenium.driver.CChromeDriver
Capabilities {acceptInsecureCerts: false, acceptSslCerts: false, applicationCacheEnabled: false, browserConnectionEnabled: false, browserName: chrome, chrome: {chromedriverVersion: 2.35.528161 (5b82f2d2aae0ca..., userDataDir: C:\Users\MEGAPO~1\AppData\L...}, cssSelectorsEnabled: true, databaseEnabled: false, handlesAlerts: true, hasTouchScreen: false, javascriptEnabled: true, locationContextEnabled: true, mobileEmulationEnabled: false, nativeEvents: true, networkConnectionEnabled: false, pageLoadStrategy: normal, platform: XP, platformName: XP, rotatable: false, setWindowRect: true, takesHeapSnapshot: true, takesScreenshot: true, unexpectedAlertBehaviour: , unhandledPromptBehavior: , version: 64.0.3282.186, webStorageEnabled: true}
Session ID: 47b3ca24a2eacb5895c12a6f0f045823)

2018-03-05 17:36:15 - [MESSAGE][FAILED] - Unable to click on object 'Object Repository/CuPaDl/Structure/Structure_fadedrop' (Root cause: org.openqa.selenium.ElementNotVisibleException: element not visible
  (Session info: headless chrome=64.0.3282.186)
  (Driver info: chromedriver=2.35.528161 (5b82f2d2aae0ca24b877009200ced9065a772e73),platform=Windows NT 10.0.16299 x86_64) (WARNING: The server did not provide any stacktrace information)
Command duration or timeout: 0 milliseconds
Build info: version: '3.7.1', revision: '8a0099a', time: '2017-11-06T21:07:36.161Z'
System info: host: 'DESKTOP-47R6KV7', ip: '192.168.100.78', os.name: 'Windows 10', os.arch: 'amd64', os.version: '10.0', java.version: '1.8.0_102'
Driver info: com.kms.katalon.selenium.driver.CChromeDriver
Capabilities {acceptInsecureCerts: false, acceptSslCerts: false, applicationCacheEnabled: false, browserConnectionEnabled: false, browserName: chrome, chrome: {chromedriverVersion: 2.35.528161 (5b82f2d2aae0ca..., userDataDir: C:\Users\MEGAPO~1\AppData\L...}, cssSelectorsEnabled: true, databaseEnabled: false, handlesAlerts: true, hasTouchScreen: false, javascriptEnabled: true, locationContextEnabled: true, mobileEmulationEnabled: false, nativeEvents: true, networkConnectionEnabled: false, pageLoadStrategy: normal, platform: XP, platformName: XP, rotatable: false, setWindowRect: true, takesHeapSnapshot: true, takesScreenshot: true, unexpectedAlertBehaviour: , unhandledPromptBehavior: , version: 64.0.3282.186, webStorageEnabled: true}
Session ID: 47b3ca24a2eacb5895c12a6f0f045823)]]></system-out>
         <system-err><![CDATA[2018-03-05 17:35:49 - [TEST_CASE][FAILED] - Test Cases/CuPaStefanie/29: Test Cases/CuPaStefanie/29 FAILED because (of) Unable to click on object 'Object Repository/CuPaDl/Structure/Structure_fadedrop' (Root cause: org.openqa.selenium.ElementNotVisibleException: element not visible
  (Session info: headless chrome=64.0.3282.186)
  (Driver info: chromedriver=2.35.528161 (5b82f2d2aae0ca24b877009200ced9065a772e73),platform=Windows NT 10.0.16299 x86_64) (WARNING: The server did not provide any stacktrace information)
Command duration or timeout: 0 milliseconds
Build info: version: '3.7.1', revision: '8a0099a', time: '2017-11-06T21:07:36.161Z'
System info: host: 'DESKTOP-47R6KV7', ip: '192.168.100.78', os.name: 'Windows 10', os.arch: 'amd64', os.version: '10.0', java.version: '1.8.0_102'
Driver info: com.kms.katalon.selenium.driver.CChromeDriver
Capabilities {acceptInsecureCerts: false, acceptSslCerts: false, applicationCacheEnabled: false, browserConnectionEnabled: false, browserName: chrome, chrome: {chromedriverVersion: 2.35.528161 (5b82f2d2aae0ca..., userDataDir: C:\Users\MEGAPO~1\AppData\L...}, cssSelectorsEnabled: true, databaseEnabled: false, handlesAlerts: true, hasTouchScreen: false, javascriptEnabled: true, locationContextEnabled: true, mobileEmulationEnabled: false, nativeEvents: true, networkConnectionEnabled: false, pageLoadStrategy: normal, platform: XP, platformName: XP, rotatable: false, setWindowRect: true, takesHeapSnapshot: true, takesScreenshot: true, unexpectedAlertBehaviour: , unhandledPromptBehavior: , version: 64.0.3282.186, webStorageEnabled: true}
Session ID: 47b3ca24a2eacb5895c12a6f0f045823)]]></system-err>
      </testcase>
      <testcase name="Test Cases/CuPaStefanie/30" classname="Test Cases/CuPaStefanie/30" status="FAILED">
         <failure type="FAILED" message="Unable to click on object 'Object Repository/CuPaDl/Structure/Structure_fadedrop' (Root cause: org.openqa.selenium.ElementNotVisibleException: element not visible
  (Session info: headless chrome=64.0.3282.186)
  (Driver info: chromedriver=2.35.528161 (5b82f2d2aae0ca24b877009200ced9065a772e73),platform=Windows NT 10.0.16299 x86_64) (WARNING: The server did not provide any stacktrace information)
Command duration or timeout: 0 milliseconds
Build info: version: '3.7.1', revision: '8a0099a', time: '2017-11-06T21:07:36.161Z'
System info: host: 'DESKTOP-47R6KV7', ip: '192.168.100.78', os.name: 'Windows 10', os.arch: 'amd64', os.version: '10.0', java.version: '1.8.0_102'
Driver info: com.kms.katalon.selenium.driver.CChromeDriver
Capabilities {acceptInsecureCerts: false, acceptSslCerts: false, applicationCacheEnabled: false, browserConnectionEnabled: false, browserName: chrome, chrome: {chromedriverVersion: 2.35.528161 (5b82f2d2aae0ca..., userDataDir: C:\Users\MEGAPO~1\AppData\L...}, cssSelectorsEnabled: true, databaseEnabled: false, handlesAlerts: true, hasTouchScreen: false, javascriptEnabled: true, locationContextEnabled: true, mobileEmulationEnabled: false, nativeEvents: true, networkConnectionEnabled: false, pageLoadStrategy: normal, platform: XP, platformName: XP, rotatable: false, setWindowRect: true, takesHeapSnapshot: true, takesScreenshot: true, unexpectedAlertBehaviour: , unhandledPromptBehavior: , version: 64.0.3282.186, webStorageEnabled: true}
Session ID: f879ed13a0155bfbe16eaaf7056f1c4f)"/>
         <system-out><![CDATA[2018-03-05 17:36:15 - [TEST_CASE][FAILED] - Test Cases/CuPaStefanie/30: Test Cases/CuPaStefanie/30 FAILED because (of) Unable to click on object 'Object Repository/CuPaDl/Structure/Structure_fadedrop' (Root cause: org.openqa.selenium.ElementNotVisibleException: element not visible
  (Session info: headless chrome=64.0.3282.186)
  (Driver info: chromedriver=2.35.528161 (5b82f2d2aae0ca24b877009200ced9065a772e73),platform=Windows NT 10.0.16299 x86_64) (WARNING: The server did not provide any stacktrace information)
Command duration or timeout: 0 milliseconds
Build info: version: '3.7.1', revision: '8a0099a', time: '2017-11-06T21:07:36.161Z'
System info: host: 'DESKTOP-47R6KV7', ip: '192.168.100.78', os.name: 'Windows 10', os.arch: 'amd64', os.version: '10.0', java.version: '1.8.0_102'
Driver info: com.kms.katalon.selenium.driver.CChromeDriver
Capabilities {acceptInsecureCerts: false, acceptSslCerts: false, applicationCacheEnabled: false, browserConnectionEnabled: false, browserName: chrome, chrome: {chromedriverVersion: 2.35.528161 (5b82f2d2aae0ca..., userDataDir: C:\Users\MEGAPO~1\AppData\L...}, cssSelectorsEnabled: true, databaseEnabled: false, handlesAlerts: true, hasTouchScreen: false, javascriptEnabled: true, locationContextEnabled: true, mobileEmulationEnabled: false, nativeEvents: true, networkConnectionEnabled: false, pageLoadStrategy: normal, platform: XP, platformName: XP, rotatable: false, setWindowRect: true, takesHeapSnapshot: true, takesScreenshot: true, unexpectedAlertBehaviour: , unhandledPromptBehavior: , version: 64.0.3282.186, webStorageEnabled: true}
Session ID: f879ed13a0155bfbe16eaaf7056f1c4f)

2018-03-05 17:36:15 - [TEST_STEP][PASSED] - Statement - timeStamp = new java.text.SimpleDateFormat(dd.MM.yyyy).format(java.util.Calendar.getInstance().getTime()): null

2018-03-05 17:36:15 - [TEST_STEP][PASSED] - Statement - timeStampScreenshot = new java.text.SimpleDateFormat(dd.MM.yyyy).format(java.util.Calendar.getInstance().getTime()): null

2018-03-05 17:36:15 - [TEST_STEP][PASSED] - Statement - iconmap = [:]: null

2018-03-05 17:36:15 - [TEST_STEP][PASSED] - Statement - txtmap = [:]: null

2018-03-05 17:36:15 - [TEST_STEP][PASSED] - Statement - signmap = [:]: null

2018-03-05 17:36:15 - [TEST_STEP][PASSED] - cupakeysDl.initStart.initialStart: cupakeysDl.initStart.initialStart is PASSED

2018-03-05 17:36:15 - [MESSAGE][WARNING] - A browser is already opened. Closing browser and opening a new one

2018-03-05 17:36:17 - [MESSAGE][PASSED] - Browser is opened with url: ''

2018-03-05 17:36:20 - [MESSAGE][PASSED] - Delayed 3 second(s)

2018-03-05 17:36:22 - [MESSAGE][PASSED] - Navigate to 'https://d16a4dsnr8a0k1.cloudfront.net/en/2455233.html?price=150.00%20%E2%82%AC&partName=wilsonPartName&vin=wilsonVin&modelCode=XP11&paint=P0A94&modelDescription=wilsonModelDescription&additionalEquipment=wilsonAdditionalEquipment' successfully

2018-03-05 17:36:22 - [MESSAGE][PASSED] - Object 'Object Repository/CuPaDl/Loading_indicator' is visible

2018-03-05 17:36:34 - [MESSAGE][PASSED] - Object 'Object Repository/CuPaDl/Loading_indicator' is NOT visible

2018-03-05 17:36:35 - [MESSAGE][PASSED] - Delayed 1 second(s)

2018-03-05 17:36:35 - [MESSAGE][PASSED] - cupakeysDl.initStart.initialStart is PASSED

2018-03-05 17:36:35 - [TEST_STEP][PASSED] - Statement - (step++): null

2018-03-05 17:36:35 - [TEST_STEP][PASSED] - cupakeysDl.color.changecolor: cupakeysDl.color.changecolor is PASSED

2018-03-05 17:36:35 - [MESSAGE][PASSED] - Object 'Object Repository/CuPaDl/Color/Color' is visible

2018-03-05 17:36:35 - [MESSAGE][PASSED] - Object: 'Object Repository/CuPaDl/Color/Color' is clicked on

2018-03-05 17:36:35 - [MESSAGE][WARNING] - Timeout '0' is invalid. Using default page load timeout: '30'

2018-03-05 17:36:35 - [MESSAGE][PASSED] - Object 'Object Repository/CuPaDl/Color/Color_thundergrey' is visible

2018-03-05 17:36:36 - [MESSAGE][PASSED] - Delayed 1 second(s)

2018-03-05 17:36:36 - [MESSAGE][PASSED] - Object: 'Object Repository/CuPaDl/Color/Color_thundergrey' is clicked on

2018-03-05 17:36:38 - [MESSAGE][PASSED] - Object 'Object Repository/CuPaDl/Loading_indicator' is visible

2018-03-05 17:36:39 - [MESSAGE][PASSED] - Object 'Object Repository/CuPaDl/Loading_indicator' is NOT visible

2018-03-05 17:36:40 - [MESSAGE][PASSED] - Delayed 1 second(s)

2018-03-05 17:36:40 - [MESSAGE][PASSED] - cupakeysDl.color.changecolor is PASSED

2018-03-05 17:36:40 - [TEST_STEP][PASSED] - Statement - (step++): null

2018-03-05 17:36:40 - [TEST_STEP][FAILED] - cupakeysDl.chngstruct.changestructure: Unable to click on object 'Object Repository/CuPaDl/Structure/Structure_fadedrop' (Root cause: org.openqa.selenium.ElementNotVisibleException: element not visible
  (Session info: headless chrome=64.0.3282.186)
  (Driver info: chromedriver=2.35.528161 (5b82f2d2aae0ca24b877009200ced9065a772e73),platform=Windows NT 10.0.16299 x86_64) (WARNING: The server did not provide any stacktrace information)
Command duration or timeout: 0 milliseconds
Build info: version: '3.7.1', revision: '8a0099a', time: '2017-11-06T21:07:36.161Z'
System info: host: 'DESKTOP-47R6KV7', ip: '192.168.100.78', os.name: 'Windows 10', os.arch: 'amd64', os.version: '10.0', java.version: '1.8.0_102'
Driver info: com.kms.katalon.selenium.driver.CChromeDriver
Capabilities {acceptInsecureCerts: false, acceptSslCerts: false, applicationCacheEnabled: false, browserConnectionEnabled: false, browserName: chrome, chrome: {chromedriverVersion: 2.35.528161 (5b82f2d2aae0ca..., userDataDir: C:\Users\MEGAPO~1\AppData\L...}, cssSelectorsEnabled: true, databaseEnabled: false, handlesAlerts: true, hasTouchScreen: false, javascriptEnabled: true, locationContextEnabled: true, mobileEmulationEnabled: false, nativeEvents: true, networkConnectionEnabled: false, pageLoadStrategy: normal, platform: XP, platformName: XP, rotatable: false, setWindowRect: true, takesHeapSnapshot: true, takesScreenshot: true, unexpectedAlertBehaviour: , unhandledPromptBehavior: , version: 64.0.3282.186, webStorageEnabled: true}
Session ID: f879ed13a0155bfbe16eaaf7056f1c4f)

2018-03-05 17:36:40 - [MESSAGE][PASSED] - Object 'Object Repository/CuPaDl/Structure/Structure' is visible

2018-03-05 17:36:40 - [MESSAGE][PASSED] - Object: 'Object Repository/CuPaDl/Structure/Structure' is clicked on

2018-03-05 17:36:40 - [MESSAGE][WARNING] - Timeout '0' is invalid. Using default page load timeout: '30'

2018-03-05 17:36:40 - [MESSAGE][PASSED] - Object 'Object Repository/CuPaDl/Structure/Structure_Hahnentritt' is visible

2018-03-05 17:36:41 - [MESSAGE][PASSED] - Delayed 1 second(s)

2018-03-05 17:36:41 - [MESSAGE][FAILED] - Unable to click on object 'Object Repository/CuPaDl/Structure/Structure_fadedrop' (Root cause: org.openqa.selenium.ElementNotVisibleException: element not visible
  (Session info: headless chrome=64.0.3282.186)
  (Driver info: chromedriver=2.35.528161 (5b82f2d2aae0ca24b877009200ced9065a772e73),platform=Windows NT 10.0.16299 x86_64) (WARNING: The server did not provide any stacktrace information)
Command duration or timeout: 0 milliseconds
Build info: version: '3.7.1', revision: '8a0099a', time: '2017-11-06T21:07:36.161Z'
System info: host: 'DESKTOP-47R6KV7', ip: '192.168.100.78', os.name: 'Windows 10', os.arch: 'amd64', os.version: '10.0', java.version: '1.8.0_102'
Driver info: com.kms.katalon.selenium.driver.CChromeDriver
Capabilities {acceptInsecureCerts: false, acceptSslCerts: false, applicationCacheEnabled: false, browserConnectionEnabled: false, browserName: chrome, chrome: {chromedriverVersion: 2.35.528161 (5b82f2d2aae0ca..., userDataDir: C:\Users\MEGAPO~1\AppData\L...}, cssSelectorsEnabled: true, databaseEnabled: false, handlesAlerts: true, hasTouchScreen: false, javascriptEnabled: true, locationContextEnabled: true, mobileEmulationEnabled: false, nativeEvents: true, networkConnectionEnabled: false, pageLoadStrategy: normal, platform: XP, platformName: XP, rotatable: false, setWindowRect: true, takesHeapSnapshot: true, takesScreenshot: true, unexpectedAlertBehaviour: , unhandledPromptBehavior: , version: 64.0.3282.186, webStorageEnabled: true}
Session ID: f879ed13a0155bfbe16eaaf7056f1c4f)

2018-03-05 17:36:41 - [MESSAGE][FAILED] - Unable to click on object 'Object Repository/CuPaDl/Structure/Structure_fadedrop' (Root cause: org.openqa.selenium.ElementNotVisibleException: element not visible
  (Session info: headless chrome=64.0.3282.186)
  (Driver info: chromedriver=2.35.528161 (5b82f2d2aae0ca24b877009200ced9065a772e73),platform=Windows NT 10.0.16299 x86_64) (WARNING: The server did not provide any stacktrace information)
Command duration or timeout: 0 milliseconds
Build info: version: '3.7.1', revision: '8a0099a', time: '2017-11-06T21:07:36.161Z'
System info: host: 'DESKTOP-47R6KV7', ip: '192.168.100.78', os.name: 'Windows 10', os.arch: 'amd64', os.version: '10.0', java.version: '1.8.0_102'
Driver info: com.kms.katalon.selenium.driver.CChromeDriver
Capabilities {acceptInsecureCerts: false, acceptSslCerts: false, applicationCacheEnabled: false, browserConnectionEnabled: false, browserName: chrome, chrome: {chromedriverVersion: 2.35.528161 (5b82f2d2aae0ca..., userDataDir: C:\Users\MEGAPO~1\AppData\L...}, cssSelectorsEnabled: true, databaseEnabled: false, handlesAlerts: true, hasTouchScreen: false, javascriptEnabled: true, locationContextEnabled: true, mobileEmulationEnabled: false, nativeEvents: true, networkConnectionEnabled: false, pageLoadStrategy: normal, platform: XP, platformName: XP, rotatable: false, setWindowRect: true, takesHeapSnapshot: true, takesScreenshot: true, unexpectedAlertBehaviour: , unhandledPromptBehavior: , version: 64.0.3282.186, webStorageEnabled: true}
Session ID: f879ed13a0155bfbe16eaaf7056f1c4f)]]></system-out>
         <system-err><![CDATA[2018-03-05 17:36:15 - [TEST_CASE][FAILED] - Test Cases/CuPaStefanie/30: Test Cases/CuPaStefanie/30 FAILED because (of) Unable to click on object 'Object Repository/CuPaDl/Structure/Structure_fadedrop' (Root cause: org.openqa.selenium.ElementNotVisibleException: element not visible
  (Session info: headless chrome=64.0.3282.186)
  (Driver info: chromedriver=2.35.528161 (5b82f2d2aae0ca24b877009200ced9065a772e73),platform=Windows NT 10.0.16299 x86_64) (WARNING: The server did not provide any stacktrace information)
Command duration or timeout: 0 milliseconds
Build info: version: '3.7.1', revision: '8a0099a', time: '2017-11-06T21:07:36.161Z'
System info: host: 'DESKTOP-47R6KV7', ip: '192.168.100.78', os.name: 'Windows 10', os.arch: 'amd64', os.version: '10.0', java.version: '1.8.0_102'
Driver info: com.kms.katalon.selenium.driver.CChromeDriver
Capabilities {acceptInsecureCerts: false, acceptSslCerts: false, applicationCacheEnabled: false, browserConnectionEnabled: false, browserName: chrome, chrome: {chromedriverVersion: 2.35.528161 (5b82f2d2aae0ca..., userDataDir: C:\Users\MEGAPO~1\AppData\L...}, cssSelectorsEnabled: true, databaseEnabled: false, handlesAlerts: true, hasTouchScreen: false, javascriptEnabled: true, locationContextEnabled: true, mobileEmulationEnabled: false, nativeEvents: true, networkConnectionEnabled: false, pageLoadStrategy: normal, platform: XP, platformName: XP, rotatable: false, setWindowRect: true, takesHeapSnapshot: true, takesScreenshot: true, unexpectedAlertBehaviour: , unhandledPromptBehavior: , version: 64.0.3282.186, webStorageEnabled: true}
Session ID: f879ed13a0155bfbe16eaaf7056f1c4f)]]></system-err>
      </testcase>
      <testcase name="Test Cases/CuPaStefanie/31" classname="Test Cases/CuPaStefanie/31" status="FAILED">
         <failure type="FAILED" message="Unable to click on object 'Object Repository/CuPaDl/Icons/Icon_america' (Root cause: org.openqa.selenium.ElementNotVisibleException: element not visible
  (Session info: headless chrome=64.0.3282.186)
  (Driver info: chromedriver=2.35.528161 (5b82f2d2aae0ca24b877009200ced9065a772e73),platform=Windows NT 10.0.16299 x86_64) (WARNING: The server did not provide any stacktrace information)
Command duration or timeout: 0 milliseconds
Build info: version: '3.7.1', revision: '8a0099a', time: '2017-11-06T21:07:36.161Z'
System info: host: 'DESKTOP-47R6KV7', ip: '192.168.100.78', os.name: 'Windows 10', os.arch: 'amd64', os.version: '10.0', java.version: '1.8.0_102'
Driver info: com.kms.katalon.selenium.driver.CChromeDriver
Capabilities {acceptInsecureCerts: false, acceptSslCerts: false, applicationCacheEnabled: false, browserConnectionEnabled: false, browserName: chrome, chrome: {chromedriverVersion: 2.35.528161 (5b82f2d2aae0ca..., userDataDir: C:\Users\MEGAPO~1\AppData\L...}, cssSelectorsEnabled: true, databaseEnabled: false, handlesAlerts: true, hasTouchScreen: false, javascriptEnabled: true, locationContextEnabled: true, mobileEmulationEnabled: false, nativeEvents: true, networkConnectionEnabled: false, pageLoadStrategy: normal, platform: XP, platformName: XP, rotatable: false, setWindowRect: true, takesHeapSnapshot: true, takesScreenshot: true, unexpectedAlertBehaviour: , unhandledPromptBehavior: , version: 64.0.3282.186, webStorageEnabled: true}
Session ID: 2dca31296712816bd0a28ff200d55dda)"/>
         <system-out><![CDATA[2018-03-05 17:36:41 - [TEST_CASE][FAILED] - Test Cases/CuPaStefanie/31: Test Cases/CuPaStefanie/31 FAILED because (of) Unable to click on object 'Object Repository/CuPaDl/Icons/Icon_america' (Root cause: org.openqa.selenium.ElementNotVisibleException: element not visible
  (Session info: headless chrome=64.0.3282.186)
  (Driver info: chromedriver=2.35.528161 (5b82f2d2aae0ca24b877009200ced9065a772e73),platform=Windows NT 10.0.16299 x86_64) (WARNING: The server did not provide any stacktrace information)
Command duration or timeout: 0 milliseconds
Build info: version: '3.7.1', revision: '8a0099a', time: '2017-11-06T21:07:36.161Z'
System info: host: 'DESKTOP-47R6KV7', ip: '192.168.100.78', os.name: 'Windows 10', os.arch: 'amd64', os.version: '10.0', java.version: '1.8.0_102'
Driver info: com.kms.katalon.selenium.driver.CChromeDriver
Capabilities {acceptInsecureCerts: false, acceptSslCerts: false, applicationCacheEnabled: false, browserConnectionEnabled: false, browserName: chrome, chrome: {chromedriverVersion: 2.35.528161 (5b82f2d2aae0ca..., userDataDir: C:\Users\MEGAPO~1\AppData\L...}, cssSelectorsEnabled: true, databaseEnabled: false, handlesAlerts: true, hasTouchScreen: false, javascriptEnabled: true, locationContextEnabled: true, mobileEmulationEnabled: false, nativeEvents: true, networkConnectionEnabled: false, pageLoadStrategy: normal, platform: XP, platformName: XP, rotatable: false, setWindowRect: true, takesHeapSnapshot: true, takesScreenshot: true, unexpectedAlertBehaviour: , unhandledPromptBehavior: , version: 64.0.3282.186, webStorageEnabled: true}
Session ID: 2dca31296712816bd0a28ff200d55dda)

2018-03-05 17:36:41 - [TEST_STEP][PASSED] - Statement - timeStamp = new java.text.SimpleDateFormat(dd.MM.yyyy).format(java.util.Calendar.getInstance().getTime()): null

2018-03-05 17:36:41 - [TEST_STEP][PASSED] - Statement - timeStampScreenshot = new java.text.SimpleDateFormat(dd.MM.yyyy).format(java.util.Calendar.getInstance().getTime()): null

2018-03-05 17:36:41 - [TEST_STEP][PASSED] - Statement - iconmap = [:]: null

2018-03-05 17:36:41 - [TEST_STEP][PASSED] - Statement - txtmap = [:]: null

2018-03-05 17:36:41 - [TEST_STEP][PASSED] - Statement - signmap = [:]: null

2018-03-05 17:36:41 - [TEST_STEP][PASSED] - cupakeysDl.initStart.initialStart: cupakeysDl.initStart.initialStart is PASSED

2018-03-05 17:36:41 - [MESSAGE][WARNING] - A browser is already opened. Closing browser and opening a new one

2018-03-05 17:36:44 - [MESSAGE][PASSED] - Browser is opened with url: ''

2018-03-05 17:36:47 - [MESSAGE][PASSED] - Delayed 3 second(s)

2018-03-05 17:36:48 - [MESSAGE][PASSED] - Navigate to 'https://d16a4dsnr8a0k1.cloudfront.net/en/2455233.html?price=150.00%20%E2%82%AC&partName=wilsonPartName&vin=wilsonVin&modelCode=XP11&paint=P0A94&modelDescription=wilsonModelDescription&additionalEquipment=wilsonAdditionalEquipment' successfully

2018-03-05 17:36:48 - [MESSAGE][PASSED] - Object 'Object Repository/CuPaDl/Loading_indicator' is visible

2018-03-05 17:36:58 - [MESSAGE][PASSED] - Object 'Object Repository/CuPaDl/Loading_indicator' is NOT visible

2018-03-05 17:36:59 - [MESSAGE][PASSED] - Delayed 1 second(s)

2018-03-05 17:36:59 - [MESSAGE][PASSED] - cupakeysDl.initStart.initialStart is PASSED

2018-03-05 17:36:59 - [TEST_STEP][PASSED] - Statement - (step++): null

2018-03-05 17:36:59 - [TEST_STEP][PASSED] - cupakeysDl.color.changecolor: cupakeysDl.color.changecolor is PASSED

2018-03-05 17:36:59 - [MESSAGE][PASSED] - Object 'Object Repository/CuPaDl/Color/Color' is visible

2018-03-05 17:36:59 - [MESSAGE][PASSED] - Object: 'Object Repository/CuPaDl/Color/Color' is clicked on

2018-03-05 17:36:59 - [MESSAGE][WARNING] - Timeout '0' is invalid. Using default page load timeout: '30'

2018-03-05 17:36:59 - [MESSAGE][PASSED] - Object 'Object Repository/CuPaDl/Color/Color_lapisblue' is visible

2018-03-05 17:37:00 - [MESSAGE][PASSED] - Delayed 1 second(s)

2018-03-05 17:37:00 - [MESSAGE][PASSED] - Object: 'Object Repository/CuPaDl/Color/Color_lapisblue' is clicked on

2018-03-05 17:37:03 - [MESSAGE][WARNING] - Object 'Object Repository/CuPaDl/Loading_indicator' is not visible after 3 second(s)

2018-03-05 17:37:04 - [MESSAGE][PASSED] - Delayed 1 second(s)

2018-03-05 17:37:04 - [MESSAGE][PASSED] - cupakeysDl.color.changecolor is PASSED

2018-03-05 17:37:04 - [TEST_STEP][PASSED] - Statement - (step++): null

2018-03-05 17:37:04 - [TEST_STEP][FAILED] - Statement - iconmap += CustomKeywords.cupakeysDl.iconad.iconadd("america", LoadTimeCorrector, step, run, device, timeStamp, iconcount): Unable to click on object 'Object Repository/CuPaDl/Icons/Icon_america' (Root cause: org.openqa.selenium.ElementNotVisibleException: element not visible
  (Session info: headless chrome=64.0.3282.186)
  (Driver info: chromedriver=2.35.528161 (5b82f2d2aae0ca24b877009200ced9065a772e73),platform=Windows NT 10.0.16299 x86_64) (WARNING: The server did not provide any stacktrace information)
Command duration or timeout: 0 milliseconds
Build info: version: '3.7.1', revision: '8a0099a', time: '2017-11-06T21:07:36.161Z'
System info: host: 'DESKTOP-47R6KV7', ip: '192.168.100.78', os.name: 'Windows 10', os.arch: 'amd64', os.version: '10.0', java.version: '1.8.0_102'
Driver info: com.kms.katalon.selenium.driver.CChromeDriver
Capabilities {acceptInsecureCerts: false, acceptSslCerts: false, applicationCacheEnabled: false, browserConnectionEnabled: false, browserName: chrome, chrome: {chromedriverVersion: 2.35.528161 (5b82f2d2aae0ca..., userDataDir: C:\Users\MEGAPO~1\AppData\L...}, cssSelectorsEnabled: true, databaseEnabled: false, handlesAlerts: true, hasTouchScreen: false, javascriptEnabled: true, locationContextEnabled: true, mobileEmulationEnabled: false, nativeEvents: true, networkConnectionEnabled: false, pageLoadStrategy: normal, platform: XP, platformName: XP, rotatable: false, setWindowRect: true, takesHeapSnapshot: true, takesScreenshot: true, unexpectedAlertBehaviour: , unhandledPromptBehavior: , version: 64.0.3282.186, webStorageEnabled: true}
Session ID: 2dca31296712816bd0a28ff200d55dda)

2018-03-05 17:37:04 - [MESSAGE][PASSED] - Object 'Object Repository/CuPaDl/Icons/Icon' is visible

2018-03-05 17:37:05 - [MESSAGE][PASSED] - Object: 'Object Repository/CuPaDl/Icons/Icon' is clicked on

2018-03-05 17:37:05 - [MESSAGE][WARNING] - Timeout '0' is invalid. Using default page load timeout: '30'

2018-03-05 17:37:35 - [MESSAGE][WARNING] - Object 'Object Repository/CuPaDl/Icons/Icon_america' is not visible after 30 second(s)

2018-03-05 17:37:36 - [MESSAGE][PASSED] - Delayed 1 second(s)

2018-03-05 17:37:36 - [MESSAGE][FAILED] - Unable to click on object 'Object Repository/CuPaDl/Icons/Icon_america' (Root cause: org.openqa.selenium.ElementNotVisibleException: element not visible
  (Session info: headless chrome=64.0.3282.186)
  (Driver info: chromedriver=2.35.528161 (5b82f2d2aae0ca24b877009200ced9065a772e73),platform=Windows NT 10.0.16299 x86_64) (WARNING: The server did not provide any stacktrace information)
Command duration or timeout: 0 milliseconds
Build info: version: '3.7.1', revision: '8a0099a', time: '2017-11-06T21:07:36.161Z'
System info: host: 'DESKTOP-47R6KV7', ip: '192.168.100.78', os.name: 'Windows 10', os.arch: 'amd64', os.version: '10.0', java.version: '1.8.0_102'
Driver info: com.kms.katalon.selenium.driver.CChromeDriver
Capabilities {acceptInsecureCerts: false, acceptSslCerts: false, applicationCacheEnabled: false, browserConnectionEnabled: false, browserName: chrome, chrome: {chromedriverVersion: 2.35.528161 (5b82f2d2aae0ca..., userDataDir: C:\Users\MEGAPO~1\AppData\L...}, cssSelectorsEnabled: true, databaseEnabled: false, handlesAlerts: true, hasTouchScreen: false, javascriptEnabled: true, locationContextEnabled: true, mobileEmulationEnabled: false, nativeEvents: true, networkConnectionEnabled: false, pageLoadStrategy: normal, platform: XP, platformName: XP, rotatable: false, setWindowRect: true, takesHeapSnapshot: true, takesScreenshot: true, unexpectedAlertBehaviour: , unhandledPromptBehavior: , version: 64.0.3282.186, webStorageEnabled: true}
Session ID: 2dca31296712816bd0a28ff200d55dda)

2018-03-05 17:37:36 - [MESSAGE][FAILED] - Unable to click on object 'Object Repository/CuPaDl/Icons/Icon_america' (Root cause: org.openqa.selenium.ElementNotVisibleException: element not visible
  (Session info: headless chrome=64.0.3282.186)
  (Driver info: chromedriver=2.35.528161 (5b82f2d2aae0ca24b877009200ced9065a772e73),platform=Windows NT 10.0.16299 x86_64) (WARNING: The server did not provide any stacktrace information)
Command duration or timeout: 0 milliseconds
Build info: version: '3.7.1', revision: '8a0099a', time: '2017-11-06T21:07:36.161Z'
System info: host: 'DESKTOP-47R6KV7', ip: '192.168.100.78', os.name: 'Windows 10', os.arch: 'amd64', os.version: '10.0', java.version: '1.8.0_102'
Driver info: com.kms.katalon.selenium.driver.CChromeDriver
Capabilities {acceptInsecureCerts: false, acceptSslCerts: false, applicationCacheEnabled: false, browserConnectionEnabled: false, browserName: chrome, chrome: {chromedriverVersion: 2.35.528161 (5b82f2d2aae0ca..., userDataDir: C:\Users\MEGAPO~1\AppData\L...}, cssSelectorsEnabled: true, databaseEnabled: false, handlesAlerts: true, hasTouchScreen: false, javascriptEnabled: true, locationContextEnabled: true, mobileEmulationEnabled: false, nativeEvents: true, networkConnectionEnabled: false, pageLoadStrategy: normal, platform: XP, platformName: XP, rotatable: false, setWindowRect: true, takesHeapSnapshot: true, takesScreenshot: true, unexpectedAlertBehaviour: , unhandledPromptBehavior: , version: 64.0.3282.186, webStorageEnabled: true}
Session ID: 2dca31296712816bd0a28ff200d55dda)]]></system-out>
         <system-err><![CDATA[2018-03-05 17:36:41 - [TEST_CASE][FAILED] - Test Cases/CuPaStefanie/31: Test Cases/CuPaStefanie/31 FAILED because (of) Unable to click on object 'Object Repository/CuPaDl/Icons/Icon_america' (Root cause: org.openqa.selenium.ElementNotVisibleException: element not visible
  (Session info: headless chrome=64.0.3282.186)
  (Driver info: chromedriver=2.35.528161 (5b82f2d2aae0ca24b877009200ced9065a772e73),platform=Windows NT 10.0.16299 x86_64) (WARNING: The server did not provide any stacktrace information)
Command duration or timeout: 0 milliseconds
Build info: version: '3.7.1', revision: '8a0099a', time: '2017-11-06T21:07:36.161Z'
System info: host: 'DESKTOP-47R6KV7', ip: '192.168.100.78', os.name: 'Windows 10', os.arch: 'amd64', os.version: '10.0', java.version: '1.8.0_102'
Driver info: com.kms.katalon.selenium.driver.CChromeDriver
Capabilities {acceptInsecureCerts: false, acceptSslCerts: false, applicationCacheEnabled: false, browserConnectionEnabled: false, browserName: chrome, chrome: {chromedriverVersion: 2.35.528161 (5b82f2d2aae0ca..., userDataDir: C:\Users\MEGAPO~1\AppData\L...}, cssSelectorsEnabled: true, databaseEnabled: false, handlesAlerts: true, hasTouchScreen: false, javascriptEnabled: true, locationContextEnabled: true, mobileEmulationEnabled: false, nativeEvents: true, networkConnectionEnabled: false, pageLoadStrategy: normal, platform: XP, platformName: XP, rotatable: false, setWindowRect: true, takesHeapSnapshot: true, takesScreenshot: true, unexpectedAlertBehaviour: , unhandledPromptBehavior: , version: 64.0.3282.186, webStorageEnabled: true}
Session ID: 2dca31296712816bd0a28ff200d55dda)]]></system-err>
      </testcase>
      <testcase name="Test Cases/CuPaStefanie/32" classname="Test Cases/CuPaStefanie/32" status="FAILED">
         <failure type="FAILED" message="Unable to click on object 'Object Repository/CuPaDl/Icons/Icon_america' (Root cause: org.openqa.selenium.ElementNotVisibleException: element not visible
  (Session info: headless chrome=64.0.3282.186)
  (Driver info: chromedriver=2.35.528161 (5b82f2d2aae0ca24b877009200ced9065a772e73),platform=Windows NT 10.0.16299 x86_64) (WARNING: The server did not provide any stacktrace information)
Command duration or timeout: 0 milliseconds
Build info: version: '3.7.1', revision: '8a0099a', time: '2017-11-06T21:07:36.161Z'
System info: host: 'DESKTOP-47R6KV7', ip: '192.168.100.78', os.name: 'Windows 10', os.arch: 'amd64', os.version: '10.0', java.version: '1.8.0_102'
Driver info: com.kms.katalon.selenium.driver.CChromeDriver
Capabilities {acceptInsecureCerts: false, acceptSslCerts: false, applicationCacheEnabled: false, browserConnectionEnabled: false, browserName: chrome, chrome: {chromedriverVersion: 2.35.528161 (5b82f2d2aae0ca..., userDataDir: C:\Users\MEGAPO~1\AppData\L...}, cssSelectorsEnabled: true, databaseEnabled: false, handlesAlerts: true, hasTouchScreen: false, javascriptEnabled: true, locationContextEnabled: true, mobileEmulationEnabled: false, nativeEvents: true, networkConnectionEnabled: false, pageLoadStrategy: normal, platform: XP, platformName: XP, rotatable: false, setWindowRect: true, takesHeapSnapshot: true, takesScreenshot: true, unexpectedAlertBehaviour: , unhandledPromptBehavior: , version: 64.0.3282.186, webStorageEnabled: true}
Session ID: 5314b55e8d86919813b212085ea071c0)"/>
         <system-out><![CDATA[2018-03-05 17:37:36 - [TEST_CASE][FAILED] - Test Cases/CuPaStefanie/32: Test Cases/CuPaStefanie/32 FAILED because (of) Unable to click on object 'Object Repository/CuPaDl/Icons/Icon_america' (Root cause: org.openqa.selenium.ElementNotVisibleException: element not visible
  (Session info: headless chrome=64.0.3282.186)
  (Driver info: chromedriver=2.35.528161 (5b82f2d2aae0ca24b877009200ced9065a772e73),platform=Windows NT 10.0.16299 x86_64) (WARNING: The server did not provide any stacktrace information)
Command duration or timeout: 0 milliseconds
Build info: version: '3.7.1', revision: '8a0099a', time: '2017-11-06T21:07:36.161Z'
System info: host: 'DESKTOP-47R6KV7', ip: '192.168.100.78', os.name: 'Windows 10', os.arch: 'amd64', os.version: '10.0', java.version: '1.8.0_102'
Driver info: com.kms.katalon.selenium.driver.CChromeDriver
Capabilities {acceptInsecureCerts: false, acceptSslCerts: false, applicationCacheEnabled: false, browserConnectionEnabled: false, browserName: chrome, chrome: {chromedriverVersion: 2.35.528161 (5b82f2d2aae0ca..., userDataDir: C:\Users\MEGAPO~1\AppData\L...}, cssSelectorsEnabled: true, databaseEnabled: false, handlesAlerts: true, hasTouchScreen: false, javascriptEnabled: true, locationContextEnabled: true, mobileEmulationEnabled: false, nativeEvents: true, networkConnectionEnabled: false, pageLoadStrategy: normal, platform: XP, platformName: XP, rotatable: false, setWindowRect: true, takesHeapSnapshot: true, takesScreenshot: true, unexpectedAlertBehaviour: , unhandledPromptBehavior: , version: 64.0.3282.186, webStorageEnabled: true}
Session ID: 5314b55e8d86919813b212085ea071c0)

2018-03-05 17:37:36 - [TEST_STEP][PASSED] - Statement - timeStamp = new java.text.SimpleDateFormat(dd.MM.yyyy).format(java.util.Calendar.getInstance().getTime()): null

2018-03-05 17:37:36 - [TEST_STEP][PASSED] - Statement - timeStampScreenshot = new java.text.SimpleDateFormat(dd.MM.yyyy).format(java.util.Calendar.getInstance().getTime()): null

2018-03-05 17:37:36 - [TEST_STEP][PASSED] - Statement - iconmap = [:]: null

2018-03-05 17:37:36 - [TEST_STEP][PASSED] - Statement - txtmap = [:]: null

2018-03-05 17:37:36 - [TEST_STEP][PASSED] - Statement - signmap = [:]: null

2018-03-05 17:37:36 - [TEST_STEP][PASSED] - cupakeysDl.initStart.initialStart: cupakeysDl.initStart.initialStart is PASSED

2018-03-05 17:37:36 - [MESSAGE][WARNING] - A browser is already opened. Closing browser and opening a new one

2018-03-05 17:37:46 - [MESSAGE][PASSED] - Browser is opened with url: ''

2018-03-05 17:37:49 - [MESSAGE][PASSED] - Delayed 3 second(s)

2018-03-05 17:37:51 - [MESSAGE][PASSED] - Navigate to 'https://d16a4dsnr8a0k1.cloudfront.net/en/2455233.html?price=150.00%20%E2%82%AC&partName=wilsonPartName&vin=wilsonVin&modelCode=XP11&paint=P0A94&modelDescription=wilsonModelDescription&additionalEquipment=wilsonAdditionalEquipment' successfully

2018-03-05 17:37:51 - [MESSAGE][PASSED] - Object 'Object Repository/CuPaDl/Loading_indicator' is visible

2018-03-05 17:38:01 - [MESSAGE][PASSED] - Object 'Object Repository/CuPaDl/Loading_indicator' is NOT visible

2018-03-05 17:38:02 - [MESSAGE][PASSED] - Delayed 1 second(s)

2018-03-05 17:38:02 - [MESSAGE][PASSED] - cupakeysDl.initStart.initialStart is PASSED

2018-03-05 17:38:02 - [TEST_STEP][PASSED] - Statement - (step++): null

2018-03-05 17:38:02 - [TEST_STEP][PASSED] - cupakeysDl.color.changecolor: cupakeysDl.color.changecolor is PASSED

2018-03-05 17:38:03 - [MESSAGE][PASSED] - Object 'Object Repository/CuPaDl/Color/Color' is visible

2018-03-05 17:38:03 - [MESSAGE][PASSED] - Object: 'Object Repository/CuPaDl/Color/Color' is clicked on

2018-03-05 17:38:03 - [MESSAGE][WARNING] - Timeout '0' is invalid. Using default page load timeout: '30'

2018-03-05 17:38:03 - [MESSAGE][PASSED] - Object 'Object Repository/CuPaDl/Color/Color_lapisblue' is visible

2018-03-05 17:38:04 - [MESSAGE][PASSED] - Delayed 1 second(s)

2018-03-05 17:38:04 - [MESSAGE][PASSED] - Object: 'Object Repository/CuPaDl/Color/Color_lapisblue' is clicked on

2018-03-05 17:38:05 - [MESSAGE][PASSED] - Object 'Object Repository/CuPaDl/Loading_indicator' is visible

2018-03-05 17:38:06 - [MESSAGE][PASSED] - Object 'Object Repository/CuPaDl/Loading_indicator' is NOT visible

2018-03-05 17:38:07 - [MESSAGE][PASSED] - Delayed 1 second(s)

2018-03-05 17:38:07 - [MESSAGE][PASSED] - cupakeysDl.color.changecolor is PASSED

2018-03-05 17:38:07 - [TEST_STEP][PASSED] - Statement - (step++): null

2018-03-05 17:38:07 - [TEST_STEP][FAILED] - Statement - iconmap += CustomKeywords.cupakeysDl.iconad.iconadd("america", LoadTimeCorrector, step, run, device, timeStamp, iconcount): Unable to click on object 'Object Repository/CuPaDl/Icons/Icon_america' (Root cause: org.openqa.selenium.ElementNotVisibleException: element not visible
  (Session info: headless chrome=64.0.3282.186)
  (Driver info: chromedriver=2.35.528161 (5b82f2d2aae0ca24b877009200ced9065a772e73),platform=Windows NT 10.0.16299 x86_64) (WARNING: The server did not provide any stacktrace information)
Command duration or timeout: 0 milliseconds
Build info: version: '3.7.1', revision: '8a0099a', time: '2017-11-06T21:07:36.161Z'
System info: host: 'DESKTOP-47R6KV7', ip: '192.168.100.78', os.name: 'Windows 10', os.arch: 'amd64', os.version: '10.0', java.version: '1.8.0_102'
Driver info: com.kms.katalon.selenium.driver.CChromeDriver
Capabilities {acceptInsecureCerts: false, acceptSslCerts: false, applicationCacheEnabled: false, browserConnectionEnabled: false, browserName: chrome, chrome: {chromedriverVersion: 2.35.528161 (5b82f2d2aae0ca..., userDataDir: C:\Users\MEGAPO~1\AppData\L...}, cssSelectorsEnabled: true, databaseEnabled: false, handlesAlerts: true, hasTouchScreen: false, javascriptEnabled: true, locationContextEnabled: true, mobileEmulationEnabled: false, nativeEvents: true, networkConnectionEnabled: false, pageLoadStrategy: normal, platform: XP, platformName: XP, rotatable: false, setWindowRect: true, takesHeapSnapshot: true, takesScreenshot: true, unexpectedAlertBehaviour: , unhandledPromptBehavior: , version: 64.0.3282.186, webStorageEnabled: true}
Session ID: 5314b55e8d86919813b212085ea071c0)

2018-03-05 17:38:08 - [MESSAGE][PASSED] - Object 'Object Repository/CuPaDl/Icons/Icon' is visible

2018-03-05 17:38:08 - [MESSAGE][PASSED] - Object: 'Object Repository/CuPaDl/Icons/Icon' is clicked on

2018-03-05 17:38:08 - [MESSAGE][WARNING] - Timeout '0' is invalid. Using default page load timeout: '30'

2018-03-05 17:38:38 - [MESSAGE][WARNING] - Object 'Object Repository/CuPaDl/Icons/Icon_america' is not visible after 30 second(s)

2018-03-05 17:38:39 - [MESSAGE][PASSED] - Delayed 1 second(s)

2018-03-05 17:38:39 - [MESSAGE][FAILED] - Unable to click on object 'Object Repository/CuPaDl/Icons/Icon_america' (Root cause: org.openqa.selenium.ElementNotVisibleException: element not visible
  (Session info: headless chrome=64.0.3282.186)
  (Driver info: chromedriver=2.35.528161 (5b82f2d2aae0ca24b877009200ced9065a772e73),platform=Windows NT 10.0.16299 x86_64) (WARNING: The server did not provide any stacktrace information)
Command duration or timeout: 0 milliseconds
Build info: version: '3.7.1', revision: '8a0099a', time: '2017-11-06T21:07:36.161Z'
System info: host: 'DESKTOP-47R6KV7', ip: '192.168.100.78', os.name: 'Windows 10', os.arch: 'amd64', os.version: '10.0', java.version: '1.8.0_102'
Driver info: com.kms.katalon.selenium.driver.CChromeDriver
Capabilities {acceptInsecureCerts: false, acceptSslCerts: false, applicationCacheEnabled: false, browserConnectionEnabled: false, browserName: chrome, chrome: {chromedriverVersion: 2.35.528161 (5b82f2d2aae0ca..., userDataDir: C:\Users\MEGAPO~1\AppData\L...}, cssSelectorsEnabled: true, databaseEnabled: false, handlesAlerts: true, hasTouchScreen: false, javascriptEnabled: true, locationContextEnabled: true, mobileEmulationEnabled: false, nativeEvents: true, networkConnectionEnabled: false, pageLoadStrategy: normal, platform: XP, platformName: XP, rotatable: false, setWindowRect: true, takesHeapSnapshot: true, takesScreenshot: true, unexpectedAlertBehaviour: , unhandledPromptBehavior: , version: 64.0.3282.186, webStorageEnabled: true}
Session ID: 5314b55e8d86919813b212085ea071c0)

2018-03-05 17:38:39 - [MESSAGE][FAILED] - Unable to click on object 'Object Repository/CuPaDl/Icons/Icon_america' (Root cause: org.openqa.selenium.ElementNotVisibleException: element not visible
  (Session info: headless chrome=64.0.3282.186)
  (Driver info: chromedriver=2.35.528161 (5b82f2d2aae0ca24b877009200ced9065a772e73),platform=Windows NT 10.0.16299 x86_64) (WARNING: The server did not provide any stacktrace information)
Command duration or timeout: 0 milliseconds
Build info: version: '3.7.1', revision: '8a0099a', time: '2017-11-06T21:07:36.161Z'
System info: host: 'DESKTOP-47R6KV7', ip: '192.168.100.78', os.name: 'Windows 10', os.arch: 'amd64', os.version: '10.0', java.version: '1.8.0_102'
Driver info: com.kms.katalon.selenium.driver.CChromeDriver
Capabilities {acceptInsecureCerts: false, acceptSslCerts: false, applicationCacheEnabled: false, browserConnectionEnabled: false, browserName: chrome, chrome: {chromedriverVersion: 2.35.528161 (5b82f2d2aae0ca..., userDataDir: C:\Users\MEGAPO~1\AppData\L...}, cssSelectorsEnabled: true, databaseEnabled: false, handlesAlerts: true, hasTouchScreen: false, javascriptEnabled: true, locationContextEnabled: true, mobileEmulationEnabled: false, nativeEvents: true, networkConnectionEnabled: false, pageLoadStrategy: normal, platform: XP, platformName: XP, rotatable: false, setWindowRect: true, takesHeapSnapshot: true, takesScreenshot: true, unexpectedAlertBehaviour: , unhandledPromptBehavior: , version: 64.0.3282.186, webStorageEnabled: true}
Session ID: 5314b55e8d86919813b212085ea071c0)]]></system-out>
         <system-err><![CDATA[2018-03-05 17:37:36 - [TEST_CASE][FAILED] - Test Cases/CuPaStefanie/32: Test Cases/CuPaStefanie/32 FAILED because (of) Unable to click on object 'Object Repository/CuPaDl/Icons/Icon_america' (Root cause: org.openqa.selenium.ElementNotVisibleException: element not visible
  (Session info: headless chrome=64.0.3282.186)
  (Driver info: chromedriver=2.35.528161 (5b82f2d2aae0ca24b877009200ced9065a772e73),platform=Windows NT 10.0.16299 x86_64) (WARNING: The server did not provide any stacktrace information)
Command duration or timeout: 0 milliseconds
Build info: version: '3.7.1', revision: '8a0099a', time: '2017-11-06T21:07:36.161Z'
System info: host: 'DESKTOP-47R6KV7', ip: '192.168.100.78', os.name: 'Windows 10', os.arch: 'amd64', os.version: '10.0', java.version: '1.8.0_102'
Driver info: com.kms.katalon.selenium.driver.CChromeDriver
Capabilities {acceptInsecureCerts: false, acceptSslCerts: false, applicationCacheEnabled: false, browserConnectionEnabled: false, browserName: chrome, chrome: {chromedriverVersion: 2.35.528161 (5b82f2d2aae0ca..., userDataDir: C:\Users\MEGAPO~1\AppData\L...}, cssSelectorsEnabled: true, databaseEnabled: false, handlesAlerts: true, hasTouchScreen: false, javascriptEnabled: true, locationContextEnabled: true, mobileEmulationEnabled: false, nativeEvents: true, networkConnectionEnabled: false, pageLoadStrategy: normal, platform: XP, platformName: XP, rotatable: false, setWindowRect: true, takesHeapSnapshot: true, takesScreenshot: true, unexpectedAlertBehaviour: , unhandledPromptBehavior: , version: 64.0.3282.186, webStorageEnabled: true}
Session ID: 5314b55e8d86919813b212085ea071c0)]]></system-err>
      </testcase>
      <testcase name="Test Cases/CuPaStefanie/33" classname="Test Cases/CuPaStefanie/33" status="FAILED">
         <failure type="FAILED" message="Unable to click on object 'Object Repository/CuPaDl/Icons/Icon_australia' (Root cause: org.openqa.selenium.ElementNotVisibleException: element not visible
  (Session info: headless chrome=64.0.3282.186)
  (Driver info: chromedriver=2.35.528161 (5b82f2d2aae0ca24b877009200ced9065a772e73),platform=Windows NT 10.0.16299 x86_64) (WARNING: The server did not provide any stacktrace information)
Command duration or timeout: 0 milliseconds
Build info: version: '3.7.1', revision: '8a0099a', time: '2017-11-06T21:07:36.161Z'
System info: host: 'DESKTOP-47R6KV7', ip: '192.168.100.78', os.name: 'Windows 10', os.arch: 'amd64', os.version: '10.0', java.version: '1.8.0_102'
Driver info: com.kms.katalon.selenium.driver.CChromeDriver
Capabilities {acceptInsecureCerts: false, acceptSslCerts: false, applicationCacheEnabled: false, browserConnectionEnabled: false, browserName: chrome, chrome: {chromedriverVersion: 2.35.528161 (5b82f2d2aae0ca..., userDataDir: C:\Users\MEGAPO~1\AppData\L...}, cssSelectorsEnabled: true, databaseEnabled: false, handlesAlerts: true, hasTouchScreen: false, javascriptEnabled: true, locationContextEnabled: true, mobileEmulationEnabled: false, nativeEvents: true, networkConnectionEnabled: false, pageLoadStrategy: normal, platform: XP, platformName: XP, rotatable: false, setWindowRect: true, takesHeapSnapshot: true, takesScreenshot: true, unexpectedAlertBehaviour: , unhandledPromptBehavior: , version: 64.0.3282.186, webStorageEnabled: true}
Session ID: 724369377562219fd51fe8b1d88d57a4)"/>
         <system-out><![CDATA[2018-03-05 17:38:39 - [TEST_CASE][FAILED] - Test Cases/CuPaStefanie/33: Test Cases/CuPaStefanie/33 FAILED because (of) Unable to click on object 'Object Repository/CuPaDl/Icons/Icon_australia' (Root cause: org.openqa.selenium.ElementNotVisibleException: element not visible
  (Session info: headless chrome=64.0.3282.186)
  (Driver info: chromedriver=2.35.528161 (5b82f2d2aae0ca24b877009200ced9065a772e73),platform=Windows NT 10.0.16299 x86_64) (WARNING: The server did not provide any stacktrace information)
Command duration or timeout: 0 milliseconds
Build info: version: '3.7.1', revision: '8a0099a', time: '2017-11-06T21:07:36.161Z'
System info: host: 'DESKTOP-47R6KV7', ip: '192.168.100.78', os.name: 'Windows 10', os.arch: 'amd64', os.version: '10.0', java.version: '1.8.0_102'
Driver info: com.kms.katalon.selenium.driver.CChromeDriver
Capabilities {acceptInsecureCerts: false, acceptSslCerts: false, applicationCacheEnabled: false, browserConnectionEnabled: false, browserName: chrome, chrome: {chromedriverVersion: 2.35.528161 (5b82f2d2aae0ca..., userDataDir: C:\Users\MEGAPO~1\AppData\L...}, cssSelectorsEnabled: true, databaseEnabled: false, handlesAlerts: true, hasTouchScreen: false, javascriptEnabled: true, locationContextEnabled: true, mobileEmulationEnabled: false, nativeEvents: true, networkConnectionEnabled: false, pageLoadStrategy: normal, platform: XP, platformName: XP, rotatable: false, setWindowRect: true, takesHeapSnapshot: true, takesScreenshot: true, unexpectedAlertBehaviour: , unhandledPromptBehavior: , version: 64.0.3282.186, webStorageEnabled: true}
Session ID: 724369377562219fd51fe8b1d88d57a4)

2018-03-05 17:38:39 - [TEST_STEP][PASSED] - Statement - timeStamp = new java.text.SimpleDateFormat(dd.MM.yyyy).format(java.util.Calendar.getInstance().getTime()): null

2018-03-05 17:38:39 - [TEST_STEP][PASSED] - Statement - timeStampScreenshot = new java.text.SimpleDateFormat(dd.MM.yyyy).format(java.util.Calendar.getInstance().getTime()): null

2018-03-05 17:38:39 - [TEST_STEP][PASSED] - Statement - iconmap = [:]: null

2018-03-05 17:38:39 - [TEST_STEP][PASSED] - Statement - txtmap = [:]: null

2018-03-05 17:38:39 - [TEST_STEP][PASSED] - Statement - signmap = [:]: null

2018-03-05 17:38:39 - [TEST_STEP][PASSED] - cupakeysDl.initStart.initialStart: cupakeysDl.initStart.initialStart is PASSED

2018-03-05 17:38:39 - [MESSAGE][WARNING] - A browser is already opened. Closing browser and opening a new one

2018-03-05 17:38:42 - [MESSAGE][PASSED] - Browser is opened with url: ''

2018-03-05 17:38:45 - [MESSAGE][PASSED] - Delayed 3 second(s)

2018-03-05 17:38:46 - [MESSAGE][PASSED] - Navigate to 'https://d16a4dsnr8a0k1.cloudfront.net/en/2455233.html?price=150.00%20%E2%82%AC&partName=wilsonPartName&vin=wilsonVin&modelCode=XP11&paint=P0A94&modelDescription=wilsonModelDescription&additionalEquipment=wilsonAdditionalEquipment' successfully

2018-03-05 17:38:46 - [MESSAGE][PASSED] - Object 'Object Repository/CuPaDl/Loading_indicator' is visible

2018-03-05 17:38:57 - [MESSAGE][PASSED] - Object 'Object Repository/CuPaDl/Loading_indicator' is NOT visible

2018-03-05 17:38:58 - [MESSAGE][PASSED] - Delayed 1 second(s)

2018-03-05 17:38:58 - [MESSAGE][PASSED] - cupakeysDl.initStart.initialStart is PASSED

2018-03-05 17:38:58 - [TEST_STEP][PASSED] - Statement - (step++): null

2018-03-05 17:38:58 - [TEST_STEP][PASSED] - cupakeysDl.color.changecolor: cupakeysDl.color.changecolor is PASSED

2018-03-05 17:38:58 - [MESSAGE][PASSED] - Object 'Object Repository/CuPaDl/Color/Color' is visible

2018-03-05 17:38:58 - [MESSAGE][PASSED] - Object: 'Object Repository/CuPaDl/Color/Color' is clicked on

2018-03-05 17:38:58 - [MESSAGE][WARNING] - Timeout '0' is invalid. Using default page load timeout: '30'

2018-03-05 17:38:58 - [MESSAGE][PASSED] - Object 'Object Repository/CuPaDl/Color/Color_passionred' is visible

2018-03-05 17:38:59 - [MESSAGE][PASSED] - Delayed 1 second(s)

2018-03-05 17:38:59 - [MESSAGE][PASSED] - Object: 'Object Repository/CuPaDl/Color/Color_passionred' is clicked on

2018-03-05 17:39:01 - [MESSAGE][PASSED] - Object 'Object Repository/CuPaDl/Loading_indicator' is visible

2018-03-05 17:39:02 - [MESSAGE][PASSED] - Object 'Object Repository/CuPaDl/Loading_indicator' is NOT visible

2018-03-05 17:39:03 - [MESSAGE][PASSED] - Delayed 1 second(s)

2018-03-05 17:39:03 - [MESSAGE][PASSED] - cupakeysDl.color.changecolor is PASSED

2018-03-05 17:39:03 - [TEST_STEP][PASSED] - Statement - (step++): null

2018-03-05 17:39:03 - [TEST_STEP][FAILED] - Statement - iconmap += CustomKeywords.cupakeysDl.iconad.iconadd("australia", LoadTimeCorrector, step, run, device, timeStamp, iconcount): Unable to click on object 'Object Repository/CuPaDl/Icons/Icon_australia' (Root cause: org.openqa.selenium.ElementNotVisibleException: element not visible
  (Session info: headless chrome=64.0.3282.186)
  (Driver info: chromedriver=2.35.528161 (5b82f2d2aae0ca24b877009200ced9065a772e73),platform=Windows NT 10.0.16299 x86_64) (WARNING: The server did not provide any stacktrace information)
Command duration or timeout: 0 milliseconds
Build info: version: '3.7.1', revision: '8a0099a', time: '2017-11-06T21:07:36.161Z'
System info: host: 'DESKTOP-47R6KV7', ip: '192.168.100.78', os.name: 'Windows 10', os.arch: 'amd64', os.version: '10.0', java.version: '1.8.0_102'
Driver info: com.kms.katalon.selenium.driver.CChromeDriver
Capabilities {acceptInsecureCerts: false, acceptSslCerts: false, applicationCacheEnabled: false, browserConnectionEnabled: false, browserName: chrome, chrome: {chromedriverVersion: 2.35.528161 (5b82f2d2aae0ca..., userDataDir: C:\Users\MEGAPO~1\AppData\L...}, cssSelectorsEnabled: true, databaseEnabled: false, handlesAlerts: true, hasTouchScreen: false, javascriptEnabled: true, locationContextEnabled: true, mobileEmulationEnabled: false, nativeEvents: true, networkConnectionEnabled: false, pageLoadStrategy: normal, platform: XP, platformName: XP, rotatable: false, setWindowRect: true, takesHeapSnapshot: true, takesScreenshot: true, unexpectedAlertBehaviour: , unhandledPromptBehavior: , version: 64.0.3282.186, webStorageEnabled: true}
Session ID: 724369377562219fd51fe8b1d88d57a4)

2018-03-05 17:39:03 - [MESSAGE][PASSED] - Object 'Object Repository/CuPaDl/Icons/Icon' is visible

2018-03-05 17:39:03 - [MESSAGE][PASSED] - Object: 'Object Repository/CuPaDl/Icons/Icon' is clicked on

2018-03-05 17:39:03 - [MESSAGE][WARNING] - Timeout '0' is invalid. Using default page load timeout: '30'

2018-03-05 17:39:34 - [MESSAGE][WARNING] - Object 'Object Repository/CuPaDl/Icons/Icon_australia' is not visible after 30 second(s)

2018-03-05 17:39:35 - [MESSAGE][PASSED] - Delayed 1 second(s)

2018-03-05 17:39:35 - [MESSAGE][FAILED] - Unable to click on object 'Object Repository/CuPaDl/Icons/Icon_australia' (Root cause: org.openqa.selenium.ElementNotVisibleException: element not visible
  (Session info: headless chrome=64.0.3282.186)
  (Driver info: chromedriver=2.35.528161 (5b82f2d2aae0ca24b877009200ced9065a772e73),platform=Windows NT 10.0.16299 x86_64) (WARNING: The server did not provide any stacktrace information)
Command duration or timeout: 0 milliseconds
Build info: version: '3.7.1', revision: '8a0099a', time: '2017-11-06T21:07:36.161Z'
System info: host: 'DESKTOP-47R6KV7', ip: '192.168.100.78', os.name: 'Windows 10', os.arch: 'amd64', os.version: '10.0', java.version: '1.8.0_102'
Driver info: com.kms.katalon.selenium.driver.CChromeDriver
Capabilities {acceptInsecureCerts: false, acceptSslCerts: false, applicationCacheEnabled: false, browserConnectionEnabled: false, browserName: chrome, chrome: {chromedriverVersion: 2.35.528161 (5b82f2d2aae0ca..., userDataDir: C:\Users\MEGAPO~1\AppData\L...}, cssSelectorsEnabled: true, databaseEnabled: false, handlesAlerts: true, hasTouchScreen: false, javascriptEnabled: true, locationContextEnabled: true, mobileEmulationEnabled: false, nativeEvents: true, networkConnectionEnabled: false, pageLoadStrategy: normal, platform: XP, platformName: XP, rotatable: false, setWindowRect: true, takesHeapSnapshot: true, takesScreenshot: true, unexpectedAlertBehaviour: , unhandledPromptBehavior: , version: 64.0.3282.186, webStorageEnabled: true}
Session ID: 724369377562219fd51fe8b1d88d57a4)

2018-03-05 17:39:35 - [MESSAGE][FAILED] - Unable to click on object 'Object Repository/CuPaDl/Icons/Icon_australia' (Root cause: org.openqa.selenium.ElementNotVisibleException: element not visible
  (Session info: headless chrome=64.0.3282.186)
  (Driver info: chromedriver=2.35.528161 (5b82f2d2aae0ca24b877009200ced9065a772e73),platform=Windows NT 10.0.16299 x86_64) (WARNING: The server did not provide any stacktrace information)
Command duration or timeout: 0 milliseconds
Build info: version: '3.7.1', revision: '8a0099a', time: '2017-11-06T21:07:36.161Z'
System info: host: 'DESKTOP-47R6KV7', ip: '192.168.100.78', os.name: 'Windows 10', os.arch: 'amd64', os.version: '10.0', java.version: '1.8.0_102'
Driver info: com.kms.katalon.selenium.driver.CChromeDriver
Capabilities {acceptInsecureCerts: false, acceptSslCerts: false, applicationCacheEnabled: false, browserConnectionEnabled: false, browserName: chrome, chrome: {chromedriverVersion: 2.35.528161 (5b82f2d2aae0ca..., userDataDir: C:\Users\MEGAPO~1\AppData\L...}, cssSelectorsEnabled: true, databaseEnabled: false, handlesAlerts: true, hasTouchScreen: false, javascriptEnabled: true, locationContextEnabled: true, mobileEmulationEnabled: false, nativeEvents: true, networkConnectionEnabled: false, pageLoadStrategy: normal, platform: XP, platformName: XP, rotatable: false, setWindowRect: true, takesHeapSnapshot: true, takesScreenshot: true, unexpectedAlertBehaviour: , unhandledPromptBehavior: , version: 64.0.3282.186, webStorageEnabled: true}
Session ID: 724369377562219fd51fe8b1d88d57a4)]]></system-out>
         <system-err><![CDATA[2018-03-05 17:38:39 - [TEST_CASE][FAILED] - Test Cases/CuPaStefanie/33: Test Cases/CuPaStefanie/33 FAILED because (of) Unable to click on object 'Object Repository/CuPaDl/Icons/Icon_australia' (Root cause: org.openqa.selenium.ElementNotVisibleException: element not visible
  (Session info: headless chrome=64.0.3282.186)
  (Driver info: chromedriver=2.35.528161 (5b82f2d2aae0ca24b877009200ced9065a772e73),platform=Windows NT 10.0.16299 x86_64) (WARNING: The server did not provide any stacktrace information)
Command duration or timeout: 0 milliseconds
Build info: version: '3.7.1', revision: '8a0099a', time: '2017-11-06T21:07:36.161Z'
System info: host: 'DESKTOP-47R6KV7', ip: '192.168.100.78', os.name: 'Windows 10', os.arch: 'amd64', os.version: '10.0', java.version: '1.8.0_102'
Driver info: com.kms.katalon.selenium.driver.CChromeDriver
Capabilities {acceptInsecureCerts: false, acceptSslCerts: false, applicationCacheEnabled: false, browserConnectionEnabled: false, browserName: chrome, chrome: {chromedriverVersion: 2.35.528161 (5b82f2d2aae0ca..., userDataDir: C:\Users\MEGAPO~1\AppData\L...}, cssSelectorsEnabled: true, databaseEnabled: false, handlesAlerts: true, hasTouchScreen: false, javascriptEnabled: true, locationContextEnabled: true, mobileEmulationEnabled: false, nativeEvents: true, networkConnectionEnabled: false, pageLoadStrategy: normal, platform: XP, platformName: XP, rotatable: false, setWindowRect: true, takesHeapSnapshot: true, takesScreenshot: true, unexpectedAlertBehaviour: , unhandledPromptBehavior: , version: 64.0.3282.186, webStorageEnabled: true}
Session ID: 724369377562219fd51fe8b1d88d57a4)]]></system-err>
      </testcase>
      <testcase name="Test Cases/CuPaStefanie/34" classname="Test Cases/CuPaStefanie/34" status="FAILED">
         <failure type="FAILED" message="Unable to click on object 'Object Repository/CuPaDl/Icons/Icon_australia' (Root cause: org.openqa.selenium.ElementNotVisibleException: element not visible
  (Session info: headless chrome=64.0.3282.186)
  (Driver info: chromedriver=2.35.528161 (5b82f2d2aae0ca24b877009200ced9065a772e73),platform=Windows NT 10.0.16299 x86_64) (WARNING: The server did not provide any stacktrace information)
Command duration or timeout: 0 milliseconds
Build info: version: '3.7.1', revision: '8a0099a', time: '2017-11-06T21:07:36.161Z'
System info: host: 'DESKTOP-47R6KV7', ip: '192.168.100.78', os.name: 'Windows 10', os.arch: 'amd64', os.version: '10.0', java.version: '1.8.0_102'
Driver info: com.kms.katalon.selenium.driver.CChromeDriver
Capabilities {acceptInsecureCerts: false, acceptSslCerts: false, applicationCacheEnabled: false, browserConnectionEnabled: false, browserName: chrome, chrome: {chromedriverVersion: 2.35.528161 (5b82f2d2aae0ca..., userDataDir: C:\Users\MEGAPO~1\AppData\L...}, cssSelectorsEnabled: true, databaseEnabled: false, handlesAlerts: true, hasTouchScreen: false, javascriptEnabled: true, locationContextEnabled: true, mobileEmulationEnabled: false, nativeEvents: true, networkConnectionEnabled: false, pageLoadStrategy: normal, platform: XP, platformName: XP, rotatable: false, setWindowRect: true, takesHeapSnapshot: true, takesScreenshot: true, unexpectedAlertBehaviour: , unhandledPromptBehavior: , version: 64.0.3282.186, webStorageEnabled: true}
Session ID: 412a420007d3b8d19100e9200796f6ab)"/>
         <system-out><![CDATA[2018-03-05 17:39:35 - [TEST_CASE][FAILED] - Test Cases/CuPaStefanie/34: Test Cases/CuPaStefanie/34 FAILED because (of) Unable to click on object 'Object Repository/CuPaDl/Icons/Icon_australia' (Root cause: org.openqa.selenium.ElementNotVisibleException: element not visible
  (Session info: headless chrome=64.0.3282.186)
  (Driver info: chromedriver=2.35.528161 (5b82f2d2aae0ca24b877009200ced9065a772e73),platform=Windows NT 10.0.16299 x86_64) (WARNING: The server did not provide any stacktrace information)
Command duration or timeout: 0 milliseconds
Build info: version: '3.7.1', revision: '8a0099a', time: '2017-11-06T21:07:36.161Z'
System info: host: 'DESKTOP-47R6KV7', ip: '192.168.100.78', os.name: 'Windows 10', os.arch: 'amd64', os.version: '10.0', java.version: '1.8.0_102'
Driver info: com.kms.katalon.selenium.driver.CChromeDriver
Capabilities {acceptInsecureCerts: false, acceptSslCerts: false, applicationCacheEnabled: false, browserConnectionEnabled: false, browserName: chrome, chrome: {chromedriverVersion: 2.35.528161 (5b82f2d2aae0ca..., userDataDir: C:\Users\MEGAPO~1\AppData\L...}, cssSelectorsEnabled: true, databaseEnabled: false, handlesAlerts: true, hasTouchScreen: false, javascriptEnabled: true, locationContextEnabled: true, mobileEmulationEnabled: false, nativeEvents: true, networkConnectionEnabled: false, pageLoadStrategy: normal, platform: XP, platformName: XP, rotatable: false, setWindowRect: true, takesHeapSnapshot: true, takesScreenshot: true, unexpectedAlertBehaviour: , unhandledPromptBehavior: , version: 64.0.3282.186, webStorageEnabled: true}
Session ID: 412a420007d3b8d19100e9200796f6ab)

2018-03-05 17:39:35 - [TEST_STEP][PASSED] - Statement - timeStamp = new java.text.SimpleDateFormat(dd.MM.yyyy).format(java.util.Calendar.getInstance().getTime()): null

2018-03-05 17:39:35 - [TEST_STEP][PASSED] - Statement - timeStampScreenshot = new java.text.SimpleDateFormat(dd.MM.yyyy).format(java.util.Calendar.getInstance().getTime()): null

2018-03-05 17:39:35 - [TEST_STEP][PASSED] - Statement - iconmap = [:]: null

2018-03-05 17:39:35 - [TEST_STEP][PASSED] - Statement - txtmap = [:]: null

2018-03-05 17:39:35 - [TEST_STEP][PASSED] - Statement - signmap = [:]: null

2018-03-05 17:39:35 - [TEST_STEP][PASSED] - cupakeysDl.initStart.initialStart: cupakeysDl.initStart.initialStart is PASSED

2018-03-05 17:39:35 - [MESSAGE][WARNING] - A browser is already opened. Closing browser and opening a new one

2018-03-05 17:39:37 - [MESSAGE][PASSED] - Browser is opened with url: ''

2018-03-05 17:39:40 - [MESSAGE][PASSED] - Delayed 3 second(s)

2018-03-05 17:39:42 - [MESSAGE][PASSED] - Navigate to 'https://d16a4dsnr8a0k1.cloudfront.net/en/2455233.html?price=150.00%20%E2%82%AC&partName=wilsonPartName&vin=wilsonVin&modelCode=XP11&paint=P0A94&modelDescription=wilsonModelDescription&additionalEquipment=wilsonAdditionalEquipment' successfully

2018-03-05 17:39:42 - [MESSAGE][PASSED] - Object 'Object Repository/CuPaDl/Loading_indicator' is visible

2018-03-05 17:39:53 - [MESSAGE][PASSED] - Object 'Object Repository/CuPaDl/Loading_indicator' is NOT visible

2018-03-05 17:39:54 - [MESSAGE][PASSED] - Delayed 1 second(s)

2018-03-05 17:39:54 - [MESSAGE][PASSED] - cupakeysDl.initStart.initialStart is PASSED

2018-03-05 17:39:54 - [TEST_STEP][PASSED] - Statement - (step++): null

2018-03-05 17:39:54 - [TEST_STEP][PASSED] - cupakeysDl.color.changecolor: cupakeysDl.color.changecolor is PASSED

2018-03-05 17:39:54 - [MESSAGE][PASSED] - Object 'Object Repository/CuPaDl/Color/Color' is visible

2018-03-05 17:39:54 - [MESSAGE][PASSED] - Object: 'Object Repository/CuPaDl/Color/Color' is clicked on

2018-03-05 17:39:54 - [MESSAGE][WARNING] - Timeout '0' is invalid. Using default page load timeout: '30'

2018-03-05 17:39:54 - [MESSAGE][PASSED] - Object 'Object Repository/CuPaDl/Color/Color_jetblack' is visible

2018-03-05 17:39:55 - [MESSAGE][PASSED] - Delayed 1 second(s)

2018-03-05 17:39:55 - [MESSAGE][PASSED] - Object: 'Object Repository/CuPaDl/Color/Color_jetblack' is clicked on

2018-03-05 17:39:56 - [MESSAGE][PASSED] - Object 'Object Repository/CuPaDl/Loading_indicator' is visible

2018-03-05 17:39:58 - [MESSAGE][PASSED] - Object 'Object Repository/CuPaDl/Loading_indicator' is NOT visible

2018-03-05 17:39:59 - [MESSAGE][PASSED] - Delayed 1 second(s)

2018-03-05 17:39:59 - [MESSAGE][PASSED] - cupakeysDl.color.changecolor is PASSED

2018-03-05 17:39:59 - [TEST_STEP][PASSED] - Statement - (step++): null

2018-03-05 17:39:59 - [TEST_STEP][FAILED] - Statement - iconmap += CustomKeywords.cupakeysDl.iconad.iconadd("australia", LoadTimeCorrector, step, run, device, timeStamp, iconcount): Unable to click on object 'Object Repository/CuPaDl/Icons/Icon_australia' (Root cause: org.openqa.selenium.ElementNotVisibleException: element not visible
  (Session info: headless chrome=64.0.3282.186)
  (Driver info: chromedriver=2.35.528161 (5b82f2d2aae0ca24b877009200ced9065a772e73),platform=Windows NT 10.0.16299 x86_64) (WARNING: The server did not provide any stacktrace information)
Command duration or timeout: 0 milliseconds
Build info: version: '3.7.1', revision: '8a0099a', time: '2017-11-06T21:07:36.161Z'
System info: host: 'DESKTOP-47R6KV7', ip: '192.168.100.78', os.name: 'Windows 10', os.arch: 'amd64', os.version: '10.0', java.version: '1.8.0_102'
Driver info: com.kms.katalon.selenium.driver.CChromeDriver
Capabilities {acceptInsecureCerts: false, acceptSslCerts: false, applicationCacheEnabled: false, browserConnectionEnabled: false, browserName: chrome, chrome: {chromedriverVersion: 2.35.528161 (5b82f2d2aae0ca..., userDataDir: C:\Users\MEGAPO~1\AppData\L...}, cssSelectorsEnabled: true, databaseEnabled: false, handlesAlerts: true, hasTouchScreen: false, javascriptEnabled: true, locationContextEnabled: true, mobileEmulationEnabled: false, nativeEvents: true, networkConnectionEnabled: false, pageLoadStrategy: normal, platform: XP, platformName: XP, rotatable: false, setWindowRect: true, takesHeapSnapshot: true, takesScreenshot: true, unexpectedAlertBehaviour: , unhandledPromptBehavior: , version: 64.0.3282.186, webStorageEnabled: true}
Session ID: 412a420007d3b8d19100e9200796f6ab)

2018-03-05 17:39:59 - [MESSAGE][PASSED] - Object 'Object Repository/CuPaDl/Icons/Icon' is visible

2018-03-05 17:39:59 - [MESSAGE][PASSED] - Object: 'Object Repository/CuPaDl/Icons/Icon' is clicked on

2018-03-05 17:39:59 - [MESSAGE][WARNING] - Timeout '0' is invalid. Using default page load timeout: '30'

2018-03-05 17:40:29 - [MESSAGE][WARNING] - Object 'Object Repository/CuPaDl/Icons/Icon_australia' is not visible after 30 second(s)

2018-03-05 17:40:30 - [MESSAGE][PASSED] - Delayed 1 second(s)

2018-03-05 17:40:30 - [MESSAGE][FAILED] - Unable to click on object 'Object Repository/CuPaDl/Icons/Icon_australia' (Root cause: org.openqa.selenium.ElementNotVisibleException: element not visible
  (Session info: headless chrome=64.0.3282.186)
  (Driver info: chromedriver=2.35.528161 (5b82f2d2aae0ca24b877009200ced9065a772e73),platform=Windows NT 10.0.16299 x86_64) (WARNING: The server did not provide any stacktrace information)
Command duration or timeout: 0 milliseconds
Build info: version: '3.7.1', revision: '8a0099a', time: '2017-11-06T21:07:36.161Z'
System info: host: 'DESKTOP-47R6KV7', ip: '192.168.100.78', os.name: 'Windows 10', os.arch: 'amd64', os.version: '10.0', java.version: '1.8.0_102'
Driver info: com.kms.katalon.selenium.driver.CChromeDriver
Capabilities {acceptInsecureCerts: false, acceptSslCerts: false, applicationCacheEnabled: false, browserConnectionEnabled: false, browserName: chrome, chrome: {chromedriverVersion: 2.35.528161 (5b82f2d2aae0ca..., userDataDir: C:\Users\MEGAPO~1\AppData\L...}, cssSelectorsEnabled: true, databaseEnabled: false, handlesAlerts: true, hasTouchScreen: false, javascriptEnabled: true, locationContextEnabled: true, mobileEmulationEnabled: false, nativeEvents: true, networkConnectionEnabled: false, pageLoadStrategy: normal, platform: XP, platformName: XP, rotatable: false, setWindowRect: true, takesHeapSnapshot: true, takesScreenshot: true, unexpectedAlertBehaviour: , unhandledPromptBehavior: , version: 64.0.3282.186, webStorageEnabled: true}
Session ID: 412a420007d3b8d19100e9200796f6ab)

2018-03-05 17:40:30 - [MESSAGE][FAILED] - Unable to click on object 'Object Repository/CuPaDl/Icons/Icon_australia' (Root cause: org.openqa.selenium.ElementNotVisibleException: element not visible
  (Session info: headless chrome=64.0.3282.186)
  (Driver info: chromedriver=2.35.528161 (5b82f2d2aae0ca24b877009200ced9065a772e73),platform=Windows NT 10.0.16299 x86_64) (WARNING: The server did not provide any stacktrace information)
Command duration or timeout: 0 milliseconds
Build info: version: '3.7.1', revision: '8a0099a', time: '2017-11-06T21:07:36.161Z'
System info: host: 'DESKTOP-47R6KV7', ip: '192.168.100.78', os.name: 'Windows 10', os.arch: 'amd64', os.version: '10.0', java.version: '1.8.0_102'
Driver info: com.kms.katalon.selenium.driver.CChromeDriver
Capabilities {acceptInsecureCerts: false, acceptSslCerts: false, applicationCacheEnabled: false, browserConnectionEnabled: false, browserName: chrome, chrome: {chromedriverVersion: 2.35.528161 (5b82f2d2aae0ca..., userDataDir: C:\Users\MEGAPO~1\AppData\L...}, cssSelectorsEnabled: true, databaseEnabled: false, handlesAlerts: true, hasTouchScreen: false, javascriptEnabled: true, locationContextEnabled: true, mobileEmulationEnabled: false, nativeEvents: true, networkConnectionEnabled: false, pageLoadStrategy: normal, platform: XP, platformName: XP, rotatable: false, setWindowRect: true, takesHeapSnapshot: true, takesScreenshot: true, unexpectedAlertBehaviour: , unhandledPromptBehavior: , version: 64.0.3282.186, webStorageEnabled: true}
Session ID: 412a420007d3b8d19100e9200796f6ab)]]></system-out>
         <system-err><![CDATA[2018-03-05 17:39:35 - [TEST_CASE][FAILED] - Test Cases/CuPaStefanie/34: Test Cases/CuPaStefanie/34 FAILED because (of) Unable to click on object 'Object Repository/CuPaDl/Icons/Icon_australia' (Root cause: org.openqa.selenium.ElementNotVisibleException: element not visible
  (Session info: headless chrome=64.0.3282.186)
  (Driver info: chromedriver=2.35.528161 (5b82f2d2aae0ca24b877009200ced9065a772e73),platform=Windows NT 10.0.16299 x86_64) (WARNING: The server did not provide any stacktrace information)
Command duration or timeout: 0 milliseconds
Build info: version: '3.7.1', revision: '8a0099a', time: '2017-11-06T21:07:36.161Z'
System info: host: 'DESKTOP-47R6KV7', ip: '192.168.100.78', os.name: 'Windows 10', os.arch: 'amd64', os.version: '10.0', java.version: '1.8.0_102'
Driver info: com.kms.katalon.selenium.driver.CChromeDriver
Capabilities {acceptInsecureCerts: false, acceptSslCerts: false, applicationCacheEnabled: false, browserConnectionEnabled: false, browserName: chrome, chrome: {chromedriverVersion: 2.35.528161 (5b82f2d2aae0ca..., userDataDir: C:\Users\MEGAPO~1\AppData\L...}, cssSelectorsEnabled: true, databaseEnabled: false, handlesAlerts: true, hasTouchScreen: false, javascriptEnabled: true, locationContextEnabled: true, mobileEmulationEnabled: false, nativeEvents: true, networkConnectionEnabled: false, pageLoadStrategy: normal, platform: XP, platformName: XP, rotatable: false, setWindowRect: true, takesHeapSnapshot: true, takesScreenshot: true, unexpectedAlertBehaviour: , unhandledPromptBehavior: , version: 64.0.3282.186, webStorageEnabled: true}
Session ID: 412a420007d3b8d19100e9200796f6ab)]]></system-err>
      </testcase>
      <testcase name="Test Cases/CuPaStefanie/35" classname="Test Cases/CuPaStefanie/35" status="FAILED">
         <failure type="FAILED" message="Unable to click on object 'Object Repository/CuPaDl/Icons/Icon_londoncircle' (Root cause: org.openqa.selenium.ElementNotVisibleException: element not visible
  (Session info: headless chrome=64.0.3282.186)
  (Driver info: chromedriver=2.35.528161 (5b82f2d2aae0ca24b877009200ced9065a772e73),platform=Windows NT 10.0.16299 x86_64) (WARNING: The server did not provide any stacktrace information)
Command duration or timeout: 0 milliseconds
Build info: version: '3.7.1', revision: '8a0099a', time: '2017-11-06T21:07:36.161Z'
System info: host: 'DESKTOP-47R6KV7', ip: '192.168.100.78', os.name: 'Windows 10', os.arch: 'amd64', os.version: '10.0', java.version: '1.8.0_102'
Driver info: com.kms.katalon.selenium.driver.CChromeDriver
Capabilities {acceptInsecureCerts: false, acceptSslCerts: false, applicationCacheEnabled: false, browserConnectionEnabled: false, browserName: chrome, chrome: {chromedriverVersion: 2.35.528161 (5b82f2d2aae0ca..., userDataDir: C:\Users\MEGAPO~1\AppData\L...}, cssSelectorsEnabled: true, databaseEnabled: false, handlesAlerts: true, hasTouchScreen: false, javascriptEnabled: true, locationContextEnabled: true, mobileEmulationEnabled: false, nativeEvents: true, networkConnectionEnabled: false, pageLoadStrategy: normal, platform: XP, platformName: XP, rotatable: false, setWindowRect: true, takesHeapSnapshot: true, takesScreenshot: true, unexpectedAlertBehaviour: , unhandledPromptBehavior: , version: 64.0.3282.186, webStorageEnabled: true}
Session ID: 348483738cecf6b1deb894f7ec3603c1)"/>
         <system-out><![CDATA[2018-03-05 17:40:30 - [TEST_CASE][FAILED] - Test Cases/CuPaStefanie/35: Test Cases/CuPaStefanie/35 FAILED because (of) Unable to click on object 'Object Repository/CuPaDl/Icons/Icon_londoncircle' (Root cause: org.openqa.selenium.ElementNotVisibleException: element not visible
  (Session info: headless chrome=64.0.3282.186)
  (Driver info: chromedriver=2.35.528161 (5b82f2d2aae0ca24b877009200ced9065a772e73),platform=Windows NT 10.0.16299 x86_64) (WARNING: The server did not provide any stacktrace information)
Command duration or timeout: 0 milliseconds
Build info: version: '3.7.1', revision: '8a0099a', time: '2017-11-06T21:07:36.161Z'
System info: host: 'DESKTOP-47R6KV7', ip: '192.168.100.78', os.name: 'Windows 10', os.arch: 'amd64', os.version: '10.0', java.version: '1.8.0_102'
Driver info: com.kms.katalon.selenium.driver.CChromeDriver
Capabilities {acceptInsecureCerts: false, acceptSslCerts: false, applicationCacheEnabled: false, browserConnectionEnabled: false, browserName: chrome, chrome: {chromedriverVersion: 2.35.528161 (5b82f2d2aae0ca..., userDataDir: C:\Users\MEGAPO~1\AppData\L...}, cssSelectorsEnabled: true, databaseEnabled: false, handlesAlerts: true, hasTouchScreen: false, javascriptEnabled: true, locationContextEnabled: true, mobileEmulationEnabled: false, nativeEvents: true, networkConnectionEnabled: false, pageLoadStrategy: normal, platform: XP, platformName: XP, rotatable: false, setWindowRect: true, takesHeapSnapshot: true, takesScreenshot: true, unexpectedAlertBehaviour: , unhandledPromptBehavior: , version: 64.0.3282.186, webStorageEnabled: true}
Session ID: 348483738cecf6b1deb894f7ec3603c1)

2018-03-05 17:40:30 - [TEST_STEP][PASSED] - Statement - timeStamp = new java.text.SimpleDateFormat(dd.MM.yyyy).format(java.util.Calendar.getInstance().getTime()): null

2018-03-05 17:40:30 - [TEST_STEP][PASSED] - Statement - timeStampScreenshot = new java.text.SimpleDateFormat(dd.MM.yyyy).format(java.util.Calendar.getInstance().getTime()): null

2018-03-05 17:40:30 - [TEST_STEP][PASSED] - Statement - iconmap = [:]: null

2018-03-05 17:40:30 - [TEST_STEP][PASSED] - Statement - txtmap = [:]: null

2018-03-05 17:40:30 - [TEST_STEP][PASSED] - Statement - signmap = [:]: null

2018-03-05 17:40:30 - [TEST_STEP][PASSED] - cupakeysDl.initStart.initialStart: cupakeysDl.initStart.initialStart is PASSED

2018-03-05 17:40:30 - [MESSAGE][WARNING] - A browser is already opened. Closing browser and opening a new one

2018-03-05 17:40:33 - [MESSAGE][PASSED] - Browser is opened with url: ''

2018-03-05 17:40:36 - [MESSAGE][PASSED] - Delayed 3 second(s)

2018-03-05 17:40:37 - [MESSAGE][PASSED] - Navigate to 'https://d16a4dsnr8a0k1.cloudfront.net/en/2455233.html?price=150.00%20%E2%82%AC&partName=wilsonPartName&vin=wilsonVin&modelCode=XP11&paint=P0A94&modelDescription=wilsonModelDescription&additionalEquipment=wilsonAdditionalEquipment' successfully

2018-03-05 17:40:37 - [MESSAGE][PASSED] - Object 'Object Repository/CuPaDl/Loading_indicator' is visible

2018-03-05 17:40:47 - [MESSAGE][PASSED] - Object 'Object Repository/CuPaDl/Loading_indicator' is NOT visible

2018-03-05 17:40:48 - [MESSAGE][PASSED] - Delayed 1 second(s)

2018-03-05 17:40:48 - [MESSAGE][PASSED] - cupakeysDl.initStart.initialStart is PASSED

2018-03-05 17:40:48 - [TEST_STEP][PASSED] - Statement - (step++): null

2018-03-05 17:40:48 - [TEST_STEP][PASSED] - cupakeysDl.color.changecolor: cupakeysDl.color.changecolor is PASSED

2018-03-05 17:40:48 - [MESSAGE][PASSED] - Object 'Object Repository/CuPaDl/Color/Color' is visible

2018-03-05 17:40:49 - [MESSAGE][PASSED] - Object: 'Object Repository/CuPaDl/Color/Color' is clicked on

2018-03-05 17:40:49 - [MESSAGE][WARNING] - Timeout '0' is invalid. Using default page load timeout: '30'

2018-03-05 17:40:49 - [MESSAGE][PASSED] - Object 'Object Repository/CuPaDl/Color/Color_nightlightblue' is visible

2018-03-05 17:40:50 - [MESSAGE][PASSED] - Delayed 1 second(s)

2018-03-05 17:40:50 - [MESSAGE][PASSED] - Object: 'Object Repository/CuPaDl/Color/Color_nightlightblue' is clicked on

2018-03-05 17:40:53 - [MESSAGE][WARNING] - Object 'Object Repository/CuPaDl/Loading_indicator' is not visible after 3 second(s)

2018-03-05 17:40:54 - [MESSAGE][PASSED] - Delayed 1 second(s)

2018-03-05 17:40:54 - [MESSAGE][PASSED] - cupakeysDl.color.changecolor is PASSED

2018-03-05 17:40:54 - [TEST_STEP][PASSED] - Statement - (step++): null

2018-03-05 17:40:54 - [TEST_STEP][FAILED] - Statement - iconmap += CustomKeywords.cupakeysDl.iconad.iconadd("londoncircle", LoadTimeCorrector, step, run, device, timeStamp, iconcount): Unable to click on object 'Object Repository/CuPaDl/Icons/Icon_londoncircle' (Root cause: org.openqa.selenium.ElementNotVisibleException: element not visible
  (Session info: headless chrome=64.0.3282.186)
  (Driver info: chromedriver=2.35.528161 (5b82f2d2aae0ca24b877009200ced9065a772e73),platform=Windows NT 10.0.16299 x86_64) (WARNING: The server did not provide any stacktrace information)
Command duration or timeout: 0 milliseconds
Build info: version: '3.7.1', revision: '8a0099a', time: '2017-11-06T21:07:36.161Z'
System info: host: 'DESKTOP-47R6KV7', ip: '192.168.100.78', os.name: 'Windows 10', os.arch: 'amd64', os.version: '10.0', java.version: '1.8.0_102'
Driver info: com.kms.katalon.selenium.driver.CChromeDriver
Capabilities {acceptInsecureCerts: false, acceptSslCerts: false, applicationCacheEnabled: false, browserConnectionEnabled: false, browserName: chrome, chrome: {chromedriverVersion: 2.35.528161 (5b82f2d2aae0ca..., userDataDir: C:\Users\MEGAPO~1\AppData\L...}, cssSelectorsEnabled: true, databaseEnabled: false, handlesAlerts: true, hasTouchScreen: false, javascriptEnabled: true, locationContextEnabled: true, mobileEmulationEnabled: false, nativeEvents: true, networkConnectionEnabled: false, pageLoadStrategy: normal, platform: XP, platformName: XP, rotatable: false, setWindowRect: true, takesHeapSnapshot: true, takesScreenshot: true, unexpectedAlertBehaviour: , unhandledPromptBehavior: , version: 64.0.3282.186, webStorageEnabled: true}
Session ID: 348483738cecf6b1deb894f7ec3603c1)

2018-03-05 17:40:54 - [MESSAGE][PASSED] - Object 'Object Repository/CuPaDl/Icons/Icon' is visible

2018-03-05 17:40:54 - [MESSAGE][PASSED] - Object: 'Object Repository/CuPaDl/Icons/Icon' is clicked on

2018-03-05 17:40:54 - [MESSAGE][WARNING] - Timeout '0' is invalid. Using default page load timeout: '30'

2018-03-05 17:41:24 - [MESSAGE][WARNING] - Object 'Object Repository/CuPaDl/Icons/Icon_londoncircle' is not visible after 30 second(s)

2018-03-05 17:41:25 - [MESSAGE][PASSED] - Delayed 1 second(s)

2018-03-05 17:41:25 - [MESSAGE][FAILED] - Unable to click on object 'Object Repository/CuPaDl/Icons/Icon_londoncircle' (Root cause: org.openqa.selenium.ElementNotVisibleException: element not visible
  (Session info: headless chrome=64.0.3282.186)
  (Driver info: chromedriver=2.35.528161 (5b82f2d2aae0ca24b877009200ced9065a772e73),platform=Windows NT 10.0.16299 x86_64) (WARNING: The server did not provide any stacktrace information)
Command duration or timeout: 0 milliseconds
Build info: version: '3.7.1', revision: '8a0099a', time: '2017-11-06T21:07:36.161Z'
System info: host: 'DESKTOP-47R6KV7', ip: '192.168.100.78', os.name: 'Windows 10', os.arch: 'amd64', os.version: '10.0', java.version: '1.8.0_102'
Driver info: com.kms.katalon.selenium.driver.CChromeDriver
Capabilities {acceptInsecureCerts: false, acceptSslCerts: false, applicationCacheEnabled: false, browserConnectionEnabled: false, browserName: chrome, chrome: {chromedriverVersion: 2.35.528161 (5b82f2d2aae0ca..., userDataDir: C:\Users\MEGAPO~1\AppData\L...}, cssSelectorsEnabled: true, databaseEnabled: false, handlesAlerts: true, hasTouchScreen: false, javascriptEnabled: true, locationContextEnabled: true, mobileEmulationEnabled: false, nativeEvents: true, networkConnectionEnabled: false, pageLoadStrategy: normal, platform: XP, platformName: XP, rotatable: false, setWindowRect: true, takesHeapSnapshot: true, takesScreenshot: true, unexpectedAlertBehaviour: , unhandledPromptBehavior: , version: 64.0.3282.186, webStorageEnabled: true}
Session ID: 348483738cecf6b1deb894f7ec3603c1)

2018-03-05 17:41:25 - [MESSAGE][FAILED] - Unable to click on object 'Object Repository/CuPaDl/Icons/Icon_londoncircle' (Root cause: org.openqa.selenium.ElementNotVisibleException: element not visible
  (Session info: headless chrome=64.0.3282.186)
  (Driver info: chromedriver=2.35.528161 (5b82f2d2aae0ca24b877009200ced9065a772e73),platform=Windows NT 10.0.16299 x86_64) (WARNING: The server did not provide any stacktrace information)
Command duration or timeout: 0 milliseconds
Build info: version: '3.7.1', revision: '8a0099a', time: '2017-11-06T21:07:36.161Z'
System info: host: 'DESKTOP-47R6KV7', ip: '192.168.100.78', os.name: 'Windows 10', os.arch: 'amd64', os.version: '10.0', java.version: '1.8.0_102'
Driver info: com.kms.katalon.selenium.driver.CChromeDriver
Capabilities {acceptInsecureCerts: false, acceptSslCerts: false, applicationCacheEnabled: false, browserConnectionEnabled: false, browserName: chrome, chrome: {chromedriverVersion: 2.35.528161 (5b82f2d2aae0ca..., userDataDir: C:\Users\MEGAPO~1\AppData\L...}, cssSelectorsEnabled: true, databaseEnabled: false, handlesAlerts: true, hasTouchScreen: false, javascriptEnabled: true, locationContextEnabled: true, mobileEmulationEnabled: false, nativeEvents: true, networkConnectionEnabled: false, pageLoadStrategy: normal, platform: XP, platformName: XP, rotatable: false, setWindowRect: true, takesHeapSnapshot: true, takesScreenshot: true, unexpectedAlertBehaviour: , unhandledPromptBehavior: , version: 64.0.3282.186, webStorageEnabled: true}
Session ID: 348483738cecf6b1deb894f7ec3603c1)]]></system-out>
         <system-err><![CDATA[2018-03-05 17:40:30 - [TEST_CASE][FAILED] - Test Cases/CuPaStefanie/35: Test Cases/CuPaStefanie/35 FAILED because (of) Unable to click on object 'Object Repository/CuPaDl/Icons/Icon_londoncircle' (Root cause: org.openqa.selenium.ElementNotVisibleException: element not visible
  (Session info: headless chrome=64.0.3282.186)
  (Driver info: chromedriver=2.35.528161 (5b82f2d2aae0ca24b877009200ced9065a772e73),platform=Windows NT 10.0.16299 x86_64) (WARNING: The server did not provide any stacktrace information)
Command duration or timeout: 0 milliseconds
Build info: version: '3.7.1', revision: '8a0099a', time: '2017-11-06T21:07:36.161Z'
System info: host: 'DESKTOP-47R6KV7', ip: '192.168.100.78', os.name: 'Windows 10', os.arch: 'amd64', os.version: '10.0', java.version: '1.8.0_102'
Driver info: com.kms.katalon.selenium.driver.CChromeDriver
Capabilities {acceptInsecureCerts: false, acceptSslCerts: false, applicationCacheEnabled: false, browserConnectionEnabled: false, browserName: chrome, chrome: {chromedriverVersion: 2.35.528161 (5b82f2d2aae0ca..., userDataDir: C:\Users\MEGAPO~1\AppData\L...}, cssSelectorsEnabled: true, databaseEnabled: false, handlesAlerts: true, hasTouchScreen: false, javascriptEnabled: true, locationContextEnabled: true, mobileEmulationEnabled: false, nativeEvents: true, networkConnectionEnabled: false, pageLoadStrategy: normal, platform: XP, platformName: XP, rotatable: false, setWindowRect: true, takesHeapSnapshot: true, takesScreenshot: true, unexpectedAlertBehaviour: , unhandledPromptBehavior: , version: 64.0.3282.186, webStorageEnabled: true}
Session ID: 348483738cecf6b1deb894f7ec3603c1)]]></system-err>
      </testcase>
      <testcase name="Test Cases/CuPaStefanie/36" classname="Test Cases/CuPaStefanie/36" status="FAILED">
         <failure type="FAILED" message="Unable to click on object 'Object Repository/CuPaDl/Icons/Icon_londoncircle' (Root cause: org.openqa.selenium.ElementNotVisibleException: element not visible
  (Session info: headless chrome=64.0.3282.186)
  (Driver info: chromedriver=2.35.528161 (5b82f2d2aae0ca24b877009200ced9065a772e73),platform=Windows NT 10.0.16299 x86_64) (WARNING: The server did not provide any stacktrace information)
Command duration or timeout: 0 milliseconds
Build info: version: '3.7.1', revision: '8a0099a', time: '2017-11-06T21:07:36.161Z'
System info: host: 'DESKTOP-47R6KV7', ip: '192.168.100.78', os.name: 'Windows 10', os.arch: 'amd64', os.version: '10.0', java.version: '1.8.0_102'
Driver info: com.kms.katalon.selenium.driver.CChromeDriver
Capabilities {acceptInsecureCerts: false, acceptSslCerts: false, applicationCacheEnabled: false, browserConnectionEnabled: false, browserName: chrome, chrome: {chromedriverVersion: 2.35.528161 (5b82f2d2aae0ca..., userDataDir: C:\Users\MEGAPO~1\AppData\L...}, cssSelectorsEnabled: true, databaseEnabled: false, handlesAlerts: true, hasTouchScreen: false, javascriptEnabled: true, locationContextEnabled: true, mobileEmulationEnabled: false, nativeEvents: true, networkConnectionEnabled: false, pageLoadStrategy: normal, platform: XP, platformName: XP, rotatable: false, setWindowRect: true, takesHeapSnapshot: true, takesScreenshot: true, unexpectedAlertBehaviour: , unhandledPromptBehavior: , version: 64.0.3282.186, webStorageEnabled: true}
Session ID: 423ef4597b744c4f9809f8dc17c2cb95)"/>
         <system-out><![CDATA[2018-03-05 17:41:25 - [TEST_CASE][FAILED] - Test Cases/CuPaStefanie/36: Test Cases/CuPaStefanie/36 FAILED because (of) Unable to click on object 'Object Repository/CuPaDl/Icons/Icon_londoncircle' (Root cause: org.openqa.selenium.ElementNotVisibleException: element not visible
  (Session info: headless chrome=64.0.3282.186)
  (Driver info: chromedriver=2.35.528161 (5b82f2d2aae0ca24b877009200ced9065a772e73),platform=Windows NT 10.0.16299 x86_64) (WARNING: The server did not provide any stacktrace information)
Command duration or timeout: 0 milliseconds
Build info: version: '3.7.1', revision: '8a0099a', time: '2017-11-06T21:07:36.161Z'
System info: host: 'DESKTOP-47R6KV7', ip: '192.168.100.78', os.name: 'Windows 10', os.arch: 'amd64', os.version: '10.0', java.version: '1.8.0_102'
Driver info: com.kms.katalon.selenium.driver.CChromeDriver
Capabilities {acceptInsecureCerts: false, acceptSslCerts: false, applicationCacheEnabled: false, browserConnectionEnabled: false, browserName: chrome, chrome: {chromedriverVersion: 2.35.528161 (5b82f2d2aae0ca..., userDataDir: C:\Users\MEGAPO~1\AppData\L...}, cssSelectorsEnabled: true, databaseEnabled: false, handlesAlerts: true, hasTouchScreen: false, javascriptEnabled: true, locationContextEnabled: true, mobileEmulationEnabled: false, nativeEvents: true, networkConnectionEnabled: false, pageLoadStrategy: normal, platform: XP, platformName: XP, rotatable: false, setWindowRect: true, takesHeapSnapshot: true, takesScreenshot: true, unexpectedAlertBehaviour: , unhandledPromptBehavior: , version: 64.0.3282.186, webStorageEnabled: true}
Session ID: 423ef4597b744c4f9809f8dc17c2cb95)

2018-03-05 17:41:26 - [TEST_STEP][PASSED] - Statement - timeStamp = new java.text.SimpleDateFormat(dd.MM.yyyy).format(java.util.Calendar.getInstance().getTime()): null

2018-03-05 17:41:26 - [TEST_STEP][PASSED] - Statement - timeStampScreenshot = new java.text.SimpleDateFormat(dd.MM.yyyy).format(java.util.Calendar.getInstance().getTime()): null

2018-03-05 17:41:26 - [TEST_STEP][PASSED] - Statement - iconmap = [:]: null

2018-03-05 17:41:26 - [TEST_STEP][PASSED] - Statement - txtmap = [:]: null

2018-03-05 17:41:26 - [TEST_STEP][PASSED] - Statement - signmap = [:]: null

2018-03-05 17:41:26 - [TEST_STEP][PASSED] - cupakeysDl.initStart.initialStart: cupakeysDl.initStart.initialStart is PASSED

2018-03-05 17:41:26 - [MESSAGE][WARNING] - A browser is already opened. Closing browser and opening a new one

2018-03-05 17:41:28 - [MESSAGE][PASSED] - Browser is opened with url: ''

2018-03-05 17:41:31 - [MESSAGE][PASSED] - Delayed 3 second(s)

2018-03-05 17:41:33 - [MESSAGE][PASSED] - Navigate to 'https://d16a4dsnr8a0k1.cloudfront.net/en/2455233.html?price=150.00%20%E2%82%AC&partName=wilsonPartName&vin=wilsonVin&modelCode=XP11&paint=P0A94&modelDescription=wilsonModelDescription&additionalEquipment=wilsonAdditionalEquipment' successfully

2018-03-05 17:41:33 - [MESSAGE][PASSED] - Object 'Object Repository/CuPaDl/Loading_indicator' is visible

2018-03-05 17:41:43 - [MESSAGE][PASSED] - Object 'Object Repository/CuPaDl/Loading_indicator' is NOT visible

2018-03-05 17:41:44 - [MESSAGE][PASSED] - Delayed 1 second(s)

2018-03-05 17:41:44 - [MESSAGE][PASSED] - cupakeysDl.initStart.initialStart is PASSED

2018-03-05 17:41:44 - [TEST_STEP][PASSED] - Statement - (step++): null

2018-03-05 17:41:44 - [TEST_STEP][PASSED] - cupakeysDl.color.changecolor: cupakeysDl.color.changecolor is PASSED

2018-03-05 17:41:44 - [MESSAGE][PASSED] - Object 'Object Repository/CuPaDl/Color/Color' is visible

2018-03-05 17:41:44 - [MESSAGE][PASSED] - Object: 'Object Repository/CuPaDl/Color/Color' is clicked on

2018-03-05 17:41:44 - [MESSAGE][WARNING] - Timeout '0' is invalid. Using default page load timeout: '30'

2018-03-05 17:41:44 - [MESSAGE][PASSED] - Object 'Object Repository/CuPaDl/Color/Color_moonwalkgrey' is visible

2018-03-05 17:41:45 - [MESSAGE][PASSED] - Delayed 1 second(s)

2018-03-05 17:41:46 - [MESSAGE][PASSED] - Object: 'Object Repository/CuPaDl/Color/Color_moonwalkgrey' is clicked on

2018-03-05 17:41:47 - [MESSAGE][PASSED] - Object 'Object Repository/CuPaDl/Loading_indicator' is visible

2018-03-05 17:41:48 - [MESSAGE][PASSED] - Object 'Object Repository/CuPaDl/Loading_indicator' is NOT visible

2018-03-05 17:41:49 - [MESSAGE][PASSED] - Delayed 1 second(s)

2018-03-05 17:41:49 - [MESSAGE][PASSED] - cupakeysDl.color.changecolor is PASSED

2018-03-05 17:41:49 - [TEST_STEP][PASSED] - Statement - (step++): null

2018-03-05 17:41:49 - [TEST_STEP][FAILED] - Statement - iconmap += CustomKeywords.cupakeysDl.iconad.iconadd("londoncircle", LoadTimeCorrector, step, run, device, timeStamp, iconcount): Unable to click on object 'Object Repository/CuPaDl/Icons/Icon_londoncircle' (Root cause: org.openqa.selenium.ElementNotVisibleException: element not visible
  (Session info: headless chrome=64.0.3282.186)
  (Driver info: chromedriver=2.35.528161 (5b82f2d2aae0ca24b877009200ced9065a772e73),platform=Windows NT 10.0.16299 x86_64) (WARNING: The server did not provide any stacktrace information)
Command duration or timeout: 0 milliseconds
Build info: version: '3.7.1', revision: '8a0099a', time: '2017-11-06T21:07:36.161Z'
System info: host: 'DESKTOP-47R6KV7', ip: '192.168.100.78', os.name: 'Windows 10', os.arch: 'amd64', os.version: '10.0', java.version: '1.8.0_102'
Driver info: com.kms.katalon.selenium.driver.CChromeDriver
Capabilities {acceptInsecureCerts: false, acceptSslCerts: false, applicationCacheEnabled: false, browserConnectionEnabled: false, browserName: chrome, chrome: {chromedriverVersion: 2.35.528161 (5b82f2d2aae0ca..., userDataDir: C:\Users\MEGAPO~1\AppData\L...}, cssSelectorsEnabled: true, databaseEnabled: false, handlesAlerts: true, hasTouchScreen: false, javascriptEnabled: true, locationContextEnabled: true, mobileEmulationEnabled: false, nativeEvents: true, networkConnectionEnabled: false, pageLoadStrategy: normal, platform: XP, platformName: XP, rotatable: false, setWindowRect: true, takesHeapSnapshot: true, takesScreenshot: true, unexpectedAlertBehaviour: , unhandledPromptBehavior: , version: 64.0.3282.186, webStorageEnabled: true}
Session ID: 423ef4597b744c4f9809f8dc17c2cb95)

2018-03-05 17:41:49 - [MESSAGE][PASSED] - Object 'Object Repository/CuPaDl/Icons/Icon' is visible

2018-03-05 17:41:49 - [MESSAGE][PASSED] - Object: 'Object Repository/CuPaDl/Icons/Icon' is clicked on

2018-03-05 17:41:49 - [MESSAGE][WARNING] - Timeout '0' is invalid. Using default page load timeout: '30'

2018-03-05 17:42:20 - [MESSAGE][WARNING] - Object 'Object Repository/CuPaDl/Icons/Icon_londoncircle' is not visible after 30 second(s)

2018-03-05 17:42:21 - [MESSAGE][PASSED] - Delayed 1 second(s)

2018-03-05 17:42:21 - [MESSAGE][FAILED] - Unable to click on object 'Object Repository/CuPaDl/Icons/Icon_londoncircle' (Root cause: org.openqa.selenium.ElementNotVisibleException: element not visible
  (Session info: headless chrome=64.0.3282.186)
  (Driver info: chromedriver=2.35.528161 (5b82f2d2aae0ca24b877009200ced9065a772e73),platform=Windows NT 10.0.16299 x86_64) (WARNING: The server did not provide any stacktrace information)
Command duration or timeout: 0 milliseconds
Build info: version: '3.7.1', revision: '8a0099a', time: '2017-11-06T21:07:36.161Z'
System info: host: 'DESKTOP-47R6KV7', ip: '192.168.100.78', os.name: 'Windows 10', os.arch: 'amd64', os.version: '10.0', java.version: '1.8.0_102'
Driver info: com.kms.katalon.selenium.driver.CChromeDriver
Capabilities {acceptInsecureCerts: false, acceptSslCerts: false, applicationCacheEnabled: false, browserConnectionEnabled: false, browserName: chrome, chrome: {chromedriverVersion: 2.35.528161 (5b82f2d2aae0ca..., userDataDir: C:\Users\MEGAPO~1\AppData\L...}, cssSelectorsEnabled: true, databaseEnabled: false, handlesAlerts: true, hasTouchScreen: false, javascriptEnabled: true, locationContextEnabled: true, mobileEmulationEnabled: false, nativeEvents: true, networkConnectionEnabled: false, pageLoadStrategy: normal, platform: XP, platformName: XP, rotatable: false, setWindowRect: true, takesHeapSnapshot: true, takesScreenshot: true, unexpectedAlertBehaviour: , unhandledPromptBehavior: , version: 64.0.3282.186, webStorageEnabled: true}
Session ID: 423ef4597b744c4f9809f8dc17c2cb95)

2018-03-05 17:42:21 - [MESSAGE][FAILED] - Unable to click on object 'Object Repository/CuPaDl/Icons/Icon_londoncircle' (Root cause: org.openqa.selenium.ElementNotVisibleException: element not visible
  (Session info: headless chrome=64.0.3282.186)
  (Driver info: chromedriver=2.35.528161 (5b82f2d2aae0ca24b877009200ced9065a772e73),platform=Windows NT 10.0.16299 x86_64) (WARNING: The server did not provide any stacktrace information)
Command duration or timeout: 0 milliseconds
Build info: version: '3.7.1', revision: '8a0099a', time: '2017-11-06T21:07:36.161Z'
System info: host: 'DESKTOP-47R6KV7', ip: '192.168.100.78', os.name: 'Windows 10', os.arch: 'amd64', os.version: '10.0', java.version: '1.8.0_102'
Driver info: com.kms.katalon.selenium.driver.CChromeDriver
Capabilities {acceptInsecureCerts: false, acceptSslCerts: false, applicationCacheEnabled: false, browserConnectionEnabled: false, browserName: chrome, chrome: {chromedriverVersion: 2.35.528161 (5b82f2d2aae0ca..., userDataDir: C:\Users\MEGAPO~1\AppData\L...}, cssSelectorsEnabled: true, databaseEnabled: false, handlesAlerts: true, hasTouchScreen: false, javascriptEnabled: true, locationContextEnabled: true, mobileEmulationEnabled: false, nativeEvents: true, networkConnectionEnabled: false, pageLoadStrategy: normal, platform: XP, platformName: XP, rotatable: false, setWindowRect: true, takesHeapSnapshot: true, takesScreenshot: true, unexpectedAlertBehaviour: , unhandledPromptBehavior: , version: 64.0.3282.186, webStorageEnabled: true}
Session ID: 423ef4597b744c4f9809f8dc17c2cb95)]]></system-out>
         <system-err><![CDATA[2018-03-05 17:41:25 - [TEST_CASE][FAILED] - Test Cases/CuPaStefanie/36: Test Cases/CuPaStefanie/36 FAILED because (of) Unable to click on object 'Object Repository/CuPaDl/Icons/Icon_londoncircle' (Root cause: org.openqa.selenium.ElementNotVisibleException: element not visible
  (Session info: headless chrome=64.0.3282.186)
  (Driver info: chromedriver=2.35.528161 (5b82f2d2aae0ca24b877009200ced9065a772e73),platform=Windows NT 10.0.16299 x86_64) (WARNING: The server did not provide any stacktrace information)
Command duration or timeout: 0 milliseconds
Build info: version: '3.7.1', revision: '8a0099a', time: '2017-11-06T21:07:36.161Z'
System info: host: 'DESKTOP-47R6KV7', ip: '192.168.100.78', os.name: 'Windows 10', os.arch: 'amd64', os.version: '10.0', java.version: '1.8.0_102'
Driver info: com.kms.katalon.selenium.driver.CChromeDriver
Capabilities {acceptInsecureCerts: false, acceptSslCerts: false, applicationCacheEnabled: false, browserConnectionEnabled: false, browserName: chrome, chrome: {chromedriverVersion: 2.35.528161 (5b82f2d2aae0ca..., userDataDir: C:\Users\MEGAPO~1\AppData\L...}, cssSelectorsEnabled: true, databaseEnabled: false, handlesAlerts: true, hasTouchScreen: false, javascriptEnabled: true, locationContextEnabled: true, mobileEmulationEnabled: false, nativeEvents: true, networkConnectionEnabled: false, pageLoadStrategy: normal, platform: XP, platformName: XP, rotatable: false, setWindowRect: true, takesHeapSnapshot: true, takesScreenshot: true, unexpectedAlertBehaviour: , unhandledPromptBehavior: , version: 64.0.3282.186, webStorageEnabled: true}
Session ID: 423ef4597b744c4f9809f8dc17c2cb95)]]></system-err>
      </testcase>
      <testcase name="Test Cases/CuPaStefanie/37" classname="Test Cases/CuPaStefanie/37" status="FAILED">
         <failure type="FAILED" message="Unable to click on object 'Object Repository/CuPaDl/Icons/Icon_mountain' (Root cause: org.openqa.selenium.ElementNotVisibleException: element not visible
  (Session info: headless chrome=64.0.3282.186)
  (Driver info: chromedriver=2.35.528161 (5b82f2d2aae0ca24b877009200ced9065a772e73),platform=Windows NT 10.0.16299 x86_64) (WARNING: The server did not provide any stacktrace information)
Command duration or timeout: 0 milliseconds
Build info: version: '3.7.1', revision: '8a0099a', time: '2017-11-06T21:07:36.161Z'
System info: host: 'DESKTOP-47R6KV7', ip: '192.168.100.78', os.name: 'Windows 10', os.arch: 'amd64', os.version: '10.0', java.version: '1.8.0_102'
Driver info: com.kms.katalon.selenium.driver.CChromeDriver
Capabilities {acceptInsecureCerts: false, acceptSslCerts: false, applicationCacheEnabled: false, browserConnectionEnabled: false, browserName: chrome, chrome: {chromedriverVersion: 2.35.528161 (5b82f2d2aae0ca..., userDataDir: C:\Users\MEGAPO~1\AppData\L...}, cssSelectorsEnabled: true, databaseEnabled: false, handlesAlerts: true, hasTouchScreen: false, javascriptEnabled: true, locationContextEnabled: true, mobileEmulationEnabled: false, nativeEvents: true, networkConnectionEnabled: false, pageLoadStrategy: normal, platform: XP, platformName: XP, rotatable: false, setWindowRect: true, takesHeapSnapshot: true, takesScreenshot: true, unexpectedAlertBehaviour: , unhandledPromptBehavior: , version: 64.0.3282.186, webStorageEnabled: true}
Session ID: f2bd97e4ecb868127f07e1483f6feac5)"/>
         <system-out><![CDATA[2018-03-05 17:42:21 - [TEST_CASE][FAILED] - Test Cases/CuPaStefanie/37: Test Cases/CuPaStefanie/37 FAILED because (of) Unable to click on object 'Object Repository/CuPaDl/Icons/Icon_mountain' (Root cause: org.openqa.selenium.ElementNotVisibleException: element not visible
  (Session info: headless chrome=64.0.3282.186)
  (Driver info: chromedriver=2.35.528161 (5b82f2d2aae0ca24b877009200ced9065a772e73),platform=Windows NT 10.0.16299 x86_64) (WARNING: The server did not provide any stacktrace information)
Command duration or timeout: 0 milliseconds
Build info: version: '3.7.1', revision: '8a0099a', time: '2017-11-06T21:07:36.161Z'
System info: host: 'DESKTOP-47R6KV7', ip: '192.168.100.78', os.name: 'Windows 10', os.arch: 'amd64', os.version: '10.0', java.version: '1.8.0_102'
Driver info: com.kms.katalon.selenium.driver.CChromeDriver
Capabilities {acceptInsecureCerts: false, acceptSslCerts: false, applicationCacheEnabled: false, browserConnectionEnabled: false, browserName: chrome, chrome: {chromedriverVersion: 2.35.528161 (5b82f2d2aae0ca..., userDataDir: C:\Users\MEGAPO~1\AppData\L...}, cssSelectorsEnabled: true, databaseEnabled: false, handlesAlerts: true, hasTouchScreen: false, javascriptEnabled: true, locationContextEnabled: true, mobileEmulationEnabled: false, nativeEvents: true, networkConnectionEnabled: false, pageLoadStrategy: normal, platform: XP, platformName: XP, rotatable: false, setWindowRect: true, takesHeapSnapshot: true, takesScreenshot: true, unexpectedAlertBehaviour: , unhandledPromptBehavior: , version: 64.0.3282.186, webStorageEnabled: true}
Session ID: f2bd97e4ecb868127f07e1483f6feac5)

2018-03-05 17:42:21 - [TEST_STEP][PASSED] - Statement - timeStamp = new java.text.SimpleDateFormat(dd.MM.yyyy).format(java.util.Calendar.getInstance().getTime()): null

2018-03-05 17:42:21 - [TEST_STEP][PASSED] - Statement - timeStampScreenshot = new java.text.SimpleDateFormat(dd.MM.yyyy).format(java.util.Calendar.getInstance().getTime()): null

2018-03-05 17:42:21 - [TEST_STEP][PASSED] - Statement - iconmap = [:]: null

2018-03-05 17:42:21 - [TEST_STEP][PASSED] - Statement - txtmap = [:]: null

2018-03-05 17:42:21 - [TEST_STEP][PASSED] - Statement - signmap = [:]: null

2018-03-05 17:42:21 - [TEST_STEP][PASSED] - cupakeysDl.initStart.initialStart: cupakeysDl.initStart.initialStart is PASSED

2018-03-05 17:42:21 - [MESSAGE][WARNING] - A browser is already opened. Closing browser and opening a new one

2018-03-05 17:42:24 - [MESSAGE][PASSED] - Browser is opened with url: ''

2018-03-05 17:42:27 - [MESSAGE][PASSED] - Delayed 3 second(s)

2018-03-05 17:42:28 - [MESSAGE][PASSED] - Navigate to 'https://d16a4dsnr8a0k1.cloudfront.net/en/2455233.html?price=150.00%20%E2%82%AC&partName=wilsonPartName&vin=wilsonVin&modelCode=XP11&paint=P0A94&modelDescription=wilsonModelDescription&additionalEquipment=wilsonAdditionalEquipment' successfully

2018-03-05 17:42:28 - [MESSAGE][PASSED] - Object 'Object Repository/CuPaDl/Loading_indicator' is visible

2018-03-05 17:42:38 - [MESSAGE][PASSED] - Object 'Object Repository/CuPaDl/Loading_indicator' is NOT visible

2018-03-05 17:42:39 - [MESSAGE][PASSED] - Delayed 1 second(s)

2018-03-05 17:42:39 - [MESSAGE][PASSED] - cupakeysDl.initStart.initialStart is PASSED

2018-03-05 17:42:39 - [TEST_STEP][PASSED] - Statement - (step++): null

2018-03-05 17:42:39 - [TEST_STEP][PASSED] - cupakeysDl.color.changecolor: cupakeysDl.color.changecolor is PASSED

2018-03-05 17:42:39 - [MESSAGE][PASSED] - Object 'Object Repository/CuPaDl/Color/Color' is visible

2018-03-05 17:42:39 - [MESSAGE][PASSED] - Object: 'Object Repository/CuPaDl/Color/Color' is clicked on

2018-03-05 17:42:39 - [MESSAGE][WARNING] - Timeout '0' is invalid. Using default page load timeout: '30'

2018-03-05 17:42:39 - [MESSAGE][PASSED] - Object 'Object Repository/CuPaDl/Color/Color_solartsorange' is visible

2018-03-05 17:42:40 - [MESSAGE][PASSED] - Delayed 1 second(s)

2018-03-05 17:42:40 - [MESSAGE][PASSED] - Object: 'Object Repository/CuPaDl/Color/Color_solartsorange' is clicked on

2018-03-05 17:42:44 - [MESSAGE][WARNING] - Object 'Object Repository/CuPaDl/Loading_indicator' is not visible after 3 second(s)

2018-03-05 17:42:45 - [MESSAGE][PASSED] - Delayed 1 second(s)

2018-03-05 17:42:45 - [MESSAGE][PASSED] - cupakeysDl.color.changecolor is PASSED

2018-03-05 17:42:45 - [TEST_STEP][PASSED] - Statement - (step++): null

2018-03-05 17:42:45 - [TEST_STEP][FAILED] - Statement - iconmap += CustomKeywords.cupakeysDl.iconad.iconadd("mountain", LoadTimeCorrector, step, run, device, timeStamp, iconcount): Unable to click on object 'Object Repository/CuPaDl/Icons/Icon_mountain' (Root cause: org.openqa.selenium.ElementNotVisibleException: element not visible
  (Session info: headless chrome=64.0.3282.186)
  (Driver info: chromedriver=2.35.528161 (5b82f2d2aae0ca24b877009200ced9065a772e73),platform=Windows NT 10.0.16299 x86_64) (WARNING: The server did not provide any stacktrace information)
Command duration or timeout: 0 milliseconds
Build info: version: '3.7.1', revision: '8a0099a', time: '2017-11-06T21:07:36.161Z'
System info: host: 'DESKTOP-47R6KV7', ip: '192.168.100.78', os.name: 'Windows 10', os.arch: 'amd64', os.version: '10.0', java.version: '1.8.0_102'
Driver info: com.kms.katalon.selenium.driver.CChromeDriver
Capabilities {acceptInsecureCerts: false, acceptSslCerts: false, applicationCacheEnabled: false, browserConnectionEnabled: false, browserName: chrome, chrome: {chromedriverVersion: 2.35.528161 (5b82f2d2aae0ca..., userDataDir: C:\Users\MEGAPO~1\AppData\L...}, cssSelectorsEnabled: true, databaseEnabled: false, handlesAlerts: true, hasTouchScreen: false, javascriptEnabled: true, locationContextEnabled: true, mobileEmulationEnabled: false, nativeEvents: true, networkConnectionEnabled: false, pageLoadStrategy: normal, platform: XP, platformName: XP, rotatable: false, setWindowRect: true, takesHeapSnapshot: true, takesScreenshot: true, unexpectedAlertBehaviour: , unhandledPromptBehavior: , version: 64.0.3282.186, webStorageEnabled: true}
Session ID: f2bd97e4ecb868127f07e1483f6feac5)

2018-03-05 17:42:45 - [MESSAGE][PASSED] - Object 'Object Repository/CuPaDl/Icons/Icon' is visible

2018-03-05 17:42:45 - [MESSAGE][PASSED] - Object: 'Object Repository/CuPaDl/Icons/Icon' is clicked on

2018-03-05 17:42:45 - [MESSAGE][WARNING] - Timeout '0' is invalid. Using default page load timeout: '30'

2018-03-05 17:43:15 - [MESSAGE][WARNING] - Object 'Object Repository/CuPaDl/Icons/Icon_mountain' is not visible after 30 second(s)

2018-03-05 17:43:16 - [MESSAGE][PASSED] - Delayed 1 second(s)

2018-03-05 17:43:16 - [MESSAGE][FAILED] - Unable to click on object 'Object Repository/CuPaDl/Icons/Icon_mountain' (Root cause: org.openqa.selenium.ElementNotVisibleException: element not visible
  (Session info: headless chrome=64.0.3282.186)
  (Driver info: chromedriver=2.35.528161 (5b82f2d2aae0ca24b877009200ced9065a772e73),platform=Windows NT 10.0.16299 x86_64) (WARNING: The server did not provide any stacktrace information)
Command duration or timeout: 0 milliseconds
Build info: version: '3.7.1', revision: '8a0099a', time: '2017-11-06T21:07:36.161Z'
System info: host: 'DESKTOP-47R6KV7', ip: '192.168.100.78', os.name: 'Windows 10', os.arch: 'amd64', os.version: '10.0', java.version: '1.8.0_102'
Driver info: com.kms.katalon.selenium.driver.CChromeDriver
Capabilities {acceptInsecureCerts: false, acceptSslCerts: false, applicationCacheEnabled: false, browserConnectionEnabled: false, browserName: chrome, chrome: {chromedriverVersion: 2.35.528161 (5b82f2d2aae0ca..., userDataDir: C:\Users\MEGAPO~1\AppData\L...}, cssSelectorsEnabled: true, databaseEnabled: false, handlesAlerts: true, hasTouchScreen: false, javascriptEnabled: true, locationContextEnabled: true, mobileEmulationEnabled: false, nativeEvents: true, networkConnectionEnabled: false, pageLoadStrategy: normal, platform: XP, platformName: XP, rotatable: false, setWindowRect: true, takesHeapSnapshot: true, takesScreenshot: true, unexpectedAlertBehaviour: , unhandledPromptBehavior: , version: 64.0.3282.186, webStorageEnabled: true}
Session ID: f2bd97e4ecb868127f07e1483f6feac5)

2018-03-05 17:43:16 - [MESSAGE][FAILED] - Unable to click on object 'Object Repository/CuPaDl/Icons/Icon_mountain' (Root cause: org.openqa.selenium.ElementNotVisibleException: element not visible
  (Session info: headless chrome=64.0.3282.186)
  (Driver info: chromedriver=2.35.528161 (5b82f2d2aae0ca24b877009200ced9065a772e73),platform=Windows NT 10.0.16299 x86_64) (WARNING: The server did not provide any stacktrace information)
Command duration or timeout: 0 milliseconds
Build info: version: '3.7.1', revision: '8a0099a', time: '2017-11-06T21:07:36.161Z'
System info: host: 'DESKTOP-47R6KV7', ip: '192.168.100.78', os.name: 'Windows 10', os.arch: 'amd64', os.version: '10.0', java.version: '1.8.0_102'
Driver info: com.kms.katalon.selenium.driver.CChromeDriver
Capabilities {acceptInsecureCerts: false, acceptSslCerts: false, applicationCacheEnabled: false, browserConnectionEnabled: false, browserName: chrome, chrome: {chromedriverVersion: 2.35.528161 (5b82f2d2aae0ca..., userDataDir: C:\Users\MEGAPO~1\AppData\L...}, cssSelectorsEnabled: true, databaseEnabled: false, handlesAlerts: true, hasTouchScreen: false, javascriptEnabled: true, locationContextEnabled: true, mobileEmulationEnabled: false, nativeEvents: true, networkConnectionEnabled: false, pageLoadStrategy: normal, platform: XP, platformName: XP, rotatable: false, setWindowRect: true, takesHeapSnapshot: true, takesScreenshot: true, unexpectedAlertBehaviour: , unhandledPromptBehavior: , version: 64.0.3282.186, webStorageEnabled: true}
Session ID: f2bd97e4ecb868127f07e1483f6feac5)]]></system-out>
         <system-err><![CDATA[2018-03-05 17:42:21 - [TEST_CASE][FAILED] - Test Cases/CuPaStefanie/37: Test Cases/CuPaStefanie/37 FAILED because (of) Unable to click on object 'Object Repository/CuPaDl/Icons/Icon_mountain' (Root cause: org.openqa.selenium.ElementNotVisibleException: element not visible
  (Session info: headless chrome=64.0.3282.186)
  (Driver info: chromedriver=2.35.528161 (5b82f2d2aae0ca24b877009200ced9065a772e73),platform=Windows NT 10.0.16299 x86_64) (WARNING: The server did not provide any stacktrace information)
Command duration or timeout: 0 milliseconds
Build info: version: '3.7.1', revision: '8a0099a', time: '2017-11-06T21:07:36.161Z'
System info: host: 'DESKTOP-47R6KV7', ip: '192.168.100.78', os.name: 'Windows 10', os.arch: 'amd64', os.version: '10.0', java.version: '1.8.0_102'
Driver info: com.kms.katalon.selenium.driver.CChromeDriver
Capabilities {acceptInsecureCerts: false, acceptSslCerts: false, applicationCacheEnabled: false, browserConnectionEnabled: false, browserName: chrome, chrome: {chromedriverVersion: 2.35.528161 (5b82f2d2aae0ca..., userDataDir: C:\Users\MEGAPO~1\AppData\L...}, cssSelectorsEnabled: true, databaseEnabled: false, handlesAlerts: true, hasTouchScreen: false, javascriptEnabled: true, locationContextEnabled: true, mobileEmulationEnabled: false, nativeEvents: true, networkConnectionEnabled: false, pageLoadStrategy: normal, platform: XP, platformName: XP, rotatable: false, setWindowRect: true, takesHeapSnapshot: true, takesScreenshot: true, unexpectedAlertBehaviour: , unhandledPromptBehavior: , version: 64.0.3282.186, webStorageEnabled: true}
Session ID: f2bd97e4ecb868127f07e1483f6feac5)]]></system-err>
      </testcase>
      <testcase name="Test Cases/CuPaStefanie/38" classname="Test Cases/CuPaStefanie/38" status="FAILED">
         <failure type="FAILED" message="Unable to click on object 'Object Repository/CuPaDl/Icons/Icon_mountain' (Root cause: org.openqa.selenium.ElementNotVisibleException: element not visible
  (Session info: headless chrome=64.0.3282.186)
  (Driver info: chromedriver=2.35.528161 (5b82f2d2aae0ca24b877009200ced9065a772e73),platform=Windows NT 10.0.16299 x86_64) (WARNING: The server did not provide any stacktrace information)
Command duration or timeout: 0 milliseconds
Build info: version: '3.7.1', revision: '8a0099a', time: '2017-11-06T21:07:36.161Z'
System info: host: 'DESKTOP-47R6KV7', ip: '192.168.100.78', os.name: 'Windows 10', os.arch: 'amd64', os.version: '10.0', java.version: '1.8.0_102'
Driver info: com.kms.katalon.selenium.driver.CChromeDriver
Capabilities {acceptInsecureCerts: false, acceptSslCerts: false, applicationCacheEnabled: false, browserConnectionEnabled: false, browserName: chrome, chrome: {chromedriverVersion: 2.35.528161 (5b82f2d2aae0ca..., userDataDir: C:\Users\MEGAPO~1\AppData\L...}, cssSelectorsEnabled: true, databaseEnabled: false, handlesAlerts: true, hasTouchScreen: false, javascriptEnabled: true, locationContextEnabled: true, mobileEmulationEnabled: false, nativeEvents: true, networkConnectionEnabled: false, pageLoadStrategy: normal, platform: XP, platformName: XP, rotatable: false, setWindowRect: true, takesHeapSnapshot: true, takesScreenshot: true, unexpectedAlertBehaviour: , unhandledPromptBehavior: , version: 64.0.3282.186, webStorageEnabled: true}
Session ID: e5985c403b017893253fe0c08360fcc2)"/>
         <system-out><![CDATA[2018-03-05 17:43:16 - [TEST_CASE][FAILED] - Test Cases/CuPaStefanie/38: Test Cases/CuPaStefanie/38 FAILED because (of) Unable to click on object 'Object Repository/CuPaDl/Icons/Icon_mountain' (Root cause: org.openqa.selenium.ElementNotVisibleException: element not visible
  (Session info: headless chrome=64.0.3282.186)
  (Driver info: chromedriver=2.35.528161 (5b82f2d2aae0ca24b877009200ced9065a772e73),platform=Windows NT 10.0.16299 x86_64) (WARNING: The server did not provide any stacktrace information)
Command duration or timeout: 0 milliseconds
Build info: version: '3.7.1', revision: '8a0099a', time: '2017-11-06T21:07:36.161Z'
System info: host: 'DESKTOP-47R6KV7', ip: '192.168.100.78', os.name: 'Windows 10', os.arch: 'amd64', os.version: '10.0', java.version: '1.8.0_102'
Driver info: com.kms.katalon.selenium.driver.CChromeDriver
Capabilities {acceptInsecureCerts: false, acceptSslCerts: false, applicationCacheEnabled: false, browserConnectionEnabled: false, browserName: chrome, chrome: {chromedriverVersion: 2.35.528161 (5b82f2d2aae0ca..., userDataDir: C:\Users\MEGAPO~1\AppData\L...}, cssSelectorsEnabled: true, databaseEnabled: false, handlesAlerts: true, hasTouchScreen: false, javascriptEnabled: true, locationContextEnabled: true, mobileEmulationEnabled: false, nativeEvents: true, networkConnectionEnabled: false, pageLoadStrategy: normal, platform: XP, platformName: XP, rotatable: false, setWindowRect: true, takesHeapSnapshot: true, takesScreenshot: true, unexpectedAlertBehaviour: , unhandledPromptBehavior: , version: 64.0.3282.186, webStorageEnabled: true}
Session ID: e5985c403b017893253fe0c08360fcc2)

2018-03-05 17:43:17 - [TEST_STEP][PASSED] - Statement - timeStamp = new java.text.SimpleDateFormat(dd.MM.yyyy).format(java.util.Calendar.getInstance().getTime()): null

2018-03-05 17:43:17 - [TEST_STEP][PASSED] - Statement - timeStampScreenshot = new java.text.SimpleDateFormat(dd.MM.yyyy).format(java.util.Calendar.getInstance().getTime()): null

2018-03-05 17:43:17 - [TEST_STEP][PASSED] - Statement - iconmap = [:]: null

2018-03-05 17:43:17 - [TEST_STEP][PASSED] - Statement - txtmap = [:]: null

2018-03-05 17:43:17 - [TEST_STEP][PASSED] - Statement - signmap = [:]: null

2018-03-05 17:43:17 - [TEST_STEP][PASSED] - cupakeysDl.initStart.initialStart: cupakeysDl.initStart.initialStart is PASSED

2018-03-05 17:43:17 - [MESSAGE][WARNING] - A browser is already opened. Closing browser and opening a new one

2018-03-05 17:43:19 - [MESSAGE][PASSED] - Browser is opened with url: ''

2018-03-05 17:43:22 - [MESSAGE][PASSED] - Delayed 3 second(s)

2018-03-05 17:43:23 - [MESSAGE][PASSED] - Navigate to 'https://d16a4dsnr8a0k1.cloudfront.net/en/2455233.html?price=150.00%20%E2%82%AC&partName=wilsonPartName&vin=wilsonVin&modelCode=XP11&paint=P0A94&modelDescription=wilsonModelDescription&additionalEquipment=wilsonAdditionalEquipment' successfully

2018-03-05 17:43:23 - [MESSAGE][PASSED] - Object 'Object Repository/CuPaDl/Loading_indicator' is visible

2018-03-05 17:43:35 - [MESSAGE][PASSED] - Object 'Object Repository/CuPaDl/Loading_indicator' is NOT visible

2018-03-05 17:43:36 - [MESSAGE][PASSED] - Delayed 1 second(s)

2018-03-05 17:43:36 - [MESSAGE][PASSED] - cupakeysDl.initStart.initialStart is PASSED

2018-03-05 17:43:36 - [TEST_STEP][PASSED] - Statement - (step++): null

2018-03-05 17:43:36 - [TEST_STEP][PASSED] - cupakeysDl.color.changecolor: cupakeysDl.color.changecolor is PASSED

2018-03-05 17:43:36 - [MESSAGE][PASSED] - Object 'Object Repository/CuPaDl/Color/Color' is visible

2018-03-05 17:43:36 - [MESSAGE][PASSED] - Object: 'Object Repository/CuPaDl/Color/Color' is clicked on

2018-03-05 17:43:36 - [MESSAGE][WARNING] - Timeout '0' is invalid. Using default page load timeout: '30'

2018-03-05 17:43:36 - [MESSAGE][PASSED] - Object 'Object Repository/CuPaDl/Color/Color_thundergrey' is visible

2018-03-05 17:43:37 - [MESSAGE][PASSED] - Delayed 1 second(s)

2018-03-05 17:43:37 - [MESSAGE][PASSED] - Object: 'Object Repository/CuPaDl/Color/Color_thundergrey' is clicked on

2018-03-05 17:43:39 - [MESSAGE][PASSED] - Object 'Object Repository/CuPaDl/Loading_indicator' is visible

2018-03-05 17:43:40 - [MESSAGE][PASSED] - Object 'Object Repository/CuPaDl/Loading_indicator' is NOT visible

2018-03-05 17:43:41 - [MESSAGE][PASSED] - Delayed 1 second(s)

2018-03-05 17:43:41 - [MESSAGE][PASSED] - cupakeysDl.color.changecolor is PASSED

2018-03-05 17:43:41 - [TEST_STEP][PASSED] - Statement - (step++): null

2018-03-05 17:43:41 - [TEST_STEP][FAILED] - Statement - iconmap += CustomKeywords.cupakeysDl.iconad.iconadd("mountain", LoadTimeCorrector, step, run, device, timeStamp, iconcount): Unable to click on object 'Object Repository/CuPaDl/Icons/Icon_mountain' (Root cause: org.openqa.selenium.ElementNotVisibleException: element not visible
  (Session info: headless chrome=64.0.3282.186)
  (Driver info: chromedriver=2.35.528161 (5b82f2d2aae0ca24b877009200ced9065a772e73),platform=Windows NT 10.0.16299 x86_64) (WARNING: The server did not provide any stacktrace information)
Command duration or timeout: 0 milliseconds
Build info: version: '3.7.1', revision: '8a0099a', time: '2017-11-06T21:07:36.161Z'
System info: host: 'DESKTOP-47R6KV7', ip: '192.168.100.78', os.name: 'Windows 10', os.arch: 'amd64', os.version: '10.0', java.version: '1.8.0_102'
Driver info: com.kms.katalon.selenium.driver.CChromeDriver
Capabilities {acceptInsecureCerts: false, acceptSslCerts: false, applicationCacheEnabled: false, browserConnectionEnabled: false, browserName: chrome, chrome: {chromedriverVersion: 2.35.528161 (5b82f2d2aae0ca..., userDataDir: C:\Users\MEGAPO~1\AppData\L...}, cssSelectorsEnabled: true, databaseEnabled: false, handlesAlerts: true, hasTouchScreen: false, javascriptEnabled: true, locationContextEnabled: true, mobileEmulationEnabled: false, nativeEvents: true, networkConnectionEnabled: false, pageLoadStrategy: normal, platform: XP, platformName: XP, rotatable: false, setWindowRect: true, takesHeapSnapshot: true, takesScreenshot: true, unexpectedAlertBehaviour: , unhandledPromptBehavior: , version: 64.0.3282.186, webStorageEnabled: true}
Session ID: e5985c403b017893253fe0c08360fcc2)

2018-03-05 17:43:41 - [MESSAGE][PASSED] - Object 'Object Repository/CuPaDl/Icons/Icon' is visible

2018-03-05 17:43:41 - [MESSAGE][PASSED] - Object: 'Object Repository/CuPaDl/Icons/Icon' is clicked on

2018-03-05 17:43:41 - [MESSAGE][WARNING] - Timeout '0' is invalid. Using default page load timeout: '30'

2018-03-05 17:44:11 - [MESSAGE][WARNING] - Object 'Object Repository/CuPaDl/Icons/Icon_mountain' is not visible after 30 second(s)

2018-03-05 17:44:12 - [MESSAGE][PASSED] - Delayed 1 second(s)

2018-03-05 17:44:12 - [MESSAGE][FAILED] - Unable to click on object 'Object Repository/CuPaDl/Icons/Icon_mountain' (Root cause: org.openqa.selenium.ElementNotVisibleException: element not visible
  (Session info: headless chrome=64.0.3282.186)
  (Driver info: chromedriver=2.35.528161 (5b82f2d2aae0ca24b877009200ced9065a772e73),platform=Windows NT 10.0.16299 x86_64) (WARNING: The server did not provide any stacktrace information)
Command duration or timeout: 0 milliseconds
Build info: version: '3.7.1', revision: '8a0099a', time: '2017-11-06T21:07:36.161Z'
System info: host: 'DESKTOP-47R6KV7', ip: '192.168.100.78', os.name: 'Windows 10', os.arch: 'amd64', os.version: '10.0', java.version: '1.8.0_102'
Driver info: com.kms.katalon.selenium.driver.CChromeDriver
Capabilities {acceptInsecureCerts: false, acceptSslCerts: false, applicationCacheEnabled: false, browserConnectionEnabled: false, browserName: chrome, chrome: {chromedriverVersion: 2.35.528161 (5b82f2d2aae0ca..., userDataDir: C:\Users\MEGAPO~1\AppData\L...}, cssSelectorsEnabled: true, databaseEnabled: false, handlesAlerts: true, hasTouchScreen: false, javascriptEnabled: true, locationContextEnabled: true, mobileEmulationEnabled: false, nativeEvents: true, networkConnectionEnabled: false, pageLoadStrategy: normal, platform: XP, platformName: XP, rotatable: false, setWindowRect: true, takesHeapSnapshot: true, takesScreenshot: true, unexpectedAlertBehaviour: , unhandledPromptBehavior: , version: 64.0.3282.186, webStorageEnabled: true}
Session ID: e5985c403b017893253fe0c08360fcc2)

2018-03-05 17:44:12 - [MESSAGE][FAILED] - Unable to click on object 'Object Repository/CuPaDl/Icons/Icon_mountain' (Root cause: org.openqa.selenium.ElementNotVisibleException: element not visible
  (Session info: headless chrome=64.0.3282.186)
  (Driver info: chromedriver=2.35.528161 (5b82f2d2aae0ca24b877009200ced9065a772e73),platform=Windows NT 10.0.16299 x86_64) (WARNING: The server did not provide any stacktrace information)
Command duration or timeout: 0 milliseconds
Build info: version: '3.7.1', revision: '8a0099a', time: '2017-11-06T21:07:36.161Z'
System info: host: 'DESKTOP-47R6KV7', ip: '192.168.100.78', os.name: 'Windows 10', os.arch: 'amd64', os.version: '10.0', java.version: '1.8.0_102'
Driver info: com.kms.katalon.selenium.driver.CChromeDriver
Capabilities {acceptInsecureCerts: false, acceptSslCerts: false, applicationCacheEnabled: false, browserConnectionEnabled: false, browserName: chrome, chrome: {chromedriverVersion: 2.35.528161 (5b82f2d2aae0ca..., userDataDir: C:\Users\MEGAPO~1\AppData\L...}, cssSelectorsEnabled: true, databaseEnabled: false, handlesAlerts: true, hasTouchScreen: false, javascriptEnabled: true, locationContextEnabled: true, mobileEmulationEnabled: false, nativeEvents: true, networkConnectionEnabled: false, pageLoadStrategy: normal, platform: XP, platformName: XP, rotatable: false, setWindowRect: true, takesHeapSnapshot: true, takesScreenshot: true, unexpectedAlertBehaviour: , unhandledPromptBehavior: , version: 64.0.3282.186, webStorageEnabled: true}
Session ID: e5985c403b017893253fe0c08360fcc2)]]></system-out>
         <system-err><![CDATA[2018-03-05 17:43:16 - [TEST_CASE][FAILED] - Test Cases/CuPaStefanie/38: Test Cases/CuPaStefanie/38 FAILED because (of) Unable to click on object 'Object Repository/CuPaDl/Icons/Icon_mountain' (Root cause: org.openqa.selenium.ElementNotVisibleException: element not visible
  (Session info: headless chrome=64.0.3282.186)
  (Driver info: chromedriver=2.35.528161 (5b82f2d2aae0ca24b877009200ced9065a772e73),platform=Windows NT 10.0.16299 x86_64) (WARNING: The server did not provide any stacktrace information)
Command duration or timeout: 0 milliseconds
Build info: version: '3.7.1', revision: '8a0099a', time: '2017-11-06T21:07:36.161Z'
System info: host: 'DESKTOP-47R6KV7', ip: '192.168.100.78', os.name: 'Windows 10', os.arch: 'amd64', os.version: '10.0', java.version: '1.8.0_102'
Driver info: com.kms.katalon.selenium.driver.CChromeDriver
Capabilities {acceptInsecureCerts: false, acceptSslCerts: false, applicationCacheEnabled: false, browserConnectionEnabled: false, browserName: chrome, chrome: {chromedriverVersion: 2.35.528161 (5b82f2d2aae0ca..., userDataDir: C:\Users\MEGAPO~1\AppData\L...}, cssSelectorsEnabled: true, databaseEnabled: false, handlesAlerts: true, hasTouchScreen: false, javascriptEnabled: true, locationContextEnabled: true, mobileEmulationEnabled: false, nativeEvents: true, networkConnectionEnabled: false, pageLoadStrategy: normal, platform: XP, platformName: XP, rotatable: false, setWindowRect: true, takesHeapSnapshot: true, takesScreenshot: true, unexpectedAlertBehaviour: , unhandledPromptBehavior: , version: 64.0.3282.186, webStorageEnabled: true}
Session ID: e5985c403b017893253fe0c08360fcc2)]]></system-err>
      </testcase>
      <testcase name="Test Cases/CuPaStefanie/39" classname="Test Cases/CuPaStefanie/39" status="FAILED">
         <failure type="FAILED" message="Unable to click on object 'Object Repository/CuPaDl/Icons/Icon_simplecompass' (Root cause: org.openqa.selenium.ElementNotVisibleException: element not visible
  (Session info: headless chrome=64.0.3282.186)
  (Driver info: chromedriver=2.35.528161 (5b82f2d2aae0ca24b877009200ced9065a772e73),platform=Windows NT 10.0.16299 x86_64) (WARNING: The server did not provide any stacktrace information)
Command duration or timeout: 0 milliseconds
Build info: version: '3.7.1', revision: '8a0099a', time: '2017-11-06T21:07:36.161Z'
System info: host: 'DESKTOP-47R6KV7', ip: '192.168.100.78', os.name: 'Windows 10', os.arch: 'amd64', os.version: '10.0', java.version: '1.8.0_102'
Driver info: com.kms.katalon.selenium.driver.CChromeDriver
Capabilities {acceptInsecureCerts: false, acceptSslCerts: false, applicationCacheEnabled: false, browserConnectionEnabled: false, browserName: chrome, chrome: {chromedriverVersion: 2.35.528161 (5b82f2d2aae0ca..., userDataDir: C:\Users\MEGAPO~1\AppData\L...}, cssSelectorsEnabled: true, databaseEnabled: false, handlesAlerts: true, hasTouchScreen: false, javascriptEnabled: true, locationContextEnabled: true, mobileEmulationEnabled: false, nativeEvents: true, networkConnectionEnabled: false, pageLoadStrategy: normal, platform: XP, platformName: XP, rotatable: false, setWindowRect: true, takesHeapSnapshot: true, takesScreenshot: true, unexpectedAlertBehaviour: , unhandledPromptBehavior: , version: 64.0.3282.186, webStorageEnabled: true}
Session ID: 75d32b3d24ce02c1cebb5a5204c5576c)"/>
         <system-out><![CDATA[2018-03-05 17:44:12 - [TEST_CASE][FAILED] - Test Cases/CuPaStefanie/39: Test Cases/CuPaStefanie/39 FAILED because (of) Unable to click on object 'Object Repository/CuPaDl/Icons/Icon_simplecompass' (Root cause: org.openqa.selenium.ElementNotVisibleException: element not visible
  (Session info: headless chrome=64.0.3282.186)
  (Driver info: chromedriver=2.35.528161 (5b82f2d2aae0ca24b877009200ced9065a772e73),platform=Windows NT 10.0.16299 x86_64) (WARNING: The server did not provide any stacktrace information)
Command duration or timeout: 0 milliseconds
Build info: version: '3.7.1', revision: '8a0099a', time: '2017-11-06T21:07:36.161Z'
System info: host: 'DESKTOP-47R6KV7', ip: '192.168.100.78', os.name: 'Windows 10', os.arch: 'amd64', os.version: '10.0', java.version: '1.8.0_102'
Driver info: com.kms.katalon.selenium.driver.CChromeDriver
Capabilities {acceptInsecureCerts: false, acceptSslCerts: false, applicationCacheEnabled: false, browserConnectionEnabled: false, browserName: chrome, chrome: {chromedriverVersion: 2.35.528161 (5b82f2d2aae0ca..., userDataDir: C:\Users\MEGAPO~1\AppData\L...}, cssSelectorsEnabled: true, databaseEnabled: false, handlesAlerts: true, hasTouchScreen: false, javascriptEnabled: true, locationContextEnabled: true, mobileEmulationEnabled: false, nativeEvents: true, networkConnectionEnabled: false, pageLoadStrategy: normal, platform: XP, platformName: XP, rotatable: false, setWindowRect: true, takesHeapSnapshot: true, takesScreenshot: true, unexpectedAlertBehaviour: , unhandledPromptBehavior: , version: 64.0.3282.186, webStorageEnabled: true}
Session ID: 75d32b3d24ce02c1cebb5a5204c5576c)

2018-03-05 17:44:13 - [TEST_STEP][PASSED] - Statement - timeStamp = new java.text.SimpleDateFormat(dd.MM.yyyy).format(java.util.Calendar.getInstance().getTime()): null

2018-03-05 17:44:13 - [TEST_STEP][PASSED] - Statement - timeStampScreenshot = new java.text.SimpleDateFormat(dd.MM.yyyy).format(java.util.Calendar.getInstance().getTime()): null

2018-03-05 17:44:13 - [TEST_STEP][PASSED] - Statement - iconmap = [:]: null

2018-03-05 17:44:13 - [TEST_STEP][PASSED] - Statement - txtmap = [:]: null

2018-03-05 17:44:13 - [TEST_STEP][PASSED] - Statement - signmap = [:]: null

2018-03-05 17:44:13 - [TEST_STEP][PASSED] - cupakeysDl.initStart.initialStart: cupakeysDl.initStart.initialStart is PASSED

2018-03-05 17:44:13 - [MESSAGE][WARNING] - A browser is already opened. Closing browser and opening a new one

2018-03-05 17:44:15 - [MESSAGE][PASSED] - Browser is opened with url: ''

2018-03-05 17:44:18 - [MESSAGE][PASSED] - Delayed 3 second(s)

2018-03-05 17:44:19 - [MESSAGE][PASSED] - Navigate to 'https://d16a4dsnr8a0k1.cloudfront.net/en/2455233.html?price=150.00%20%E2%82%AC&partName=wilsonPartName&vin=wilsonVin&modelCode=XP11&paint=P0A94&modelDescription=wilsonModelDescription&additionalEquipment=wilsonAdditionalEquipment' successfully

2018-03-05 17:44:19 - [MESSAGE][PASSED] - Object 'Object Repository/CuPaDl/Loading_indicator' is visible

2018-03-05 17:44:30 - [MESSAGE][PASSED] - Object 'Object Repository/CuPaDl/Loading_indicator' is NOT visible

2018-03-05 17:44:31 - [MESSAGE][PASSED] - Delayed 1 second(s)

2018-03-05 17:44:31 - [MESSAGE][PASSED] - cupakeysDl.initStart.initialStart is PASSED

2018-03-05 17:44:31 - [TEST_STEP][PASSED] - Statement - (step++): null

2018-03-05 17:44:31 - [TEST_STEP][PASSED] - cupakeysDl.color.changecolor: cupakeysDl.color.changecolor is PASSED

2018-03-05 17:44:31 - [MESSAGE][PASSED] - Object 'Object Repository/CuPaDl/Color/Color' is visible

2018-03-05 17:44:31 - [MESSAGE][PASSED] - Object: 'Object Repository/CuPaDl/Color/Color' is clicked on

2018-03-05 17:44:31 - [MESSAGE][WARNING] - Timeout '0' is invalid. Using default page load timeout: '30'

2018-03-05 17:44:31 - [MESSAGE][PASSED] - Object 'Object Repository/CuPaDl/Color/Color_electricblue' is visible

2018-03-05 17:44:32 - [MESSAGE][PASSED] - Delayed 1 second(s)

2018-03-05 17:44:32 - [MESSAGE][PASSED] - Object: 'Object Repository/CuPaDl/Color/Color_electricblue' is clicked on

2018-03-05 17:44:34 - [MESSAGE][PASSED] - Object 'Object Repository/CuPaDl/Loading_indicator' is visible

2018-03-05 17:44:35 - [MESSAGE][PASSED] - Object 'Object Repository/CuPaDl/Loading_indicator' is NOT visible

2018-03-05 17:44:36 - [MESSAGE][PASSED] - Delayed 1 second(s)

2018-03-05 17:44:36 - [MESSAGE][PASSED] - cupakeysDl.color.changecolor is PASSED

2018-03-05 17:44:36 - [TEST_STEP][PASSED] - Statement - (step++): null

2018-03-05 17:44:36 - [TEST_STEP][FAILED] - Statement - iconmap += CustomKeywords.cupakeysDl.iconad.iconadd("simplecompass", LoadTimeCorrector, step, run, device, timeStamp, iconcount): Unable to click on object 'Object Repository/CuPaDl/Icons/Icon_simplecompass' (Root cause: org.openqa.selenium.ElementNotVisibleException: element not visible
  (Session info: headless chrome=64.0.3282.186)
  (Driver info: chromedriver=2.35.528161 (5b82f2d2aae0ca24b877009200ced9065a772e73),platform=Windows NT 10.0.16299 x86_64) (WARNING: The server did not provide any stacktrace information)
Command duration or timeout: 0 milliseconds
Build info: version: '3.7.1', revision: '8a0099a', time: '2017-11-06T21:07:36.161Z'
System info: host: 'DESKTOP-47R6KV7', ip: '192.168.100.78', os.name: 'Windows 10', os.arch: 'amd64', os.version: '10.0', java.version: '1.8.0_102'
Driver info: com.kms.katalon.selenium.driver.CChromeDriver
Capabilities {acceptInsecureCerts: false, acceptSslCerts: false, applicationCacheEnabled: false, browserConnectionEnabled: false, browserName: chrome, chrome: {chromedriverVersion: 2.35.528161 (5b82f2d2aae0ca..., userDataDir: C:\Users\MEGAPO~1\AppData\L...}, cssSelectorsEnabled: true, databaseEnabled: false, handlesAlerts: true, hasTouchScreen: false, javascriptEnabled: true, locationContextEnabled: true, mobileEmulationEnabled: false, nativeEvents: true, networkConnectionEnabled: false, pageLoadStrategy: normal, platform: XP, platformName: XP, rotatable: false, setWindowRect: true, takesHeapSnapshot: true, takesScreenshot: true, unexpectedAlertBehaviour: , unhandledPromptBehavior: , version: 64.0.3282.186, webStorageEnabled: true}
Session ID: 75d32b3d24ce02c1cebb5a5204c5576c)

2018-03-05 17:44:36 - [MESSAGE][PASSED] - Object 'Object Repository/CuPaDl/Icons/Icon' is visible

2018-03-05 17:44:37 - [MESSAGE][PASSED] - Object: 'Object Repository/CuPaDl/Icons/Icon' is clicked on

2018-03-05 17:44:37 - [MESSAGE][WARNING] - Timeout '0' is invalid. Using default page load timeout: '30'

2018-03-05 17:45:07 - [MESSAGE][WARNING] - Object 'Object Repository/CuPaDl/Icons/Icon_simplecompass' is not visible after 30 second(s)

2018-03-05 17:45:08 - [MESSAGE][PASSED] - Delayed 1 second(s)

2018-03-05 17:45:08 - [MESSAGE][FAILED] - Unable to click on object 'Object Repository/CuPaDl/Icons/Icon_simplecompass' (Root cause: org.openqa.selenium.ElementNotVisibleException: element not visible
  (Session info: headless chrome=64.0.3282.186)
  (Driver info: chromedriver=2.35.528161 (5b82f2d2aae0ca24b877009200ced9065a772e73),platform=Windows NT 10.0.16299 x86_64) (WARNING: The server did not provide any stacktrace information)
Command duration or timeout: 0 milliseconds
Build info: version: '3.7.1', revision: '8a0099a', time: '2017-11-06T21:07:36.161Z'
System info: host: 'DESKTOP-47R6KV7', ip: '192.168.100.78', os.name: 'Windows 10', os.arch: 'amd64', os.version: '10.0', java.version: '1.8.0_102'
Driver info: com.kms.katalon.selenium.driver.CChromeDriver
Capabilities {acceptInsecureCerts: false, acceptSslCerts: false, applicationCacheEnabled: false, browserConnectionEnabled: false, browserName: chrome, chrome: {chromedriverVersion: 2.35.528161 (5b82f2d2aae0ca..., userDataDir: C:\Users\MEGAPO~1\AppData\L...}, cssSelectorsEnabled: true, databaseEnabled: false, handlesAlerts: true, hasTouchScreen: false, javascriptEnabled: true, locationContextEnabled: true, mobileEmulationEnabled: false, nativeEvents: true, networkConnectionEnabled: false, pageLoadStrategy: normal, platform: XP, platformName: XP, rotatable: false, setWindowRect: true, takesHeapSnapshot: true, takesScreenshot: true, unexpectedAlertBehaviour: , unhandledPromptBehavior: , version: 64.0.3282.186, webStorageEnabled: true}
Session ID: 75d32b3d24ce02c1cebb5a5204c5576c)

2018-03-05 17:45:08 - [MESSAGE][FAILED] - Unable to click on object 'Object Repository/CuPaDl/Icons/Icon_simplecompass' (Root cause: org.openqa.selenium.ElementNotVisibleException: element not visible
  (Session info: headless chrome=64.0.3282.186)
  (Driver info: chromedriver=2.35.528161 (5b82f2d2aae0ca24b877009200ced9065a772e73),platform=Windows NT 10.0.16299 x86_64) (WARNING: The server did not provide any stacktrace information)
Command duration or timeout: 0 milliseconds
Build info: version: '3.7.1', revision: '8a0099a', time: '2017-11-06T21:07:36.161Z'
System info: host: 'DESKTOP-47R6KV7', ip: '192.168.100.78', os.name: 'Windows 10', os.arch: 'amd64', os.version: '10.0', java.version: '1.8.0_102'
Driver info: com.kms.katalon.selenium.driver.CChromeDriver
Capabilities {acceptInsecureCerts: false, acceptSslCerts: false, applicationCacheEnabled: false, browserConnectionEnabled: false, browserName: chrome, chrome: {chromedriverVersion: 2.35.528161 (5b82f2d2aae0ca..., userDataDir: C:\Users\MEGAPO~1\AppData\L...}, cssSelectorsEnabled: true, databaseEnabled: false, handlesAlerts: true, hasTouchScreen: false, javascriptEnabled: true, locationContextEnabled: true, mobileEmulationEnabled: false, nativeEvents: true, networkConnectionEnabled: false, pageLoadStrategy: normal, platform: XP, platformName: XP, rotatable: false, setWindowRect: true, takesHeapSnapshot: true, takesScreenshot: true, unexpectedAlertBehaviour: , unhandledPromptBehavior: , version: 64.0.3282.186, webStorageEnabled: true}
Session ID: 75d32b3d24ce02c1cebb5a5204c5576c)]]></system-out>
         <system-err><![CDATA[2018-03-05 17:44:12 - [TEST_CASE][FAILED] - Test Cases/CuPaStefanie/39: Test Cases/CuPaStefanie/39 FAILED because (of) Unable to click on object 'Object Repository/CuPaDl/Icons/Icon_simplecompass' (Root cause: org.openqa.selenium.ElementNotVisibleException: element not visible
  (Session info: headless chrome=64.0.3282.186)
  (Driver info: chromedriver=2.35.528161 (5b82f2d2aae0ca24b877009200ced9065a772e73),platform=Windows NT 10.0.16299 x86_64) (WARNING: The server did not provide any stacktrace information)
Command duration or timeout: 0 milliseconds
Build info: version: '3.7.1', revision: '8a0099a', time: '2017-11-06T21:07:36.161Z'
System info: host: 'DESKTOP-47R6KV7', ip: '192.168.100.78', os.name: 'Windows 10', os.arch: 'amd64', os.version: '10.0', java.version: '1.8.0_102'
Driver info: com.kms.katalon.selenium.driver.CChromeDriver
Capabilities {acceptInsecureCerts: false, acceptSslCerts: false, applicationCacheEnabled: false, browserConnectionEnabled: false, browserName: chrome, chrome: {chromedriverVersion: 2.35.528161 (5b82f2d2aae0ca..., userDataDir: C:\Users\MEGAPO~1\AppData\L...}, cssSelectorsEnabled: true, databaseEnabled: false, handlesAlerts: true, hasTouchScreen: false, javascriptEnabled: true, locationContextEnabled: true, mobileEmulationEnabled: false, nativeEvents: true, networkConnectionEnabled: false, pageLoadStrategy: normal, platform: XP, platformName: XP, rotatable: false, setWindowRect: true, takesHeapSnapshot: true, takesScreenshot: true, unexpectedAlertBehaviour: , unhandledPromptBehavior: , version: 64.0.3282.186, webStorageEnabled: true}
Session ID: 75d32b3d24ce02c1cebb5a5204c5576c)]]></system-err>
      </testcase>
      <testcase name="Test Cases/CuPaStefanie/40" classname="Test Cases/CuPaStefanie/40" status="FAILED">
         <failure type="FAILED" message="Unable to click on object 'Object Repository/CuPaDl/Icons/Icon_simplecompass' (Root cause: org.openqa.selenium.ElementNotVisibleException: element not visible
  (Session info: headless chrome=64.0.3282.186)
  (Driver info: chromedriver=2.35.528161 (5b82f2d2aae0ca24b877009200ced9065a772e73),platform=Windows NT 10.0.16299 x86_64) (WARNING: The server did not provide any stacktrace information)
Command duration or timeout: 0 milliseconds
Build info: version: '3.7.1', revision: '8a0099a', time: '2017-11-06T21:07:36.161Z'
System info: host: 'DESKTOP-47R6KV7', ip: '192.168.100.78', os.name: 'Windows 10', os.arch: 'amd64', os.version: '10.0', java.version: '1.8.0_102'
Driver info: com.kms.katalon.selenium.driver.CChromeDriver
Capabilities {acceptInsecureCerts: false, acceptSslCerts: false, applicationCacheEnabled: false, browserConnectionEnabled: false, browserName: chrome, chrome: {chromedriverVersion: 2.35.528161 (5b82f2d2aae0ca..., userDataDir: C:\Users\MEGAPO~1\AppData\L...}, cssSelectorsEnabled: true, databaseEnabled: false, handlesAlerts: true, hasTouchScreen: false, javascriptEnabled: true, locationContextEnabled: true, mobileEmulationEnabled: false, nativeEvents: true, networkConnectionEnabled: false, pageLoadStrategy: normal, platform: XP, platformName: XP, rotatable: false, setWindowRect: true, takesHeapSnapshot: true, takesScreenshot: true, unexpectedAlertBehaviour: , unhandledPromptBehavior: , version: 64.0.3282.186, webStorageEnabled: true}
Session ID: 971923b8e556b39f079c01e87300bbd4)"/>
         <system-out><![CDATA[2018-03-05 17:45:08 - [TEST_CASE][FAILED] - Test Cases/CuPaStefanie/40: Test Cases/CuPaStefanie/40 FAILED because (of) Unable to click on object 'Object Repository/CuPaDl/Icons/Icon_simplecompass' (Root cause: org.openqa.selenium.ElementNotVisibleException: element not visible
  (Session info: headless chrome=64.0.3282.186)
  (Driver info: chromedriver=2.35.528161 (5b82f2d2aae0ca24b877009200ced9065a772e73),platform=Windows NT 10.0.16299 x86_64) (WARNING: The server did not provide any stacktrace information)
Command duration or timeout: 0 milliseconds
Build info: version: '3.7.1', revision: '8a0099a', time: '2017-11-06T21:07:36.161Z'
System info: host: 'DESKTOP-47R6KV7', ip: '192.168.100.78', os.name: 'Windows 10', os.arch: 'amd64', os.version: '10.0', java.version: '1.8.0_102'
Driver info: com.kms.katalon.selenium.driver.CChromeDriver
Capabilities {acceptInsecureCerts: false, acceptSslCerts: false, applicationCacheEnabled: false, browserConnectionEnabled: false, browserName: chrome, chrome: {chromedriverVersion: 2.35.528161 (5b82f2d2aae0ca..., userDataDir: C:\Users\MEGAPO~1\AppData\L...}, cssSelectorsEnabled: true, databaseEnabled: false, handlesAlerts: true, hasTouchScreen: false, javascriptEnabled: true, locationContextEnabled: true, mobileEmulationEnabled: false, nativeEvents: true, networkConnectionEnabled: false, pageLoadStrategy: normal, platform: XP, platformName: XP, rotatable: false, setWindowRect: true, takesHeapSnapshot: true, takesScreenshot: true, unexpectedAlertBehaviour: , unhandledPromptBehavior: , version: 64.0.3282.186, webStorageEnabled: true}
Session ID: 971923b8e556b39f079c01e87300bbd4)

2018-03-05 17:45:08 - [TEST_STEP][PASSED] - Statement - timeStamp = new java.text.SimpleDateFormat(dd.MM.yyyy).format(java.util.Calendar.getInstance().getTime()): null

2018-03-05 17:45:08 - [TEST_STEP][PASSED] - Statement - timeStampScreenshot = new java.text.SimpleDateFormat(dd.MM.yyyy).format(java.util.Calendar.getInstance().getTime()): null

2018-03-05 17:45:08 - [TEST_STEP][PASSED] - Statement - iconmap = [:]: null

2018-03-05 17:45:08 - [TEST_STEP][PASSED] - Statement - txtmap = [:]: null

2018-03-05 17:45:08 - [TEST_STEP][PASSED] - Statement - signmap = [:]: null

2018-03-05 17:45:08 - [TEST_STEP][PASSED] - cupakeysDl.initStart.initialStart: cupakeysDl.initStart.initialStart is PASSED

2018-03-05 17:45:08 - [MESSAGE][WARNING] - A browser is already opened. Closing browser and opening a new one

2018-03-05 17:45:11 - [MESSAGE][PASSED] - Browser is opened with url: ''

2018-03-05 17:45:14 - [MESSAGE][PASSED] - Delayed 3 second(s)

2018-03-05 17:45:15 - [MESSAGE][PASSED] - Navigate to 'https://d16a4dsnr8a0k1.cloudfront.net/en/2455233.html?price=150.00%20%E2%82%AC&partName=wilsonPartName&vin=wilsonVin&modelCode=XP11&paint=P0A94&modelDescription=wilsonModelDescription&additionalEquipment=wilsonAdditionalEquipment' successfully

2018-03-05 17:45:15 - [MESSAGE][PASSED] - Object 'Object Repository/CuPaDl/Loading_indicator' is visible

2018-03-05 17:45:26 - [MESSAGE][PASSED] - Object 'Object Repository/CuPaDl/Loading_indicator' is NOT visible

2018-03-05 17:45:27 - [MESSAGE][PASSED] - Delayed 1 second(s)

2018-03-05 17:45:27 - [MESSAGE][PASSED] - cupakeysDl.initStart.initialStart is PASSED

2018-03-05 17:45:27 - [TEST_STEP][PASSED] - Statement - (step++): null

2018-03-05 17:45:27 - [TEST_STEP][PASSED] - cupakeysDl.color.changecolor: cupakeysDl.color.changecolor is PASSED

2018-03-05 17:45:27 - [MESSAGE][PASSED] - Object 'Object Repository/CuPaDl/Color/Color' is visible

2018-03-05 17:45:27 - [MESSAGE][PASSED] - Object: 'Object Repository/CuPaDl/Color/Color' is clicked on

2018-03-05 17:45:27 - [MESSAGE][WARNING] - Timeout '0' is invalid. Using default page load timeout: '30'

2018-03-05 17:45:27 - [MESSAGE][PASSED] - Object 'Object Repository/CuPaDl/Color/Color_lapisblue' is visible

2018-03-05 17:45:28 - [MESSAGE][PASSED] - Delayed 1 second(s)

2018-03-05 17:45:28 - [MESSAGE][PASSED] - Object: 'Object Repository/CuPaDl/Color/Color_lapisblue' is clicked on

2018-03-05 17:45:30 - [MESSAGE][PASSED] - Object 'Object Repository/CuPaDl/Loading_indicator' is visible

2018-03-05 17:45:31 - [MESSAGE][PASSED] - Object 'Object Repository/CuPaDl/Loading_indicator' is NOT visible

2018-03-05 17:45:32 - [MESSAGE][PASSED] - Delayed 1 second(s)

2018-03-05 17:45:32 - [MESSAGE][PASSED] - cupakeysDl.color.changecolor is PASSED

2018-03-05 17:45:32 - [TEST_STEP][PASSED] - Statement - (step++): null

2018-03-05 17:45:32 - [TEST_STEP][FAILED] - Statement - iconmap += CustomKeywords.cupakeysDl.iconad.iconadd("simplecompass", LoadTimeCorrector, step, run, device, timeStamp, iconcount): Unable to click on object 'Object Repository/CuPaDl/Icons/Icon_simplecompass' (Root cause: org.openqa.selenium.ElementNotVisibleException: element not visible
  (Session info: headless chrome=64.0.3282.186)
  (Driver info: chromedriver=2.35.528161 (5b82f2d2aae0ca24b877009200ced9065a772e73),platform=Windows NT 10.0.16299 x86_64) (WARNING: The server did not provide any stacktrace information)
Command duration or timeout: 0 milliseconds
Build info: version: '3.7.1', revision: '8a0099a', time: '2017-11-06T21:07:36.161Z'
System info: host: 'DESKTOP-47R6KV7', ip: '192.168.100.78', os.name: 'Windows 10', os.arch: 'amd64', os.version: '10.0', java.version: '1.8.0_102'
Driver info: com.kms.katalon.selenium.driver.CChromeDriver
Capabilities {acceptInsecureCerts: false, acceptSslCerts: false, applicationCacheEnabled: false, browserConnectionEnabled: false, browserName: chrome, chrome: {chromedriverVersion: 2.35.528161 (5b82f2d2aae0ca..., userDataDir: C:\Users\MEGAPO~1\AppData\L...}, cssSelectorsEnabled: true, databaseEnabled: false, handlesAlerts: true, hasTouchScreen: false, javascriptEnabled: true, locationContextEnabled: true, mobileEmulationEnabled: false, nativeEvents: true, networkConnectionEnabled: false, pageLoadStrategy: normal, platform: XP, platformName: XP, rotatable: false, setWindowRect: true, takesHeapSnapshot: true, takesScreenshot: true, unexpectedAlertBehaviour: , unhandledPromptBehavior: , version: 64.0.3282.186, webStorageEnabled: true}
Session ID: 971923b8e556b39f079c01e87300bbd4)

2018-03-05 17:45:32 - [MESSAGE][PASSED] - Object 'Object Repository/CuPaDl/Icons/Icon' is visible

2018-03-05 17:45:32 - [MESSAGE][PASSED] - Object: 'Object Repository/CuPaDl/Icons/Icon' is clicked on

2018-03-05 17:45:32 - [MESSAGE][WARNING] - Timeout '0' is invalid. Using default page load timeout: '30'

2018-03-05 17:46:03 - [MESSAGE][WARNING] - Object 'Object Repository/CuPaDl/Icons/Icon_simplecompass' is not visible after 30 second(s)

2018-03-05 17:46:04 - [MESSAGE][PASSED] - Delayed 1 second(s)

2018-03-05 17:46:04 - [MESSAGE][FAILED] - Unable to click on object 'Object Repository/CuPaDl/Icons/Icon_simplecompass' (Root cause: org.openqa.selenium.ElementNotVisibleException: element not visible
  (Session info: headless chrome=64.0.3282.186)
  (Driver info: chromedriver=2.35.528161 (5b82f2d2aae0ca24b877009200ced9065a772e73),platform=Windows NT 10.0.16299 x86_64) (WARNING: The server did not provide any stacktrace information)
Command duration or timeout: 0 milliseconds
Build info: version: '3.7.1', revision: '8a0099a', time: '2017-11-06T21:07:36.161Z'
System info: host: 'DESKTOP-47R6KV7', ip: '192.168.100.78', os.name: 'Windows 10', os.arch: 'amd64', os.version: '10.0', java.version: '1.8.0_102'
Driver info: com.kms.katalon.selenium.driver.CChromeDriver
Capabilities {acceptInsecureCerts: false, acceptSslCerts: false, applicationCacheEnabled: false, browserConnectionEnabled: false, browserName: chrome, chrome: {chromedriverVersion: 2.35.528161 (5b82f2d2aae0ca..., userDataDir: C:\Users\MEGAPO~1\AppData\L...}, cssSelectorsEnabled: true, databaseEnabled: false, handlesAlerts: true, hasTouchScreen: false, javascriptEnabled: true, locationContextEnabled: true, mobileEmulationEnabled: false, nativeEvents: true, networkConnectionEnabled: false, pageLoadStrategy: normal, platform: XP, platformName: XP, rotatable: false, setWindowRect: true, takesHeapSnapshot: true, takesScreenshot: true, unexpectedAlertBehaviour: , unhandledPromptBehavior: , version: 64.0.3282.186, webStorageEnabled: true}
Session ID: 971923b8e556b39f079c01e87300bbd4)

2018-03-05 17:46:04 - [MESSAGE][FAILED] - Unable to click on object 'Object Repository/CuPaDl/Icons/Icon_simplecompass' (Root cause: org.openqa.selenium.ElementNotVisibleException: element not visible
  (Session info: headless chrome=64.0.3282.186)
  (Driver info: chromedriver=2.35.528161 (5b82f2d2aae0ca24b877009200ced9065a772e73),platform=Windows NT 10.0.16299 x86_64) (WARNING: The server did not provide any stacktrace information)
Command duration or timeout: 0 milliseconds
Build info: version: '3.7.1', revision: '8a0099a', time: '2017-11-06T21:07:36.161Z'
System info: host: 'DESKTOP-47R6KV7', ip: '192.168.100.78', os.name: 'Windows 10', os.arch: 'amd64', os.version: '10.0', java.version: '1.8.0_102'
Driver info: com.kms.katalon.selenium.driver.CChromeDriver
Capabilities {acceptInsecureCerts: false, acceptSslCerts: false, applicationCacheEnabled: false, browserConnectionEnabled: false, browserName: chrome, chrome: {chromedriverVersion: 2.35.528161 (5b82f2d2aae0ca..., userDataDir: C:\Users\MEGAPO~1\AppData\L...}, cssSelectorsEnabled: true, databaseEnabled: false, handlesAlerts: true, hasTouchScreen: false, javascriptEnabled: true, locationContextEnabled: true, mobileEmulationEnabled: false, nativeEvents: true, networkConnectionEnabled: false, pageLoadStrategy: normal, platform: XP, platformName: XP, rotatable: false, setWindowRect: true, takesHeapSnapshot: true, takesScreenshot: true, unexpectedAlertBehaviour: , unhandledPromptBehavior: , version: 64.0.3282.186, webStorageEnabled: true}
Session ID: 971923b8e556b39f079c01e87300bbd4)]]></system-out>
         <system-err><![CDATA[2018-03-05 17:45:08 - [TEST_CASE][FAILED] - Test Cases/CuPaStefanie/40: Test Cases/CuPaStefanie/40 FAILED because (of) Unable to click on object 'Object Repository/CuPaDl/Icons/Icon_simplecompass' (Root cause: org.openqa.selenium.ElementNotVisibleException: element not visible
  (Session info: headless chrome=64.0.3282.186)
  (Driver info: chromedriver=2.35.528161 (5b82f2d2aae0ca24b877009200ced9065a772e73),platform=Windows NT 10.0.16299 x86_64) (WARNING: The server did not provide any stacktrace information)
Command duration or timeout: 0 milliseconds
Build info: version: '3.7.1', revision: '8a0099a', time: '2017-11-06T21:07:36.161Z'
System info: host: 'DESKTOP-47R6KV7', ip: '192.168.100.78', os.name: 'Windows 10', os.arch: 'amd64', os.version: '10.0', java.version: '1.8.0_102'
Driver info: com.kms.katalon.selenium.driver.CChromeDriver
Capabilities {acceptInsecureCerts: false, acceptSslCerts: false, applicationCacheEnabled: false, browserConnectionEnabled: false, browserName: chrome, chrome: {chromedriverVersion: 2.35.528161 (5b82f2d2aae0ca..., userDataDir: C:\Users\MEGAPO~1\AppData\L...}, cssSelectorsEnabled: true, databaseEnabled: false, handlesAlerts: true, hasTouchScreen: false, javascriptEnabled: true, locationContextEnabled: true, mobileEmulationEnabled: false, nativeEvents: true, networkConnectionEnabled: false, pageLoadStrategy: normal, platform: XP, platformName: XP, rotatable: false, setWindowRect: true, takesHeapSnapshot: true, takesScreenshot: true, unexpectedAlertBehaviour: , unhandledPromptBehavior: , version: 64.0.3282.186, webStorageEnabled: true}
Session ID: 971923b8e556b39f079c01e87300bbd4)]]></system-err>
      </testcase>
      <testcase name="Test Cases/CuPaStefanie/41" classname="Test Cases/CuPaStefanie/41" status="FAILED">
         <failure type="FAILED" message="Unable to click on object 'Object Repository/CuPaDl/Icons/Icon_worldmap' (Root cause: org.openqa.selenium.ElementNotVisibleException: element not visible
  (Session info: headless chrome=64.0.3282.186)
  (Driver info: chromedriver=2.35.528161 (5b82f2d2aae0ca24b877009200ced9065a772e73),platform=Windows NT 10.0.16299 x86_64) (WARNING: The server did not provide any stacktrace information)
Command duration or timeout: 0 milliseconds
Build info: version: '3.7.1', revision: '8a0099a', time: '2017-11-06T21:07:36.161Z'
System info: host: 'DESKTOP-47R6KV7', ip: '192.168.100.78', os.name: 'Windows 10', os.arch: 'amd64', os.version: '10.0', java.version: '1.8.0_102'
Driver info: com.kms.katalon.selenium.driver.CChromeDriver
Capabilities {acceptInsecureCerts: false, acceptSslCerts: false, applicationCacheEnabled: false, browserConnectionEnabled: false, browserName: chrome, chrome: {chromedriverVersion: 2.35.528161 (5b82f2d2aae0ca..., userDataDir: C:\Users\MEGAPO~1\AppData\L...}, cssSelectorsEnabled: true, databaseEnabled: false, handlesAlerts: true, hasTouchScreen: false, javascriptEnabled: true, locationContextEnabled: true, mobileEmulationEnabled: false, nativeEvents: true, networkConnectionEnabled: false, pageLoadStrategy: normal, platform: XP, platformName: XP, rotatable: false, setWindowRect: true, takesHeapSnapshot: true, takesScreenshot: true, unexpectedAlertBehaviour: , unhandledPromptBehavior: , version: 64.0.3282.186, webStorageEnabled: true}
Session ID: 014c73eb4875b488dcf6e3229e57e00a)"/>
         <system-out><![CDATA[2018-03-05 17:46:04 - [TEST_CASE][FAILED] - Test Cases/CuPaStefanie/41: Test Cases/CuPaStefanie/41 FAILED because (of) Unable to click on object 'Object Repository/CuPaDl/Icons/Icon_worldmap' (Root cause: org.openqa.selenium.ElementNotVisibleException: element not visible
  (Session info: headless chrome=64.0.3282.186)
  (Driver info: chromedriver=2.35.528161 (5b82f2d2aae0ca24b877009200ced9065a772e73),platform=Windows NT 10.0.16299 x86_64) (WARNING: The server did not provide any stacktrace information)
Command duration or timeout: 0 milliseconds
Build info: version: '3.7.1', revision: '8a0099a', time: '2017-11-06T21:07:36.161Z'
System info: host: 'DESKTOP-47R6KV7', ip: '192.168.100.78', os.name: 'Windows 10', os.arch: 'amd64', os.version: '10.0', java.version: '1.8.0_102'
Driver info: com.kms.katalon.selenium.driver.CChromeDriver
Capabilities {acceptInsecureCerts: false, acceptSslCerts: false, applicationCacheEnabled: false, browserConnectionEnabled: false, browserName: chrome, chrome: {chromedriverVersion: 2.35.528161 (5b82f2d2aae0ca..., userDataDir: C:\Users\MEGAPO~1\AppData\L...}, cssSelectorsEnabled: true, databaseEnabled: false, handlesAlerts: true, hasTouchScreen: false, javascriptEnabled: true, locationContextEnabled: true, mobileEmulationEnabled: false, nativeEvents: true, networkConnectionEnabled: false, pageLoadStrategy: normal, platform: XP, platformName: XP, rotatable: false, setWindowRect: true, takesHeapSnapshot: true, takesScreenshot: true, unexpectedAlertBehaviour: , unhandledPromptBehavior: , version: 64.0.3282.186, webStorageEnabled: true}
Session ID: 014c73eb4875b488dcf6e3229e57e00a)

2018-03-05 17:46:04 - [TEST_STEP][PASSED] - Statement - timeStamp = new java.text.SimpleDateFormat(dd.MM.yyyy).format(java.util.Calendar.getInstance().getTime()): null

2018-03-05 17:46:04 - [TEST_STEP][PASSED] - Statement - timeStampScreenshot = new java.text.SimpleDateFormat(dd.MM.yyyy).format(java.util.Calendar.getInstance().getTime()): null

2018-03-05 17:46:04 - [TEST_STEP][PASSED] - Statement - iconmap = [:]: null

2018-03-05 17:46:04 - [TEST_STEP][PASSED] - Statement - txtmap = [:]: null

2018-03-05 17:46:04 - [TEST_STEP][PASSED] - Statement - signmap = [:]: null

2018-03-05 17:46:04 - [TEST_STEP][PASSED] - cupakeysDl.initStart.initialStart: cupakeysDl.initStart.initialStart is PASSED

2018-03-05 17:46:04 - [MESSAGE][WARNING] - A browser is already opened. Closing browser and opening a new one

2018-03-05 17:46:07 - [MESSAGE][PASSED] - Browser is opened with url: ''

2018-03-05 17:46:10 - [MESSAGE][PASSED] - Delayed 3 second(s)

2018-03-05 17:46:11 - [MESSAGE][PASSED] - Navigate to 'https://d16a4dsnr8a0k1.cloudfront.net/en/2455233.html?price=150.00%20%E2%82%AC&partName=wilsonPartName&vin=wilsonVin&modelCode=XP11&paint=P0A94&modelDescription=wilsonModelDescription&additionalEquipment=wilsonAdditionalEquipment' successfully

2018-03-05 17:46:11 - [MESSAGE][PASSED] - Object 'Object Repository/CuPaDl/Loading_indicator' is visible

2018-03-05 17:46:22 - [MESSAGE][PASSED] - Object 'Object Repository/CuPaDl/Loading_indicator' is NOT visible

2018-03-05 17:46:23 - [MESSAGE][PASSED] - Delayed 1 second(s)

2018-03-05 17:46:23 - [MESSAGE][PASSED] - cupakeysDl.initStart.initialStart is PASSED

2018-03-05 17:46:23 - [TEST_STEP][PASSED] - Statement - (step++): null

2018-03-05 17:46:23 - [TEST_STEP][PASSED] - cupakeysDl.color.changecolor: cupakeysDl.color.changecolor is PASSED

2018-03-05 17:46:23 - [MESSAGE][PASSED] - Object 'Object Repository/CuPaDl/Color/Color' is visible

2018-03-05 17:46:23 - [MESSAGE][PASSED] - Object: 'Object Repository/CuPaDl/Color/Color' is clicked on

2018-03-05 17:46:23 - [MESSAGE][WARNING] - Timeout '0' is invalid. Using default page load timeout: '30'

2018-03-05 17:46:24 - [MESSAGE][PASSED] - Object 'Object Repository/CuPaDl/Color/Color_rebelgreen' is visible

2018-03-05 17:46:25 - [MESSAGE][PASSED] - Delayed 1 second(s)

2018-03-05 17:46:25 - [MESSAGE][PASSED] - Object: 'Object Repository/CuPaDl/Color/Color_rebelgreen' is clicked on

2018-03-05 17:46:26 - [MESSAGE][PASSED] - Object 'Object Repository/CuPaDl/Loading_indicator' is visible

2018-03-05 17:46:27 - [MESSAGE][PASSED] - Object 'Object Repository/CuPaDl/Loading_indicator' is NOT visible

2018-03-05 17:46:28 - [MESSAGE][PASSED] - Delayed 1 second(s)

2018-03-05 17:46:28 - [MESSAGE][PASSED] - cupakeysDl.color.changecolor is PASSED

2018-03-05 17:46:28 - [TEST_STEP][PASSED] - Statement - (step++): null

2018-03-05 17:46:28 - [TEST_STEP][FAILED] - Statement - iconmap += CustomKeywords.cupakeysDl.iconad.iconadd("worldmap", LoadTimeCorrector, step, run, device, timeStamp, iconcount): Unable to click on object 'Object Repository/CuPaDl/Icons/Icon_worldmap' (Root cause: org.openqa.selenium.ElementNotVisibleException: element not visible
  (Session info: headless chrome=64.0.3282.186)
  (Driver info: chromedriver=2.35.528161 (5b82f2d2aae0ca24b877009200ced9065a772e73),platform=Windows NT 10.0.16299 x86_64) (WARNING: The server did not provide any stacktrace information)
Command duration or timeout: 0 milliseconds
Build info: version: '3.7.1', revision: '8a0099a', time: '2017-11-06T21:07:36.161Z'
System info: host: 'DESKTOP-47R6KV7', ip: '192.168.100.78', os.name: 'Windows 10', os.arch: 'amd64', os.version: '10.0', java.version: '1.8.0_102'
Driver info: com.kms.katalon.selenium.driver.CChromeDriver
Capabilities {acceptInsecureCerts: false, acceptSslCerts: false, applicationCacheEnabled: false, browserConnectionEnabled: false, browserName: chrome, chrome: {chromedriverVersion: 2.35.528161 (5b82f2d2aae0ca..., userDataDir: C:\Users\MEGAPO~1\AppData\L...}, cssSelectorsEnabled: true, databaseEnabled: false, handlesAlerts: true, hasTouchScreen: false, javascriptEnabled: true, locationContextEnabled: true, mobileEmulationEnabled: false, nativeEvents: true, networkConnectionEnabled: false, pageLoadStrategy: normal, platform: XP, platformName: XP, rotatable: false, setWindowRect: true, takesHeapSnapshot: true, takesScreenshot: true, unexpectedAlertBehaviour: , unhandledPromptBehavior: , version: 64.0.3282.186, webStorageEnabled: true}
Session ID: 014c73eb4875b488dcf6e3229e57e00a)

2018-03-05 17:46:28 - [MESSAGE][PASSED] - Object 'Object Repository/CuPaDl/Icons/Icon' is visible

2018-03-05 17:46:28 - [MESSAGE][PASSED] - Object: 'Object Repository/CuPaDl/Icons/Icon' is clicked on

2018-03-05 17:46:28 - [MESSAGE][WARNING] - Timeout '0' is invalid. Using default page load timeout: '30'

2018-03-05 17:46:59 - [MESSAGE][WARNING] - Object 'Object Repository/CuPaDl/Icons/Icon_worldmap' is not visible after 30 second(s)

2018-03-05 17:47:00 - [MESSAGE][PASSED] - Delayed 1 second(s)

2018-03-05 17:47:00 - [MESSAGE][FAILED] - Unable to click on object 'Object Repository/CuPaDl/Icons/Icon_worldmap' (Root cause: org.openqa.selenium.ElementNotVisibleException: element not visible
  (Session info: headless chrome=64.0.3282.186)
  (Driver info: chromedriver=2.35.528161 (5b82f2d2aae0ca24b877009200ced9065a772e73),platform=Windows NT 10.0.16299 x86_64) (WARNING: The server did not provide any stacktrace information)
Command duration or timeout: 0 milliseconds
Build info: version: '3.7.1', revision: '8a0099a', time: '2017-11-06T21:07:36.161Z'
System info: host: 'DESKTOP-47R6KV7', ip: '192.168.100.78', os.name: 'Windows 10', os.arch: 'amd64', os.version: '10.0', java.version: '1.8.0_102'
Driver info: com.kms.katalon.selenium.driver.CChromeDriver
Capabilities {acceptInsecureCerts: false, acceptSslCerts: false, applicationCacheEnabled: false, browserConnectionEnabled: false, browserName: chrome, chrome: {chromedriverVersion: 2.35.528161 (5b82f2d2aae0ca..., userDataDir: C:\Users\MEGAPO~1\AppData\L...}, cssSelectorsEnabled: true, databaseEnabled: false, handlesAlerts: true, hasTouchScreen: false, javascriptEnabled: true, locationContextEnabled: true, mobileEmulationEnabled: false, nativeEvents: true, networkConnectionEnabled: false, pageLoadStrategy: normal, platform: XP, platformName: XP, rotatable: false, setWindowRect: true, takesHeapSnapshot: true, takesScreenshot: true, unexpectedAlertBehaviour: , unhandledPromptBehavior: , version: 64.0.3282.186, webStorageEnabled: true}
Session ID: 014c73eb4875b488dcf6e3229e57e00a)

2018-03-05 17:47:00 - [MESSAGE][FAILED] - Unable to click on object 'Object Repository/CuPaDl/Icons/Icon_worldmap' (Root cause: org.openqa.selenium.ElementNotVisibleException: element not visible
  (Session info: headless chrome=64.0.3282.186)
  (Driver info: chromedriver=2.35.528161 (5b82f2d2aae0ca24b877009200ced9065a772e73),platform=Windows NT 10.0.16299 x86_64) (WARNING: The server did not provide any stacktrace information)
Command duration or timeout: 0 milliseconds
Build info: version: '3.7.1', revision: '8a0099a', time: '2017-11-06T21:07:36.161Z'
System info: host: 'DESKTOP-47R6KV7', ip: '192.168.100.78', os.name: 'Windows 10', os.arch: 'amd64', os.version: '10.0', java.version: '1.8.0_102'
Driver info: com.kms.katalon.selenium.driver.CChromeDriver
Capabilities {acceptInsecureCerts: false, acceptSslCerts: false, applicationCacheEnabled: false, browserConnectionEnabled: false, browserName: chrome, chrome: {chromedriverVersion: 2.35.528161 (5b82f2d2aae0ca..., userDataDir: C:\Users\MEGAPO~1\AppData\L...}, cssSelectorsEnabled: true, databaseEnabled: false, handlesAlerts: true, hasTouchScreen: false, javascriptEnabled: true, locationContextEnabled: true, mobileEmulationEnabled: false, nativeEvents: true, networkConnectionEnabled: false, pageLoadStrategy: normal, platform: XP, platformName: XP, rotatable: false, setWindowRect: true, takesHeapSnapshot: true, takesScreenshot: true, unexpectedAlertBehaviour: , unhandledPromptBehavior: , version: 64.0.3282.186, webStorageEnabled: true}
Session ID: 014c73eb4875b488dcf6e3229e57e00a)]]></system-out>
         <system-err><![CDATA[2018-03-05 17:46:04 - [TEST_CASE][FAILED] - Test Cases/CuPaStefanie/41: Test Cases/CuPaStefanie/41 FAILED because (of) Unable to click on object 'Object Repository/CuPaDl/Icons/Icon_worldmap' (Root cause: org.openqa.selenium.ElementNotVisibleException: element not visible
  (Session info: headless chrome=64.0.3282.186)
  (Driver info: chromedriver=2.35.528161 (5b82f2d2aae0ca24b877009200ced9065a772e73),platform=Windows NT 10.0.16299 x86_64) (WARNING: The server did not provide any stacktrace information)
Command duration or timeout: 0 milliseconds
Build info: version: '3.7.1', revision: '8a0099a', time: '2017-11-06T21:07:36.161Z'
System info: host: 'DESKTOP-47R6KV7', ip: '192.168.100.78', os.name: 'Windows 10', os.arch: 'amd64', os.version: '10.0', java.version: '1.8.0_102'
Driver info: com.kms.katalon.selenium.driver.CChromeDriver
Capabilities {acceptInsecureCerts: false, acceptSslCerts: false, applicationCacheEnabled: false, browserConnectionEnabled: false, browserName: chrome, chrome: {chromedriverVersion: 2.35.528161 (5b82f2d2aae0ca..., userDataDir: C:\Users\MEGAPO~1\AppData\L...}, cssSelectorsEnabled: true, databaseEnabled: false, handlesAlerts: true, hasTouchScreen: false, javascriptEnabled: true, locationContextEnabled: true, mobileEmulationEnabled: false, nativeEvents: true, networkConnectionEnabled: false, pageLoadStrategy: normal, platform: XP, platformName: XP, rotatable: false, setWindowRect: true, takesHeapSnapshot: true, takesScreenshot: true, unexpectedAlertBehaviour: , unhandledPromptBehavior: , version: 64.0.3282.186, webStorageEnabled: true}
Session ID: 014c73eb4875b488dcf6e3229e57e00a)]]></system-err>
      </testcase>
      <testcase name="Test Cases/CuPaStefanie/42" classname="Test Cases/CuPaStefanie/42" status="FAILED">
         <failure type="FAILED" message="Unable to wait for object to be visible (Root cause: java.lang.IllegalArgumentException: Object is null)"/>
         <system-out><![CDATA[2018-03-05 17:47:00 - [TEST_CASE][FAILED] - Test Cases/CuPaStefanie/42: Test Cases/CuPaStefanie/42 FAILED because (of) Unable to wait for object to be visible (Root cause: java.lang.IllegalArgumentException: Object is null)

2018-03-05 17:47:00 - [TEST_STEP][PASSED] - Statement - timeStamp = new java.text.SimpleDateFormat(dd.MM.yyyy).format(java.util.Calendar.getInstance().getTime()): null

2018-03-05 17:47:00 - [TEST_STEP][PASSED] - Statement - timeStampScreenshot = new java.text.SimpleDateFormat(dd.MM.yyyy).format(java.util.Calendar.getInstance().getTime()): null

2018-03-05 17:47:00 - [TEST_STEP][PASSED] - Statement - iconmap = [:]: null

2018-03-05 17:47:00 - [TEST_STEP][PASSED] - Statement - txtmap = [:]: null

2018-03-05 17:47:00 - [TEST_STEP][PASSED] - Statement - signmap = [:]: null

2018-03-05 17:47:00 - [TEST_STEP][PASSED] - cupakeysDl.initStart.initialStart: cupakeysDl.initStart.initialStart is PASSED

2018-03-05 17:47:00 - [MESSAGE][WARNING] - A browser is already opened. Closing browser and opening a new one

2018-03-05 17:47:03 - [MESSAGE][PASSED] - Browser is opened with url: ''

2018-03-05 17:47:06 - [MESSAGE][PASSED] - Delayed 3 second(s)

2018-03-05 17:47:07 - [MESSAGE][PASSED] - Navigate to 'https://d16a4dsnr8a0k1.cloudfront.net/en/2455233.html?price=150.00%20%E2%82%AC&partName=wilsonPartName&vin=wilsonVin&modelCode=XP11&paint=P0A94&modelDescription=wilsonModelDescription&additionalEquipment=wilsonAdditionalEquipment' successfully

2018-03-05 17:47:07 - [MESSAGE][PASSED] - Object 'Object Repository/CuPaDl/Loading_indicator' is visible

2018-03-05 17:47:18 - [MESSAGE][PASSED] - Object 'Object Repository/CuPaDl/Loading_indicator' is NOT visible

2018-03-05 17:47:19 - [MESSAGE][PASSED] - Delayed 1 second(s)

2018-03-05 17:47:19 - [MESSAGE][PASSED] - cupakeysDl.initStart.initialStart is PASSED

2018-03-05 17:47:19 - [TEST_STEP][PASSED] - Statement - (step++): null

2018-03-05 17:47:19 - [TEST_STEP][FAILED] - cupakeysDl.color.changecolor: Unable to wait for object to be visible (Root cause: java.lang.IllegalArgumentException: Object is null)

2018-03-05 17:47:19 - [MESSAGE][PASSED] - Object 'Object Repository/CuPaDl/Color/Color' is visible

2018-03-05 17:47:19 - [MESSAGE][PASSED] - Object: 'Object Repository/CuPaDl/Color/Color' is clicked on

2018-03-05 17:47:19 - [MESSAGE][WARNING] - Test object with id 'Object Repository/CuPaDl/Color/Color_caribeanblue' does not exist

2018-03-05 17:47:19 - [MESSAGE][WARNING] - Test object with id 'Object Repository/' does not exist

2018-03-05 17:47:19 - [MESSAGE][FAILED] - Unable to wait for object to be visible (Root cause: java.lang.IllegalArgumentException: Object is null)

2018-03-05 17:47:19 - [MESSAGE][FAILED] - Unable to wait for object to be visible (Root cause: java.lang.IllegalArgumentException: Object is null)]]></system-out>
         <system-err><![CDATA[2018-03-05 17:47:00 - [TEST_CASE][FAILED] - Test Cases/CuPaStefanie/42: Test Cases/CuPaStefanie/42 FAILED because (of) Unable to wait for object to be visible (Root cause: java.lang.IllegalArgumentException: Object is null)]]></system-err>
      </testcase>
      <system-out><![CDATA[2018-03-05 17:05:55 - [TEST_SUITE][FAILED] - CuPa: Test Cases/CuPaStefanie/13 FAILED because (of) Unable to click on object 'Object Repository/CuPaDl/Structure/Structure_fade' (Root cause: org.openqa.selenium.ElementNotVisibleException: element not visible
  (Session info: headless chrome=64.0.3282.186)
  (Driver info: chromedriver=2.35.528161 (5b82f2d2aae0ca24b877009200ced9065a772e73),platform=Windows NT 10.0.16299 x86_64) (WARNING: The server did not provide any stacktrace information)
Command duration or timeout: 0 milliseconds
Build info: version: '3.7.1', revision: '8a0099a', time: '2017-11-06T21:07:36.161Z'
System info: host: 'DESKTOP-47R6KV7', ip: '192.168.100.78', os.name: 'Windows 10', os.arch: 'amd64', os.version: '10.0', java.version: '1.8.0_102'
Driver info: com.kms.katalon.selenium.driver.CChromeDriver
Capabilities {acceptInsecureCerts: false, acceptSslCerts: false, applicationCacheEnabled: false, browserConnectionEnabled: false, browserName: chrome, chrome: {chromedriverVersion: 2.35.528161 (5b82f2d2aae0ca..., userDataDir: C:\Users\MEGAPO~1\AppData\L...}, cssSelectorsEnabled: true, databaseEnabled: false, handlesAlerts: true, hasTouchScreen: false, javascriptEnabled: true, locationContextEnabled: true, mobileEmulationEnabled: false, nativeEvents: true, networkConnectionEnabled: false, pageLoadStrategy: normal, platform: XP, platformName: XP, rotatable: false, setWindowRect: true, takesHeapSnapshot: true, takesScreenshot: true, unexpectedAlertBehaviour: , unhandledPromptBehavior: , version: 64.0.3282.186, webStorageEnabled: true}
Session ID: 44663ff4784f7280214369e3811362b3)]]></system-out>
      <system-err><![CDATA[2018-03-05 17:05:55 - [TEST_SUITE][FAILED] - CuPa: Test Cases/CuPaStefanie/13 FAILED because (of) Unable to click on object 'Object Repository/CuPaDl/Structure/Structure_fade' (Root cause: org.openqa.selenium.ElementNotVisibleException: element not visible
  (Session info: headless chrome=64.0.3282.186)
  (Driver info: chromedriver=2.35.528161 (5b82f2d2aae0ca24b877009200ced9065a772e73),platform=Windows NT 10.0.16299 x86_64) (WARNING: The server did not provide any stacktrace information)
Command duration or timeout: 0 milliseconds
Build info: version: '3.7.1', revision: '8a0099a', time: '2017-11-06T21:07:36.161Z'
System info: host: 'DESKTOP-47R6KV7', ip: '192.168.100.78', os.name: 'Windows 10', os.arch: 'amd64', os.version: '10.0', java.version: '1.8.0_102'
Driver info: com.kms.katalon.selenium.driver.CChromeDriver
Capabilities {acceptInsecureCerts: false, acceptSslCerts: false, applicationCacheEnabled: false, browserConnectionEnabled: false, browserName: chrome, chrome: {chromedriverVersion: 2.35.528161 (5b82f2d2aae0ca..., userDataDir: C:\Users\MEGAPO~1\AppData\L...}, cssSelectorsEnabled: true, databaseEnabled: false, handlesAlerts: true, hasTouchScreen: false, javascriptEnabled: true, locationContextEnabled: true, mobileEmulationEnabled: false, nativeEvents: true, networkConnectionEnabled: false, pageLoadStrategy: normal, platform: XP, platformName: XP, rotatable: false, setWindowRect: true, takesHeapSnapshot: true, takesScreenshot: true, unexpectedAlertBehaviour: , unhandledPromptBehavior: , version: 64.0.3282.186, webStorageEnabled: true}
Session ID: 44663ff4784f7280214369e3811362b3)]]></system-err>
   </testsuite>
</testsuites>
