<?xml version="1.0" encoding="UTF-8"?>
<testsuites name="CuPa" time="2597" tests="43" failures="0" errors="0">
   <testsuite name="CuPa" tests="43" failures="0" errors="0" time="2597" timestamp="2018-03-06 10:32:02" hostname="Megapoort - DESKTOP-47R6KV7.localdomain" id="Test Suites/CuPa">
      <properties>
         <property name="deviceName" value=""/>
         <property name="devicePlatform" value=""/>
         <property name="logFolder" value="D:\\Project\\DS5.2.1\\Reports\\CuPa\\20180306_103201"/>
         <property name="logFiles" value="D:\\Project\\DS5.2.1\\Reports\\CuPa\\20180306_103201\\execution0.log"/>
         <property name="attachments" value=""/>
         <property name="hostName" value="Megapoort - DESKTOP-47R6KV7.localdomain"/>
         <property name="os" value="Windows 10 64bit"/>
         <property name="katalonVersion" value="5.3.1.1"/>
         <property name="browser" value="Chrome 64.0.3282.186"/>
         <property name="hostAddress" value="192.168.100.78"/>
         <property name="sessionId" value="24268e76a7633dbfc716031807644177"/>
         <property name="seleniumVersion" value="3.7.1"/>
         <property name="proxyInformation" value="ProxyInformation{proxyOption=NO_PROXY, proxyServerType=HTTP, password=, proxyServerAddress=, proxyServerPort=0}"/>
         <property name="platform" value="Windows 10"/>
      </properties>
      <testcase name="Test Cases/CuPaStefanie/0" classname="Test Cases/CuPaStefanie/0" status="PASSED">
         <system-out><![CDATA[2018-03-06 10:32:02 - [TEST_CASE][PASSED] - Test Cases/CuPaStefanie/0: Test Cases/CuPaStefanie/0

2018-03-06 10:32:02 - [TEST_STEP][PASSED] - Statement - timeStamp = new java.text.SimpleDateFormat(dd.MM.yyyy).format(java.util.Calendar.getInstance().getTime()): null

2018-03-06 10:32:02 - [TEST_STEP][PASSED] - Statement - timeStampScreenshot = new java.text.SimpleDateFormat(dd.MM.yyyy).format(java.util.Calendar.getInstance().getTime()): null

2018-03-06 10:32:02 - [TEST_STEP][PASSED] - Statement - ps = new java.io.PrintStream((((timeStamp + _Run) + run) + .txt)): null]]></system-out>
         <system-err><![CDATA[]]></system-err>
      </testcase>
      <testcase name="Test Cases/CuPaStefanie/1" classname="Test Cases/CuPaStefanie/1" status="PASSED">
         <system-out><![CDATA[2018-03-06 10:32:02 - [TEST_CASE][PASSED] - Test Cases/CuPaStefanie/1: Test Cases/CuPaStefanie/1

2018-03-06 10:32:03 - [TEST_STEP][PASSED] - Statement - timeStamp = new java.text.SimpleDateFormat(dd.MM.yyyy).format(java.util.Calendar.getInstance().getTime()): null

2018-03-06 10:32:03 - [TEST_STEP][PASSED] - Statement - timeStampScreenshot = new java.text.SimpleDateFormat(dd.MM.yyyy).format(java.util.Calendar.getInstance().getTime()): null

2018-03-06 10:32:03 - [TEST_STEP][PASSED] - Statement - iconmap = [:]: null

2018-03-06 10:32:03 - [TEST_STEP][PASSED] - Statement - txtmap = [:]: null

2018-03-06 10:32:03 - [TEST_STEP][PASSED] - Statement - signmap = [:]: null

2018-03-06 10:32:03 - [TEST_STEP][PASSED] - cupakeysDl.initStart.initialStart: cupakeysDl.initStart.initialStart is PASSED

2018-03-06 10:32:05 - [MESSAGE][PASSED] - Browser is opened with url: ''

2018-03-06 10:32:08 - [MESSAGE][PASSED] - Delayed 3 second(s)

2018-03-06 10:32:10 - [MESSAGE][PASSED] - Navigate to 'https://d16a4dsnr8a0k1.cloudfront.net/en/2455233.html?price=150.00%20%E2%82%AC&partName=wilsonPartName&vin=wilsonVin&modelCode=XP11&paint=P0A94&modelDescription=wilsonModelDescription&additionalEquipment=wilsonAdditionalEquipment' successfully

2018-03-06 10:32:10 - [MESSAGE][PASSED] - Object 'Object Repository/CuPaDl/Loading_indicator' is visible

2018-03-06 10:32:18 - [MESSAGE][PASSED] - Object 'Object Repository/CuPaDl/Loading_indicator' is NOT visible

2018-03-06 10:32:19 - [MESSAGE][PASSED] - Delayed 1 second(s)

2018-03-06 10:32:19 - [MESSAGE][PASSED] - cupakeysDl.initStart.initialStart is PASSED

2018-03-06 10:32:19 - [TEST_STEP][PASSED] - Statement - (step++): null

2018-03-06 10:32:19 - [TEST_STEP][PASSED] - cupakeysDl.color.changecolor: cupakeysDl.color.changecolor is PASSED

2018-03-06 10:32:19 - [MESSAGE][PASSED] - Object 'Object Repository/CuPaDl/Color/Color' is visible

2018-03-06 10:32:19 - [MESSAGE][PASSED] - Object: 'Object Repository/CuPaDl/Color/Color' is clicked on

2018-03-06 10:32:20 - [MESSAGE][PASSED] - Delayed 1 second(s)

2018-03-06 10:32:20 - [MESSAGE][PASSED] - Object 'Object Repository/CuPaDl/Color/Color_passionred' is visible

2018-03-06 10:32:20 - [MESSAGE][PASSED] - Object: 'Object Repository/CuPaDl/Color/Color_passionred' is clicked on

2018-03-06 10:32:20 - [MESSAGE][WARNING] - Timeout '0' is invalid. Using default page load timeout: '30'

2018-03-06 10:32:20 - [MESSAGE][PASSED] - Object 'Object Repository/CuPaDl/Color/Color_passionred' is visible

2018-03-06 10:32:21 - [MESSAGE][PASSED] - Delayed 1 second(s)

2018-03-06 10:32:21 - [MESSAGE][PASSED] - Object: 'Object Repository/CuPaDl/Color/Color_passionred' is clicked on

2018-03-06 10:32:24 - [MESSAGE][WARNING] - Object 'Object Repository/CuPaDl/Loading_indicator' is not visible after 3 second(s)

2018-03-06 10:32:25 - [MESSAGE][PASSED] - Delayed 1 second(s)

2018-03-06 10:32:25 - [MESSAGE][PASSED] - cupakeysDl.color.changecolor is PASSED

2018-03-06 10:32:25 - [TEST_STEP][PASSED] - Statement - (step++): null

2018-03-06 10:32:25 - [TEST_STEP][PASSED] - cupakeysDl.chngstruct.changestructure: cupakeysDl.chngstruct.changestructure is PASSED

2018-03-06 10:32:26 - [MESSAGE][PASSED] - Object: 'Object Repository/CuPaDl/Structure/Structure' is clicked on

2018-03-06 10:32:26 - [MESSAGE][WARNING] - Timeout '0' is invalid. Using default page load timeout: '30'

2018-03-06 10:32:26 - [MESSAGE][PASSED] - Object 'Object Repository/CuPaDl/Structure/Structure_Hahnentritt' is visible

2018-03-06 10:32:26 - [MESSAGE][PASSED] - Object 'Object Repository/CuPaDl/Structure/Structure_drops' is visible

2018-03-06 10:32:26 - [MESSAGE][PASSED] - Object: 'Object Repository/CuPaDl/Structure/Structure_drops' is clicked on

2018-03-06 10:32:27 - [MESSAGE][PASSED] - Object 'Object Repository/CuPaDl/Loading_indicator' is visible

2018-03-06 10:32:33 - [MESSAGE][PASSED] - Object 'Object Repository/CuPaDl/Loading_indicator' is NOT visible

2018-03-06 10:32:34 - [MESSAGE][PASSED] - Delayed 1 second(s)

2018-03-06 10:32:34 - [MESSAGE][PASSED] - cupakeysDl.chngstruct.changestructure is PASSED

2018-03-06 10:32:34 - [TEST_STEP][PASSED] - Statement - (step++): null

2018-03-06 10:32:34 - [TEST_STEP][PASSED] - cupakeysDl.sclstruct.scalestructure: cupakeysDl.sclstruct.scalestructure is PASSED

2018-03-06 10:32:37 - [MESSAGE][WARNING] - Object 'Object Repository/CuPaDl/Structure/Resize_Structure_bottomright' is not visible after 3 second(s)

2018-03-06 10:32:37 - [MESSAGE][PASSED] - Object: 'Object Repository/CuPaDl/Structure/Resize_Structure' is clicked on

2018-03-06 10:32:37 - [MESSAGE][WARNING] - Timeout '0' is invalid. Using default page load timeout: '30'

2018-03-06 10:32:37 - [MESSAGE][PASSED] - Object 'Object Repository/CuPaDl/Structure/Resize_Structure_bottomright' is visible

2018-03-06 10:32:38 - [MESSAGE][PASSED] - Delayed 1 second(s)

2018-03-06 10:32:38 - [MESSAGE][PASSED] - Current viewport's left (x) position is 0

2018-03-06 10:32:38 - [MESSAGE][PASSED] - Current viewport's top (y) position is 54

2018-03-06 10:32:38 - [MESSAGE][PASSED] - Dragged object with id 'Object Repository/CuPaDl/Structure/Resize_Structure_bottomright' by offset distance x = -225 and y = -171 successfully

2018-03-06 10:32:39 - [MESSAGE][PASSED] - Object 'Object Repository/CuPaDl/Loading_indicator' is visible

2018-03-06 10:33:01 - [MESSAGE][PASSED] - Object 'Object Repository/CuPaDl/Loading_indicator' is NOT visible

2018-03-06 10:33:02 - [MESSAGE][PASSED] - Delayed 1 second(s)

2018-03-06 10:33:02 - [MESSAGE][PASSED] - cupakeysDl.sclstruct.scalestructure is PASSED

2018-03-06 10:33:02 - [TEST_STEP][PASSED] - Statement - (step++): null

2018-03-06 10:33:02 - [TEST_STEP][PASSED] - Statement - iconmap += CustomKeywords.cupakeysDl.iconad.iconadd("unionjack", LoadTimeCorrector, step, run, device, timeStamp, iconcount): cupakeysDl.iconad.iconadd is PASSED

2018-03-06 10:33:02 - [MESSAGE][PASSED] - Object: 'Object Repository/CuPaDl/Icons/Icon' is clicked on

2018-03-06 10:33:02 - [MESSAGE][PASSED] - Object 'Object Repository/CuPaDl/Icons/Icon_unionjack' is visible

2018-03-06 10:33:02 - [MESSAGE][PASSED] - Object: 'Object Repository/CuPaDl/Icons/Icon_unionjack' is clicked on

2018-03-06 10:33:03 - [MESSAGE][PASSED] - Delayed 1 second(s)

2018-03-06 10:33:03 - [MESSAGE][PASSED] - Object 'Object Repository/CuPaDl/Loading_indicator' is visible

2018-03-06 10:33:05 - [MESSAGE][PASSED] - Object 'Object Repository/CuPaDl/Loading_indicator' is NOT visible

2018-03-06 10:33:05 - [MESSAGE][WARNING] - Timeout '0' is invalid. Using default page load timeout: '30'

2018-03-06 10:33:05 - [MESSAGE][PASSED] - Width of element 'Object Repository/CuPaDl/Icons/Reposition_icon' is '40'

2018-03-06 10:33:05 - [MESSAGE][PASSED] - Height of element 'Object Repository/CuPaDl/Icons/Reposition_icon' is '40'.

2018-03-06 10:33:06 - [MESSAGE][PASSED] - Delayed 1 second(s)

2018-03-06 10:33:06 - [MESSAGE][PASSED] - cupakeysDl.iconad.iconadd is PASSED

2018-03-06 10:33:06 - [TEST_STEP][PASSED] - Statement - (step++): null

2018-03-06 10:33:06 - [TEST_STEP][PASSED] - Statement - (iconcount++): null

2018-03-06 10:33:06 - [TEST_STEP][PASSED] - cupakeysDl.iconres.iconresize: cupakeysDl.iconres.iconresize is PASSED

2018-03-06 10:33:06 - [MESSAGE][PASSED] - Object 'Object Repository/CuPaDl/Icons/Reposition_icon' is visible

2018-03-06 10:33:06 - [MESSAGE][PASSED] - Current viewport's left (x) position is 0

2018-03-06 10:33:06 - [MESSAGE][PASSED] - Current viewport's top (y) position is 54

2018-03-06 10:33:06 - [MESSAGE][PASSED] - Dragged object with id 'Object Repository/CuPaDl/Icons/Resize_icon_bottomright' by offset distance x = -125 and y = -71 successfully

2018-03-06 10:33:07 - [MESSAGE][PASSED] - Object 'Object Repository/CuPaDl/Loading_indicator' is visible

2018-03-06 10:33:23 - [MESSAGE][PASSED] - Object 'Object Repository/CuPaDl/Loading_indicator' is NOT visible

2018-03-06 10:33:24 - [MESSAGE][PASSED] - Delayed 1 second(s)

2018-03-06 10:33:24 - [MESSAGE][PASSED] - cupakeysDl.iconres.iconresize is PASSED

2018-03-06 10:33:24 - [TEST_STEP][PASSED] - Statement - (step++): null

2018-03-06 10:33:24 - [TEST_STEP][PASSED] - cupakeysDl.slink.svlink: cupakeysDl.slink.svlink is PASSED

2018-03-06 10:33:24 - [MESSAGE][PASSED] - Scroll to object 'Object Repository/CuPaDl/Save/Save' successfully

2018-03-06 10:33:24 - [MESSAGE][PASSED] - Object: 'Object Repository/CuPaDl/Save/Save' is clicked on

2018-03-06 10:33:24 - [MESSAGE][WARNING] - Timeout '0' is invalid. Using default page load timeout: '30'

2018-03-06 10:33:26 - [MESSAGE][PASSED] - Object 'Object Repository/CuPaDl/Save/CopyLink' is visible

2018-03-06 10:33:26 - [MESSAGE][PASSED] - Attribute 'value' of object 'Object Repository/CuPaDl/Save/Link' is: 'https://d16a4dsnr8a0k1.cloudfront.net/en/2455233.html?scupaId=BCw5LHlVPiJXUXo0RURF'

2018-03-06 10:33:26 - [MESSAGE][PASSED] - cupakeysDl.slink.svlink is PASSED

2018-03-06 10:33:26 - [TEST_STEP][PASSED] - cupakeysDl.endsession.finishsession: cupakeysDl.endsession.finishsession is PASSED

2018-03-06 10:33:29 - [MESSAGE][PASSED] - Delayed 3 second(s)

2018-03-06 10:33:30 - [MESSAGE][PASSED] - Browser is closed

2018-03-06 10:33:30 - [MESSAGE][PASSED] - cupakeysDl.endsession.finishsession is PASSED]]></system-out>
         <system-err><![CDATA[]]></system-err>
      </testcase>
      <testcase name="Test Cases/CuPaStefanie/2" classname="Test Cases/CuPaStefanie/2" status="PASSED">
         <system-out><![CDATA[2018-03-06 10:33:30 - [TEST_CASE][PASSED] - Test Cases/CuPaStefanie/2: Test Cases/CuPaStefanie/2

2018-03-06 10:33:30 - [TEST_STEP][PASSED] - Statement - timeStamp = new java.text.SimpleDateFormat(dd.MM.yyyy).format(java.util.Calendar.getInstance().getTime()): null

2018-03-06 10:33:30 - [TEST_STEP][PASSED] - Statement - timeStampScreenshot = new java.text.SimpleDateFormat(dd.MM.yyyy).format(java.util.Calendar.getInstance().getTime()): null

2018-03-06 10:33:30 - [TEST_STEP][PASSED] - Statement - iconmap = [:]: null

2018-03-06 10:33:30 - [TEST_STEP][PASSED] - Statement - txtmap = [:]: null

2018-03-06 10:33:30 - [TEST_STEP][PASSED] - Statement - signmap = [:]: null

2018-03-06 10:33:30 - [TEST_STEP][PASSED] - cupakeysDl.initStart.initialStart: cupakeysDl.initStart.initialStart is PASSED

2018-03-06 10:33:32 - [MESSAGE][PASSED] - Browser is opened with url: ''

2018-03-06 10:33:35 - [MESSAGE][PASSED] - Delayed 3 second(s)

2018-03-06 10:33:36 - [MESSAGE][PASSED] - Navigate to 'https://d16a4dsnr8a0k1.cloudfront.net/en/2455233.html?price=150.00%20%E2%82%AC&partName=wilsonPartName&vin=wilsonVin&modelCode=XP11&paint=P0A94&modelDescription=wilsonModelDescription&additionalEquipment=wilsonAdditionalEquipment' successfully

2018-03-06 10:33:36 - [MESSAGE][PASSED] - Object 'Object Repository/CuPaDl/Loading_indicator' is visible

2018-03-06 10:33:47 - [MESSAGE][PASSED] - Object 'Object Repository/CuPaDl/Loading_indicator' is NOT visible

2018-03-06 10:33:48 - [MESSAGE][PASSED] - Delayed 1 second(s)

2018-03-06 10:33:48 - [MESSAGE][PASSED] - cupakeysDl.initStart.initialStart is PASSED

2018-03-06 10:33:48 - [TEST_STEP][PASSED] - Statement - (step++): null

2018-03-06 10:33:48 - [TEST_STEP][PASSED] - cupakeysDl.color.changecolor: cupakeysDl.color.changecolor is PASSED

2018-03-06 10:33:48 - [MESSAGE][PASSED] - Object 'Object Repository/CuPaDl/Color/Color' is visible

2018-03-06 10:33:49 - [MESSAGE][PASSED] - Object: 'Object Repository/CuPaDl/Color/Color' is clicked on

2018-03-06 10:33:50 - [MESSAGE][PASSED] - Delayed 1 second(s)

2018-03-06 10:33:50 - [MESSAGE][PASSED] - Object 'Object Repository/CuPaDl/Color/Color_passionred' is visible

2018-03-06 10:33:50 - [MESSAGE][PASSED] - Object: 'Object Repository/CuPaDl/Color/Color_passionred' is clicked on

2018-03-06 10:33:50 - [MESSAGE][WARNING] - Timeout '0' is invalid. Using default page load timeout: '30'

2018-03-06 10:33:50 - [MESSAGE][PASSED] - Object 'Object Repository/CuPaDl/Color/Color_passionred' is visible

2018-03-06 10:33:51 - [MESSAGE][PASSED] - Delayed 1 second(s)

2018-03-06 10:33:52 - [MESSAGE][PASSED] - Object: 'Object Repository/CuPaDl/Color/Color_passionred' is clicked on

2018-03-06 10:33:54 - [MESSAGE][PASSED] - Object 'Object Repository/CuPaDl/Loading_indicator' is visible

2018-03-06 10:33:55 - [MESSAGE][PASSED] - Object 'Object Repository/CuPaDl/Loading_indicator' is NOT visible

2018-03-06 10:33:56 - [MESSAGE][PASSED] - Delayed 1 second(s)

2018-03-06 10:33:56 - [MESSAGE][PASSED] - cupakeysDl.color.changecolor is PASSED

2018-03-06 10:33:56 - [TEST_STEP][PASSED] - Statement - (step++): null

2018-03-06 10:33:56 - [TEST_STEP][PASSED] - cupakeysDl.chngstruct.changestructure: cupakeysDl.chngstruct.changestructure is PASSED

2018-03-06 10:33:56 - [MESSAGE][PASSED] - Object: 'Object Repository/CuPaDl/Structure/Structure' is clicked on

2018-03-06 10:33:56 - [MESSAGE][WARNING] - Timeout '0' is invalid. Using default page load timeout: '30'

2018-03-06 10:33:56 - [MESSAGE][PASSED] - Object 'Object Repository/CuPaDl/Structure/Structure_Hahnentritt' is visible

2018-03-06 10:33:56 - [MESSAGE][PASSED] - Object 'Object Repository/CuPaDl/Structure/Structure_drops' is visible

2018-03-06 10:33:56 - [MESSAGE][PASSED] - Object: 'Object Repository/CuPaDl/Structure/Structure_drops' is clicked on

2018-03-06 10:33:57 - [MESSAGE][PASSED] - Object 'Object Repository/CuPaDl/Loading_indicator' is visible

2018-03-06 10:34:04 - [MESSAGE][PASSED] - Object 'Object Repository/CuPaDl/Loading_indicator' is NOT visible

2018-03-06 10:34:05 - [MESSAGE][PASSED] - Delayed 1 second(s)

2018-03-06 10:34:05 - [MESSAGE][PASSED] - cupakeysDl.chngstruct.changestructure is PASSED

2018-03-06 10:34:05 - [TEST_STEP][PASSED] - Statement - (step++): null

2018-03-06 10:34:05 - [TEST_STEP][PASSED] - cupakeysDl.sclstruct.scalestructure: cupakeysDl.sclstruct.scalestructure is PASSED

2018-03-06 10:34:09 - [MESSAGE][WARNING] - Object 'Object Repository/CuPaDl/Structure/Resize_Structure_bottomright' is not visible after 3 second(s)

2018-03-06 10:34:09 - [MESSAGE][PASSED] - Object: 'Object Repository/CuPaDl/Structure/Resize_Structure' is clicked on

2018-03-06 10:34:09 - [MESSAGE][WARNING] - Timeout '0' is invalid. Using default page load timeout: '30'

2018-03-06 10:34:09 - [MESSAGE][PASSED] - Object 'Object Repository/CuPaDl/Structure/Resize_Structure_bottomright' is visible

2018-03-06 10:34:10 - [MESSAGE][PASSED] - Delayed 1 second(s)

2018-03-06 10:34:10 - [MESSAGE][PASSED] - Current viewport's left (x) position is 0

2018-03-06 10:34:10 - [MESSAGE][PASSED] - Current viewport's top (y) position is 54

2018-03-06 10:34:10 - [MESSAGE][PASSED] - Dragged object with id 'Object Repository/CuPaDl/Structure/Resize_Structure_bottomright' by offset distance x = 225 and y = 279 successfully

2018-03-06 10:34:11 - [MESSAGE][PASSED] - Object 'Object Repository/CuPaDl/Loading_indicator' is visible

2018-03-06 10:34:16 - [MESSAGE][PASSED] - Object 'Object Repository/CuPaDl/Loading_indicator' is NOT visible

2018-03-06 10:34:17 - [MESSAGE][PASSED] - Delayed 1 second(s)

2018-03-06 10:34:17 - [MESSAGE][PASSED] - cupakeysDl.sclstruct.scalestructure is PASSED

2018-03-06 10:34:17 - [TEST_STEP][PASSED] - Statement - (step++): null

2018-03-06 10:34:17 - [TEST_STEP][PASSED] - Statement - iconmap += CustomKeywords.cupakeysDl.iconad.iconadd("unionjack", LoadTimeCorrector, step, run, device, timeStamp, iconcount): cupakeysDl.iconad.iconadd is PASSED

2018-03-06 10:34:17 - [MESSAGE][PASSED] - Object: 'Object Repository/CuPaDl/Icons/Icon' is clicked on

2018-03-06 10:34:17 - [MESSAGE][PASSED] - Object 'Object Repository/CuPaDl/Icons/Icon_unionjack' is visible

2018-03-06 10:34:17 - [MESSAGE][PASSED] - Object: 'Object Repository/CuPaDl/Icons/Icon_unionjack' is clicked on

2018-03-06 10:34:18 - [MESSAGE][PASSED] - Delayed 1 second(s)

2018-03-06 10:34:18 - [MESSAGE][PASSED] - Object 'Object Repository/CuPaDl/Loading_indicator' is visible

2018-03-06 10:34:21 - [MESSAGE][PASSED] - Object 'Object Repository/CuPaDl/Loading_indicator' is NOT visible

2018-03-06 10:34:21 - [MESSAGE][WARNING] - Timeout '0' is invalid. Using default page load timeout: '30'

2018-03-06 10:34:21 - [MESSAGE][PASSED] - Width of element 'Object Repository/CuPaDl/Icons/Reposition_icon' is '40'

2018-03-06 10:34:21 - [MESSAGE][PASSED] - Height of element 'Object Repository/CuPaDl/Icons/Reposition_icon' is '40'.

2018-03-06 10:34:22 - [MESSAGE][PASSED] - Delayed 1 second(s)

2018-03-06 10:34:22 - [MESSAGE][PASSED] - cupakeysDl.iconad.iconadd is PASSED

2018-03-06 10:34:22 - [TEST_STEP][PASSED] - Statement - (step++): null

2018-03-06 10:34:22 - [TEST_STEP][PASSED] - Statement - (iconcount++): null

2018-03-06 10:34:22 - [TEST_STEP][PASSED] - cupakeysDl.iconres.iconresize: cupakeysDl.iconres.iconresize is PASSED

2018-03-06 10:34:22 - [MESSAGE][PASSED] - Object 'Object Repository/CuPaDl/Icons/Reposition_icon' is visible

2018-03-06 10:34:22 - [MESSAGE][PASSED] - Current viewport's left (x) position is 0

2018-03-06 10:34:22 - [MESSAGE][PASSED] - Current viewport's top (y) position is 54

2018-03-06 10:34:22 - [MESSAGE][PASSED] - Dragged object with id 'Object Repository/CuPaDl/Icons/Resize_icon_bottomright' by offset distance x = 125 and y = 179 successfully

2018-03-06 10:34:23 - [MESSAGE][PASSED] - Object 'Object Repository/CuPaDl/Loading_indicator' is visible

2018-03-06 10:34:26 - [MESSAGE][PASSED] - Object 'Object Repository/CuPaDl/Loading_indicator' is NOT visible

2018-03-06 10:34:27 - [MESSAGE][PASSED] - Delayed 1 second(s)

2018-03-06 10:34:27 - [MESSAGE][PASSED] - cupakeysDl.iconres.iconresize is PASSED

2018-03-06 10:34:27 - [TEST_STEP][PASSED] - Statement - (step++): null

2018-03-06 10:34:27 - [TEST_STEP][PASSED] - cupakeysDl.slink.svlink: cupakeysDl.slink.svlink is PASSED

2018-03-06 10:34:27 - [MESSAGE][PASSED] - Scroll to object 'Object Repository/CuPaDl/Save/Save' successfully

2018-03-06 10:34:28 - [MESSAGE][PASSED] - Object: 'Object Repository/CuPaDl/Save/Save' is clicked on

2018-03-06 10:34:28 - [MESSAGE][WARNING] - Timeout '0' is invalid. Using default page load timeout: '30'

2018-03-06 10:34:29 - [MESSAGE][PASSED] - Object 'Object Repository/CuPaDl/Save/CopyLink' is visible

2018-03-06 10:34:29 - [MESSAGE][PASSED] - Attribute 'value' of object 'Object Repository/CuPaDl/Save/Link' is: 'https://d16a4dsnr8a0k1.cloudfront.net/en/2455233.html?scupaId=GTZcXXA/JDE5N3o0RURF'

2018-03-06 10:34:29 - [MESSAGE][PASSED] - cupakeysDl.slink.svlink is PASSED

2018-03-06 10:34:29 - [TEST_STEP][PASSED] - cupakeysDl.endsession.finishsession: cupakeysDl.endsession.finishsession is PASSED

2018-03-06 10:34:32 - [MESSAGE][PASSED] - Delayed 3 second(s)

2018-03-06 10:34:33 - [MESSAGE][PASSED] - Browser is closed

2018-03-06 10:34:33 - [MESSAGE][PASSED] - cupakeysDl.endsession.finishsession is PASSED]]></system-out>
         <system-err><![CDATA[]]></system-err>
      </testcase>
      <testcase name="Test Cases/CuPaStefanie/3" classname="Test Cases/CuPaStefanie/3" status="PASSED">
         <system-out><![CDATA[2018-03-06 10:34:33 - [TEST_CASE][PASSED] - Test Cases/CuPaStefanie/3: Test Cases/CuPaStefanie/3

2018-03-06 10:34:33 - [TEST_STEP][PASSED] - Statement - timeStamp = new java.text.SimpleDateFormat(dd.MM.yyyy_HH_mm_ss).format(java.util.Calendar.getInstance().getTime()): null

2018-03-06 10:34:33 - [TEST_STEP][PASSED] - Statement - timeStampScreenshot = new java.text.SimpleDateFormat(dd.MM.yyyy).format(java.util.Calendar.getInstance().getTime()): null

2018-03-06 10:34:33 - [TEST_STEP][PASSED] - Statement - iconmap = [:]: null

2018-03-06 10:34:33 - [TEST_STEP][PASSED] - Statement - txtmap = [:]: null

2018-03-06 10:34:33 - [TEST_STEP][PASSED] - Statement - signmap = [:]: null

2018-03-06 10:34:33 - [TEST_STEP][PASSED] - cupakeysDl.initStart.initialStart: cupakeysDl.initStart.initialStart is PASSED

2018-03-06 10:34:35 - [MESSAGE][PASSED] - Browser is opened with url: ''

2018-03-06 10:34:38 - [MESSAGE][PASSED] - Delayed 3 second(s)

2018-03-06 10:34:39 - [MESSAGE][PASSED] - Navigate to 'https://d16a4dsnr8a0k1.cloudfront.net/en/2455233.html?price=150.00%20%E2%82%AC&partName=wilsonPartName&vin=wilsonVin&modelCode=XP11&paint=P0A94&modelDescription=wilsonModelDescription&additionalEquipment=wilsonAdditionalEquipment' successfully

2018-03-06 10:34:39 - [MESSAGE][PASSED] - Object 'Object Repository/CuPaDl/Loading_indicator' is visible

2018-03-06 10:34:50 - [MESSAGE][PASSED] - Object 'Object Repository/CuPaDl/Loading_indicator' is NOT visible

2018-03-06 10:34:51 - [MESSAGE][PASSED] - Delayed 1 second(s)

2018-03-06 10:34:51 - [MESSAGE][PASSED] - cupakeysDl.initStart.initialStart is PASSED

2018-03-06 10:34:51 - [TEST_STEP][PASSED] - Statement - (step++): null

2018-03-06 10:34:51 - [TEST_STEP][PASSED] - cupakeysDl.color.changecolor: cupakeysDl.color.changecolor is PASSED

2018-03-06 10:34:51 - [MESSAGE][PASSED] - Object 'Object Repository/CuPaDl/Color/Color' is visible

2018-03-06 10:34:51 - [MESSAGE][PASSED] - Object: 'Object Repository/CuPaDl/Color/Color' is clicked on

2018-03-06 10:34:52 - [MESSAGE][PASSED] - Delayed 1 second(s)

2018-03-06 10:34:52 - [MESSAGE][PASSED] - Object 'Object Repository/CuPaDl/Color/Color_nightlightblue' is visible

2018-03-06 10:34:52 - [MESSAGE][PASSED] - Object: 'Object Repository/CuPaDl/Color/Color_nightlightblue' is clicked on

2018-03-06 10:34:52 - [MESSAGE][WARNING] - Timeout '0' is invalid. Using default page load timeout: '30'

2018-03-06 10:34:52 - [MESSAGE][PASSED] - Object 'Object Repository/CuPaDl/Color/Color_nightlightblue' is visible

2018-03-06 10:34:53 - [MESSAGE][PASSED] - Delayed 1 second(s)

2018-03-06 10:34:53 - [MESSAGE][PASSED] - Object: 'Object Repository/CuPaDl/Color/Color_nightlightblue' is clicked on

2018-03-06 10:34:54 - [MESSAGE][PASSED] - Object 'Object Repository/CuPaDl/Loading_indicator' is visible

2018-03-06 10:34:56 - [MESSAGE][PASSED] - Object 'Object Repository/CuPaDl/Loading_indicator' is NOT visible

2018-03-06 10:34:57 - [MESSAGE][PASSED] - Delayed 1 second(s)

2018-03-06 10:34:57 - [MESSAGE][PASSED] - cupakeysDl.color.changecolor is PASSED

2018-03-06 10:34:57 - [TEST_STEP][PASSED] - Statement - (step++): null

2018-03-06 10:34:57 - [TEST_STEP][PASSED] - cupakeysDl.chngstruct.changestructure: cupakeysDl.chngstruct.changestructure is PASSED

2018-03-06 10:34:57 - [MESSAGE][PASSED] - Object: 'Object Repository/CuPaDl/Structure/Structure' is clicked on

2018-03-06 10:34:57 - [MESSAGE][WARNING] - Timeout '0' is invalid. Using default page load timeout: '30'

2018-03-06 10:34:57 - [MESSAGE][PASSED] - Object 'Object Repository/CuPaDl/Structure/Structure_Hahnentritt' is visible

2018-03-06 10:34:57 - [MESSAGE][PASSED] - Object 'Object Repository/CuPaDl/Structure/Structure_chess' is visible

2018-03-06 10:34:57 - [MESSAGE][PASSED] - Object: 'Object Repository/CuPaDl/Structure/Structure_chess' is clicked on

2018-03-06 10:35:00 - [MESSAGE][PASSED] - Object 'Object Repository/CuPaDl/Loading_indicator' is visible

2018-03-06 10:35:01 - [MESSAGE][PASSED] - Object 'Object Repository/CuPaDl/Loading_indicator' is NOT visible

2018-03-06 10:35:02 - [MESSAGE][PASSED] - Delayed 1 second(s)

2018-03-06 10:35:02 - [MESSAGE][PASSED] - cupakeysDl.chngstruct.changestructure is PASSED

2018-03-06 10:35:02 - [TEST_STEP][PASSED] - Statement - (step++): null

2018-03-06 10:35:02 - [TEST_STEP][PASSED] - cupakeysDl.sclstruct.scalestructure: cupakeysDl.sclstruct.scalestructure is PASSED

2018-03-06 10:35:05 - [MESSAGE][WARNING] - Object 'Object Repository/CuPaDl/Structure/Resize_Structure_bottomright' is not visible after 3 second(s)

2018-03-06 10:35:05 - [MESSAGE][PASSED] - Object: 'Object Repository/CuPaDl/Structure/Resize_Structure' is clicked on

2018-03-06 10:35:05 - [MESSAGE][WARNING] - Timeout '0' is invalid. Using default page load timeout: '30'

2018-03-06 10:35:05 - [MESSAGE][PASSED] - Object 'Object Repository/CuPaDl/Structure/Resize_Structure_bottomright' is visible

2018-03-06 10:35:06 - [MESSAGE][PASSED] - Delayed 1 second(s)

2018-03-06 10:35:06 - [MESSAGE][PASSED] - Current viewport's left (x) position is 0

2018-03-06 10:35:06 - [MESSAGE][PASSED] - Current viewport's top (y) position is 54

2018-03-06 10:35:06 - [MESSAGE][PASSED] - Dragged object with id 'Object Repository/CuPaDl/Structure/Resize_Structure_bottomright' by offset distance x = -225 and y = -171 successfully

2018-03-06 10:35:08 - [MESSAGE][PASSED] - Object 'Object Repository/CuPaDl/Loading_indicator' is visible

2018-03-06 10:35:09 - [MESSAGE][PASSED] - Object 'Object Repository/CuPaDl/Loading_indicator' is NOT visible

2018-03-06 10:35:10 - [MESSAGE][PASSED] - Delayed 1 second(s)

2018-03-06 10:35:10 - [MESSAGE][PASSED] - cupakeysDl.sclstruct.scalestructure is PASSED

2018-03-06 10:35:10 - [TEST_STEP][PASSED] - Statement - (step++): null

2018-03-06 10:35:10 - [TEST_STEP][PASSED] - Statement - iconmap += CustomKeywords.cupakeysDl.iconad.iconadd("racing", LoadTimeCorrector, step, run, device, timeStamp, iconcount): cupakeysDl.iconad.iconadd is PASSED

2018-03-06 10:35:10 - [MESSAGE][PASSED] - Object: 'Object Repository/CuPaDl/Icons/Icon' is clicked on

2018-03-06 10:35:10 - [MESSAGE][PASSED] - Object 'Object Repository/CuPaDl/Icons/Icon_racing' is visible

2018-03-06 10:35:10 - [MESSAGE][PASSED] - Object: 'Object Repository/CuPaDl/Icons/Icon_racing' is clicked on

2018-03-06 10:35:11 - [MESSAGE][PASSED] - Delayed 1 second(s)

2018-03-06 10:35:12 - [MESSAGE][PASSED] - Object 'Object Repository/CuPaDl/Loading_indicator' is visible

2018-03-06 10:35:13 - [MESSAGE][PASSED] - Object 'Object Repository/CuPaDl/Loading_indicator' is NOT visible

2018-03-06 10:35:13 - [MESSAGE][WARNING] - Timeout '0' is invalid. Using default page load timeout: '30'

2018-03-06 10:35:13 - [MESSAGE][PASSED] - Width of element 'Object Repository/CuPaDl/Icons/Reposition_icon' is '40'

2018-03-06 10:35:14 - [MESSAGE][PASSED] - Height of element 'Object Repository/CuPaDl/Icons/Reposition_icon' is '40'.

2018-03-06 10:35:15 - [MESSAGE][PASSED] - Delayed 1 second(s)

2018-03-06 10:35:15 - [MESSAGE][PASSED] - cupakeysDl.iconad.iconadd is PASSED

2018-03-06 10:35:15 - [TEST_STEP][PASSED] - Statement - (step++): null

2018-03-06 10:35:15 - [TEST_STEP][PASSED] - Statement - (iconcount++): null

2018-03-06 10:35:15 - [TEST_STEP][PASSED] - cupakeysDl.iconres.iconresize: cupakeysDl.iconres.iconresize is PASSED

2018-03-06 10:35:15 - [MESSAGE][PASSED] - Object 'Object Repository/CuPaDl/Icons/Reposition_icon' is visible

2018-03-06 10:35:15 - [MESSAGE][PASSED] - Current viewport's left (x) position is 0

2018-03-06 10:35:15 - [MESSAGE][PASSED] - Current viewport's top (y) position is 54

2018-03-06 10:35:15 - [MESSAGE][PASSED] - Dragged object with id 'Object Repository/CuPaDl/Icons/Resize_icon_bottomright' by offset distance x = -125 and y = -71 successfully

2018-03-06 10:35:17 - [MESSAGE][PASSED] - Object 'Object Repository/CuPaDl/Loading_indicator' is visible

2018-03-06 10:35:18 - [MESSAGE][PASSED] - Object 'Object Repository/CuPaDl/Loading_indicator' is NOT visible

2018-03-06 10:35:19 - [MESSAGE][PASSED] - Delayed 1 second(s)

2018-03-06 10:35:19 - [MESSAGE][PASSED] - cupakeysDl.iconres.iconresize is PASSED

2018-03-06 10:35:19 - [TEST_STEP][PASSED] - Statement - (step++): null

2018-03-06 10:35:19 - [TEST_STEP][PASSED] - cupakeysDl.slink.svlink: cupakeysDl.slink.svlink is PASSED

2018-03-06 10:35:19 - [MESSAGE][PASSED] - Scroll to object 'Object Repository/CuPaDl/Save/Save' successfully

2018-03-06 10:35:20 - [MESSAGE][PASSED] - Object: 'Object Repository/CuPaDl/Save/Save' is clicked on

2018-03-06 10:35:20 - [MESSAGE][WARNING] - Timeout '0' is invalid. Using default page load timeout: '30'

2018-03-06 10:35:21 - [MESSAGE][PASSED] - Object 'Object Repository/CuPaDl/Save/CopyLink' is visible

2018-03-06 10:35:21 - [MESSAGE][PASSED] - Attribute 'value' of object 'Object Repository/CuPaDl/Save/Link' is: 'https://d16a4dsnr8a0k1.cloudfront.net/en/2455233.html?scupaId=BClbVHIkODYtP3o0RURG'

2018-03-06 10:35:21 - [MESSAGE][PASSED] - cupakeysDl.slink.svlink is PASSED

2018-03-06 10:35:21 - [TEST_STEP][PASSED] - cupakeysDl.endsession.finishsession: cupakeysDl.endsession.finishsession is PASSED

2018-03-06 10:35:24 - [MESSAGE][PASSED] - Delayed 3 second(s)

2018-03-06 10:35:24 - [MESSAGE][PASSED] - Browser is closed

2018-03-06 10:35:24 - [MESSAGE][PASSED] - cupakeysDl.endsession.finishsession is PASSED]]></system-out>
         <system-err><![CDATA[]]></system-err>
      </testcase>
      <testcase name="Test Cases/CuPaStefanie/4" classname="Test Cases/CuPaStefanie/4" status="PASSED">
         <system-out><![CDATA[2018-03-06 10:35:24 - [TEST_CASE][PASSED] - Test Cases/CuPaStefanie/4: Test Cases/CuPaStefanie/4

2018-03-06 10:35:25 - [TEST_STEP][PASSED] - Statement - timeStamp = new java.text.SimpleDateFormat(dd.MM.yyyy_HH_mm_ss).format(java.util.Calendar.getInstance().getTime()): null

2018-03-06 10:35:25 - [TEST_STEP][PASSED] - Statement - timeStampScreenshot = new java.text.SimpleDateFormat(dd.MM.yyyy).format(java.util.Calendar.getInstance().getTime()): null

2018-03-06 10:35:25 - [TEST_STEP][PASSED] - Statement - iconmap = [:]: null

2018-03-06 10:35:25 - [TEST_STEP][PASSED] - Statement - txtmap = [:]: null

2018-03-06 10:35:25 - [TEST_STEP][PASSED] - Statement - signmap = [:]: null

2018-03-06 10:35:25 - [TEST_STEP][PASSED] - cupakeysDl.initStart.initialStart: cupakeysDl.initStart.initialStart is PASSED

2018-03-06 10:35:26 - [MESSAGE][PASSED] - Browser is opened with url: ''

2018-03-06 10:35:29 - [MESSAGE][PASSED] - Delayed 3 second(s)

2018-03-06 10:35:31 - [MESSAGE][PASSED] - Navigate to 'https://d16a4dsnr8a0k1.cloudfront.net/en/2455233.html?price=150.00%20%E2%82%AC&partName=wilsonPartName&vin=wilsonVin&modelCode=XP11&paint=P0A94&modelDescription=wilsonModelDescription&additionalEquipment=wilsonAdditionalEquipment' successfully

2018-03-06 10:35:31 - [MESSAGE][PASSED] - Object 'Object Repository/CuPaDl/Loading_indicator' is visible

2018-03-06 10:35:37 - [MESSAGE][PASSED] - Object 'Object Repository/CuPaDl/Loading_indicator' is NOT visible

2018-03-06 10:35:38 - [MESSAGE][PASSED] - Delayed 1 second(s)

2018-03-06 10:35:38 - [MESSAGE][PASSED] - cupakeysDl.initStart.initialStart is PASSED

2018-03-06 10:35:38 - [TEST_STEP][PASSED] - Statement - (step++): null

2018-03-06 10:35:38 - [TEST_STEP][PASSED] - cupakeysDl.color.changecolor: cupakeysDl.color.changecolor is PASSED

2018-03-06 10:35:40 - [MESSAGE][PASSED] - Object 'Object Repository/CuPaDl/Color/Color' is visible

2018-03-06 10:35:40 - [MESSAGE][PASSED] - Object: 'Object Repository/CuPaDl/Color/Color' is clicked on

2018-03-06 10:35:41 - [MESSAGE][PASSED] - Delayed 1 second(s)

2018-03-06 10:35:41 - [MESSAGE][PASSED] - Object 'Object Repository/CuPaDl/Color/Color_nightlightblue' is visible

2018-03-06 10:35:41 - [MESSAGE][PASSED] - Object: 'Object Repository/CuPaDl/Color/Color_nightlightblue' is clicked on

2018-03-06 10:35:41 - [MESSAGE][WARNING] - Timeout '0' is invalid. Using default page load timeout: '30'

2018-03-06 10:35:41 - [MESSAGE][PASSED] - Object 'Object Repository/CuPaDl/Color/Color_nightlightblue' is visible

2018-03-06 10:35:42 - [MESSAGE][PASSED] - Delayed 1 second(s)

2018-03-06 10:35:42 - [MESSAGE][PASSED] - Object: 'Object Repository/CuPaDl/Color/Color_nightlightblue' is clicked on

2018-03-06 10:35:46 - [MESSAGE][WARNING] - Object 'Object Repository/CuPaDl/Loading_indicator' is not visible after 3 second(s)

2018-03-06 10:35:47 - [MESSAGE][PASSED] - Delayed 1 second(s)

2018-03-06 10:35:47 - [MESSAGE][PASSED] - cupakeysDl.color.changecolor is PASSED

2018-03-06 10:35:47 - [TEST_STEP][PASSED] - Statement - (step++): null

2018-03-06 10:35:47 - [TEST_STEP][PASSED] - cupakeysDl.chngstruct.changestructure: cupakeysDl.chngstruct.changestructure is PASSED

2018-03-06 10:35:47 - [MESSAGE][PASSED] - Object: 'Object Repository/CuPaDl/Structure/Structure' is clicked on

2018-03-06 10:35:47 - [MESSAGE][WARNING] - Timeout '0' is invalid. Using default page load timeout: '30'

2018-03-06 10:35:47 - [MESSAGE][PASSED] - Object 'Object Repository/CuPaDl/Structure/Structure_Hahnentritt' is visible

2018-03-06 10:35:47 - [MESSAGE][PASSED] - Object 'Object Repository/CuPaDl/Structure/Structure_chess' is visible

2018-03-06 10:35:47 - [MESSAGE][PASSED] - Object: 'Object Repository/CuPaDl/Structure/Structure_chess' is clicked on

2018-03-06 10:35:49 - [MESSAGE][PASSED] - Object 'Object Repository/CuPaDl/Loading_indicator' is visible

2018-03-06 10:35:50 - [MESSAGE][PASSED] - Object 'Object Repository/CuPaDl/Loading_indicator' is NOT visible

2018-03-06 10:35:51 - [MESSAGE][PASSED] - Delayed 1 second(s)

2018-03-06 10:35:51 - [MESSAGE][PASSED] - cupakeysDl.chngstruct.changestructure is PASSED

2018-03-06 10:35:51 - [TEST_STEP][PASSED] - Statement - (step++): null

2018-03-06 10:35:51 - [TEST_STEP][PASSED] - cupakeysDl.sclstruct.scalestructure: cupakeysDl.sclstruct.scalestructure is PASSED

2018-03-06 10:35:54 - [MESSAGE][WARNING] - Object 'Object Repository/CuPaDl/Structure/Resize_Structure_bottomright' is not visible after 3 second(s)

2018-03-06 10:35:54 - [MESSAGE][PASSED] - Object: 'Object Repository/CuPaDl/Structure/Resize_Structure' is clicked on

2018-03-06 10:35:54 - [MESSAGE][WARNING] - Timeout '0' is invalid. Using default page load timeout: '30'

2018-03-06 10:35:54 - [MESSAGE][PASSED] - Object 'Object Repository/CuPaDl/Structure/Resize_Structure_bottomright' is visible

2018-03-06 10:35:55 - [MESSAGE][PASSED] - Delayed 1 second(s)

2018-03-06 10:35:55 - [MESSAGE][PASSED] - Current viewport's left (x) position is 0

2018-03-06 10:35:55 - [MESSAGE][PASSED] - Current viewport's top (y) position is 54

2018-03-06 10:35:55 - [MESSAGE][PASSED] - Dragged object with id 'Object Repository/CuPaDl/Structure/Resize_Structure_bottomright' by offset distance x = 225 and y = 279 successfully

2018-03-06 10:35:58 - [MESSAGE][WARNING] - Object 'Object Repository/CuPaDl/Loading_indicator' is not visible after 3 second(s)

2018-03-06 10:35:59 - [MESSAGE][PASSED] - Delayed 1 second(s)

2018-03-06 10:35:59 - [MESSAGE][PASSED] - cupakeysDl.sclstruct.scalestructure is PASSED

2018-03-06 10:35:59 - [TEST_STEP][PASSED] - Statement - (step++): null

2018-03-06 10:35:59 - [TEST_STEP][PASSED] - Statement - iconmap += CustomKeywords.cupakeysDl.iconad.iconadd("racing", LoadTimeCorrector, step, run, device, timeStamp, iconcount): cupakeysDl.iconad.iconadd is PASSED

2018-03-06 10:36:00 - [MESSAGE][PASSED] - Object: 'Object Repository/CuPaDl/Icons/Icon' is clicked on

2018-03-06 10:36:00 - [MESSAGE][PASSED] - Object 'Object Repository/CuPaDl/Icons/Icon_racing' is visible

2018-03-06 10:36:00 - [MESSAGE][PASSED] - Object: 'Object Repository/CuPaDl/Icons/Icon_racing' is clicked on

2018-03-06 10:36:01 - [MESSAGE][PASSED] - Delayed 1 second(s)

2018-03-06 10:36:02 - [MESSAGE][PASSED] - Object 'Object Repository/CuPaDl/Loading_indicator' is visible

2018-03-06 10:36:03 - [MESSAGE][PASSED] - Object 'Object Repository/CuPaDl/Loading_indicator' is NOT visible

2018-03-06 10:36:03 - [MESSAGE][WARNING] - Timeout '0' is invalid. Using default page load timeout: '30'

2018-03-06 10:36:03 - [MESSAGE][PASSED] - Width of element 'Object Repository/CuPaDl/Icons/Reposition_icon' is '40'

2018-03-06 10:36:03 - [MESSAGE][PASSED] - Height of element 'Object Repository/CuPaDl/Icons/Reposition_icon' is '40'.

2018-03-06 10:36:04 - [MESSAGE][PASSED] - Delayed 1 second(s)

2018-03-06 10:36:04 - [MESSAGE][PASSED] - cupakeysDl.iconad.iconadd is PASSED

2018-03-06 10:36:04 - [TEST_STEP][PASSED] - Statement - (step++): null

2018-03-06 10:36:04 - [TEST_STEP][PASSED] - Statement - (iconcount++): null

2018-03-06 10:36:04 - [TEST_STEP][PASSED] - cupakeysDl.iconres.iconresize: cupakeysDl.iconres.iconresize is PASSED

2018-03-06 10:36:04 - [MESSAGE][PASSED] - Object 'Object Repository/CuPaDl/Icons/Reposition_icon' is visible

2018-03-06 10:36:04 - [MESSAGE][PASSED] - Current viewport's left (x) position is 0

2018-03-06 10:36:04 - [MESSAGE][PASSED] - Current viewport's top (y) position is 54

2018-03-06 10:36:04 - [MESSAGE][PASSED] - Dragged object with id 'Object Repository/CuPaDl/Icons/Resize_icon_bottomright' by offset distance x = 125 and y = 179 successfully

2018-03-06 10:36:06 - [MESSAGE][PASSED] - Object 'Object Repository/CuPaDl/Loading_indicator' is visible

2018-03-06 10:36:07 - [MESSAGE][PASSED] - Object 'Object Repository/CuPaDl/Loading_indicator' is NOT visible

2018-03-06 10:36:08 - [MESSAGE][PASSED] - Delayed 1 second(s)

2018-03-06 10:36:08 - [MESSAGE][PASSED] - cupakeysDl.iconres.iconresize is PASSED

2018-03-06 10:36:08 - [TEST_STEP][PASSED] - Statement - (step++): null

2018-03-06 10:36:08 - [TEST_STEP][PASSED] - cupakeysDl.slink.svlink: cupakeysDl.slink.svlink is PASSED

2018-03-06 10:36:08 - [MESSAGE][PASSED] - Scroll to object 'Object Repository/CuPaDl/Save/Save' successfully

2018-03-06 10:36:08 - [MESSAGE][PASSED] - Object: 'Object Repository/CuPaDl/Save/Save' is clicked on

2018-03-06 10:36:08 - [MESSAGE][WARNING] - Timeout '0' is invalid. Using default page load timeout: '30'

2018-03-06 10:36:10 - [MESSAGE][PASSED] - Object 'Object Repository/CuPaDl/Save/CopyLink' is visible

2018-03-06 10:36:10 - [MESSAGE][PASSED] - Attribute 'value' of object 'Object Repository/CuPaDl/Save/Link' is: 'https://d16a4dsnr8a0k1.cloudfront.net/en/2455233.html?scupaId=BSIlPGkrWDE+Ino0RURG'

2018-03-06 10:36:10 - [MESSAGE][PASSED] - cupakeysDl.slink.svlink is PASSED

2018-03-06 10:36:10 - [TEST_STEP][PASSED] - cupakeysDl.endsession.finishsession: cupakeysDl.endsession.finishsession is PASSED

2018-03-06 10:36:13 - [MESSAGE][PASSED] - Delayed 3 second(s)

2018-03-06 10:36:14 - [MESSAGE][PASSED] - Browser is closed

2018-03-06 10:36:14 - [MESSAGE][PASSED] - cupakeysDl.endsession.finishsession is PASSED]]></system-out>
         <system-err><![CDATA[]]></system-err>
      </testcase>
      <testcase name="Test Cases/CuPaStefanie/5" classname="Test Cases/CuPaStefanie/5" status="PASSED">
         <system-out><![CDATA[2018-03-06 10:36:14 - [TEST_CASE][PASSED] - Test Cases/CuPaStefanie/5: Test Cases/CuPaStefanie/5

2018-03-06 10:36:14 - [TEST_STEP][PASSED] - Statement - timeStamp = new java.text.SimpleDateFormat(dd.MM.yyyy_HH_mm_ss).format(java.util.Calendar.getInstance().getTime()): null

2018-03-06 10:36:14 - [TEST_STEP][PASSED] - Statement - timeStampScreenshot = new java.text.SimpleDateFormat(dd.MM.yyyy).format(java.util.Calendar.getInstance().getTime()): null

2018-03-06 10:36:14 - [TEST_STEP][PASSED] - Statement - iconmap = [:]: null

2018-03-06 10:36:14 - [TEST_STEP][PASSED] - Statement - txtmap = [:]: null

2018-03-06 10:36:14 - [TEST_STEP][PASSED] - Statement - signmap = [:]: null

2018-03-06 10:36:14 - [TEST_STEP][PASSED] - cupakeysDl.initStart.initialStart: cupakeysDl.initStart.initialStart is PASSED

2018-03-06 10:36:16 - [MESSAGE][PASSED] - Browser is opened with url: ''

2018-03-06 10:36:19 - [MESSAGE][PASSED] - Delayed 3 second(s)

2018-03-06 10:36:20 - [MESSAGE][PASSED] - Navigate to 'https://d16a4dsnr8a0k1.cloudfront.net/en/2455233.html?price=150.00%20%E2%82%AC&partName=wilsonPartName&vin=wilsonVin&modelCode=XP11&paint=P0A94&modelDescription=wilsonModelDescription&additionalEquipment=wilsonAdditionalEquipment' successfully

2018-03-06 10:36:20 - [MESSAGE][PASSED] - Object 'Object Repository/CuPaDl/Loading_indicator' is visible

2018-03-06 10:36:27 - [MESSAGE][PASSED] - Object 'Object Repository/CuPaDl/Loading_indicator' is NOT visible

2018-03-06 10:36:28 - [MESSAGE][PASSED] - Delayed 1 second(s)

2018-03-06 10:36:28 - [MESSAGE][PASSED] - cupakeysDl.initStart.initialStart is PASSED

2018-03-06 10:36:28 - [TEST_STEP][PASSED] - Statement - (step++): null

2018-03-06 10:36:28 - [TEST_STEP][PASSED] - cupakeysDl.color.changecolor: cupakeysDl.color.changecolor is PASSED

2018-03-06 10:36:29 - [MESSAGE][PASSED] - Object 'Object Repository/CuPaDl/Color/Color' is visible

2018-03-06 10:36:30 - [MESSAGE][PASSED] - Object: 'Object Repository/CuPaDl/Color/Color' is clicked on

2018-03-06 10:36:31 - [MESSAGE][PASSED] - Delayed 1 second(s)

2018-03-06 10:36:31 - [MESSAGE][PASSED] - Object 'Object Repository/CuPaDl/Color/Color_solartsorange' is visible

2018-03-06 10:36:31 - [MESSAGE][PASSED] - Object: 'Object Repository/CuPaDl/Color/Color_solartsorange' is clicked on

2018-03-06 10:36:31 - [MESSAGE][WARNING] - Timeout '0' is invalid. Using default page load timeout: '30'

2018-03-06 10:36:31 - [MESSAGE][PASSED] - Object 'Object Repository/CuPaDl/Color/Color_solartsorange' is visible

2018-03-06 10:36:32 - [MESSAGE][PASSED] - Delayed 1 second(s)

2018-03-06 10:36:32 - [MESSAGE][PASSED] - Object: 'Object Repository/CuPaDl/Color/Color_solartsorange' is clicked on

2018-03-06 10:36:32 - [MESSAGE][PASSED] - Object 'Object Repository/CuPaDl/Loading_indicator' is visible

2018-03-06 10:36:35 - [MESSAGE][PASSED] - Object 'Object Repository/CuPaDl/Loading_indicator' is NOT visible

2018-03-06 10:36:36 - [MESSAGE][PASSED] - Delayed 1 second(s)

2018-03-06 10:36:36 - [MESSAGE][PASSED] - cupakeysDl.color.changecolor is PASSED

2018-03-06 10:36:36 - [TEST_STEP][PASSED] - Statement - (step++): null

2018-03-06 10:36:36 - [TEST_STEP][PASSED] - cupakeysDl.chngstruct.changestructure: cupakeysDl.chngstruct.changestructure is PASSED

2018-03-06 10:36:36 - [MESSAGE][PASSED] - Object: 'Object Repository/CuPaDl/Structure/Structure' is clicked on

2018-03-06 10:36:36 - [MESSAGE][WARNING] - Timeout '0' is invalid. Using default page load timeout: '30'

2018-03-06 10:36:36 - [MESSAGE][PASSED] - Object 'Object Repository/CuPaDl/Structure/Structure_Hahnentritt' is visible

2018-03-06 10:36:36 - [MESSAGE][PASSED] - Object 'Object Repository/CuPaDl/Structure/Structure_angles' is visible

2018-03-06 10:36:36 - [MESSAGE][PASSED] - Object: 'Object Repository/CuPaDl/Structure/Structure_angles' is clicked on

2018-03-06 10:36:37 - [MESSAGE][PASSED] - Object 'Object Repository/CuPaDl/Loading_indicator' is visible

2018-03-06 10:36:42 - [MESSAGE][PASSED] - Object 'Object Repository/CuPaDl/Loading_indicator' is NOT visible

2018-03-06 10:36:43 - [MESSAGE][PASSED] - Delayed 1 second(s)

2018-03-06 10:36:43 - [MESSAGE][PASSED] - cupakeysDl.chngstruct.changestructure is PASSED

2018-03-06 10:36:43 - [TEST_STEP][PASSED] - Statement - (step++): null

2018-03-06 10:36:43 - [TEST_STEP][PASSED] - cupakeysDl.sclstruct.scalestructure: cupakeysDl.sclstruct.scalestructure is PASSED

2018-03-06 10:36:46 - [MESSAGE][WARNING] - Object 'Object Repository/CuPaDl/Structure/Resize_Structure_bottomright' is not visible after 3 second(s)

2018-03-06 10:36:46 - [MESSAGE][PASSED] - Object: 'Object Repository/CuPaDl/Structure/Resize_Structure' is clicked on

2018-03-06 10:36:46 - [MESSAGE][WARNING] - Timeout '0' is invalid. Using default page load timeout: '30'

2018-03-06 10:36:46 - [MESSAGE][PASSED] - Object 'Object Repository/CuPaDl/Structure/Resize_Structure_bottomright' is visible

2018-03-06 10:36:47 - [MESSAGE][PASSED] - Delayed 1 second(s)

2018-03-06 10:36:47 - [MESSAGE][PASSED] - Current viewport's left (x) position is 0

2018-03-06 10:36:47 - [MESSAGE][PASSED] - Current viewport's top (y) position is 54

2018-03-06 10:36:48 - [MESSAGE][PASSED] - Dragged object with id 'Object Repository/CuPaDl/Structure/Resize_Structure_bottomright' by offset distance x = -225 and y = -171 successfully

2018-03-06 10:36:49 - [MESSAGE][PASSED] - Object 'Object Repository/CuPaDl/Loading_indicator' is visible

2018-03-06 10:36:55 - [MESSAGE][PASSED] - Object 'Object Repository/CuPaDl/Loading_indicator' is NOT visible

2018-03-06 10:36:56 - [MESSAGE][PASSED] - Delayed 1 second(s)

2018-03-06 10:36:56 - [MESSAGE][PASSED] - cupakeysDl.sclstruct.scalestructure is PASSED

2018-03-06 10:36:56 - [TEST_STEP][PASSED] - Statement - (step++): null

2018-03-06 10:36:56 - [TEST_STEP][PASSED] - Statement - iconmap += CustomKeywords.cupakeysDl.iconad.iconadd("compass", LoadTimeCorrector, step, run, device, timeStamp, iconcount): cupakeysDl.iconad.iconadd is PASSED

2018-03-06 10:36:56 - [MESSAGE][PASSED] - Object: 'Object Repository/CuPaDl/Icons/Icon' is clicked on

2018-03-06 10:36:56 - [MESSAGE][PASSED] - Object 'Object Repository/CuPaDl/Icons/Icon_compass' is visible

2018-03-06 10:36:56 - [MESSAGE][PASSED] - Object: 'Object Repository/CuPaDl/Icons/Icon_compass' is clicked on

2018-03-06 10:36:57 - [MESSAGE][PASSED] - Delayed 1 second(s)

2018-03-06 10:36:57 - [MESSAGE][PASSED] - Object 'Object Repository/CuPaDl/Loading_indicator' is visible

2018-03-06 10:37:02 - [MESSAGE][PASSED] - Object 'Object Repository/CuPaDl/Loading_indicator' is NOT visible

2018-03-06 10:37:02 - [MESSAGE][WARNING] - Timeout '0' is invalid. Using default page load timeout: '30'

2018-03-06 10:37:02 - [MESSAGE][PASSED] - Width of element 'Object Repository/CuPaDl/Icons/Reposition_icon' is '40'

2018-03-06 10:37:02 - [MESSAGE][PASSED] - Height of element 'Object Repository/CuPaDl/Icons/Reposition_icon' is '40'.

2018-03-06 10:37:03 - [MESSAGE][PASSED] - Delayed 1 second(s)

2018-03-06 10:37:03 - [MESSAGE][PASSED] - cupakeysDl.iconad.iconadd is PASSED

2018-03-06 10:37:03 - [TEST_STEP][PASSED] - Statement - (step++): null

2018-03-06 10:37:03 - [TEST_STEP][PASSED] - Statement - (iconcount++): null

2018-03-06 10:37:03 - [TEST_STEP][PASSED] - cupakeysDl.iconres.iconresize: cupakeysDl.iconres.iconresize is PASSED

2018-03-06 10:37:03 - [MESSAGE][PASSED] - Object 'Object Repository/CuPaDl/Icons/Reposition_icon' is visible

2018-03-06 10:37:03 - [MESSAGE][PASSED] - Current viewport's left (x) position is 0

2018-03-06 10:37:03 - [MESSAGE][PASSED] - Current viewport's top (y) position is 54

2018-03-06 10:37:03 - [MESSAGE][PASSED] - Dragged object with id 'Object Repository/CuPaDl/Icons/Resize_icon_bottomright' by offset distance x = -125 and y = -71 successfully

2018-03-06 10:37:04 - [MESSAGE][PASSED] - Object 'Object Repository/CuPaDl/Loading_indicator' is visible

2018-03-06 10:37:10 - [MESSAGE][PASSED] - Object 'Object Repository/CuPaDl/Loading_indicator' is NOT visible

2018-03-06 10:37:11 - [MESSAGE][PASSED] - Delayed 1 second(s)

2018-03-06 10:37:11 - [MESSAGE][PASSED] - cupakeysDl.iconres.iconresize is PASSED

2018-03-06 10:37:11 - [TEST_STEP][PASSED] - Statement - (step++): null

2018-03-06 10:37:11 - [TEST_STEP][PASSED] - cupakeysDl.slink.svlink: cupakeysDl.slink.svlink is PASSED

2018-03-06 10:37:11 - [MESSAGE][PASSED] - Scroll to object 'Object Repository/CuPaDl/Save/Save' successfully

2018-03-06 10:37:11 - [MESSAGE][PASSED] - Object: 'Object Repository/CuPaDl/Save/Save' is clicked on

2018-03-06 10:37:11 - [MESSAGE][WARNING] - Timeout '0' is invalid. Using default page load timeout: '30'

2018-03-06 10:37:13 - [MESSAGE][PASSED] - Object 'Object Repository/CuPaDl/Save/CopyLink' is visible

2018-03-06 10:37:13 - [MESSAGE][PASSED] - Attribute 'value' of object 'Object Repository/CuPaDl/Save/Link' is: 'https://d16a4dsnr8a0k1.cloudfront.net/en/2455233.html?scupaId=GSxbXRReUSQtV3o0RURH'

2018-03-06 10:37:13 - [MESSAGE][PASSED] - cupakeysDl.slink.svlink is PASSED

2018-03-06 10:37:13 - [TEST_STEP][PASSED] - cupakeysDl.endsession.finishsession: cupakeysDl.endsession.finishsession is PASSED

2018-03-06 10:37:16 - [MESSAGE][PASSED] - Delayed 3 second(s)

2018-03-06 10:37:17 - [MESSAGE][PASSED] - Browser is closed

2018-03-06 10:37:17 - [MESSAGE][PASSED] - cupakeysDl.endsession.finishsession is PASSED]]></system-out>
         <system-err><![CDATA[]]></system-err>
      </testcase>
      <testcase name="Test Cases/CuPaStefanie/6" classname="Test Cases/CuPaStefanie/6" status="PASSED">
         <system-out><![CDATA[2018-03-06 10:37:17 - [TEST_CASE][PASSED] - Test Cases/CuPaStefanie/6: Test Cases/CuPaStefanie/6

2018-03-06 10:37:17 - [TEST_STEP][PASSED] - Statement - timeStamp = new java.text.SimpleDateFormat(dd.MM.yyyy_HH_mm_ss).format(java.util.Calendar.getInstance().getTime()): null

2018-03-06 10:37:17 - [TEST_STEP][PASSED] - Statement - timeStampScreenshot = new java.text.SimpleDateFormat(dd.MM.yyyy).format(java.util.Calendar.getInstance().getTime()): null

2018-03-06 10:37:17 - [TEST_STEP][PASSED] - Statement - iconmap = [:]: null

2018-03-06 10:37:17 - [TEST_STEP][PASSED] - Statement - txtmap = [:]: null

2018-03-06 10:37:17 - [TEST_STEP][PASSED] - Statement - signmap = [:]: null

2018-03-06 10:37:17 - [TEST_STEP][PASSED] - cupakeysDl.initStart.initialStart: cupakeysDl.initStart.initialStart is PASSED

2018-03-06 10:37:19 - [MESSAGE][PASSED] - Browser is opened with url: ''

2018-03-06 10:37:22 - [MESSAGE][PASSED] - Delayed 3 second(s)

2018-03-06 10:37:23 - [MESSAGE][PASSED] - Navigate to 'https://d16a4dsnr8a0k1.cloudfront.net/en/2455233.html?price=150.00%20%E2%82%AC&partName=wilsonPartName&vin=wilsonVin&modelCode=XP11&paint=P0A94&modelDescription=wilsonModelDescription&additionalEquipment=wilsonAdditionalEquipment' successfully

2018-03-06 10:37:23 - [MESSAGE][PASSED] - Object 'Object Repository/CuPaDl/Loading_indicator' is visible

2018-03-06 10:37:33 - [MESSAGE][PASSED] - Object 'Object Repository/CuPaDl/Loading_indicator' is NOT visible

2018-03-06 10:37:34 - [MESSAGE][PASSED] - Delayed 1 second(s)

2018-03-06 10:37:34 - [MESSAGE][PASSED] - cupakeysDl.initStart.initialStart is PASSED

2018-03-06 10:37:34 - [TEST_STEP][PASSED] - Statement - (step++): null

2018-03-06 10:37:34 - [TEST_STEP][PASSED] - cupakeysDl.color.changecolor: cupakeysDl.color.changecolor is PASSED

2018-03-06 10:37:34 - [MESSAGE][PASSED] - Object 'Object Repository/CuPaDl/Color/Color' is visible

2018-03-06 10:37:34 - [MESSAGE][PASSED] - Object: 'Object Repository/CuPaDl/Color/Color' is clicked on

2018-03-06 10:37:35 - [MESSAGE][PASSED] - Delayed 1 second(s)

2018-03-06 10:37:35 - [MESSAGE][PASSED] - Object 'Object Repository/CuPaDl/Color/Color_solartsorange' is visible

2018-03-06 10:37:35 - [MESSAGE][PASSED] - Object: 'Object Repository/CuPaDl/Color/Color_solartsorange' is clicked on

2018-03-06 10:37:35 - [MESSAGE][WARNING] - Timeout '0' is invalid. Using default page load timeout: '30'

2018-03-06 10:37:35 - [MESSAGE][PASSED] - Object 'Object Repository/CuPaDl/Color/Color_solartsorange' is visible

2018-03-06 10:37:36 - [MESSAGE][PASSED] - Delayed 1 second(s)

2018-03-06 10:37:36 - [MESSAGE][PASSED] - Object: 'Object Repository/CuPaDl/Color/Color_solartsorange' is clicked on

2018-03-06 10:37:40 - [MESSAGE][WARNING] - Object 'Object Repository/CuPaDl/Loading_indicator' is not visible after 3 second(s)

2018-03-06 10:37:41 - [MESSAGE][PASSED] - Delayed 1 second(s)

2018-03-06 10:37:41 - [MESSAGE][PASSED] - cupakeysDl.color.changecolor is PASSED

2018-03-06 10:37:41 - [TEST_STEP][PASSED] - Statement - (step++): null

2018-03-06 10:37:41 - [TEST_STEP][PASSED] - cupakeysDl.chngstruct.changestructure: cupakeysDl.chngstruct.changestructure is PASSED

2018-03-06 10:37:41 - [MESSAGE][PASSED] - Object: 'Object Repository/CuPaDl/Structure/Structure' is clicked on

2018-03-06 10:37:41 - [MESSAGE][WARNING] - Timeout '0' is invalid. Using default page load timeout: '30'

2018-03-06 10:37:41 - [MESSAGE][PASSED] - Object 'Object Repository/CuPaDl/Structure/Structure_Hahnentritt' is visible

2018-03-06 10:37:41 - [MESSAGE][PASSED] - Object 'Object Repository/CuPaDl/Structure/Structure_angles' is visible

2018-03-06 10:37:41 - [MESSAGE][PASSED] - Object: 'Object Repository/CuPaDl/Structure/Structure_angles' is clicked on

2018-03-06 10:37:42 - [MESSAGE][PASSED] - Object 'Object Repository/CuPaDl/Loading_indicator' is visible

2018-03-06 10:37:47 - [MESSAGE][PASSED] - Object 'Object Repository/CuPaDl/Loading_indicator' is NOT visible

2018-03-06 10:37:48 - [MESSAGE][PASSED] - Delayed 1 second(s)

2018-03-06 10:37:48 - [MESSAGE][PASSED] - cupakeysDl.chngstruct.changestructure is PASSED

2018-03-06 10:37:48 - [TEST_STEP][PASSED] - Statement - (step++): null

2018-03-06 10:37:48 - [TEST_STEP][PASSED] - cupakeysDl.sclstruct.scalestructure: cupakeysDl.sclstruct.scalestructure is PASSED

2018-03-06 10:37:51 - [MESSAGE][WARNING] - Object 'Object Repository/CuPaDl/Structure/Resize_Structure_bottomright' is not visible after 3 second(s)

2018-03-06 10:37:51 - [MESSAGE][PASSED] - Object: 'Object Repository/CuPaDl/Structure/Resize_Structure' is clicked on

2018-03-06 10:37:51 - [MESSAGE][WARNING] - Timeout '0' is invalid. Using default page load timeout: '30'

2018-03-06 10:37:51 - [MESSAGE][PASSED] - Object 'Object Repository/CuPaDl/Structure/Resize_Structure_bottomright' is visible

2018-03-06 10:37:52 - [MESSAGE][PASSED] - Delayed 1 second(s)

2018-03-06 10:37:52 - [MESSAGE][PASSED] - Current viewport's left (x) position is 0

2018-03-06 10:37:52 - [MESSAGE][PASSED] - Current viewport's top (y) position is 54

2018-03-06 10:37:53 - [MESSAGE][PASSED] - Dragged object with id 'Object Repository/CuPaDl/Structure/Resize_Structure_bottomright' by offset distance x = 225 and y = 279 successfully

2018-03-06 10:37:54 - [MESSAGE][PASSED] - Object 'Object Repository/CuPaDl/Loading_indicator' is visible

2018-03-06 10:37:58 - [MESSAGE][PASSED] - Object 'Object Repository/CuPaDl/Loading_indicator' is NOT visible

2018-03-06 10:37:59 - [MESSAGE][PASSED] - Delayed 1 second(s)

2018-03-06 10:37:59 - [MESSAGE][PASSED] - cupakeysDl.sclstruct.scalestructure is PASSED

2018-03-06 10:37:59 - [TEST_STEP][PASSED] - Statement - (step++): null

2018-03-06 10:37:59 - [TEST_STEP][PASSED] - Statement - iconmap += CustomKeywords.cupakeysDl.iconad.iconadd("compass", LoadTimeCorrector, step, run, device, timeStamp, iconcount): cupakeysDl.iconad.iconadd is PASSED

2018-03-06 10:38:00 - [MESSAGE][PASSED] - Object: 'Object Repository/CuPaDl/Icons/Icon' is clicked on

2018-03-06 10:38:00 - [MESSAGE][PASSED] - Object 'Object Repository/CuPaDl/Icons/Icon_compass' is visible

2018-03-06 10:38:00 - [MESSAGE][PASSED] - Object: 'Object Repository/CuPaDl/Icons/Icon_compass' is clicked on

2018-03-06 10:38:01 - [MESSAGE][PASSED] - Delayed 1 second(s)

2018-03-06 10:38:01 - [MESSAGE][PASSED] - Object 'Object Repository/CuPaDl/Loading_indicator' is visible

2018-03-06 10:38:06 - [MESSAGE][PASSED] - Object 'Object Repository/CuPaDl/Loading_indicator' is NOT visible

2018-03-06 10:38:06 - [MESSAGE][WARNING] - Timeout '0' is invalid. Using default page load timeout: '30'

2018-03-06 10:38:06 - [MESSAGE][PASSED] - Width of element 'Object Repository/CuPaDl/Icons/Reposition_icon' is '40'

2018-03-06 10:38:06 - [MESSAGE][PASSED] - Height of element 'Object Repository/CuPaDl/Icons/Reposition_icon' is '40'.

2018-03-06 10:38:07 - [MESSAGE][PASSED] - Delayed 1 second(s)

2018-03-06 10:38:07 - [MESSAGE][PASSED] - cupakeysDl.iconad.iconadd is PASSED

2018-03-06 10:38:07 - [TEST_STEP][PASSED] - Statement - (step++): null

2018-03-06 10:38:07 - [TEST_STEP][PASSED] - Statement - (iconcount++): null

2018-03-06 10:38:07 - [TEST_STEP][PASSED] - cupakeysDl.iconres.iconresize: cupakeysDl.iconres.iconresize is PASSED

2018-03-06 10:38:07 - [MESSAGE][PASSED] - Object 'Object Repository/CuPaDl/Icons/Reposition_icon' is visible

2018-03-06 10:38:07 - [MESSAGE][PASSED] - Current viewport's left (x) position is 0

2018-03-06 10:38:07 - [MESSAGE][PASSED] - Current viewport's top (y) position is 54

2018-03-06 10:38:07 - [MESSAGE][PASSED] - Dragged object with id 'Object Repository/CuPaDl/Icons/Resize_icon_bottomright' by offset distance x = 125 and y = 179 successfully

2018-03-06 10:38:08 - [MESSAGE][PASSED] - Object 'Object Repository/CuPaDl/Loading_indicator' is visible

2018-03-06 10:38:12 - [MESSAGE][PASSED] - Object 'Object Repository/CuPaDl/Loading_indicator' is NOT visible

2018-03-06 10:38:13 - [MESSAGE][PASSED] - Delayed 1 second(s)

2018-03-06 10:38:13 - [MESSAGE][PASSED] - cupakeysDl.iconres.iconresize is PASSED

2018-03-06 10:38:13 - [TEST_STEP][PASSED] - Statement - (step++): null

2018-03-06 10:38:13 - [TEST_STEP][PASSED] - cupakeysDl.slink.svlink: cupakeysDl.slink.svlink is PASSED

2018-03-06 10:38:13 - [MESSAGE][PASSED] - Scroll to object 'Object Repository/CuPaDl/Save/Save' successfully

2018-03-06 10:38:14 - [MESSAGE][PASSED] - Object: 'Object Repository/CuPaDl/Save/Save' is clicked on

2018-03-06 10:38:14 - [MESSAGE][WARNING] - Timeout '0' is invalid. Using default page load timeout: '30'

2018-03-06 10:38:15 - [MESSAGE][PASSED] - Object 'Object Repository/CuPaDl/Save/CopyLink' is visible

2018-03-06 10:38:15 - [MESSAGE][PASSED] - Attribute 'value' of object 'Object Repository/CuPaDl/Save/Link' is: 'https://d16a4dsnr8a0k1.cloudfront.net/en/2455233.html?scupaId=A1A8IG0+UCsoV3o0RURH'

2018-03-06 10:38:15 - [MESSAGE][PASSED] - cupakeysDl.slink.svlink is PASSED

2018-03-06 10:38:15 - [TEST_STEP][PASSED] - cupakeysDl.endsession.finishsession: cupakeysDl.endsession.finishsession is PASSED

2018-03-06 10:38:18 - [MESSAGE][PASSED] - Delayed 3 second(s)

2018-03-06 10:38:18 - [MESSAGE][PASSED] - Browser is closed

2018-03-06 10:38:18 - [MESSAGE][PASSED] - cupakeysDl.endsession.finishsession is PASSED]]></system-out>
         <system-err><![CDATA[]]></system-err>
      </testcase>
      <testcase name="Test Cases/CuPaStefanie/7" classname="Test Cases/CuPaStefanie/7" status="PASSED">
         <system-out><![CDATA[2018-03-06 10:38:18 - [TEST_CASE][PASSED] - Test Cases/CuPaStefanie/7: Test Cases/CuPaStefanie/7

2018-03-06 10:38:19 - [TEST_STEP][PASSED] - Statement - timeStamp = new java.text.SimpleDateFormat(dd.MM.yyyy_HH_mm_ss).format(java.util.Calendar.getInstance().getTime()): null

2018-03-06 10:38:19 - [TEST_STEP][PASSED] - Statement - timeStampScreenshot = new java.text.SimpleDateFormat(dd.MM.yyyy).format(java.util.Calendar.getInstance().getTime()): null

2018-03-06 10:38:19 - [TEST_STEP][PASSED] - Statement - iconmap = [:]: null

2018-03-06 10:38:19 - [TEST_STEP][PASSED] - Statement - txtmap = [:]: null

2018-03-06 10:38:19 - [TEST_STEP][PASSED] - Statement - signmap = [:]: null

2018-03-06 10:38:19 - [TEST_STEP][PASSED] - cupakeysDl.initStart.initialStart: cupakeysDl.initStart.initialStart is PASSED

2018-03-06 10:38:20 - [MESSAGE][PASSED] - Browser is opened with url: ''

2018-03-06 10:38:23 - [MESSAGE][PASSED] - Delayed 3 second(s)

2018-03-06 10:38:25 - [MESSAGE][PASSED] - Navigate to 'https://d16a4dsnr8a0k1.cloudfront.net/en/2455233.html?price=150.00%20%E2%82%AC&partName=wilsonPartName&vin=wilsonVin&modelCode=XP11&paint=P0A94&modelDescription=wilsonModelDescription&additionalEquipment=wilsonAdditionalEquipment' successfully

2018-03-06 10:38:25 - [MESSAGE][PASSED] - Object 'Object Repository/CuPaDl/Loading_indicator' is visible

2018-03-06 10:38:35 - [MESSAGE][PASSED] - Object 'Object Repository/CuPaDl/Loading_indicator' is NOT visible

2018-03-06 10:38:36 - [MESSAGE][PASSED] - Delayed 1 second(s)

2018-03-06 10:38:36 - [MESSAGE][PASSED] - cupakeysDl.initStart.initialStart is PASSED

2018-03-06 10:38:36 - [TEST_STEP][PASSED] - Statement - (step++): null

2018-03-06 10:38:36 - [TEST_STEP][PASSED] - cupakeysDl.color.changecolor: cupakeysDl.color.changecolor is PASSED

2018-03-06 10:38:36 - [MESSAGE][PASSED] - Object 'Object Repository/CuPaDl/Color/Color' is visible

2018-03-06 10:38:37 - [MESSAGE][PASSED] - Object: 'Object Repository/CuPaDl/Color/Color' is clicked on

2018-03-06 10:38:38 - [MESSAGE][PASSED] - Delayed 1 second(s)

2018-03-06 10:38:38 - [MESSAGE][PASSED] - Object 'Object Repository/CuPaDl/Color/Color_electricblue' is visible

2018-03-06 10:38:38 - [MESSAGE][PASSED] - Object: 'Object Repository/CuPaDl/Color/Color_electricblue' is clicked on

2018-03-06 10:38:38 - [MESSAGE][WARNING] - Timeout '0' is invalid. Using default page load timeout: '30'

2018-03-06 10:38:38 - [MESSAGE][PASSED] - Object 'Object Repository/CuPaDl/Color/Color_electricblue' is visible

2018-03-06 10:38:39 - [MESSAGE][PASSED] - Delayed 1 second(s)

2018-03-06 10:38:40 - [MESSAGE][PASSED] - Object: 'Object Repository/CuPaDl/Color/Color_electricblue' is clicked on

2018-03-06 10:38:43 - [MESSAGE][WARNING] - Object 'Object Repository/CuPaDl/Loading_indicator' is not visible after 3 second(s)

2018-03-06 10:38:44 - [MESSAGE][PASSED] - Delayed 1 second(s)

2018-03-06 10:38:44 - [MESSAGE][PASSED] - cupakeysDl.color.changecolor is PASSED

2018-03-06 10:38:44 - [TEST_STEP][PASSED] - Statement - (step++): null

2018-03-06 10:38:44 - [TEST_STEP][PASSED] - cupakeysDl.chngstruct.changestructure: cupakeysDl.chngstruct.changestructure is PASSED

2018-03-06 10:38:44 - [MESSAGE][PASSED] - Object: 'Object Repository/CuPaDl/Structure/Structure' is clicked on

2018-03-06 10:38:44 - [MESSAGE][WARNING] - Timeout '0' is invalid. Using default page load timeout: '30'

2018-03-06 10:38:44 - [MESSAGE][PASSED] - Object 'Object Repository/CuPaDl/Structure/Structure_Hahnentritt' is visible

2018-03-06 10:38:44 - [MESSAGE][PASSED] - Object 'Object Repository/CuPaDl/Structure/Structure_quadrops' is visible

2018-03-06 10:38:44 - [MESSAGE][PASSED] - Object: 'Object Repository/CuPaDl/Structure/Structure_quadrops' is clicked on

2018-03-06 10:38:45 - [MESSAGE][PASSED] - Object 'Object Repository/CuPaDl/Loading_indicator' is visible

2018-03-06 10:38:55 - [MESSAGE][PASSED] - Object 'Object Repository/CuPaDl/Loading_indicator' is NOT visible

2018-03-06 10:38:56 - [MESSAGE][PASSED] - Delayed 1 second(s)

2018-03-06 10:38:56 - [MESSAGE][PASSED] - cupakeysDl.chngstruct.changestructure is PASSED

2018-03-06 10:38:56 - [TEST_STEP][PASSED] - Statement - (step++): null

2018-03-06 10:38:56 - [TEST_STEP][PASSED] - cupakeysDl.sclstruct.scalestructure: cupakeysDl.sclstruct.scalestructure is PASSED

2018-03-06 10:38:59 - [MESSAGE][WARNING] - Object 'Object Repository/CuPaDl/Structure/Resize_Structure_bottomright' is not visible after 3 second(s)

2018-03-06 10:38:59 - [MESSAGE][PASSED] - Object: 'Object Repository/CuPaDl/Structure/Resize_Structure' is clicked on

2018-03-06 10:38:59 - [MESSAGE][WARNING] - Timeout '0' is invalid. Using default page load timeout: '30'

2018-03-06 10:38:59 - [MESSAGE][PASSED] - Object 'Object Repository/CuPaDl/Structure/Resize_Structure_bottomright' is visible

2018-03-06 10:39:00 - [MESSAGE][PASSED] - Delayed 1 second(s)

2018-03-06 10:39:00 - [MESSAGE][PASSED] - Current viewport's left (x) position is 0

2018-03-06 10:39:00 - [MESSAGE][PASSED] - Current viewport's top (y) position is 54

2018-03-06 10:39:00 - [MESSAGE][PASSED] - Dragged object with id 'Object Repository/CuPaDl/Structure/Resize_Structure_bottomright' by offset distance x = -225 and y = -171 successfully

2018-03-06 10:39:01 - [MESSAGE][PASSED] - Object 'Object Repository/CuPaDl/Loading_indicator' is visible

2018-03-06 10:39:26 - [MESSAGE][PASSED] - Object 'Object Repository/CuPaDl/Loading_indicator' is NOT visible

2018-03-06 10:39:27 - [MESSAGE][PASSED] - Delayed 1 second(s)

2018-03-06 10:39:27 - [MESSAGE][PASSED] - cupakeysDl.sclstruct.scalestructure is PASSED

2018-03-06 10:39:27 - [TEST_STEP][PASSED] - Statement - (step++): null

2018-03-06 10:39:27 - [TEST_STEP][PASSED] - Statement - iconmap += CustomKeywords.cupakeysDl.iconad.iconadd("pin", LoadTimeCorrector, step, run, device, timeStamp, iconcount): cupakeysDl.iconad.iconadd is PASSED

2018-03-06 10:39:28 - [MESSAGE][PASSED] - Object: 'Object Repository/CuPaDl/Icons/Icon' is clicked on

2018-03-06 10:39:28 - [MESSAGE][PASSED] - Object 'Object Repository/CuPaDl/Icons/Icon_pin' is visible

2018-03-06 10:39:28 - [MESSAGE][PASSED] - Object: 'Object Repository/CuPaDl/Icons/Icon_pin' is clicked on

2018-03-06 10:39:29 - [MESSAGE][PASSED] - Delayed 1 second(s)

2018-03-06 10:39:29 - [MESSAGE][PASSED] - Object 'Object Repository/CuPaDl/Loading_indicator' is visible

2018-03-06 10:39:53 - [MESSAGE][PASSED] - Object 'Object Repository/CuPaDl/Loading_indicator' is NOT visible

2018-03-06 10:39:53 - [MESSAGE][WARNING] - Timeout '0' is invalid. Using default page load timeout: '30'

2018-03-06 10:39:53 - [MESSAGE][PASSED] - Width of element 'Object Repository/CuPaDl/Icons/Reposition_icon' is '40'

2018-03-06 10:39:53 - [MESSAGE][PASSED] - Height of element 'Object Repository/CuPaDl/Icons/Reposition_icon' is '40'.

2018-03-06 10:39:54 - [MESSAGE][PASSED] - Delayed 1 second(s)

2018-03-06 10:39:54 - [MESSAGE][PASSED] - cupakeysDl.iconad.iconadd is PASSED

2018-03-06 10:39:54 - [TEST_STEP][PASSED] - Statement - (step++): null

2018-03-06 10:39:54 - [TEST_STEP][PASSED] - Statement - (iconcount++): null

2018-03-06 10:39:54 - [TEST_STEP][PASSED] - cupakeysDl.iconres.iconresize: cupakeysDl.iconres.iconresize is PASSED

2018-03-06 10:39:54 - [MESSAGE][PASSED] - Object 'Object Repository/CuPaDl/Icons/Reposition_icon' is visible

2018-03-06 10:39:54 - [MESSAGE][PASSED] - Current viewport's left (x) position is 0

2018-03-06 10:39:54 - [MESSAGE][PASSED] - Current viewport's top (y) position is 54

2018-03-06 10:39:54 - [MESSAGE][PASSED] - Dragged object with id 'Object Repository/CuPaDl/Icons/Resize_icon_bottomright' by offset distance x = -125 and y = -71 successfully

2018-03-06 10:39:55 - [MESSAGE][PASSED] - Object 'Object Repository/CuPaDl/Loading_indicator' is visible

2018-03-06 10:40:19 - [MESSAGE][PASSED] - Object 'Object Repository/CuPaDl/Loading_indicator' is NOT visible

2018-03-06 10:40:20 - [MESSAGE][PASSED] - Delayed 1 second(s)

2018-03-06 10:40:20 - [MESSAGE][PASSED] - cupakeysDl.iconres.iconresize is PASSED

2018-03-06 10:40:20 - [TEST_STEP][PASSED] - Statement - (step++): null

2018-03-06 10:40:20 - [TEST_STEP][PASSED] - cupakeysDl.slink.svlink: cupakeysDl.slink.svlink is PASSED

2018-03-06 10:40:20 - [MESSAGE][PASSED] - Scroll to object 'Object Repository/CuPaDl/Save/Save' successfully

2018-03-06 10:40:21 - [MESSAGE][PASSED] - Object: 'Object Repository/CuPaDl/Save/Save' is clicked on

2018-03-06 10:40:21 - [MESSAGE][WARNING] - Timeout '0' is invalid. Using default page load timeout: '30'

2018-03-06 10:40:21 - [MESSAGE][PASSED] - Object 'Object Repository/CuPaDl/Save/CopyLink' is visible

2018-03-06 10:40:22 - [MESSAGE][PASSED] - Attribute 'value' of object 'Object Repository/CuPaDl/Save/Link' is: 'https://d16a4dsnr8a0k1.cloudfront.net/en/2455233.html?scupaId=HywjL3A9Xyg6KXo0RURB'

2018-03-06 10:40:22 - [MESSAGE][PASSED] - cupakeysDl.slink.svlink is PASSED

2018-03-06 10:40:22 - [TEST_STEP][PASSED] - cupakeysDl.endsession.finishsession: cupakeysDl.endsession.finishsession is PASSED

2018-03-06 10:40:25 - [MESSAGE][PASSED] - Delayed 3 second(s)

2018-03-06 10:40:25 - [MESSAGE][PASSED] - Browser is closed

2018-03-06 10:40:25 - [MESSAGE][PASSED] - cupakeysDl.endsession.finishsession is PASSED]]></system-out>
         <system-err><![CDATA[]]></system-err>
      </testcase>
      <testcase name="Test Cases/CuPaStefanie/8" classname="Test Cases/CuPaStefanie/8" status="PASSED">
         <system-out><![CDATA[2018-03-06 10:40:25 - [TEST_CASE][PASSED] - Test Cases/CuPaStefanie/8: Test Cases/CuPaStefanie/8

2018-03-06 10:40:25 - [TEST_STEP][PASSED] - Statement - timeStamp = new java.text.SimpleDateFormat(dd.MM.yyyy_HH_mm_ss).format(java.util.Calendar.getInstance().getTime()): null

2018-03-06 10:40:25 - [TEST_STEP][PASSED] - Statement - timeStampScreenshot = new java.text.SimpleDateFormat(dd.MM.yyyy).format(java.util.Calendar.getInstance().getTime()): null

2018-03-06 10:40:25 - [TEST_STEP][PASSED] - Statement - iconmap = [:]: null

2018-03-06 10:40:25 - [TEST_STEP][PASSED] - Statement - txtmap = [:]: null

2018-03-06 10:40:25 - [TEST_STEP][PASSED] - Statement - signmap = [:]: null

2018-03-06 10:40:25 - [TEST_STEP][PASSED] - cupakeysDl.initStart.initialStart: cupakeysDl.initStart.initialStart is PASSED

2018-03-06 10:40:27 - [MESSAGE][PASSED] - Browser is opened with url: ''

2018-03-06 10:40:30 - [MESSAGE][PASSED] - Delayed 3 second(s)

2018-03-06 10:40:31 - [MESSAGE][PASSED] - Navigate to 'https://d16a4dsnr8a0k1.cloudfront.net/en/2455233.html?price=150.00%20%E2%82%AC&partName=wilsonPartName&vin=wilsonVin&modelCode=XP11&paint=P0A94&modelDescription=wilsonModelDescription&additionalEquipment=wilsonAdditionalEquipment' successfully

2018-03-06 10:40:31 - [MESSAGE][PASSED] - Object 'Object Repository/CuPaDl/Loading_indicator' is visible

2018-03-06 10:40:40 - [MESSAGE][PASSED] - Object 'Object Repository/CuPaDl/Loading_indicator' is NOT visible

2018-03-06 10:40:41 - [MESSAGE][PASSED] - Delayed 1 second(s)

2018-03-06 10:40:41 - [MESSAGE][PASSED] - cupakeysDl.initStart.initialStart is PASSED

2018-03-06 10:40:41 - [TEST_STEP][PASSED] - Statement - (step++): null

2018-03-06 10:40:41 - [TEST_STEP][PASSED] - cupakeysDl.color.changecolor: cupakeysDl.color.changecolor is PASSED

2018-03-06 10:40:41 - [MESSAGE][PASSED] - Object 'Object Repository/CuPaDl/Color/Color' is visible

2018-03-06 10:40:41 - [MESSAGE][PASSED] - Object: 'Object Repository/CuPaDl/Color/Color' is clicked on

2018-03-06 10:40:42 - [MESSAGE][PASSED] - Delayed 1 second(s)

2018-03-06 10:40:42 - [MESSAGE][PASSED] - Object 'Object Repository/CuPaDl/Color/Color_electricblue' is visible

2018-03-06 10:40:42 - [MESSAGE][PASSED] - Object: 'Object Repository/CuPaDl/Color/Color_electricblue' is clicked on

2018-03-06 10:40:42 - [MESSAGE][WARNING] - Timeout '0' is invalid. Using default page load timeout: '30'

2018-03-06 10:40:42 - [MESSAGE][PASSED] - Object 'Object Repository/CuPaDl/Color/Color_electricblue' is visible

2018-03-06 10:40:43 - [MESSAGE][PASSED] - Delayed 1 second(s)

2018-03-06 10:40:44 - [MESSAGE][PASSED] - Object: 'Object Repository/CuPaDl/Color/Color_electricblue' is clicked on

2018-03-06 10:40:47 - [MESSAGE][WARNING] - Object 'Object Repository/CuPaDl/Loading_indicator' is not visible after 3 second(s)

2018-03-06 10:40:48 - [MESSAGE][PASSED] - Delayed 1 second(s)

2018-03-06 10:40:48 - [MESSAGE][PASSED] - cupakeysDl.color.changecolor is PASSED

2018-03-06 10:40:48 - [TEST_STEP][PASSED] - Statement - (step++): null

2018-03-06 10:40:48 - [TEST_STEP][PASSED] - cupakeysDl.chngstruct.changestructure: cupakeysDl.chngstruct.changestructure is PASSED

2018-03-06 10:40:48 - [MESSAGE][PASSED] - Object: 'Object Repository/CuPaDl/Structure/Structure' is clicked on

2018-03-06 10:40:48 - [MESSAGE][WARNING] - Timeout '0' is invalid. Using default page load timeout: '30'

2018-03-06 10:40:48 - [MESSAGE][PASSED] - Object 'Object Repository/CuPaDl/Structure/Structure_Hahnentritt' is visible

2018-03-06 10:40:48 - [MESSAGE][PASSED] - Object 'Object Repository/CuPaDl/Structure/Structure_quadrops' is visible

2018-03-06 10:40:48 - [MESSAGE][PASSED] - Object: 'Object Repository/CuPaDl/Structure/Structure_quadrops' is clicked on

2018-03-06 10:40:49 - [MESSAGE][PASSED] - Object 'Object Repository/CuPaDl/Loading_indicator' is visible

2018-03-06 10:41:00 - [MESSAGE][PASSED] - Object 'Object Repository/CuPaDl/Loading_indicator' is NOT visible

2018-03-06 10:41:01 - [MESSAGE][PASSED] - Delayed 1 second(s)

2018-03-06 10:41:01 - [MESSAGE][PASSED] - cupakeysDl.chngstruct.changestructure is PASSED

2018-03-06 10:41:01 - [TEST_STEP][PASSED] - Statement - (step++): null

2018-03-06 10:41:01 - [TEST_STEP][PASSED] - cupakeysDl.sclstruct.scalestructure: cupakeysDl.sclstruct.scalestructure is PASSED

2018-03-06 10:41:04 - [MESSAGE][WARNING] - Object 'Object Repository/CuPaDl/Structure/Resize_Structure_bottomright' is not visible after 3 second(s)

2018-03-06 10:41:04 - [MESSAGE][PASSED] - Object: 'Object Repository/CuPaDl/Structure/Resize_Structure' is clicked on

2018-03-06 10:41:04 - [MESSAGE][WARNING] - Timeout '0' is invalid. Using default page load timeout: '30'

2018-03-06 10:41:04 - [MESSAGE][PASSED] - Object 'Object Repository/CuPaDl/Structure/Resize_Structure_bottomright' is visible

2018-03-06 10:41:05 - [MESSAGE][PASSED] - Delayed 1 second(s)

2018-03-06 10:41:05 - [MESSAGE][PASSED] - Current viewport's left (x) position is 0

2018-03-06 10:41:05 - [MESSAGE][PASSED] - Current viewport's top (y) position is 54

2018-03-06 10:41:05 - [MESSAGE][PASSED] - Dragged object with id 'Object Repository/CuPaDl/Structure/Resize_Structure_bottomright' by offset distance x = 225 and y = 279 successfully

2018-03-06 10:41:06 - [MESSAGE][PASSED] - Object 'Object Repository/CuPaDl/Loading_indicator' is visible

2018-03-06 10:41:13 - [MESSAGE][PASSED] - Object 'Object Repository/CuPaDl/Loading_indicator' is NOT visible

2018-03-06 10:41:14 - [MESSAGE][PASSED] - Delayed 1 second(s)

2018-03-06 10:41:14 - [MESSAGE][PASSED] - cupakeysDl.sclstruct.scalestructure is PASSED

2018-03-06 10:41:14 - [TEST_STEP][PASSED] - Statement - (step++): null

2018-03-06 10:41:14 - [TEST_STEP][PASSED] - Statement - iconmap += CustomKeywords.cupakeysDl.iconad.iconadd("pin", LoadTimeCorrector, step, run, device, timeStamp, iconcount): cupakeysDl.iconad.iconadd is PASSED

2018-03-06 10:41:14 - [MESSAGE][PASSED] - Object: 'Object Repository/CuPaDl/Icons/Icon' is clicked on

2018-03-06 10:41:14 - [MESSAGE][PASSED] - Object 'Object Repository/CuPaDl/Icons/Icon_pin' is visible

2018-03-06 10:41:14 - [MESSAGE][PASSED] - Object: 'Object Repository/CuPaDl/Icons/Icon_pin' is clicked on

2018-03-06 10:41:15 - [MESSAGE][PASSED] - Delayed 1 second(s)

2018-03-06 10:41:15 - [MESSAGE][PASSED] - Object 'Object Repository/CuPaDl/Loading_indicator' is visible

2018-03-06 10:41:25 - [MESSAGE][PASSED] - Object 'Object Repository/CuPaDl/Loading_indicator' is NOT visible

2018-03-06 10:41:25 - [MESSAGE][WARNING] - Timeout '0' is invalid. Using default page load timeout: '30'

2018-03-06 10:41:25 - [MESSAGE][PASSED] - Width of element 'Object Repository/CuPaDl/Icons/Reposition_icon' is '40'

2018-03-06 10:41:25 - [MESSAGE][PASSED] - Height of element 'Object Repository/CuPaDl/Icons/Reposition_icon' is '40'.

2018-03-06 10:41:27 - [MESSAGE][PASSED] - Delayed 1 second(s)

2018-03-06 10:41:27 - [MESSAGE][PASSED] - cupakeysDl.iconad.iconadd is PASSED

2018-03-06 10:41:27 - [TEST_STEP][PASSED] - Statement - (step++): null

2018-03-06 10:41:27 - [TEST_STEP][PASSED] - Statement - (iconcount++): null

2018-03-06 10:41:27 - [TEST_STEP][PASSED] - cupakeysDl.iconres.iconresize: cupakeysDl.iconres.iconresize is PASSED

2018-03-06 10:41:27 - [MESSAGE][PASSED] - Object 'Object Repository/CuPaDl/Icons/Reposition_icon' is visible

2018-03-06 10:41:27 - [MESSAGE][PASSED] - Current viewport's left (x) position is 0

2018-03-06 10:41:27 - [MESSAGE][PASSED] - Current viewport's top (y) position is 54

2018-03-06 10:41:27 - [MESSAGE][PASSED] - Dragged object with id 'Object Repository/CuPaDl/Icons/Resize_icon_bottomright' by offset distance x = 125 and y = 179 successfully

2018-03-06 10:41:28 - [MESSAGE][PASSED] - Object 'Object Repository/CuPaDl/Loading_indicator' is visible

2018-03-06 10:41:38 - [MESSAGE][PASSED] - Object 'Object Repository/CuPaDl/Loading_indicator' is NOT visible

2018-03-06 10:41:39 - [MESSAGE][PASSED] - Delayed 1 second(s)

2018-03-06 10:41:39 - [MESSAGE][PASSED] - cupakeysDl.iconres.iconresize is PASSED

2018-03-06 10:41:39 - [TEST_STEP][PASSED] - Statement - (step++): null

2018-03-06 10:41:39 - [TEST_STEP][PASSED] - cupakeysDl.slink.svlink: cupakeysDl.slink.svlink is PASSED

2018-03-06 10:41:39 - [MESSAGE][PASSED] - Scroll to object 'Object Repository/CuPaDl/Save/Save' successfully

2018-03-06 10:41:39 - [MESSAGE][PASSED] - Object: 'Object Repository/CuPaDl/Save/Save' is clicked on

2018-03-06 10:41:39 - [MESSAGE][WARNING] - Timeout '0' is invalid. Using default page load timeout: '30'

2018-03-06 10:41:41 - [MESSAGE][PASSED] - Object 'Object Repository/CuPaDl/Save/CopyLink' is visible

2018-03-06 10:41:41 - [MESSAGE][PASSED] - Attribute 'value' of object 'Object Repository/CuPaDl/Save/Link' is: 'https://d16a4dsnr8a0k1.cloudfront.net/en/2455233.html?scupaId=BDNdKXQ6MzMjJ3o0RURB'

2018-03-06 10:41:41 - [MESSAGE][PASSED] - cupakeysDl.slink.svlink is PASSED

2018-03-06 10:41:41 - [TEST_STEP][PASSED] - cupakeysDl.endsession.finishsession: cupakeysDl.endsession.finishsession is PASSED

2018-03-06 10:41:44 - [MESSAGE][PASSED] - Delayed 3 second(s)

2018-03-06 10:41:44 - [MESSAGE][PASSED] - Browser is closed

2018-03-06 10:41:44 - [MESSAGE][PASSED] - cupakeysDl.endsession.finishsession is PASSED]]></system-out>
         <system-err><![CDATA[]]></system-err>
      </testcase>
      <testcase name="Test Cases/CuPaStefanie/9" classname="Test Cases/CuPaStefanie/9" status="PASSED">
         <system-out><![CDATA[2018-03-06 10:41:44 - [TEST_CASE][PASSED] - Test Cases/CuPaStefanie/9: Test Cases/CuPaStefanie/9

2018-03-06 10:41:45 - [TEST_STEP][PASSED] - Statement - timeStamp = new java.text.SimpleDateFormat(dd.MM.yyyy_HH_mm_ss).format(java.util.Calendar.getInstance().getTime()): null

2018-03-06 10:41:45 - [TEST_STEP][PASSED] - Statement - timeStampScreenshot = new java.text.SimpleDateFormat(dd.MM.yyyy).format(java.util.Calendar.getInstance().getTime()): null

2018-03-06 10:41:45 - [TEST_STEP][PASSED] - Statement - iconmap = [:]: null

2018-03-06 10:41:45 - [TEST_STEP][PASSED] - Statement - txtmap = [:]: null

2018-03-06 10:41:45 - [TEST_STEP][PASSED] - Statement - signmap = [:]: null

2018-03-06 10:41:45 - [TEST_STEP][PASSED] - cupakeysDl.initStart.initialStart: cupakeysDl.initStart.initialStart is PASSED

2018-03-06 10:41:46 - [MESSAGE][PASSED] - Browser is opened with url: ''

2018-03-06 10:41:49 - [MESSAGE][PASSED] - Delayed 3 second(s)

2018-03-06 10:41:51 - [MESSAGE][PASSED] - Navigate to 'https://d16a4dsnr8a0k1.cloudfront.net/en/2455233.html?price=150.00%20%E2%82%AC&partName=wilsonPartName&vin=wilsonVin&modelCode=XP11&paint=P0A94&modelDescription=wilsonModelDescription&additionalEquipment=wilsonAdditionalEquipment' successfully

2018-03-06 10:41:51 - [MESSAGE][PASSED] - Object 'Object Repository/CuPaDl/Loading_indicator' is visible

2018-03-06 10:42:00 - [MESSAGE][PASSED] - Object 'Object Repository/CuPaDl/Loading_indicator' is NOT visible

2018-03-06 10:42:01 - [MESSAGE][PASSED] - Delayed 1 second(s)

2018-03-06 10:42:01 - [MESSAGE][PASSED] - cupakeysDl.initStart.initialStart is PASSED

2018-03-06 10:42:01 - [TEST_STEP][PASSED] - Statement - (step++): null

2018-03-06 10:42:01 - [TEST_STEP][PASSED] - cupakeysDl.color.changecolor: cupakeysDl.color.changecolor is PASSED

2018-03-06 10:42:01 - [MESSAGE][PASSED] - Object 'Object Repository/CuPaDl/Color/Color' is visible

2018-03-06 10:42:01 - [MESSAGE][PASSED] - Object: 'Object Repository/CuPaDl/Color/Color' is clicked on

2018-03-06 10:42:02 - [MESSAGE][PASSED] - Delayed 1 second(s)

2018-03-06 10:42:02 - [MESSAGE][PASSED] - Object 'Object Repository/CuPaDl/Color/Color_rebelgreen' is visible

2018-03-06 10:42:02 - [MESSAGE][PASSED] - Object: 'Object Repository/CuPaDl/Color/Color_rebelgreen' is clicked on

2018-03-06 10:42:02 - [MESSAGE][WARNING] - Timeout '0' is invalid. Using default page load timeout: '30'

2018-03-06 10:42:02 - [MESSAGE][PASSED] - Object 'Object Repository/CuPaDl/Color/Color_rebelgreen' is visible

2018-03-06 10:42:03 - [MESSAGE][PASSED] - Delayed 1 second(s)

2018-03-06 10:42:04 - [MESSAGE][PASSED] - Object: 'Object Repository/CuPaDl/Color/Color_rebelgreen' is clicked on

2018-03-06 10:42:04 - [MESSAGE][PASSED] - Object 'Object Repository/CuPaDl/Loading_indicator' is visible

2018-03-06 10:42:07 - [MESSAGE][PASSED] - Object 'Object Repository/CuPaDl/Loading_indicator' is NOT visible

2018-03-06 10:42:08 - [MESSAGE][PASSED] - Delayed 1 second(s)

2018-03-06 10:42:08 - [MESSAGE][PASSED] - cupakeysDl.color.changecolor is PASSED

2018-03-06 10:42:08 - [TEST_STEP][PASSED] - Statement - (step++): null

2018-03-06 10:42:08 - [TEST_STEP][PASSED] - cupakeysDl.chngstruct.changestructure: cupakeysDl.chngstruct.changestructure is PASSED

2018-03-06 10:42:08 - [MESSAGE][PASSED] - Object: 'Object Repository/CuPaDl/Structure/Structure' is clicked on

2018-03-06 10:42:08 - [MESSAGE][WARNING] - Timeout '0' is invalid. Using default page load timeout: '30'

2018-03-06 10:42:08 - [MESSAGE][PASSED] - Object 'Object Repository/CuPaDl/Structure/Structure_Hahnentritt' is visible

2018-03-06 10:42:08 - [MESSAGE][PASSED] - Object 'Object Repository/CuPaDl/Structure/Structure_dots' is visible

2018-03-06 10:42:08 - [MESSAGE][PASSED] - Object: 'Object Repository/CuPaDl/Structure/Structure_dots' is clicked on

2018-03-06 10:42:09 - [MESSAGE][PASSED] - Object 'Object Repository/CuPaDl/Loading_indicator' is visible

2018-03-06 10:42:15 - [MESSAGE][PASSED] - Object 'Object Repository/CuPaDl/Loading_indicator' is NOT visible

2018-03-06 10:42:16 - [MESSAGE][PASSED] - Delayed 1 second(s)

2018-03-06 10:42:16 - [MESSAGE][PASSED] - cupakeysDl.chngstruct.changestructure is PASSED

2018-03-06 10:42:16 - [TEST_STEP][PASSED] - Statement - (step++): null

2018-03-06 10:42:16 - [TEST_STEP][PASSED] - cupakeysDl.sclstruct.scalestructure: cupakeysDl.sclstruct.scalestructure is PASSED

2018-03-06 10:42:19 - [MESSAGE][WARNING] - Object 'Object Repository/CuPaDl/Structure/Resize_Structure_bottomright' is not visible after 3 second(s)

2018-03-06 10:42:19 - [MESSAGE][PASSED] - Object: 'Object Repository/CuPaDl/Structure/Resize_Structure' is clicked on

2018-03-06 10:42:19 - [MESSAGE][WARNING] - Timeout '0' is invalid. Using default page load timeout: '30'

2018-03-06 10:42:19 - [MESSAGE][PASSED] - Object 'Object Repository/CuPaDl/Structure/Resize_Structure_bottomright' is visible

2018-03-06 10:42:20 - [MESSAGE][PASSED] - Delayed 1 second(s)

2018-03-06 10:42:20 - [MESSAGE][PASSED] - Current viewport's left (x) position is 0

2018-03-06 10:42:20 - [MESSAGE][PASSED] - Current viewport's top (y) position is 54

2018-03-06 10:42:20 - [MESSAGE][PASSED] - Dragged object with id 'Object Repository/CuPaDl/Structure/Resize_Structure_bottomright' by offset distance x = -225 and y = -171 successfully

2018-03-06 10:42:21 - [MESSAGE][PASSED] - Object 'Object Repository/CuPaDl/Loading_indicator' is visible

2018-03-06 10:42:28 - [MESSAGE][PASSED] - Object 'Object Repository/CuPaDl/Loading_indicator' is NOT visible

2018-03-06 10:42:29 - [MESSAGE][PASSED] - Delayed 1 second(s)

2018-03-06 10:42:29 - [MESSAGE][PASSED] - cupakeysDl.sclstruct.scalestructure is PASSED

2018-03-06 10:42:29 - [TEST_STEP][PASSED] - Statement - (step++): null

2018-03-06 10:42:29 - [TEST_STEP][PASSED] - Statement - iconmap += CustomKeywords.cupakeysDl.iconad.iconadd("paperplane", LoadTimeCorrector, step, run, device, timeStamp, iconcount): cupakeysDl.iconad.iconadd is PASSED

2018-03-06 10:42:30 - [MESSAGE][PASSED] - Object: 'Object Repository/CuPaDl/Icons/Icon' is clicked on

2018-03-06 10:42:30 - [MESSAGE][PASSED] - Object 'Object Repository/CuPaDl/Icons/Icon_paperplane' is visible

2018-03-06 10:42:30 - [MESSAGE][PASSED] - Object: 'Object Repository/CuPaDl/Icons/Icon_paperplane' is clicked on

2018-03-06 10:42:31 - [MESSAGE][PASSED] - Delayed 1 second(s)

2018-03-06 10:42:31 - [MESSAGE][PASSED] - Object 'Object Repository/CuPaDl/Loading_indicator' is visible

2018-03-06 10:42:44 - [MESSAGE][PASSED] - Object 'Object Repository/CuPaDl/Loading_indicator' is NOT visible

2018-03-06 10:42:44 - [MESSAGE][WARNING] - Timeout '0' is invalid. Using default page load timeout: '30'

2018-03-06 10:42:44 - [MESSAGE][PASSED] - Width of element 'Object Repository/CuPaDl/Icons/Reposition_icon' is '40'

2018-03-06 10:42:44 - [MESSAGE][PASSED] - Height of element 'Object Repository/CuPaDl/Icons/Reposition_icon' is '40'.

2018-03-06 10:42:45 - [MESSAGE][PASSED] - Delayed 1 second(s)

2018-03-06 10:42:45 - [MESSAGE][PASSED] - cupakeysDl.iconad.iconadd is PASSED

2018-03-06 10:42:45 - [TEST_STEP][PASSED] - Statement - (step++): null

2018-03-06 10:42:45 - [TEST_STEP][PASSED] - Statement - (iconcount++): null

2018-03-06 10:42:45 - [TEST_STEP][PASSED] - cupakeysDl.iconres.iconresize: cupakeysDl.iconres.iconresize is PASSED

2018-03-06 10:42:45 - [MESSAGE][PASSED] - Object 'Object Repository/CuPaDl/Icons/Reposition_icon' is visible

2018-03-06 10:42:45 - [MESSAGE][PASSED] - Current viewport's left (x) position is 0

2018-03-06 10:42:45 - [MESSAGE][PASSED] - Current viewport's top (y) position is 54

2018-03-06 10:42:45 - [MESSAGE][PASSED] - Dragged object with id 'Object Repository/CuPaDl/Icons/Resize_icon_bottomright' by offset distance x = -125 and y = -71 successfully

2018-03-06 10:42:46 - [MESSAGE][PASSED] - Object 'Object Repository/CuPaDl/Loading_indicator' is visible

2018-03-06 10:42:53 - [MESSAGE][PASSED] - Object 'Object Repository/CuPaDl/Loading_indicator' is NOT visible

2018-03-06 10:42:54 - [MESSAGE][PASSED] - Delayed 1 second(s)

2018-03-06 10:42:54 - [MESSAGE][PASSED] - cupakeysDl.iconres.iconresize is PASSED

2018-03-06 10:42:54 - [TEST_STEP][PASSED] - Statement - (step++): null

2018-03-06 10:42:54 - [TEST_STEP][PASSED] - cupakeysDl.slink.svlink: cupakeysDl.slink.svlink is PASSED

2018-03-06 10:42:54 - [MESSAGE][PASSED] - Scroll to object 'Object Repository/CuPaDl/Save/Save' successfully

2018-03-06 10:42:54 - [MESSAGE][PASSED] - Object: 'Object Repository/CuPaDl/Save/Save' is clicked on

2018-03-06 10:42:54 - [MESSAGE][WARNING] - Timeout '0' is invalid. Using default page load timeout: '30'

2018-03-06 10:42:56 - [MESSAGE][PASSED] - Object 'Object Repository/CuPaDl/Save/CopyLink' is visible

2018-03-06 10:42:56 - [MESSAGE][PASSED] - Attribute 'value' of object 'Object Repository/CuPaDl/Save/Link' is: 'https://d16a4dsnr8a0k1.cloudfront.net/en/2455233.html?scupaId=CiA6XHY8XFxcLHo0RURD'

2018-03-06 10:42:56 - [MESSAGE][PASSED] - cupakeysDl.slink.svlink is PASSED

2018-03-06 10:42:56 - [TEST_STEP][PASSED] - cupakeysDl.endsession.finishsession: cupakeysDl.endsession.finishsession is PASSED

2018-03-06 10:42:59 - [MESSAGE][PASSED] - Delayed 3 second(s)

2018-03-06 10:43:00 - [MESSAGE][PASSED] - Browser is closed

2018-03-06 10:43:00 - [MESSAGE][PASSED] - cupakeysDl.endsession.finishsession is PASSED]]></system-out>
         <system-err><![CDATA[]]></system-err>
      </testcase>
      <testcase name="Test Cases/CuPaStefanie/10" classname="Test Cases/CuPaStefanie/10" status="PASSED">
         <system-out><![CDATA[2018-03-06 10:43:00 - [TEST_CASE][PASSED] - Test Cases/CuPaStefanie/10: Test Cases/CuPaStefanie/10

2018-03-06 10:43:00 - [TEST_STEP][PASSED] - Statement - timeStamp = new java.text.SimpleDateFormat(dd.MM.yyyy_HH_mm_ss).format(java.util.Calendar.getInstance().getTime()): null

2018-03-06 10:43:00 - [TEST_STEP][PASSED] - Statement - timeStampScreenshot = new java.text.SimpleDateFormat(dd.MM.yyyy).format(java.util.Calendar.getInstance().getTime()): null

2018-03-06 10:43:00 - [TEST_STEP][PASSED] - Statement - ps = new java.io.PrintStream((((timeStamp + _Run) + run) + .txt)): null

2018-03-06 10:43:00 - [TEST_STEP][PASSED] - Statement - iconmap = [:]: null

2018-03-06 10:43:00 - [TEST_STEP][PASSED] - Statement - txtmap = [:]: null

2018-03-06 10:43:00 - [TEST_STEP][PASSED] - Statement - signmap = [:]: null

2018-03-06 10:43:00 - [TEST_STEP][PASSED] - cupakeysDl.initStart.initialStart: cupakeysDl.initStart.initialStart is PASSED

2018-03-06 10:43:02 - [MESSAGE][PASSED] - Browser is opened with url: ''

2018-03-06 10:43:05 - [MESSAGE][PASSED] - Delayed 3 second(s)

2018-03-06 10:43:07 - [MESSAGE][PASSED] - Navigate to 'https://d16a4dsnr8a0k1.cloudfront.net/en/2455233.html?price=150.00%20%E2%82%AC&partName=wilsonPartName&vin=wilsonVin&modelCode=XP11&paint=P0A94&modelDescription=wilsonModelDescription&additionalEquipment=wilsonAdditionalEquipment' successfully

2018-03-06 10:43:07 - [MESSAGE][PASSED] - Object 'Object Repository/CuPaDl/Loading_indicator' is visible

2018-03-06 10:43:16 - [MESSAGE][PASSED] - Object 'Object Repository/CuPaDl/Loading_indicator' is NOT visible

2018-03-06 10:43:17 - [MESSAGE][PASSED] - Delayed 1 second(s)

2018-03-06 10:43:17 - [MESSAGE][PASSED] - cupakeysDl.initStart.initialStart is PASSED

2018-03-06 10:43:17 - [TEST_STEP][PASSED] - Statement - (step++): null

2018-03-06 10:43:17 - [TEST_STEP][PASSED] - cupakeysDl.color.changecolor: cupakeysDl.color.changecolor is PASSED

2018-03-06 10:43:17 - [MESSAGE][PASSED] - Object 'Object Repository/CuPaDl/Color/Color' is visible

2018-03-06 10:43:17 - [MESSAGE][PASSED] - Object: 'Object Repository/CuPaDl/Color/Color' is clicked on

2018-03-06 10:43:18 - [MESSAGE][PASSED] - Delayed 1 second(s)

2018-03-06 10:43:18 - [MESSAGE][PASSED] - Object 'Object Repository/CuPaDl/Color/Color_rebelgreen' is visible

2018-03-06 10:43:19 - [MESSAGE][PASSED] - Object: 'Object Repository/CuPaDl/Color/Color_rebelgreen' is clicked on

2018-03-06 10:43:19 - [MESSAGE][WARNING] - Timeout '0' is invalid. Using default page load timeout: '30'

2018-03-06 10:43:19 - [MESSAGE][PASSED] - Object 'Object Repository/CuPaDl/Color/Color_rebelgreen' is visible

2018-03-06 10:43:20 - [MESSAGE][PASSED] - Delayed 1 second(s)

2018-03-06 10:43:20 - [MESSAGE][PASSED] - Object: 'Object Repository/CuPaDl/Color/Color_rebelgreen' is clicked on

2018-03-06 10:43:20 - [MESSAGE][PASSED] - Object 'Object Repository/CuPaDl/Loading_indicator' is visible

2018-03-06 10:43:23 - [MESSAGE][PASSED] - Object 'Object Repository/CuPaDl/Loading_indicator' is NOT visible

2018-03-06 10:43:24 - [MESSAGE][PASSED] - Delayed 1 second(s)

2018-03-06 10:43:24 - [MESSAGE][PASSED] - cupakeysDl.color.changecolor is PASSED

2018-03-06 10:43:24 - [TEST_STEP][PASSED] - Statement - (step++): null

2018-03-06 10:43:24 - [TEST_STEP][PASSED] - cupakeysDl.chngstruct.changestructure: cupakeysDl.chngstruct.changestructure is PASSED

2018-03-06 10:43:24 - [MESSAGE][PASSED] - Object: 'Object Repository/CuPaDl/Structure/Structure' is clicked on

2018-03-06 10:43:24 - [MESSAGE][WARNING] - Timeout '0' is invalid. Using default page load timeout: '30'

2018-03-06 10:43:24 - [MESSAGE][PASSED] - Object 'Object Repository/CuPaDl/Structure/Structure_Hahnentritt' is visible

2018-03-06 10:43:24 - [MESSAGE][PASSED] - Object 'Object Repository/CuPaDl/Structure/Structure_dots' is visible

2018-03-06 10:43:24 - [MESSAGE][PASSED] - Object: 'Object Repository/CuPaDl/Structure/Structure_dots' is clicked on

2018-03-06 10:43:25 - [MESSAGE][PASSED] - Object 'Object Repository/CuPaDl/Loading_indicator' is visible

2018-03-06 10:43:31 - [MESSAGE][PASSED] - Object 'Object Repository/CuPaDl/Loading_indicator' is NOT visible

2018-03-06 10:43:32 - [MESSAGE][PASSED] - Delayed 1 second(s)

2018-03-06 10:43:32 - [MESSAGE][PASSED] - cupakeysDl.chngstruct.changestructure is PASSED

2018-03-06 10:43:32 - [TEST_STEP][PASSED] - Statement - (step++): null

2018-03-06 10:43:32 - [TEST_STEP][PASSED] - cupakeysDl.sclstruct.scalestructure: cupakeysDl.sclstruct.scalestructure is PASSED

2018-03-06 10:43:35 - [MESSAGE][WARNING] - Object 'Object Repository/CuPaDl/Structure/Resize_Structure_bottomright' is not visible after 3 second(s)

2018-03-06 10:43:35 - [MESSAGE][PASSED] - Object: 'Object Repository/CuPaDl/Structure/Resize_Structure' is clicked on

2018-03-06 10:43:35 - [MESSAGE][WARNING] - Timeout '0' is invalid. Using default page load timeout: '30'

2018-03-06 10:43:35 - [MESSAGE][PASSED] - Object 'Object Repository/CuPaDl/Structure/Resize_Structure_bottomright' is visible

2018-03-06 10:43:36 - [MESSAGE][PASSED] - Delayed 1 second(s)

2018-03-06 10:43:36 - [MESSAGE][PASSED] - Current viewport's left (x) position is 0

2018-03-06 10:43:36 - [MESSAGE][PASSED] - Current viewport's top (y) position is 54

2018-03-06 10:43:36 - [MESSAGE][PASSED] - Dragged object with id 'Object Repository/CuPaDl/Structure/Resize_Structure_bottomright' by offset distance x = 225 and y = 279 successfully

2018-03-06 10:43:37 - [MESSAGE][PASSED] - Object 'Object Repository/CuPaDl/Loading_indicator' is visible

2018-03-06 10:43:42 - [MESSAGE][PASSED] - Object 'Object Repository/CuPaDl/Loading_indicator' is NOT visible

2018-03-06 10:43:43 - [MESSAGE][PASSED] - Delayed 1 second(s)

2018-03-06 10:43:43 - [MESSAGE][PASSED] - cupakeysDl.sclstruct.scalestructure is PASSED

2018-03-06 10:43:43 - [TEST_STEP][PASSED] - Statement - (step++): null

2018-03-06 10:43:43 - [TEST_STEP][PASSED] - Statement - iconmap += CustomKeywords.cupakeysDl.iconad.iconadd("paperplane", LoadTimeCorrector, step, run, device, timeStamp, iconcount): cupakeysDl.iconad.iconadd is PASSED

2018-03-06 10:43:43 - [MESSAGE][PASSED] - Object: 'Object Repository/CuPaDl/Icons/Icon' is clicked on

2018-03-06 10:43:43 - [MESSAGE][PASSED] - Object 'Object Repository/CuPaDl/Icons/Icon_paperplane' is visible

2018-03-06 10:43:43 - [MESSAGE][PASSED] - Object: 'Object Repository/CuPaDl/Icons/Icon_paperplane' is clicked on

2018-03-06 10:43:44 - [MESSAGE][PASSED] - Delayed 1 second(s)

2018-03-06 10:43:45 - [MESSAGE][PASSED] - Object 'Object Repository/CuPaDl/Loading_indicator' is visible

2018-03-06 10:43:49 - [MESSAGE][PASSED] - Object 'Object Repository/CuPaDl/Loading_indicator' is NOT visible

2018-03-06 10:43:49 - [MESSAGE][WARNING] - Timeout '0' is invalid. Using default page load timeout: '30'

2018-03-06 10:43:49 - [MESSAGE][PASSED] - Width of element 'Object Repository/CuPaDl/Icons/Reposition_icon' is '40'

2018-03-06 10:43:49 - [MESSAGE][PASSED] - Height of element 'Object Repository/CuPaDl/Icons/Reposition_icon' is '40'.

2018-03-06 10:43:50 - [MESSAGE][PASSED] - Delayed 1 second(s)

2018-03-06 10:43:50 - [MESSAGE][PASSED] - cupakeysDl.iconad.iconadd is PASSED

2018-03-06 10:43:50 - [TEST_STEP][PASSED] - Statement - (step++): null

2018-03-06 10:43:50 - [TEST_STEP][PASSED] - Statement - (iconcount++): null

2018-03-06 10:43:50 - [TEST_STEP][PASSED] - cupakeysDl.iconres.iconresize: cupakeysDl.iconres.iconresize is PASSED

2018-03-06 10:43:50 - [MESSAGE][PASSED] - Object 'Object Repository/CuPaDl/Icons/Reposition_icon' is visible

2018-03-06 10:43:50 - [MESSAGE][PASSED] - Current viewport's left (x) position is 0

2018-03-06 10:43:50 - [MESSAGE][PASSED] - Current viewport's top (y) position is 54

2018-03-06 10:43:50 - [MESSAGE][PASSED] - Dragged object with id 'Object Repository/CuPaDl/Icons/Resize_icon_bottomright' by offset distance x = 125 and y = 179 successfully

2018-03-06 10:43:51 - [MESSAGE][PASSED] - Object 'Object Repository/CuPaDl/Loading_indicator' is visible

2018-03-06 10:43:56 - [MESSAGE][PASSED] - Object 'Object Repository/CuPaDl/Loading_indicator' is NOT visible

2018-03-06 10:43:57 - [MESSAGE][PASSED] - Delayed 1 second(s)

2018-03-06 10:43:57 - [MESSAGE][PASSED] - cupakeysDl.iconres.iconresize is PASSED

2018-03-06 10:43:57 - [TEST_STEP][PASSED] - Statement - (step++): null

2018-03-06 10:43:57 - [TEST_STEP][PASSED] - cupakeysDl.slink.svlink: cupakeysDl.slink.svlink is PASSED

2018-03-06 10:43:57 - [MESSAGE][PASSED] - Scroll to object 'Object Repository/CuPaDl/Save/Save' successfully

2018-03-06 10:43:57 - [MESSAGE][PASSED] - Object: 'Object Repository/CuPaDl/Save/Save' is clicked on

2018-03-06 10:43:57 - [MESSAGE][WARNING] - Timeout '0' is invalid. Using default page load timeout: '30'

2018-03-06 10:43:59 - [MESSAGE][PASSED] - Object 'Object Repository/CuPaDl/Save/CopyLink' is visible

2018-03-06 10:43:59 - [MESSAGE][PASSED] - Attribute 'value' of object 'Object Repository/CuPaDl/Save/Link' is: 'https://d16a4dsnr8a0k1.cloudfront.net/en/2455233.html?scupaId=CCs+JHQ9KidZNno0RURD'

2018-03-06 10:43:59 - [MESSAGE][PASSED] - cupakeysDl.slink.svlink is PASSED

2018-03-06 10:43:59 - [TEST_STEP][PASSED] - cupakeysDl.endsession.finishsession: cupakeysDl.endsession.finishsession is PASSED

2018-03-06 10:44:02 - [MESSAGE][PASSED] - Delayed 3 second(s)

2018-03-06 10:44:03 - [MESSAGE][PASSED] - Browser is closed

2018-03-06 10:44:03 - [MESSAGE][PASSED] - cupakeysDl.endsession.finishsession is PASSED]]></system-out>
         <system-err><![CDATA[]]></system-err>
      </testcase>
      <testcase name="Test Cases/CuPaStefanie/11" classname="Test Cases/CuPaStefanie/11" status="PASSED">
         <system-out><![CDATA[2018-03-06 10:44:03 - [TEST_CASE][PASSED] - Test Cases/CuPaStefanie/11: Test Cases/CuPaStefanie/11

2018-03-06 10:44:03 - [TEST_STEP][PASSED] - Statement - timeStamp = new java.text.SimpleDateFormat(dd.MM.yyyy_HH_mm_ss).format(java.util.Calendar.getInstance().getTime()): null

2018-03-06 10:44:03 - [TEST_STEP][PASSED] - Statement - timeStampScreenshot = new java.text.SimpleDateFormat(dd.MM.yyyy).format(java.util.Calendar.getInstance().getTime()): null

2018-03-06 10:44:03 - [TEST_STEP][PASSED] - Statement - iconmap = [:]: null

2018-03-06 10:44:03 - [TEST_STEP][PASSED] - Statement - txtmap = [:]: null

2018-03-06 10:44:03 - [TEST_STEP][PASSED] - Statement - signmap = [:]: null

2018-03-06 10:44:03 - [TEST_STEP][PASSED] - cupakeysDl.initStart.initialStart: cupakeysDl.initStart.initialStart is PASSED

2018-03-06 10:44:05 - [MESSAGE][PASSED] - Browser is opened with url: ''

2018-03-06 10:44:08 - [MESSAGE][PASSED] - Delayed 3 second(s)

2018-03-06 10:44:10 - [MESSAGE][PASSED] - Navigate to 'https://d16a4dsnr8a0k1.cloudfront.net/en/2455233.html?price=150.00%20%E2%82%AC&partName=wilsonPartName&vin=wilsonVin&modelCode=XP11&paint=P0A94&modelDescription=wilsonModelDescription&additionalEquipment=wilsonAdditionalEquipment' successfully

2018-03-06 10:44:10 - [MESSAGE][PASSED] - Object 'Object Repository/CuPaDl/Loading_indicator' is visible

2018-03-06 10:44:18 - [MESSAGE][PASSED] - Object 'Object Repository/CuPaDl/Loading_indicator' is NOT visible

2018-03-06 10:44:19 - [MESSAGE][PASSED] - Delayed 1 second(s)

2018-03-06 10:44:19 - [MESSAGE][PASSED] - cupakeysDl.initStart.initialStart is PASSED

2018-03-06 10:44:19 - [TEST_STEP][PASSED] - Statement - (step++): null

2018-03-06 10:44:19 - [TEST_STEP][PASSED] - cupakeysDl.color.changecolor: cupakeysDl.color.changecolor is PASSED

2018-03-06 10:44:19 - [MESSAGE][PASSED] - Object 'Object Repository/CuPaDl/Color/Color' is visible

2018-03-06 10:44:19 - [MESSAGE][PASSED] - Object: 'Object Repository/CuPaDl/Color/Color' is clicked on

2018-03-06 10:44:20 - [MESSAGE][PASSED] - Delayed 1 second(s)

2018-03-06 10:44:20 - [MESSAGE][PASSED] - Object 'Object Repository/CuPaDl/Color/Color_passionred' is visible

2018-03-06 10:44:21 - [MESSAGE][PASSED] - Object: 'Object Repository/CuPaDl/Color/Color_passionred' is clicked on

2018-03-06 10:44:21 - [MESSAGE][WARNING] - Timeout '0' is invalid. Using default page load timeout: '30'

2018-03-06 10:44:21 - [MESSAGE][PASSED] - Object 'Object Repository/CuPaDl/Color/Color_passionred' is visible

2018-03-06 10:44:22 - [MESSAGE][PASSED] - Delayed 1 second(s)

2018-03-06 10:44:22 - [MESSAGE][PASSED] - Object: 'Object Repository/CuPaDl/Color/Color_passionred' is clicked on

2018-03-06 10:44:22 - [MESSAGE][PASSED] - Object 'Object Repository/CuPaDl/Loading_indicator' is visible

2018-03-06 10:44:24 - [MESSAGE][PASSED] - Object 'Object Repository/CuPaDl/Loading_indicator' is NOT visible

2018-03-06 10:44:25 - [MESSAGE][PASSED] - Delayed 1 second(s)

2018-03-06 10:44:25 - [MESSAGE][PASSED] - cupakeysDl.color.changecolor is PASSED

2018-03-06 10:44:25 - [TEST_STEP][PASSED] - Statement - (step++): null

2018-03-06 10:44:25 - [TEST_STEP][PASSED] - cupakeysDl.chngstruct.changestructure: cupakeysDl.chngstruct.changestructure is PASSED

2018-03-06 10:44:25 - [MESSAGE][PASSED] - Object: 'Object Repository/CuPaDl/Structure/Structure' is clicked on

2018-03-06 10:44:25 - [MESSAGE][WARNING] - Timeout '0' is invalid. Using default page load timeout: '30'

2018-03-06 10:44:25 - [MESSAGE][PASSED] - Object 'Object Repository/CuPaDl/Structure/Structure_Hahnentritt' is visible

2018-03-06 10:44:25 - [MESSAGE][PASSED] - Object 'Object Repository/CuPaDl/Structure/Structure_hahnentritt' is visible

2018-03-06 10:44:25 - [MESSAGE][PASSED] - Object: 'Object Repository/CuPaDl/Structure/Structure_hahnentritt' is clicked on

2018-03-06 10:44:27 - [MESSAGE][PASSED] - Object 'Object Repository/CuPaDl/Loading_indicator' is visible

2018-03-06 10:44:28 - [MESSAGE][PASSED] - Object 'Object Repository/CuPaDl/Loading_indicator' is NOT visible

2018-03-06 10:44:29 - [MESSAGE][PASSED] - Delayed 1 second(s)

2018-03-06 10:44:29 - [MESSAGE][PASSED] - cupakeysDl.chngstruct.changestructure is PASSED

2018-03-06 10:44:29 - [TEST_STEP][PASSED] - Statement - (step++): null

2018-03-06 10:44:29 - [TEST_STEP][PASSED] - cupakeysDl.sclstruct.scalestructure: cupakeysDl.sclstruct.scalestructure is PASSED

2018-03-06 10:44:32 - [MESSAGE][WARNING] - Object 'Object Repository/CuPaDl/Structure/Resize_Structure_bottomright' is not visible after 3 second(s)

2018-03-06 10:44:32 - [MESSAGE][PASSED] - Object: 'Object Repository/CuPaDl/Structure/Resize_Structure' is clicked on

2018-03-06 10:44:32 - [MESSAGE][WARNING] - Timeout '0' is invalid. Using default page load timeout: '30'

2018-03-06 10:44:32 - [MESSAGE][PASSED] - Object 'Object Repository/CuPaDl/Structure/Resize_Structure_bottomright' is visible

2018-03-06 10:44:33 - [MESSAGE][PASSED] - Delayed 1 second(s)

2018-03-06 10:44:33 - [MESSAGE][PASSED] - Current viewport's left (x) position is 0

2018-03-06 10:44:33 - [MESSAGE][PASSED] - Current viewport's top (y) position is 54

2018-03-06 10:44:33 - [MESSAGE][PASSED] - Dragged object with id 'Object Repository/CuPaDl/Structure/Resize_Structure_bottomright' by offset distance x = -225 and y = -171 successfully

2018-03-06 10:44:37 - [MESSAGE][WARNING] - Object 'Object Repository/CuPaDl/Loading_indicator' is not visible after 3 second(s)

2018-03-06 10:44:38 - [MESSAGE][PASSED] - Delayed 1 second(s)

2018-03-06 10:44:38 - [MESSAGE][PASSED] - cupakeysDl.sclstruct.scalestructure is PASSED

2018-03-06 10:44:38 - [TEST_STEP][PASSED] - Statement - (step++): null

2018-03-06 10:44:38 - [TEST_STEP][PASSED] - Statement - iconmap += CustomKeywords.cupakeysDl.iconad.iconadd("paperplaneline", LoadTimeCorrector, step, run, device, timeStamp, iconcount): cupakeysDl.iconad.iconadd is PASSED

2018-03-06 10:44:38 - [MESSAGE][PASSED] - Object: 'Object Repository/CuPaDl/Icons/Icon' is clicked on

2018-03-06 10:44:38 - [MESSAGE][PASSED] - Object 'Object Repository/CuPaDl/Icons/Icon_paperplaneline' is visible

2018-03-06 10:44:38 - [MESSAGE][PASSED] - Object: 'Object Repository/CuPaDl/Icons/Icon_paperplaneline' is clicked on

2018-03-06 10:44:39 - [MESSAGE][PASSED] - Delayed 1 second(s)

2018-03-06 10:44:40 - [MESSAGE][PASSED] - Object 'Object Repository/CuPaDl/Loading_indicator' is visible

2018-03-06 10:44:41 - [MESSAGE][PASSED] - Object 'Object Repository/CuPaDl/Loading_indicator' is NOT visible

2018-03-06 10:44:41 - [MESSAGE][WARNING] - Timeout '0' is invalid. Using default page load timeout: '30'

2018-03-06 10:44:41 - [MESSAGE][PASSED] - Width of element 'Object Repository/CuPaDl/Icons/Reposition_icon' is '40'

2018-03-06 10:44:41 - [MESSAGE][PASSED] - Height of element 'Object Repository/CuPaDl/Icons/Reposition_icon' is '40'.

2018-03-06 10:44:42 - [MESSAGE][PASSED] - Delayed 1 second(s)

2018-03-06 10:44:42 - [MESSAGE][PASSED] - cupakeysDl.iconad.iconadd is PASSED

2018-03-06 10:44:42 - [TEST_STEP][PASSED] - Statement - (step++): null

2018-03-06 10:44:42 - [TEST_STEP][PASSED] - Statement - (iconcount++): null

2018-03-06 10:44:42 - [TEST_STEP][PASSED] - cupakeysDl.iconres.iconresize: cupakeysDl.iconres.iconresize is PASSED

2018-03-06 10:44:42 - [MESSAGE][PASSED] - Object 'Object Repository/CuPaDl/Icons/Reposition_icon' is visible

2018-03-06 10:44:42 - [MESSAGE][PASSED] - Current viewport's left (x) position is 0

2018-03-06 10:44:42 - [MESSAGE][PASSED] - Current viewport's top (y) position is 54

2018-03-06 10:44:42 - [MESSAGE][PASSED] - Dragged object with id 'Object Repository/CuPaDl/Icons/Resize_icon_bottomright' by offset distance x = -125 and y = -71 successfully

2018-03-06 10:44:43 - [MESSAGE][PASSED] - Object 'Object Repository/CuPaDl/Loading_indicator' is visible

2018-03-06 10:44:44 - [MESSAGE][PASSED] - Object 'Object Repository/CuPaDl/Loading_indicator' is NOT visible

2018-03-06 10:44:45 - [MESSAGE][PASSED] - Delayed 1 second(s)

2018-03-06 10:44:45 - [MESSAGE][PASSED] - cupakeysDl.iconres.iconresize is PASSED

2018-03-06 10:44:45 - [TEST_STEP][PASSED] - Statement - (step++): null

2018-03-06 10:44:45 - [TEST_STEP][PASSED] - cupakeysDl.slink.svlink: cupakeysDl.slink.svlink is PASSED

2018-03-06 10:44:45 - [MESSAGE][PASSED] - Scroll to object 'Object Repository/CuPaDl/Save/Save' successfully

2018-03-06 10:44:46 - [MESSAGE][PASSED] - Object: 'Object Repository/CuPaDl/Save/Save' is clicked on

2018-03-06 10:44:46 - [MESSAGE][WARNING] - Timeout '0' is invalid. Using default page load timeout: '30'

2018-03-06 10:44:47 - [MESSAGE][PASSED] - Object 'Object Repository/CuPaDl/Save/CopyLink' is visible

2018-03-06 10:44:47 - [MESSAGE][PASSED] - Attribute 'value' of object 'Object Repository/CuPaDl/Save/Link' is: 'https://d16a4dsnr8a0k1.cloudfront.net/en/2455233.html?scupaId=HSxZU20/PDY9KXo0RURF'

2018-03-06 10:44:47 - [MESSAGE][PASSED] - cupakeysDl.slink.svlink is PASSED

2018-03-06 10:44:47 - [TEST_STEP][PASSED] - cupakeysDl.endsession.finishsession: cupakeysDl.endsession.finishsession is PASSED

2018-03-06 10:44:50 - [MESSAGE][PASSED] - Delayed 3 second(s)

2018-03-06 10:44:51 - [MESSAGE][PASSED] - Browser is closed

2018-03-06 10:44:51 - [MESSAGE][PASSED] - cupakeysDl.endsession.finishsession is PASSED]]></system-out>
         <system-err><![CDATA[]]></system-err>
      </testcase>
      <testcase name="Test Cases/CuPaStefanie/12" classname="Test Cases/CuPaStefanie/12" status="PASSED">
         <system-out><![CDATA[2018-03-06 10:44:51 - [TEST_CASE][PASSED] - Test Cases/CuPaStefanie/12: Test Cases/CuPaStefanie/12

2018-03-06 10:44:51 - [TEST_STEP][PASSED] - Statement - timeStamp = new java.text.SimpleDateFormat(dd.MM.yyyy_HH_mm_ss).format(java.util.Calendar.getInstance().getTime()): null

2018-03-06 10:44:51 - [TEST_STEP][PASSED] - Statement - timeStampScreenshot = new java.text.SimpleDateFormat(dd.MM.yyyy).format(java.util.Calendar.getInstance().getTime()): null

2018-03-06 10:44:51 - [TEST_STEP][PASSED] - Statement - iconmap = [:]: null

2018-03-06 10:44:51 - [TEST_STEP][PASSED] - Statement - txtmap = [:]: null

2018-03-06 10:44:51 - [TEST_STEP][PASSED] - Statement - signmap = [:]: null

2018-03-06 10:44:51 - [TEST_STEP][PASSED] - cupakeysDl.initStart.initialStart: cupakeysDl.initStart.initialStart is PASSED

2018-03-06 10:44:53 - [MESSAGE][PASSED] - Browser is opened with url: ''

2018-03-06 10:44:56 - [MESSAGE][PASSED] - Delayed 3 second(s)

2018-03-06 10:44:58 - [MESSAGE][PASSED] - Navigate to 'https://d16a4dsnr8a0k1.cloudfront.net/en/2455233.html?price=150.00%20%E2%82%AC&partName=wilsonPartName&vin=wilsonVin&modelCode=XP11&paint=P0A94&modelDescription=wilsonModelDescription&additionalEquipment=wilsonAdditionalEquipment' successfully

2018-03-06 10:44:58 - [MESSAGE][PASSED] - Object 'Object Repository/CuPaDl/Loading_indicator' is visible

2018-03-06 10:45:07 - [MESSAGE][PASSED] - Object 'Object Repository/CuPaDl/Loading_indicator' is NOT visible

2018-03-06 10:45:08 - [MESSAGE][PASSED] - Delayed 1 second(s)

2018-03-06 10:45:08 - [MESSAGE][PASSED] - cupakeysDl.initStart.initialStart is PASSED

2018-03-06 10:45:08 - [TEST_STEP][PASSED] - Statement - (step++): null

2018-03-06 10:45:08 - [TEST_STEP][PASSED] - cupakeysDl.color.changecolor: cupakeysDl.color.changecolor is PASSED

2018-03-06 10:45:08 - [MESSAGE][PASSED] - Object 'Object Repository/CuPaDl/Color/Color' is visible

2018-03-06 10:45:08 - [MESSAGE][PASSED] - Object: 'Object Repository/CuPaDl/Color/Color' is clicked on

2018-03-06 10:45:09 - [MESSAGE][PASSED] - Delayed 1 second(s)

2018-03-06 10:45:09 - [MESSAGE][PASSED] - Object 'Object Repository/CuPaDl/Color/Color_passionred' is visible

2018-03-06 10:45:10 - [MESSAGE][PASSED] - Object: 'Object Repository/CuPaDl/Color/Color_passionred' is clicked on

2018-03-06 10:45:10 - [MESSAGE][WARNING] - Timeout '0' is invalid. Using default page load timeout: '30'

2018-03-06 10:45:10 - [MESSAGE][PASSED] - Object 'Object Repository/CuPaDl/Color/Color_passionred' is visible

2018-03-06 10:45:11 - [MESSAGE][PASSED] - Delayed 1 second(s)

2018-03-06 10:45:11 - [MESSAGE][PASSED] - Object: 'Object Repository/CuPaDl/Color/Color_passionred' is clicked on

2018-03-06 10:45:13 - [MESSAGE][PASSED] - Object 'Object Repository/CuPaDl/Loading_indicator' is visible

2018-03-06 10:45:14 - [MESSAGE][PASSED] - Object 'Object Repository/CuPaDl/Loading_indicator' is NOT visible

2018-03-06 10:45:15 - [MESSAGE][PASSED] - Delayed 1 second(s)

2018-03-06 10:45:15 - [MESSAGE][PASSED] - cupakeysDl.color.changecolor is PASSED

2018-03-06 10:45:15 - [TEST_STEP][PASSED] - Statement - (step++): null

2018-03-06 10:45:15 - [TEST_STEP][PASSED] - cupakeysDl.chngstruct.changestructure: cupakeysDl.chngstruct.changestructure is PASSED

2018-03-06 10:45:15 - [MESSAGE][PASSED] - Object: 'Object Repository/CuPaDl/Structure/Structure' is clicked on

2018-03-06 10:45:15 - [MESSAGE][WARNING] - Timeout '0' is invalid. Using default page load timeout: '30'

2018-03-06 10:45:15 - [MESSAGE][PASSED] - Object 'Object Repository/CuPaDl/Structure/Structure_Hahnentritt' is visible

2018-03-06 10:45:15 - [MESSAGE][PASSED] - Object 'Object Repository/CuPaDl/Structure/Structure_hahnentritt' is visible

2018-03-06 10:45:15 - [MESSAGE][PASSED] - Object: 'Object Repository/CuPaDl/Structure/Structure_hahnentritt' is clicked on

2018-03-06 10:45:16 - [MESSAGE][PASSED] - Object 'Object Repository/CuPaDl/Loading_indicator' is visible

2018-03-06 10:45:19 - [MESSAGE][PASSED] - Object 'Object Repository/CuPaDl/Loading_indicator' is NOT visible

2018-03-06 10:45:20 - [MESSAGE][PASSED] - Delayed 1 second(s)

2018-03-06 10:45:20 - [MESSAGE][PASSED] - cupakeysDl.chngstruct.changestructure is PASSED

2018-03-06 10:45:20 - [TEST_STEP][PASSED] - Statement - (step++): null

2018-03-06 10:45:20 - [TEST_STEP][PASSED] - cupakeysDl.sclstruct.scalestructure: cupakeysDl.sclstruct.scalestructure is PASSED

2018-03-06 10:45:23 - [MESSAGE][WARNING] - Object 'Object Repository/CuPaDl/Structure/Resize_Structure_bottomright' is not visible after 3 second(s)

2018-03-06 10:45:23 - [MESSAGE][PASSED] - Object: 'Object Repository/CuPaDl/Structure/Resize_Structure' is clicked on

2018-03-06 10:45:23 - [MESSAGE][WARNING] - Timeout '0' is invalid. Using default page load timeout: '30'

2018-03-06 10:45:23 - [MESSAGE][PASSED] - Object 'Object Repository/CuPaDl/Structure/Resize_Structure_bottomright' is visible

2018-03-06 10:45:24 - [MESSAGE][PASSED] - Delayed 1 second(s)

2018-03-06 10:45:24 - [MESSAGE][PASSED] - Current viewport's left (x) position is 0

2018-03-06 10:45:24 - [MESSAGE][PASSED] - Current viewport's top (y) position is 54

2018-03-06 10:45:24 - [MESSAGE][PASSED] - Dragged object with id 'Object Repository/CuPaDl/Structure/Resize_Structure_bottomright' by offset distance x = 225 and y = 279 successfully

2018-03-06 10:45:27 - [MESSAGE][WARNING] - Object 'Object Repository/CuPaDl/Loading_indicator' is not visible after 3 second(s)

2018-03-06 10:45:28 - [MESSAGE][PASSED] - Delayed 1 second(s)

2018-03-06 10:45:28 - [MESSAGE][PASSED] - cupakeysDl.sclstruct.scalestructure is PASSED

2018-03-06 10:45:28 - [TEST_STEP][PASSED] - Statement - (step++): null

2018-03-06 10:45:28 - [TEST_STEP][PASSED] - Statement - iconmap += CustomKeywords.cupakeysDl.iconad.iconadd("paperplaneline", LoadTimeCorrector, step, run, device, timeStamp, iconcount): cupakeysDl.iconad.iconadd is PASSED

2018-03-06 10:45:28 - [MESSAGE][PASSED] - Object: 'Object Repository/CuPaDl/Icons/Icon' is clicked on

2018-03-06 10:45:29 - [MESSAGE][PASSED] - Object 'Object Repository/CuPaDl/Icons/Icon_paperplaneline' is visible

2018-03-06 10:45:29 - [MESSAGE][PASSED] - Object: 'Object Repository/CuPaDl/Icons/Icon_paperplaneline' is clicked on

2018-03-06 10:45:30 - [MESSAGE][PASSED] - Delayed 1 second(s)

2018-03-06 10:45:31 - [MESSAGE][PASSED] - Object 'Object Repository/CuPaDl/Loading_indicator' is visible

2018-03-06 10:45:32 - [MESSAGE][PASSED] - Object 'Object Repository/CuPaDl/Loading_indicator' is NOT visible

2018-03-06 10:45:32 - [MESSAGE][WARNING] - Timeout '0' is invalid. Using default page load timeout: '30'

2018-03-06 10:45:32 - [MESSAGE][PASSED] - Width of element 'Object Repository/CuPaDl/Icons/Reposition_icon' is '40'

2018-03-06 10:45:32 - [MESSAGE][PASSED] - Height of element 'Object Repository/CuPaDl/Icons/Reposition_icon' is '40'.

2018-03-06 10:45:33 - [MESSAGE][PASSED] - Delayed 1 second(s)

2018-03-06 10:45:33 - [MESSAGE][PASSED] - cupakeysDl.iconad.iconadd is PASSED

2018-03-06 10:45:33 - [TEST_STEP][PASSED] - Statement - (step++): null

2018-03-06 10:45:33 - [TEST_STEP][PASSED] - Statement - (iconcount++): null

2018-03-06 10:45:33 - [TEST_STEP][PASSED] - cupakeysDl.iconres.iconresize: cupakeysDl.iconres.iconresize is PASSED

2018-03-06 10:45:33 - [MESSAGE][PASSED] - Object 'Object Repository/CuPaDl/Icons/Reposition_icon' is visible

2018-03-06 10:45:33 - [MESSAGE][PASSED] - Current viewport's left (x) position is 0

2018-03-06 10:45:33 - [MESSAGE][PASSED] - Current viewport's top (y) position is 54

2018-03-06 10:45:33 - [MESSAGE][PASSED] - Dragged object with id 'Object Repository/CuPaDl/Icons/Resize_icon_bottomright' by offset distance x = 125 and y = 179 successfully

2018-03-06 10:45:35 - [MESSAGE][PASSED] - Object 'Object Repository/CuPaDl/Loading_indicator' is visible

2018-03-06 10:45:36 - [MESSAGE][PASSED] - Object 'Object Repository/CuPaDl/Loading_indicator' is NOT visible

2018-03-06 10:45:37 - [MESSAGE][PASSED] - Delayed 1 second(s)

2018-03-06 10:45:37 - [MESSAGE][PASSED] - cupakeysDl.iconres.iconresize is PASSED

2018-03-06 10:45:37 - [TEST_STEP][PASSED] - Statement - (step++): null

2018-03-06 10:45:37 - [TEST_STEP][PASSED] - cupakeysDl.slink.svlink: cupakeysDl.slink.svlink is PASSED

2018-03-06 10:45:37 - [MESSAGE][PASSED] - Scroll to object 'Object Repository/CuPaDl/Save/Save' successfully

2018-03-06 10:45:37 - [MESSAGE][PASSED] - Object: 'Object Repository/CuPaDl/Save/Save' is clicked on

2018-03-06 10:45:37 - [MESSAGE][WARNING] - Timeout '0' is invalid. Using default page load timeout: '30'

2018-03-06 10:45:40 - [MESSAGE][PASSED] - Object 'Object Repository/CuPaDl/Save/CopyLink' is visible

2018-03-06 10:45:40 - [MESSAGE][PASSED] - Attribute 'value' of object 'Object Repository/CuPaDl/Save/Link' is: 'https://d16a4dsnr8a0k1.cloudfront.net/en/2455233.html?scupaId=AjAmNRU1L1A7IHo0RURF'

2018-03-06 10:45:40 - [MESSAGE][PASSED] - cupakeysDl.slink.svlink is PASSED

2018-03-06 10:45:40 - [TEST_STEP][PASSED] - cupakeysDl.endsession.finishsession: cupakeysDl.endsession.finishsession is PASSED

2018-03-06 10:45:43 - [MESSAGE][PASSED] - Delayed 3 second(s)

2018-03-06 10:45:43 - [MESSAGE][PASSED] - Browser is closed

2018-03-06 10:45:43 - [MESSAGE][PASSED] - cupakeysDl.endsession.finishsession is PASSED]]></system-out>
         <system-err><![CDATA[]]></system-err>
      </testcase>
      <testcase name="Test Cases/CuPaStefanie/13" classname="Test Cases/CuPaStefanie/13" status="PASSED">
         <system-out><![CDATA[2018-03-06 10:45:43 - [TEST_CASE][PASSED] - Test Cases/CuPaStefanie/13: Test Cases/CuPaStefanie/13

2018-03-06 10:45:44 - [TEST_STEP][PASSED] - Statement - timeStamp = new java.text.SimpleDateFormat(dd.MM.yyyy).format(java.util.Calendar.getInstance().getTime()): null

2018-03-06 10:45:44 - [TEST_STEP][PASSED] - Statement - timeStampScreenshot = new java.text.SimpleDateFormat(dd.MM.yyyy).format(java.util.Calendar.getInstance().getTime()): null

2018-03-06 10:45:44 - [TEST_STEP][PASSED] - Statement - iconmap = [:]: null

2018-03-06 10:45:44 - [TEST_STEP][PASSED] - Statement - txtmap = [:]: null

2018-03-06 10:45:44 - [TEST_STEP][PASSED] - Statement - signmap = [:]: null

2018-03-06 10:45:44 - [TEST_STEP][PASSED] - cupakeysDl.initStart.initialStart: cupakeysDl.initStart.initialStart is PASSED

2018-03-06 10:45:45 - [MESSAGE][PASSED] - Browser is opened with url: ''

2018-03-06 10:45:48 - [MESSAGE][PASSED] - Delayed 3 second(s)

2018-03-06 10:45:50 - [MESSAGE][PASSED] - Navigate to 'https://d16a4dsnr8a0k1.cloudfront.net/en/2455233.html?price=150.00%20%E2%82%AC&partName=wilsonPartName&vin=wilsonVin&modelCode=XP11&paint=P0A94&modelDescription=wilsonModelDescription&additionalEquipment=wilsonAdditionalEquipment' successfully

2018-03-06 10:45:50 - [MESSAGE][PASSED] - Object 'Object Repository/CuPaDl/Loading_indicator' is visible

2018-03-06 10:46:00 - [MESSAGE][PASSED] - Object 'Object Repository/CuPaDl/Loading_indicator' is NOT visible

2018-03-06 10:46:01 - [MESSAGE][PASSED] - Delayed 1 second(s)

2018-03-06 10:46:01 - [MESSAGE][PASSED] - cupakeysDl.initStart.initialStart is PASSED

2018-03-06 10:46:01 - [TEST_STEP][PASSED] - Statement - (step++): null

2018-03-06 10:46:01 - [TEST_STEP][PASSED] - cupakeysDl.color.changecolor: cupakeysDl.color.changecolor is PASSED

2018-03-06 10:46:01 - [MESSAGE][PASSED] - Object 'Object Repository/CuPaDl/Color/Color' is visible

2018-03-06 10:46:01 - [MESSAGE][PASSED] - Object: 'Object Repository/CuPaDl/Color/Color' is clicked on

2018-03-06 10:46:02 - [MESSAGE][PASSED] - Delayed 1 second(s)

2018-03-06 10:46:02 - [MESSAGE][PASSED] - Object 'Object Repository/CuPaDl/Color/Color_nightlightblue' is visible

2018-03-06 10:46:02 - [MESSAGE][PASSED] - Object: 'Object Repository/CuPaDl/Color/Color_nightlightblue' is clicked on

2018-03-06 10:46:02 - [MESSAGE][WARNING] - Timeout '0' is invalid. Using default page load timeout: '30'

2018-03-06 10:46:02 - [MESSAGE][PASSED] - Object 'Object Repository/CuPaDl/Color/Color_nightlightblue' is visible

2018-03-06 10:46:03 - [MESSAGE][PASSED] - Delayed 1 second(s)

2018-03-06 10:46:03 - [MESSAGE][PASSED] - Object: 'Object Repository/CuPaDl/Color/Color_nightlightblue' is clicked on

2018-03-06 10:46:05 - [MESSAGE][PASSED] - Object 'Object Repository/CuPaDl/Loading_indicator' is visible

2018-03-06 10:46:06 - [MESSAGE][PASSED] - Object 'Object Repository/CuPaDl/Loading_indicator' is NOT visible

2018-03-06 10:46:07 - [MESSAGE][PASSED] - Delayed 1 second(s)

2018-03-06 10:46:07 - [MESSAGE][PASSED] - cupakeysDl.color.changecolor is PASSED

2018-03-06 10:46:07 - [TEST_STEP][PASSED] - Statement - (step++): null

2018-03-06 10:46:07 - [TEST_STEP][PASSED] - cupakeysDl.chngstruct.changestructure: cupakeysDl.chngstruct.changestructure is PASSED

2018-03-06 10:46:07 - [MESSAGE][PASSED] - Object: 'Object Repository/CuPaDl/Structure/Structure' is clicked on

2018-03-06 10:46:07 - [MESSAGE][WARNING] - Timeout '0' is invalid. Using default page load timeout: '30'

2018-03-06 10:46:07 - [MESSAGE][PASSED] - Object 'Object Repository/CuPaDl/Structure/Structure_Hahnentritt' is visible

2018-03-06 10:46:09 - [MESSAGE][WARNING] - Object 'Object Repository/CuPaDl/Structure/Structure_fade' is not visible after 2 second(s)

2018-03-06 10:46:09 - [MESSAGE][PASSED] - Object: 'Object Repository/CuPaDl/MenuScroll/ObjectsScrollRight' is clicked on

2018-03-06 10:46:11 - [MESSAGE][PASSED] - Delayed 2 second(s)

2018-03-06 10:46:11 - [MESSAGE][PASSED] - Object: 'Object Repository/CuPaDl/Structure/Structure_fade' is clicked on

2018-03-06 10:46:12 - [MESSAGE][PASSED] - Object 'Object Repository/CuPaDl/Loading_indicator' is visible

2018-03-06 10:46:22 - [MESSAGE][PASSED] - Object 'Object Repository/CuPaDl/Loading_indicator' is NOT visible

2018-03-06 10:46:23 - [MESSAGE][PASSED] - Delayed 1 second(s)

2018-03-06 10:46:23 - [MESSAGE][PASSED] - cupakeysDl.chngstruct.changestructure is PASSED

2018-03-06 10:46:23 - [TEST_STEP][PASSED] - Statement - (step++): null

2018-03-06 10:46:23 - [TEST_STEP][PASSED] - cupakeysDl.sclstruct.scalestructure: cupakeysDl.sclstruct.scalestructure is PASSED

2018-03-06 10:46:26 - [MESSAGE][WARNING] - Object 'Object Repository/CuPaDl/Structure/Resize_Structure_bottomright' is not visible after 3 second(s)

2018-03-06 10:46:26 - [MESSAGE][PASSED] - Object: 'Object Repository/CuPaDl/Structure/Resize_Structure' is clicked on

2018-03-06 10:46:26 - [MESSAGE][WARNING] - Timeout '0' is invalid. Using default page load timeout: '30'

2018-03-06 10:46:26 - [MESSAGE][PASSED] - Object 'Object Repository/CuPaDl/Structure/Resize_Structure_bottomright' is visible

2018-03-06 10:46:27 - [MESSAGE][PASSED] - Delayed 1 second(s)

2018-03-06 10:46:27 - [MESSAGE][PASSED] - Current viewport's left (x) position is 0

2018-03-06 10:46:27 - [MESSAGE][PASSED] - Current viewport's top (y) position is 54

2018-03-06 10:46:27 - [MESSAGE][PASSED] - Dragged object with id 'Object Repository/CuPaDl/Structure/Resize_Structure_bottomright' by offset distance x = -225 and y = -171 successfully

2018-03-06 10:46:29 - [MESSAGE][PASSED] - Object 'Object Repository/CuPaDl/Loading_indicator' is visible

2018-03-06 10:46:59 - [MESSAGE][WARNING] - Object 'Object Repository/CuPaDl/Loading_indicator' is visible after 30 second(s)

2018-03-06 10:47:00 - [MESSAGE][PASSED] - Delayed 1 second(s)

2018-03-06 10:47:00 - [MESSAGE][PASSED] - cupakeysDl.sclstruct.scalestructure is PASSED

2018-03-06 10:47:00 - [TEST_STEP][PASSED] - Statement - (step++): null

2018-03-06 10:47:00 - [TEST_STEP][PASSED] - Statement - iconmap += CustomKeywords.cupakeysDl.iconad.iconadd("heart", LoadTimeCorrector, step, run, device, timeStamp, iconcount): cupakeysDl.iconad.iconadd is PASSED

2018-03-06 10:47:00 - [MESSAGE][PASSED] - Object: 'Object Repository/CuPaDl/Icons/Icon' is clicked on

2018-03-06 10:47:00 - [MESSAGE][PASSED] - Object 'Object Repository/CuPaDl/Icons/Icon_heart' is visible

2018-03-06 10:47:00 - [MESSAGE][PASSED] - Object: 'Object Repository/CuPaDl/Icons/Icon_heart' is clicked on

2018-03-06 10:47:01 - [MESSAGE][PASSED] - Delayed 1 second(s)

2018-03-06 10:47:01 - [MESSAGE][PASSED] - Object 'Object Repository/CuPaDl/Loading_indicator' is visible

2018-03-06 10:47:18 - [MESSAGE][PASSED] - Object 'Object Repository/CuPaDl/Loading_indicator' is NOT visible

2018-03-06 10:47:18 - [MESSAGE][WARNING] - Timeout '0' is invalid. Using default page load timeout: '30'

2018-03-06 10:47:18 - [MESSAGE][PASSED] - Width of element 'Object Repository/CuPaDl/Icons/Reposition_icon' is '40'

2018-03-06 10:47:18 - [MESSAGE][PASSED] - Height of element 'Object Repository/CuPaDl/Icons/Reposition_icon' is '40'.

2018-03-06 10:47:19 - [MESSAGE][PASSED] - Delayed 1 second(s)

2018-03-06 10:47:19 - [MESSAGE][PASSED] - cupakeysDl.iconad.iconadd is PASSED

2018-03-06 10:47:19 - [TEST_STEP][PASSED] - Statement - (step++): null

2018-03-06 10:47:19 - [TEST_STEP][PASSED] - Statement - (iconcount++): null

2018-03-06 10:47:19 - [TEST_STEP][PASSED] - cupakeysDl.iconres.iconresize: cupakeysDl.iconres.iconresize is PASSED

2018-03-06 10:47:19 - [MESSAGE][PASSED] - Object 'Object Repository/CuPaDl/Icons/Reposition_icon' is visible

2018-03-06 10:47:19 - [MESSAGE][PASSED] - Current viewport's left (x) position is 0

2018-03-06 10:47:19 - [MESSAGE][PASSED] - Current viewport's top (y) position is 54

2018-03-06 10:47:20 - [MESSAGE][PASSED] - Dragged object with id 'Object Repository/CuPaDl/Icons/Resize_icon_bottomright' by offset distance x = -125 and y = -71 successfully

2018-03-06 10:47:21 - [MESSAGE][PASSED] - Object 'Object Repository/CuPaDl/Loading_indicator' is visible

2018-03-06 10:47:51 - [MESSAGE][WARNING] - Object 'Object Repository/CuPaDl/Loading_indicator' is visible after 30 second(s)

2018-03-06 10:47:52 - [MESSAGE][PASSED] - Delayed 1 second(s)

2018-03-06 10:47:52 - [MESSAGE][PASSED] - cupakeysDl.iconres.iconresize is PASSED

2018-03-06 10:47:52 - [TEST_STEP][PASSED] - Statement - (step++): null

2018-03-06 10:47:52 - [TEST_STEP][PASSED] - cupakeysDl.slink.svlink: cupakeysDl.slink.svlink is PASSED

2018-03-06 10:47:52 - [MESSAGE][PASSED] - Scroll to object 'Object Repository/CuPaDl/Save/Save' successfully

2018-03-06 10:47:52 - [MESSAGE][PASSED] - Object: 'Object Repository/CuPaDl/Save/Save' is clicked on

2018-03-06 10:47:52 - [MESSAGE][WARNING] - Timeout '0' is invalid. Using default page load timeout: '30'

2018-03-06 10:47:58 - [MESSAGE][PASSED] - Object 'Object Repository/CuPaDl/Save/CopyLink' is visible

2018-03-06 10:47:58 - [MESSAGE][PASSED] - Attribute 'value' of object 'Object Repository/CuPaDl/Save/Link' is: 'https://d16a4dsnr8a0k1.cloudfront.net/en/2455233.html?scupaId=GS1fInU8LVQlJHo0RURG'

2018-03-06 10:47:58 - [MESSAGE][PASSED] - cupakeysDl.slink.svlink is PASSED

2018-03-06 10:47:58 - [TEST_STEP][PASSED] - cupakeysDl.endsession.finishsession: cupakeysDl.endsession.finishsession is PASSED

2018-03-06 10:48:01 - [MESSAGE][PASSED] - Delayed 3 second(s)

2018-03-06 10:48:02 - [MESSAGE][PASSED] - Browser is closed

2018-03-06 10:48:02 - [MESSAGE][PASSED] - cupakeysDl.endsession.finishsession is PASSED]]></system-out>
         <system-err><![CDATA[]]></system-err>
      </testcase>
      <testcase name="Test Cases/CuPaStefanie/14" classname="Test Cases/CuPaStefanie/14" status="PASSED">
         <system-out><![CDATA[2018-03-06 10:48:02 - [TEST_CASE][PASSED] - Test Cases/CuPaStefanie/14: Test Cases/CuPaStefanie/14

2018-03-06 10:48:02 - [TEST_STEP][PASSED] - Statement - timeStamp = new java.text.SimpleDateFormat(dd.MM.yyyy).format(java.util.Calendar.getInstance().getTime()): null

2018-03-06 10:48:02 - [TEST_STEP][PASSED] - Statement - timeStampScreenshot = new java.text.SimpleDateFormat(dd.MM.yyyy).format(java.util.Calendar.getInstance().getTime()): null

2018-03-06 10:48:02 - [TEST_STEP][PASSED] - Statement - iconmap = [:]: null

2018-03-06 10:48:02 - [TEST_STEP][PASSED] - Statement - txtmap = [:]: null

2018-03-06 10:48:02 - [TEST_STEP][PASSED] - Statement - signmap = [:]: null

2018-03-06 10:48:02 - [TEST_STEP][PASSED] - cupakeysDl.initStart.initialStart: cupakeysDl.initStart.initialStart is PASSED

2018-03-06 10:48:04 - [MESSAGE][PASSED] - Browser is opened with url: ''

2018-03-06 10:48:07 - [MESSAGE][PASSED] - Delayed 3 second(s)

2018-03-06 10:48:08 - [MESSAGE][PASSED] - Navigate to 'https://d16a4dsnr8a0k1.cloudfront.net/en/2455233.html?price=150.00%20%E2%82%AC&partName=wilsonPartName&vin=wilsonVin&modelCode=XP11&paint=P0A94&modelDescription=wilsonModelDescription&additionalEquipment=wilsonAdditionalEquipment' successfully

2018-03-06 10:48:08 - [MESSAGE][PASSED] - Object 'Object Repository/CuPaDl/Loading_indicator' is visible

2018-03-06 10:48:18 - [MESSAGE][PASSED] - Object 'Object Repository/CuPaDl/Loading_indicator' is NOT visible

2018-03-06 10:48:19 - [MESSAGE][PASSED] - Delayed 1 second(s)

2018-03-06 10:48:19 - [MESSAGE][PASSED] - cupakeysDl.initStart.initialStart is PASSED

2018-03-06 10:48:19 - [TEST_STEP][PASSED] - Statement - (step++): null

2018-03-06 10:48:19 - [TEST_STEP][PASSED] - cupakeysDl.color.changecolor: cupakeysDl.color.changecolor is PASSED

2018-03-06 10:48:19 - [MESSAGE][PASSED] - Object 'Object Repository/CuPaDl/Color/Color' is visible

2018-03-06 10:48:19 - [MESSAGE][PASSED] - Object: 'Object Repository/CuPaDl/Color/Color' is clicked on

2018-03-06 10:48:20 - [MESSAGE][PASSED] - Delayed 1 second(s)

2018-03-06 10:48:20 - [MESSAGE][PASSED] - Object 'Object Repository/CuPaDl/Color/Color_nightlightblue' is visible

2018-03-06 10:48:20 - [MESSAGE][PASSED] - Object: 'Object Repository/CuPaDl/Color/Color_nightlightblue' is clicked on

2018-03-06 10:48:20 - [MESSAGE][WARNING] - Timeout '0' is invalid. Using default page load timeout: '30'

2018-03-06 10:48:20 - [MESSAGE][PASSED] - Object 'Object Repository/CuPaDl/Color/Color_nightlightblue' is visible

2018-03-06 10:48:21 - [MESSAGE][PASSED] - Delayed 1 second(s)

2018-03-06 10:48:22 - [MESSAGE][PASSED] - Object: 'Object Repository/CuPaDl/Color/Color_nightlightblue' is clicked on

2018-03-06 10:48:22 - [MESSAGE][PASSED] - Object 'Object Repository/CuPaDl/Loading_indicator' is visible

2018-03-06 10:48:25 - [MESSAGE][PASSED] - Object 'Object Repository/CuPaDl/Loading_indicator' is NOT visible

2018-03-06 10:48:26 - [MESSAGE][PASSED] - Delayed 1 second(s)

2018-03-06 10:48:26 - [MESSAGE][PASSED] - cupakeysDl.color.changecolor is PASSED

2018-03-06 10:48:26 - [TEST_STEP][PASSED] - Statement - (step++): null

2018-03-06 10:48:26 - [TEST_STEP][PASSED] - cupakeysDl.chngstruct.changestructure: cupakeysDl.chngstruct.changestructure is PASSED

2018-03-06 10:48:26 - [MESSAGE][PASSED] - Object: 'Object Repository/CuPaDl/Structure/Structure' is clicked on

2018-03-06 10:48:26 - [MESSAGE][WARNING] - Timeout '0' is invalid. Using default page load timeout: '30'

2018-03-06 10:48:26 - [MESSAGE][PASSED] - Object 'Object Repository/CuPaDl/Structure/Structure_Hahnentritt' is visible

2018-03-06 10:48:28 - [MESSAGE][WARNING] - Object 'Object Repository/CuPaDl/Structure/Structure_fade' is not visible after 2 second(s)

2018-03-06 10:48:28 - [MESSAGE][PASSED] - Object: 'Object Repository/CuPaDl/MenuScroll/ObjectsScrollRight' is clicked on

2018-03-06 10:48:30 - [MESSAGE][PASSED] - Delayed 2 second(s)

2018-03-06 10:48:30 - [MESSAGE][PASSED] - Object: 'Object Repository/CuPaDl/Structure/Structure_fade' is clicked on

2018-03-06 10:48:31 - [MESSAGE][PASSED] - Object 'Object Repository/CuPaDl/Loading_indicator' is visible

2018-03-06 10:48:40 - [MESSAGE][PASSED] - Object 'Object Repository/CuPaDl/Loading_indicator' is NOT visible

2018-03-06 10:48:41 - [MESSAGE][PASSED] - Delayed 1 second(s)

2018-03-06 10:48:41 - [MESSAGE][PASSED] - cupakeysDl.chngstruct.changestructure is PASSED

2018-03-06 10:48:41 - [TEST_STEP][PASSED] - Statement - (step++): null

2018-03-06 10:48:41 - [TEST_STEP][PASSED] - cupakeysDl.sclstruct.scalestructure: cupakeysDl.sclstruct.scalestructure is PASSED

2018-03-06 10:48:44 - [MESSAGE][WARNING] - Object 'Object Repository/CuPaDl/Structure/Resize_Structure_bottomright' is not visible after 3 second(s)

2018-03-06 10:48:44 - [MESSAGE][PASSED] - Object: 'Object Repository/CuPaDl/Structure/Resize_Structure' is clicked on

2018-03-06 10:48:44 - [MESSAGE][WARNING] - Timeout '0' is invalid. Using default page load timeout: '30'

2018-03-06 10:48:44 - [MESSAGE][PASSED] - Object 'Object Repository/CuPaDl/Structure/Resize_Structure_bottomright' is visible

2018-03-06 10:48:45 - [MESSAGE][PASSED] - Delayed 1 second(s)

2018-03-06 10:48:45 - [MESSAGE][PASSED] - Current viewport's left (x) position is 0

2018-03-06 10:48:45 - [MESSAGE][PASSED] - Current viewport's top (y) position is 54

2018-03-06 10:48:45 - [MESSAGE][PASSED] - Dragged object with id 'Object Repository/CuPaDl/Structure/Resize_Structure_bottomright' by offset distance x = 225 and y = 279 successfully

2018-03-06 10:48:46 - [MESSAGE][PASSED] - Object 'Object Repository/CuPaDl/Loading_indicator' is visible

2018-03-06 10:48:55 - [MESSAGE][PASSED] - Object 'Object Repository/CuPaDl/Loading_indicator' is NOT visible

2018-03-06 10:48:56 - [MESSAGE][PASSED] - Delayed 1 second(s)

2018-03-06 10:48:56 - [MESSAGE][PASSED] - cupakeysDl.sclstruct.scalestructure is PASSED

2018-03-06 10:48:56 - [TEST_STEP][PASSED] - Statement - (step++): null

2018-03-06 10:48:56 - [TEST_STEP][PASSED] - Statement - iconmap += CustomKeywords.cupakeysDl.iconad.iconadd("heart", LoadTimeCorrector, step, run, device, timeStamp, iconcount): cupakeysDl.iconad.iconadd is PASSED

2018-03-06 10:48:56 - [MESSAGE][PASSED] - Object: 'Object Repository/CuPaDl/Icons/Icon' is clicked on

2018-03-06 10:48:56 - [MESSAGE][PASSED] - Object 'Object Repository/CuPaDl/Icons/Icon_heart' is visible

2018-03-06 10:48:56 - [MESSAGE][PASSED] - Object: 'Object Repository/CuPaDl/Icons/Icon_heart' is clicked on

2018-03-06 10:48:57 - [MESSAGE][PASSED] - Delayed 1 second(s)

2018-03-06 10:48:57 - [MESSAGE][PASSED] - Object 'Object Repository/CuPaDl/Loading_indicator' is visible

2018-03-06 10:49:02 - [MESSAGE][PASSED] - Object 'Object Repository/CuPaDl/Loading_indicator' is NOT visible

2018-03-06 10:49:02 - [MESSAGE][WARNING] - Timeout '0' is invalid. Using default page load timeout: '30'

2018-03-06 10:49:02 - [MESSAGE][PASSED] - Width of element 'Object Repository/CuPaDl/Icons/Reposition_icon' is '40'

2018-03-06 10:49:02 - [MESSAGE][PASSED] - Height of element 'Object Repository/CuPaDl/Icons/Reposition_icon' is '40'.

2018-03-06 10:49:03 - [MESSAGE][PASSED] - Delayed 1 second(s)

2018-03-06 10:49:03 - [MESSAGE][PASSED] - cupakeysDl.iconad.iconadd is PASSED

2018-03-06 10:49:03 - [TEST_STEP][PASSED] - Statement - (step++): null

2018-03-06 10:49:03 - [TEST_STEP][PASSED] - Statement - (iconcount++): null

2018-03-06 10:49:03 - [TEST_STEP][PASSED] - cupakeysDl.iconres.iconresize: cupakeysDl.iconres.iconresize is PASSED

2018-03-06 10:49:03 - [MESSAGE][PASSED] - Object 'Object Repository/CuPaDl/Icons/Reposition_icon' is visible

2018-03-06 10:49:03 - [MESSAGE][PASSED] - Current viewport's left (x) position is 0

2018-03-06 10:49:03 - [MESSAGE][PASSED] - Current viewport's top (y) position is 54

2018-03-06 10:49:03 - [MESSAGE][PASSED] - Dragged object with id 'Object Repository/CuPaDl/Icons/Resize_icon_bottomright' by offset distance x = 125 and y = 179 successfully

2018-03-06 10:49:04 - [MESSAGE][PASSED] - Object 'Object Repository/CuPaDl/Loading_indicator' is visible

2018-03-06 10:49:06 - [MESSAGE][PASSED] - Object 'Object Repository/CuPaDl/Loading_indicator' is NOT visible

2018-03-06 10:49:07 - [MESSAGE][PASSED] - Delayed 1 second(s)

2018-03-06 10:49:07 - [MESSAGE][PASSED] - cupakeysDl.iconres.iconresize is PASSED

2018-03-06 10:49:07 - [TEST_STEP][PASSED] - Statement - (step++): null

2018-03-06 10:49:07 - [TEST_STEP][PASSED] - cupakeysDl.slink.svlink: cupakeysDl.slink.svlink is PASSED

2018-03-06 10:49:07 - [MESSAGE][PASSED] - Scroll to object 'Object Repository/CuPaDl/Save/Save' successfully

2018-03-06 10:49:08 - [MESSAGE][PASSED] - Object: 'Object Repository/CuPaDl/Save/Save' is clicked on

2018-03-06 10:49:08 - [MESSAGE][WARNING] - Timeout '0' is invalid. Using default page load timeout: '30'

2018-03-06 10:49:10 - [MESSAGE][PASSED] - Object 'Object Repository/CuPaDl/Save/CopyLink' is visible

2018-03-06 10:49:10 - [MESSAGE][PASSED] - Attribute 'value' of object 'Object Repository/CuPaDl/Save/Link' is: 'https://d16a4dsnr8a0k1.cloudfront.net/en/2455233.html?scupaId=GS43KXUkJSNbKHo0RURG'

2018-03-06 10:49:10 - [MESSAGE][PASSED] - cupakeysDl.slink.svlink is PASSED

2018-03-06 10:49:10 - [TEST_STEP][PASSED] - cupakeysDl.endsession.finishsession: cupakeysDl.endsession.finishsession is PASSED

2018-03-06 10:49:13 - [MESSAGE][PASSED] - Delayed 3 second(s)

2018-03-06 10:49:13 - [MESSAGE][PASSED] - Browser is closed

2018-03-06 10:49:13 - [MESSAGE][PASSED] - cupakeysDl.endsession.finishsession is PASSED]]></system-out>
         <system-err><![CDATA[]]></system-err>
      </testcase>
      <testcase name="Test Cases/CuPaStefanie/15" classname="Test Cases/CuPaStefanie/15" status="PASSED">
         <system-out><![CDATA[2018-03-06 10:49:13 - [TEST_CASE][PASSED] - Test Cases/CuPaStefanie/15: Test Cases/CuPaStefanie/15

2018-03-06 10:49:13 - [TEST_STEP][PASSED] - Statement - timeStamp = new java.text.SimpleDateFormat(dd.MM.yyyy).format(java.util.Calendar.getInstance().getTime()): null

2018-03-06 10:49:13 - [TEST_STEP][PASSED] - Statement - timeStampScreenshot = new java.text.SimpleDateFormat(dd.MM.yyyy).format(java.util.Calendar.getInstance().getTime()): null

2018-03-06 10:49:13 - [TEST_STEP][PASSED] - Statement - iconmap = [:]: null

2018-03-06 10:49:13 - [TEST_STEP][PASSED] - Statement - txtmap = [:]: null

2018-03-06 10:49:13 - [TEST_STEP][PASSED] - Statement - signmap = [:]: null

2018-03-06 10:49:13 - [TEST_STEP][PASSED] - cupakeysDl.initStart.initialStart: cupakeysDl.initStart.initialStart is PASSED

2018-03-06 10:49:15 - [MESSAGE][PASSED] - Browser is opened with url: ''

2018-03-06 10:49:18 - [MESSAGE][PASSED] - Delayed 3 second(s)

2018-03-06 10:49:20 - [MESSAGE][PASSED] - Navigate to 'https://d16a4dsnr8a0k1.cloudfront.net/en/2455233.html?price=150.00%20%E2%82%AC&partName=wilsonPartName&vin=wilsonVin&modelCode=XP11&paint=P0A94&modelDescription=wilsonModelDescription&additionalEquipment=wilsonAdditionalEquipment' successfully

2018-03-06 10:49:20 - [MESSAGE][PASSED] - Object 'Object Repository/CuPaDl/Loading_indicator' is visible

2018-03-06 10:49:30 - [MESSAGE][PASSED] - Object 'Object Repository/CuPaDl/Loading_indicator' is NOT visible

2018-03-06 10:49:31 - [MESSAGE][PASSED] - Delayed 1 second(s)

2018-03-06 10:49:31 - [MESSAGE][PASSED] - cupakeysDl.initStart.initialStart is PASSED

2018-03-06 10:49:31 - [TEST_STEP][PASSED] - Statement - (step++): null

2018-03-06 10:49:31 - [TEST_STEP][PASSED] - cupakeysDl.color.changecolor: cupakeysDl.color.changecolor is PASSED

2018-03-06 10:49:31 - [MESSAGE][PASSED] - Object 'Object Repository/CuPaDl/Color/Color' is visible

2018-03-06 10:49:31 - [MESSAGE][PASSED] - Object: 'Object Repository/CuPaDl/Color/Color' is clicked on

2018-03-06 10:49:32 - [MESSAGE][PASSED] - Delayed 1 second(s)

2018-03-06 10:49:32 - [MESSAGE][PASSED] - Object 'Object Repository/CuPaDl/Color/Color_jetblack' is visible

2018-03-06 10:49:32 - [MESSAGE][PASSED] - Object: 'Object Repository/CuPaDl/Color/Color_jetblack' is clicked on

2018-03-06 10:49:32 - [MESSAGE][WARNING] - Timeout '0' is invalid. Using default page load timeout: '30'

2018-03-06 10:49:32 - [MESSAGE][PASSED] - Object 'Object Repository/CuPaDl/Color/Color_jetblack' is visible

2018-03-06 10:49:33 - [MESSAGE][PASSED] - Delayed 1 second(s)

2018-03-06 10:49:34 - [MESSAGE][PASSED] - Object: 'Object Repository/CuPaDl/Color/Color_jetblack' is clicked on

2018-03-06 10:49:37 - [MESSAGE][WARNING] - Object 'Object Repository/CuPaDl/Loading_indicator' is not visible after 3 second(s)

2018-03-06 10:49:38 - [MESSAGE][PASSED] - Delayed 1 second(s)

2018-03-06 10:49:38 - [MESSAGE][PASSED] - cupakeysDl.color.changecolor is PASSED

2018-03-06 10:49:38 - [TEST_STEP][PASSED] - Statement - (step++): null

2018-03-06 10:49:38 - [TEST_STEP][PASSED] - cupakeysDl.chngstruct.changestructure: cupakeysDl.chngstruct.changestructure is PASSED

2018-03-06 10:49:38 - [MESSAGE][PASSED] - Object: 'Object Repository/CuPaDl/Structure/Structure' is clicked on

2018-03-06 10:49:38 - [MESSAGE][WARNING] - Timeout '0' is invalid. Using default page load timeout: '30'

2018-03-06 10:49:38 - [MESSAGE][PASSED] - Object 'Object Repository/CuPaDl/Structure/Structure_Hahnentritt' is visible

2018-03-06 10:49:40 - [MESSAGE][WARNING] - Object 'Object Repository/CuPaDl/Structure/Structure_ring' is not visible after 2 second(s)

2018-03-06 10:49:40 - [MESSAGE][PASSED] - Object: 'Object Repository/CuPaDl/MenuScroll/ObjectsScrollRight' is clicked on

2018-03-06 10:49:42 - [MESSAGE][PASSED] - Delayed 2 second(s)

2018-03-06 10:49:43 - [MESSAGE][PASSED] - Object: 'Object Repository/CuPaDl/Structure/Structure_ring' is clicked on

2018-03-06 10:49:45 - [MESSAGE][PASSED] - Object 'Object Repository/CuPaDl/Loading_indicator' is visible

2018-03-06 10:49:46 - [MESSAGE][PASSED] - Object 'Object Repository/CuPaDl/Loading_indicator' is NOT visible

2018-03-06 10:49:47 - [MESSAGE][PASSED] - Delayed 1 second(s)

2018-03-06 10:49:47 - [MESSAGE][PASSED] - cupakeysDl.chngstruct.changestructure is PASSED

2018-03-06 10:49:47 - [TEST_STEP][PASSED] - Statement - (step++): null

2018-03-06 10:49:47 - [TEST_STEP][PASSED] - cupakeysDl.sclstruct.scalestructure: cupakeysDl.sclstruct.scalestructure is PASSED

2018-03-06 10:49:50 - [MESSAGE][WARNING] - Object 'Object Repository/CuPaDl/Structure/Resize_Structure_bottomright' is not visible after 3 second(s)

2018-03-06 10:49:50 - [MESSAGE][PASSED] - Object: 'Object Repository/CuPaDl/Structure/Resize_Structure' is clicked on

2018-03-06 10:49:50 - [MESSAGE][WARNING] - Timeout '0' is invalid. Using default page load timeout: '30'

2018-03-06 10:49:50 - [MESSAGE][PASSED] - Object 'Object Repository/CuPaDl/Structure/Resize_Structure_bottomright' is visible

2018-03-06 10:49:51 - [MESSAGE][PASSED] - Delayed 1 second(s)

2018-03-06 10:49:51 - [MESSAGE][PASSED] - Current viewport's left (x) position is 0

2018-03-06 10:49:51 - [MESSAGE][PASSED] - Current viewport's top (y) position is 54

2018-03-06 10:49:51 - [MESSAGE][PASSED] - Dragged object with id 'Object Repository/CuPaDl/Structure/Resize_Structure_bottomright' by offset distance x = -225 and y = -171 successfully

2018-03-06 10:49:53 - [MESSAGE][PASSED] - Object 'Object Repository/CuPaDl/Loading_indicator' is visible

2018-03-06 10:49:54 - [MESSAGE][PASSED] - Object 'Object Repository/CuPaDl/Loading_indicator' is NOT visible

2018-03-06 10:49:55 - [MESSAGE][PASSED] - Delayed 1 second(s)

2018-03-06 10:49:55 - [MESSAGE][PASSED] - cupakeysDl.sclstruct.scalestructure is PASSED

2018-03-06 10:49:55 - [TEST_STEP][PASSED] - Statement - (step++): null

2018-03-06 10:49:55 - [TEST_STEP][PASSED] - Statement - iconmap += CustomKeywords.cupakeysDl.iconad.iconadd("minicooper", LoadTimeCorrector, step, run, device, timeStamp, iconcount): cupakeysDl.iconad.iconadd is PASSED

2018-03-06 10:49:55 - [MESSAGE][PASSED] - Object: 'Object Repository/CuPaDl/Icons/Icon' is clicked on

2018-03-06 10:49:55 - [MESSAGE][PASSED] - Object 'Object Repository/CuPaDl/Icons/Icon_minicooper' is visible

2018-03-06 10:49:55 - [MESSAGE][PASSED] - Object: 'Object Repository/CuPaDl/Icons/Icon_minicooper' is clicked on

2018-03-06 10:49:56 - [MESSAGE][PASSED] - Delayed 1 second(s)

2018-03-06 10:49:57 - [MESSAGE][PASSED] - Object 'Object Repository/CuPaDl/Loading_indicator' is visible

2018-03-06 10:49:59 - [MESSAGE][PASSED] - Object 'Object Repository/CuPaDl/Loading_indicator' is NOT visible

2018-03-06 10:49:59 - [MESSAGE][WARNING] - Timeout '0' is invalid. Using default page load timeout: '30'

2018-03-06 10:49:59 - [MESSAGE][PASSED] - Width of element 'Object Repository/CuPaDl/Icons/Reposition_icon' is '40'

2018-03-06 10:49:59 - [MESSAGE][PASSED] - Height of element 'Object Repository/CuPaDl/Icons/Reposition_icon' is '40'.

2018-03-06 10:50:00 - [MESSAGE][PASSED] - Delayed 1 second(s)

2018-03-06 10:50:00 - [MESSAGE][PASSED] - cupakeysDl.iconad.iconadd is PASSED

2018-03-06 10:50:00 - [TEST_STEP][PASSED] - Statement - (step++): null

2018-03-06 10:50:00 - [TEST_STEP][PASSED] - Statement - (iconcount++): null

2018-03-06 10:50:00 - [TEST_STEP][PASSED] - cupakeysDl.iconres.iconresize: cupakeysDl.iconres.iconresize is PASSED

2018-03-06 10:50:00 - [MESSAGE][PASSED] - Object 'Object Repository/CuPaDl/Icons/Reposition_icon' is visible

2018-03-06 10:50:00 - [MESSAGE][PASSED] - Current viewport's left (x) position is 0

2018-03-06 10:50:00 - [MESSAGE][PASSED] - Current viewport's top (y) position is 54

2018-03-06 10:50:00 - [MESSAGE][PASSED] - Dragged object with id 'Object Repository/CuPaDl/Icons/Resize_icon_bottomright' by offset distance x = -125 and y = -71 successfully

2018-03-06 10:50:01 - [MESSAGE][PASSED] - Object 'Object Repository/CuPaDl/Loading_indicator' is visible

2018-03-06 10:50:04 - [MESSAGE][PASSED] - Object 'Object Repository/CuPaDl/Loading_indicator' is NOT visible

2018-03-06 10:50:05 - [MESSAGE][PASSED] - Delayed 1 second(s)

2018-03-06 10:50:05 - [MESSAGE][PASSED] - cupakeysDl.iconres.iconresize is PASSED

2018-03-06 10:50:05 - [TEST_STEP][PASSED] - Statement - (step++): null

2018-03-06 10:50:05 - [TEST_STEP][PASSED] - cupakeysDl.slink.svlink: cupakeysDl.slink.svlink is PASSED

2018-03-06 10:50:05 - [MESSAGE][PASSED] - Scroll to object 'Object Repository/CuPaDl/Save/Save' successfully

2018-03-06 10:50:05 - [MESSAGE][PASSED] - Object: 'Object Repository/CuPaDl/Save/Save' is clicked on

2018-03-06 10:50:05 - [MESSAGE][WARNING] - Timeout '0' is invalid. Using default page load timeout: '30'

2018-03-06 10:50:08 - [MESSAGE][PASSED] - Object 'Object Repository/CuPaDl/Save/CopyLink' is visible

2018-03-06 10:50:08 - [MESSAGE][PASSED] - Attribute 'value' of object 'Object Repository/CuPaDl/Save/Link' is: 'https://d16a4dsnr8a0k1.cloudfront.net/en/2455233.html?scupaId=GyI6JxJUWCIoXHo4Q0JM'

2018-03-06 10:50:08 - [MESSAGE][PASSED] - cupakeysDl.slink.svlink is PASSED

2018-03-06 10:50:08 - [TEST_STEP][PASSED] - cupakeysDl.endsession.finishsession: cupakeysDl.endsession.finishsession is PASSED

2018-03-06 10:50:11 - [MESSAGE][PASSED] - Delayed 3 second(s)

2018-03-06 10:50:11 - [MESSAGE][PASSED] - Browser is closed

2018-03-06 10:50:11 - [MESSAGE][PASSED] - cupakeysDl.endsession.finishsession is PASSED]]></system-out>
         <system-err><![CDATA[]]></system-err>
      </testcase>
      <testcase name="Test Cases/CuPaStefanie/16" classname="Test Cases/CuPaStefanie/16" status="PASSED">
         <system-out><![CDATA[2018-03-06 10:50:11 - [TEST_CASE][PASSED] - Test Cases/CuPaStefanie/16: Test Cases/CuPaStefanie/16

2018-03-06 10:50:12 - [TEST_STEP][PASSED] - Statement - timeStamp = new java.text.SimpleDateFormat(dd.MM.yyyy).format(java.util.Calendar.getInstance().getTime()): null

2018-03-06 10:50:12 - [TEST_STEP][PASSED] - Statement - timeStampScreenshot = new java.text.SimpleDateFormat(dd.MM.yyyy).format(java.util.Calendar.getInstance().getTime()): null

2018-03-06 10:50:12 - [TEST_STEP][PASSED] - Statement - iconmap = [:]: null

2018-03-06 10:50:12 - [TEST_STEP][PASSED] - Statement - txtmap = [:]: null

2018-03-06 10:50:12 - [TEST_STEP][PASSED] - Statement - signmap = [:]: null

2018-03-06 10:50:12 - [TEST_STEP][PASSED] - cupakeysDl.initStart.initialStart: cupakeysDl.initStart.initialStart is PASSED

2018-03-06 10:50:13 - [MESSAGE][PASSED] - Browser is opened with url: ''

2018-03-06 10:50:16 - [MESSAGE][PASSED] - Delayed 3 second(s)

2018-03-06 10:50:18 - [MESSAGE][PASSED] - Navigate to 'https://d16a4dsnr8a0k1.cloudfront.net/en/2455233.html?price=150.00%20%E2%82%AC&partName=wilsonPartName&vin=wilsonVin&modelCode=XP11&paint=P0A94&modelDescription=wilsonModelDescription&additionalEquipment=wilsonAdditionalEquipment' successfully

2018-03-06 10:50:18 - [MESSAGE][PASSED] - Object 'Object Repository/CuPaDl/Loading_indicator' is visible

2018-03-06 10:50:28 - [MESSAGE][PASSED] - Object 'Object Repository/CuPaDl/Loading_indicator' is NOT visible

2018-03-06 10:50:29 - [MESSAGE][PASSED] - Delayed 1 second(s)

2018-03-06 10:50:29 - [MESSAGE][PASSED] - cupakeysDl.initStart.initialStart is PASSED

2018-03-06 10:50:29 - [TEST_STEP][PASSED] - Statement - (step++): null

2018-03-06 10:50:29 - [TEST_STEP][PASSED] - cupakeysDl.color.changecolor: cupakeysDl.color.changecolor is PASSED

2018-03-06 10:50:29 - [MESSAGE][PASSED] - Object 'Object Repository/CuPaDl/Color/Color' is visible

2018-03-06 10:50:29 - [MESSAGE][PASSED] - Object: 'Object Repository/CuPaDl/Color/Color' is clicked on

2018-03-06 10:50:30 - [MESSAGE][PASSED] - Delayed 1 second(s)

2018-03-06 10:50:30 - [MESSAGE][PASSED] - Object 'Object Repository/CuPaDl/Color/Color_jetblack' is visible

2018-03-06 10:50:30 - [MESSAGE][PASSED] - Object: 'Object Repository/CuPaDl/Color/Color_jetblack' is clicked on

2018-03-06 10:50:30 - [MESSAGE][WARNING] - Timeout '0' is invalid. Using default page load timeout: '30'

2018-03-06 10:50:30 - [MESSAGE][PASSED] - Object 'Object Repository/CuPaDl/Color/Color_jetblack' is visible

2018-03-06 10:50:31 - [MESSAGE][PASSED] - Delayed 1 second(s)

2018-03-06 10:50:32 - [MESSAGE][PASSED] - Object: 'Object Repository/CuPaDl/Color/Color_jetblack' is clicked on

2018-03-06 10:50:32 - [MESSAGE][PASSED] - Object 'Object Repository/CuPaDl/Loading_indicator' is visible

2018-03-06 10:50:35 - [MESSAGE][PASSED] - Object 'Object Repository/CuPaDl/Loading_indicator' is NOT visible

2018-03-06 10:50:36 - [MESSAGE][PASSED] - Delayed 1 second(s)

2018-03-06 10:50:36 - [MESSAGE][PASSED] - cupakeysDl.color.changecolor is PASSED

2018-03-06 10:50:36 - [TEST_STEP][PASSED] - Statement - (step++): null

2018-03-06 10:50:36 - [TEST_STEP][PASSED] - cupakeysDl.chngstruct.changestructure: cupakeysDl.chngstruct.changestructure is PASSED

2018-03-06 10:50:36 - [MESSAGE][PASSED] - Object: 'Object Repository/CuPaDl/Structure/Structure' is clicked on

2018-03-06 10:50:36 - [MESSAGE][WARNING] - Timeout '0' is invalid. Using default page load timeout: '30'

2018-03-06 10:50:36 - [MESSAGE][PASSED] - Object 'Object Repository/CuPaDl/Structure/Structure_Hahnentritt' is visible

2018-03-06 10:50:38 - [MESSAGE][WARNING] - Object 'Object Repository/CuPaDl/Structure/Structure_ring' is not visible after 2 second(s)

2018-03-06 10:50:38 - [MESSAGE][PASSED] - Object: 'Object Repository/CuPaDl/MenuScroll/ObjectsScrollRight' is clicked on

2018-03-06 10:50:40 - [MESSAGE][PASSED] - Delayed 2 second(s)

2018-03-06 10:50:40 - [MESSAGE][PASSED] - Object: 'Object Repository/CuPaDl/Structure/Structure_ring' is clicked on

2018-03-06 10:50:43 - [MESSAGE][PASSED] - Object 'Object Repository/CuPaDl/Loading_indicator' is visible

2018-03-06 10:50:44 - [MESSAGE][PASSED] - Object 'Object Repository/CuPaDl/Loading_indicator' is NOT visible

2018-03-06 10:50:45 - [MESSAGE][PASSED] - Delayed 1 second(s)

2018-03-06 10:50:45 - [MESSAGE][PASSED] - cupakeysDl.chngstruct.changestructure is PASSED

2018-03-06 10:50:45 - [TEST_STEP][PASSED] - Statement - (step++): null

2018-03-06 10:50:45 - [TEST_STEP][PASSED] - cupakeysDl.sclstruct.scalestructure: cupakeysDl.sclstruct.scalestructure is PASSED

2018-03-06 10:50:48 - [MESSAGE][WARNING] - Object 'Object Repository/CuPaDl/Structure/Resize_Structure_bottomright' is not visible after 3 second(s)

2018-03-06 10:50:48 - [MESSAGE][PASSED] - Object: 'Object Repository/CuPaDl/Structure/Resize_Structure' is clicked on

2018-03-06 10:50:48 - [MESSAGE][WARNING] - Timeout '0' is invalid. Using default page load timeout: '30'

2018-03-06 10:50:48 - [MESSAGE][PASSED] - Object 'Object Repository/CuPaDl/Structure/Resize_Structure_bottomright' is visible

2018-03-06 10:50:49 - [MESSAGE][PASSED] - Delayed 1 second(s)

2018-03-06 10:50:49 - [MESSAGE][PASSED] - Current viewport's left (x) position is 0

2018-03-06 10:50:49 - [MESSAGE][PASSED] - Current viewport's top (y) position is 54

2018-03-06 10:50:49 - [MESSAGE][PASSED] - Dragged object with id 'Object Repository/CuPaDl/Structure/Resize_Structure_bottomright' by offset distance x = 225 and y = 279 successfully

2018-03-06 10:50:51 - [MESSAGE][PASSED] - Object 'Object Repository/CuPaDl/Loading_indicator' is visible

2018-03-06 10:50:52 - [MESSAGE][PASSED] - Object 'Object Repository/CuPaDl/Loading_indicator' is NOT visible

2018-03-06 10:50:53 - [MESSAGE][PASSED] - Delayed 1 second(s)

2018-03-06 10:50:53 - [MESSAGE][PASSED] - cupakeysDl.sclstruct.scalestructure is PASSED

2018-03-06 10:50:53 - [TEST_STEP][PASSED] - Statement - (step++): null

2018-03-06 10:50:53 - [TEST_STEP][PASSED] - Statement - iconmap += CustomKeywords.cupakeysDl.iconad.iconadd("minicooper", LoadTimeCorrector, step, run, device, timeStamp, iconcount): cupakeysDl.iconad.iconadd is PASSED

2018-03-06 10:50:53 - [MESSAGE][PASSED] - Object: 'Object Repository/CuPaDl/Icons/Icon' is clicked on

2018-03-06 10:50:53 - [MESSAGE][PASSED] - Object 'Object Repository/CuPaDl/Icons/Icon_minicooper' is visible

2018-03-06 10:50:53 - [MESSAGE][PASSED] - Object: 'Object Repository/CuPaDl/Icons/Icon_minicooper' is clicked on

2018-03-06 10:50:54 - [MESSAGE][PASSED] - Delayed 1 second(s)

2018-03-06 10:50:55 - [MESSAGE][PASSED] - Object 'Object Repository/CuPaDl/Loading_indicator' is visible

2018-03-06 10:50:57 - [MESSAGE][PASSED] - Object 'Object Repository/CuPaDl/Loading_indicator' is NOT visible

2018-03-06 10:50:57 - [MESSAGE][WARNING] - Timeout '0' is invalid. Using default page load timeout: '30'

2018-03-06 10:50:57 - [MESSAGE][PASSED] - Width of element 'Object Repository/CuPaDl/Icons/Reposition_icon' is '40'

2018-03-06 10:50:57 - [MESSAGE][PASSED] - Height of element 'Object Repository/CuPaDl/Icons/Reposition_icon' is '40'.

2018-03-06 10:50:58 - [MESSAGE][PASSED] - Delayed 1 second(s)

2018-03-06 10:50:58 - [MESSAGE][PASSED] - cupakeysDl.iconad.iconadd is PASSED

2018-03-06 10:50:58 - [TEST_STEP][PASSED] - Statement - (step++): null

2018-03-06 10:50:58 - [TEST_STEP][PASSED] - Statement - (iconcount++): null

2018-03-06 10:50:58 - [TEST_STEP][PASSED] - cupakeysDl.iconres.iconresize: cupakeysDl.iconres.iconresize is PASSED

2018-03-06 10:50:58 - [MESSAGE][PASSED] - Object 'Object Repository/CuPaDl/Icons/Reposition_icon' is visible

2018-03-06 10:50:58 - [MESSAGE][PASSED] - Current viewport's left (x) position is 0

2018-03-06 10:50:58 - [MESSAGE][PASSED] - Current viewport's top (y) position is 54

2018-03-06 10:50:58 - [MESSAGE][PASSED] - Dragged object with id 'Object Repository/CuPaDl/Icons/Resize_icon_bottomright' by offset distance x = 125 and y = 179 successfully

2018-03-06 10:51:01 - [MESSAGE][PASSED] - Object 'Object Repository/CuPaDl/Loading_indicator' is visible

2018-03-06 10:51:02 - [MESSAGE][PASSED] - Object 'Object Repository/CuPaDl/Loading_indicator' is NOT visible

2018-03-06 10:51:03 - [MESSAGE][PASSED] - Delayed 1 second(s)

2018-03-06 10:51:03 - [MESSAGE][PASSED] - cupakeysDl.iconres.iconresize is PASSED

2018-03-06 10:51:03 - [TEST_STEP][PASSED] - Statement - (step++): null

2018-03-06 10:51:03 - [TEST_STEP][PASSED] - cupakeysDl.slink.svlink: cupakeysDl.slink.svlink is PASSED

2018-03-06 10:51:03 - [MESSAGE][PASSED] - Scroll to object 'Object Repository/CuPaDl/Save/Save' successfully

2018-03-06 10:51:04 - [MESSAGE][PASSED] - Object: 'Object Repository/CuPaDl/Save/Save' is clicked on

2018-03-06 10:51:04 - [MESSAGE][WARNING] - Timeout '0' is invalid. Using default page load timeout: '30'

2018-03-06 10:51:05 - [MESSAGE][PASSED] - Object 'Object Repository/CuPaDl/Save/CopyLink' is visible

2018-03-06 10:51:05 - [MESSAGE][PASSED] - Attribute 'value' of object 'Object Repository/CuPaDl/Save/Link' is: 'https://d16a4dsnr8a0k1.cloudfront.net/en/2455233.html?scupaId=AyAlPGonOjJWU3o4Q0JM'

2018-03-06 10:51:05 - [MESSAGE][PASSED] - cupakeysDl.slink.svlink is PASSED

2018-03-06 10:51:05 - [TEST_STEP][PASSED] - cupakeysDl.endsession.finishsession: cupakeysDl.endsession.finishsession is PASSED

2018-03-06 10:51:08 - [MESSAGE][PASSED] - Delayed 3 second(s)

2018-03-06 10:51:09 - [MESSAGE][PASSED] - Browser is closed

2018-03-06 10:51:09 - [MESSAGE][PASSED] - cupakeysDl.endsession.finishsession is PASSED]]></system-out>
         <system-err><![CDATA[]]></system-err>
      </testcase>
      <testcase name="Test Cases/CuPaStefanie/17" classname="Test Cases/CuPaStefanie/17" status="PASSED">
         <system-out><![CDATA[2018-03-06 10:51:09 - [TEST_CASE][PASSED] - Test Cases/CuPaStefanie/17: Test Cases/CuPaStefanie/17

2018-03-06 10:51:09 - [TEST_STEP][PASSED] - Statement - timeStamp = new java.text.SimpleDateFormat(dd.MM.yyyy).format(java.util.Calendar.getInstance().getTime()): null

2018-03-06 10:51:09 - [TEST_STEP][PASSED] - Statement - timeStampScreenshot = new java.text.SimpleDateFormat(dd.MM.yyyy).format(java.util.Calendar.getInstance().getTime()): null

2018-03-06 10:51:09 - [TEST_STEP][PASSED] - Statement - iconmap = [:]: null

2018-03-06 10:51:09 - [TEST_STEP][PASSED] - Statement - txtmap = [:]: null

2018-03-06 10:51:09 - [TEST_STEP][PASSED] - Statement - signmap = [:]: null

2018-03-06 10:51:09 - [TEST_STEP][PASSED] - cupakeysDl.initStart.initialStart: cupakeysDl.initStart.initialStart is PASSED

2018-03-06 10:51:11 - [MESSAGE][PASSED] - Browser is opened with url: ''

2018-03-06 10:51:14 - [MESSAGE][PASSED] - Delayed 3 second(s)

2018-03-06 10:51:15 - [MESSAGE][PASSED] - Navigate to 'https://d16a4dsnr8a0k1.cloudfront.net/en/2455233.html?price=150.00%20%E2%82%AC&partName=wilsonPartName&vin=wilsonVin&modelCode=XP11&paint=P0A94&modelDescription=wilsonModelDescription&additionalEquipment=wilsonAdditionalEquipment' successfully

2018-03-06 10:51:15 - [MESSAGE][PASSED] - Object 'Object Repository/CuPaDl/Loading_indicator' is visible

2018-03-06 10:51:25 - [MESSAGE][PASSED] - Object 'Object Repository/CuPaDl/Loading_indicator' is NOT visible

2018-03-06 10:51:26 - [MESSAGE][PASSED] - Delayed 1 second(s)

2018-03-06 10:51:26 - [MESSAGE][PASSED] - cupakeysDl.initStart.initialStart is PASSED

2018-03-06 10:51:26 - [TEST_STEP][PASSED] - Statement - (step++): null

2018-03-06 10:51:26 - [TEST_STEP][PASSED] - cupakeysDl.color.changecolor: cupakeysDl.color.changecolor is PASSED

2018-03-06 10:51:26 - [MESSAGE][PASSED] - Object 'Object Repository/CuPaDl/Color/Color' is visible

2018-03-06 10:51:26 - [MESSAGE][PASSED] - Object: 'Object Repository/CuPaDl/Color/Color' is clicked on

2018-03-06 10:51:27 - [MESSAGE][PASSED] - Delayed 1 second(s)

2018-03-06 10:51:27 - [MESSAGE][PASSED] - Object 'Object Repository/CuPaDl/Color/Color_moonwalkgrey' is visible

2018-03-06 10:51:28 - [MESSAGE][PASSED] - Object: 'Object Repository/CuPaDl/Color/Color_moonwalkgrey' is clicked on

2018-03-06 10:51:28 - [MESSAGE][WARNING] - Timeout '0' is invalid. Using default page load timeout: '30'

2018-03-06 10:51:28 - [MESSAGE][PASSED] - Object 'Object Repository/CuPaDl/Color/Color_moonwalkgrey' is visible

2018-03-06 10:51:29 - [MESSAGE][PASSED] - Delayed 1 second(s)

2018-03-06 10:51:29 - [MESSAGE][PASSED] - Object: 'Object Repository/CuPaDl/Color/Color_moonwalkgrey' is clicked on

2018-03-06 10:51:29 - [MESSAGE][PASSED] - Object 'Object Repository/CuPaDl/Loading_indicator' is visible

2018-03-06 10:51:32 - [MESSAGE][PASSED] - Object 'Object Repository/CuPaDl/Loading_indicator' is NOT visible

2018-03-06 10:51:33 - [MESSAGE][PASSED] - Delayed 1 second(s)

2018-03-06 10:51:33 - [MESSAGE][PASSED] - cupakeysDl.color.changecolor is PASSED

2018-03-06 10:51:33 - [TEST_STEP][PASSED] - Statement - (step++): null

2018-03-06 10:51:33 - [TEST_STEP][PASSED] - cupakeysDl.chngstruct.changestructure: cupakeysDl.chngstruct.changestructure is PASSED

2018-03-06 10:51:33 - [MESSAGE][PASSED] - Object: 'Object Repository/CuPaDl/Structure/Structure' is clicked on

2018-03-06 10:51:33 - [MESSAGE][WARNING] - Timeout '0' is invalid. Using default page load timeout: '30'

2018-03-06 10:51:33 - [MESSAGE][PASSED] - Object 'Object Repository/CuPaDl/Structure/Structure_Hahnentritt' is visible

2018-03-06 10:51:33 - [MESSAGE][PASSED] - Object 'Object Repository/CuPaDl/Structure/Structure_fadedots' is visible

2018-03-06 10:51:34 - [MESSAGE][PASSED] - Object: 'Object Repository/CuPaDl/Structure/Structure_fadedots' is clicked on

2018-03-06 10:51:35 - [MESSAGE][PASSED] - Object 'Object Repository/CuPaDl/Loading_indicator' is visible

2018-03-06 10:51:40 - [MESSAGE][PASSED] - Object 'Object Repository/CuPaDl/Loading_indicator' is NOT visible

2018-03-06 10:51:41 - [MESSAGE][PASSED] - Delayed 1 second(s)

2018-03-06 10:51:41 - [MESSAGE][PASSED] - cupakeysDl.chngstruct.changestructure is PASSED

2018-03-06 10:51:41 - [TEST_STEP][PASSED] - Statement - (step++): null

2018-03-06 10:51:41 - [TEST_STEP][PASSED] - cupakeysDl.sclstruct.scalestructure: cupakeysDl.sclstruct.scalestructure is PASSED

2018-03-06 10:51:44 - [MESSAGE][WARNING] - Object 'Object Repository/CuPaDl/Structure/Resize_Structure_bottomright' is not visible after 3 second(s)

2018-03-06 10:51:44 - [MESSAGE][PASSED] - Object: 'Object Repository/CuPaDl/Structure/Resize_Structure' is clicked on

2018-03-06 10:51:44 - [MESSAGE][WARNING] - Timeout '0' is invalid. Using default page load timeout: '30'

2018-03-06 10:51:44 - [MESSAGE][PASSED] - Object 'Object Repository/CuPaDl/Structure/Resize_Structure_bottomright' is visible

2018-03-06 10:51:45 - [MESSAGE][PASSED] - Delayed 1 second(s)

2018-03-06 10:51:45 - [MESSAGE][PASSED] - Current viewport's left (x) position is 0

2018-03-06 10:51:45 - [MESSAGE][PASSED] - Current viewport's top (y) position is 54

2018-03-06 10:51:45 - [MESSAGE][PASSED] - Dragged object with id 'Object Repository/CuPaDl/Structure/Resize_Structure_bottomright' by offset distance x = -225 and y = -171 successfully

2018-03-06 10:51:46 - [MESSAGE][PASSED] - Object 'Object Repository/CuPaDl/Loading_indicator' is visible

2018-03-06 10:51:52 - [MESSAGE][PASSED] - Object 'Object Repository/CuPaDl/Loading_indicator' is NOT visible

2018-03-06 10:51:53 - [MESSAGE][PASSED] - Delayed 1 second(s)

2018-03-06 10:51:53 - [MESSAGE][PASSED] - cupakeysDl.sclstruct.scalestructure is PASSED

2018-03-06 10:51:53 - [TEST_STEP][PASSED] - Statement - (step++): null

2018-03-06 10:51:53 - [TEST_STEP][PASSED] - Statement - iconmap += CustomKeywords.cupakeysDl.iconad.iconadd("laurelwreath", LoadTimeCorrector, step, run, device, timeStamp, iconcount): cupakeysDl.iconad.iconadd is PASSED

2018-03-06 10:51:53 - [MESSAGE][PASSED] - Object: 'Object Repository/CuPaDl/Icons/Icon' is clicked on

2018-03-06 10:51:53 - [MESSAGE][PASSED] - Object 'Object Repository/CuPaDl/Icons/Icon_laurelwreath' is visible

2018-03-06 10:51:53 - [MESSAGE][PASSED] - Object: 'Object Repository/CuPaDl/Icons/Icon_laurelwreath' is clicked on

2018-03-06 10:51:54 - [MESSAGE][PASSED] - Delayed 1 second(s)

2018-03-06 10:51:54 - [MESSAGE][PASSED] - Object 'Object Repository/CuPaDl/Loading_indicator' is visible

2018-03-06 10:51:59 - [MESSAGE][PASSED] - Object 'Object Repository/CuPaDl/Loading_indicator' is NOT visible

2018-03-06 10:51:59 - [MESSAGE][WARNING] - Timeout '0' is invalid. Using default page load timeout: '30'

2018-03-06 10:51:59 - [MESSAGE][PASSED] - Width of element 'Object Repository/CuPaDl/Icons/Reposition_icon' is '40'

2018-03-06 10:51:59 - [MESSAGE][PASSED] - Height of element 'Object Repository/CuPaDl/Icons/Reposition_icon' is '40'.

2018-03-06 10:52:00 - [MESSAGE][PASSED] - Delayed 1 second(s)

2018-03-06 10:52:00 - [MESSAGE][PASSED] - cupakeysDl.iconad.iconadd is PASSED

2018-03-06 10:52:00 - [TEST_STEP][PASSED] - Statement - (step++): null

2018-03-06 10:52:00 - [TEST_STEP][PASSED] - Statement - (iconcount++): null

2018-03-06 10:52:00 - [TEST_STEP][PASSED] - cupakeysDl.iconres.iconresize: cupakeysDl.iconres.iconresize is PASSED

2018-03-06 10:52:00 - [MESSAGE][PASSED] - Object 'Object Repository/CuPaDl/Icons/Reposition_icon' is visible

2018-03-06 10:52:00 - [MESSAGE][PASSED] - Current viewport's left (x) position is 0

2018-03-06 10:52:00 - [MESSAGE][PASSED] - Current viewport's top (y) position is 54

2018-03-06 10:52:00 - [MESSAGE][PASSED] - Dragged object with id 'Object Repository/CuPaDl/Icons/Resize_icon_bottomright' by offset distance x = -125 and y = -71 successfully

2018-03-06 10:52:01 - [MESSAGE][PASSED] - Object 'Object Repository/CuPaDl/Loading_indicator' is visible

2018-03-06 10:52:06 - [MESSAGE][PASSED] - Object 'Object Repository/CuPaDl/Loading_indicator' is NOT visible

2018-03-06 10:52:07 - [MESSAGE][PASSED] - Delayed 1 second(s)

2018-03-06 10:52:07 - [MESSAGE][PASSED] - cupakeysDl.iconres.iconresize is PASSED

2018-03-06 10:52:07 - [TEST_STEP][PASSED] - Statement - (step++): null

2018-03-06 10:52:07 - [TEST_STEP][PASSED] - cupakeysDl.slink.svlink: cupakeysDl.slink.svlink is PASSED

2018-03-06 10:52:07 - [MESSAGE][PASSED] - Scroll to object 'Object Repository/CuPaDl/Save/Save' successfully

2018-03-06 10:52:08 - [MESSAGE][PASSED] - Object: 'Object Repository/CuPaDl/Save/Save' is clicked on

2018-03-06 10:52:08 - [MESSAGE][WARNING] - Timeout '0' is invalid. Using default page load timeout: '30'

2018-03-06 10:52:10 - [MESSAGE][PASSED] - Object 'Object Repository/CuPaDl/Save/CopyLink' is visible

2018-03-06 10:52:10 - [MESSAGE][PASSED] - Attribute 'value' of object 'Object Repository/CuPaDl/Save/Link' is: 'https://d16a4dsnr8a0k1.cloudfront.net/en/2455233.html?scupaId=HiQmKWVVPTZYL3o6N0NF'

2018-03-06 10:52:10 - [MESSAGE][PASSED] - cupakeysDl.slink.svlink is PASSED

2018-03-06 10:52:10 - [TEST_STEP][PASSED] - cupakeysDl.endsession.finishsession: cupakeysDl.endsession.finishsession is PASSED

2018-03-06 10:52:13 - [MESSAGE][PASSED] - Delayed 3 second(s)

2018-03-06 10:52:13 - [MESSAGE][PASSED] - Browser is closed

2018-03-06 10:52:13 - [MESSAGE][PASSED] - cupakeysDl.endsession.finishsession is PASSED]]></system-out>
         <system-err><![CDATA[]]></system-err>
      </testcase>
      <testcase name="Test Cases/CuPaStefanie/18" classname="Test Cases/CuPaStefanie/18" status="PASSED">
         <system-out><![CDATA[2018-03-06 10:52:13 - [TEST_CASE][PASSED] - Test Cases/CuPaStefanie/18: Test Cases/CuPaStefanie/18

2018-03-06 10:52:14 - [TEST_STEP][PASSED] - Statement - timeStamp = new java.text.SimpleDateFormat(dd.MM.yyyy).format(java.util.Calendar.getInstance().getTime()): null

2018-03-06 10:52:14 - [TEST_STEP][PASSED] - Statement - timeStampScreenshot = new java.text.SimpleDateFormat(dd.MM.yyyy).format(java.util.Calendar.getInstance().getTime()): null

2018-03-06 10:52:14 - [TEST_STEP][PASSED] - Statement - iconmap = [:]: null

2018-03-06 10:52:14 - [TEST_STEP][PASSED] - Statement - txtmap = [:]: null

2018-03-06 10:52:14 - [TEST_STEP][PASSED] - Statement - signmap = [:]: null

2018-03-06 10:52:14 - [TEST_STEP][PASSED] - cupakeysDl.initStart.initialStart: cupakeysDl.initStart.initialStart is PASSED

2018-03-06 10:52:15 - [MESSAGE][PASSED] - Browser is opened with url: ''

2018-03-06 10:52:18 - [MESSAGE][PASSED] - Delayed 3 second(s)

2018-03-06 10:52:20 - [MESSAGE][PASSED] - Navigate to 'https://d16a4dsnr8a0k1.cloudfront.net/en/2455233.html?price=150.00%20%E2%82%AC&partName=wilsonPartName&vin=wilsonVin&modelCode=XP11&paint=P0A94&modelDescription=wilsonModelDescription&additionalEquipment=wilsonAdditionalEquipment' successfully

2018-03-06 10:52:20 - [MESSAGE][PASSED] - Object 'Object Repository/CuPaDl/Loading_indicator' is visible

2018-03-06 10:52:30 - [MESSAGE][PASSED] - Object 'Object Repository/CuPaDl/Loading_indicator' is NOT visible

2018-03-06 10:52:31 - [MESSAGE][PASSED] - Delayed 1 second(s)

2018-03-06 10:52:31 - [MESSAGE][PASSED] - cupakeysDl.initStart.initialStart is PASSED

2018-03-06 10:52:31 - [TEST_STEP][PASSED] - Statement - (step++): null

2018-03-06 10:52:31 - [TEST_STEP][PASSED] - cupakeysDl.color.changecolor: cupakeysDl.color.changecolor is PASSED

2018-03-06 10:52:31 - [MESSAGE][PASSED] - Object 'Object Repository/CuPaDl/Color/Color' is visible

2018-03-06 10:52:31 - [MESSAGE][PASSED] - Object: 'Object Repository/CuPaDl/Color/Color' is clicked on

2018-03-06 10:52:32 - [MESSAGE][PASSED] - Delayed 1 second(s)

2018-03-06 10:52:32 - [MESSAGE][PASSED] - Object 'Object Repository/CuPaDl/Color/Color_moonwalkgrey' is visible

2018-03-06 10:52:32 - [MESSAGE][PASSED] - Object: 'Object Repository/CuPaDl/Color/Color_moonwalkgrey' is clicked on

2018-03-06 10:52:32 - [MESSAGE][WARNING] - Timeout '0' is invalid. Using default page load timeout: '30'

2018-03-06 10:52:32 - [MESSAGE][PASSED] - Object 'Object Repository/CuPaDl/Color/Color_moonwalkgrey' is visible

2018-03-06 10:52:33 - [MESSAGE][PASSED] - Delayed 1 second(s)

2018-03-06 10:52:34 - [MESSAGE][PASSED] - Object: 'Object Repository/CuPaDl/Color/Color_moonwalkgrey' is clicked on

2018-03-06 10:52:34 - [MESSAGE][PASSED] - Object 'Object Repository/CuPaDl/Loading_indicator' is visible

2018-03-06 10:52:37 - [MESSAGE][PASSED] - Object 'Object Repository/CuPaDl/Loading_indicator' is NOT visible

2018-03-06 10:52:38 - [MESSAGE][PASSED] - Delayed 1 second(s)

2018-03-06 10:52:38 - [MESSAGE][PASSED] - cupakeysDl.color.changecolor is PASSED

2018-03-06 10:52:38 - [TEST_STEP][PASSED] - Statement - (step++): null

2018-03-06 10:52:38 - [TEST_STEP][PASSED] - cupakeysDl.chngstruct.changestructure: cupakeysDl.chngstruct.changestructure is PASSED

2018-03-06 10:52:38 - [MESSAGE][PASSED] - Object: 'Object Repository/CuPaDl/Structure/Structure' is clicked on

2018-03-06 10:52:38 - [MESSAGE][WARNING] - Timeout '0' is invalid. Using default page load timeout: '30'

2018-03-06 10:52:38 - [MESSAGE][PASSED] - Object 'Object Repository/CuPaDl/Structure/Structure_Hahnentritt' is visible

2018-03-06 10:52:38 - [MESSAGE][PASSED] - Object 'Object Repository/CuPaDl/Structure/Structure_fadedots' is visible

2018-03-06 10:52:38 - [MESSAGE][PASSED] - Object: 'Object Repository/CuPaDl/Structure/Structure_fadedots' is clicked on

2018-03-06 10:52:39 - [MESSAGE][PASSED] - Object 'Object Repository/CuPaDl/Loading_indicator' is visible

2018-03-06 10:52:44 - [MESSAGE][PASSED] - Object 'Object Repository/CuPaDl/Loading_indicator' is NOT visible

2018-03-06 10:52:45 - [MESSAGE][PASSED] - Delayed 1 second(s)

2018-03-06 10:52:45 - [MESSAGE][PASSED] - cupakeysDl.chngstruct.changestructure is PASSED

2018-03-06 10:52:45 - [TEST_STEP][PASSED] - Statement - (step++): null

2018-03-06 10:52:45 - [TEST_STEP][PASSED] - cupakeysDl.sclstruct.scalestructure: cupakeysDl.sclstruct.scalestructure is PASSED

2018-03-06 10:52:49 - [MESSAGE][WARNING] - Object 'Object Repository/CuPaDl/Structure/Resize_Structure_bottomright' is not visible after 3 second(s)

2018-03-06 10:52:49 - [MESSAGE][PASSED] - Object: 'Object Repository/CuPaDl/Structure/Resize_Structure' is clicked on

2018-03-06 10:52:49 - [MESSAGE][WARNING] - Timeout '0' is invalid. Using default page load timeout: '30'

2018-03-06 10:52:49 - [MESSAGE][PASSED] - Object 'Object Repository/CuPaDl/Structure/Resize_Structure_bottomright' is visible

2018-03-06 10:52:50 - [MESSAGE][PASSED] - Delayed 1 second(s)

2018-03-06 10:52:50 - [MESSAGE][PASSED] - Current viewport's left (x) position is 0

2018-03-06 10:52:50 - [MESSAGE][PASSED] - Current viewport's top (y) position is 54

2018-03-06 10:52:50 - [MESSAGE][PASSED] - Dragged object with id 'Object Repository/CuPaDl/Structure/Resize_Structure_bottomright' by offset distance x = 225 and y = 279 successfully

2018-03-06 10:52:51 - [MESSAGE][PASSED] - Object 'Object Repository/CuPaDl/Loading_indicator' is visible

2018-03-06 10:52:55 - [MESSAGE][PASSED] - Object 'Object Repository/CuPaDl/Loading_indicator' is NOT visible

2018-03-06 10:52:56 - [MESSAGE][PASSED] - Delayed 1 second(s)

2018-03-06 10:52:56 - [MESSAGE][PASSED] - cupakeysDl.sclstruct.scalestructure is PASSED

2018-03-06 10:52:56 - [TEST_STEP][PASSED] - Statement - (step++): null

2018-03-06 10:52:56 - [TEST_STEP][PASSED] - Statement - iconmap += CustomKeywords.cupakeysDl.iconad.iconadd("laurelwreath", LoadTimeCorrector, step, run, device, timeStamp, iconcount): cupakeysDl.iconad.iconadd is PASSED

2018-03-06 10:52:56 - [MESSAGE][PASSED] - Object: 'Object Repository/CuPaDl/Icons/Icon' is clicked on

2018-03-06 10:52:56 - [MESSAGE][PASSED] - Object 'Object Repository/CuPaDl/Icons/Icon_laurelwreath' is visible

2018-03-06 10:52:56 - [MESSAGE][PASSED] - Object: 'Object Repository/CuPaDl/Icons/Icon_laurelwreath' is clicked on

2018-03-06 10:52:57 - [MESSAGE][PASSED] - Delayed 1 second(s)

2018-03-06 10:52:57 - [MESSAGE][PASSED] - Object 'Object Repository/CuPaDl/Loading_indicator' is visible

2018-03-06 10:53:02 - [MESSAGE][PASSED] - Object 'Object Repository/CuPaDl/Loading_indicator' is NOT visible

2018-03-06 10:53:02 - [MESSAGE][WARNING] - Timeout '0' is invalid. Using default page load timeout: '30'

2018-03-06 10:53:02 - [MESSAGE][PASSED] - Width of element 'Object Repository/CuPaDl/Icons/Reposition_icon' is '40'

2018-03-06 10:53:02 - [MESSAGE][PASSED] - Height of element 'Object Repository/CuPaDl/Icons/Reposition_icon' is '40'.

2018-03-06 10:53:03 - [MESSAGE][PASSED] - Delayed 1 second(s)

2018-03-06 10:53:03 - [MESSAGE][PASSED] - cupakeysDl.iconad.iconadd is PASSED

2018-03-06 10:53:03 - [TEST_STEP][PASSED] - Statement - (step++): null

2018-03-06 10:53:03 - [TEST_STEP][PASSED] - Statement - (iconcount++): null

2018-03-06 10:53:03 - [TEST_STEP][PASSED] - cupakeysDl.iconres.iconresize: cupakeysDl.iconres.iconresize is PASSED

2018-03-06 10:53:03 - [MESSAGE][PASSED] - Object 'Object Repository/CuPaDl/Icons/Reposition_icon' is visible

2018-03-06 10:53:03 - [MESSAGE][PASSED] - Current viewport's left (x) position is 0

2018-03-06 10:53:03 - [MESSAGE][PASSED] - Current viewport's top (y) position is 54

2018-03-06 10:53:03 - [MESSAGE][PASSED] - Dragged object with id 'Object Repository/CuPaDl/Icons/Resize_icon_bottomright' by offset distance x = 125 and y = 179 successfully

2018-03-06 10:53:04 - [MESSAGE][PASSED] - Object 'Object Repository/CuPaDl/Loading_indicator' is visible

2018-03-06 10:53:08 - [MESSAGE][PASSED] - Object 'Object Repository/CuPaDl/Loading_indicator' is NOT visible

2018-03-06 10:53:09 - [MESSAGE][PASSED] - Delayed 1 second(s)

2018-03-06 10:53:09 - [MESSAGE][PASSED] - cupakeysDl.iconres.iconresize is PASSED

2018-03-06 10:53:09 - [TEST_STEP][PASSED] - Statement - (step++): null

2018-03-06 10:53:09 - [TEST_STEP][PASSED] - cupakeysDl.slink.svlink: cupakeysDl.slink.svlink is PASSED

2018-03-06 10:53:09 - [MESSAGE][PASSED] - Scroll to object 'Object Repository/CuPaDl/Save/Save' successfully

2018-03-06 10:53:09 - [MESSAGE][PASSED] - Object: 'Object Repository/CuPaDl/Save/Save' is clicked on

2018-03-06 10:53:09 - [MESSAGE][WARNING] - Timeout '0' is invalid. Using default page load timeout: '30'

2018-03-06 10:53:11 - [MESSAGE][PASSED] - Object 'Object Repository/CuPaDl/Save/CopyLink' is visible

2018-03-06 10:53:11 - [MESSAGE][PASSED] - Attribute 'value' of object 'Object Repository/CuPaDl/Save/Link' is: 'https://d16a4dsnr8a0k1.cloudfront.net/en/2455233.html?scupaId=GTY6XG5fI1xbKXo6N0NF'

2018-03-06 10:53:11 - [MESSAGE][PASSED] - cupakeysDl.slink.svlink is PASSED

2018-03-06 10:53:11 - [TEST_STEP][PASSED] - cupakeysDl.endsession.finishsession: cupakeysDl.endsession.finishsession is PASSED

2018-03-06 10:53:14 - [MESSAGE][PASSED] - Delayed 3 second(s)

2018-03-06 10:53:14 - [MESSAGE][PASSED] - Browser is closed

2018-03-06 10:53:14 - [MESSAGE][PASSED] - cupakeysDl.endsession.finishsession is PASSED]]></system-out>
         <system-err><![CDATA[]]></system-err>
      </testcase>
      <testcase name="Test Cases/CuPaStefanie/19" classname="Test Cases/CuPaStefanie/19" status="PASSED">
         <system-out><![CDATA[2018-03-06 10:53:14 - [TEST_CASE][PASSED] - Test Cases/CuPaStefanie/19: Test Cases/CuPaStefanie/19

2018-03-06 10:53:14 - [TEST_STEP][PASSED] - Statement - timeStamp = new java.text.SimpleDateFormat(dd.MM.yyyy).format(java.util.Calendar.getInstance().getTime()): null

2018-03-06 10:53:14 - [TEST_STEP][PASSED] - Statement - timeStampScreenshot = new java.text.SimpleDateFormat(dd.MM.yyyy).format(java.util.Calendar.getInstance().getTime()): null

2018-03-06 10:53:14 - [TEST_STEP][PASSED] - Statement - iconmap = [:]: null

2018-03-06 10:53:14 - [TEST_STEP][PASSED] - Statement - txtmap = [:]: null

2018-03-06 10:53:14 - [TEST_STEP][PASSED] - Statement - signmap = [:]: null

2018-03-06 10:53:14 - [TEST_STEP][PASSED] - cupakeysDl.initStart.initialStart: cupakeysDl.initStart.initialStart is PASSED

2018-03-06 10:53:16 - [MESSAGE][PASSED] - Browser is opened with url: ''

2018-03-06 10:53:19 - [MESSAGE][PASSED] - Delayed 3 second(s)

2018-03-06 10:53:21 - [MESSAGE][PASSED] - Navigate to 'https://d16a4dsnr8a0k1.cloudfront.net/en/2455233.html?price=150.00%20%E2%82%AC&partName=wilsonPartName&vin=wilsonVin&modelCode=XP11&paint=P0A94&modelDescription=wilsonModelDescription&additionalEquipment=wilsonAdditionalEquipment' successfully

2018-03-06 10:53:21 - [MESSAGE][PASSED] - Object 'Object Repository/CuPaDl/Loading_indicator' is visible

2018-03-06 10:53:31 - [MESSAGE][PASSED] - Object 'Object Repository/CuPaDl/Loading_indicator' is NOT visible

2018-03-06 10:53:32 - [MESSAGE][PASSED] - Delayed 1 second(s)

2018-03-06 10:53:32 - [MESSAGE][PASSED] - cupakeysDl.initStart.initialStart is PASSED

2018-03-06 10:53:32 - [TEST_STEP][PASSED] - Statement - (step++): null

2018-03-06 10:53:32 - [TEST_STEP][PASSED] - cupakeysDl.color.changecolor: cupakeysDl.color.changecolor is PASSED

2018-03-06 10:53:32 - [MESSAGE][PASSED] - Object 'Object Repository/CuPaDl/Color/Color' is visible

2018-03-06 10:53:32 - [MESSAGE][PASSED] - Object: 'Object Repository/CuPaDl/Color/Color' is clicked on

2018-03-06 10:53:33 - [MESSAGE][PASSED] - Delayed 1 second(s)

2018-03-06 10:53:33 - [MESSAGE][PASSED] - Object 'Object Repository/CuPaDl/Color/Color_thundergrey' is visible

2018-03-06 10:53:33 - [MESSAGE][PASSED] - Object: 'Object Repository/CuPaDl/Color/Color_thundergrey' is clicked on

2018-03-06 10:53:33 - [MESSAGE][WARNING] - Timeout '0' is invalid. Using default page load timeout: '30'

2018-03-06 10:53:33 - [MESSAGE][PASSED] - Object 'Object Repository/CuPaDl/Color/Color_thundergrey' is visible

2018-03-06 10:53:34 - [MESSAGE][PASSED] - Delayed 1 second(s)

2018-03-06 10:53:35 - [MESSAGE][PASSED] - Object: 'Object Repository/CuPaDl/Color/Color_thundergrey' is clicked on

2018-03-06 10:53:35 - [MESSAGE][PASSED] - Object 'Object Repository/CuPaDl/Loading_indicator' is visible

2018-03-06 10:53:38 - [MESSAGE][PASSED] - Object 'Object Repository/CuPaDl/Loading_indicator' is NOT visible

2018-03-06 10:53:39 - [MESSAGE][PASSED] - Delayed 1 second(s)

2018-03-06 10:53:39 - [MESSAGE][PASSED] - cupakeysDl.color.changecolor is PASSED

2018-03-06 10:53:39 - [TEST_STEP][PASSED] - Statement - (step++): null

2018-03-06 10:53:39 - [TEST_STEP][PASSED] - cupakeysDl.chngstruct.changestructure: cupakeysDl.chngstruct.changestructure is PASSED

2018-03-06 10:53:39 - [MESSAGE][PASSED] - Object: 'Object Repository/CuPaDl/Structure/Structure' is clicked on

2018-03-06 10:53:39 - [MESSAGE][WARNING] - Timeout '0' is invalid. Using default page load timeout: '30'

2018-03-06 10:53:39 - [MESSAGE][PASSED] - Object 'Object Repository/CuPaDl/Structure/Structure_Hahnentritt' is visible

2018-03-06 10:53:39 - [MESSAGE][PASSED] - Object 'Object Repository/CuPaDl/Structure/Structure_fadehahnentritt' is visible

2018-03-06 10:53:39 - [MESSAGE][PASSED] - Object: 'Object Repository/CuPaDl/Structure/Structure_fadehahnentritt' is clicked on

2018-03-06 10:53:40 - [MESSAGE][PASSED] - Object 'Object Repository/CuPaDl/Loading_indicator' is visible

2018-03-06 10:53:43 - [MESSAGE][PASSED] - Object 'Object Repository/CuPaDl/Loading_indicator' is NOT visible

2018-03-06 10:53:44 - [MESSAGE][PASSED] - Delayed 1 second(s)

2018-03-06 10:53:44 - [MESSAGE][PASSED] - cupakeysDl.chngstruct.changestructure is PASSED

2018-03-06 10:53:44 - [TEST_STEP][PASSED] - Statement - (step++): null

2018-03-06 10:53:44 - [TEST_STEP][PASSED] - cupakeysDl.sclstruct.scalestructure: cupakeysDl.sclstruct.scalestructure is PASSED

2018-03-06 10:53:47 - [MESSAGE][WARNING] - Object 'Object Repository/CuPaDl/Structure/Resize_Structure_bottomright' is not visible after 3 second(s)

2018-03-06 10:53:47 - [MESSAGE][PASSED] - Object: 'Object Repository/CuPaDl/Structure/Resize_Structure' is clicked on

2018-03-06 10:53:47 - [MESSAGE][WARNING] - Timeout '0' is invalid. Using default page load timeout: '30'

2018-03-06 10:53:47 - [MESSAGE][PASSED] - Object 'Object Repository/CuPaDl/Structure/Resize_Structure_bottomright' is visible

2018-03-06 10:53:48 - [MESSAGE][PASSED] - Delayed 1 second(s)

2018-03-06 10:53:48 - [MESSAGE][PASSED] - Current viewport's left (x) position is 0

2018-03-06 10:53:48 - [MESSAGE][PASSED] - Current viewport's top (y) position is 54

2018-03-06 10:53:48 - [MESSAGE][PASSED] - Dragged object with id 'Object Repository/CuPaDl/Structure/Resize_Structure_bottomright' by offset distance x = -225 and y = -171 successfully

2018-03-06 10:53:51 - [MESSAGE][PASSED] - Object 'Object Repository/CuPaDl/Loading_indicator' is visible

2018-03-06 10:53:52 - [MESSAGE][PASSED] - Object 'Object Repository/CuPaDl/Loading_indicator' is NOT visible

2018-03-06 10:53:53 - [MESSAGE][PASSED] - Delayed 1 second(s)

2018-03-06 10:53:53 - [MESSAGE][PASSED] - cupakeysDl.sclstruct.scalestructure is PASSED

2018-03-06 10:53:53 - [TEST_STEP][PASSED] - Statement - (step++): null

2018-03-06 10:53:53 - [TEST_STEP][PASSED] - Statement - iconmap += CustomKeywords.cupakeysDl.iconad.iconadd("helmet", LoadTimeCorrector, step, run, device, timeStamp, iconcount): cupakeysDl.iconad.iconadd is PASSED

2018-03-06 10:53:53 - [MESSAGE][PASSED] - Object: 'Object Repository/CuPaDl/Icons/Icon' is clicked on

2018-03-06 10:53:53 - [MESSAGE][PASSED] - Object 'Object Repository/CuPaDl/Icons/Icon_helmet' is visible

2018-03-06 10:53:53 - [MESSAGE][PASSED] - Object: 'Object Repository/CuPaDl/Icons/Icon_helmet' is clicked on

2018-03-06 10:53:54 - [MESSAGE][PASSED] - Delayed 1 second(s)

2018-03-06 10:53:55 - [MESSAGE][PASSED] - Object 'Object Repository/CuPaDl/Loading_indicator' is visible

2018-03-06 10:53:56 - [MESSAGE][PASSED] - Object 'Object Repository/CuPaDl/Loading_indicator' is NOT visible

2018-03-06 10:53:56 - [MESSAGE][WARNING] - Timeout '0' is invalid. Using default page load timeout: '30'

2018-03-06 10:53:56 - [MESSAGE][PASSED] - Width of element 'Object Repository/CuPaDl/Icons/Reposition_icon' is '40'

2018-03-06 10:53:56 - [MESSAGE][PASSED] - Height of element 'Object Repository/CuPaDl/Icons/Reposition_icon' is '40'.

2018-03-06 10:53:57 - [MESSAGE][PASSED] - Delayed 1 second(s)

2018-03-06 10:53:57 - [MESSAGE][PASSED] - cupakeysDl.iconad.iconadd is PASSED

2018-03-06 10:53:57 - [TEST_STEP][PASSED] - Statement - (step++): null

2018-03-06 10:53:57 - [TEST_STEP][PASSED] - Statement - (iconcount++): null

2018-03-06 10:53:57 - [TEST_STEP][PASSED] - cupakeysDl.iconres.iconresize: cupakeysDl.iconres.iconresize is PASSED

2018-03-06 10:53:57 - [MESSAGE][PASSED] - Object 'Object Repository/CuPaDl/Icons/Reposition_icon' is visible

2018-03-06 10:53:57 - [MESSAGE][PASSED] - Current viewport's left (x) position is 0

2018-03-06 10:53:57 - [MESSAGE][PASSED] - Current viewport's top (y) position is 54

2018-03-06 10:53:57 - [MESSAGE][PASSED] - Dragged object with id 'Object Repository/CuPaDl/Icons/Resize_icon_bottomright' by offset distance x = -125 and y = -71 successfully

2018-03-06 10:53:59 - [MESSAGE][PASSED] - Object 'Object Repository/CuPaDl/Loading_indicator' is visible

2018-03-06 10:54:00 - [MESSAGE][PASSED] - Object 'Object Repository/CuPaDl/Loading_indicator' is NOT visible

2018-03-06 10:54:01 - [MESSAGE][PASSED] - Delayed 1 second(s)

2018-03-06 10:54:01 - [MESSAGE][PASSED] - cupakeysDl.iconres.iconresize is PASSED

2018-03-06 10:54:01 - [TEST_STEP][PASSED] - Statement - (step++): null

2018-03-06 10:54:01 - [TEST_STEP][PASSED] - cupakeysDl.slink.svlink: cupakeysDl.slink.svlink is PASSED

2018-03-06 10:54:01 - [MESSAGE][PASSED] - Scroll to object 'Object Repository/CuPaDl/Save/Save' successfully

2018-03-06 10:54:02 - [MESSAGE][PASSED] - Object: 'Object Repository/CuPaDl/Save/Save' is clicked on

2018-03-06 10:54:02 - [MESSAGE][WARNING] - Timeout '0' is invalid. Using default page load timeout: '30'

2018-03-06 10:54:04 - [MESSAGE][PASSED] - Object 'Object Repository/CuPaDl/Save/CopyLink' is visible

2018-03-06 10:54:04 - [MESSAGE][PASSED] - Attribute 'value' of object 'Object Repository/CuPaDl/Save/Link' is: 'https://d16a4dsnr8a0k1.cloudfront.net/en/2455233.html?scupaId=CC0lInouMTQnNXo0RURA'

2018-03-06 10:54:04 - [MESSAGE][PASSED] - cupakeysDl.slink.svlink is PASSED

2018-03-06 10:54:04 - [TEST_STEP][PASSED] - cupakeysDl.endsession.finishsession: cupakeysDl.endsession.finishsession is PASSED

2018-03-06 10:54:07 - [MESSAGE][PASSED] - Delayed 3 second(s)

2018-03-06 10:54:07 - [MESSAGE][PASSED] - Browser is closed

2018-03-06 10:54:07 - [MESSAGE][PASSED] - cupakeysDl.endsession.finishsession is PASSED]]></system-out>
         <system-err><![CDATA[]]></system-err>
      </testcase>
      <testcase name="Test Cases/CuPaStefanie/20" classname="Test Cases/CuPaStefanie/20" status="PASSED">
         <system-out><![CDATA[2018-03-06 10:54:07 - [TEST_CASE][PASSED] - Test Cases/CuPaStefanie/20: Test Cases/CuPaStefanie/20

2018-03-06 10:54:07 - [TEST_STEP][PASSED] - Statement - timeStamp = new java.text.SimpleDateFormat(dd.MM.yyyy).format(java.util.Calendar.getInstance().getTime()): null

2018-03-06 10:54:07 - [TEST_STEP][PASSED] - Statement - timeStampScreenshot = new java.text.SimpleDateFormat(dd.MM.yyyy).format(java.util.Calendar.getInstance().getTime()): null

2018-03-06 10:54:07 - [TEST_STEP][PASSED] - Statement - iconmap = [:]: null

2018-03-06 10:54:07 - [TEST_STEP][PASSED] - Statement - txtmap = [:]: null

2018-03-06 10:54:07 - [TEST_STEP][PASSED] - Statement - signmap = [:]: null

2018-03-06 10:54:07 - [TEST_STEP][PASSED] - cupakeysDl.initStart.initialStart: cupakeysDl.initStart.initialStart is PASSED

2018-03-06 10:54:09 - [MESSAGE][PASSED] - Browser is opened with url: ''

2018-03-06 10:54:12 - [MESSAGE][PASSED] - Delayed 3 second(s)

2018-03-06 10:54:14 - [MESSAGE][PASSED] - Navigate to 'https://d16a4dsnr8a0k1.cloudfront.net/en/2455233.html?price=150.00%20%E2%82%AC&partName=wilsonPartName&vin=wilsonVin&modelCode=XP11&paint=P0A94&modelDescription=wilsonModelDescription&additionalEquipment=wilsonAdditionalEquipment' successfully

2018-03-06 10:54:14 - [MESSAGE][PASSED] - Object 'Object Repository/CuPaDl/Loading_indicator' is visible

2018-03-06 10:54:24 - [MESSAGE][PASSED] - Object 'Object Repository/CuPaDl/Loading_indicator' is NOT visible

2018-03-06 10:54:25 - [MESSAGE][PASSED] - Delayed 1 second(s)

2018-03-06 10:54:25 - [MESSAGE][PASSED] - cupakeysDl.initStart.initialStart is PASSED

2018-03-06 10:54:25 - [TEST_STEP][PASSED] - Statement - (step++): null

2018-03-06 10:54:25 - [TEST_STEP][PASSED] - cupakeysDl.color.changecolor: cupakeysDl.color.changecolor is PASSED

2018-03-06 10:54:25 - [MESSAGE][PASSED] - Object 'Object Repository/CuPaDl/Color/Color' is visible

2018-03-06 10:54:25 - [MESSAGE][PASSED] - Object: 'Object Repository/CuPaDl/Color/Color' is clicked on

2018-03-06 10:54:26 - [MESSAGE][PASSED] - Delayed 1 second(s)

2018-03-06 10:54:26 - [MESSAGE][PASSED] - Object 'Object Repository/CuPaDl/Color/Color_thundergrey' is visible

2018-03-06 10:54:26 - [MESSAGE][PASSED] - Object: 'Object Repository/CuPaDl/Color/Color_thundergrey' is clicked on

2018-03-06 10:54:26 - [MESSAGE][WARNING] - Timeout '0' is invalid. Using default page load timeout: '30'

2018-03-06 10:54:26 - [MESSAGE][PASSED] - Object 'Object Repository/CuPaDl/Color/Color_thundergrey' is visible

2018-03-06 10:54:27 - [MESSAGE][PASSED] - Delayed 1 second(s)

2018-03-06 10:54:28 - [MESSAGE][PASSED] - Object: 'Object Repository/CuPaDl/Color/Color_thundergrey' is clicked on

2018-03-06 10:54:28 - [MESSAGE][PASSED] - Object 'Object Repository/CuPaDl/Loading_indicator' is visible

2018-03-06 10:54:31 - [MESSAGE][PASSED] - Object 'Object Repository/CuPaDl/Loading_indicator' is NOT visible

2018-03-06 10:54:32 - [MESSAGE][PASSED] - Delayed 1 second(s)

2018-03-06 10:54:32 - [MESSAGE][PASSED] - cupakeysDl.color.changecolor is PASSED

2018-03-06 10:54:32 - [TEST_STEP][PASSED] - Statement - (step++): null

2018-03-06 10:54:32 - [TEST_STEP][PASSED] - cupakeysDl.chngstruct.changestructure: cupakeysDl.chngstruct.changestructure is PASSED

2018-03-06 10:54:32 - [MESSAGE][PASSED] - Object: 'Object Repository/CuPaDl/Structure/Structure' is clicked on

2018-03-06 10:54:32 - [MESSAGE][WARNING] - Timeout '0' is invalid. Using default page load timeout: '30'

2018-03-06 10:54:32 - [MESSAGE][PASSED] - Object 'Object Repository/CuPaDl/Structure/Structure_Hahnentritt' is visible

2018-03-06 10:54:32 - [MESSAGE][PASSED] - Object 'Object Repository/CuPaDl/Structure/Structure_fadehahnentritt' is visible

2018-03-06 10:54:32 - [MESSAGE][PASSED] - Object: 'Object Repository/CuPaDl/Structure/Structure_fadehahnentritt' is clicked on

2018-03-06 10:54:33 - [MESSAGE][PASSED] - Object 'Object Repository/CuPaDl/Loading_indicator' is visible

2018-03-06 10:54:36 - [MESSAGE][PASSED] - Object 'Object Repository/CuPaDl/Loading_indicator' is NOT visible

2018-03-06 10:54:37 - [MESSAGE][PASSED] - Delayed 1 second(s)

2018-03-06 10:54:37 - [MESSAGE][PASSED] - cupakeysDl.chngstruct.changestructure is PASSED

2018-03-06 10:54:37 - [TEST_STEP][PASSED] - Statement - (step++): null

2018-03-06 10:54:37 - [TEST_STEP][PASSED] - cupakeysDl.sclstruct.scalestructure: cupakeysDl.sclstruct.scalestructure is PASSED

2018-03-06 10:54:40 - [MESSAGE][WARNING] - Object 'Object Repository/CuPaDl/Structure/Resize_Structure_bottomright' is not visible after 3 second(s)

2018-03-06 10:54:40 - [MESSAGE][PASSED] - Object: 'Object Repository/CuPaDl/Structure/Resize_Structure' is clicked on

2018-03-06 10:54:40 - [MESSAGE][WARNING] - Timeout '0' is invalid. Using default page load timeout: '30'

2018-03-06 10:54:40 - [MESSAGE][PASSED] - Object 'Object Repository/CuPaDl/Structure/Resize_Structure_bottomright' is visible

2018-03-06 10:54:41 - [MESSAGE][PASSED] - Delayed 1 second(s)

2018-03-06 10:54:41 - [MESSAGE][PASSED] - Current viewport's left (x) position is 0

2018-03-06 10:54:41 - [MESSAGE][PASSED] - Current viewport's top (y) position is 54

2018-03-06 10:54:41 - [MESSAGE][PASSED] - Dragged object with id 'Object Repository/CuPaDl/Structure/Resize_Structure_bottomright' by offset distance x = 225 and y = 279 successfully

2018-03-06 10:54:43 - [MESSAGE][PASSED] - Object 'Object Repository/CuPaDl/Loading_indicator' is visible

2018-03-06 10:54:44 - [MESSAGE][PASSED] - Object 'Object Repository/CuPaDl/Loading_indicator' is NOT visible

2018-03-06 10:54:45 - [MESSAGE][PASSED] - Delayed 1 second(s)

2018-03-06 10:54:45 - [MESSAGE][PASSED] - cupakeysDl.sclstruct.scalestructure is PASSED

2018-03-06 10:54:45 - [TEST_STEP][PASSED] - Statement - (step++): null

2018-03-06 10:54:45 - [TEST_STEP][PASSED] - Statement - iconmap += CustomKeywords.cupakeysDl.iconad.iconadd("helmet", LoadTimeCorrector, step, run, device, timeStamp, iconcount): cupakeysDl.iconad.iconadd is PASSED

2018-03-06 10:54:45 - [MESSAGE][PASSED] - Object: 'Object Repository/CuPaDl/Icons/Icon' is clicked on

2018-03-06 10:54:45 - [MESSAGE][PASSED] - Object 'Object Repository/CuPaDl/Icons/Icon_helmet' is visible

2018-03-06 10:54:45 - [MESSAGE][PASSED] - Object: 'Object Repository/CuPaDl/Icons/Icon_helmet' is clicked on

2018-03-06 10:54:46 - [MESSAGE][PASSED] - Delayed 1 second(s)

2018-03-06 10:54:48 - [MESSAGE][PASSED] - Object 'Object Repository/CuPaDl/Loading_indicator' is visible

2018-03-06 10:54:49 - [MESSAGE][PASSED] - Object 'Object Repository/CuPaDl/Loading_indicator' is NOT visible

2018-03-06 10:54:49 - [MESSAGE][WARNING] - Timeout '0' is invalid. Using default page load timeout: '30'

2018-03-06 10:54:49 - [MESSAGE][PASSED] - Width of element 'Object Repository/CuPaDl/Icons/Reposition_icon' is '40'

2018-03-06 10:54:49 - [MESSAGE][PASSED] - Height of element 'Object Repository/CuPaDl/Icons/Reposition_icon' is '40'.

2018-03-06 10:54:50 - [MESSAGE][PASSED] - Delayed 1 second(s)

2018-03-06 10:54:50 - [MESSAGE][PASSED] - cupakeysDl.iconad.iconadd is PASSED

2018-03-06 10:54:50 - [TEST_STEP][PASSED] - Statement - (step++): null

2018-03-06 10:54:50 - [TEST_STEP][PASSED] - Statement - (iconcount++): null

2018-03-06 10:54:50 - [TEST_STEP][PASSED] - cupakeysDl.iconres.iconresize: cupakeysDl.iconres.iconresize is PASSED

2018-03-06 10:54:50 - [MESSAGE][PASSED] - Object 'Object Repository/CuPaDl/Icons/Reposition_icon' is visible

2018-03-06 10:54:50 - [MESSAGE][PASSED] - Current viewport's left (x) position is 0

2018-03-06 10:54:50 - [MESSAGE][PASSED] - Current viewport's top (y) position is 54

2018-03-06 10:54:50 - [MESSAGE][PASSED] - Dragged object with id 'Object Repository/CuPaDl/Icons/Resize_icon_bottomright' by offset distance x = 125 and y = 179 successfully

2018-03-06 10:54:52 - [MESSAGE][PASSED] - Object 'Object Repository/CuPaDl/Loading_indicator' is visible

2018-03-06 10:54:53 - [MESSAGE][PASSED] - Object 'Object Repository/CuPaDl/Loading_indicator' is NOT visible

2018-03-06 10:54:54 - [MESSAGE][PASSED] - Delayed 1 second(s)

2018-03-06 10:54:54 - [MESSAGE][PASSED] - cupakeysDl.iconres.iconresize is PASSED

2018-03-06 10:54:54 - [TEST_STEP][PASSED] - Statement - (step++): null

2018-03-06 10:54:54 - [TEST_STEP][PASSED] - cupakeysDl.slink.svlink: cupakeysDl.slink.svlink is PASSED

2018-03-06 10:54:54 - [MESSAGE][PASSED] - Scroll to object 'Object Repository/CuPaDl/Save/Save' successfully

2018-03-06 10:54:54 - [MESSAGE][PASSED] - Object: 'Object Repository/CuPaDl/Save/Save' is clicked on

2018-03-06 10:54:54 - [MESSAGE][WARNING] - Timeout '0' is invalid. Using default page load timeout: '30'

2018-03-06 10:54:56 - [MESSAGE][PASSED] - Object 'Object Repository/CuPaDl/Save/CopyLink' is visible

2018-03-06 10:54:56 - [MESSAGE][PASSED] - Attribute 'value' of object 'Object Repository/CuPaDl/Save/Link' is: 'https://d16a4dsnr8a0k1.cloudfront.net/en/2455233.html?scupaId=BzEjJxNcUSAtNXo0RURA'

2018-03-06 10:54:56 - [MESSAGE][PASSED] - cupakeysDl.slink.svlink is PASSED

2018-03-06 10:54:56 - [TEST_STEP][PASSED] - cupakeysDl.endsession.finishsession: cupakeysDl.endsession.finishsession is PASSED

2018-03-06 10:54:59 - [MESSAGE][PASSED] - Delayed 3 second(s)

2018-03-06 10:55:00 - [MESSAGE][PASSED] - Browser is closed

2018-03-06 10:55:00 - [MESSAGE][PASSED] - cupakeysDl.endsession.finishsession is PASSED]]></system-out>
         <system-err><![CDATA[]]></system-err>
      </testcase>
      <testcase name="Test Cases/CuPaStefanie/21" classname="Test Cases/CuPaStefanie/21" status="PASSED">
         <system-out><![CDATA[2018-03-06 10:55:00 - [TEST_CASE][PASSED] - Test Cases/CuPaStefanie/21: Test Cases/CuPaStefanie/21

2018-03-06 10:55:00 - [TEST_STEP][PASSED] - Statement - timeStamp = new java.text.SimpleDateFormat(dd.MM.yyyy).format(java.util.Calendar.getInstance().getTime()): null

2018-03-06 10:55:00 - [TEST_STEP][PASSED] - Statement - timeStampScreenshot = new java.text.SimpleDateFormat(dd.MM.yyyy).format(java.util.Calendar.getInstance().getTime()): null

2018-03-06 10:55:00 - [TEST_STEP][PASSED] - Statement - iconmap = [:]: null

2018-03-06 10:55:00 - [TEST_STEP][PASSED] - Statement - txtmap = [:]: null

2018-03-06 10:55:00 - [TEST_STEP][PASSED] - Statement - signmap = [:]: null

2018-03-06 10:55:00 - [TEST_STEP][PASSED] - cupakeysDl.initStart.initialStart: cupakeysDl.initStart.initialStart is PASSED

2018-03-06 10:55:02 - [MESSAGE][PASSED] - Browser is opened with url: ''

2018-03-06 10:55:05 - [MESSAGE][PASSED] - Delayed 3 second(s)

2018-03-06 10:55:06 - [MESSAGE][PASSED] - Navigate to 'https://d16a4dsnr8a0k1.cloudfront.net/en/2455233.html?price=150.00%20%E2%82%AC&partName=wilsonPartName&vin=wilsonVin&modelCode=XP11&paint=P0A94&modelDescription=wilsonModelDescription&additionalEquipment=wilsonAdditionalEquipment' successfully

2018-03-06 10:55:06 - [MESSAGE][PASSED] - Object 'Object Repository/CuPaDl/Loading_indicator' is visible

2018-03-06 10:55:16 - [MESSAGE][PASSED] - Object 'Object Repository/CuPaDl/Loading_indicator' is NOT visible

2018-03-06 10:55:17 - [MESSAGE][PASSED] - Delayed 1 second(s)

2018-03-06 10:55:17 - [MESSAGE][PASSED] - cupakeysDl.initStart.initialStart is PASSED

2018-03-06 10:55:17 - [TEST_STEP][PASSED] - Statement - (step++): null

2018-03-06 10:55:17 - [TEST_STEP][PASSED] - cupakeysDl.color.changecolor: cupakeysDl.color.changecolor is PASSED

2018-03-06 10:55:17 - [MESSAGE][PASSED] - Object 'Object Repository/CuPaDl/Color/Color' is visible

2018-03-06 10:55:17 - [MESSAGE][PASSED] - Object: 'Object Repository/CuPaDl/Color/Color' is clicked on

2018-03-06 10:55:18 - [MESSAGE][PASSED] - Delayed 1 second(s)

2018-03-06 10:55:18 - [MESSAGE][PASSED] - Object 'Object Repository/CuPaDl/Color/Color_lapisblue' is visible

2018-03-06 10:55:18 - [MESSAGE][PASSED] - Object: 'Object Repository/CuPaDl/Color/Color_lapisblue' is clicked on

2018-03-06 10:55:18 - [MESSAGE][WARNING] - Timeout '0' is invalid. Using default page load timeout: '30'

2018-03-06 10:55:18 - [MESSAGE][PASSED] - Object 'Object Repository/CuPaDl/Color/Color_lapisblue' is visible

2018-03-06 10:55:19 - [MESSAGE][PASSED] - Delayed 1 second(s)

2018-03-06 10:55:20 - [MESSAGE][PASSED] - Object: 'Object Repository/CuPaDl/Color/Color_lapisblue' is clicked on

2018-03-06 10:55:23 - [MESSAGE][WARNING] - Object 'Object Repository/CuPaDl/Loading_indicator' is not visible after 3 second(s)

2018-03-06 10:55:24 - [MESSAGE][PASSED] - Delayed 1 second(s)

2018-03-06 10:55:24 - [MESSAGE][PASSED] - cupakeysDl.color.changecolor is PASSED

2018-03-06 10:55:24 - [TEST_STEP][PASSED] - Statement - (step++): null

2018-03-06 10:55:24 - [TEST_STEP][PASSED] - cupakeysDl.chngstruct.changestructure: cupakeysDl.chngstruct.changestructure is PASSED

2018-03-06 10:55:24 - [MESSAGE][PASSED] - Object: 'Object Repository/CuPaDl/Structure/Structure' is clicked on

2018-03-06 10:55:24 - [MESSAGE][WARNING] - Timeout '0' is invalid. Using default page load timeout: '30'

2018-03-06 10:55:24 - [MESSAGE][PASSED] - Object 'Object Repository/CuPaDl/Structure/Structure_Hahnentritt' is visible

2018-03-06 10:55:24 - [MESSAGE][PASSED] - Object 'Object Repository/CuPaDl/Structure/Structure_fadedotscircular' is visible

2018-03-06 10:55:24 - [MESSAGE][PASSED] - Object: 'Object Repository/CuPaDl/Structure/Structure_fadedotscircular' is clicked on

2018-03-06 10:55:25 - [MESSAGE][PASSED] - Object 'Object Repository/CuPaDl/Loading_indicator' is visible

2018-03-06 10:55:29 - [MESSAGE][PASSED] - Object 'Object Repository/CuPaDl/Loading_indicator' is NOT visible

2018-03-06 10:55:30 - [MESSAGE][PASSED] - Delayed 1 second(s)

2018-03-06 10:55:30 - [MESSAGE][PASSED] - cupakeysDl.chngstruct.changestructure is PASSED

2018-03-06 10:55:30 - [TEST_STEP][PASSED] - Statement - (step++): null

2018-03-06 10:55:30 - [TEST_STEP][PASSED] - cupakeysDl.sclstruct.scalestructure: cupakeysDl.sclstruct.scalestructure is PASSED

2018-03-06 10:55:33 - [MESSAGE][WARNING] - Object 'Object Repository/CuPaDl/Structure/Resize_Structure_bottomright' is not visible after 3 second(s)

2018-03-06 10:55:33 - [MESSAGE][PASSED] - Object: 'Object Repository/CuPaDl/Structure/Resize_Structure' is clicked on

2018-03-06 10:55:33 - [MESSAGE][WARNING] - Timeout '0' is invalid. Using default page load timeout: '30'

2018-03-06 10:55:33 - [MESSAGE][PASSED] - Object 'Object Repository/CuPaDl/Structure/Resize_Structure_bottomright' is visible

2018-03-06 10:55:34 - [MESSAGE][PASSED] - Delayed 1 second(s)

2018-03-06 10:55:34 - [MESSAGE][PASSED] - Current viewport's left (x) position is 0

2018-03-06 10:55:34 - [MESSAGE][PASSED] - Current viewport's top (y) position is 54

2018-03-06 10:55:34 - [MESSAGE][PASSED] - Dragged object with id 'Object Repository/CuPaDl/Structure/Resize_Structure_bottomright' by offset distance x = -225 and y = -171 successfully

2018-03-06 10:55:35 - [MESSAGE][PASSED] - Object 'Object Repository/CuPaDl/Loading_indicator' is visible

2018-03-06 10:55:38 - [MESSAGE][PASSED] - Object 'Object Repository/CuPaDl/Loading_indicator' is NOT visible

2018-03-06 10:55:39 - [MESSAGE][PASSED] - Delayed 1 second(s)

2018-03-06 10:55:39 - [MESSAGE][PASSED] - cupakeysDl.sclstruct.scalestructure is PASSED

2018-03-06 10:55:39 - [TEST_STEP][PASSED] - Statement - (step++): null

2018-03-06 10:55:39 - [TEST_STEP][PASSED] - Statement - iconmap += CustomKeywords.cupakeysDl.iconad.iconadd("longboard", LoadTimeCorrector, step, run, device, timeStamp, iconcount): cupakeysDl.iconad.iconadd is PASSED

2018-03-06 10:55:39 - [MESSAGE][PASSED] - Object: 'Object Repository/CuPaDl/Icons/Icon' is clicked on

2018-03-06 10:55:39 - [MESSAGE][PASSED] - Object 'Object Repository/CuPaDl/Icons/Icon_longboard' is visible

2018-03-06 10:55:39 - [MESSAGE][PASSED] - Object: 'Object Repository/CuPaDl/Icons/Icon_longboard' is clicked on

2018-03-06 10:55:40 - [MESSAGE][PASSED] - Delayed 1 second(s)

2018-03-06 10:55:40 - [MESSAGE][PASSED] - Object 'Object Repository/CuPaDl/Loading_indicator' is visible

2018-03-06 10:55:46 - [MESSAGE][PASSED] - Object 'Object Repository/CuPaDl/Loading_indicator' is NOT visible

2018-03-06 10:55:46 - [MESSAGE][WARNING] - Timeout '0' is invalid. Using default page load timeout: '30'

2018-03-06 10:55:47 - [MESSAGE][PASSED] - Width of element 'Object Repository/CuPaDl/Icons/Reposition_icon' is '40'

2018-03-06 10:55:47 - [MESSAGE][PASSED] - Height of element 'Object Repository/CuPaDl/Icons/Reposition_icon' is '40'.

2018-03-06 10:55:48 - [MESSAGE][PASSED] - Delayed 1 second(s)

2018-03-06 10:55:48 - [MESSAGE][PASSED] - cupakeysDl.iconad.iconadd is PASSED

2018-03-06 10:55:48 - [TEST_STEP][PASSED] - Statement - (step++): null

2018-03-06 10:55:48 - [TEST_STEP][PASSED] - Statement - (iconcount++): null

2018-03-06 10:55:48 - [TEST_STEP][PASSED] - cupakeysDl.iconres.iconresize: cupakeysDl.iconres.iconresize is PASSED

2018-03-06 10:55:48 - [MESSAGE][PASSED] - Object 'Object Repository/CuPaDl/Icons/Reposition_icon' is visible

2018-03-06 10:55:48 - [MESSAGE][PASSED] - Current viewport's left (x) position is 0

2018-03-06 10:55:48 - [MESSAGE][PASSED] - Current viewport's top (y) position is 54

2018-03-06 10:55:48 - [MESSAGE][PASSED] - Dragged object with id 'Object Repository/CuPaDl/Icons/Resize_icon_bottomright' by offset distance x = -125 and y = -71 successfully

2018-03-06 10:55:49 - [MESSAGE][PASSED] - Object 'Object Repository/CuPaDl/Loading_indicator' is visible

2018-03-06 10:55:58 - [MESSAGE][PASSED] - Object 'Object Repository/CuPaDl/Loading_indicator' is NOT visible

2018-03-06 10:55:59 - [MESSAGE][PASSED] - Delayed 1 second(s)

2018-03-06 10:55:59 - [MESSAGE][PASSED] - cupakeysDl.iconres.iconresize is PASSED

2018-03-06 10:55:59 - [TEST_STEP][PASSED] - Statement - (step++): null

2018-03-06 10:55:59 - [TEST_STEP][PASSED] - cupakeysDl.slink.svlink: cupakeysDl.slink.svlink is PASSED

2018-03-06 10:55:59 - [MESSAGE][PASSED] - Scroll to object 'Object Repository/CuPaDl/Save/Save' successfully

2018-03-06 10:55:59 - [MESSAGE][PASSED] - Object: 'Object Repository/CuPaDl/Save/Save' is clicked on

2018-03-06 10:55:59 - [MESSAGE][WARNING] - Timeout '0' is invalid. Using default page load timeout: '30'

2018-03-06 10:56:01 - [MESSAGE][PASSED] - Object 'Object Repository/CuPaDl/Save/CopyLink' is visible

2018-03-06 10:56:01 - [MESSAGE][PASSED] - Attribute 'value' of object 'Object Repository/CuPaDl/Save/Link' is: 'https://d16a4dsnr8a0k1.cloudfront.net/en/2455233.html?scupaId=HzMjURY1JVAnUHo0RURC'

2018-03-06 10:56:01 - [MESSAGE][PASSED] - cupakeysDl.slink.svlink is PASSED

2018-03-06 10:56:01 - [TEST_STEP][PASSED] - cupakeysDl.endsession.finishsession: cupakeysDl.endsession.finishsession is PASSED

2018-03-06 10:56:04 - [MESSAGE][PASSED] - Delayed 3 second(s)

2018-03-06 10:56:05 - [MESSAGE][PASSED] - Browser is closed

2018-03-06 10:56:05 - [MESSAGE][PASSED] - cupakeysDl.endsession.finishsession is PASSED]]></system-out>
         <system-err><![CDATA[]]></system-err>
      </testcase>
      <testcase name="Test Cases/CuPaStefanie/22" classname="Test Cases/CuPaStefanie/22" status="PASSED">
         <system-out><![CDATA[2018-03-06 10:56:05 - [TEST_CASE][PASSED] - Test Cases/CuPaStefanie/22: Test Cases/CuPaStefanie/22

2018-03-06 10:56:05 - [TEST_STEP][PASSED] - Statement - timeStamp = new java.text.SimpleDateFormat(dd.MM.yyyy).format(java.util.Calendar.getInstance().getTime()): null

2018-03-06 10:56:05 - [TEST_STEP][PASSED] - Statement - timeStampScreenshot = new java.text.SimpleDateFormat(dd.MM.yyyy).format(java.util.Calendar.getInstance().getTime()): null

2018-03-06 10:56:05 - [TEST_STEP][PASSED] - Statement - iconmap = [:]: null

2018-03-06 10:56:05 - [TEST_STEP][PASSED] - Statement - txtmap = [:]: null

2018-03-06 10:56:05 - [TEST_STEP][PASSED] - Statement - signmap = [:]: null

2018-03-06 10:56:05 - [TEST_STEP][PASSED] - cupakeysDl.initStart.initialStart: cupakeysDl.initStart.initialStart is PASSED

2018-03-06 10:56:07 - [MESSAGE][PASSED] - Browser is opened with url: ''

2018-03-06 10:56:10 - [MESSAGE][PASSED] - Delayed 3 second(s)

2018-03-06 10:56:11 - [MESSAGE][PASSED] - Navigate to 'https://d16a4dsnr8a0k1.cloudfront.net/en/2455233.html?price=150.00%20%E2%82%AC&partName=wilsonPartName&vin=wilsonVin&modelCode=XP11&paint=P0A94&modelDescription=wilsonModelDescription&additionalEquipment=wilsonAdditionalEquipment' successfully

2018-03-06 10:56:11 - [MESSAGE][PASSED] - Object 'Object Repository/CuPaDl/Loading_indicator' is visible

2018-03-06 10:56:21 - [MESSAGE][PASSED] - Object 'Object Repository/CuPaDl/Loading_indicator' is NOT visible

2018-03-06 10:56:22 - [MESSAGE][PASSED] - Delayed 1 second(s)

2018-03-06 10:56:22 - [MESSAGE][PASSED] - cupakeysDl.initStart.initialStart is PASSED

2018-03-06 10:56:22 - [TEST_STEP][PASSED] - Statement - (step++): null

2018-03-06 10:56:22 - [TEST_STEP][PASSED] - cupakeysDl.color.changecolor: cupakeysDl.color.changecolor is PASSED

2018-03-06 10:56:22 - [MESSAGE][PASSED] - Object 'Object Repository/CuPaDl/Color/Color' is visible

2018-03-06 10:56:22 - [MESSAGE][PASSED] - Object: 'Object Repository/CuPaDl/Color/Color' is clicked on

2018-03-06 10:56:23 - [MESSAGE][PASSED] - Delayed 1 second(s)

2018-03-06 10:56:23 - [MESSAGE][PASSED] - Object 'Object Repository/CuPaDl/Color/Color_lapisblue' is visible

2018-03-06 10:56:23 - [MESSAGE][PASSED] - Object: 'Object Repository/CuPaDl/Color/Color_lapisblue' is clicked on

2018-03-06 10:56:23 - [MESSAGE][WARNING] - Timeout '0' is invalid. Using default page load timeout: '30'

2018-03-06 10:56:23 - [MESSAGE][PASSED] - Object 'Object Repository/CuPaDl/Color/Color_lapisblue' is visible

2018-03-06 10:56:24 - [MESSAGE][PASSED] - Delayed 1 second(s)

2018-03-06 10:56:25 - [MESSAGE][PASSED] - Object: 'Object Repository/CuPaDl/Color/Color_lapisblue' is clicked on

2018-03-06 10:56:28 - [MESSAGE][WARNING] - Object 'Object Repository/CuPaDl/Loading_indicator' is not visible after 3 second(s)

2018-03-06 10:56:29 - [MESSAGE][PASSED] - Delayed 1 second(s)

2018-03-06 10:56:29 - [MESSAGE][PASSED] - cupakeysDl.color.changecolor is PASSED

2018-03-06 10:56:29 - [TEST_STEP][PASSED] - Statement - (step++): null

2018-03-06 10:56:29 - [TEST_STEP][PASSED] - cupakeysDl.chngstruct.changestructure: cupakeysDl.chngstruct.changestructure is PASSED

2018-03-06 10:56:29 - [MESSAGE][PASSED] - Object: 'Object Repository/CuPaDl/Structure/Structure' is clicked on

2018-03-06 10:56:29 - [MESSAGE][WARNING] - Timeout '0' is invalid. Using default page load timeout: '30'

2018-03-06 10:56:29 - [MESSAGE][PASSED] - Object 'Object Repository/CuPaDl/Structure/Structure_Hahnentritt' is visible

2018-03-06 10:56:29 - [MESSAGE][PASSED] - Object 'Object Repository/CuPaDl/Structure/Structure_fadedotscircular' is visible

2018-03-06 10:56:29 - [MESSAGE][PASSED] - Object: 'Object Repository/CuPaDl/Structure/Structure_fadedotscircular' is clicked on

2018-03-06 10:56:30 - [MESSAGE][PASSED] - Object 'Object Repository/CuPaDl/Loading_indicator' is visible

2018-03-06 10:56:33 - [MESSAGE][PASSED] - Object 'Object Repository/CuPaDl/Loading_indicator' is NOT visible

2018-03-06 10:56:34 - [MESSAGE][PASSED] - Delayed 1 second(s)

2018-03-06 10:56:34 - [MESSAGE][PASSED] - cupakeysDl.chngstruct.changestructure is PASSED

2018-03-06 10:56:34 - [TEST_STEP][PASSED] - Statement - (step++): null

2018-03-06 10:56:34 - [TEST_STEP][PASSED] - cupakeysDl.sclstruct.scalestructure: cupakeysDl.sclstruct.scalestructure is PASSED

2018-03-06 10:56:38 - [MESSAGE][WARNING] - Object 'Object Repository/CuPaDl/Structure/Resize_Structure_bottomright' is not visible after 3 second(s)

2018-03-06 10:56:38 - [MESSAGE][PASSED] - Object: 'Object Repository/CuPaDl/Structure/Resize_Structure' is clicked on

2018-03-06 10:56:38 - [MESSAGE][WARNING] - Timeout '0' is invalid. Using default page load timeout: '30'

2018-03-06 10:56:38 - [MESSAGE][PASSED] - Object 'Object Repository/CuPaDl/Structure/Resize_Structure_bottomright' is visible

2018-03-06 10:56:39 - [MESSAGE][PASSED] - Delayed 1 second(s)

2018-03-06 10:56:39 - [MESSAGE][PASSED] - Current viewport's left (x) position is 0

2018-03-06 10:56:39 - [MESSAGE][PASSED] - Current viewport's top (y) position is 54

2018-03-06 10:56:39 - [MESSAGE][PASSED] - Dragged object with id 'Object Repository/CuPaDl/Structure/Resize_Structure_bottomright' by offset distance x = 225 and y = 279 successfully

2018-03-06 10:56:39 - [MESSAGE][PASSED] - Object 'Object Repository/CuPaDl/Loading_indicator' is visible

2018-03-06 10:56:43 - [MESSAGE][PASSED] - Object 'Object Repository/CuPaDl/Loading_indicator' is NOT visible

2018-03-06 10:56:44 - [MESSAGE][PASSED] - Delayed 1 second(s)

2018-03-06 10:56:44 - [MESSAGE][PASSED] - cupakeysDl.sclstruct.scalestructure is PASSED

2018-03-06 10:56:44 - [TEST_STEP][PASSED] - Statement - (step++): null

2018-03-06 10:56:44 - [TEST_STEP][PASSED] - Statement - iconmap += CustomKeywords.cupakeysDl.iconad.iconadd("longboard", LoadTimeCorrector, step, run, device, timeStamp, iconcount): cupakeysDl.iconad.iconadd is PASSED

2018-03-06 10:56:44 - [MESSAGE][PASSED] - Object: 'Object Repository/CuPaDl/Icons/Icon' is clicked on

2018-03-06 10:56:44 - [MESSAGE][PASSED] - Object 'Object Repository/CuPaDl/Icons/Icon_longboard' is visible

2018-03-06 10:56:44 - [MESSAGE][PASSED] - Object: 'Object Repository/CuPaDl/Icons/Icon_longboard' is clicked on

2018-03-06 10:56:45 - [MESSAGE][PASSED] - Delayed 1 second(s)

2018-03-06 10:56:45 - [MESSAGE][PASSED] - Object 'Object Repository/CuPaDl/Loading_indicator' is visible

2018-03-06 10:56:51 - [MESSAGE][PASSED] - Object 'Object Repository/CuPaDl/Loading_indicator' is NOT visible

2018-03-06 10:56:51 - [MESSAGE][WARNING] - Timeout '0' is invalid. Using default page load timeout: '30'

2018-03-06 10:56:51 - [MESSAGE][PASSED] - Width of element 'Object Repository/CuPaDl/Icons/Reposition_icon' is '40'

2018-03-06 10:56:51 - [MESSAGE][PASSED] - Height of element 'Object Repository/CuPaDl/Icons/Reposition_icon' is '40'.

2018-03-06 10:56:52 - [MESSAGE][PASSED] - Delayed 1 second(s)

2018-03-06 10:56:52 - [MESSAGE][PASSED] - cupakeysDl.iconad.iconadd is PASSED

2018-03-06 10:56:52 - [TEST_STEP][PASSED] - Statement - (step++): null

2018-03-06 10:56:52 - [TEST_STEP][PASSED] - Statement - (iconcount++): null

2018-03-06 10:56:52 - [TEST_STEP][PASSED] - cupakeysDl.iconres.iconresize: cupakeysDl.iconres.iconresize is PASSED

2018-03-06 10:56:52 - [MESSAGE][PASSED] - Object 'Object Repository/CuPaDl/Icons/Reposition_icon' is visible

2018-03-06 10:56:52 - [MESSAGE][PASSED] - Current viewport's left (x) position is 0

2018-03-06 10:56:52 - [MESSAGE][PASSED] - Current viewport's top (y) position is 54

2018-03-06 10:56:52 - [MESSAGE][PASSED] - Dragged object with id 'Object Repository/CuPaDl/Icons/Resize_icon_bottomright' by offset distance x = 125 and y = 179 successfully

2018-03-06 10:56:53 - [MESSAGE][PASSED] - Object 'Object Repository/CuPaDl/Loading_indicator' is visible

2018-03-06 10:56:58 - [MESSAGE][PASSED] - Object 'Object Repository/CuPaDl/Loading_indicator' is NOT visible

2018-03-06 10:56:59 - [MESSAGE][PASSED] - Delayed 1 second(s)

2018-03-06 10:56:59 - [MESSAGE][PASSED] - cupakeysDl.iconres.iconresize is PASSED

2018-03-06 10:56:59 - [TEST_STEP][PASSED] - Statement - (step++): null

2018-03-06 10:56:59 - [TEST_STEP][PASSED] - cupakeysDl.slink.svlink: cupakeysDl.slink.svlink is PASSED

2018-03-06 10:56:59 - [MESSAGE][PASSED] - Scroll to object 'Object Repository/CuPaDl/Save/Save' successfully

2018-03-06 10:56:59 - [MESSAGE][PASSED] - Object: 'Object Repository/CuPaDl/Save/Save' is clicked on

2018-03-06 10:56:59 - [MESSAGE][WARNING] - Timeout '0' is invalid. Using default page load timeout: '30'

2018-03-06 10:57:01 - [MESSAGE][PASSED] - Object 'Object Repository/CuPaDl/Save/CopyLink' is visible

2018-03-06 10:57:01 - [MESSAGE][PASSED] - Attribute 'value' of object 'Object Repository/CuPaDl/Save/Link' is: 'https://d16a4dsnr8a0k1.cloudfront.net/en/2455233.html?scupaId=DTwmUXQsWz0vNno0RURC'

2018-03-06 10:57:01 - [MESSAGE][PASSED] - cupakeysDl.slink.svlink is PASSED

2018-03-06 10:57:01 - [TEST_STEP][PASSED] - cupakeysDl.endsession.finishsession: cupakeysDl.endsession.finishsession is PASSED

2018-03-06 10:57:04 - [MESSAGE][PASSED] - Delayed 3 second(s)

2018-03-06 10:57:05 - [MESSAGE][PASSED] - Browser is closed

2018-03-06 10:57:05 - [MESSAGE][PASSED] - cupakeysDl.endsession.finishsession is PASSED]]></system-out>
         <system-err><![CDATA[]]></system-err>
      </testcase>
      <testcase name="Test Cases/CuPaStefanie/23" classname="Test Cases/CuPaStefanie/23" status="PASSED">
         <system-out><![CDATA[2018-03-06 10:57:05 - [TEST_CASE][PASSED] - Test Cases/CuPaStefanie/23: Test Cases/CuPaStefanie/23

2018-03-06 10:57:05 - [TEST_STEP][PASSED] - Statement - timeStamp = new java.text.SimpleDateFormat(dd.MM.yyyy).format(java.util.Calendar.getInstance().getTime()): null

2018-03-06 10:57:05 - [TEST_STEP][PASSED] - Statement - timeStampScreenshot = new java.text.SimpleDateFormat(dd.MM.yyyy).format(java.util.Calendar.getInstance().getTime()): null

2018-03-06 10:57:05 - [TEST_STEP][PASSED] - Statement - iconmap = [:]: null

2018-03-06 10:57:05 - [TEST_STEP][PASSED] - Statement - txtmap = [:]: null

2018-03-06 10:57:05 - [TEST_STEP][PASSED] - Statement - signmap = [:]: null

2018-03-06 10:57:05 - [TEST_STEP][PASSED] - cupakeysDl.initStart.initialStart: cupakeysDl.initStart.initialStart is PASSED

2018-03-06 10:57:07 - [MESSAGE][PASSED] - Browser is opened with url: ''

2018-03-06 10:57:10 - [MESSAGE][PASSED] - Delayed 3 second(s)

2018-03-06 10:57:11 - [MESSAGE][PASSED] - Navigate to 'https://d16a4dsnr8a0k1.cloudfront.net/en/2455233.html?price=150.00%20%E2%82%AC&partName=wilsonPartName&vin=wilsonVin&modelCode=XP11&paint=P0A94&modelDescription=wilsonModelDescription&additionalEquipment=wilsonAdditionalEquipment' successfully

2018-03-06 10:57:11 - [MESSAGE][PASSED] - Object 'Object Repository/CuPaDl/Loading_indicator' is visible

2018-03-06 10:57:20 - [MESSAGE][PASSED] - Object 'Object Repository/CuPaDl/Loading_indicator' is NOT visible

2018-03-06 10:57:21 - [MESSAGE][PASSED] - Delayed 1 second(s)

2018-03-06 10:57:21 - [MESSAGE][PASSED] - cupakeysDl.initStart.initialStart is PASSED

2018-03-06 10:57:21 - [TEST_STEP][PASSED] - Statement - (step++): null

2018-03-06 10:57:21 - [TEST_STEP][PASSED] - cupakeysDl.color.changecolor: cupakeysDl.color.changecolor is PASSED

2018-03-06 10:57:21 - [MESSAGE][PASSED] - Object 'Object Repository/CuPaDl/Color/Color' is visible

2018-03-06 10:57:21 - [MESSAGE][PASSED] - Object: 'Object Repository/CuPaDl/Color/Color' is clicked on

2018-03-06 10:57:22 - [MESSAGE][PASSED] - Delayed 1 second(s)

2018-03-06 10:57:22 - [MESSAGE][PASSED] - Object 'Object Repository/CuPaDl/Color/Color_caribeanaqua' is visible

2018-03-06 10:57:22 - [MESSAGE][PASSED] - Object: 'Object Repository/CuPaDl/Color/Color_caribeanaqua' is clicked on

2018-03-06 10:57:22 - [MESSAGE][WARNING] - Timeout '0' is invalid. Using default page load timeout: '30'

2018-03-06 10:57:22 - [MESSAGE][PASSED] - Object 'Object Repository/CuPaDl/Color/Color_caribeanaqua' is visible

2018-03-06 10:57:23 - [MESSAGE][PASSED] - Delayed 1 second(s)

2018-03-06 10:57:24 - [MESSAGE][PASSED] - Object: 'Object Repository/CuPaDl/Color/Color_caribeanaqua' is clicked on

2018-03-06 10:57:24 - [MESSAGE][PASSED] - Object 'Object Repository/CuPaDl/Loading_indicator' is visible

2018-03-06 10:57:26 - [MESSAGE][PASSED] - Object 'Object Repository/CuPaDl/Loading_indicator' is NOT visible

2018-03-06 10:57:27 - [MESSAGE][PASSED] - Delayed 1 second(s)

2018-03-06 10:57:27 - [MESSAGE][PASSED] - cupakeysDl.color.changecolor is PASSED

2018-03-06 10:57:27 - [TEST_STEP][PASSED] - Statement - (step++): null

2018-03-06 10:57:27 - [TEST_STEP][PASSED] - cupakeysDl.chngstruct.changestructure: cupakeysDl.chngstruct.changestructure is PASSED

2018-03-06 10:57:27 - [MESSAGE][PASSED] - Object: 'Object Repository/CuPaDl/Structure/Structure' is clicked on

2018-03-06 10:57:27 - [MESSAGE][WARNING] - Timeout '0' is invalid. Using default page load timeout: '30'

2018-03-06 10:57:27 - [MESSAGE][PASSED] - Object 'Object Repository/CuPaDl/Structure/Structure_Hahnentritt' is visible

2018-03-06 10:57:27 - [MESSAGE][PASSED] - Object 'Object Repository/CuPaDl/Structure/Structure_fadechessboard' is visible

2018-03-06 10:57:27 - [MESSAGE][PASSED] - Object: 'Object Repository/CuPaDl/Structure/Structure_fadechessboard' is clicked on

2018-03-06 10:57:29 - [MESSAGE][PASSED] - Object 'Object Repository/CuPaDl/Loading_indicator' is visible

2018-03-06 10:57:30 - [MESSAGE][PASSED] - Object 'Object Repository/CuPaDl/Loading_indicator' is NOT visible

2018-03-06 10:57:31 - [MESSAGE][PASSED] - Delayed 1 second(s)

2018-03-06 10:57:31 - [MESSAGE][PASSED] - cupakeysDl.chngstruct.changestructure is PASSED

2018-03-06 10:57:31 - [TEST_STEP][PASSED] - Statement - (step++): null

2018-03-06 10:57:31 - [TEST_STEP][PASSED] - cupakeysDl.sclstruct.scalestructure: cupakeysDl.sclstruct.scalestructure is PASSED

2018-03-06 10:57:34 - [MESSAGE][WARNING] - Object 'Object Repository/CuPaDl/Structure/Resize_Structure_bottomright' is not visible after 3 second(s)

2018-03-06 10:57:34 - [MESSAGE][PASSED] - Object: 'Object Repository/CuPaDl/Structure/Resize_Structure' is clicked on

2018-03-06 10:57:34 - [MESSAGE][WARNING] - Timeout '0' is invalid. Using default page load timeout: '30'

2018-03-06 10:57:34 - [MESSAGE][PASSED] - Object 'Object Repository/CuPaDl/Structure/Resize_Structure_bottomright' is visible

2018-03-06 10:57:35 - [MESSAGE][PASSED] - Delayed 1 second(s)

2018-03-06 10:57:35 - [MESSAGE][PASSED] - Current viewport's left (x) position is 0

2018-03-06 10:57:35 - [MESSAGE][PASSED] - Current viewport's top (y) position is 54

2018-03-06 10:57:35 - [MESSAGE][PASSED] - Dragged object with id 'Object Repository/CuPaDl/Structure/Resize_Structure_bottomright' by offset distance x = -225 and y = -171 successfully

2018-03-06 10:57:37 - [MESSAGE][PASSED] - Object 'Object Repository/CuPaDl/Loading_indicator' is visible

2018-03-06 10:57:38 - [MESSAGE][PASSED] - Object 'Object Repository/CuPaDl/Loading_indicator' is NOT visible

2018-03-06 10:57:39 - [MESSAGE][PASSED] - Delayed 1 second(s)

2018-03-06 10:57:39 - [MESSAGE][PASSED] - cupakeysDl.sclstruct.scalestructure is PASSED

2018-03-06 10:57:39 - [TEST_STEP][PASSED] - Statement - (step++): null

2018-03-06 10:57:39 - [TEST_STEP][PASSED] - Statement - iconmap += CustomKeywords.cupakeysDl.iconad.iconadd("surf", LoadTimeCorrector, step, run, device, timeStamp, iconcount): cupakeysDl.iconad.iconadd is PASSED

2018-03-06 10:57:39 - [MESSAGE][PASSED] - Object: 'Object Repository/CuPaDl/Icons/Icon' is clicked on

2018-03-06 10:57:39 - [MESSAGE][PASSED] - Object 'Object Repository/CuPaDl/Icons/Icon_surf' is visible

2018-03-06 10:57:39 - [MESSAGE][PASSED] - Object: 'Object Repository/CuPaDl/Icons/Icon_surf' is clicked on

2018-03-06 10:57:40 - [MESSAGE][PASSED] - Delayed 1 second(s)

2018-03-06 10:57:41 - [MESSAGE][PASSED] - Object 'Object Repository/CuPaDl/Loading_indicator' is visible

2018-03-06 10:57:42 - [MESSAGE][PASSED] - Object 'Object Repository/CuPaDl/Loading_indicator' is NOT visible

2018-03-06 10:57:42 - [MESSAGE][WARNING] - Timeout '0' is invalid. Using default page load timeout: '30'

2018-03-06 10:57:42 - [MESSAGE][PASSED] - Width of element 'Object Repository/CuPaDl/Icons/Reposition_icon' is '40'

2018-03-06 10:57:42 - [MESSAGE][PASSED] - Height of element 'Object Repository/CuPaDl/Icons/Reposition_icon' is '40'.

2018-03-06 10:57:43 - [MESSAGE][PASSED] - Delayed 1 second(s)

2018-03-06 10:57:43 - [MESSAGE][PASSED] - cupakeysDl.iconad.iconadd is PASSED

2018-03-06 10:57:43 - [TEST_STEP][PASSED] - Statement - (step++): null

2018-03-06 10:57:43 - [TEST_STEP][PASSED] - Statement - (iconcount++): null

2018-03-06 10:57:43 - [TEST_STEP][PASSED] - cupakeysDl.iconres.iconresize: cupakeysDl.iconres.iconresize is PASSED

2018-03-06 10:57:43 - [MESSAGE][PASSED] - Object 'Object Repository/CuPaDl/Icons/Reposition_icon' is visible

2018-03-06 10:57:43 - [MESSAGE][PASSED] - Current viewport's left (x) position is 0

2018-03-06 10:57:43 - [MESSAGE][PASSED] - Current viewport's top (y) position is 54

2018-03-06 10:57:43 - [MESSAGE][PASSED] - Dragged object with id 'Object Repository/CuPaDl/Icons/Resize_icon_bottomright' by offset distance x = -125 and y = -71 successfully

2018-03-06 10:57:45 - [MESSAGE][PASSED] - Object 'Object Repository/CuPaDl/Loading_indicator' is visible

2018-03-06 10:57:46 - [MESSAGE][PASSED] - Object 'Object Repository/CuPaDl/Loading_indicator' is NOT visible

2018-03-06 10:57:47 - [MESSAGE][PASSED] - Delayed 1 second(s)

2018-03-06 10:57:47 - [MESSAGE][PASSED] - cupakeysDl.iconres.iconresize is PASSED

2018-03-06 10:57:47 - [TEST_STEP][PASSED] - Statement - (step++): null

2018-03-06 10:57:47 - [TEST_STEP][PASSED] - cupakeysDl.slink.svlink: cupakeysDl.slink.svlink is PASSED

2018-03-06 10:57:47 - [MESSAGE][PASSED] - Scroll to object 'Object Repository/CuPaDl/Save/Save' successfully

2018-03-06 10:57:48 - [MESSAGE][PASSED] - Object: 'Object Repository/CuPaDl/Save/Save' is clicked on

2018-03-06 10:57:48 - [MESSAGE][WARNING] - Timeout '0' is invalid. Using default page load timeout: '30'

2018-03-06 10:57:49 - [MESSAGE][PASSED] - Object 'Object Repository/CuPaDl/Save/CopyLink' is visible

2018-03-06 10:57:49 - [MESSAGE][PASSED] - Attribute 'value' of object 'Object Repository/CuPaDl/Save/Link' is: 'https://d16a4dsnr8a0k1.cloudfront.net/en/2455233.html?scupaId=Dl0lIW0kWDI5XXo0RURM'

2018-03-06 10:57:49 - [MESSAGE][PASSED] - cupakeysDl.slink.svlink is PASSED

2018-03-06 10:57:49 - [TEST_STEP][PASSED] - cupakeysDl.endsession.finishsession: cupakeysDl.endsession.finishsession is PASSED

2018-03-06 10:57:52 - [MESSAGE][PASSED] - Delayed 3 second(s)

2018-03-06 10:57:53 - [MESSAGE][PASSED] - Browser is closed

2018-03-06 10:57:53 - [MESSAGE][PASSED] - cupakeysDl.endsession.finishsession is PASSED]]></system-out>
         <system-err><![CDATA[]]></system-err>
      </testcase>
      <testcase name="Test Cases/CuPaStefanie/24" classname="Test Cases/CuPaStefanie/24" status="PASSED">
         <system-out><![CDATA[2018-03-06 10:57:53 - [TEST_CASE][PASSED] - Test Cases/CuPaStefanie/24: Test Cases/CuPaStefanie/24

2018-03-06 10:57:53 - [TEST_STEP][PASSED] - Statement - timeStamp = new java.text.SimpleDateFormat(dd.MM.yyyy).format(java.util.Calendar.getInstance().getTime()): null

2018-03-06 10:57:53 - [TEST_STEP][PASSED] - Statement - timeStampScreenshot = new java.text.SimpleDateFormat(dd.MM.yyyy).format(java.util.Calendar.getInstance().getTime()): null

2018-03-06 10:57:53 - [TEST_STEP][PASSED] - Statement - iconmap = [:]: null

2018-03-06 10:57:53 - [TEST_STEP][PASSED] - Statement - txtmap = [:]: null

2018-03-06 10:57:53 - [TEST_STEP][PASSED] - Statement - signmap = [:]: null

2018-03-06 10:57:53 - [TEST_STEP][PASSED] - cupakeysDl.initStart.initialStart: cupakeysDl.initStart.initialStart is PASSED

2018-03-06 10:57:55 - [MESSAGE][PASSED] - Browser is opened with url: ''

2018-03-06 10:57:58 - [MESSAGE][PASSED] - Delayed 3 second(s)

2018-03-06 10:57:59 - [MESSAGE][PASSED] - Navigate to 'https://d16a4dsnr8a0k1.cloudfront.net/en/2455233.html?price=150.00%20%E2%82%AC&partName=wilsonPartName&vin=wilsonVin&modelCode=XP11&paint=P0A94&modelDescription=wilsonModelDescription&additionalEquipment=wilsonAdditionalEquipment' successfully

2018-03-06 10:57:59 - [MESSAGE][PASSED] - Object 'Object Repository/CuPaDl/Loading_indicator' is visible

2018-03-06 10:58:07 - [MESSAGE][PASSED] - Object 'Object Repository/CuPaDl/Loading_indicator' is NOT visible

2018-03-06 10:58:08 - [MESSAGE][PASSED] - Delayed 1 second(s)

2018-03-06 10:58:08 - [MESSAGE][PASSED] - cupakeysDl.initStart.initialStart is PASSED

2018-03-06 10:58:08 - [TEST_STEP][PASSED] - Statement - (step++): null

2018-03-06 10:58:08 - [TEST_STEP][PASSED] - cupakeysDl.color.changecolor: cupakeysDl.color.changecolor is PASSED

2018-03-06 10:58:08 - [MESSAGE][PASSED] - Object 'Object Repository/CuPaDl/Color/Color' is visible

2018-03-06 10:58:08 - [MESSAGE][PASSED] - Object: 'Object Repository/CuPaDl/Color/Color' is clicked on

2018-03-06 10:58:09 - [MESSAGE][PASSED] - Delayed 1 second(s)

2018-03-06 10:58:09 - [MESSAGE][PASSED] - Object 'Object Repository/CuPaDl/Color/Color_caribeanaqua' is visible

2018-03-06 10:58:09 - [MESSAGE][PASSED] - Object: 'Object Repository/CuPaDl/Color/Color_caribeanaqua' is clicked on

2018-03-06 10:58:09 - [MESSAGE][WARNING] - Timeout '0' is invalid. Using default page load timeout: '30'

2018-03-06 10:58:10 - [MESSAGE][PASSED] - Object 'Object Repository/CuPaDl/Color/Color_caribeanaqua' is visible

2018-03-06 10:58:11 - [MESSAGE][PASSED] - Delayed 1 second(s)

2018-03-06 10:58:11 - [MESSAGE][PASSED] - Object: 'Object Repository/CuPaDl/Color/Color_caribeanaqua' is clicked on

2018-03-06 10:58:11 - [MESSAGE][PASSED] - Object 'Object Repository/CuPaDl/Loading_indicator' is visible

2018-03-06 10:58:13 - [MESSAGE][PASSED] - Object 'Object Repository/CuPaDl/Loading_indicator' is NOT visible

2018-03-06 10:58:14 - [MESSAGE][PASSED] - Delayed 1 second(s)

2018-03-06 10:58:14 - [MESSAGE][PASSED] - cupakeysDl.color.changecolor is PASSED

2018-03-06 10:58:14 - [TEST_STEP][PASSED] - Statement - (step++): null

2018-03-06 10:58:14 - [TEST_STEP][PASSED] - cupakeysDl.chngstruct.changestructure: cupakeysDl.chngstruct.changestructure is PASSED

2018-03-06 10:58:14 - [MESSAGE][PASSED] - Object: 'Object Repository/CuPaDl/Structure/Structure' is clicked on

2018-03-06 10:58:14 - [MESSAGE][WARNING] - Timeout '0' is invalid. Using default page load timeout: '30'

2018-03-06 10:58:14 - [MESSAGE][PASSED] - Object 'Object Repository/CuPaDl/Structure/Structure_Hahnentritt' is visible

2018-03-06 10:58:14 - [MESSAGE][PASSED] - Object 'Object Repository/CuPaDl/Structure/Structure_fadechessboard' is visible

2018-03-06 10:58:14 - [MESSAGE][PASSED] - Object: 'Object Repository/CuPaDl/Structure/Structure_fadechessboard' is clicked on

2018-03-06 10:58:16 - [MESSAGE][PASSED] - Object 'Object Repository/CuPaDl/Loading_indicator' is visible

2018-03-06 10:58:17 - [MESSAGE][PASSED] - Object 'Object Repository/CuPaDl/Loading_indicator' is NOT visible

2018-03-06 10:58:18 - [MESSAGE][PASSED] - Delayed 1 second(s)

2018-03-06 10:58:18 - [MESSAGE][PASSED] - cupakeysDl.chngstruct.changestructure is PASSED

2018-03-06 10:58:18 - [TEST_STEP][PASSED] - Statement - (step++): null

2018-03-06 10:58:18 - [TEST_STEP][PASSED] - cupakeysDl.sclstruct.scalestructure: cupakeysDl.sclstruct.scalestructure is PASSED

2018-03-06 10:58:21 - [MESSAGE][WARNING] - Object 'Object Repository/CuPaDl/Structure/Resize_Structure_bottomright' is not visible after 3 second(s)

2018-03-06 10:58:21 - [MESSAGE][PASSED] - Object: 'Object Repository/CuPaDl/Structure/Resize_Structure' is clicked on

2018-03-06 10:58:21 - [MESSAGE][WARNING] - Timeout '0' is invalid. Using default page load timeout: '30'

2018-03-06 10:58:21 - [MESSAGE][PASSED] - Object 'Object Repository/CuPaDl/Structure/Resize_Structure_bottomright' is visible

2018-03-06 10:58:22 - [MESSAGE][PASSED] - Delayed 1 second(s)

2018-03-06 10:58:22 - [MESSAGE][PASSED] - Current viewport's left (x) position is 0

2018-03-06 10:58:22 - [MESSAGE][PASSED] - Current viewport's top (y) position is 54

2018-03-06 10:58:22 - [MESSAGE][PASSED] - Dragged object with id 'Object Repository/CuPaDl/Structure/Resize_Structure_bottomright' by offset distance x = 225 and y = 279 successfully

2018-03-06 10:58:26 - [MESSAGE][WARNING] - Object 'Object Repository/CuPaDl/Loading_indicator' is not visible after 3 second(s)

2018-03-06 10:58:27 - [MESSAGE][PASSED] - Delayed 1 second(s)

2018-03-06 10:58:27 - [MESSAGE][PASSED] - cupakeysDl.sclstruct.scalestructure is PASSED

2018-03-06 10:58:27 - [TEST_STEP][PASSED] - Statement - (step++): null

2018-03-06 10:58:27 - [TEST_STEP][PASSED] - Statement - iconmap += CustomKeywords.cupakeysDl.iconad.iconadd("surf", LoadTimeCorrector, step, run, device, timeStamp, iconcount): cupakeysDl.iconad.iconadd is PASSED

2018-03-06 10:58:27 - [MESSAGE][PASSED] - Object: 'Object Repository/CuPaDl/Icons/Icon' is clicked on

2018-03-06 10:58:27 - [MESSAGE][PASSED] - Object 'Object Repository/CuPaDl/Icons/Icon_surf' is visible

2018-03-06 10:58:27 - [MESSAGE][PASSED] - Object: 'Object Repository/CuPaDl/Icons/Icon_surf' is clicked on

2018-03-06 10:58:28 - [MESSAGE][PASSED] - Delayed 1 second(s)

2018-03-06 10:58:29 - [MESSAGE][PASSED] - Object 'Object Repository/CuPaDl/Loading_indicator' is visible

2018-03-06 10:58:30 - [MESSAGE][PASSED] - Object 'Object Repository/CuPaDl/Loading_indicator' is NOT visible

2018-03-06 10:58:30 - [MESSAGE][WARNING] - Timeout '0' is invalid. Using default page load timeout: '30'

2018-03-06 10:58:30 - [MESSAGE][PASSED] - Width of element 'Object Repository/CuPaDl/Icons/Reposition_icon' is '40'

2018-03-06 10:58:30 - [MESSAGE][PASSED] - Height of element 'Object Repository/CuPaDl/Icons/Reposition_icon' is '40'.

2018-03-06 10:58:31 - [MESSAGE][PASSED] - Delayed 1 second(s)

2018-03-06 10:58:31 - [MESSAGE][PASSED] - cupakeysDl.iconad.iconadd is PASSED

2018-03-06 10:58:31 - [TEST_STEP][PASSED] - Statement - (step++): null

2018-03-06 10:58:31 - [TEST_STEP][PASSED] - Statement - (iconcount++): null

2018-03-06 10:58:31 - [TEST_STEP][PASSED] - cupakeysDl.iconres.iconresize: cupakeysDl.iconres.iconresize is PASSED

2018-03-06 10:58:31 - [MESSAGE][PASSED] - Object 'Object Repository/CuPaDl/Icons/Reposition_icon' is visible

2018-03-06 10:58:31 - [MESSAGE][PASSED] - Current viewport's left (x) position is 0

2018-03-06 10:58:31 - [MESSAGE][PASSED] - Current viewport's top (y) position is 54

2018-03-06 10:58:31 - [MESSAGE][PASSED] - Dragged object with id 'Object Repository/CuPaDl/Icons/Resize_icon_bottomright' by offset distance x = 125 and y = 179 successfully

2018-03-06 10:58:33 - [MESSAGE][PASSED] - Object 'Object Repository/CuPaDl/Loading_indicator' is visible

2018-03-06 10:58:34 - [MESSAGE][PASSED] - Object 'Object Repository/CuPaDl/Loading_indicator' is NOT visible

2018-03-06 10:58:35 - [MESSAGE][PASSED] - Delayed 1 second(s)

2018-03-06 10:58:35 - [MESSAGE][PASSED] - cupakeysDl.iconres.iconresize is PASSED

2018-03-06 10:58:35 - [TEST_STEP][PASSED] - Statement - (step++): null

2018-03-06 10:58:35 - [TEST_STEP][PASSED] - cupakeysDl.slink.svlink: cupakeysDl.slink.svlink is PASSED

2018-03-06 10:58:35 - [MESSAGE][PASSED] - Scroll to object 'Object Repository/CuPaDl/Save/Save' successfully

2018-03-06 10:58:35 - [MESSAGE][PASSED] - Object: 'Object Repository/CuPaDl/Save/Save' is clicked on

2018-03-06 10:58:35 - [MESSAGE][WARNING] - Timeout '0' is invalid. Using default page load timeout: '30'

2018-03-06 10:58:37 - [MESSAGE][PASSED] - Object 'Object Repository/CuPaDl/Save/CopyLink' is visible

2018-03-06 10:58:37 - [MESSAGE][PASSED] - Attribute 'value' of object 'Object Repository/CuPaDl/Save/Link' is: 'https://d16a4dsnr8a0k1.cloudfront.net/en/2455233.html?scupaId=DyQ9URlfICkmPXo0RURM'

2018-03-06 10:58:37 - [MESSAGE][PASSED] - cupakeysDl.slink.svlink is PASSED

2018-03-06 10:58:37 - [TEST_STEP][PASSED] - cupakeysDl.endsession.finishsession: cupakeysDl.endsession.finishsession is PASSED

2018-03-06 10:58:40 - [MESSAGE][PASSED] - Delayed 3 second(s)

2018-03-06 10:58:40 - [MESSAGE][PASSED] - Browser is closed

2018-03-06 10:58:40 - [MESSAGE][PASSED] - cupakeysDl.endsession.finishsession is PASSED]]></system-out>
         <system-err><![CDATA[]]></system-err>
      </testcase>
      <testcase name="Test Cases/CuPaStefanie/25" classname="Test Cases/CuPaStefanie/25" status="PASSED">
         <system-out><![CDATA[2018-03-06 10:58:40 - [TEST_CASE][PASSED] - Test Cases/CuPaStefanie/25: Test Cases/CuPaStefanie/25

2018-03-06 10:58:41 - [TEST_STEP][PASSED] - Statement - timeStamp = new java.text.SimpleDateFormat(dd.MM.yyyy).format(java.util.Calendar.getInstance().getTime()): null

2018-03-06 10:58:41 - [TEST_STEP][PASSED] - Statement - timeStampScreenshot = new java.text.SimpleDateFormat(dd.MM.yyyy).format(java.util.Calendar.getInstance().getTime()): null

2018-03-06 10:58:41 - [TEST_STEP][PASSED] - Statement - iconmap = [:]: null

2018-03-06 10:58:41 - [TEST_STEP][PASSED] - Statement - txtmap = [:]: null

2018-03-06 10:58:41 - [TEST_STEP][PASSED] - Statement - signmap = [:]: null

2018-03-06 10:58:41 - [TEST_STEP][PASSED] - cupakeysDl.initStart.initialStart: cupakeysDl.initStart.initialStart is PASSED

2018-03-06 10:58:42 - [MESSAGE][PASSED] - Browser is opened with url: ''

2018-03-06 10:58:45 - [MESSAGE][PASSED] - Delayed 3 second(s)

2018-03-06 10:58:47 - [MESSAGE][PASSED] - Navigate to 'https://d16a4dsnr8a0k1.cloudfront.net/en/2455233.html?price=150.00%20%E2%82%AC&partName=wilsonPartName&vin=wilsonVin&modelCode=XP11&paint=P0A94&modelDescription=wilsonModelDescription&additionalEquipment=wilsonAdditionalEquipment' successfully

2018-03-06 10:58:47 - [MESSAGE][PASSED] - Object 'Object Repository/CuPaDl/Loading_indicator' is visible

2018-03-06 10:58:55 - [MESSAGE][PASSED] - Object 'Object Repository/CuPaDl/Loading_indicator' is NOT visible

2018-03-06 10:58:56 - [MESSAGE][PASSED] - Delayed 1 second(s)

2018-03-06 10:58:56 - [MESSAGE][PASSED] - cupakeysDl.initStart.initialStart is PASSED

2018-03-06 10:58:56 - [TEST_STEP][PASSED] - Statement - (step++): null

2018-03-06 10:58:56 - [TEST_STEP][PASSED] - cupakeysDl.color.changecolor: cupakeysDl.color.changecolor is PASSED

2018-03-06 10:58:56 - [MESSAGE][PASSED] - Object 'Object Repository/CuPaDl/Color/Color' is visible

2018-03-06 10:58:56 - [MESSAGE][PASSED] - Object: 'Object Repository/CuPaDl/Color/Color' is clicked on

2018-03-06 10:58:57 - [MESSAGE][PASSED] - Delayed 1 second(s)

2018-03-06 10:58:57 - [MESSAGE][PASSED] - Object 'Object Repository/CuPaDl/Color/Color_jetblack' is visible

2018-03-06 10:58:58 - [MESSAGE][PASSED] - Object: 'Object Repository/CuPaDl/Color/Color_jetblack' is clicked on

2018-03-06 10:58:58 - [MESSAGE][WARNING] - Timeout '0' is invalid. Using default page load timeout: '30'

2018-03-06 10:58:58 - [MESSAGE][PASSED] - Object 'Object Repository/CuPaDl/Color/Color_jetblack' is visible

2018-03-06 10:58:59 - [MESSAGE][PASSED] - Delayed 1 second(s)

2018-03-06 10:58:59 - [MESSAGE][PASSED] - Object: 'Object Repository/CuPaDl/Color/Color_jetblack' is clicked on

2018-03-06 10:58:59 - [MESSAGE][PASSED] - Object 'Object Repository/CuPaDl/Loading_indicator' is visible

2018-03-06 10:59:01 - [MESSAGE][PASSED] - Object 'Object Repository/CuPaDl/Loading_indicator' is NOT visible

2018-03-06 10:59:02 - [MESSAGE][PASSED] - Delayed 1 second(s)

2018-03-06 10:59:02 - [MESSAGE][PASSED] - cupakeysDl.color.changecolor is PASSED

2018-03-06 10:59:02 - [TEST_STEP][PASSED] - Statement - (step++): null

2018-03-06 10:59:02 - [TEST_STEP][PASSED] - cupakeysDl.chngstruct.changestructure: cupakeysDl.chngstruct.changestructure is PASSED

2018-03-06 10:59:02 - [MESSAGE][PASSED] - Object: 'Object Repository/CuPaDl/Structure/Structure' is clicked on

2018-03-06 10:59:02 - [MESSAGE][WARNING] - Timeout '0' is invalid. Using default page load timeout: '30'

2018-03-06 10:59:02 - [MESSAGE][PASSED] - Object 'Object Repository/CuPaDl/Structure/Structure_Hahnentritt' is visible

2018-03-06 10:59:02 - [MESSAGE][PASSED] - Object 'Object Repository/CuPaDl/Structure/Structure_fadeangel' is visible

2018-03-06 10:59:02 - [MESSAGE][PASSED] - Object: 'Object Repository/CuPaDl/Structure/Structure_fadeangel' is clicked on

2018-03-06 10:59:03 - [MESSAGE][PASSED] - Object 'Object Repository/CuPaDl/Loading_indicator' is visible

2018-03-06 10:59:07 - [MESSAGE][PASSED] - Object 'Object Repository/CuPaDl/Loading_indicator' is NOT visible

2018-03-06 10:59:08 - [MESSAGE][PASSED] - Delayed 1 second(s)

2018-03-06 10:59:08 - [MESSAGE][PASSED] - cupakeysDl.chngstruct.changestructure is PASSED

2018-03-06 10:59:08 - [TEST_STEP][PASSED] - Statement - (step++): null

2018-03-06 10:59:08 - [TEST_STEP][PASSED] - cupakeysDl.sclstruct.scalestructure: cupakeysDl.sclstruct.scalestructure is PASSED

2018-03-06 10:59:11 - [MESSAGE][WARNING] - Object 'Object Repository/CuPaDl/Structure/Resize_Structure_bottomright' is not visible after 3 second(s)

2018-03-06 10:59:11 - [MESSAGE][PASSED] - Object: 'Object Repository/CuPaDl/Structure/Resize_Structure' is clicked on

2018-03-06 10:59:11 - [MESSAGE][WARNING] - Timeout '0' is invalid. Using default page load timeout: '30'

2018-03-06 10:59:11 - [MESSAGE][PASSED] - Object 'Object Repository/CuPaDl/Structure/Resize_Structure_bottomright' is visible

2018-03-06 10:59:12 - [MESSAGE][PASSED] - Delayed 1 second(s)

2018-03-06 10:59:12 - [MESSAGE][PASSED] - Current viewport's left (x) position is 0

2018-03-06 10:59:13 - [MESSAGE][PASSED] - Current viewport's top (y) position is 54

2018-03-06 10:59:13 - [MESSAGE][PASSED] - Dragged object with id 'Object Repository/CuPaDl/Structure/Resize_Structure_bottomright' by offset distance x = -225 and y = -171 successfully

2018-03-06 10:59:14 - [MESSAGE][PASSED] - Object 'Object Repository/CuPaDl/Loading_indicator' is visible

2018-03-06 10:59:17 - [MESSAGE][PASSED] - Object 'Object Repository/CuPaDl/Loading_indicator' is NOT visible

2018-03-06 10:59:18 - [MESSAGE][PASSED] - Delayed 1 second(s)

2018-03-06 10:59:18 - [MESSAGE][PASSED] - cupakeysDl.sclstruct.scalestructure is PASSED

2018-03-06 10:59:18 - [TEST_STEP][PASSED] - Statement - (step++): null

2018-03-06 10:59:18 - [TEST_STEP][PASSED] - Statement - iconmap += CustomKeywords.cupakeysDl.iconad.iconadd("snow", LoadTimeCorrector, step, run, device, timeStamp, iconcount): cupakeysDl.iconad.iconadd is PASSED

2018-03-06 10:59:18 - [MESSAGE][PASSED] - Object: 'Object Repository/CuPaDl/Icons/Icon' is clicked on

2018-03-06 10:59:18 - [MESSAGE][PASSED] - Object 'Object Repository/CuPaDl/Icons/Icon_snow' is visible

2018-03-06 10:59:18 - [MESSAGE][PASSED] - Object: 'Object Repository/CuPaDl/Icons/Icon_snow' is clicked on

2018-03-06 10:59:19 - [MESSAGE][PASSED] - Delayed 1 second(s)

2018-03-06 10:59:19 - [MESSAGE][PASSED] - Object 'Object Repository/CuPaDl/Loading_indicator' is visible

2018-03-06 10:59:23 - [MESSAGE][PASSED] - Object 'Object Repository/CuPaDl/Loading_indicator' is NOT visible

2018-03-06 10:59:23 - [MESSAGE][WARNING] - Timeout '0' is invalid. Using default page load timeout: '30'

2018-03-06 10:59:23 - [MESSAGE][PASSED] - Width of element 'Object Repository/CuPaDl/Icons/Reposition_icon' is '40'

2018-03-06 10:59:23 - [MESSAGE][PASSED] - Height of element 'Object Repository/CuPaDl/Icons/Reposition_icon' is '40'.

2018-03-06 10:59:24 - [MESSAGE][PASSED] - Delayed 1 second(s)

2018-03-06 10:59:24 - [MESSAGE][PASSED] - cupakeysDl.iconad.iconadd is PASSED

2018-03-06 10:59:24 - [TEST_STEP][PASSED] - Statement - (step++): null

2018-03-06 10:59:24 - [TEST_STEP][PASSED] - Statement - (iconcount++): null

2018-03-06 10:59:24 - [TEST_STEP][PASSED] - cupakeysDl.iconres.iconresize: cupakeysDl.iconres.iconresize is PASSED

2018-03-06 10:59:24 - [MESSAGE][PASSED] - Object 'Object Repository/CuPaDl/Icons/Reposition_icon' is visible

2018-03-06 10:59:24 - [MESSAGE][PASSED] - Current viewport's left (x) position is 0

2018-03-06 10:59:24 - [MESSAGE][PASSED] - Current viewport's top (y) position is 54

2018-03-06 10:59:24 - [MESSAGE][PASSED] - Dragged object with id 'Object Repository/CuPaDl/Icons/Resize_icon_bottomright' by offset distance x = -125 and y = -71 successfully

2018-03-06 10:59:25 - [MESSAGE][PASSED] - Object 'Object Repository/CuPaDl/Loading_indicator' is visible

2018-03-06 10:59:28 - [MESSAGE][PASSED] - Object 'Object Repository/CuPaDl/Loading_indicator' is NOT visible

2018-03-06 10:59:29 - [MESSAGE][PASSED] - Delayed 1 second(s)

2018-03-06 10:59:29 - [MESSAGE][PASSED] - cupakeysDl.iconres.iconresize is PASSED

2018-03-06 10:59:29 - [TEST_STEP][PASSED] - Statement - (step++): null

2018-03-06 10:59:29 - [TEST_STEP][PASSED] - cupakeysDl.slink.svlink: cupakeysDl.slink.svlink is PASSED

2018-03-06 10:59:29 - [MESSAGE][PASSED] - Scroll to object 'Object Repository/CuPaDl/Save/Save' successfully

2018-03-06 10:59:29 - [MESSAGE][PASSED] - Object: 'Object Repository/CuPaDl/Save/Save' is clicked on

2018-03-06 10:59:29 - [MESSAGE][WARNING] - Timeout '0' is invalid. Using default page load timeout: '30'

2018-03-06 10:59:31 - [MESSAGE][PASSED] - Object 'Object Repository/CuPaDl/Save/CopyLink' is visible

2018-03-06 10:59:31 - [MESSAGE][PASSED] - Attribute 'value' of object 'Object Repository/CuPaDl/Save/Link' is: 'https://d16a4dsnr8a0k1.cloudfront.net/en/2455233.html?scupaId=Dig8K2kkIT9bLHo4Q0JM'

2018-03-06 10:59:31 - [MESSAGE][PASSED] - cupakeysDl.slink.svlink is PASSED

2018-03-06 10:59:31 - [TEST_STEP][PASSED] - cupakeysDl.endsession.finishsession: cupakeysDl.endsession.finishsession is PASSED

2018-03-06 10:59:34 - [MESSAGE][PASSED] - Delayed 3 second(s)

2018-03-06 10:59:35 - [MESSAGE][PASSED] - Browser is closed

2018-03-06 10:59:35 - [MESSAGE][PASSED] - cupakeysDl.endsession.finishsession is PASSED]]></system-out>
         <system-err><![CDATA[]]></system-err>
      </testcase>
      <testcase name="Test Cases/CuPaStefanie/26" classname="Test Cases/CuPaStefanie/26" status="PASSED">
         <system-out><![CDATA[2018-03-06 10:59:35 - [TEST_CASE][PASSED] - Test Cases/CuPaStefanie/26: Test Cases/CuPaStefanie/26

2018-03-06 10:59:35 - [TEST_STEP][PASSED] - Statement - timeStamp = new java.text.SimpleDateFormat(dd.MM.yyyy).format(java.util.Calendar.getInstance().getTime()): null

2018-03-06 10:59:35 - [TEST_STEP][PASSED] - Statement - timeStampScreenshot = new java.text.SimpleDateFormat(dd.MM.yyyy).format(java.util.Calendar.getInstance().getTime()): null

2018-03-06 10:59:35 - [TEST_STEP][PASSED] - Statement - iconmap = [:]: null

2018-03-06 10:59:35 - [TEST_STEP][PASSED] - Statement - txtmap = [:]: null

2018-03-06 10:59:35 - [TEST_STEP][PASSED] - Statement - signmap = [:]: null

2018-03-06 10:59:35 - [TEST_STEP][PASSED] - cupakeysDl.initStart.initialStart: cupakeysDl.initStart.initialStart is PASSED

2018-03-06 10:59:37 - [MESSAGE][PASSED] - Browser is opened with url: ''

2018-03-06 10:59:40 - [MESSAGE][PASSED] - Delayed 3 second(s)

2018-03-06 10:59:41 - [MESSAGE][PASSED] - Navigate to 'https://d16a4dsnr8a0k1.cloudfront.net/en/2455233.html?price=150.00%20%E2%82%AC&partName=wilsonPartName&vin=wilsonVin&modelCode=XP11&paint=P0A94&modelDescription=wilsonModelDescription&additionalEquipment=wilsonAdditionalEquipment' successfully

2018-03-06 10:59:41 - [MESSAGE][PASSED] - Object 'Object Repository/CuPaDl/Loading_indicator' is visible

2018-03-06 10:59:49 - [MESSAGE][PASSED] - Object 'Object Repository/CuPaDl/Loading_indicator' is NOT visible

2018-03-06 10:59:50 - [MESSAGE][PASSED] - Delayed 1 second(s)

2018-03-06 10:59:50 - [MESSAGE][PASSED] - cupakeysDl.initStart.initialStart is PASSED

2018-03-06 10:59:50 - [TEST_STEP][PASSED] - Statement - (step++): null

2018-03-06 10:59:50 - [TEST_STEP][PASSED] - cupakeysDl.color.changecolor: cupakeysDl.color.changecolor is PASSED

2018-03-06 10:59:50 - [MESSAGE][PASSED] - Object 'Object Repository/CuPaDl/Color/Color' is visible

2018-03-06 10:59:50 - [MESSAGE][PASSED] - Object: 'Object Repository/CuPaDl/Color/Color' is clicked on

2018-03-06 10:59:51 - [MESSAGE][PASSED] - Delayed 1 second(s)

2018-03-06 10:59:52 - [MESSAGE][PASSED] - Object 'Object Repository/CuPaDl/Color/Color_jetblack' is visible

2018-03-06 10:59:52 - [MESSAGE][PASSED] - Object: 'Object Repository/CuPaDl/Color/Color_jetblack' is clicked on

2018-03-06 10:59:52 - [MESSAGE][WARNING] - Timeout '0' is invalid. Using default page load timeout: '30'

2018-03-06 10:59:52 - [MESSAGE][PASSED] - Object 'Object Repository/CuPaDl/Color/Color_jetblack' is visible

2018-03-06 10:59:53 - [MESSAGE][PASSED] - Delayed 1 second(s)

2018-03-06 10:59:53 - [MESSAGE][PASSED] - Object: 'Object Repository/CuPaDl/Color/Color_jetblack' is clicked on

2018-03-06 10:59:54 - [MESSAGE][PASSED] - Object 'Object Repository/CuPaDl/Loading_indicator' is visible

2018-03-06 10:59:55 - [MESSAGE][PASSED] - Object 'Object Repository/CuPaDl/Loading_indicator' is NOT visible

2018-03-06 10:59:56 - [MESSAGE][PASSED] - Delayed 1 second(s)

2018-03-06 10:59:56 - [MESSAGE][PASSED] - cupakeysDl.color.changecolor is PASSED

2018-03-06 10:59:56 - [TEST_STEP][PASSED] - Statement - (step++): null

2018-03-06 10:59:56 - [TEST_STEP][PASSED] - cupakeysDl.chngstruct.changestructure: cupakeysDl.chngstruct.changestructure is PASSED

2018-03-06 10:59:56 - [MESSAGE][PASSED] - Object: 'Object Repository/CuPaDl/Structure/Structure' is clicked on

2018-03-06 10:59:56 - [MESSAGE][WARNING] - Timeout '0' is invalid. Using default page load timeout: '30'

2018-03-06 10:59:56 - [MESSAGE][PASSED] - Object 'Object Repository/CuPaDl/Structure/Structure_Hahnentritt' is visible

2018-03-06 10:59:56 - [MESSAGE][PASSED] - Object 'Object Repository/CuPaDl/Structure/Structure_fadeangel' is visible

2018-03-06 10:59:56 - [MESSAGE][PASSED] - Object: 'Object Repository/CuPaDl/Structure/Structure_fadeangel' is clicked on

2018-03-06 10:59:58 - [MESSAGE][PASSED] - Object 'Object Repository/CuPaDl/Loading_indicator' is visible

2018-03-06 11:00:01 - [MESSAGE][PASSED] - Object 'Object Repository/CuPaDl/Loading_indicator' is NOT visible

2018-03-06 11:00:02 - [MESSAGE][PASSED] - Delayed 1 second(s)

2018-03-06 11:00:02 - [MESSAGE][PASSED] - cupakeysDl.chngstruct.changestructure is PASSED

2018-03-06 11:00:02 - [TEST_STEP][PASSED] - Statement - (step++): null

2018-03-06 11:00:02 - [TEST_STEP][PASSED] - cupakeysDl.sclstruct.scalestructure: cupakeysDl.sclstruct.scalestructure is PASSED

2018-03-06 11:00:05 - [MESSAGE][WARNING] - Object 'Object Repository/CuPaDl/Structure/Resize_Structure_bottomright' is not visible after 3 second(s)

2018-03-06 11:00:05 - [MESSAGE][PASSED] - Object: 'Object Repository/CuPaDl/Structure/Resize_Structure' is clicked on

2018-03-06 11:00:05 - [MESSAGE][WARNING] - Timeout '0' is invalid. Using default page load timeout: '30'

2018-03-06 11:00:05 - [MESSAGE][PASSED] - Object 'Object Repository/CuPaDl/Structure/Resize_Structure_bottomright' is visible

2018-03-06 11:00:06 - [MESSAGE][PASSED] - Delayed 1 second(s)

2018-03-06 11:00:06 - [MESSAGE][PASSED] - Current viewport's left (x) position is 0

2018-03-06 11:00:06 - [MESSAGE][PASSED] - Current viewport's top (y) position is 54

2018-03-06 11:00:06 - [MESSAGE][PASSED] - Dragged object with id 'Object Repository/CuPaDl/Structure/Resize_Structure_bottomright' by offset distance x = 225 and y = 279 successfully

2018-03-06 11:00:07 - [MESSAGE][PASSED] - Object 'Object Repository/CuPaDl/Loading_indicator' is visible

2018-03-06 11:00:10 - [MESSAGE][PASSED] - Object 'Object Repository/CuPaDl/Loading_indicator' is NOT visible

2018-03-06 11:00:11 - [MESSAGE][PASSED] - Delayed 1 second(s)

2018-03-06 11:00:11 - [MESSAGE][PASSED] - cupakeysDl.sclstruct.scalestructure is PASSED

2018-03-06 11:00:11 - [TEST_STEP][PASSED] - Statement - (step++): null

2018-03-06 11:00:11 - [TEST_STEP][PASSED] - Statement - iconmap += CustomKeywords.cupakeysDl.iconad.iconadd("snow", LoadTimeCorrector, step, run, device, timeStamp, iconcount): cupakeysDl.iconad.iconadd is PASSED

2018-03-06 11:00:11 - [MESSAGE][PASSED] - Object: 'Object Repository/CuPaDl/Icons/Icon' is clicked on

2018-03-06 11:00:11 - [MESSAGE][PASSED] - Object 'Object Repository/CuPaDl/Icons/Icon_snow' is visible

2018-03-06 11:00:11 - [MESSAGE][PASSED] - Object: 'Object Repository/CuPaDl/Icons/Icon_snow' is clicked on

2018-03-06 11:00:12 - [MESSAGE][PASSED] - Delayed 1 second(s)

2018-03-06 11:00:12 - [MESSAGE][PASSED] - Object 'Object Repository/CuPaDl/Loading_indicator' is visible

2018-03-06 11:00:16 - [MESSAGE][PASSED] - Object 'Object Repository/CuPaDl/Loading_indicator' is NOT visible

2018-03-06 11:00:16 - [MESSAGE][WARNING] - Timeout '0' is invalid. Using default page load timeout: '30'

2018-03-06 11:00:16 - [MESSAGE][PASSED] - Width of element 'Object Repository/CuPaDl/Icons/Reposition_icon' is '40'

2018-03-06 11:00:16 - [MESSAGE][PASSED] - Height of element 'Object Repository/CuPaDl/Icons/Reposition_icon' is '40'.

2018-03-06 11:00:17 - [MESSAGE][PASSED] - Delayed 1 second(s)

2018-03-06 11:00:17 - [MESSAGE][PASSED] - cupakeysDl.iconad.iconadd is PASSED

2018-03-06 11:00:17 - [TEST_STEP][PASSED] - Statement - (step++): null

2018-03-06 11:00:17 - [TEST_STEP][PASSED] - Statement - (iconcount++): null

2018-03-06 11:00:17 - [TEST_STEP][PASSED] - cupakeysDl.iconres.iconresize: cupakeysDl.iconres.iconresize is PASSED

2018-03-06 11:00:17 - [MESSAGE][PASSED] - Object 'Object Repository/CuPaDl/Icons/Reposition_icon' is visible

2018-03-06 11:00:17 - [MESSAGE][PASSED] - Current viewport's left (x) position is 0

2018-03-06 11:00:17 - [MESSAGE][PASSED] - Current viewport's top (y) position is 54

2018-03-06 11:00:17 - [MESSAGE][PASSED] - Dragged object with id 'Object Repository/CuPaDl/Icons/Resize_icon_bottomright' by offset distance x = 125 and y = 179 successfully

2018-03-06 11:00:18 - [MESSAGE][PASSED] - Object 'Object Repository/CuPaDl/Loading_indicator' is visible

2018-03-06 11:00:21 - [MESSAGE][PASSED] - Object 'Object Repository/CuPaDl/Loading_indicator' is NOT visible

2018-03-06 11:00:22 - [MESSAGE][PASSED] - Delayed 1 second(s)

2018-03-06 11:00:22 - [MESSAGE][PASSED] - cupakeysDl.iconres.iconresize is PASSED

2018-03-06 11:00:22 - [TEST_STEP][PASSED] - Statement - (step++): null

2018-03-06 11:00:22 - [TEST_STEP][PASSED] - cupakeysDl.slink.svlink: cupakeysDl.slink.svlink is PASSED

2018-03-06 11:00:22 - [MESSAGE][PASSED] - Scroll to object 'Object Repository/CuPaDl/Save/Save' successfully

2018-03-06 11:00:22 - [MESSAGE][PASSED] - Object: 'Object Repository/CuPaDl/Save/Save' is clicked on

2018-03-06 11:00:22 - [MESSAGE][WARNING] - Timeout '0' is invalid. Using default page load timeout: '30'

2018-03-06 11:00:24 - [MESSAGE][PASSED] - Object 'Object Repository/CuPaDl/Save/CopyLink' is visible

2018-03-06 11:00:24 - [MESSAGE][PASSED] - Attribute 'value' of object 'Object Repository/CuPaDl/Save/Link' is: 'https://d16a4dsnr8a0k1.cloudfront.net/en/2455233.html?scupaId=BzdZLhElWlJXUXo4Q0JM'

2018-03-06 11:00:24 - [MESSAGE][PASSED] - cupakeysDl.slink.svlink is PASSED

2018-03-06 11:00:24 - [TEST_STEP][PASSED] - cupakeysDl.endsession.finishsession: cupakeysDl.endsession.finishsession is PASSED

2018-03-06 11:00:27 - [MESSAGE][PASSED] - Delayed 3 second(s)

2018-03-06 11:00:28 - [MESSAGE][PASSED] - Browser is closed

2018-03-06 11:00:28 - [MESSAGE][PASSED] - cupakeysDl.endsession.finishsession is PASSED]]></system-out>
         <system-err><![CDATA[]]></system-err>
      </testcase>
      <testcase name="Test Cases/CuPaStefanie/27" classname="Test Cases/CuPaStefanie/27" status="PASSED">
         <system-out><![CDATA[2018-03-06 11:00:28 - [TEST_CASE][PASSED] - Test Cases/CuPaStefanie/27: Test Cases/CuPaStefanie/27

2018-03-06 11:00:28 - [TEST_STEP][PASSED] - Statement - timeStamp = new java.text.SimpleDateFormat(dd.MM.yyyy).format(java.util.Calendar.getInstance().getTime()): null

2018-03-06 11:00:28 - [TEST_STEP][PASSED] - Statement - timeStampScreenshot = new java.text.SimpleDateFormat(dd.MM.yyyy).format(java.util.Calendar.getInstance().getTime()): null

2018-03-06 11:00:28 - [TEST_STEP][PASSED] - Statement - iconmap = [:]: null

2018-03-06 11:00:28 - [TEST_STEP][PASSED] - Statement - txtmap = [:]: null

2018-03-06 11:00:28 - [TEST_STEP][PASSED] - Statement - signmap = [:]: null

2018-03-06 11:00:28 - [TEST_STEP][PASSED] - cupakeysDl.initStart.initialStart: cupakeysDl.initStart.initialStart is PASSED

2018-03-06 11:00:30 - [MESSAGE][PASSED] - Browser is opened with url: ''

2018-03-06 11:00:33 - [MESSAGE][PASSED] - Delayed 3 second(s)

2018-03-06 11:00:34 - [MESSAGE][PASSED] - Navigate to 'https://d16a4dsnr8a0k1.cloudfront.net/en/2455233.html?price=150.00%20%E2%82%AC&partName=wilsonPartName&vin=wilsonVin&modelCode=XP11&paint=P0A94&modelDescription=wilsonModelDescription&additionalEquipment=wilsonAdditionalEquipment' successfully

2018-03-06 11:00:34 - [MESSAGE][PASSED] - Object 'Object Repository/CuPaDl/Loading_indicator' is visible

2018-03-06 11:00:42 - [MESSAGE][PASSED] - Object 'Object Repository/CuPaDl/Loading_indicator' is NOT visible

2018-03-06 11:00:43 - [MESSAGE][PASSED] - Delayed 1 second(s)

2018-03-06 11:00:43 - [MESSAGE][PASSED] - cupakeysDl.initStart.initialStart is PASSED

2018-03-06 11:00:43 - [TEST_STEP][PASSED] - Statement - (step++): null

2018-03-06 11:00:43 - [TEST_STEP][PASSED] - cupakeysDl.color.changecolor: cupakeysDl.color.changecolor is PASSED

2018-03-06 11:00:43 - [MESSAGE][PASSED] - Object 'Object Repository/CuPaDl/Color/Color' is visible

2018-03-06 11:00:43 - [MESSAGE][PASSED] - Object: 'Object Repository/CuPaDl/Color/Color' is clicked on

2018-03-06 11:00:44 - [MESSAGE][PASSED] - Delayed 1 second(s)

2018-03-06 11:00:44 - [MESSAGE][PASSED] - Object 'Object Repository/CuPaDl/Color/Color_moonwalkgrey' is visible

2018-03-06 11:00:45 - [MESSAGE][PASSED] - Object: 'Object Repository/CuPaDl/Color/Color_moonwalkgrey' is clicked on

2018-03-06 11:00:45 - [MESSAGE][WARNING] - Timeout '0' is invalid. Using default page load timeout: '30'

2018-03-06 11:00:45 - [MESSAGE][PASSED] - Object 'Object Repository/CuPaDl/Color/Color_moonwalkgrey' is visible

2018-03-06 11:00:46 - [MESSAGE][PASSED] - Delayed 1 second(s)

2018-03-06 11:00:46 - [MESSAGE][PASSED] - Object: 'Object Repository/CuPaDl/Color/Color_moonwalkgrey' is clicked on

2018-03-06 11:00:46 - [MESSAGE][PASSED] - Object 'Object Repository/CuPaDl/Loading_indicator' is visible

2018-03-06 11:00:48 - [MESSAGE][PASSED] - Object 'Object Repository/CuPaDl/Loading_indicator' is NOT visible

2018-03-06 11:00:49 - [MESSAGE][PASSED] - Delayed 1 second(s)

2018-03-06 11:00:49 - [MESSAGE][PASSED] - cupakeysDl.color.changecolor is PASSED

2018-03-06 11:00:49 - [TEST_STEP][PASSED] - Statement - (step++): null

2018-03-06 11:00:49 - [TEST_STEP][PASSED] - cupakeysDl.chngstruct.changestructure: cupakeysDl.chngstruct.changestructure is PASSED

2018-03-06 11:00:49 - [MESSAGE][PASSED] - Object: 'Object Repository/CuPaDl/Structure/Structure' is clicked on

2018-03-06 11:00:49 - [MESSAGE][WARNING] - Timeout '0' is invalid. Using default page load timeout: '30'

2018-03-06 11:00:49 - [MESSAGE][PASSED] - Object 'Object Repository/CuPaDl/Structure/Structure_Hahnentritt' is visible

2018-03-06 11:00:49 - [MESSAGE][PASSED] - Object 'Object Repository/CuPaDl/Structure/Structure_fadequadrop' is visible

2018-03-06 11:00:49 - [MESSAGE][PASSED] - Object: 'Object Repository/CuPaDl/Structure/Structure_fadequadrop' is clicked on

2018-03-06 11:00:50 - [MESSAGE][PASSED] - Object 'Object Repository/CuPaDl/Loading_indicator' is visible

2018-03-06 11:00:56 - [MESSAGE][PASSED] - Object 'Object Repository/CuPaDl/Loading_indicator' is NOT visible

2018-03-06 11:00:57 - [MESSAGE][PASSED] - Delayed 1 second(s)

2018-03-06 11:00:57 - [MESSAGE][PASSED] - cupakeysDl.chngstruct.changestructure is PASSED

2018-03-06 11:00:57 - [TEST_STEP][PASSED] - Statement - (step++): null

2018-03-06 11:00:57 - [TEST_STEP][PASSED] - cupakeysDl.sclstruct.scalestructure: cupakeysDl.sclstruct.scalestructure is PASSED

2018-03-06 11:01:00 - [MESSAGE][WARNING] - Object 'Object Repository/CuPaDl/Structure/Resize_Structure_bottomright' is not visible after 3 second(s)

2018-03-06 11:01:00 - [MESSAGE][PASSED] - Object: 'Object Repository/CuPaDl/Structure/Resize_Structure' is clicked on

2018-03-06 11:01:00 - [MESSAGE][WARNING] - Timeout '0' is invalid. Using default page load timeout: '30'

2018-03-06 11:01:00 - [MESSAGE][PASSED] - Object 'Object Repository/CuPaDl/Structure/Resize_Structure_bottomright' is visible

2018-03-06 11:01:01 - [MESSAGE][PASSED] - Delayed 1 second(s)

2018-03-06 11:01:01 - [MESSAGE][PASSED] - Current viewport's left (x) position is 0

2018-03-06 11:01:01 - [MESSAGE][PASSED] - Current viewport's top (y) position is 54

2018-03-06 11:01:01 - [MESSAGE][PASSED] - Dragged object with id 'Object Repository/CuPaDl/Structure/Resize_Structure_bottomright' by offset distance x = -225 and y = -171 successfully

2018-03-06 11:01:02 - [MESSAGE][PASSED] - Object 'Object Repository/CuPaDl/Loading_indicator' is visible

2018-03-06 11:01:07 - [MESSAGE][PASSED] - Object 'Object Repository/CuPaDl/Loading_indicator' is NOT visible

2018-03-06 11:01:08 - [MESSAGE][PASSED] - Delayed 1 second(s)

2018-03-06 11:01:08 - [MESSAGE][PASSED] - cupakeysDl.sclstruct.scalestructure is PASSED

2018-03-06 11:01:08 - [TEST_STEP][PASSED] - Statement - (step++): null

2018-03-06 11:01:08 - [TEST_STEP][PASSED] - Statement - iconmap += CustomKeywords.cupakeysDl.iconad.iconadd("hangloose", LoadTimeCorrector, step, run, device, timeStamp, iconcount): cupakeysDl.iconad.iconadd is PASSED

2018-03-06 11:01:08 - [MESSAGE][PASSED] - Object: 'Object Repository/CuPaDl/Icons/Icon' is clicked on

2018-03-06 11:01:10 - [MESSAGE][WARNING] - Object 'Object Repository/CuPaDl/Icons/Icon_hangloose' is not visible after 2 second(s)

2018-03-06 11:01:10 - [MESSAGE][PASSED] - Object: 'Object Repository/CuPaDl/MenuScroll/ObjectsScrollRight' is clicked on

2018-03-06 11:01:12 - [MESSAGE][PASSED] - Delayed 2 second(s)

2018-03-06 11:01:12 - [MESSAGE][PASSED] - Object 'Object Repository/CuPaDl/Icons/Icon_hangloose' is visible

2018-03-06 11:01:12 - [MESSAGE][PASSED] - Object: 'Object Repository/CuPaDl/Icons/Icon_hangloose' is clicked on

2018-03-06 11:01:13 - [MESSAGE][PASSED] - Delayed 1 second(s)

2018-03-06 11:01:13 - [MESSAGE][PASSED] - Object 'Object Repository/CuPaDl/Loading_indicator' is visible

2018-03-06 11:01:19 - [MESSAGE][PASSED] - Object 'Object Repository/CuPaDl/Loading_indicator' is NOT visible

2018-03-06 11:01:19 - [MESSAGE][WARNING] - Timeout '0' is invalid. Using default page load timeout: '30'

2018-03-06 11:01:19 - [MESSAGE][PASSED] - Width of element 'Object Repository/CuPaDl/Icons/Reposition_icon' is '40'

2018-03-06 11:01:19 - [MESSAGE][PASSED] - Height of element 'Object Repository/CuPaDl/Icons/Reposition_icon' is '40'.

2018-03-06 11:01:20 - [MESSAGE][PASSED] - Delayed 1 second(s)

2018-03-06 11:01:20 - [MESSAGE][PASSED] - cupakeysDl.iconad.iconadd is PASSED

2018-03-06 11:01:20 - [TEST_STEP][PASSED] - Statement - (step++): null

2018-03-06 11:01:20 - [TEST_STEP][PASSED] - Statement - (iconcount++): null

2018-03-06 11:01:20 - [TEST_STEP][PASSED] - cupakeysDl.iconres.iconresize: cupakeysDl.iconres.iconresize is PASSED

2018-03-06 11:01:20 - [MESSAGE][PASSED] - Object 'Object Repository/CuPaDl/Icons/Reposition_icon' is visible

2018-03-06 11:01:20 - [MESSAGE][PASSED] - Current viewport's left (x) position is 0

2018-03-06 11:01:20 - [MESSAGE][PASSED] - Current viewport's top (y) position is 54

2018-03-06 11:01:20 - [MESSAGE][PASSED] - Dragged object with id 'Object Repository/CuPaDl/Icons/Resize_icon_bottomright' by offset distance x = -125 and y = -71 successfully

2018-03-06 11:01:21 - [MESSAGE][PASSED] - Object 'Object Repository/CuPaDl/Loading_indicator' is visible

2018-03-06 11:01:27 - [MESSAGE][PASSED] - Object 'Object Repository/CuPaDl/Loading_indicator' is NOT visible

2018-03-06 11:01:28 - [MESSAGE][PASSED] - Delayed 1 second(s)

2018-03-06 11:01:28 - [MESSAGE][PASSED] - cupakeysDl.iconres.iconresize is PASSED

2018-03-06 11:01:28 - [TEST_STEP][PASSED] - Statement - (step++): null

2018-03-06 11:01:28 - [TEST_STEP][PASSED] - cupakeysDl.slink.svlink: cupakeysDl.slink.svlink is PASSED

2018-03-06 11:01:28 - [MESSAGE][PASSED] - Scroll to object 'Object Repository/CuPaDl/Save/Save' successfully

2018-03-06 11:01:28 - [MESSAGE][PASSED] - Object: 'Object Repository/CuPaDl/Save/Save' is clicked on

2018-03-06 11:01:28 - [MESSAGE][WARNING] - Timeout '0' is invalid. Using default page load timeout: '30'

2018-03-06 11:01:30 - [MESSAGE][PASSED] - Object 'Object Repository/CuPaDl/Save/CopyLink' is visible

2018-03-06 11:01:30 - [MESSAGE][PASSED] - Attribute 'value' of object 'Object Repository/CuPaDl/Save/Link' is: 'https://d16a4dsnr8a0k1.cloudfront.net/en/2455233.html?scupaId=CycqLGRbXCQ0I3o6N0NF'

2018-03-06 11:01:30 - [MESSAGE][PASSED] - cupakeysDl.slink.svlink is PASSED

2018-03-06 11:01:30 - [TEST_STEP][PASSED] - cupakeysDl.endsession.finishsession: cupakeysDl.endsession.finishsession is PASSED

2018-03-06 11:01:33 - [MESSAGE][PASSED] - Delayed 3 second(s)

2018-03-06 11:01:34 - [MESSAGE][PASSED] - Browser is closed

2018-03-06 11:01:34 - [MESSAGE][PASSED] - cupakeysDl.endsession.finishsession is PASSED]]></system-out>
         <system-err><![CDATA[]]></system-err>
      </testcase>
      <testcase name="Test Cases/CuPaStefanie/28" classname="Test Cases/CuPaStefanie/28" status="PASSED">
         <system-out><![CDATA[2018-03-06 11:01:34 - [TEST_CASE][PASSED] - Test Cases/CuPaStefanie/28: Test Cases/CuPaStefanie/28

2018-03-06 11:01:34 - [TEST_STEP][PASSED] - Statement - timeStamp = new java.text.SimpleDateFormat(dd.MM.yyyy).format(java.util.Calendar.getInstance().getTime()): null

2018-03-06 11:01:34 - [TEST_STEP][PASSED] - Statement - timeStampScreenshot = new java.text.SimpleDateFormat(dd.MM.yyyy).format(java.util.Calendar.getInstance().getTime()): null

2018-03-06 11:01:34 - [TEST_STEP][PASSED] - Statement - iconmap = [:]: null

2018-03-06 11:01:34 - [TEST_STEP][PASSED] - Statement - txtmap = [:]: null

2018-03-06 11:01:34 - [TEST_STEP][PASSED] - Statement - signmap = [:]: null

2018-03-06 11:01:34 - [TEST_STEP][PASSED] - cupakeysDl.initStart.initialStart: cupakeysDl.initStart.initialStart is PASSED

2018-03-06 11:01:36 - [MESSAGE][PASSED] - Browser is opened with url: ''

2018-03-06 11:01:39 - [MESSAGE][PASSED] - Delayed 3 second(s)

2018-03-06 11:01:45 - [MESSAGE][PASSED] - Navigate to 'https://d16a4dsnr8a0k1.cloudfront.net/en/2455233.html?price=150.00%20%E2%82%AC&partName=wilsonPartName&vin=wilsonVin&modelCode=XP11&paint=P0A94&modelDescription=wilsonModelDescription&additionalEquipment=wilsonAdditionalEquipment' successfully

2018-03-06 11:01:45 - [MESSAGE][PASSED] - Object 'Object Repository/CuPaDl/Loading_indicator' is visible

2018-03-06 11:01:52 - [MESSAGE][PASSED] - Object 'Object Repository/CuPaDl/Loading_indicator' is NOT visible

2018-03-06 11:01:53 - [MESSAGE][PASSED] - Delayed 1 second(s)

2018-03-06 11:01:53 - [MESSAGE][PASSED] - cupakeysDl.initStart.initialStart is PASSED

2018-03-06 11:01:53 - [TEST_STEP][PASSED] - Statement - (step++): null

2018-03-06 11:01:53 - [TEST_STEP][PASSED] - cupakeysDl.color.changecolor: cupakeysDl.color.changecolor is PASSED

2018-03-06 11:01:53 - [MESSAGE][PASSED] - Object 'Object Repository/CuPaDl/Color/Color' is visible

2018-03-06 11:01:53 - [MESSAGE][PASSED] - Object: 'Object Repository/CuPaDl/Color/Color' is clicked on

2018-03-06 11:01:54 - [MESSAGE][PASSED] - Delayed 1 second(s)

2018-03-06 11:01:54 - [MESSAGE][PASSED] - Object 'Object Repository/CuPaDl/Color/Color_moonwalkgrey' is visible

2018-03-06 11:01:54 - [MESSAGE][PASSED] - Object: 'Object Repository/CuPaDl/Color/Color_moonwalkgrey' is clicked on

2018-03-06 11:01:54 - [MESSAGE][WARNING] - Timeout '0' is invalid. Using default page load timeout: '30'

2018-03-06 11:01:54 - [MESSAGE][PASSED] - Object 'Object Repository/CuPaDl/Color/Color_moonwalkgrey' is visible

2018-03-06 11:01:55 - [MESSAGE][PASSED] - Delayed 1 second(s)

2018-03-06 11:01:55 - [MESSAGE][PASSED] - Object: 'Object Repository/CuPaDl/Color/Color_moonwalkgrey' is clicked on

2018-03-06 11:01:55 - [MESSAGE][PASSED] - Object 'Object Repository/CuPaDl/Loading_indicator' is visible

2018-03-06 11:01:58 - [MESSAGE][PASSED] - Object 'Object Repository/CuPaDl/Loading_indicator' is NOT visible

2018-03-06 11:01:59 - [MESSAGE][PASSED] - Delayed 1 second(s)

2018-03-06 11:01:59 - [MESSAGE][PASSED] - cupakeysDl.color.changecolor is PASSED

2018-03-06 11:01:59 - [TEST_STEP][PASSED] - Statement - (step++): null

2018-03-06 11:01:59 - [TEST_STEP][PASSED] - cupakeysDl.chngstruct.changestructure: cupakeysDl.chngstruct.changestructure is PASSED

2018-03-06 11:01:59 - [MESSAGE][PASSED] - Object: 'Object Repository/CuPaDl/Structure/Structure' is clicked on

2018-03-06 11:01:59 - [MESSAGE][WARNING] - Timeout '0' is invalid. Using default page load timeout: '30'

2018-03-06 11:01:59 - [MESSAGE][PASSED] - Object 'Object Repository/CuPaDl/Structure/Structure_Hahnentritt' is visible

2018-03-06 11:01:59 - [MESSAGE][PASSED] - Object 'Object Repository/CuPaDl/Structure/Structure_fadequadrop' is visible

2018-03-06 11:01:59 - [MESSAGE][PASSED] - Object: 'Object Repository/CuPaDl/Structure/Structure_fadequadrop' is clicked on

2018-03-06 11:02:00 - [MESSAGE][PASSED] - Object 'Object Repository/CuPaDl/Loading_indicator' is visible

2018-03-06 11:02:05 - [MESSAGE][PASSED] - Object 'Object Repository/CuPaDl/Loading_indicator' is NOT visible

2018-03-06 11:02:06 - [MESSAGE][PASSED] - Delayed 1 second(s)

2018-03-06 11:02:06 - [MESSAGE][PASSED] - cupakeysDl.chngstruct.changestructure is PASSED

2018-03-06 11:02:06 - [TEST_STEP][PASSED] - Statement - (step++): null

2018-03-06 11:02:06 - [TEST_STEP][PASSED] - cupakeysDl.sclstruct.scalestructure: cupakeysDl.sclstruct.scalestructure is PASSED

2018-03-06 11:02:09 - [MESSAGE][WARNING] - Object 'Object Repository/CuPaDl/Structure/Resize_Structure_bottomright' is not visible after 3 second(s)

2018-03-06 11:02:10 - [MESSAGE][PASSED] - Object: 'Object Repository/CuPaDl/Structure/Resize_Structure' is clicked on

2018-03-06 11:02:10 - [MESSAGE][WARNING] - Timeout '0' is invalid. Using default page load timeout: '30'

2018-03-06 11:02:10 - [MESSAGE][PASSED] - Object 'Object Repository/CuPaDl/Structure/Resize_Structure_bottomright' is visible

2018-03-06 11:02:11 - [MESSAGE][PASSED] - Delayed 1 second(s)

2018-03-06 11:02:11 - [MESSAGE][PASSED] - Current viewport's left (x) position is 0

2018-03-06 11:02:11 - [MESSAGE][PASSED] - Current viewport's top (y) position is 54

2018-03-06 11:02:11 - [MESSAGE][PASSED] - Dragged object with id 'Object Repository/CuPaDl/Structure/Resize_Structure_bottomright' by offset distance x = 225 and y = 279 successfully

2018-03-06 11:02:12 - [MESSAGE][PASSED] - Object 'Object Repository/CuPaDl/Loading_indicator' is visible

2018-03-06 11:02:16 - [MESSAGE][PASSED] - Object 'Object Repository/CuPaDl/Loading_indicator' is NOT visible

2018-03-06 11:02:17 - [MESSAGE][PASSED] - Delayed 1 second(s)

2018-03-06 11:02:17 - [MESSAGE][PASSED] - cupakeysDl.sclstruct.scalestructure is PASSED

2018-03-06 11:02:17 - [TEST_STEP][PASSED] - Statement - (step++): null

2018-03-06 11:02:17 - [TEST_STEP][PASSED] - Statement - iconmap += CustomKeywords.cupakeysDl.iconad.iconadd("hangloose", LoadTimeCorrector, step, run, device, timeStamp, iconcount): cupakeysDl.iconad.iconadd is PASSED

2018-03-06 11:02:17 - [MESSAGE][PASSED] - Object: 'Object Repository/CuPaDl/Icons/Icon' is clicked on

2018-03-06 11:02:19 - [MESSAGE][WARNING] - Object 'Object Repository/CuPaDl/Icons/Icon_hangloose' is not visible after 2 second(s)

2018-03-06 11:02:19 - [MESSAGE][PASSED] - Object: 'Object Repository/CuPaDl/MenuScroll/ObjectsScrollRight' is clicked on

2018-03-06 11:02:21 - [MESSAGE][PASSED] - Delayed 2 second(s)

2018-03-06 11:02:21 - [MESSAGE][PASSED] - Object 'Object Repository/CuPaDl/Icons/Icon_hangloose' is visible

2018-03-06 11:02:21 - [MESSAGE][PASSED] - Object: 'Object Repository/CuPaDl/Icons/Icon_hangloose' is clicked on

2018-03-06 11:02:22 - [MESSAGE][PASSED] - Delayed 1 second(s)

2018-03-06 11:02:22 - [MESSAGE][PASSED] - Object 'Object Repository/CuPaDl/Loading_indicator' is visible

2018-03-06 11:02:29 - [MESSAGE][PASSED] - Object 'Object Repository/CuPaDl/Loading_indicator' is NOT visible

2018-03-06 11:02:29 - [MESSAGE][WARNING] - Timeout '0' is invalid. Using default page load timeout: '30'

2018-03-06 11:02:29 - [MESSAGE][PASSED] - Width of element 'Object Repository/CuPaDl/Icons/Reposition_icon' is '40'

2018-03-06 11:02:29 - [MESSAGE][PASSED] - Height of element 'Object Repository/CuPaDl/Icons/Reposition_icon' is '40'.

2018-03-06 11:02:30 - [MESSAGE][PASSED] - Delayed 1 second(s)

2018-03-06 11:02:30 - [MESSAGE][PASSED] - cupakeysDl.iconad.iconadd is PASSED

2018-03-06 11:02:30 - [TEST_STEP][PASSED] - Statement - (step++): null

2018-03-06 11:02:30 - [TEST_STEP][PASSED] - Statement - (iconcount++): null

2018-03-06 11:02:30 - [TEST_STEP][PASSED] - cupakeysDl.iconres.iconresize: cupakeysDl.iconres.iconresize is PASSED

2018-03-06 11:02:30 - [MESSAGE][PASSED] - Object 'Object Repository/CuPaDl/Icons/Reposition_icon' is visible

2018-03-06 11:02:30 - [MESSAGE][PASSED] - Current viewport's left (x) position is 0

2018-03-06 11:02:30 - [MESSAGE][PASSED] - Current viewport's top (y) position is 54

2018-03-06 11:02:30 - [MESSAGE][PASSED] - Dragged object with id 'Object Repository/CuPaDl/Icons/Resize_icon_bottomright' by offset distance x = 125 and y = 179 successfully

2018-03-06 11:02:31 - [MESSAGE][PASSED] - Object 'Object Repository/CuPaDl/Loading_indicator' is visible

2018-03-06 11:02:37 - [MESSAGE][PASSED] - Object 'Object Repository/CuPaDl/Loading_indicator' is NOT visible

2018-03-06 11:02:38 - [MESSAGE][PASSED] - Delayed 1 second(s)

2018-03-06 11:02:38 - [MESSAGE][PASSED] - cupakeysDl.iconres.iconresize is PASSED

2018-03-06 11:02:38 - [TEST_STEP][PASSED] - Statement - (step++): null

2018-03-06 11:02:38 - [TEST_STEP][PASSED] - cupakeysDl.slink.svlink: cupakeysDl.slink.svlink is PASSED

2018-03-06 11:02:38 - [MESSAGE][PASSED] - Scroll to object 'Object Repository/CuPaDl/Save/Save' successfully

2018-03-06 11:02:38 - [MESSAGE][PASSED] - Object: 'Object Repository/CuPaDl/Save/Save' is clicked on

2018-03-06 11:02:38 - [MESSAGE][WARNING] - Timeout '0' is invalid. Using default page load timeout: '30'

2018-03-06 11:02:39 - [MESSAGE][PASSED] - Object 'Object Repository/CuPaDl/Save/CopyLink' is visible

2018-03-06 11:02:39 - [MESSAGE][PASSED] - Attribute 'value' of object 'Object Repository/CuPaDl/Save/Link' is: 'https://d16a4dsnr8a0k1.cloudfront.net/en/2455233.html?scupaId=Bz9XIHYlMy5ZNHo6N0NF'

2018-03-06 11:02:39 - [MESSAGE][PASSED] - cupakeysDl.slink.svlink is PASSED

2018-03-06 11:02:39 - [TEST_STEP][PASSED] - cupakeysDl.endsession.finishsession: cupakeysDl.endsession.finishsession is PASSED

2018-03-06 11:02:42 - [MESSAGE][PASSED] - Delayed 3 second(s)

2018-03-06 11:02:43 - [MESSAGE][PASSED] - Browser is closed

2018-03-06 11:02:43 - [MESSAGE][PASSED] - cupakeysDl.endsession.finishsession is PASSED]]></system-out>
         <system-err><![CDATA[]]></system-err>
      </testcase>
      <testcase name="Test Cases/CuPaStefanie/29" classname="Test Cases/CuPaStefanie/29" status="PASSED">
         <system-out><![CDATA[2018-03-06 11:02:43 - [TEST_CASE][PASSED] - Test Cases/CuPaStefanie/29: Test Cases/CuPaStefanie/29

2018-03-06 11:02:43 - [TEST_STEP][PASSED] - Statement - timeStamp = new java.text.SimpleDateFormat(dd.MM.yyyy).format(java.util.Calendar.getInstance().getTime()): null

2018-03-06 11:02:43 - [TEST_STEP][PASSED] - Statement - timeStampScreenshot = new java.text.SimpleDateFormat(dd.MM.yyyy).format(java.util.Calendar.getInstance().getTime()): null

2018-03-06 11:02:43 - [TEST_STEP][PASSED] - Statement - iconmap = [:]: null

2018-03-06 11:02:43 - [TEST_STEP][PASSED] - Statement - txtmap = [:]: null

2018-03-06 11:02:43 - [TEST_STEP][PASSED] - Statement - signmap = [:]: null

2018-03-06 11:02:43 - [TEST_STEP][PASSED] - cupakeysDl.initStart.initialStart: cupakeysDl.initStart.initialStart is PASSED

2018-03-06 11:02:45 - [MESSAGE][PASSED] - Browser is opened with url: ''

2018-03-06 11:02:48 - [MESSAGE][PASSED] - Delayed 3 second(s)

2018-03-06 11:02:49 - [MESSAGE][PASSED] - Navigate to 'https://d16a4dsnr8a0k1.cloudfront.net/en/2455233.html?price=150.00%20%E2%82%AC&partName=wilsonPartName&vin=wilsonVin&modelCode=XP11&paint=P0A94&modelDescription=wilsonModelDescription&additionalEquipment=wilsonAdditionalEquipment' successfully

2018-03-06 11:02:49 - [MESSAGE][PASSED] - Object 'Object Repository/CuPaDl/Loading_indicator' is visible

2018-03-06 11:02:57 - [MESSAGE][PASSED] - Object 'Object Repository/CuPaDl/Loading_indicator' is NOT visible

2018-03-06 11:02:58 - [MESSAGE][PASSED] - Delayed 1 second(s)

2018-03-06 11:02:58 - [MESSAGE][PASSED] - cupakeysDl.initStart.initialStart is PASSED

2018-03-06 11:02:58 - [TEST_STEP][PASSED] - Statement - (step++): null

2018-03-06 11:02:58 - [TEST_STEP][PASSED] - cupakeysDl.color.changecolor: cupakeysDl.color.changecolor is PASSED

2018-03-06 11:02:58 - [MESSAGE][PASSED] - Object 'Object Repository/CuPaDl/Color/Color' is visible

2018-03-06 11:02:58 - [MESSAGE][PASSED] - Object: 'Object Repository/CuPaDl/Color/Color' is clicked on

2018-03-06 11:02:59 - [MESSAGE][PASSED] - Delayed 1 second(s)

2018-03-06 11:02:59 - [MESSAGE][PASSED] - Object 'Object Repository/CuPaDl/Color/Color_thundergrey' is visible

2018-03-06 11:03:00 - [MESSAGE][PASSED] - Object: 'Object Repository/CuPaDl/Color/Color_thundergrey' is clicked on

2018-03-06 11:03:00 - [MESSAGE][WARNING] - Timeout '0' is invalid. Using default page load timeout: '30'

2018-03-06 11:03:00 - [MESSAGE][PASSED] - Object 'Object Repository/CuPaDl/Color/Color_thundergrey' is visible

2018-03-06 11:03:01 - [MESSAGE][PASSED] - Delayed 1 second(s)

2018-03-06 11:03:01 - [MESSAGE][PASSED] - Object: 'Object Repository/CuPaDl/Color/Color_thundergrey' is clicked on

2018-03-06 11:03:01 - [MESSAGE][PASSED] - Object 'Object Repository/CuPaDl/Loading_indicator' is visible

2018-03-06 11:03:03 - [MESSAGE][PASSED] - Object 'Object Repository/CuPaDl/Loading_indicator' is NOT visible

2018-03-06 11:03:04 - [MESSAGE][PASSED] - Delayed 1 second(s)

2018-03-06 11:03:04 - [MESSAGE][PASSED] - cupakeysDl.color.changecolor is PASSED

2018-03-06 11:03:04 - [TEST_STEP][PASSED] - Statement - (step++): null

2018-03-06 11:03:04 - [TEST_STEP][PASSED] - cupakeysDl.chngstruct.changestructure: cupakeysDl.chngstruct.changestructure is PASSED

2018-03-06 11:03:04 - [MESSAGE][PASSED] - Object: 'Object Repository/CuPaDl/Structure/Structure' is clicked on

2018-03-06 11:03:04 - [MESSAGE][WARNING] - Timeout '0' is invalid. Using default page load timeout: '30'

2018-03-06 11:03:04 - [MESSAGE][PASSED] - Object 'Object Repository/CuPaDl/Structure/Structure_Hahnentritt' is visible

2018-03-06 11:03:06 - [MESSAGE][WARNING] - Object 'Object Repository/CuPaDl/Structure/Structure_fadedrop' is not visible after 2 second(s)

2018-03-06 11:03:06 - [MESSAGE][PASSED] - Object: 'Object Repository/CuPaDl/MenuScroll/ObjectsScrollRight' is clicked on

2018-03-06 11:03:08 - [MESSAGE][PASSED] - Delayed 2 second(s)

2018-03-06 11:03:08 - [MESSAGE][PASSED] - Object: 'Object Repository/CuPaDl/Structure/Structure_fadedrop' is clicked on

2018-03-06 11:03:09 - [MESSAGE][PASSED] - Object 'Object Repository/CuPaDl/Loading_indicator' is visible

2018-03-06 11:03:17 - [MESSAGE][PASSED] - Object 'Object Repository/CuPaDl/Loading_indicator' is NOT visible

2018-03-06 11:03:18 - [MESSAGE][PASSED] - Delayed 1 second(s)

2018-03-06 11:03:18 - [MESSAGE][PASSED] - cupakeysDl.chngstruct.changestructure is PASSED

2018-03-06 11:03:18 - [TEST_STEP][PASSED] - Statement - (step++): null

2018-03-06 11:03:18 - [TEST_STEP][PASSED] - cupakeysDl.sclstruct.scalestructure: cupakeysDl.sclstruct.scalestructure is PASSED

2018-03-06 11:03:21 - [MESSAGE][WARNING] - Object 'Object Repository/CuPaDl/Structure/Resize_Structure_bottomright' is not visible after 3 second(s)

2018-03-06 11:03:21 - [MESSAGE][PASSED] - Object: 'Object Repository/CuPaDl/Structure/Resize_Structure' is clicked on

2018-03-06 11:03:21 - [MESSAGE][WARNING] - Timeout '0' is invalid. Using default page load timeout: '30'

2018-03-06 11:03:21 - [MESSAGE][PASSED] - Object 'Object Repository/CuPaDl/Structure/Resize_Structure_bottomright' is visible

2018-03-06 11:03:22 - [MESSAGE][PASSED] - Delayed 1 second(s)

2018-03-06 11:03:22 - [MESSAGE][PASSED] - Current viewport's left (x) position is 0

2018-03-06 11:03:22 - [MESSAGE][PASSED] - Current viewport's top (y) position is 54

2018-03-06 11:03:22 - [MESSAGE][PASSED] - Dragged object with id 'Object Repository/CuPaDl/Structure/Resize_Structure_bottomright' by offset distance x = -225 and y = -171 successfully

2018-03-06 11:03:23 - [MESSAGE][PASSED] - Object 'Object Repository/CuPaDl/Loading_indicator' is visible

2018-03-06 11:03:31 - [MESSAGE][PASSED] - Object 'Object Repository/CuPaDl/Loading_indicator' is NOT visible

2018-03-06 11:03:32 - [MESSAGE][PASSED] - Delayed 1 second(s)

2018-03-06 11:03:32 - [MESSAGE][PASSED] - cupakeysDl.sclstruct.scalestructure is PASSED

2018-03-06 11:03:32 - [TEST_STEP][PASSED] - Statement - (step++): null

2018-03-06 11:03:32 - [TEST_STEP][PASSED] - Statement - iconmap += CustomKeywords.cupakeysDl.iconad.iconadd("wave", LoadTimeCorrector, step, run, device, timeStamp, iconcount): cupakeysDl.iconad.iconadd is PASSED

2018-03-06 11:03:32 - [MESSAGE][PASSED] - Object: 'Object Repository/CuPaDl/Icons/Icon' is clicked on

2018-03-06 11:03:32 - [MESSAGE][PASSED] - Object 'Object Repository/CuPaDl/Icons/Icon_wave' is visible

2018-03-06 11:03:32 - [MESSAGE][PASSED] - Object: 'Object Repository/CuPaDl/Icons/Icon_wave' is clicked on

2018-03-06 11:03:33 - [MESSAGE][PASSED] - Delayed 1 second(s)

2018-03-06 11:03:33 - [MESSAGE][PASSED] - Object 'Object Repository/CuPaDl/Loading_indicator' is visible

2018-03-06 11:03:41 - [MESSAGE][PASSED] - Object 'Object Repository/CuPaDl/Loading_indicator' is NOT visible

2018-03-06 11:03:41 - [MESSAGE][WARNING] - Timeout '0' is invalid. Using default page load timeout: '30'

2018-03-06 11:03:41 - [MESSAGE][PASSED] - Width of element 'Object Repository/CuPaDl/Icons/Reposition_icon' is '40'

2018-03-06 11:03:41 - [MESSAGE][PASSED] - Height of element 'Object Repository/CuPaDl/Icons/Reposition_icon' is '40'.

2018-03-06 11:03:42 - [MESSAGE][PASSED] - Delayed 1 second(s)

2018-03-06 11:03:42 - [MESSAGE][PASSED] - cupakeysDl.iconad.iconadd is PASSED

2018-03-06 11:03:42 - [TEST_STEP][PASSED] - Statement - (step++): null

2018-03-06 11:03:42 - [TEST_STEP][PASSED] - Statement - (iconcount++): null

2018-03-06 11:03:42 - [TEST_STEP][PASSED] - cupakeysDl.iconres.iconresize: cupakeysDl.iconres.iconresize is PASSED

2018-03-06 11:03:42 - [MESSAGE][PASSED] - Object 'Object Repository/CuPaDl/Icons/Reposition_icon' is visible

2018-03-06 11:03:42 - [MESSAGE][PASSED] - Current viewport's left (x) position is 0

2018-03-06 11:03:42 - [MESSAGE][PASSED] - Current viewport's top (y) position is 54

2018-03-06 11:03:42 - [MESSAGE][PASSED] - Dragged object with id 'Object Repository/CuPaDl/Icons/Resize_icon_bottomright' by offset distance x = -125 and y = -71 successfully

2018-03-06 11:03:43 - [MESSAGE][PASSED] - Object 'Object Repository/CuPaDl/Loading_indicator' is visible

2018-03-06 11:03:50 - [MESSAGE][PASSED] - Object 'Object Repository/CuPaDl/Loading_indicator' is NOT visible

2018-03-06 11:03:51 - [MESSAGE][PASSED] - Delayed 1 second(s)

2018-03-06 11:03:51 - [MESSAGE][PASSED] - cupakeysDl.iconres.iconresize is PASSED

2018-03-06 11:03:51 - [TEST_STEP][PASSED] - Statement - (step++): null

2018-03-06 11:03:51 - [TEST_STEP][PASSED] - cupakeysDl.slink.svlink: cupakeysDl.slink.svlink is PASSED

2018-03-06 11:03:51 - [MESSAGE][PASSED] - Scroll to object 'Object Repository/CuPaDl/Save/Save' successfully

2018-03-06 11:03:52 - [MESSAGE][PASSED] - Object: 'Object Repository/CuPaDl/Save/Save' is clicked on

2018-03-06 11:03:52 - [MESSAGE][WARNING] - Timeout '0' is invalid. Using default page load timeout: '30'

2018-03-06 11:03:53 - [MESSAGE][PASSED] - Object 'Object Repository/CuPaDl/Save/CopyLink' is visible

2018-03-06 11:03:53 - [MESSAGE][PASSED] - Attribute 'value' of object 'Object Repository/CuPaDl/Save/Link' is: 'https://d16a4dsnr8a0k1.cloudfront.net/en/2455233.html?scupaId=D1Q5LGlUJTBZJ3o0RURA'

2018-03-06 11:03:53 - [MESSAGE][PASSED] - cupakeysDl.slink.svlink is PASSED

2018-03-06 11:03:53 - [TEST_STEP][PASSED] - cupakeysDl.endsession.finishsession: cupakeysDl.endsession.finishsession is PASSED

2018-03-06 11:03:56 - [MESSAGE][PASSED] - Delayed 3 second(s)

2018-03-06 11:03:57 - [MESSAGE][PASSED] - Browser is closed

2018-03-06 11:03:57 - [MESSAGE][PASSED] - cupakeysDl.endsession.finishsession is PASSED]]></system-out>
         <system-err><![CDATA[]]></system-err>
      </testcase>
      <testcase name="Test Cases/CuPaStefanie/30" classname="Test Cases/CuPaStefanie/30" status="PASSED">
         <system-out><![CDATA[2018-03-06 11:03:57 - [TEST_CASE][PASSED] - Test Cases/CuPaStefanie/30: Test Cases/CuPaStefanie/30

2018-03-06 11:03:57 - [TEST_STEP][PASSED] - Statement - timeStamp = new java.text.SimpleDateFormat(dd.MM.yyyy).format(java.util.Calendar.getInstance().getTime()): null

2018-03-06 11:03:57 - [TEST_STEP][PASSED] - Statement - timeStampScreenshot = new java.text.SimpleDateFormat(dd.MM.yyyy).format(java.util.Calendar.getInstance().getTime()): null

2018-03-06 11:03:57 - [TEST_STEP][PASSED] - Statement - iconmap = [:]: null

2018-03-06 11:03:57 - [TEST_STEP][PASSED] - Statement - txtmap = [:]: null

2018-03-06 11:03:57 - [TEST_STEP][PASSED] - Statement - signmap = [:]: null

2018-03-06 11:03:57 - [TEST_STEP][PASSED] - cupakeysDl.initStart.initialStart: cupakeysDl.initStart.initialStart is PASSED

2018-03-06 11:03:59 - [MESSAGE][PASSED] - Browser is opened with url: ''

2018-03-06 11:04:02 - [MESSAGE][PASSED] - Delayed 3 second(s)

2018-03-06 11:04:03 - [MESSAGE][PASSED] - Navigate to 'https://d16a4dsnr8a0k1.cloudfront.net/en/2455233.html?price=150.00%20%E2%82%AC&partName=wilsonPartName&vin=wilsonVin&modelCode=XP11&paint=P0A94&modelDescription=wilsonModelDescription&additionalEquipment=wilsonAdditionalEquipment' successfully

2018-03-06 11:04:03 - [MESSAGE][PASSED] - Object 'Object Repository/CuPaDl/Loading_indicator' is visible

2018-03-06 11:04:12 - [MESSAGE][PASSED] - Object 'Object Repository/CuPaDl/Loading_indicator' is NOT visible

2018-03-06 11:04:13 - [MESSAGE][PASSED] - Delayed 1 second(s)

2018-03-06 11:04:13 - [MESSAGE][PASSED] - cupakeysDl.initStart.initialStart is PASSED

2018-03-06 11:04:13 - [TEST_STEP][PASSED] - Statement - (step++): null

2018-03-06 11:04:13 - [TEST_STEP][PASSED] - cupakeysDl.color.changecolor: cupakeysDl.color.changecolor is PASSED

2018-03-06 11:04:13 - [MESSAGE][PASSED] - Object 'Object Repository/CuPaDl/Color/Color' is visible

2018-03-06 11:04:13 - [MESSAGE][PASSED] - Object: 'Object Repository/CuPaDl/Color/Color' is clicked on

2018-03-06 11:04:14 - [MESSAGE][PASSED] - Delayed 1 second(s)

2018-03-06 11:04:14 - [MESSAGE][PASSED] - Object 'Object Repository/CuPaDl/Color/Color_thundergrey' is visible

2018-03-06 11:04:14 - [MESSAGE][PASSED] - Object: 'Object Repository/CuPaDl/Color/Color_thundergrey' is clicked on

2018-03-06 11:04:14 - [MESSAGE][WARNING] - Timeout '0' is invalid. Using default page load timeout: '30'

2018-03-06 11:04:14 - [MESSAGE][PASSED] - Object 'Object Repository/CuPaDl/Color/Color_thundergrey' is visible

2018-03-06 11:04:15 - [MESSAGE][PASSED] - Delayed 1 second(s)

2018-03-06 11:04:15 - [MESSAGE][PASSED] - Object: 'Object Repository/CuPaDl/Color/Color_thundergrey' is clicked on

2018-03-06 11:04:15 - [MESSAGE][PASSED] - Object 'Object Repository/CuPaDl/Loading_indicator' is visible

2018-03-06 11:04:17 - [MESSAGE][PASSED] - Object 'Object Repository/CuPaDl/Loading_indicator' is NOT visible

2018-03-06 11:04:18 - [MESSAGE][PASSED] - Delayed 1 second(s)

2018-03-06 11:04:18 - [MESSAGE][PASSED] - cupakeysDl.color.changecolor is PASSED

2018-03-06 11:04:18 - [TEST_STEP][PASSED] - Statement - (step++): null

2018-03-06 11:04:18 - [TEST_STEP][PASSED] - cupakeysDl.chngstruct.changestructure: cupakeysDl.chngstruct.changestructure is PASSED

2018-03-06 11:04:18 - [MESSAGE][PASSED] - Object: 'Object Repository/CuPaDl/Structure/Structure' is clicked on

2018-03-06 11:04:18 - [MESSAGE][WARNING] - Timeout '0' is invalid. Using default page load timeout: '30'

2018-03-06 11:04:18 - [MESSAGE][PASSED] - Object 'Object Repository/CuPaDl/Structure/Structure_Hahnentritt' is visible

2018-03-06 11:04:20 - [MESSAGE][WARNING] - Object 'Object Repository/CuPaDl/Structure/Structure_fadedrop' is not visible after 2 second(s)

2018-03-06 11:04:21 - [MESSAGE][PASSED] - Object: 'Object Repository/CuPaDl/MenuScroll/ObjectsScrollRight' is clicked on

2018-03-06 11:04:23 - [MESSAGE][PASSED] - Delayed 2 second(s)

2018-03-06 11:04:23 - [MESSAGE][PASSED] - Object: 'Object Repository/CuPaDl/Structure/Structure_fadedrop' is clicked on

2018-03-06 11:04:24 - [MESSAGE][PASSED] - Object 'Object Repository/CuPaDl/Loading_indicator' is visible

2018-03-06 11:04:32 - [MESSAGE][PASSED] - Object 'Object Repository/CuPaDl/Loading_indicator' is NOT visible

2018-03-06 11:04:33 - [MESSAGE][PASSED] - Delayed 1 second(s)

2018-03-06 11:04:33 - [MESSAGE][PASSED] - cupakeysDl.chngstruct.changestructure is PASSED

2018-03-06 11:04:33 - [TEST_STEP][PASSED] - Statement - (step++): null

2018-03-06 11:04:33 - [TEST_STEP][PASSED] - cupakeysDl.sclstruct.scalestructure: cupakeysDl.sclstruct.scalestructure is PASSED

2018-03-06 11:04:36 - [MESSAGE][WARNING] - Object 'Object Repository/CuPaDl/Structure/Resize_Structure_bottomright' is not visible after 3 second(s)

2018-03-06 11:04:36 - [MESSAGE][PASSED] - Object: 'Object Repository/CuPaDl/Structure/Resize_Structure' is clicked on

2018-03-06 11:04:36 - [MESSAGE][WARNING] - Timeout '0' is invalid. Using default page load timeout: '30'

2018-03-06 11:04:36 - [MESSAGE][PASSED] - Object 'Object Repository/CuPaDl/Structure/Resize_Structure_bottomright' is visible

2018-03-06 11:04:37 - [MESSAGE][PASSED] - Delayed 1 second(s)

2018-03-06 11:04:37 - [MESSAGE][PASSED] - Current viewport's left (x) position is 0

2018-03-06 11:04:37 - [MESSAGE][PASSED] - Current viewport's top (y) position is 54

2018-03-06 11:04:37 - [MESSAGE][PASSED] - Dragged object with id 'Object Repository/CuPaDl/Structure/Resize_Structure_bottomright' by offset distance x = 225 and y = 279 successfully

2018-03-06 11:04:38 - [MESSAGE][PASSED] - Object 'Object Repository/CuPaDl/Loading_indicator' is visible

2018-03-06 11:04:44 - [MESSAGE][PASSED] - Object 'Object Repository/CuPaDl/Loading_indicator' is NOT visible

2018-03-06 11:04:45 - [MESSAGE][PASSED] - Delayed 1 second(s)

2018-03-06 11:04:45 - [MESSAGE][PASSED] - cupakeysDl.sclstruct.scalestructure is PASSED

2018-03-06 11:04:45 - [TEST_STEP][PASSED] - Statement - (step++): null

2018-03-06 11:04:45 - [TEST_STEP][PASSED] - Statement - iconmap += CustomKeywords.cupakeysDl.iconad.iconadd("wave", LoadTimeCorrector, step, run, device, timeStamp, iconcount): cupakeysDl.iconad.iconadd is PASSED

2018-03-06 11:04:45 - [MESSAGE][PASSED] - Object: 'Object Repository/CuPaDl/Icons/Icon' is clicked on

2018-03-06 11:04:45 - [MESSAGE][PASSED] - Object 'Object Repository/CuPaDl/Icons/Icon_wave' is visible

2018-03-06 11:04:45 - [MESSAGE][PASSED] - Object: 'Object Repository/CuPaDl/Icons/Icon_wave' is clicked on

2018-03-06 11:04:46 - [MESSAGE][PASSED] - Delayed 1 second(s)

2018-03-06 11:04:46 - [MESSAGE][PASSED] - Object 'Object Repository/CuPaDl/Loading_indicator' is visible

2018-03-06 11:04:53 - [MESSAGE][PASSED] - Object 'Object Repository/CuPaDl/Loading_indicator' is NOT visible

2018-03-06 11:04:53 - [MESSAGE][WARNING] - Timeout '0' is invalid. Using default page load timeout: '30'

2018-03-06 11:04:53 - [MESSAGE][PASSED] - Width of element 'Object Repository/CuPaDl/Icons/Reposition_icon' is '40'

2018-03-06 11:04:53 - [MESSAGE][PASSED] - Height of element 'Object Repository/CuPaDl/Icons/Reposition_icon' is '40'.

2018-03-06 11:04:54 - [MESSAGE][PASSED] - Delayed 1 second(s)

2018-03-06 11:04:54 - [MESSAGE][PASSED] - cupakeysDl.iconad.iconadd is PASSED

2018-03-06 11:04:54 - [TEST_STEP][PASSED] - Statement - (step++): null

2018-03-06 11:04:54 - [TEST_STEP][PASSED] - Statement - (iconcount++): null

2018-03-06 11:04:54 - [TEST_STEP][PASSED] - cupakeysDl.iconres.iconresize: cupakeysDl.iconres.iconresize is PASSED

2018-03-06 11:04:54 - [MESSAGE][PASSED] - Object 'Object Repository/CuPaDl/Icons/Reposition_icon' is visible

2018-03-06 11:04:54 - [MESSAGE][PASSED] - Current viewport's left (x) position is 0

2018-03-06 11:04:54 - [MESSAGE][PASSED] - Current viewport's top (y) position is 54

2018-03-06 11:04:54 - [MESSAGE][PASSED] - Dragged object with id 'Object Repository/CuPaDl/Icons/Resize_icon_bottomright' by offset distance x = 125 and y = 179 successfully

2018-03-06 11:04:55 - [MESSAGE][PASSED] - Object 'Object Repository/CuPaDl/Loading_indicator' is visible

2018-03-06 11:05:02 - [MESSAGE][PASSED] - Object 'Object Repository/CuPaDl/Loading_indicator' is NOT visible

2018-03-06 11:05:03 - [MESSAGE][PASSED] - Delayed 1 second(s)

2018-03-06 11:05:03 - [MESSAGE][PASSED] - cupakeysDl.iconres.iconresize is PASSED

2018-03-06 11:05:03 - [TEST_STEP][PASSED] - Statement - (step++): null

2018-03-06 11:05:03 - [TEST_STEP][PASSED] - cupakeysDl.slink.svlink: cupakeysDl.slink.svlink is PASSED

2018-03-06 11:05:03 - [MESSAGE][PASSED] - Scroll to object 'Object Repository/CuPaDl/Save/Save' successfully

2018-03-06 11:05:03 - [MESSAGE][PASSED] - Object: 'Object Repository/CuPaDl/Save/Save' is clicked on

2018-03-06 11:05:03 - [MESSAGE][WARNING] - Timeout '0' is invalid. Using default page load timeout: '30'

2018-03-06 11:05:06 - [MESSAGE][PASSED] - Object 'Object Repository/CuPaDl/Save/CopyLink' is visible

2018-03-06 11:05:06 - [MESSAGE][PASSED] - Attribute 'value' of object 'Object Repository/CuPaDl/Save/Link' is: 'https://d16a4dsnr8a0k1.cloudfront.net/en/2455233.html?scupaId=HlIkU2QmP1E2Mno0RURA'

2018-03-06 11:05:06 - [MESSAGE][PASSED] - cupakeysDl.slink.svlink is PASSED

2018-03-06 11:05:06 - [TEST_STEP][PASSED] - cupakeysDl.endsession.finishsession: cupakeysDl.endsession.finishsession is PASSED

2018-03-06 11:05:09 - [MESSAGE][PASSED] - Delayed 3 second(s)

2018-03-06 11:05:09 - [MESSAGE][PASSED] - Browser is closed

2018-03-06 11:05:09 - [MESSAGE][PASSED] - cupakeysDl.endsession.finishsession is PASSED]]></system-out>
         <system-err><![CDATA[]]></system-err>
      </testcase>
      <testcase name="Test Cases/CuPaStefanie/31" classname="Test Cases/CuPaStefanie/31" status="PASSED">
         <system-out><![CDATA[2018-03-06 11:05:09 - [TEST_CASE][PASSED] - Test Cases/CuPaStefanie/31: Test Cases/CuPaStefanie/31

2018-03-06 11:05:09 - [TEST_STEP][PASSED] - Statement - timeStamp = new java.text.SimpleDateFormat(dd.MM.yyyy).format(java.util.Calendar.getInstance().getTime()): null

2018-03-06 11:05:09 - [TEST_STEP][PASSED] - Statement - timeStampScreenshot = new java.text.SimpleDateFormat(dd.MM.yyyy).format(java.util.Calendar.getInstance().getTime()): null

2018-03-06 11:05:09 - [TEST_STEP][PASSED] - Statement - iconmap = [:]: null

2018-03-06 11:05:09 - [TEST_STEP][PASSED] - Statement - txtmap = [:]: null

2018-03-06 11:05:09 - [TEST_STEP][PASSED] - Statement - signmap = [:]: null

2018-03-06 11:05:09 - [TEST_STEP][PASSED] - cupakeysDl.initStart.initialStart: cupakeysDl.initStart.initialStart is PASSED

2018-03-06 11:05:11 - [MESSAGE][PASSED] - Browser is opened with url: ''

2018-03-06 11:05:14 - [MESSAGE][PASSED] - Delayed 3 second(s)

2018-03-06 11:05:15 - [MESSAGE][PASSED] - Navigate to 'https://d16a4dsnr8a0k1.cloudfront.net/en/2455233.html?price=150.00%20%E2%82%AC&partName=wilsonPartName&vin=wilsonVin&modelCode=XP11&paint=P0A94&modelDescription=wilsonModelDescription&additionalEquipment=wilsonAdditionalEquipment' successfully

2018-03-06 11:05:15 - [MESSAGE][PASSED] - Object 'Object Repository/CuPaDl/Loading_indicator' is visible

2018-03-06 11:05:24 - [MESSAGE][PASSED] - Object 'Object Repository/CuPaDl/Loading_indicator' is NOT visible

2018-03-06 11:05:25 - [MESSAGE][PASSED] - Delayed 1 second(s)

2018-03-06 11:05:25 - [MESSAGE][PASSED] - cupakeysDl.initStart.initialStart is PASSED

2018-03-06 11:05:25 - [TEST_STEP][PASSED] - Statement - (step++): null

2018-03-06 11:05:25 - [TEST_STEP][PASSED] - cupakeysDl.color.changecolor: cupakeysDl.color.changecolor is PASSED

2018-03-06 11:05:25 - [MESSAGE][PASSED] - Object 'Object Repository/CuPaDl/Color/Color' is visible

2018-03-06 11:05:25 - [MESSAGE][PASSED] - Object: 'Object Repository/CuPaDl/Color/Color' is clicked on

2018-03-06 11:05:26 - [MESSAGE][PASSED] - Delayed 1 second(s)

2018-03-06 11:05:26 - [MESSAGE][PASSED] - Object 'Object Repository/CuPaDl/Color/Color_lapisblue' is visible

2018-03-06 11:05:26 - [MESSAGE][PASSED] - Object: 'Object Repository/CuPaDl/Color/Color_lapisblue' is clicked on

2018-03-06 11:05:26 - [MESSAGE][WARNING] - Timeout '0' is invalid. Using default page load timeout: '30'

2018-03-06 11:05:26 - [MESSAGE][PASSED] - Object 'Object Repository/CuPaDl/Color/Color_lapisblue' is visible

2018-03-06 11:05:27 - [MESSAGE][PASSED] - Delayed 1 second(s)

2018-03-06 11:05:27 - [MESSAGE][PASSED] - Object: 'Object Repository/CuPaDl/Color/Color_lapisblue' is clicked on

2018-03-06 11:05:31 - [MESSAGE][WARNING] - Object 'Object Repository/CuPaDl/Loading_indicator' is not visible after 3 second(s)

2018-03-06 11:05:32 - [MESSAGE][PASSED] - Delayed 1 second(s)

2018-03-06 11:05:32 - [MESSAGE][PASSED] - cupakeysDl.color.changecolor is PASSED

2018-03-06 11:05:32 - [TEST_STEP][PASSED] - Statement - (step++): null

2018-03-06 11:05:32 - [TEST_STEP][PASSED] - Statement - iconmap += CustomKeywords.cupakeysDl.iconad.iconadd("america", LoadTimeCorrector, step, run, device, timeStamp, iconcount): cupakeysDl.iconad.iconadd is PASSED

2018-03-06 11:05:32 - [MESSAGE][PASSED] - Object: 'Object Repository/CuPaDl/Icons/Icon' is clicked on

2018-03-06 11:05:34 - [MESSAGE][WARNING] - Object 'Object Repository/CuPaDl/Icons/Icon_america' is not visible after 2 second(s)

2018-03-06 11:05:34 - [MESSAGE][PASSED] - Object: 'Object Repository/CuPaDl/MenuScroll/ObjectsScrollRight' is clicked on

2018-03-06 11:05:36 - [MESSAGE][PASSED] - Delayed 2 second(s)

2018-03-06 11:05:36 - [MESSAGE][PASSED] - Object 'Object Repository/CuPaDl/Icons/Icon_america' is visible

2018-03-06 11:05:36 - [MESSAGE][PASSED] - Object: 'Object Repository/CuPaDl/Icons/Icon_america' is clicked on

2018-03-06 11:05:37 - [MESSAGE][PASSED] - Delayed 1 second(s)

2018-03-06 11:05:41 - [MESSAGE][WARNING] - Object 'Object Repository/CuPaDl/Loading_indicator' is not visible after 3 second(s)

2018-03-06 11:05:41 - [MESSAGE][WARNING] - Timeout '0' is invalid. Using default page load timeout: '30'

2018-03-06 11:05:41 - [MESSAGE][PASSED] - Width of element 'Object Repository/CuPaDl/Icons/Reposition_icon' is '40'

2018-03-06 11:05:41 - [MESSAGE][PASSED] - Height of element 'Object Repository/CuPaDl/Icons/Reposition_icon' is '40'.

2018-03-06 11:05:42 - [MESSAGE][PASSED] - Delayed 1 second(s)

2018-03-06 11:05:42 - [MESSAGE][PASSED] - cupakeysDl.iconad.iconadd is PASSED

2018-03-06 11:05:42 - [TEST_STEP][PASSED] - Statement - (step++): null

2018-03-06 11:05:42 - [TEST_STEP][PASSED] - Statement - (iconcount++): null

2018-03-06 11:05:42 - [TEST_STEP][PASSED] - cupakeysDl.iconres.iconresize: cupakeysDl.iconres.iconresize is PASSED

2018-03-06 11:05:42 - [MESSAGE][PASSED] - Object 'Object Repository/CuPaDl/Icons/Reposition_icon' is visible

2018-03-06 11:05:42 - [MESSAGE][PASSED] - Current viewport's left (x) position is 0

2018-03-06 11:05:42 - [MESSAGE][PASSED] - Current viewport's top (y) position is 54

2018-03-06 11:05:42 - [MESSAGE][PASSED] - Dragged object with id 'Object Repository/CuPaDl/Icons/Resize_icon_bottomright' by offset distance x = -125 and y = -71 successfully

2018-03-06 11:05:45 - [MESSAGE][WARNING] - Object 'Object Repository/CuPaDl/Loading_indicator' is not visible after 3 second(s)

2018-03-06 11:05:46 - [MESSAGE][PASSED] - Delayed 1 second(s)

2018-03-06 11:05:46 - [MESSAGE][PASSED] - cupakeysDl.iconres.iconresize is PASSED

2018-03-06 11:05:46 - [TEST_STEP][PASSED] - Statement - (step++): null

2018-03-06 11:05:46 - [TEST_STEP][PASSED] - cupakeysDl.slink.svlink: cupakeysDl.slink.svlink is PASSED

2018-03-06 11:05:46 - [MESSAGE][PASSED] - Scroll to object 'Object Repository/CuPaDl/Save/Save' successfully

2018-03-06 11:05:46 - [MESSAGE][PASSED] - Object: 'Object Repository/CuPaDl/Save/Save' is clicked on

2018-03-06 11:05:46 - [MESSAGE][WARNING] - Timeout '0' is invalid. Using default page load timeout: '30'

2018-03-06 11:05:48 - [MESSAGE][PASSED] - Object 'Object Repository/CuPaDl/Save/CopyLink' is visible

2018-03-06 11:05:48 - [MESSAGE][PASSED] - Attribute 'value' of object 'Object Repository/CuPaDl/Save/Link' is: 'https://d16a4dsnr8a0k1.cloudfront.net/en/2455233.html?scupaId=CyhWXHAsUTRcP3o0RURC'

2018-03-06 11:05:48 - [MESSAGE][PASSED] - cupakeysDl.slink.svlink is PASSED

2018-03-06 11:05:48 - [TEST_STEP][PASSED] - cupakeysDl.endsession.finishsession: cupakeysDl.endsession.finishsession is PASSED

2018-03-06 11:05:51 - [MESSAGE][PASSED] - Delayed 3 second(s)

2018-03-06 11:05:51 - [MESSAGE][PASSED] - Browser is closed

2018-03-06 11:05:51 - [MESSAGE][PASSED] - cupakeysDl.endsession.finishsession is PASSED]]></system-out>
         <system-err><![CDATA[]]></system-err>
      </testcase>
      <testcase name="Test Cases/CuPaStefanie/32" classname="Test Cases/CuPaStefanie/32" status="PASSED">
         <system-out><![CDATA[2018-03-06 11:05:51 - [TEST_CASE][PASSED] - Test Cases/CuPaStefanie/32: Test Cases/CuPaStefanie/32

2018-03-06 11:05:51 - [TEST_STEP][PASSED] - Statement - timeStamp = new java.text.SimpleDateFormat(dd.MM.yyyy).format(java.util.Calendar.getInstance().getTime()): null

2018-03-06 11:05:51 - [TEST_STEP][PASSED] - Statement - timeStampScreenshot = new java.text.SimpleDateFormat(dd.MM.yyyy).format(java.util.Calendar.getInstance().getTime()): null

2018-03-06 11:05:51 - [TEST_STEP][PASSED] - Statement - iconmap = [:]: null

2018-03-06 11:05:51 - [TEST_STEP][PASSED] - Statement - txtmap = [:]: null

2018-03-06 11:05:51 - [TEST_STEP][PASSED] - Statement - signmap = [:]: null

2018-03-06 11:05:51 - [TEST_STEP][PASSED] - cupakeysDl.initStart.initialStart: cupakeysDl.initStart.initialStart is PASSED

2018-03-06 11:05:53 - [MESSAGE][PASSED] - Browser is opened with url: ''

2018-03-06 11:05:56 - [MESSAGE][PASSED] - Delayed 3 second(s)

2018-03-06 11:05:58 - [MESSAGE][PASSED] - Navigate to 'https://d16a4dsnr8a0k1.cloudfront.net/en/2455233.html?price=150.00%20%E2%82%AC&partName=wilsonPartName&vin=wilsonVin&modelCode=XP11&paint=P0A94&modelDescription=wilsonModelDescription&additionalEquipment=wilsonAdditionalEquipment' successfully

2018-03-06 11:05:58 - [MESSAGE][PASSED] - Object 'Object Repository/CuPaDl/Loading_indicator' is visible

2018-03-06 11:06:06 - [MESSAGE][PASSED] - Object 'Object Repository/CuPaDl/Loading_indicator' is NOT visible

2018-03-06 11:06:07 - [MESSAGE][PASSED] - Delayed 1 second(s)

2018-03-06 11:06:07 - [MESSAGE][PASSED] - cupakeysDl.initStart.initialStart is PASSED

2018-03-06 11:06:07 - [TEST_STEP][PASSED] - Statement - (step++): null

2018-03-06 11:06:07 - [TEST_STEP][PASSED] - cupakeysDl.color.changecolor: cupakeysDl.color.changecolor is PASSED

2018-03-06 11:06:07 - [MESSAGE][PASSED] - Object 'Object Repository/CuPaDl/Color/Color' is visible

2018-03-06 11:06:07 - [MESSAGE][PASSED] - Object: 'Object Repository/CuPaDl/Color/Color' is clicked on

2018-03-06 11:06:08 - [MESSAGE][PASSED] - Delayed 1 second(s)

2018-03-06 11:06:08 - [MESSAGE][PASSED] - Object 'Object Repository/CuPaDl/Color/Color_lapisblue' is visible

2018-03-06 11:06:08 - [MESSAGE][PASSED] - Object: 'Object Repository/CuPaDl/Color/Color_lapisblue' is clicked on

2018-03-06 11:06:08 - [MESSAGE][WARNING] - Timeout '0' is invalid. Using default page load timeout: '30'

2018-03-06 11:06:08 - [MESSAGE][PASSED] - Object 'Object Repository/CuPaDl/Color/Color_lapisblue' is visible

2018-03-06 11:06:09 - [MESSAGE][PASSED] - Delayed 1 second(s)

2018-03-06 11:06:10 - [MESSAGE][PASSED] - Object: 'Object Repository/CuPaDl/Color/Color_lapisblue' is clicked on

2018-03-06 11:06:13 - [MESSAGE][WARNING] - Object 'Object Repository/CuPaDl/Loading_indicator' is not visible after 3 second(s)

2018-03-06 11:06:14 - [MESSAGE][PASSED] - Delayed 1 second(s)

2018-03-06 11:06:14 - [MESSAGE][PASSED] - cupakeysDl.color.changecolor is PASSED

2018-03-06 11:06:14 - [TEST_STEP][PASSED] - Statement - (step++): null

2018-03-06 11:06:14 - [TEST_STEP][PASSED] - Statement - iconmap += CustomKeywords.cupakeysDl.iconad.iconadd("america", LoadTimeCorrector, step, run, device, timeStamp, iconcount): cupakeysDl.iconad.iconadd is PASSED

2018-03-06 11:06:14 - [MESSAGE][PASSED] - Object: 'Object Repository/CuPaDl/Icons/Icon' is clicked on

2018-03-06 11:06:16 - [MESSAGE][WARNING] - Object 'Object Repository/CuPaDl/Icons/Icon_america' is not visible after 2 second(s)

2018-03-06 11:06:16 - [MESSAGE][PASSED] - Object: 'Object Repository/CuPaDl/MenuScroll/ObjectsScrollRight' is clicked on

2018-03-06 11:06:18 - [MESSAGE][PASSED] - Delayed 2 second(s)

2018-03-06 11:06:18 - [MESSAGE][PASSED] - Object 'Object Repository/CuPaDl/Icons/Icon_america' is visible

2018-03-06 11:06:18 - [MESSAGE][PASSED] - Object: 'Object Repository/CuPaDl/Icons/Icon_america' is clicked on

2018-03-06 11:06:19 - [MESSAGE][PASSED] - Delayed 1 second(s)

2018-03-06 11:06:20 - [MESSAGE][PASSED] - Object 'Object Repository/CuPaDl/Loading_indicator' is visible

2018-03-06 11:06:21 - [MESSAGE][PASSED] - Object 'Object Repository/CuPaDl/Loading_indicator' is NOT visible

2018-03-06 11:06:21 - [MESSAGE][WARNING] - Timeout '0' is invalid. Using default page load timeout: '30'

2018-03-06 11:06:21 - [MESSAGE][PASSED] - Width of element 'Object Repository/CuPaDl/Icons/Reposition_icon' is '40'

2018-03-06 11:06:21 - [MESSAGE][PASSED] - Height of element 'Object Repository/CuPaDl/Icons/Reposition_icon' is '40'.

2018-03-06 11:06:22 - [MESSAGE][PASSED] - Delayed 1 second(s)

2018-03-06 11:06:22 - [MESSAGE][PASSED] - cupakeysDl.iconad.iconadd is PASSED

2018-03-06 11:06:22 - [TEST_STEP][PASSED] - Statement - (step++): null

2018-03-06 11:06:22 - [TEST_STEP][PASSED] - Statement - (iconcount++): null

2018-03-06 11:06:22 - [TEST_STEP][PASSED] - cupakeysDl.iconres.iconresize: cupakeysDl.iconres.iconresize is PASSED

2018-03-06 11:06:22 - [MESSAGE][PASSED] - Object 'Object Repository/CuPaDl/Icons/Reposition_icon' is visible

2018-03-06 11:06:22 - [MESSAGE][PASSED] - Current viewport's left (x) position is 0

2018-03-06 11:06:22 - [MESSAGE][PASSED] - Current viewport's top (y) position is 54

2018-03-06 11:06:22 - [MESSAGE][PASSED] - Dragged object with id 'Object Repository/CuPaDl/Icons/Resize_icon_bottomright' by offset distance x = 125 and y = 179 successfully

2018-03-06 11:06:23 - [MESSAGE][PASSED] - Object 'Object Repository/CuPaDl/Loading_indicator' is visible

2018-03-06 11:06:24 - [MESSAGE][PASSED] - Object 'Object Repository/CuPaDl/Loading_indicator' is NOT visible

2018-03-06 11:06:25 - [MESSAGE][PASSED] - Delayed 1 second(s)

2018-03-06 11:06:25 - [MESSAGE][PASSED] - cupakeysDl.iconres.iconresize is PASSED

2018-03-06 11:06:25 - [TEST_STEP][PASSED] - Statement - (step++): null

2018-03-06 11:06:25 - [TEST_STEP][PASSED] - cupakeysDl.slink.svlink: cupakeysDl.slink.svlink is PASSED

2018-03-06 11:06:25 - [MESSAGE][PASSED] - Scroll to object 'Object Repository/CuPaDl/Save/Save' successfully

2018-03-06 11:06:25 - [MESSAGE][PASSED] - Object: 'Object Repository/CuPaDl/Save/Save' is clicked on

2018-03-06 11:06:25 - [MESSAGE][WARNING] - Timeout '0' is invalid. Using default page load timeout: '30'

2018-03-06 11:06:27 - [MESSAGE][PASSED] - Object 'Object Repository/CuPaDl/Save/CopyLink' is visible

2018-03-06 11:06:27 - [MESSAGE][PASSED] - Attribute 'value' of object 'Object Repository/CuPaDl/Save/Link' is: 'https://d16a4dsnr8a0k1.cloudfront.net/en/2455233.html?scupaId=HyIlMhk4LCkjNXo0RURC'

2018-03-06 11:06:27 - [MESSAGE][PASSED] - cupakeysDl.slink.svlink is PASSED

2018-03-06 11:06:27 - [TEST_STEP][PASSED] - cupakeysDl.endsession.finishsession: cupakeysDl.endsession.finishsession is PASSED

2018-03-06 11:06:30 - [MESSAGE][PASSED] - Delayed 3 second(s)

2018-03-06 11:06:31 - [MESSAGE][PASSED] - Browser is closed

2018-03-06 11:06:31 - [MESSAGE][PASSED] - cupakeysDl.endsession.finishsession is PASSED]]></system-out>
         <system-err><![CDATA[]]></system-err>
      </testcase>
      <testcase name="Test Cases/CuPaStefanie/33" classname="Test Cases/CuPaStefanie/33" status="PASSED">
         <system-out><![CDATA[2018-03-06 11:06:31 - [TEST_CASE][PASSED] - Test Cases/CuPaStefanie/33: Test Cases/CuPaStefanie/33

2018-03-06 11:06:31 - [TEST_STEP][PASSED] - Statement - timeStamp = new java.text.SimpleDateFormat(dd.MM.yyyy).format(java.util.Calendar.getInstance().getTime()): null

2018-03-06 11:06:31 - [TEST_STEP][PASSED] - Statement - timeStampScreenshot = new java.text.SimpleDateFormat(dd.MM.yyyy).format(java.util.Calendar.getInstance().getTime()): null

2018-03-06 11:06:31 - [TEST_STEP][PASSED] - Statement - iconmap = [:]: null

2018-03-06 11:06:31 - [TEST_STEP][PASSED] - Statement - txtmap = [:]: null

2018-03-06 11:06:31 - [TEST_STEP][PASSED] - Statement - signmap = [:]: null

2018-03-06 11:06:31 - [TEST_STEP][PASSED] - cupakeysDl.initStart.initialStart: cupakeysDl.initStart.initialStart is PASSED

2018-03-06 11:06:33 - [MESSAGE][PASSED] - Browser is opened with url: ''

2018-03-06 11:06:36 - [MESSAGE][PASSED] - Delayed 3 second(s)

2018-03-06 11:06:37 - [MESSAGE][PASSED] - Navigate to 'https://d16a4dsnr8a0k1.cloudfront.net/en/2455233.html?price=150.00%20%E2%82%AC&partName=wilsonPartName&vin=wilsonVin&modelCode=XP11&paint=P0A94&modelDescription=wilsonModelDescription&additionalEquipment=wilsonAdditionalEquipment' successfully

2018-03-06 11:06:37 - [MESSAGE][PASSED] - Object 'Object Repository/CuPaDl/Loading_indicator' is visible

2018-03-06 11:06:45 - [MESSAGE][PASSED] - Object 'Object Repository/CuPaDl/Loading_indicator' is NOT visible

2018-03-06 11:06:46 - [MESSAGE][PASSED] - Delayed 1 second(s)

2018-03-06 11:06:46 - [MESSAGE][PASSED] - cupakeysDl.initStart.initialStart is PASSED

2018-03-06 11:06:46 - [TEST_STEP][PASSED] - Statement - (step++): null

2018-03-06 11:06:46 - [TEST_STEP][PASSED] - cupakeysDl.color.changecolor: cupakeysDl.color.changecolor is PASSED

2018-03-06 11:06:46 - [MESSAGE][PASSED] - Object 'Object Repository/CuPaDl/Color/Color' is visible

2018-03-06 11:06:46 - [MESSAGE][PASSED] - Object: 'Object Repository/CuPaDl/Color/Color' is clicked on

2018-03-06 11:06:47 - [MESSAGE][PASSED] - Delayed 1 second(s)

2018-03-06 11:06:47 - [MESSAGE][PASSED] - Object 'Object Repository/CuPaDl/Color/Color_passionred' is visible

2018-03-06 11:06:47 - [MESSAGE][PASSED] - Object: 'Object Repository/CuPaDl/Color/Color_passionred' is clicked on

2018-03-06 11:06:47 - [MESSAGE][WARNING] - Timeout '0' is invalid. Using default page load timeout: '30'

2018-03-06 11:06:47 - [MESSAGE][PASSED] - Object 'Object Repository/CuPaDl/Color/Color_passionred' is visible

2018-03-06 11:06:48 - [MESSAGE][PASSED] - Delayed 1 second(s)

2018-03-06 11:06:49 - [MESSAGE][PASSED] - Object: 'Object Repository/CuPaDl/Color/Color_passionred' is clicked on

2018-03-06 11:06:52 - [MESSAGE][WARNING] - Object 'Object Repository/CuPaDl/Loading_indicator' is not visible after 3 second(s)

2018-03-06 11:06:53 - [MESSAGE][PASSED] - Delayed 1 second(s)

2018-03-06 11:06:53 - [MESSAGE][PASSED] - cupakeysDl.color.changecolor is PASSED

2018-03-06 11:06:53 - [TEST_STEP][PASSED] - Statement - (step++): null

2018-03-06 11:06:53 - [TEST_STEP][PASSED] - Statement - iconmap += CustomKeywords.cupakeysDl.iconad.iconadd("australia", LoadTimeCorrector, step, run, device, timeStamp, iconcount): cupakeysDl.iconad.iconadd is PASSED

2018-03-06 11:06:53 - [MESSAGE][PASSED] - Object: 'Object Repository/CuPaDl/Icons/Icon' is clicked on

2018-03-06 11:06:55 - [MESSAGE][WARNING] - Object 'Object Repository/CuPaDl/Icons/Icon_australia' is not visible after 2 second(s)

2018-03-06 11:06:55 - [MESSAGE][PASSED] - Object: 'Object Repository/CuPaDl/MenuScroll/ObjectsScrollRight' is clicked on

2018-03-06 11:06:57 - [MESSAGE][PASSED] - Delayed 2 second(s)

2018-03-06 11:06:57 - [MESSAGE][PASSED] - Object 'Object Repository/CuPaDl/Icons/Icon_australia' is visible

2018-03-06 11:06:57 - [MESSAGE][PASSED] - Object: 'Object Repository/CuPaDl/Icons/Icon_australia' is clicked on

2018-03-06 11:06:58 - [MESSAGE][PASSED] - Delayed 1 second(s)

2018-03-06 11:06:59 - [MESSAGE][PASSED] - Object 'Object Repository/CuPaDl/Loading_indicator' is visible

2018-03-06 11:07:00 - [MESSAGE][PASSED] - Object 'Object Repository/CuPaDl/Loading_indicator' is NOT visible

2018-03-06 11:07:00 - [MESSAGE][WARNING] - Timeout '0' is invalid. Using default page load timeout: '30'

2018-03-06 11:07:00 - [MESSAGE][PASSED] - Width of element 'Object Repository/CuPaDl/Icons/Reposition_icon' is '40'

2018-03-06 11:07:00 - [MESSAGE][PASSED] - Height of element 'Object Repository/CuPaDl/Icons/Reposition_icon' is '40'.

2018-03-06 11:07:01 - [MESSAGE][PASSED] - Delayed 1 second(s)

2018-03-06 11:07:01 - [MESSAGE][PASSED] - cupakeysDl.iconad.iconadd is PASSED

2018-03-06 11:07:01 - [TEST_STEP][PASSED] - Statement - (step++): null

2018-03-06 11:07:01 - [TEST_STEP][PASSED] - Statement - (iconcount++): null

2018-03-06 11:07:01 - [TEST_STEP][PASSED] - cupakeysDl.iconres.iconresize: cupakeysDl.iconres.iconresize is PASSED

2018-03-06 11:07:01 - [MESSAGE][PASSED] - Object 'Object Repository/CuPaDl/Icons/Reposition_icon' is visible

2018-03-06 11:07:01 - [MESSAGE][PASSED] - Current viewport's left (x) position is 0

2018-03-06 11:07:01 - [MESSAGE][PASSED] - Current viewport's top (y) position is 54

2018-03-06 11:07:01 - [MESSAGE][PASSED] - Dragged object with id 'Object Repository/CuPaDl/Icons/Resize_icon_bottomright' by offset distance x = -125 and y = -71 successfully

2018-03-06 11:07:02 - [MESSAGE][PASSED] - Object 'Object Repository/CuPaDl/Loading_indicator' is visible

2018-03-06 11:07:03 - [MESSAGE][PASSED] - Object 'Object Repository/CuPaDl/Loading_indicator' is NOT visible

2018-03-06 11:07:04 - [MESSAGE][PASSED] - Delayed 1 second(s)

2018-03-06 11:07:04 - [MESSAGE][PASSED] - cupakeysDl.iconres.iconresize is PASSED

2018-03-06 11:07:04 - [TEST_STEP][PASSED] - Statement - (step++): null

2018-03-06 11:07:04 - [TEST_STEP][PASSED] - cupakeysDl.slink.svlink: cupakeysDl.slink.svlink is PASSED

2018-03-06 11:07:05 - [MESSAGE][PASSED] - Scroll to object 'Object Repository/CuPaDl/Save/Save' successfully

2018-03-06 11:07:05 - [MESSAGE][PASSED] - Object: 'Object Repository/CuPaDl/Save/Save' is clicked on

2018-03-06 11:07:05 - [MESSAGE][WARNING] - Timeout '0' is invalid. Using default page load timeout: '30'

2018-03-06 11:07:06 - [MESSAGE][PASSED] - Object 'Object Repository/CuPaDl/Save/CopyLink' is visible

2018-03-06 11:07:06 - [MESSAGE][PASSED] - Attribute 'value' of object 'Object Repository/CuPaDl/Save/Link' is: 'https://d16a4dsnr8a0k1.cloudfront.net/en/2455233.html?scupaId=GCtbNBYuKzMqNHo0RURF'

2018-03-06 11:07:06 - [MESSAGE][PASSED] - cupakeysDl.slink.svlink is PASSED

2018-03-06 11:07:06 - [TEST_STEP][PASSED] - cupakeysDl.endsession.finishsession: cupakeysDl.endsession.finishsession is PASSED

2018-03-06 11:07:09 - [MESSAGE][PASSED] - Delayed 3 second(s)

2018-03-06 11:07:10 - [MESSAGE][PASSED] - Browser is closed

2018-03-06 11:07:10 - [MESSAGE][PASSED] - cupakeysDl.endsession.finishsession is PASSED]]></system-out>
         <system-err><![CDATA[]]></system-err>
      </testcase>
      <testcase name="Test Cases/CuPaStefanie/34" classname="Test Cases/CuPaStefanie/34" status="PASSED">
         <system-out><![CDATA[2018-03-06 11:07:10 - [TEST_CASE][PASSED] - Test Cases/CuPaStefanie/34: Test Cases/CuPaStefanie/34

2018-03-06 11:07:10 - [TEST_STEP][PASSED] - Statement - timeStamp = new java.text.SimpleDateFormat(dd.MM.yyyy).format(java.util.Calendar.getInstance().getTime()): null

2018-03-06 11:07:10 - [TEST_STEP][PASSED] - Statement - timeStampScreenshot = new java.text.SimpleDateFormat(dd.MM.yyyy).format(java.util.Calendar.getInstance().getTime()): null

2018-03-06 11:07:10 - [TEST_STEP][PASSED] - Statement - iconmap = [:]: null

2018-03-06 11:07:10 - [TEST_STEP][PASSED] - Statement - txtmap = [:]: null

2018-03-06 11:07:10 - [TEST_STEP][PASSED] - Statement - signmap = [:]: null

2018-03-06 11:07:10 - [TEST_STEP][PASSED] - cupakeysDl.initStart.initialStart: cupakeysDl.initStart.initialStart is PASSED

2018-03-06 11:07:12 - [MESSAGE][PASSED] - Browser is opened with url: ''

2018-03-06 11:07:15 - [MESSAGE][PASSED] - Delayed 3 second(s)

2018-03-06 11:07:16 - [MESSAGE][PASSED] - Navigate to 'https://d16a4dsnr8a0k1.cloudfront.net/en/2455233.html?price=150.00%20%E2%82%AC&partName=wilsonPartName&vin=wilsonVin&modelCode=XP11&paint=P0A94&modelDescription=wilsonModelDescription&additionalEquipment=wilsonAdditionalEquipment' successfully

2018-03-06 11:07:16 - [MESSAGE][PASSED] - Object 'Object Repository/CuPaDl/Loading_indicator' is visible

2018-03-06 11:07:25 - [MESSAGE][PASSED] - Object 'Object Repository/CuPaDl/Loading_indicator' is NOT visible

2018-03-06 11:07:26 - [MESSAGE][PASSED] - Delayed 1 second(s)

2018-03-06 11:07:26 - [MESSAGE][PASSED] - cupakeysDl.initStart.initialStart is PASSED

2018-03-06 11:07:26 - [TEST_STEP][PASSED] - Statement - (step++): null

2018-03-06 11:07:26 - [TEST_STEP][PASSED] - cupakeysDl.color.changecolor: cupakeysDl.color.changecolor is PASSED

2018-03-06 11:07:26 - [MESSAGE][PASSED] - Object 'Object Repository/CuPaDl/Color/Color' is visible

2018-03-06 11:07:26 - [MESSAGE][PASSED] - Object: 'Object Repository/CuPaDl/Color/Color' is clicked on

2018-03-06 11:07:27 - [MESSAGE][PASSED] - Delayed 1 second(s)

2018-03-06 11:07:27 - [MESSAGE][PASSED] - Object 'Object Repository/CuPaDl/Color/Color_jetblack' is visible

2018-03-06 11:07:27 - [MESSAGE][PASSED] - Object: 'Object Repository/CuPaDl/Color/Color_jetblack' is clicked on

2018-03-06 11:07:27 - [MESSAGE][WARNING] - Timeout '0' is invalid. Using default page load timeout: '30'

2018-03-06 11:07:27 - [MESSAGE][PASSED] - Object 'Object Repository/CuPaDl/Color/Color_jetblack' is visible

2018-03-06 11:07:28 - [MESSAGE][PASSED] - Delayed 1 second(s)

2018-03-06 11:07:28 - [MESSAGE][PASSED] - Object: 'Object Repository/CuPaDl/Color/Color_jetblack' is clicked on

2018-03-06 11:07:32 - [MESSAGE][WARNING] - Object 'Object Repository/CuPaDl/Loading_indicator' is not visible after 3 second(s)

2018-03-06 11:07:33 - [MESSAGE][PASSED] - Delayed 1 second(s)

2018-03-06 11:07:33 - [MESSAGE][PASSED] - cupakeysDl.color.changecolor is PASSED

2018-03-06 11:07:33 - [TEST_STEP][PASSED] - Statement - (step++): null

2018-03-06 11:07:33 - [TEST_STEP][PASSED] - Statement - iconmap += CustomKeywords.cupakeysDl.iconad.iconadd("australia", LoadTimeCorrector, step, run, device, timeStamp, iconcount): cupakeysDl.iconad.iconadd is PASSED

2018-03-06 11:07:33 - [MESSAGE][PASSED] - Object: 'Object Repository/CuPaDl/Icons/Icon' is clicked on

2018-03-06 11:07:35 - [MESSAGE][WARNING] - Object 'Object Repository/CuPaDl/Icons/Icon_australia' is not visible after 2 second(s)

2018-03-06 11:07:35 - [MESSAGE][PASSED] - Object: 'Object Repository/CuPaDl/MenuScroll/ObjectsScrollRight' is clicked on

2018-03-06 11:07:37 - [MESSAGE][PASSED] - Delayed 2 second(s)

2018-03-06 11:07:37 - [MESSAGE][PASSED] - Object 'Object Repository/CuPaDl/Icons/Icon_australia' is visible

2018-03-06 11:07:37 - [MESSAGE][PASSED] - Object: 'Object Repository/CuPaDl/Icons/Icon_australia' is clicked on

2018-03-06 11:07:38 - [MESSAGE][PASSED] - Delayed 1 second(s)

2018-03-06 11:07:39 - [MESSAGE][PASSED] - Object 'Object Repository/CuPaDl/Loading_indicator' is visible

2018-03-06 11:07:40 - [MESSAGE][PASSED] - Object 'Object Repository/CuPaDl/Loading_indicator' is NOT visible

2018-03-06 11:07:40 - [MESSAGE][WARNING] - Timeout '0' is invalid. Using default page load timeout: '30'

2018-03-06 11:07:40 - [MESSAGE][PASSED] - Width of element 'Object Repository/CuPaDl/Icons/Reposition_icon' is '40'

2018-03-06 11:07:40 - [MESSAGE][PASSED] - Height of element 'Object Repository/CuPaDl/Icons/Reposition_icon' is '40'.

2018-03-06 11:07:41 - [MESSAGE][PASSED] - Delayed 1 second(s)

2018-03-06 11:07:41 - [MESSAGE][PASSED] - cupakeysDl.iconad.iconadd is PASSED

2018-03-06 11:07:41 - [TEST_STEP][PASSED] - Statement - (step++): null

2018-03-06 11:07:41 - [TEST_STEP][PASSED] - Statement - (iconcount++): null

2018-03-06 11:07:41 - [TEST_STEP][PASSED] - cupakeysDl.iconres.iconresize: cupakeysDl.iconres.iconresize is PASSED

2018-03-06 11:07:41 - [MESSAGE][PASSED] - Object 'Object Repository/CuPaDl/Icons/Reposition_icon' is visible

2018-03-06 11:07:41 - [MESSAGE][PASSED] - Current viewport's left (x) position is 0

2018-03-06 11:07:41 - [MESSAGE][PASSED] - Current viewport's top (y) position is 54

2018-03-06 11:07:41 - [MESSAGE][PASSED] - Dragged object with id 'Object Repository/CuPaDl/Icons/Resize_icon_bottomright' by offset distance x = 125 and y = 179 successfully

2018-03-06 11:07:42 - [MESSAGE][PASSED] - Object 'Object Repository/CuPaDl/Loading_indicator' is visible

2018-03-06 11:07:43 - [MESSAGE][PASSED] - Object 'Object Repository/CuPaDl/Loading_indicator' is NOT visible

2018-03-06 11:07:44 - [MESSAGE][PASSED] - Delayed 1 second(s)

2018-03-06 11:07:44 - [MESSAGE][PASSED] - cupakeysDl.iconres.iconresize is PASSED

2018-03-06 11:07:44 - [TEST_STEP][PASSED] - Statement - (step++): null

2018-03-06 11:07:44 - [TEST_STEP][PASSED] - cupakeysDl.slink.svlink: cupakeysDl.slink.svlink is PASSED

2018-03-06 11:07:44 - [MESSAGE][PASSED] - Scroll to object 'Object Repository/CuPaDl/Save/Save' successfully

2018-03-06 11:07:45 - [MESSAGE][PASSED] - Object: 'Object Repository/CuPaDl/Save/Save' is clicked on

2018-03-06 11:07:45 - [MESSAGE][WARNING] - Timeout '0' is invalid. Using default page load timeout: '30'

2018-03-06 11:07:46 - [MESSAGE][PASSED] - Object 'Object Repository/CuPaDl/Save/CopyLink' is visible

2018-03-06 11:07:46 - [MESSAGE][PASSED] - Attribute 'value' of object 'Object Repository/CuPaDl/Save/Link' is: 'https://d16a4dsnr8a0k1.cloudfront.net/en/2455233.html?scupaId=DFEtN3RaIyc/L3o4Q0JM'

2018-03-06 11:07:46 - [MESSAGE][PASSED] - cupakeysDl.slink.svlink is PASSED

2018-03-06 11:07:46 - [TEST_STEP][PASSED] - cupakeysDl.endsession.finishsession: cupakeysDl.endsession.finishsession is PASSED

2018-03-06 11:07:49 - [MESSAGE][PASSED] - Delayed 3 second(s)

2018-03-06 11:07:49 - [MESSAGE][PASSED] - Browser is closed

2018-03-06 11:07:49 - [MESSAGE][PASSED] - cupakeysDl.endsession.finishsession is PASSED]]></system-out>
         <system-err><![CDATA[]]></system-err>
      </testcase>
      <testcase name="Test Cases/CuPaStefanie/35" classname="Test Cases/CuPaStefanie/35" status="PASSED">
         <system-out><![CDATA[2018-03-06 11:07:49 - [TEST_CASE][PASSED] - Test Cases/CuPaStefanie/35: Test Cases/CuPaStefanie/35

2018-03-06 11:07:50 - [TEST_STEP][PASSED] - Statement - timeStamp = new java.text.SimpleDateFormat(dd.MM.yyyy).format(java.util.Calendar.getInstance().getTime()): null

2018-03-06 11:07:50 - [TEST_STEP][PASSED] - Statement - timeStampScreenshot = new java.text.SimpleDateFormat(dd.MM.yyyy).format(java.util.Calendar.getInstance().getTime()): null

2018-03-06 11:07:50 - [TEST_STEP][PASSED] - Statement - iconmap = [:]: null

2018-03-06 11:07:50 - [TEST_STEP][PASSED] - Statement - txtmap = [:]: null

2018-03-06 11:07:50 - [TEST_STEP][PASSED] - Statement - signmap = [:]: null

2018-03-06 11:07:50 - [TEST_STEP][PASSED] - cupakeysDl.initStart.initialStart: cupakeysDl.initStart.initialStart is PASSED

2018-03-06 11:07:52 - [MESSAGE][PASSED] - Browser is opened with url: ''

2018-03-06 11:07:55 - [MESSAGE][PASSED] - Delayed 3 second(s)

2018-03-06 11:07:56 - [MESSAGE][PASSED] - Navigate to 'https://d16a4dsnr8a0k1.cloudfront.net/en/2455233.html?price=150.00%20%E2%82%AC&partName=wilsonPartName&vin=wilsonVin&modelCode=XP11&paint=P0A94&modelDescription=wilsonModelDescription&additionalEquipment=wilsonAdditionalEquipment' successfully

2018-03-06 11:07:56 - [MESSAGE][PASSED] - Object 'Object Repository/CuPaDl/Loading_indicator' is visible

2018-03-06 11:08:04 - [MESSAGE][PASSED] - Object 'Object Repository/CuPaDl/Loading_indicator' is NOT visible

2018-03-06 11:08:05 - [MESSAGE][PASSED] - Delayed 1 second(s)

2018-03-06 11:08:05 - [MESSAGE][PASSED] - cupakeysDl.initStart.initialStart is PASSED

2018-03-06 11:08:05 - [TEST_STEP][PASSED] - Statement - (step++): null

2018-03-06 11:08:05 - [TEST_STEP][PASSED] - cupakeysDl.color.changecolor: cupakeysDl.color.changecolor is PASSED

2018-03-06 11:08:05 - [MESSAGE][PASSED] - Object 'Object Repository/CuPaDl/Color/Color' is visible

2018-03-06 11:08:05 - [MESSAGE][PASSED] - Object: 'Object Repository/CuPaDl/Color/Color' is clicked on

2018-03-06 11:08:06 - [MESSAGE][PASSED] - Delayed 1 second(s)

2018-03-06 11:08:06 - [MESSAGE][PASSED] - Object 'Object Repository/CuPaDl/Color/Color_nightlightblue' is visible

2018-03-06 11:08:06 - [MESSAGE][PASSED] - Object: 'Object Repository/CuPaDl/Color/Color_nightlightblue' is clicked on

2018-03-06 11:08:06 - [MESSAGE][WARNING] - Timeout '0' is invalid. Using default page load timeout: '30'

2018-03-06 11:08:06 - [MESSAGE][PASSED] - Object 'Object Repository/CuPaDl/Color/Color_nightlightblue' is visible

2018-03-06 11:08:07 - [MESSAGE][PASSED] - Delayed 1 second(s)

2018-03-06 11:08:07 - [MESSAGE][PASSED] - Object: 'Object Repository/CuPaDl/Color/Color_nightlightblue' is clicked on

2018-03-06 11:08:11 - [MESSAGE][WARNING] - Object 'Object Repository/CuPaDl/Loading_indicator' is not visible after 3 second(s)

2018-03-06 11:08:12 - [MESSAGE][PASSED] - Delayed 1 second(s)

2018-03-06 11:08:12 - [MESSAGE][PASSED] - cupakeysDl.color.changecolor is PASSED

2018-03-06 11:08:12 - [TEST_STEP][PASSED] - Statement - (step++): null

2018-03-06 11:08:12 - [TEST_STEP][PASSED] - Statement - iconmap += CustomKeywords.cupakeysDl.iconad.iconadd("londoncircle", LoadTimeCorrector, step, run, device, timeStamp, iconcount): cupakeysDl.iconad.iconadd is PASSED

2018-03-06 11:08:12 - [MESSAGE][PASSED] - Object: 'Object Repository/CuPaDl/Icons/Icon' is clicked on

2018-03-06 11:08:14 - [MESSAGE][WARNING] - Object 'Object Repository/CuPaDl/Icons/Icon_londoncircle' is not visible after 2 second(s)

2018-03-06 11:08:14 - [MESSAGE][PASSED] - Object: 'Object Repository/CuPaDl/MenuScroll/ObjectsScrollRight' is clicked on

2018-03-06 11:08:16 - [MESSAGE][PASSED] - Delayed 2 second(s)

2018-03-06 11:08:16 - [MESSAGE][PASSED] - Object 'Object Repository/CuPaDl/Icons/Icon_londoncircle' is visible

2018-03-06 11:08:16 - [MESSAGE][PASSED] - Object: 'Object Repository/CuPaDl/Icons/Icon_londoncircle' is clicked on

2018-03-06 11:08:17 - [MESSAGE][PASSED] - Delayed 1 second(s)

2018-03-06 11:08:17 - [MESSAGE][PASSED] - Object 'Object Repository/CuPaDl/Loading_indicator' is visible

2018-03-06 11:08:47 - [MESSAGE][WARNING] - Object 'Object Repository/CuPaDl/Loading_indicator' is visible after 30 second(s)

2018-03-06 11:08:47 - [MESSAGE][WARNING] - Timeout '0' is invalid. Using default page load timeout: '30'

2018-03-06 11:08:48 - [MESSAGE][PASSED] - Width of element 'Object Repository/CuPaDl/Icons/Reposition_icon' is '40'

2018-03-06 11:08:48 - [MESSAGE][PASSED] - Height of element 'Object Repository/CuPaDl/Icons/Reposition_icon' is '40'.

2018-03-06 11:08:49 - [MESSAGE][PASSED] - Delayed 1 second(s)

2018-03-06 11:08:49 - [MESSAGE][PASSED] - cupakeysDl.iconad.iconadd is PASSED

2018-03-06 11:08:49 - [TEST_STEP][PASSED] - Statement - (step++): null

2018-03-06 11:08:49 - [TEST_STEP][PASSED] - Statement - (iconcount++): null

2018-03-06 11:08:49 - [TEST_STEP][PASSED] - cupakeysDl.iconres.iconresize: cupakeysDl.iconres.iconresize is PASSED

2018-03-06 11:08:49 - [MESSAGE][PASSED] - Object 'Object Repository/CuPaDl/Icons/Reposition_icon' is visible

2018-03-06 11:08:49 - [MESSAGE][PASSED] - Current viewport's left (x) position is 0

2018-03-06 11:08:49 - [MESSAGE][PASSED] - Current viewport's top (y) position is 54

2018-03-06 11:08:49 - [MESSAGE][PASSED] - Dragged object with id 'Object Repository/CuPaDl/Icons/Resize_icon_bottomright' by offset distance x = -125 and y = -71 successfully

2018-03-06 11:08:50 - [MESSAGE][PASSED] - Object 'Object Repository/CuPaDl/Loading_indicator' is visible

2018-03-06 11:09:20 - [MESSAGE][WARNING] - Object 'Object Repository/CuPaDl/Loading_indicator' is visible after 30 second(s)

2018-03-06 11:09:21 - [MESSAGE][PASSED] - Delayed 1 second(s)

2018-03-06 11:09:21 - [MESSAGE][PASSED] - cupakeysDl.iconres.iconresize is PASSED

2018-03-06 11:09:21 - [TEST_STEP][PASSED] - Statement - (step++): null

2018-03-06 11:09:21 - [TEST_STEP][PASSED] - cupakeysDl.slink.svlink: cupakeysDl.slink.svlink is PASSED

2018-03-06 11:09:21 - [MESSAGE][PASSED] - Scroll to object 'Object Repository/CuPaDl/Save/Save' successfully

2018-03-06 11:09:21 - [MESSAGE][PASSED] - Object: 'Object Repository/CuPaDl/Save/Save' is clicked on

2018-03-06 11:09:21 - [MESSAGE][WARNING] - Timeout '0' is invalid. Using default page load timeout: '30'

2018-03-06 11:09:37 - [MESSAGE][PASSED] - Object 'Object Repository/CuPaDl/Save/CopyLink' is visible

2018-03-06 11:09:37 - [MESSAGE][PASSED] - Attribute 'value' of object 'Object Repository/CuPaDl/Save/Link' is: 'https://d16a4dsnr8a0k1.cloudfront.net/en/2455233.html?scupaId=G1MsIXoqJyY2IXo0RURG'

2018-03-06 11:09:37 - [MESSAGE][PASSED] - cupakeysDl.slink.svlink is PASSED

2018-03-06 11:09:37 - [TEST_STEP][PASSED] - cupakeysDl.endsession.finishsession: cupakeysDl.endsession.finishsession is PASSED

2018-03-06 11:09:40 - [MESSAGE][PASSED] - Delayed 3 second(s)

2018-03-06 11:09:41 - [MESSAGE][PASSED] - Browser is closed

2018-03-06 11:09:41 - [MESSAGE][PASSED] - cupakeysDl.endsession.finishsession is PASSED]]></system-out>
         <system-err><![CDATA[]]></system-err>
      </testcase>
      <testcase name="Test Cases/CuPaStefanie/36" classname="Test Cases/CuPaStefanie/36" status="PASSED">
         <system-out><![CDATA[2018-03-06 11:09:41 - [TEST_CASE][PASSED] - Test Cases/CuPaStefanie/36: Test Cases/CuPaStefanie/36

2018-03-06 11:09:41 - [TEST_STEP][PASSED] - Statement - timeStamp = new java.text.SimpleDateFormat(dd.MM.yyyy).format(java.util.Calendar.getInstance().getTime()): null

2018-03-06 11:09:41 - [TEST_STEP][PASSED] - Statement - timeStampScreenshot = new java.text.SimpleDateFormat(dd.MM.yyyy).format(java.util.Calendar.getInstance().getTime()): null

2018-03-06 11:09:41 - [TEST_STEP][PASSED] - Statement - iconmap = [:]: null

2018-03-06 11:09:41 - [TEST_STEP][PASSED] - Statement - txtmap = [:]: null

2018-03-06 11:09:41 - [TEST_STEP][PASSED] - Statement - signmap = [:]: null

2018-03-06 11:09:41 - [TEST_STEP][PASSED] - cupakeysDl.initStart.initialStart: cupakeysDl.initStart.initialStart is PASSED

2018-03-06 11:09:43 - [MESSAGE][PASSED] - Browser is opened with url: ''

2018-03-06 11:09:46 - [MESSAGE][PASSED] - Delayed 3 second(s)

2018-03-06 11:09:50 - [MESSAGE][PASSED] - Navigate to 'https://d16a4dsnr8a0k1.cloudfront.net/en/2455233.html?price=150.00%20%E2%82%AC&partName=wilsonPartName&vin=wilsonVin&modelCode=XP11&paint=P0A94&modelDescription=wilsonModelDescription&additionalEquipment=wilsonAdditionalEquipment' successfully

2018-03-06 11:09:50 - [MESSAGE][PASSED] - Object 'Object Repository/CuPaDl/Loading_indicator' is visible

2018-03-06 11:10:00 - [MESSAGE][PASSED] - Object 'Object Repository/CuPaDl/Loading_indicator' is NOT visible

2018-03-06 11:10:01 - [MESSAGE][PASSED] - Delayed 1 second(s)

2018-03-06 11:10:01 - [MESSAGE][PASSED] - cupakeysDl.initStart.initialStart is PASSED

2018-03-06 11:10:01 - [TEST_STEP][PASSED] - Statement - (step++): null

2018-03-06 11:10:01 - [TEST_STEP][PASSED] - cupakeysDl.color.changecolor: cupakeysDl.color.changecolor is PASSED

2018-03-06 11:10:01 - [MESSAGE][PASSED] - Object 'Object Repository/CuPaDl/Color/Color' is visible

2018-03-06 11:10:01 - [MESSAGE][PASSED] - Object: 'Object Repository/CuPaDl/Color/Color' is clicked on

2018-03-06 11:10:02 - [MESSAGE][PASSED] - Delayed 1 second(s)

2018-03-06 11:10:02 - [MESSAGE][PASSED] - Object 'Object Repository/CuPaDl/Color/Color_moonwalkgrey' is visible

2018-03-06 11:10:02 - [MESSAGE][PASSED] - Object: 'Object Repository/CuPaDl/Color/Color_moonwalkgrey' is clicked on

2018-03-06 11:10:02 - [MESSAGE][WARNING] - Timeout '0' is invalid. Using default page load timeout: '30'

2018-03-06 11:10:02 - [MESSAGE][PASSED] - Object 'Object Repository/CuPaDl/Color/Color_moonwalkgrey' is visible

2018-03-06 11:10:03 - [MESSAGE][PASSED] - Delayed 1 second(s)

2018-03-06 11:10:03 - [MESSAGE][PASSED] - Object: 'Object Repository/CuPaDl/Color/Color_moonwalkgrey' is clicked on

2018-03-06 11:10:03 - [MESSAGE][PASSED] - Object 'Object Repository/CuPaDl/Loading_indicator' is visible

2018-03-06 11:10:06 - [MESSAGE][PASSED] - Object 'Object Repository/CuPaDl/Loading_indicator' is NOT visible

2018-03-06 11:10:07 - [MESSAGE][PASSED] - Delayed 1 second(s)

2018-03-06 11:10:07 - [MESSAGE][PASSED] - cupakeysDl.color.changecolor is PASSED

2018-03-06 11:10:07 - [TEST_STEP][PASSED] - Statement - (step++): null

2018-03-06 11:10:07 - [TEST_STEP][PASSED] - Statement - iconmap += CustomKeywords.cupakeysDl.iconad.iconadd("londoncircle", LoadTimeCorrector, step, run, device, timeStamp, iconcount): cupakeysDl.iconad.iconadd is PASSED

2018-03-06 11:10:07 - [MESSAGE][PASSED] - Object: 'Object Repository/CuPaDl/Icons/Icon' is clicked on

2018-03-06 11:10:09 - [MESSAGE][WARNING] - Object 'Object Repository/CuPaDl/Icons/Icon_londoncircle' is not visible after 2 second(s)

2018-03-06 11:10:09 - [MESSAGE][PASSED] - Object: 'Object Repository/CuPaDl/MenuScroll/ObjectsScrollRight' is clicked on

2018-03-06 11:10:11 - [MESSAGE][PASSED] - Delayed 2 second(s)

2018-03-06 11:10:11 - [MESSAGE][PASSED] - Object 'Object Repository/CuPaDl/Icons/Icon_londoncircle' is visible

2018-03-06 11:10:11 - [MESSAGE][PASSED] - Object: 'Object Repository/CuPaDl/Icons/Icon_londoncircle' is clicked on

2018-03-06 11:10:12 - [MESSAGE][PASSED] - Delayed 1 second(s)

2018-03-06 11:10:12 - [MESSAGE][PASSED] - Object 'Object Repository/CuPaDl/Loading_indicator' is visible

2018-03-06 11:10:43 - [MESSAGE][WARNING] - Object 'Object Repository/CuPaDl/Loading_indicator' is visible after 30 second(s)

2018-03-06 11:10:43 - [MESSAGE][WARNING] - Timeout '0' is invalid. Using default page load timeout: '30'

2018-03-06 11:10:43 - [MESSAGE][PASSED] - Width of element 'Object Repository/CuPaDl/Icons/Reposition_icon' is '40'

2018-03-06 11:10:43 - [MESSAGE][PASSED] - Height of element 'Object Repository/CuPaDl/Icons/Reposition_icon' is '40'.

2018-03-06 11:10:44 - [MESSAGE][PASSED] - Delayed 1 second(s)

2018-03-06 11:10:44 - [MESSAGE][PASSED] - cupakeysDl.iconad.iconadd is PASSED

2018-03-06 11:10:44 - [TEST_STEP][PASSED] - Statement - (step++): null

2018-03-06 11:10:44 - [TEST_STEP][PASSED] - Statement - (iconcount++): null

2018-03-06 11:10:44 - [TEST_STEP][PASSED] - cupakeysDl.iconres.iconresize: cupakeysDl.iconres.iconresize is PASSED

2018-03-06 11:10:44 - [MESSAGE][PASSED] - Object 'Object Repository/CuPaDl/Icons/Reposition_icon' is visible

2018-03-06 11:10:44 - [MESSAGE][PASSED] - Current viewport's left (x) position is 0

2018-03-06 11:10:44 - [MESSAGE][PASSED] - Current viewport's top (y) position is 54

2018-03-06 11:10:44 - [MESSAGE][PASSED] - Dragged object with id 'Object Repository/CuPaDl/Icons/Resize_icon_bottomright' by offset distance x = 125 and y = 179 successfully

2018-03-06 11:10:45 - [MESSAGE][PASSED] - Object 'Object Repository/CuPaDl/Loading_indicator' is visible

2018-03-06 11:11:04 - [MESSAGE][PASSED] - Object 'Object Repository/CuPaDl/Loading_indicator' is NOT visible

2018-03-06 11:11:05 - [MESSAGE][PASSED] - Delayed 1 second(s)

2018-03-06 11:11:05 - [MESSAGE][PASSED] - cupakeysDl.iconres.iconresize is PASSED

2018-03-06 11:11:05 - [TEST_STEP][PASSED] - Statement - (step++): null

2018-03-06 11:11:05 - [TEST_STEP][PASSED] - cupakeysDl.slink.svlink: cupakeysDl.slink.svlink is PASSED

2018-03-06 11:11:05 - [MESSAGE][PASSED] - Scroll to object 'Object Repository/CuPaDl/Save/Save' successfully

2018-03-06 11:11:05 - [MESSAGE][PASSED] - Object: 'Object Repository/CuPaDl/Save/Save' is clicked on

2018-03-06 11:11:05 - [MESSAGE][WARNING] - Timeout '0' is invalid. Using default page load timeout: '30'

2018-03-06 11:11:07 - [MESSAGE][PASSED] - Object 'Object Repository/CuPaDl/Save/CopyLink' is visible

2018-03-06 11:11:07 - [MESSAGE][PASSED] - Attribute 'value' of object 'Object Repository/CuPaDl/Save/Link' is: 'https://d16a4dsnr8a0k1.cloudfront.net/en/2455233.html?scupaId=BSgkVHBePCQtVno6N0NF'

2018-03-06 11:11:07 - [MESSAGE][PASSED] - cupakeysDl.slink.svlink is PASSED

2018-03-06 11:11:07 - [TEST_STEP][PASSED] - cupakeysDl.endsession.finishsession: cupakeysDl.endsession.finishsession is PASSED

2018-03-06 11:11:10 - [MESSAGE][PASSED] - Delayed 3 second(s)

2018-03-06 11:11:10 - [MESSAGE][PASSED] - Browser is closed

2018-03-06 11:11:10 - [MESSAGE][PASSED] - cupakeysDl.endsession.finishsession is PASSED]]></system-out>
         <system-err><![CDATA[]]></system-err>
      </testcase>
      <testcase name="Test Cases/CuPaStefanie/37" classname="Test Cases/CuPaStefanie/37" status="PASSED">
         <system-out><![CDATA[2018-03-06 11:11:10 - [TEST_CASE][PASSED] - Test Cases/CuPaStefanie/37: Test Cases/CuPaStefanie/37

2018-03-06 11:11:10 - [TEST_STEP][PASSED] - Statement - timeStamp = new java.text.SimpleDateFormat(dd.MM.yyyy).format(java.util.Calendar.getInstance().getTime()): null

2018-03-06 11:11:10 - [TEST_STEP][PASSED] - Statement - timeStampScreenshot = new java.text.SimpleDateFormat(dd.MM.yyyy).format(java.util.Calendar.getInstance().getTime()): null

2018-03-06 11:11:10 - [TEST_STEP][PASSED] - Statement - iconmap = [:]: null

2018-03-06 11:11:10 - [TEST_STEP][PASSED] - Statement - txtmap = [:]: null

2018-03-06 11:11:10 - [TEST_STEP][PASSED] - Statement - signmap = [:]: null

2018-03-06 11:11:10 - [TEST_STEP][PASSED] - cupakeysDl.initStart.initialStart: cupakeysDl.initStart.initialStart is PASSED

2018-03-06 11:11:12 - [MESSAGE][PASSED] - Browser is opened with url: ''

2018-03-06 11:11:15 - [MESSAGE][PASSED] - Delayed 3 second(s)

2018-03-06 11:11:17 - [MESSAGE][PASSED] - Navigate to 'https://d16a4dsnr8a0k1.cloudfront.net/en/2455233.html?price=150.00%20%E2%82%AC&partName=wilsonPartName&vin=wilsonVin&modelCode=XP11&paint=P0A94&modelDescription=wilsonModelDescription&additionalEquipment=wilsonAdditionalEquipment' successfully

2018-03-06 11:11:17 - [MESSAGE][PASSED] - Object 'Object Repository/CuPaDl/Loading_indicator' is visible

2018-03-06 11:11:25 - [MESSAGE][PASSED] - Object 'Object Repository/CuPaDl/Loading_indicator' is NOT visible

2018-03-06 11:11:26 - [MESSAGE][PASSED] - Delayed 1 second(s)

2018-03-06 11:11:26 - [MESSAGE][PASSED] - cupakeysDl.initStart.initialStart is PASSED

2018-03-06 11:11:26 - [TEST_STEP][PASSED] - Statement - (step++): null

2018-03-06 11:11:26 - [TEST_STEP][PASSED] - cupakeysDl.color.changecolor: cupakeysDl.color.changecolor is PASSED

2018-03-06 11:11:26 - [MESSAGE][PASSED] - Object 'Object Repository/CuPaDl/Color/Color' is visible

2018-03-06 11:11:26 - [MESSAGE][PASSED] - Object: 'Object Repository/CuPaDl/Color/Color' is clicked on

2018-03-06 11:11:27 - [MESSAGE][PASSED] - Delayed 1 second(s)

2018-03-06 11:11:27 - [MESSAGE][PASSED] - Object 'Object Repository/CuPaDl/Color/Color_solartsorange' is visible

2018-03-06 11:11:27 - [MESSAGE][PASSED] - Object: 'Object Repository/CuPaDl/Color/Color_solartsorange' is clicked on

2018-03-06 11:11:27 - [MESSAGE][WARNING] - Timeout '0' is invalid. Using default page load timeout: '30'

2018-03-06 11:11:27 - [MESSAGE][PASSED] - Object 'Object Repository/CuPaDl/Color/Color_solartsorange' is visible

2018-03-06 11:11:28 - [MESSAGE][PASSED] - Delayed 1 second(s)

2018-03-06 11:11:28 - [MESSAGE][PASSED] - Object: 'Object Repository/CuPaDl/Color/Color_solartsorange' is clicked on

2018-03-06 11:11:28 - [MESSAGE][PASSED] - Object 'Object Repository/CuPaDl/Loading_indicator' is visible

2018-03-06 11:11:31 - [MESSAGE][PASSED] - Object 'Object Repository/CuPaDl/Loading_indicator' is NOT visible

2018-03-06 11:11:32 - [MESSAGE][PASSED] - Delayed 1 second(s)

2018-03-06 11:11:32 - [MESSAGE][PASSED] - cupakeysDl.color.changecolor is PASSED

2018-03-06 11:11:32 - [TEST_STEP][PASSED] - Statement - (step++): null

2018-03-06 11:11:32 - [TEST_STEP][PASSED] - Statement - iconmap += CustomKeywords.cupakeysDl.iconad.iconadd("mountain", LoadTimeCorrector, step, run, device, timeStamp, iconcount): cupakeysDl.iconad.iconadd is PASSED

2018-03-06 11:11:32 - [MESSAGE][PASSED] - Object: 'Object Repository/CuPaDl/Icons/Icon' is clicked on

2018-03-06 11:11:34 - [MESSAGE][WARNING] - Object 'Object Repository/CuPaDl/Icons/Icon_mountain' is not visible after 2 second(s)

2018-03-06 11:11:34 - [MESSAGE][PASSED] - Object: 'Object Repository/CuPaDl/MenuScroll/ObjectsScrollRight' is clicked on

2018-03-06 11:11:36 - [MESSAGE][PASSED] - Delayed 2 second(s)

2018-03-06 11:11:36 - [MESSAGE][PASSED] - Object 'Object Repository/CuPaDl/Icons/Icon_mountain' is visible

2018-03-06 11:11:36 - [MESSAGE][PASSED] - Object: 'Object Repository/CuPaDl/Icons/Icon_mountain' is clicked on

2018-03-06 11:11:37 - [MESSAGE][PASSED] - Delayed 1 second(s)

2018-03-06 11:11:38 - [MESSAGE][PASSED] - Object 'Object Repository/CuPaDl/Loading_indicator' is visible

2018-03-06 11:11:39 - [MESSAGE][PASSED] - Object 'Object Repository/CuPaDl/Loading_indicator' is NOT visible

2018-03-06 11:11:39 - [MESSAGE][WARNING] - Timeout '0' is invalid. Using default page load timeout: '30'

2018-03-06 11:11:39 - [MESSAGE][PASSED] - Width of element 'Object Repository/CuPaDl/Icons/Reposition_icon' is '40'

2018-03-06 11:11:39 - [MESSAGE][PASSED] - Height of element 'Object Repository/CuPaDl/Icons/Reposition_icon' is '40'.

2018-03-06 11:11:40 - [MESSAGE][PASSED] - Delayed 1 second(s)

2018-03-06 11:11:40 - [MESSAGE][PASSED] - cupakeysDl.iconad.iconadd is PASSED

2018-03-06 11:11:40 - [TEST_STEP][PASSED] - Statement - (step++): null

2018-03-06 11:11:40 - [TEST_STEP][PASSED] - Statement - (iconcount++): null

2018-03-06 11:11:40 - [TEST_STEP][PASSED] - cupakeysDl.iconres.iconresize: cupakeysDl.iconres.iconresize is PASSED

2018-03-06 11:11:40 - [MESSAGE][PASSED] - Object 'Object Repository/CuPaDl/Icons/Reposition_icon' is visible

2018-03-06 11:11:40 - [MESSAGE][PASSED] - Current viewport's left (x) position is 0

2018-03-06 11:11:40 - [MESSAGE][PASSED] - Current viewport's top (y) position is 54

2018-03-06 11:11:40 - [MESSAGE][PASSED] - Dragged object with id 'Object Repository/CuPaDl/Icons/Resize_icon_bottomright' by offset distance x = -125 and y = -71 successfully

2018-03-06 11:11:41 - [MESSAGE][PASSED] - Object 'Object Repository/CuPaDl/Loading_indicator' is visible

2018-03-06 11:11:42 - [MESSAGE][PASSED] - Object 'Object Repository/CuPaDl/Loading_indicator' is NOT visible

2018-03-06 11:11:43 - [MESSAGE][PASSED] - Delayed 1 second(s)

2018-03-06 11:11:43 - [MESSAGE][PASSED] - cupakeysDl.iconres.iconresize is PASSED

2018-03-06 11:11:43 - [TEST_STEP][PASSED] - Statement - (step++): null

2018-03-06 11:11:43 - [TEST_STEP][PASSED] - cupakeysDl.slink.svlink: cupakeysDl.slink.svlink is PASSED

2018-03-06 11:11:43 - [MESSAGE][PASSED] - Scroll to object 'Object Repository/CuPaDl/Save/Save' successfully

2018-03-06 11:11:43 - [MESSAGE][PASSED] - Object: 'Object Repository/CuPaDl/Save/Save' is clicked on

2018-03-06 11:11:43 - [MESSAGE][WARNING] - Timeout '0' is invalid. Using default page load timeout: '30'

2018-03-06 11:11:45 - [MESSAGE][PASSED] - Object 'Object Repository/CuPaDl/Save/CopyLink' is visible

2018-03-06 11:11:45 - [MESSAGE][PASSED] - Attribute 'value' of object 'Object Repository/CuPaDl/Save/Link' is: 'https://d16a4dsnr8a0k1.cloudfront.net/en/2455233.html?scupaId=DCQ9IRUuLSs2I3o0RURH'

2018-03-06 11:11:45 - [MESSAGE][PASSED] - cupakeysDl.slink.svlink is PASSED

2018-03-06 11:11:45 - [TEST_STEP][PASSED] - cupakeysDl.endsession.finishsession: cupakeysDl.endsession.finishsession is PASSED

2018-03-06 11:11:48 - [MESSAGE][PASSED] - Delayed 3 second(s)

2018-03-06 11:11:49 - [MESSAGE][PASSED] - Browser is closed

2018-03-06 11:11:49 - [MESSAGE][PASSED] - cupakeysDl.endsession.finishsession is PASSED]]></system-out>
         <system-err><![CDATA[]]></system-err>
      </testcase>
      <testcase name="Test Cases/CuPaStefanie/38" classname="Test Cases/CuPaStefanie/38" status="PASSED">
         <system-out><![CDATA[2018-03-06 11:11:49 - [TEST_CASE][PASSED] - Test Cases/CuPaStefanie/38: Test Cases/CuPaStefanie/38

2018-03-06 11:11:49 - [TEST_STEP][PASSED] - Statement - timeStamp = new java.text.SimpleDateFormat(dd.MM.yyyy).format(java.util.Calendar.getInstance().getTime()): null

2018-03-06 11:11:49 - [TEST_STEP][PASSED] - Statement - timeStampScreenshot = new java.text.SimpleDateFormat(dd.MM.yyyy).format(java.util.Calendar.getInstance().getTime()): null

2018-03-06 11:11:49 - [TEST_STEP][PASSED] - Statement - iconmap = [:]: null

2018-03-06 11:11:49 - [TEST_STEP][PASSED] - Statement - txtmap = [:]: null

2018-03-06 11:11:49 - [TEST_STEP][PASSED] - Statement - signmap = [:]: null

2018-03-06 11:11:49 - [TEST_STEP][PASSED] - cupakeysDl.initStart.initialStart: cupakeysDl.initStart.initialStart is PASSED

2018-03-06 11:11:51 - [MESSAGE][PASSED] - Browser is opened with url: ''

2018-03-06 11:11:54 - [MESSAGE][PASSED] - Delayed 3 second(s)

2018-03-06 11:11:55 - [MESSAGE][PASSED] - Navigate to 'https://d16a4dsnr8a0k1.cloudfront.net/en/2455233.html?price=150.00%20%E2%82%AC&partName=wilsonPartName&vin=wilsonVin&modelCode=XP11&paint=P0A94&modelDescription=wilsonModelDescription&additionalEquipment=wilsonAdditionalEquipment' successfully

2018-03-06 11:11:55 - [MESSAGE][PASSED] - Object 'Object Repository/CuPaDl/Loading_indicator' is visible

2018-03-06 11:12:03 - [MESSAGE][PASSED] - Object 'Object Repository/CuPaDl/Loading_indicator' is NOT visible

2018-03-06 11:12:04 - [MESSAGE][PASSED] - Delayed 1 second(s)

2018-03-06 11:12:04 - [MESSAGE][PASSED] - cupakeysDl.initStart.initialStart is PASSED

2018-03-06 11:12:04 - [TEST_STEP][PASSED] - Statement - (step++): null

2018-03-06 11:12:04 - [TEST_STEP][PASSED] - cupakeysDl.color.changecolor: cupakeysDl.color.changecolor is PASSED

2018-03-06 11:12:04 - [MESSAGE][PASSED] - Object 'Object Repository/CuPaDl/Color/Color' is visible

2018-03-06 11:12:04 - [MESSAGE][PASSED] - Object: 'Object Repository/CuPaDl/Color/Color' is clicked on

2018-03-06 11:12:05 - [MESSAGE][PASSED] - Delayed 1 second(s)

2018-03-06 11:12:05 - [MESSAGE][PASSED] - Object 'Object Repository/CuPaDl/Color/Color_thundergrey' is visible

2018-03-06 11:12:06 - [MESSAGE][PASSED] - Object: 'Object Repository/CuPaDl/Color/Color_thundergrey' is clicked on

2018-03-06 11:12:06 - [MESSAGE][WARNING] - Timeout '0' is invalid. Using default page load timeout: '30'

2018-03-06 11:12:06 - [MESSAGE][PASSED] - Object 'Object Repository/CuPaDl/Color/Color_thundergrey' is visible

2018-03-06 11:12:07 - [MESSAGE][PASSED] - Delayed 1 second(s)

2018-03-06 11:12:07 - [MESSAGE][PASSED] - Object: 'Object Repository/CuPaDl/Color/Color_thundergrey' is clicked on

2018-03-06 11:12:07 - [MESSAGE][PASSED] - Object 'Object Repository/CuPaDl/Loading_indicator' is visible

2018-03-06 11:12:09 - [MESSAGE][PASSED] - Object 'Object Repository/CuPaDl/Loading_indicator' is NOT visible

2018-03-06 11:12:10 - [MESSAGE][PASSED] - Delayed 1 second(s)

2018-03-06 11:12:10 - [MESSAGE][PASSED] - cupakeysDl.color.changecolor is PASSED

2018-03-06 11:12:10 - [TEST_STEP][PASSED] - Statement - (step++): null

2018-03-06 11:12:10 - [TEST_STEP][PASSED] - Statement - iconmap += CustomKeywords.cupakeysDl.iconad.iconadd("mountain", LoadTimeCorrector, step, run, device, timeStamp, iconcount): cupakeysDl.iconad.iconadd is PASSED

2018-03-06 11:12:10 - [MESSAGE][PASSED] - Object: 'Object Repository/CuPaDl/Icons/Icon' is clicked on

2018-03-06 11:12:12 - [MESSAGE][WARNING] - Object 'Object Repository/CuPaDl/Icons/Icon_mountain' is not visible after 2 second(s)

2018-03-06 11:12:12 - [MESSAGE][PASSED] - Object: 'Object Repository/CuPaDl/MenuScroll/ObjectsScrollRight' is clicked on

2018-03-06 11:12:14 - [MESSAGE][PASSED] - Delayed 2 second(s)

2018-03-06 11:12:14 - [MESSAGE][PASSED] - Object 'Object Repository/CuPaDl/Icons/Icon_mountain' is visible

2018-03-06 11:12:14 - [MESSAGE][PASSED] - Object: 'Object Repository/CuPaDl/Icons/Icon_mountain' is clicked on

2018-03-06 11:12:15 - [MESSAGE][PASSED] - Delayed 1 second(s)

2018-03-06 11:12:16 - [MESSAGE][PASSED] - Object 'Object Repository/CuPaDl/Loading_indicator' is visible

2018-03-06 11:12:17 - [MESSAGE][PASSED] - Object 'Object Repository/CuPaDl/Loading_indicator' is NOT visible

2018-03-06 11:12:17 - [MESSAGE][WARNING] - Timeout '0' is invalid. Using default page load timeout: '30'

2018-03-06 11:12:17 - [MESSAGE][PASSED] - Width of element 'Object Repository/CuPaDl/Icons/Reposition_icon' is '40'

2018-03-06 11:12:17 - [MESSAGE][PASSED] - Height of element 'Object Repository/CuPaDl/Icons/Reposition_icon' is '40'.

2018-03-06 11:12:18 - [MESSAGE][PASSED] - Delayed 1 second(s)

2018-03-06 11:12:18 - [MESSAGE][PASSED] - cupakeysDl.iconad.iconadd is PASSED

2018-03-06 11:12:18 - [TEST_STEP][PASSED] - Statement - (step++): null

2018-03-06 11:12:18 - [TEST_STEP][PASSED] - Statement - (iconcount++): null

2018-03-06 11:12:18 - [TEST_STEP][PASSED] - cupakeysDl.iconres.iconresize: cupakeysDl.iconres.iconresize is PASSED

2018-03-06 11:12:18 - [MESSAGE][PASSED] - Object 'Object Repository/CuPaDl/Icons/Reposition_icon' is visible

2018-03-06 11:12:18 - [MESSAGE][PASSED] - Current viewport's left (x) position is 0

2018-03-06 11:12:18 - [MESSAGE][PASSED] - Current viewport's top (y) position is 54

2018-03-06 11:12:18 - [MESSAGE][PASSED] - Dragged object with id 'Object Repository/CuPaDl/Icons/Resize_icon_bottomright' by offset distance x = 125 and y = 179 successfully

2018-03-06 11:12:20 - [MESSAGE][PASSED] - Object 'Object Repository/CuPaDl/Loading_indicator' is visible

2018-03-06 11:12:21 - [MESSAGE][PASSED] - Object 'Object Repository/CuPaDl/Loading_indicator' is NOT visible

2018-03-06 11:12:22 - [MESSAGE][PASSED] - Delayed 1 second(s)

2018-03-06 11:12:22 - [MESSAGE][PASSED] - cupakeysDl.iconres.iconresize is PASSED

2018-03-06 11:12:22 - [TEST_STEP][PASSED] - Statement - (step++): null

2018-03-06 11:12:22 - [TEST_STEP][PASSED] - cupakeysDl.slink.svlink: cupakeysDl.slink.svlink is PASSED

2018-03-06 11:12:22 - [MESSAGE][PASSED] - Scroll to object 'Object Repository/CuPaDl/Save/Save' successfully

2018-03-06 11:12:22 - [MESSAGE][PASSED] - Object: 'Object Repository/CuPaDl/Save/Save' is clicked on

2018-03-06 11:12:22 - [MESSAGE][WARNING] - Timeout '0' is invalid. Using default page load timeout: '30'

2018-03-06 11:12:24 - [MESSAGE][PASSED] - Object 'Object Repository/CuPaDl/Save/CopyLink' is visible

2018-03-06 11:12:24 - [MESSAGE][PASSED] - Attribute 'value' of object 'Object Repository/CuPaDl/Save/Link' is: 'https://d16a4dsnr8a0k1.cloudfront.net/en/2455233.html?scupaId=Di0vN24mUTU+JHo0RURA'

2018-03-06 11:12:24 - [MESSAGE][PASSED] - cupakeysDl.slink.svlink is PASSED

2018-03-06 11:12:24 - [TEST_STEP][PASSED] - cupakeysDl.endsession.finishsession: cupakeysDl.endsession.finishsession is PASSED

2018-03-06 11:12:27 - [MESSAGE][PASSED] - Delayed 3 second(s)

2018-03-06 11:12:27 - [MESSAGE][PASSED] - Browser is closed

2018-03-06 11:12:27 - [MESSAGE][PASSED] - cupakeysDl.endsession.finishsession is PASSED]]></system-out>
         <system-err><![CDATA[]]></system-err>
      </testcase>
      <testcase name="Test Cases/CuPaStefanie/39" classname="Test Cases/CuPaStefanie/39" status="PASSED">
         <system-out><![CDATA[2018-03-06 11:12:27 - [TEST_CASE][PASSED] - Test Cases/CuPaStefanie/39: Test Cases/CuPaStefanie/39

2018-03-06 11:12:28 - [TEST_STEP][PASSED] - Statement - timeStamp = new java.text.SimpleDateFormat(dd.MM.yyyy).format(java.util.Calendar.getInstance().getTime()): null

2018-03-06 11:12:28 - [TEST_STEP][PASSED] - Statement - timeStampScreenshot = new java.text.SimpleDateFormat(dd.MM.yyyy).format(java.util.Calendar.getInstance().getTime()): null

2018-03-06 11:12:28 - [TEST_STEP][PASSED] - Statement - iconmap = [:]: null

2018-03-06 11:12:28 - [TEST_STEP][PASSED] - Statement - txtmap = [:]: null

2018-03-06 11:12:28 - [TEST_STEP][PASSED] - Statement - signmap = [:]: null

2018-03-06 11:12:28 - [TEST_STEP][PASSED] - cupakeysDl.initStart.initialStart: cupakeysDl.initStart.initialStart is PASSED

2018-03-06 11:12:29 - [MESSAGE][PASSED] - Browser is opened with url: ''

2018-03-06 11:12:32 - [MESSAGE][PASSED] - Delayed 3 second(s)

2018-03-06 11:12:34 - [MESSAGE][PASSED] - Navigate to 'https://d16a4dsnr8a0k1.cloudfront.net/en/2455233.html?price=150.00%20%E2%82%AC&partName=wilsonPartName&vin=wilsonVin&modelCode=XP11&paint=P0A94&modelDescription=wilsonModelDescription&additionalEquipment=wilsonAdditionalEquipment' successfully

2018-03-06 11:12:34 - [MESSAGE][PASSED] - Object 'Object Repository/CuPaDl/Loading_indicator' is visible

2018-03-06 11:12:42 - [MESSAGE][PASSED] - Object 'Object Repository/CuPaDl/Loading_indicator' is NOT visible

2018-03-06 11:12:43 - [MESSAGE][PASSED] - Delayed 1 second(s)

2018-03-06 11:12:43 - [MESSAGE][PASSED] - cupakeysDl.initStart.initialStart is PASSED

2018-03-06 11:12:43 - [TEST_STEP][PASSED] - Statement - (step++): null

2018-03-06 11:12:43 - [TEST_STEP][PASSED] - cupakeysDl.color.changecolor: cupakeysDl.color.changecolor is PASSED

2018-03-06 11:12:43 - [MESSAGE][PASSED] - Object 'Object Repository/CuPaDl/Color/Color' is visible

2018-03-06 11:12:43 - [MESSAGE][PASSED] - Object: 'Object Repository/CuPaDl/Color/Color' is clicked on

2018-03-06 11:12:44 - [MESSAGE][PASSED] - Delayed 1 second(s)

2018-03-06 11:12:44 - [MESSAGE][PASSED] - Object 'Object Repository/CuPaDl/Color/Color_electricblue' is visible

2018-03-06 11:12:44 - [MESSAGE][PASSED] - Object: 'Object Repository/CuPaDl/Color/Color_electricblue' is clicked on

2018-03-06 11:12:44 - [MESSAGE][WARNING] - Timeout '0' is invalid. Using default page load timeout: '30'

2018-03-06 11:12:44 - [MESSAGE][PASSED] - Object 'Object Repository/CuPaDl/Color/Color_electricblue' is visible

2018-03-06 11:12:45 - [MESSAGE][PASSED] - Delayed 1 second(s)

2018-03-06 11:12:46 - [MESSAGE][PASSED] - Object: 'Object Repository/CuPaDl/Color/Color_electricblue' is clicked on

2018-03-06 11:12:49 - [MESSAGE][WARNING] - Object 'Object Repository/CuPaDl/Loading_indicator' is not visible after 3 second(s)

2018-03-06 11:12:50 - [MESSAGE][PASSED] - Delayed 1 second(s)

2018-03-06 11:12:50 - [MESSAGE][PASSED] - cupakeysDl.color.changecolor is PASSED

2018-03-06 11:12:50 - [TEST_STEP][PASSED] - Statement - (step++): null

2018-03-06 11:12:50 - [TEST_STEP][PASSED] - Statement - iconmap += CustomKeywords.cupakeysDl.iconad.iconadd("simplecompass", LoadTimeCorrector, step, run, device, timeStamp, iconcount): cupakeysDl.iconad.iconadd is PASSED

2018-03-06 11:12:50 - [MESSAGE][PASSED] - Object: 'Object Repository/CuPaDl/Icons/Icon' is clicked on

2018-03-06 11:12:52 - [MESSAGE][WARNING] - Object 'Object Repository/CuPaDl/Icons/Icon_simplecompass' is not visible after 2 second(s)

2018-03-06 11:12:52 - [MESSAGE][PASSED] - Object: 'Object Repository/CuPaDl/MenuScroll/ObjectsScrollRight' is clicked on

2018-03-06 11:12:54 - [MESSAGE][PASSED] - Delayed 2 second(s)

2018-03-06 11:12:54 - [MESSAGE][PASSED] - Object 'Object Repository/CuPaDl/Icons/Icon_simplecompass' is visible

2018-03-06 11:12:54 - [MESSAGE][PASSED] - Object: 'Object Repository/CuPaDl/Icons/Icon_simplecompass' is clicked on

2018-03-06 11:12:55 - [MESSAGE][PASSED] - Delayed 1 second(s)

2018-03-06 11:12:56 - [MESSAGE][PASSED] - Object 'Object Repository/CuPaDl/Loading_indicator' is visible

2018-03-06 11:12:57 - [MESSAGE][PASSED] - Object 'Object Repository/CuPaDl/Loading_indicator' is NOT visible

2018-03-06 11:12:57 - [MESSAGE][WARNING] - Timeout '0' is invalid. Using default page load timeout: '30'

2018-03-06 11:12:57 - [MESSAGE][PASSED] - Width of element 'Object Repository/CuPaDl/Icons/Reposition_icon' is '40'

2018-03-06 11:12:57 - [MESSAGE][PASSED] - Height of element 'Object Repository/CuPaDl/Icons/Reposition_icon' is '40'.

2018-03-06 11:12:58 - [MESSAGE][PASSED] - Delayed 1 second(s)

2018-03-06 11:12:58 - [MESSAGE][PASSED] - cupakeysDl.iconad.iconadd is PASSED

2018-03-06 11:12:58 - [TEST_STEP][PASSED] - Statement - (step++): null

2018-03-06 11:12:58 - [TEST_STEP][PASSED] - Statement - (iconcount++): null

2018-03-06 11:12:58 - [TEST_STEP][PASSED] - cupakeysDl.iconres.iconresize: cupakeysDl.iconres.iconresize is PASSED

2018-03-06 11:12:58 - [MESSAGE][PASSED] - Object 'Object Repository/CuPaDl/Icons/Reposition_icon' is visible

2018-03-06 11:12:58 - [MESSAGE][PASSED] - Current viewport's left (x) position is 0

2018-03-06 11:12:58 - [MESSAGE][PASSED] - Current viewport's top (y) position is 54

2018-03-06 11:12:58 - [MESSAGE][PASSED] - Dragged object with id 'Object Repository/CuPaDl/Icons/Resize_icon_bottomright' by offset distance x = -125 and y = -71 successfully

2018-03-06 11:13:01 - [MESSAGE][WARNING] - Object 'Object Repository/CuPaDl/Loading_indicator' is not visible after 3 second(s)

2018-03-06 11:13:02 - [MESSAGE][PASSED] - Delayed 1 second(s)

2018-03-06 11:13:02 - [MESSAGE][PASSED] - cupakeysDl.iconres.iconresize is PASSED

2018-03-06 11:13:02 - [TEST_STEP][PASSED] - Statement - (step++): null

2018-03-06 11:13:02 - [TEST_STEP][PASSED] - cupakeysDl.slink.svlink: cupakeysDl.slink.svlink is PASSED

2018-03-06 11:13:02 - [MESSAGE][PASSED] - Scroll to object 'Object Repository/CuPaDl/Save/Save' successfully

2018-03-06 11:13:02 - [MESSAGE][PASSED] - Object: 'Object Repository/CuPaDl/Save/Save' is clicked on

2018-03-06 11:13:02 - [MESSAGE][WARNING] - Timeout '0' is invalid. Using default page load timeout: '30'

2018-03-06 11:13:04 - [MESSAGE][PASSED] - Object 'Object Repository/CuPaDl/Save/CopyLink' is visible

2018-03-06 11:13:04 - [MESSAGE][PASSED] - Attribute 'value' of object 'Object Repository/CuPaDl/Save/Link' is: 'https://d16a4dsnr8a0k1.cloudfront.net/en/2455233.html?scupaId=DVcpIXomOjwrJ3o0RURB'

2018-03-06 11:13:04 - [MESSAGE][PASSED] - cupakeysDl.slink.svlink is PASSED

2018-03-06 11:13:04 - [TEST_STEP][PASSED] - cupakeysDl.endsession.finishsession: cupakeysDl.endsession.finishsession is PASSED

2018-03-06 11:13:07 - [MESSAGE][PASSED] - Delayed 3 second(s)

2018-03-06 11:13:08 - [MESSAGE][PASSED] - Browser is closed

2018-03-06 11:13:08 - [MESSAGE][PASSED] - cupakeysDl.endsession.finishsession is PASSED]]></system-out>
         <system-err><![CDATA[]]></system-err>
      </testcase>
      <testcase name="Test Cases/CuPaStefanie/40" classname="Test Cases/CuPaStefanie/40" status="PASSED">
         <system-out><![CDATA[2018-03-06 11:13:08 - [TEST_CASE][PASSED] - Test Cases/CuPaStefanie/40: Test Cases/CuPaStefanie/40

2018-03-06 11:13:08 - [TEST_STEP][PASSED] - Statement - timeStamp = new java.text.SimpleDateFormat(dd.MM.yyyy).format(java.util.Calendar.getInstance().getTime()): null

2018-03-06 11:13:08 - [TEST_STEP][PASSED] - Statement - timeStampScreenshot = new java.text.SimpleDateFormat(dd.MM.yyyy).format(java.util.Calendar.getInstance().getTime()): null

2018-03-06 11:13:08 - [TEST_STEP][PASSED] - Statement - iconmap = [:]: null

2018-03-06 11:13:08 - [TEST_STEP][PASSED] - Statement - txtmap = [:]: null

2018-03-06 11:13:08 - [TEST_STEP][PASSED] - Statement - signmap = [:]: null

2018-03-06 11:13:08 - [TEST_STEP][PASSED] - cupakeysDl.initStart.initialStart: cupakeysDl.initStart.initialStart is PASSED

2018-03-06 11:13:10 - [MESSAGE][PASSED] - Browser is opened with url: ''

2018-03-06 11:13:13 - [MESSAGE][PASSED] - Delayed 3 second(s)

2018-03-06 11:13:14 - [MESSAGE][PASSED] - Navigate to 'https://d16a4dsnr8a0k1.cloudfront.net/en/2455233.html?price=150.00%20%E2%82%AC&partName=wilsonPartName&vin=wilsonVin&modelCode=XP11&paint=P0A94&modelDescription=wilsonModelDescription&additionalEquipment=wilsonAdditionalEquipment' successfully

2018-03-06 11:13:14 - [MESSAGE][PASSED] - Object 'Object Repository/CuPaDl/Loading_indicator' is visible

2018-03-06 11:13:23 - [MESSAGE][PASSED] - Object 'Object Repository/CuPaDl/Loading_indicator' is NOT visible

2018-03-06 11:13:24 - [MESSAGE][PASSED] - Delayed 1 second(s)

2018-03-06 11:13:24 - [MESSAGE][PASSED] - cupakeysDl.initStart.initialStart is PASSED

2018-03-06 11:13:24 - [TEST_STEP][PASSED] - Statement - (step++): null

2018-03-06 11:13:24 - [TEST_STEP][PASSED] - cupakeysDl.color.changecolor: cupakeysDl.color.changecolor is PASSED

2018-03-06 11:13:24 - [MESSAGE][PASSED] - Object 'Object Repository/CuPaDl/Color/Color' is visible

2018-03-06 11:13:24 - [MESSAGE][PASSED] - Object: 'Object Repository/CuPaDl/Color/Color' is clicked on

2018-03-06 11:13:25 - [MESSAGE][PASSED] - Delayed 1 second(s)

2018-03-06 11:13:25 - [MESSAGE][PASSED] - Object 'Object Repository/CuPaDl/Color/Color_lapisblue' is visible

2018-03-06 11:13:25 - [MESSAGE][PASSED] - Object: 'Object Repository/CuPaDl/Color/Color_lapisblue' is clicked on

2018-03-06 11:13:25 - [MESSAGE][WARNING] - Timeout '0' is invalid. Using default page load timeout: '30'

2018-03-06 11:13:25 - [MESSAGE][PASSED] - Object 'Object Repository/CuPaDl/Color/Color_lapisblue' is visible

2018-03-06 11:13:26 - [MESSAGE][PASSED] - Delayed 1 second(s)

2018-03-06 11:13:26 - [MESSAGE][PASSED] - Object: 'Object Repository/CuPaDl/Color/Color_lapisblue' is clicked on

2018-03-06 11:13:26 - [MESSAGE][PASSED] - Object 'Object Repository/CuPaDl/Loading_indicator' is visible

2018-03-06 11:13:29 - [MESSAGE][PASSED] - Object 'Object Repository/CuPaDl/Loading_indicator' is NOT visible

2018-03-06 11:13:30 - [MESSAGE][PASSED] - Delayed 1 second(s)

2018-03-06 11:13:30 - [MESSAGE][PASSED] - cupakeysDl.color.changecolor is PASSED

2018-03-06 11:13:30 - [TEST_STEP][PASSED] - Statement - (step++): null

2018-03-06 11:13:30 - [TEST_STEP][PASSED] - Statement - iconmap += CustomKeywords.cupakeysDl.iconad.iconadd("simplecompass", LoadTimeCorrector, step, run, device, timeStamp, iconcount): cupakeysDl.iconad.iconadd is PASSED

2018-03-06 11:13:30 - [MESSAGE][PASSED] - Object: 'Object Repository/CuPaDl/Icons/Icon' is clicked on

2018-03-06 11:13:32 - [MESSAGE][WARNING] - Object 'Object Repository/CuPaDl/Icons/Icon_simplecompass' is not visible after 2 second(s)

2018-03-06 11:13:32 - [MESSAGE][PASSED] - Object: 'Object Repository/CuPaDl/MenuScroll/ObjectsScrollRight' is clicked on

2018-03-06 11:13:34 - [MESSAGE][PASSED] - Delayed 2 second(s)

2018-03-06 11:13:34 - [MESSAGE][PASSED] - Object 'Object Repository/CuPaDl/Icons/Icon_simplecompass' is visible

2018-03-06 11:13:34 - [MESSAGE][PASSED] - Object: 'Object Repository/CuPaDl/Icons/Icon_simplecompass' is clicked on

2018-03-06 11:13:35 - [MESSAGE][PASSED] - Delayed 1 second(s)

2018-03-06 11:13:39 - [MESSAGE][WARNING] - Object 'Object Repository/CuPaDl/Loading_indicator' is not visible after 3 second(s)

2018-03-06 11:13:39 - [MESSAGE][WARNING] - Timeout '0' is invalid. Using default page load timeout: '30'

2018-03-06 11:13:39 - [MESSAGE][PASSED] - Width of element 'Object Repository/CuPaDl/Icons/Reposition_icon' is '40'

2018-03-06 11:13:39 - [MESSAGE][PASSED] - Height of element 'Object Repository/CuPaDl/Icons/Reposition_icon' is '40'.

2018-03-06 11:13:40 - [MESSAGE][PASSED] - Delayed 1 second(s)

2018-03-06 11:13:40 - [MESSAGE][PASSED] - cupakeysDl.iconad.iconadd is PASSED

2018-03-06 11:13:40 - [TEST_STEP][PASSED] - Statement - (step++): null

2018-03-06 11:13:40 - [TEST_STEP][PASSED] - Statement - (iconcount++): null

2018-03-06 11:13:40 - [TEST_STEP][PASSED] - cupakeysDl.iconres.iconresize: cupakeysDl.iconres.iconresize is PASSED

2018-03-06 11:13:40 - [MESSAGE][PASSED] - Object 'Object Repository/CuPaDl/Icons/Reposition_icon' is visible

2018-03-06 11:13:40 - [MESSAGE][PASSED] - Current viewport's left (x) position is 0

2018-03-06 11:13:40 - [MESSAGE][PASSED] - Current viewport's top (y) position is 54

2018-03-06 11:13:40 - [MESSAGE][PASSED] - Dragged object with id 'Object Repository/CuPaDl/Icons/Resize_icon_bottomright' by offset distance x = 125 and y = 179 successfully

2018-03-06 11:13:43 - [MESSAGE][WARNING] - Object 'Object Repository/CuPaDl/Loading_indicator' is not visible after 3 second(s)

2018-03-06 11:13:44 - [MESSAGE][PASSED] - Delayed 1 second(s)

2018-03-06 11:13:44 - [MESSAGE][PASSED] - cupakeysDl.iconres.iconresize is PASSED

2018-03-06 11:13:44 - [TEST_STEP][PASSED] - Statement - (step++): null

2018-03-06 11:13:44 - [TEST_STEP][PASSED] - cupakeysDl.slink.svlink: cupakeysDl.slink.svlink is PASSED

2018-03-06 11:13:44 - [MESSAGE][PASSED] - Scroll to object 'Object Repository/CuPaDl/Save/Save' successfully

2018-03-06 11:13:44 - [MESSAGE][PASSED] - Object: 'Object Repository/CuPaDl/Save/Save' is clicked on

2018-03-06 11:13:44 - [MESSAGE][WARNING] - Timeout '0' is invalid. Using default page load timeout: '30'

2018-03-06 11:13:46 - [MESSAGE][PASSED] - Object 'Object Repository/CuPaDl/Save/CopyLink' is visible

2018-03-06 11:13:46 - [MESSAGE][PASSED] - Attribute 'value' of object 'Object Repository/CuPaDl/Save/Link' is: 'https://d16a4dsnr8a0k1.cloudfront.net/en/2455233.html?scupaId=AFJZLGZaLyskN3o0RURC'

2018-03-06 11:13:46 - [MESSAGE][PASSED] - cupakeysDl.slink.svlink is PASSED

2018-03-06 11:13:46 - [TEST_STEP][PASSED] - cupakeysDl.endsession.finishsession: cupakeysDl.endsession.finishsession is PASSED

2018-03-06 11:13:49 - [MESSAGE][PASSED] - Delayed 3 second(s)

2018-03-06 11:13:50 - [MESSAGE][PASSED] - Browser is closed

2018-03-06 11:13:50 - [MESSAGE][PASSED] - cupakeysDl.endsession.finishsession is PASSED]]></system-out>
         <system-err><![CDATA[]]></system-err>
      </testcase>
      <testcase name="Test Cases/CuPaStefanie/41" classname="Test Cases/CuPaStefanie/41" status="PASSED">
         <system-out><![CDATA[2018-03-06 11:13:50 - [TEST_CASE][PASSED] - Test Cases/CuPaStefanie/41: Test Cases/CuPaStefanie/41

2018-03-06 11:13:50 - [TEST_STEP][PASSED] - Statement - timeStamp = new java.text.SimpleDateFormat(dd.MM.yyyy).format(java.util.Calendar.getInstance().getTime()): null

2018-03-06 11:13:50 - [TEST_STEP][PASSED] - Statement - timeStampScreenshot = new java.text.SimpleDateFormat(dd.MM.yyyy).format(java.util.Calendar.getInstance().getTime()): null

2018-03-06 11:13:50 - [TEST_STEP][PASSED] - Statement - iconmap = [:]: null

2018-03-06 11:13:50 - [TEST_STEP][PASSED] - Statement - txtmap = [:]: null

2018-03-06 11:13:50 - [TEST_STEP][PASSED] - Statement - signmap = [:]: null

2018-03-06 11:13:50 - [TEST_STEP][PASSED] - cupakeysDl.initStart.initialStart: cupakeysDl.initStart.initialStart is PASSED

2018-03-06 11:13:52 - [MESSAGE][PASSED] - Browser is opened with url: ''

2018-03-06 11:13:55 - [MESSAGE][PASSED] - Delayed 3 second(s)

2018-03-06 11:13:56 - [MESSAGE][PASSED] - Navigate to 'https://d16a4dsnr8a0k1.cloudfront.net/en/2455233.html?price=150.00%20%E2%82%AC&partName=wilsonPartName&vin=wilsonVin&modelCode=XP11&paint=P0A94&modelDescription=wilsonModelDescription&additionalEquipment=wilsonAdditionalEquipment' successfully

2018-03-06 11:13:56 - [MESSAGE][PASSED] - Object 'Object Repository/CuPaDl/Loading_indicator' is visible

2018-03-06 11:14:04 - [MESSAGE][PASSED] - Object 'Object Repository/CuPaDl/Loading_indicator' is NOT visible

2018-03-06 11:14:05 - [MESSAGE][PASSED] - Delayed 1 second(s)

2018-03-06 11:14:05 - [MESSAGE][PASSED] - cupakeysDl.initStart.initialStart is PASSED

2018-03-06 11:14:05 - [TEST_STEP][PASSED] - Statement - (step++): null

2018-03-06 11:14:05 - [TEST_STEP][PASSED] - cupakeysDl.color.changecolor: cupakeysDl.color.changecolor is PASSED

2018-03-06 11:14:05 - [MESSAGE][PASSED] - Object 'Object Repository/CuPaDl/Color/Color' is visible

2018-03-06 11:14:05 - [MESSAGE][PASSED] - Object: 'Object Repository/CuPaDl/Color/Color' is clicked on

2018-03-06 11:14:06 - [MESSAGE][PASSED] - Delayed 1 second(s)

2018-03-06 11:14:07 - [MESSAGE][PASSED] - Object 'Object Repository/CuPaDl/Color/Color_rebelgreen' is visible

2018-03-06 11:14:07 - [MESSAGE][PASSED] - Object: 'Object Repository/CuPaDl/Color/Color_rebelgreen' is clicked on

2018-03-06 11:14:07 - [MESSAGE][WARNING] - Timeout '0' is invalid. Using default page load timeout: '30'

2018-03-06 11:14:07 - [MESSAGE][PASSED] - Object 'Object Repository/CuPaDl/Color/Color_rebelgreen' is visible

2018-03-06 11:14:08 - [MESSAGE][PASSED] - Delayed 1 second(s)

2018-03-06 11:14:08 - [MESSAGE][PASSED] - Object: 'Object Repository/CuPaDl/Color/Color_rebelgreen' is clicked on

2018-03-06 11:14:08 - [MESSAGE][PASSED] - Object 'Object Repository/CuPaDl/Loading_indicator' is visible

2018-03-06 11:14:10 - [MESSAGE][PASSED] - Object 'Object Repository/CuPaDl/Loading_indicator' is NOT visible

2018-03-06 11:14:11 - [MESSAGE][PASSED] - Delayed 1 second(s)

2018-03-06 11:14:11 - [MESSAGE][PASSED] - cupakeysDl.color.changecolor is PASSED

2018-03-06 11:14:11 - [TEST_STEP][PASSED] - Statement - (step++): null

2018-03-06 11:14:11 - [TEST_STEP][PASSED] - Statement - iconmap += CustomKeywords.cupakeysDl.iconad.iconadd("worldmap", LoadTimeCorrector, step, run, device, timeStamp, iconcount): cupakeysDl.iconad.iconadd is PASSED

2018-03-06 11:14:11 - [MESSAGE][PASSED] - Object: 'Object Repository/CuPaDl/Icons/Icon' is clicked on

2018-03-06 11:14:13 - [MESSAGE][WARNING] - Object 'Object Repository/CuPaDl/Icons/Icon_worldmap' is not visible after 2 second(s)

2018-03-06 11:14:13 - [MESSAGE][PASSED] - Object: 'Object Repository/CuPaDl/MenuScroll/ObjectsScrollRight' is clicked on

2018-03-06 11:14:15 - [MESSAGE][PASSED] - Delayed 2 second(s)

2018-03-06 11:14:16 - [MESSAGE][WARNING] - Object 'Object Repository/CuPaDl/Icons/Icon_worldmap' is not visible after 1 second(s)

2018-03-06 11:14:16 - [MESSAGE][PASSED] - Object: 'Object Repository/CuPaDl/MenuScroll/ObjectsScrollRight' is clicked on

2018-03-06 11:14:18 - [MESSAGE][PASSED] - Delayed 2 second(s)

2018-03-06 11:14:19 - [MESSAGE][PASSED] - Object: 'Object Repository/CuPaDl/Icons/Icon_worldmap' is clicked on

2018-03-06 11:14:20 - [MESSAGE][PASSED] - Delayed 1 second(s)

2018-03-06 11:14:20 - [MESSAGE][PASSED] - Object 'Object Repository/CuPaDl/Loading_indicator' is visible

2018-03-06 11:14:23 - [MESSAGE][PASSED] - Object 'Object Repository/CuPaDl/Loading_indicator' is NOT visible

2018-03-06 11:14:23 - [MESSAGE][WARNING] - Timeout '0' is invalid. Using default page load timeout: '30'

2018-03-06 11:14:23 - [MESSAGE][PASSED] - Width of element 'Object Repository/CuPaDl/Icons/Reposition_icon' is '40'

2018-03-06 11:14:23 - [MESSAGE][PASSED] - Height of element 'Object Repository/CuPaDl/Icons/Reposition_icon' is '40'.

2018-03-06 11:14:24 - [MESSAGE][PASSED] - Delayed 1 second(s)

2018-03-06 11:14:24 - [MESSAGE][PASSED] - cupakeysDl.iconad.iconadd is PASSED

2018-03-06 11:14:24 - [TEST_STEP][PASSED] - Statement - (step++): null

2018-03-06 11:14:24 - [TEST_STEP][PASSED] - Statement - (iconcount++): null

2018-03-06 11:14:24 - [TEST_STEP][PASSED] - cupakeysDl.iconres.iconresize: cupakeysDl.iconres.iconresize is PASSED

2018-03-06 11:14:24 - [MESSAGE][PASSED] - Object 'Object Repository/CuPaDl/Icons/Reposition_icon' is visible

2018-03-06 11:14:24 - [MESSAGE][PASSED] - Current viewport's left (x) position is 0

2018-03-06 11:14:24 - [MESSAGE][PASSED] - Current viewport's top (y) position is 54

2018-03-06 11:14:24 - [MESSAGE][PASSED] - Dragged object with id 'Object Repository/CuPaDl/Icons/Resize_icon_bottomright' by offset distance x = -125 and y = -71 successfully

2018-03-06 11:14:25 - [MESSAGE][PASSED] - Object 'Object Repository/CuPaDl/Loading_indicator' is visible

2018-03-06 11:14:29 - [MESSAGE][PASSED] - Object 'Object Repository/CuPaDl/Loading_indicator' is NOT visible

2018-03-06 11:14:30 - [MESSAGE][PASSED] - Delayed 1 second(s)

2018-03-06 11:14:30 - [MESSAGE][PASSED] - cupakeysDl.iconres.iconresize is PASSED

2018-03-06 11:14:30 - [TEST_STEP][PASSED] - Statement - (step++): null

2018-03-06 11:14:30 - [TEST_STEP][PASSED] - cupakeysDl.slink.svlink: cupakeysDl.slink.svlink is PASSED

2018-03-06 11:14:30 - [MESSAGE][PASSED] - Scroll to object 'Object Repository/CuPaDl/Save/Save' successfully

2018-03-06 11:14:30 - [MESSAGE][PASSED] - Object: 'Object Repository/CuPaDl/Save/Save' is clicked on

2018-03-06 11:14:30 - [MESSAGE][WARNING] - Timeout '0' is invalid. Using default page load timeout: '30'

2018-03-06 11:14:32 - [MESSAGE][PASSED] - Object 'Object Repository/CuPaDl/Save/CopyLink' is visible

2018-03-06 11:14:32 - [MESSAGE][PASSED] - Attribute 'value' of object 'Object Repository/CuPaDl/Save/Link' is: 'https://d16a4dsnr8a0k1.cloudfront.net/en/2455233.html?scupaId=AywnMhU6JCI7V3o0RURD'

2018-03-06 11:14:32 - [MESSAGE][PASSED] - cupakeysDl.slink.svlink is PASSED

2018-03-06 11:14:32 - [TEST_STEP][PASSED] - cupakeysDl.endsession.finishsession: cupakeysDl.endsession.finishsession is PASSED

2018-03-06 11:14:35 - [MESSAGE][PASSED] - Delayed 3 second(s)

2018-03-06 11:14:35 - [MESSAGE][PASSED] - Browser is closed

2018-03-06 11:14:35 - [MESSAGE][PASSED] - cupakeysDl.endsession.finishsession is PASSED]]></system-out>
         <system-err><![CDATA[]]></system-err>
      </testcase>
      <testcase name="Test Cases/CuPaStefanie/42" classname="Test Cases/CuPaStefanie/42" status="PASSED">
         <system-out><![CDATA[2018-03-06 11:14:35 - [TEST_CASE][PASSED] - Test Cases/CuPaStefanie/42: Test Cases/CuPaStefanie/42

2018-03-06 11:14:35 - [TEST_STEP][PASSED] - Statement - timeStamp = new java.text.SimpleDateFormat(dd.MM.yyyy).format(java.util.Calendar.getInstance().getTime()): null

2018-03-06 11:14:35 - [TEST_STEP][PASSED] - Statement - timeStampScreenshot = new java.text.SimpleDateFormat(dd.MM.yyyy).format(java.util.Calendar.getInstance().getTime()): null

2018-03-06 11:14:35 - [TEST_STEP][PASSED] - Statement - iconmap = [:]: null

2018-03-06 11:14:35 - [TEST_STEP][PASSED] - Statement - txtmap = [:]: null

2018-03-06 11:14:35 - [TEST_STEP][PASSED] - Statement - signmap = [:]: null

2018-03-06 11:14:35 - [TEST_STEP][PASSED] - cupakeysDl.initStart.initialStart: cupakeysDl.initStart.initialStart is PASSED

2018-03-06 11:14:37 - [MESSAGE][PASSED] - Browser is opened with url: ''

2018-03-06 11:14:40 - [MESSAGE][PASSED] - Delayed 3 second(s)

2018-03-06 11:14:42 - [MESSAGE][PASSED] - Navigate to 'https://d16a4dsnr8a0k1.cloudfront.net/en/2455233.html?price=150.00%20%E2%82%AC&partName=wilsonPartName&vin=wilsonVin&modelCode=XP11&paint=P0A94&modelDescription=wilsonModelDescription&additionalEquipment=wilsonAdditionalEquipment' successfully

2018-03-06 11:14:42 - [MESSAGE][PASSED] - Object 'Object Repository/CuPaDl/Loading_indicator' is visible

2018-03-06 11:14:50 - [MESSAGE][PASSED] - Object 'Object Repository/CuPaDl/Loading_indicator' is NOT visible

2018-03-06 11:14:51 - [MESSAGE][PASSED] - Delayed 1 second(s)

2018-03-06 11:14:51 - [MESSAGE][PASSED] - cupakeysDl.initStart.initialStart is PASSED

2018-03-06 11:14:51 - [TEST_STEP][PASSED] - Statement - (step++): null

2018-03-06 11:14:51 - [TEST_STEP][PASSED] - cupakeysDl.color.changecolor: cupakeysDl.color.changecolor is PASSED

2018-03-06 11:14:51 - [MESSAGE][PASSED] - Object 'Object Repository/CuPaDl/Color/Color' is visible

2018-03-06 11:14:51 - [MESSAGE][PASSED] - Object: 'Object Repository/CuPaDl/Color/Color' is clicked on

2018-03-06 11:14:52 - [MESSAGE][PASSED] - Delayed 1 second(s)

2018-03-06 11:14:52 - [MESSAGE][PASSED] - Object 'Object Repository/CuPaDl/Color/Color_caribeanaqua' is visible

2018-03-06 11:14:52 - [MESSAGE][PASSED] - Object: 'Object Repository/CuPaDl/Color/Color_caribeanaqua' is clicked on

2018-03-06 11:14:52 - [MESSAGE][WARNING] - Timeout '0' is invalid. Using default page load timeout: '30'

2018-03-06 11:14:52 - [MESSAGE][PASSED] - Object 'Object Repository/CuPaDl/Color/Color_caribeanaqua' is visible

2018-03-06 11:14:53 - [MESSAGE][PASSED] - Delayed 1 second(s)

2018-03-06 11:14:54 - [MESSAGE][PASSED] - Object: 'Object Repository/CuPaDl/Color/Color_caribeanaqua' is clicked on

2018-03-06 11:14:54 - [MESSAGE][PASSED] - Object 'Object Repository/CuPaDl/Loading_indicator' is visible

2018-03-06 11:14:56 - [MESSAGE][PASSED] - Object 'Object Repository/CuPaDl/Loading_indicator' is NOT visible

2018-03-06 11:14:57 - [MESSAGE][PASSED] - Delayed 1 second(s)

2018-03-06 11:14:57 - [MESSAGE][PASSED] - cupakeysDl.color.changecolor is PASSED

2018-03-06 11:14:57 - [TEST_STEP][PASSED] - Statement - (step++): null

2018-03-06 11:14:57 - [TEST_STEP][PASSED] - Statement - iconmap += CustomKeywords.cupakeysDl.iconad.iconadd("worldmap", LoadTimeCorrector, step, run, device, timeStamp, iconcount): cupakeysDl.iconad.iconadd is PASSED

2018-03-06 11:14:57 - [MESSAGE][PASSED] - Object: 'Object Repository/CuPaDl/Icons/Icon' is clicked on

2018-03-06 11:14:59 - [MESSAGE][WARNING] - Object 'Object Repository/CuPaDl/Icons/Icon_worldmap' is not visible after 2 second(s)

2018-03-06 11:14:59 - [MESSAGE][PASSED] - Object: 'Object Repository/CuPaDl/MenuScroll/ObjectsScrollRight' is clicked on

2018-03-06 11:15:01 - [MESSAGE][PASSED] - Delayed 2 second(s)

2018-03-06 11:15:02 - [MESSAGE][WARNING] - Object 'Object Repository/CuPaDl/Icons/Icon_worldmap' is not visible after 1 second(s)

2018-03-06 11:15:02 - [MESSAGE][PASSED] - Object: 'Object Repository/CuPaDl/MenuScroll/ObjectsScrollRight' is clicked on

2018-03-06 11:15:04 - [MESSAGE][PASSED] - Delayed 2 second(s)

2018-03-06 11:15:04 - [MESSAGE][PASSED] - Object: 'Object Repository/CuPaDl/Icons/Icon_worldmap' is clicked on

2018-03-06 11:15:05 - [MESSAGE][PASSED] - Delayed 1 second(s)

2018-03-06 11:15:05 - [MESSAGE][PASSED] - Object 'Object Repository/CuPaDl/Loading_indicator' is visible

2018-03-06 11:15:08 - [MESSAGE][PASSED] - Object 'Object Repository/CuPaDl/Loading_indicator' is NOT visible

2018-03-06 11:15:08 - [MESSAGE][WARNING] - Timeout '0' is invalid. Using default page load timeout: '30'

2018-03-06 11:15:08 - [MESSAGE][PASSED] - Width of element 'Object Repository/CuPaDl/Icons/Reposition_icon' is '40'

2018-03-06 11:15:08 - [MESSAGE][PASSED] - Height of element 'Object Repository/CuPaDl/Icons/Reposition_icon' is '40'.

2018-03-06 11:15:09 - [MESSAGE][PASSED] - Delayed 1 second(s)

2018-03-06 11:15:09 - [MESSAGE][PASSED] - cupakeysDl.iconad.iconadd is PASSED

2018-03-06 11:15:09 - [TEST_STEP][PASSED] - Statement - (step++): null

2018-03-06 11:15:09 - [TEST_STEP][PASSED] - Statement - (iconcount++): null

2018-03-06 11:15:09 - [TEST_STEP][PASSED] - cupakeysDl.iconres.iconresize: cupakeysDl.iconres.iconresize is PASSED

2018-03-06 11:15:09 - [MESSAGE][PASSED] - Object 'Object Repository/CuPaDl/Icons/Reposition_icon' is visible

2018-03-06 11:15:09 - [MESSAGE][PASSED] - Current viewport's left (x) position is 0

2018-03-06 11:15:09 - [MESSAGE][PASSED] - Current viewport's top (y) position is 54

2018-03-06 11:15:09 - [MESSAGE][PASSED] - Dragged object with id 'Object Repository/CuPaDl/Icons/Resize_icon_bottomright' by offset distance x = 125 and y = 179 successfully

2018-03-06 11:15:10 - [MESSAGE][PASSED] - Object 'Object Repository/CuPaDl/Loading_indicator' is visible

2018-03-06 11:15:13 - [MESSAGE][PASSED] - Object 'Object Repository/CuPaDl/Loading_indicator' is NOT visible

2018-03-06 11:15:14 - [MESSAGE][PASSED] - Delayed 1 second(s)

2018-03-06 11:15:14 - [MESSAGE][PASSED] - cupakeysDl.iconres.iconresize is PASSED

2018-03-06 11:15:14 - [TEST_STEP][PASSED] - Statement - (step++): null

2018-03-06 11:15:14 - [TEST_STEP][PASSED] - cupakeysDl.slink.svlink: cupakeysDl.slink.svlink is PASSED

2018-03-06 11:15:14 - [MESSAGE][PASSED] - Scroll to object 'Object Repository/CuPaDl/Save/Save' successfully

2018-03-06 11:15:15 - [MESSAGE][PASSED] - Object: 'Object Repository/CuPaDl/Save/Save' is clicked on

2018-03-06 11:15:15 - [MESSAGE][WARNING] - Timeout '0' is invalid. Using default page load timeout: '30'

2018-03-06 11:15:16 - [MESSAGE][PASSED] - Object 'Object Repository/CuPaDl/Save/CopyLink' is visible

2018-03-06 11:15:16 - [MESSAGE][PASSED] - Attribute 'value' of object 'Object Repository/CuPaDl/Save/Link' is: 'https://d16a4dsnr8a0k1.cloudfront.net/en/2455233.html?scupaId=CFMnVHdULDUnP3o0RURM'

2018-03-06 11:15:16 - [MESSAGE][PASSED] - cupakeysDl.slink.svlink is PASSED

2018-03-06 11:15:16 - [TEST_STEP][PASSED] - cupakeysDl.endsession.finishsession: cupakeysDl.endsession.finishsession is PASSED

2018-03-06 11:15:19 - [MESSAGE][PASSED] - Delayed 3 second(s)

2018-03-06 11:15:20 - [MESSAGE][PASSED] - Browser is closed

2018-03-06 11:15:20 - [MESSAGE][PASSED] - cupakeysDl.endsession.finishsession is PASSED]]></system-out>
         <system-err><![CDATA[]]></system-err>
      </testcase>
      <system-out><![CDATA[2018-03-06 10:32:02 - [TEST_SUITE][PASSED] - CuPa: Test Cases/CuPaStefanie/42]]></system-out>
      <system-err><![CDATA[]]></system-err>
   </testsuite>
</testsuites>
