<?xml version="1.0" encoding="UTF-8"?>
<testsuites name="CuPa" time="261" tests="1" failures="1" errors="0">
   <testsuite name="CuPa" tests="1" failures="1" errors="0" time="261" timestamp="2018-03-05 22:52:37" hostname="Megapoort - DESKTOP-47R6KV7.localdomain" id="Test Suites/CuPa">
      <properties>
         <property name="deviceName" value=""/>
         <property name="devicePlatform" value=""/>
         <property name="logFolder" value="D:\\Project\\DS5.2.1\\Reports\\CuPa\\20180305_225236"/>
         <property name="logFiles" value="D:\\Project\\DS5.2.1\\Reports\\CuPa\\20180305_225236\\execution0.log"/>
         <property name="attachments" value=""/>
         <property name="hostName" value="Megapoort - DESKTOP-47R6KV7.localdomain"/>
         <property name="os" value="Windows 10 64bit"/>
         <property name="katalonVersion" value="5.3.1.1"/>
         <property name="browser" value="Chrome 64.0.3282.186"/>
         <property name="hostAddress" value="192.168.100.78"/>
         <property name="sessionId" value="15952435bac33c80fb470c1e31ba3aed"/>
         <property name="seleniumVersion" value="3.7.1"/>
         <property name="proxyInformation" value="ProxyInformation{proxyOption=NO_PROXY, proxyServerType=HTTP, password=, proxyServerAddress=, proxyServerPort=0}"/>
         <property name="platform" value="Windows 10"/>
      </properties>
      <testcase name="Test Cases/CuPaStefanie/35" classname="Test Cases/CuPaStefanie/35" status="PASSED">
         <system-out><![CDATA[2018-03-05 22:52:38 - [TEST_CASE][PASSED] - Test Cases/CuPaStefanie/35: Test Cases/CuPaStefanie/35

2018-03-05 22:52:38 - [TEST_STEP][PASSED] - Statement - timeStamp = new java.text.SimpleDateFormat(dd.MM.yyyy).format(java.util.Calendar.getInstance().getTime()): null

2018-03-05 22:52:38 - [TEST_STEP][PASSED] - Statement - timeStampScreenshot = new java.text.SimpleDateFormat(dd.MM.yyyy).format(java.util.Calendar.getInstance().getTime()): null

2018-03-05 22:52:38 - [TEST_STEP][PASSED] - Statement - iconmap = [:]: null

2018-03-05 22:52:38 - [TEST_STEP][PASSED] - Statement - txtmap = [:]: null

2018-03-05 22:52:38 - [TEST_STEP][PASSED] - Statement - signmap = [:]: null

2018-03-05 22:52:38 - [TEST_STEP][PASSED] - cupakeysDl.initStart.initialStart: cupakeysDl.initStart.initialStart is PASSED

2018-03-05 22:52:41 - [MESSAGE][PASSED] - Browser is opened with url: ''

2018-03-05 22:52:44 - [MESSAGE][PASSED] - Delayed 3 second(s)

2018-03-05 22:52:46 - [MESSAGE][PASSED] - Navigate to 'https://d16a4dsnr8a0k1.cloudfront.net/en/2455233.html?price=150.00%20%E2%82%AC&partName=wilsonPartName&vin=wilsonVin&modelCode=XP11&paint=P0A94&modelDescription=wilsonModelDescription&additionalEquipment=wilsonAdditionalEquipment' successfully

2018-03-05 22:52:46 - [MESSAGE][PASSED] - Object 'Object Repository/CuPaDl/Loading_indicator' is visible

2018-03-05 22:52:56 - [MESSAGE][PASSED] - Object 'Object Repository/CuPaDl/Loading_indicator' is NOT visible

2018-03-05 22:52:57 - [MESSAGE][PASSED] - Delayed 1 second(s)

2018-03-05 22:52:57 - [MESSAGE][PASSED] - cupakeysDl.initStart.initialStart is PASSED

2018-03-05 22:52:57 - [TEST_STEP][PASSED] - Statement - (step++): null

2018-03-05 22:52:57 - [TEST_STEP][PASSED] - cupakeysDl.color.changecolor: cupakeysDl.color.changecolor is PASSED

2018-03-05 22:52:57 - [MESSAGE][PASSED] - Object 'Object Repository/CuPaDl/Color/Color' is visible

2018-03-05 22:52:57 - [MESSAGE][PASSED] - Object: 'Object Repository/CuPaDl/Color/Color' is clicked on

2018-03-05 22:52:58 - [MESSAGE][PASSED] - Delayed 1 second(s)

2018-03-05 22:52:58 - [MESSAGE][PASSED] - Object 'Object Repository/CuPaDl/Color/Color_nightlightblue' is visible

2018-03-05 22:52:59 - [MESSAGE][PASSED] - Object: 'Object Repository/CuPaDl/Color/Color_nightlightblue' is clicked on

2018-03-05 22:52:59 - [MESSAGE][WARNING] - Timeout '0' is invalid. Using default page load timeout: '30'

2018-03-05 22:52:59 - [MESSAGE][PASSED] - Object 'Object Repository/CuPaDl/Color/Color_nightlightblue' is visible

2018-03-05 22:53:00 - [MESSAGE][PASSED] - Delayed 1 second(s)

2018-03-05 22:53:00 - [MESSAGE][PASSED] - Object: 'Object Repository/CuPaDl/Color/Color_nightlightblue' is clicked on

2018-03-05 22:53:02 - [MESSAGE][PASSED] - Object 'Object Repository/CuPaDl/Loading_indicator' is visible

2018-03-05 22:53:03 - [MESSAGE][PASSED] - Object 'Object Repository/CuPaDl/Loading_indicator' is NOT visible

2018-03-05 22:53:04 - [MESSAGE][PASSED] - Delayed 1 second(s)

2018-03-05 22:53:04 - [MESSAGE][PASSED] - cupakeysDl.color.changecolor is PASSED

2018-03-05 22:53:04 - [TEST_STEP][PASSED] - Statement - (step++): null

2018-03-05 22:53:04 - [TEST_STEP][PASSED] - Statement - iconmap += CustomKeywords.cupakeysDl.iconad.iconadd("londoncircle", LoadTimeCorrector, step, run, device, timeStamp, iconcount): cupakeysDl.iconad.iconadd is PASSED

2018-03-05 22:53:04 - [MESSAGE][PASSED] - Object: 'Object Repository/CuPaDl/Icons/Icon' is clicked on

2018-03-05 22:53:06 - [MESSAGE][WARNING] - Object 'Object Repository/CuPaDl/Icons/Icon_londoncircle' is not visible after 2 second(s)

2018-03-05 22:53:06 - [MESSAGE][PASSED] - Object: 'Object Repository/CuPaDl/MenuScroll/ObjectsScrollRight' is clicked on

2018-03-05 22:53:08 - [MESSAGE][PASSED] - Delayed 2 second(s)

2018-03-05 22:53:08 - [MESSAGE][PASSED] - Object 'Object Repository/CuPaDl/Icons/Icon_londoncircle' is visible

2018-03-05 22:53:08 - [MESSAGE][PASSED] - Object: 'Object Repository/CuPaDl/Icons/Icon_londoncircle' is clicked on

2018-03-05 22:53:09 - [MESSAGE][PASSED] - Delayed 1 second(s)

2018-03-05 22:53:09 - [MESSAGE][PASSED] - Object 'Object Repository/CuPaDl/Loading_indicator' is visible

2018-03-05 22:53:40 - [MESSAGE][WARNING] - Object 'Object Repository/CuPaDl/Loading_indicator' is visible after 30 second(s)

2018-03-05 22:53:40 - [MESSAGE][WARNING] - Timeout '0' is invalid. Using default page load timeout: '30'

2018-03-05 22:53:40 - [MESSAGE][PASSED] - Width of element 'Object Repository/CuPaDl/Icons/Reposition_icon' is '0'

2018-03-05 22:53:40 - [MESSAGE][PASSED] - Height of element 'Object Repository/CuPaDl/Icons/Reposition_icon' is '0'.

2018-03-05 22:53:41 - [MESSAGE][PASSED] - Delayed 1 second(s)

2018-03-05 22:53:41 - [MESSAGE][PASSED] - cupakeysDl.iconad.iconadd is PASSED

2018-03-05 22:53:41 - [TEST_STEP][PASSED] - Statement - (step++): null

2018-03-05 22:53:41 - [TEST_STEP][PASSED] - Statement - (iconcount++): null

2018-03-05 22:53:41 - [TEST_STEP][PASSED] - cupakeysDl.iconres.iconresize: cupakeysDl.iconres.iconresize is PASSED

2018-03-05 22:53:44 - [MESSAGE][PASSED] - Object 'Object Repository/CuPaDl/Icons/Reposition_icon' is visible

2018-03-05 22:53:44 - [MESSAGE][PASSED] - Current viewport's left (x) position is 0

2018-03-05 22:53:44 - [MESSAGE][PASSED] - Current viewport's top (y) position is 54

2018-03-05 22:53:44 - [MESSAGE][PASSED] - Dragged object with id 'Object Repository/CuPaDl/Icons/Resize_icon_bottomright' by offset distance x = -125 and y = -71 successfully

2018-03-05 22:53:44 - [MESSAGE][PASSED] - Object 'Object Repository/CuPaDl/Loading_indicator' is visible

2018-03-05 22:54:14 - [MESSAGE][WARNING] - Object 'Object Repository/CuPaDl/Loading_indicator' is visible after 30 second(s)

2018-03-05 22:54:15 - [MESSAGE][PASSED] - Delayed 1 second(s)

2018-03-05 22:54:15 - [MESSAGE][PASSED] - cupakeysDl.iconres.iconresize is PASSED

2018-03-05 22:54:15 - [TEST_STEP][PASSED] - Statement - (step++): null

2018-03-05 22:54:15 - [TEST_STEP][PASSED] - cupakeysDl.slink.svlink: cupakeysDl.slink.svlink is PASSED

2018-03-05 22:54:15 - [MESSAGE][PASSED] - Scroll to object 'Object Repository/CuPaDl/Save/Save' successfully

2018-03-05 22:54:15 - [MESSAGE][PASSED] - Object: 'Object Repository/CuPaDl/Save/Save' is clicked on

2018-03-05 22:54:15 - [MESSAGE][WARNING] - Timeout '0' is invalid. Using default page load timeout: '30'

2018-03-05 22:54:44 - [MESSAGE][PASSED] - Object 'Object Repository/CuPaDl/Save/CopyLink' is visible

2018-03-05 22:54:44 - [MESSAGE][PASSED] - Object: 'Object Repository/CuPaDl/Save/CopyLink' is clicked on

2018-03-05 22:54:45 - [MESSAGE][PASSED] - Delayed 1 second(s)

2018-03-05 22:54:45 - [MESSAGE][PASSED] - Object: 'Object Repository/CuPaDl/Save/Close' is clicked on

2018-03-05 22:54:46 - [MESSAGE][PASSED] - Delayed 1 second(s)

2018-03-05 22:54:46 - [MESSAGE][PASSED] - cupakeysDl.slink.svlink is PASSED

2018-03-05 22:54:46 - [TEST_STEP][PASSED] - cupakeysDl.endsession.finishsession: cupakeysDl.endsession.finishsession is PASSED

2018-03-05 22:54:49 - [MESSAGE][PASSED] - Delayed 3 second(s)

2018-03-05 22:54:50 - [MESSAGE][PASSED] - Browser is closed

2018-03-05 22:54:50 - [MESSAGE][PASSED] - cupakeysDl.endsession.finishsession is PASSED]]></system-out>
         <system-err><![CDATA[]]></system-err>
      </testcase>
      <testcase name="Test Cases/CuPaStefanie/36" classname="Test Cases/CuPaStefanie/36" status="FAILED">
         <failure type="FAILED" message="Unable to drag and drop by offset distance (Root cause: com.kms.katalon.core.webui.exception.WebElementNotFoundException: Web element with id: 'Object Repository/CuPaDl/Icons/Resize_icon_bottomright' located by 'By.xpath: //*[@id=&quot;pages-index&quot;]/div[1]/div[2]/div[1]/div[3]/div/div/div[1]/div[6]' not found)"/>
         <system-out><![CDATA[2018-03-05 22:54:50 - [TEST_CASE][FAILED] - Test Cases/CuPaStefanie/36: Test Cases/CuPaStefanie/36 FAILED because (of) Unable to drag and drop by offset distance (Root cause: com.kms.katalon.core.webui.exception.WebElementNotFoundException: Web element with id: 'Object Repository/CuPaDl/Icons/Resize_icon_bottomright' located by 'By.xpath: //*[@id="pages-index"]/div[1]/div[2]/div[1]/div[3]/div/div/div[1]/div[6]' not found)

2018-03-05 22:54:50 - [TEST_STEP][PASSED] - Statement - timeStamp = new java.text.SimpleDateFormat(dd.MM.yyyy).format(java.util.Calendar.getInstance().getTime()): null

2018-03-05 22:54:50 - [TEST_STEP][PASSED] - Statement - timeStampScreenshot = new java.text.SimpleDateFormat(dd.MM.yyyy).format(java.util.Calendar.getInstance().getTime()): null

2018-03-05 22:54:50 - [TEST_STEP][PASSED] - Statement - iconmap = [:]: null

2018-03-05 22:54:50 - [TEST_STEP][PASSED] - Statement - txtmap = [:]: null

2018-03-05 22:54:50 - [TEST_STEP][PASSED] - Statement - signmap = [:]: null

2018-03-05 22:54:50 - [TEST_STEP][PASSED] - cupakeysDl.initStart.initialStart: cupakeysDl.initStart.initialStart is PASSED

2018-03-05 22:54:52 - [MESSAGE][PASSED] - Browser is opened with url: ''

2018-03-05 22:54:55 - [MESSAGE][PASSED] - Delayed 3 second(s)

2018-03-05 22:54:57 - [MESSAGE][PASSED] - Navigate to 'https://d16a4dsnr8a0k1.cloudfront.net/en/2455233.html?price=150.00%20%E2%82%AC&partName=wilsonPartName&vin=wilsonVin&modelCode=XP11&paint=P0A94&modelDescription=wilsonModelDescription&additionalEquipment=wilsonAdditionalEquipment' successfully

2018-03-05 22:54:57 - [MESSAGE][PASSED] - Object 'Object Repository/CuPaDl/Loading_indicator' is visible

2018-03-05 22:55:07 - [MESSAGE][PASSED] - Object 'Object Repository/CuPaDl/Loading_indicator' is NOT visible

2018-03-05 22:55:08 - [MESSAGE][PASSED] - Delayed 1 second(s)

2018-03-05 22:55:08 - [MESSAGE][PASSED] - cupakeysDl.initStart.initialStart is PASSED

2018-03-05 22:55:08 - [TEST_STEP][PASSED] - Statement - (step++): null

2018-03-05 22:55:08 - [TEST_STEP][PASSED] - cupakeysDl.color.changecolor: cupakeysDl.color.changecolor is PASSED

2018-03-05 22:55:08 - [MESSAGE][PASSED] - Object 'Object Repository/CuPaDl/Color/Color' is visible

2018-03-05 22:55:09 - [MESSAGE][PASSED] - Object: 'Object Repository/CuPaDl/Color/Color' is clicked on

2018-03-05 22:55:10 - [MESSAGE][PASSED] - Delayed 1 second(s)

2018-03-05 22:55:10 - [MESSAGE][PASSED] - Object 'Object Repository/CuPaDl/Color/Color_moonwalkgrey' is visible

2018-03-05 22:55:10 - [MESSAGE][PASSED] - Object: 'Object Repository/CuPaDl/Color/Color_moonwalkgrey' is clicked on

2018-03-05 22:55:10 - [MESSAGE][WARNING] - Timeout '0' is invalid. Using default page load timeout: '30'

2018-03-05 22:55:10 - [MESSAGE][PASSED] - Object 'Object Repository/CuPaDl/Color/Color_moonwalkgrey' is visible

2018-03-05 22:55:11 - [MESSAGE][PASSED] - Delayed 1 second(s)

2018-03-05 22:55:11 - [MESSAGE][PASSED] - Object: 'Object Repository/CuPaDl/Color/Color_moonwalkgrey' is clicked on

2018-03-05 22:55:13 - [MESSAGE][PASSED] - Object 'Object Repository/CuPaDl/Loading_indicator' is visible

2018-03-05 22:55:14 - [MESSAGE][PASSED] - Object 'Object Repository/CuPaDl/Loading_indicator' is NOT visible

2018-03-05 22:55:15 - [MESSAGE][PASSED] - Delayed 1 second(s)

2018-03-05 22:55:15 - [MESSAGE][PASSED] - cupakeysDl.color.changecolor is PASSED

2018-03-05 22:55:15 - [TEST_STEP][PASSED] - Statement - (step++): null

2018-03-05 22:55:15 - [TEST_STEP][PASSED] - Statement - iconmap += CustomKeywords.cupakeysDl.iconad.iconadd("londoncircle", LoadTimeCorrector, step, run, device, timeStamp, iconcount): cupakeysDl.iconad.iconadd is PASSED

2018-03-05 22:55:15 - [MESSAGE][PASSED] - Object: 'Object Repository/CuPaDl/Icons/Icon' is clicked on

2018-03-05 22:55:17 - [MESSAGE][WARNING] - Object 'Object Repository/CuPaDl/Icons/Icon_londoncircle' is not visible after 2 second(s)

2018-03-05 22:55:17 - [MESSAGE][PASSED] - Object: 'Object Repository/CuPaDl/MenuScroll/ObjectsScrollRight' is clicked on

2018-03-05 22:55:19 - [MESSAGE][PASSED] - Delayed 2 second(s)

2018-03-05 22:55:19 - [MESSAGE][PASSED] - Object 'Object Repository/CuPaDl/Icons/Icon_londoncircle' is visible

2018-03-05 22:55:20 - [MESSAGE][PASSED] - Object: 'Object Repository/CuPaDl/Icons/Icon_londoncircle' is clicked on

2018-03-05 22:55:21 - [MESSAGE][PASSED] - Delayed 1 second(s)

2018-03-05 22:55:21 - [MESSAGE][PASSED] - Object 'Object Repository/CuPaDl/Loading_indicator' is visible

2018-03-05 22:55:51 - [MESSAGE][WARNING] - Object 'Object Repository/CuPaDl/Loading_indicator' is visible after 30 second(s)

2018-03-05 22:55:51 - [MESSAGE][WARNING] - Timeout '0' is invalid. Using default page load timeout: '30'

2018-03-05 22:55:51 - [MESSAGE][PASSED] - Width of element 'Object Repository/CuPaDl/Icons/Reposition_icon' is '0'

2018-03-05 22:55:51 - [MESSAGE][PASSED] - Height of element 'Object Repository/CuPaDl/Icons/Reposition_icon' is '0'.

2018-03-05 22:55:52 - [MESSAGE][PASSED] - Delayed 1 second(s)

2018-03-05 22:55:52 - [MESSAGE][PASSED] - cupakeysDl.iconad.iconadd is PASSED

2018-03-05 22:55:52 - [TEST_STEP][PASSED] - Statement - (step++): null

2018-03-05 22:55:52 - [TEST_STEP][PASSED] - Statement - (iconcount++): null

2018-03-05 22:55:52 - [TEST_STEP][FAILED] - cupakeysDl.iconres.iconresize: Unable to drag and drop by offset distance (Root cause: com.kms.katalon.core.webui.exception.WebElementNotFoundException: Web element with id: 'Object Repository/CuPaDl/Icons/Resize_icon_bottomright' located by 'By.xpath: //*[@id="pages-index"]/div[1]/div[2]/div[1]/div[3]/div/div/div[1]/div[6]' not found)

2018-03-05 22:55:55 - [MESSAGE][WARNING] - Object 'Object Repository/CuPaDl/Icons/Reposition_icon' is not visible after 3 second(s)

2018-03-05 22:55:55 - [MESSAGE][PASSED] - Object: 'Object Repository/CuPaDl/Icons/Resize_icon' is clicked on

2018-03-05 22:55:55 - [MESSAGE][WARNING] - Timeout '0' is invalid. Using default page load timeout: '30'

2018-03-05 22:56:26 - [MESSAGE][WARNING] - Web element with id: 'Object Repository/CuPaDl/Icons/Reposition_icon' located by 'By.xpath: //*[@id="pages-index"]/div[1]/div[2]/div[1]/div[3]/div/div/div[3]/img' not found

2018-03-05 22:56:27 - [MESSAGE][PASSED] - Delayed 1 second(s)

2018-03-05 22:56:27 - [MESSAGE][PASSED] - Current viewport's left (x) position is 0

2018-03-05 22:56:27 - [MESSAGE][PASSED] - Current viewport's top (y) position is 54

2018-03-05 22:56:58 - [MESSAGE][FAILED] - Unable to drag and drop by offset distance (Root cause: com.kms.katalon.core.webui.exception.WebElementNotFoundException: Web element with id: 'Object Repository/CuPaDl/Icons/Resize_icon_bottomright' located by 'By.xpath: //*[@id="pages-index"]/div[1]/div[2]/div[1]/div[3]/div/div/div[1]/div[6]' not found)

2018-03-05 22:56:58 - [MESSAGE][FAILED] - Unable to drag and drop by offset distance (Root cause: com.kms.katalon.core.webui.exception.WebElementNotFoundException: Web element with id: 'Object Repository/CuPaDl/Icons/Resize_icon_bottomright' located by 'By.xpath: //*[@id="pages-index"]/div[1]/div[2]/div[1]/div[3]/div/div/div[1]/div[6]' not found)]]></system-out>
         <system-err><![CDATA[2018-03-05 22:54:50 - [TEST_CASE][FAILED] - Test Cases/CuPaStefanie/36: Test Cases/CuPaStefanie/36 FAILED because (of) Unable to drag and drop by offset distance (Root cause: com.kms.katalon.core.webui.exception.WebElementNotFoundException: Web element with id: 'Object Repository/CuPaDl/Icons/Resize_icon_bottomright' located by 'By.xpath: //*[@id="pages-index"]/div[1]/div[2]/div[1]/div[3]/div/div/div[1]/div[6]' not found)]]></system-err>
      </testcase>
      <system-out><![CDATA[2018-03-05 22:52:37 - [TEST_SUITE][FAILED] - CuPa: Test Cases/CuPaStefanie/36 FAILED because (of) Unable to drag and drop by offset distance (Root cause: com.kms.katalon.core.webui.exception.WebElementNotFoundException: Web element with id: 'Object Repository/CuPaDl/Icons/Resize_icon_bottomright' located by 'By.xpath: //*[@id="pages-index"]/div[1]/div[2]/div[1]/div[3]/div/div/div[1]/div[6]' not found)]]></system-out>
      <system-err><![CDATA[2018-03-05 22:52:37 - [TEST_SUITE][FAILED] - CuPa: Test Cases/CuPaStefanie/36 FAILED because (of) Unable to drag and drop by offset distance (Root cause: com.kms.katalon.core.webui.exception.WebElementNotFoundException: Web element with id: 'Object Repository/CuPaDl/Icons/Resize_icon_bottomright' located by 'By.xpath: //*[@id="pages-index"]/div[1]/div[2]/div[1]/div[3]/div/div/div[1]/div[6]' not found)]]></system-err>
   </testsuite>
</testsuites>
