<?xml version="1.0" encoding="UTF-8"?>
<testsuites name="CuPa" time="193" tests="4" failures="0" errors="0">
   <testsuite name="CuPa" tests="4" failures="0" errors="0" time="193" timestamp="2018-03-06 13:32:21" hostname="DESKTOP-47R6KV7$ - DESKTOP-47R6KV7.localdomain" id="Test Suites/CuPa">
      <properties>
         <property name="deviceName" value=""/>
         <property name="devicePlatform" value=""/>
         <property name="logFolder" value="D:\\Project\\DS5.2.1\\Reports\\CuPa\\20180306_133220"/>
         <property name="logFiles" value="D:\\Project\\DS5.2.1\\Reports\\CuPa\\20180306_133220\\execution0.log"/>
         <property name="attachments" value=""/>
         <property name="hostName" value="DESKTOP-47R6KV7$ - DESKTOP-47R6KV7.localdomain"/>
         <property name="os" value="Windows 10 64bit"/>
         <property name="katalonVersion" value="5.3.1.1"/>
         <property name="browser" value="Chrome 64.0.3282.186"/>
         <property name="hostAddress" value="192.168.100.78"/>
         <property name="sessionId" value="c7ead2b1b48ca6bd3e21ceea68470849"/>
         <property name="seleniumVersion" value="3.7.1"/>
         <property name="proxyInformation" value="ProxyInformation{proxyOption=NO_PROXY, proxyServerType=HTTP, password=, proxyServerAddress=, proxyServerPort=0}"/>
         <property name="platform" value="Windows 10"/>
      </properties>
      <testcase name="Test Cases/CuPaStefanie/0" classname="Test Cases/CuPaStefanie/0" status="PASSED">
         <system-out><![CDATA[2018-03-06 13:32:22 - [TEST_CASE][PASSED] - Test Cases/CuPaStefanie/0: Test Cases/CuPaStefanie/0

2018-03-06 13:32:22 - [TEST_STEP][PASSED] - Statement - timeStamp = new java.text.SimpleDateFormat(dd.MM.yyyy).format(java.util.Calendar.getInstance().getTime()): null

2018-03-06 13:32:22 - [TEST_STEP][PASSED] - Statement - timeStampScreenshot = new java.text.SimpleDateFormat(dd.MM.yyyy).format(java.util.Calendar.getInstance().getTime()): null

2018-03-06 13:32:22 - [TEST_STEP][PASSED] - Statement - ps = new java.io.PrintStream((((timeStamp + _Run) + run) + .txt)): null]]></system-out>
         <system-err><![CDATA[]]></system-err>
      </testcase>
      <testcase name="Test Cases/CuPaStefanie/1" classname="Test Cases/CuPaStefanie/1" status="PASSED">
         <system-out><![CDATA[2018-03-06 13:32:22 - [TEST_CASE][PASSED] - Test Cases/CuPaStefanie/1: Test Cases/CuPaStefanie/1

2018-03-06 13:32:22 - [TEST_STEP][PASSED] - Statement - timeStamp = new java.text.SimpleDateFormat(dd.MM.yyyy).format(java.util.Calendar.getInstance().getTime()): null

2018-03-06 13:32:22 - [TEST_STEP][PASSED] - Statement - timeStampScreenshot = new java.text.SimpleDateFormat(dd.MM.yyyy).format(java.util.Calendar.getInstance().getTime()): null

2018-03-06 13:32:22 - [TEST_STEP][PASSED] - Statement - iconmap = [:]: null

2018-03-06 13:32:22 - [TEST_STEP][PASSED] - Statement - txtmap = [:]: null

2018-03-06 13:32:22 - [TEST_STEP][PASSED] - Statement - signmap = [:]: null

2018-03-06 13:32:22 - [TEST_STEP][PASSED] - cupakeysDl.initStart.initialStart: cupakeysDl.initStart.initialStart is PASSED

2018-03-06 13:32:25 - [MESSAGE][PASSED] - Browser is opened with url: ''

2018-03-06 13:32:28 - [MESSAGE][PASSED] - Delayed 3 second(s)

2018-03-06 13:32:29 - [MESSAGE][PASSED] - Navigate to 'https://d16a4dsnr8a0k1.cloudfront.net/en/2455233.html?price=150.00%20%E2%82%AC&partName=wilsonPartName&vin=wilsonVin&modelCode=XP11&paint=P0A94&modelDescription=wilsonModelDescription&additionalEquipment=wilsonAdditionalEquipment' successfully

2018-03-06 13:32:29 - [MESSAGE][PASSED] - Object 'Object Repository/CuPaDl/Loading_indicator' is visible

2018-03-06 13:32:40 - [MESSAGE][PASSED] - Object 'Object Repository/CuPaDl/Loading_indicator' is NOT visible

2018-03-06 13:32:41 - [MESSAGE][PASSED] - Delayed 1 second(s)

2018-03-06 13:32:41 - [MESSAGE][PASSED] - cupakeysDl.initStart.initialStart is PASSED

2018-03-06 13:32:41 - [TEST_STEP][PASSED] - Statement - (step++): null

2018-03-06 13:32:41 - [TEST_STEP][PASSED] - cupakeysDl.color.changecolor: cupakeysDl.color.changecolor is PASSED

2018-03-06 13:32:41 - [MESSAGE][PASSED] - Object 'Object Repository/CuPaDl/Color/Color' is visible

2018-03-06 13:32:41 - [MESSAGE][PASSED] - Object: 'Object Repository/CuPaDl/Color/Color' is clicked on

2018-03-06 13:32:42 - [MESSAGE][PASSED] - Delayed 1 second(s)

2018-03-06 13:32:42 - [MESSAGE][PASSED] - Object 'Object Repository/CuPaDl/Color/Color_passionred' is visible

2018-03-06 13:32:42 - [MESSAGE][PASSED] - Object: 'Object Repository/CuPaDl/Color/Color_passionred' is clicked on

2018-03-06 13:32:42 - [MESSAGE][WARNING] - Timeout '0' is invalid. Using default page load timeout: '30'

2018-03-06 13:32:42 - [MESSAGE][PASSED] - Object 'Object Repository/CuPaDl/Color/Color_passionred' is visible

2018-03-06 13:32:43 - [MESSAGE][PASSED] - Delayed 1 second(s)

2018-03-06 13:32:44 - [MESSAGE][PASSED] - Object: 'Object Repository/CuPaDl/Color/Color_passionred' is clicked on

2018-03-06 13:32:45 - [MESSAGE][PASSED] - Object 'Object Repository/CuPaDl/Loading_indicator' is visible

2018-03-06 13:32:46 - [MESSAGE][PASSED] - Object 'Object Repository/CuPaDl/Loading_indicator' is NOT visible

2018-03-06 13:32:47 - [MESSAGE][PASSED] - Delayed 1 second(s)

2018-03-06 13:32:47 - [MESSAGE][PASSED] - cupakeysDl.color.changecolor is PASSED

2018-03-06 13:32:47 - [TEST_STEP][PASSED] - Statement - (step++): null

2018-03-06 13:32:47 - [TEST_STEP][PASSED] - cupakeysDl.chngstruct.changestructure: cupakeysDl.chngstruct.changestructure is PASSED

2018-03-06 13:32:47 - [MESSAGE][PASSED] - Object: 'Object Repository/CuPaDl/Structure/Structure' is clicked on

2018-03-06 13:32:47 - [MESSAGE][WARNING] - Timeout '0' is invalid. Using default page load timeout: '30'

2018-03-06 13:32:47 - [MESSAGE][PASSED] - Object 'Object Repository/CuPaDl/Structure/Structure_Hahnentritt' is visible

2018-03-06 13:32:47 - [MESSAGE][PASSED] - Object 'Object Repository/CuPaDl/Structure/Structure_drops' is visible

2018-03-06 13:32:47 - [MESSAGE][PASSED] - Object: 'Object Repository/CuPaDl/Structure/Structure_drops' is clicked on

2018-03-06 13:32:48 - [MESSAGE][PASSED] - Object 'Object Repository/CuPaDl/Loading_indicator' is visible

2018-03-06 13:32:55 - [MESSAGE][PASSED] - Object 'Object Repository/CuPaDl/Loading_indicator' is NOT visible

2018-03-06 13:32:56 - [MESSAGE][PASSED] - Delayed 1 second(s)

2018-03-06 13:32:56 - [MESSAGE][PASSED] - cupakeysDl.chngstruct.changestructure is PASSED

2018-03-06 13:32:56 - [TEST_STEP][PASSED] - Statement - (step++): null

2018-03-06 13:32:56 - [TEST_STEP][PASSED] - cupakeysDl.sclstruct.scalestructure: cupakeysDl.sclstruct.scalestructure is PASSED

2018-03-06 13:33:00 - [MESSAGE][WARNING] - Object 'Object Repository/CuPaDl/Structure/Resize_Structure_bottomright' is not visible after 3 second(s)

2018-03-06 13:33:00 - [MESSAGE][PASSED] - Object: 'Object Repository/CuPaDl/Structure/Resize_Structure' is clicked on

2018-03-06 13:33:00 - [MESSAGE][WARNING] - Timeout '0' is invalid. Using default page load timeout: '30'

2018-03-06 13:33:00 - [MESSAGE][PASSED] - Object 'Object Repository/CuPaDl/Structure/Resize_Structure_bottomright' is visible

2018-03-06 13:33:01 - [MESSAGE][PASSED] - Delayed 1 second(s)

2018-03-06 13:33:01 - [MESSAGE][PASSED] - Current viewport's left (x) position is 0

2018-03-06 13:33:01 - [MESSAGE][PASSED] - Current viewport's top (y) position is 54

2018-03-06 13:33:01 - [MESSAGE][PASSED] - Dragged object with id 'Object Repository/CuPaDl/Structure/Resize_Structure_bottomright' by offset distance x = -225 and y = -171 successfully

2018-03-06 13:33:01 - [MESSAGE][PASSED] - Object 'Object Repository/CuPaDl/Loading_indicator' is visible

2018-03-06 13:33:24 - [MESSAGE][PASSED] - Object 'Object Repository/CuPaDl/Loading_indicator' is NOT visible

2018-03-06 13:33:25 - [MESSAGE][PASSED] - Delayed 1 second(s)

2018-03-06 13:33:25 - [MESSAGE][PASSED] - cupakeysDl.sclstruct.scalestructure is PASSED

2018-03-06 13:33:25 - [TEST_STEP][PASSED] - Statement - (step++): null

2018-03-06 13:33:25 - [TEST_STEP][PASSED] - Statement - iconmap += CustomKeywords.cupakeysDl.iconad.iconadd("unionjack", LoadTimeCorrector, step, run, device, timeStamp, iconcount): cupakeysDl.iconad.iconadd is PASSED

2018-03-06 13:33:25 - [MESSAGE][PASSED] - Object: 'Object Repository/CuPaDl/Icons/Icon' is clicked on

2018-03-06 13:33:25 - [MESSAGE][PASSED] - Object 'Object Repository/CuPaDl/Icons/Icon_unionjack' is visible

2018-03-06 13:33:25 - [MESSAGE][PASSED] - Object: 'Object Repository/CuPaDl/Icons/Icon_unionjack' is clicked on

2018-03-06 13:33:26 - [MESSAGE][PASSED] - Delayed 1 second(s)

2018-03-06 13:33:26 - [MESSAGE][PASSED] - Object 'Object Repository/CuPaDl/Loading_indicator' is visible

2018-03-06 13:33:28 - [MESSAGE][PASSED] - Object 'Object Repository/CuPaDl/Loading_indicator' is NOT visible

2018-03-06 13:33:28 - [MESSAGE][WARNING] - Timeout '0' is invalid. Using default page load timeout: '30'

2018-03-06 13:33:29 - [MESSAGE][PASSED] - Width of element 'Object Repository/CuPaDl/Icons/Reposition_icon' is '40'

2018-03-06 13:33:29 - [MESSAGE][PASSED] - Height of element 'Object Repository/CuPaDl/Icons/Reposition_icon' is '40'.

2018-03-06 13:33:30 - [MESSAGE][PASSED] - Delayed 1 second(s)

2018-03-06 13:33:30 - [MESSAGE][PASSED] - cupakeysDl.iconad.iconadd is PASSED

2018-03-06 13:33:30 - [TEST_STEP][PASSED] - Statement - (step++): null

2018-03-06 13:33:30 - [TEST_STEP][PASSED] - Statement - (iconcount++): null

2018-03-06 13:33:30 - [TEST_STEP][PASSED] - cupakeysDl.iconres.iconresize: cupakeysDl.iconres.iconresize is PASSED

2018-03-06 13:33:30 - [MESSAGE][PASSED] - Object 'Object Repository/CuPaDl/Icons/Reposition_icon' is visible

2018-03-06 13:33:30 - [MESSAGE][PASSED] - Current viewport's left (x) position is 0

2018-03-06 13:33:30 - [MESSAGE][PASSED] - Current viewport's top (y) position is 54

2018-03-06 13:33:30 - [MESSAGE][PASSED] - Dragged object with id 'Object Repository/CuPaDl/Icons/Resize_icon_bottomright' by offset distance x = -125 and y = -71 successfully

2018-03-06 13:33:31 - [MESSAGE][PASSED] - Object 'Object Repository/CuPaDl/Loading_indicator' is visible

2018-03-06 13:33:46 - [MESSAGE][PASSED] - Object 'Object Repository/CuPaDl/Loading_indicator' is NOT visible

2018-03-06 13:33:47 - [MESSAGE][PASSED] - Delayed 1 second(s)

2018-03-06 13:33:47 - [MESSAGE][PASSED] - cupakeysDl.iconres.iconresize is PASSED

2018-03-06 13:33:47 - [TEST_STEP][PASSED] - Statement - (step++): null

2018-03-06 13:33:47 - [TEST_STEP][PASSED] - cupakeysDl.slink.svlink: cupakeysDl.slink.svlink is PASSED

2018-03-06 13:33:47 - [MESSAGE][PASSED] - Scroll to object 'Object Repository/CuPaDl/Save/Save' successfully

2018-03-06 13:33:47 - [MESSAGE][PASSED] - Object: 'Object Repository/CuPaDl/Save/Save' is clicked on

2018-03-06 13:33:47 - [MESSAGE][WARNING] - Timeout '0' is invalid. Using default page load timeout: '30'

2018-03-06 13:33:49 - [MESSAGE][PASSED] - Object 'Object Repository/CuPaDl/Save/CopyLink' is visible

2018-03-06 13:33:49 - [MESSAGE][PASSED] - Attribute 'value' of object 'Object Repository/CuPaDl/Save/Link' is: 'https://d16a4dsnr8a0k1.cloudfront.net/en/2455233.html?scupaId=GSA5PWIlOzJWP3o0RURF'

2018-03-06 13:33:49 - [MESSAGE][PASSED] - cupakeysDl.slink.svlink is PASSED

2018-03-06 13:33:49 - [TEST_STEP][PASSED] - cupakeysDl.endsession.finishsession: cupakeysDl.endsession.finishsession is PASSED

2018-03-06 13:33:52 - [MESSAGE][PASSED] - Delayed 3 second(s)

2018-03-06 13:33:53 - [MESSAGE][PASSED] - Browser is closed

2018-03-06 13:33:53 - [MESSAGE][PASSED] - cupakeysDl.endsession.finishsession is PASSED]]></system-out>
         <system-err><![CDATA[]]></system-err>
      </testcase>
      <testcase name="Test Cases/CuPaStefanie/2" classname="Test Cases/CuPaStefanie/2" status="PASSED">
         <system-out><![CDATA[2018-03-06 13:33:53 - [TEST_CASE][PASSED] - Test Cases/CuPaStefanie/2: Test Cases/CuPaStefanie/2

2018-03-06 13:33:53 - [TEST_STEP][PASSED] - Statement - timeStamp = new java.text.SimpleDateFormat(dd.MM.yyyy).format(java.util.Calendar.getInstance().getTime()): null

2018-03-06 13:33:53 - [TEST_STEP][PASSED] - Statement - timeStampScreenshot = new java.text.SimpleDateFormat(dd.MM.yyyy).format(java.util.Calendar.getInstance().getTime()): null

2018-03-06 13:33:53 - [TEST_STEP][PASSED] - Statement - iconmap = [:]: null

2018-03-06 13:33:53 - [TEST_STEP][PASSED] - Statement - txtmap = [:]: null

2018-03-06 13:33:53 - [TEST_STEP][PASSED] - Statement - signmap = [:]: null

2018-03-06 13:33:53 - [TEST_STEP][PASSED] - cupakeysDl.initStart.initialStart: cupakeysDl.initStart.initialStart is PASSED

2018-03-06 13:33:55 - [MESSAGE][PASSED] - Browser is opened with url: ''

2018-03-06 13:33:58 - [MESSAGE][PASSED] - Delayed 3 second(s)

2018-03-06 13:33:59 - [MESSAGE][PASSED] - Navigate to 'https://d16a4dsnr8a0k1.cloudfront.net/en/2455233.html?price=150.00%20%E2%82%AC&partName=wilsonPartName&vin=wilsonVin&modelCode=XP11&paint=P0A94&modelDescription=wilsonModelDescription&additionalEquipment=wilsonAdditionalEquipment' successfully

2018-03-06 13:33:59 - [MESSAGE][PASSED] - Object 'Object Repository/CuPaDl/Loading_indicator' is visible

2018-03-06 13:34:07 - [MESSAGE][PASSED] - Object 'Object Repository/CuPaDl/Loading_indicator' is NOT visible

2018-03-06 13:34:08 - [MESSAGE][PASSED] - Delayed 1 second(s)

2018-03-06 13:34:08 - [MESSAGE][PASSED] - cupakeysDl.initStart.initialStart is PASSED

2018-03-06 13:34:08 - [TEST_STEP][PASSED] - Statement - (step++): null

2018-03-06 13:34:08 - [TEST_STEP][PASSED] - cupakeysDl.color.changecolor: cupakeysDl.color.changecolor is PASSED

2018-03-06 13:34:08 - [MESSAGE][PASSED] - Object 'Object Repository/CuPaDl/Color/Color' is visible

2018-03-06 13:34:08 - [MESSAGE][PASSED] - Object: 'Object Repository/CuPaDl/Color/Color' is clicked on

2018-03-06 13:34:09 - [MESSAGE][PASSED] - Delayed 1 second(s)

2018-03-06 13:34:09 - [MESSAGE][PASSED] - Object 'Object Repository/CuPaDl/Color/Color_passionred' is visible

2018-03-06 13:34:09 - [MESSAGE][PASSED] - Object: 'Object Repository/CuPaDl/Color/Color_passionred' is clicked on

2018-03-06 13:34:09 - [MESSAGE][WARNING] - Timeout '0' is invalid. Using default page load timeout: '30'

2018-03-06 13:34:09 - [MESSAGE][PASSED] - Object 'Object Repository/CuPaDl/Color/Color_passionred' is visible

2018-03-06 13:34:10 - [MESSAGE][PASSED] - Delayed 1 second(s)

2018-03-06 13:34:11 - [MESSAGE][PASSED] - Object: 'Object Repository/CuPaDl/Color/Color_passionred' is clicked on

2018-03-06 13:34:11 - [MESSAGE][PASSED] - Object 'Object Repository/CuPaDl/Loading_indicator' is visible

2018-03-06 13:34:13 - [MESSAGE][PASSED] - Object 'Object Repository/CuPaDl/Loading_indicator' is NOT visible

2018-03-06 13:34:14 - [MESSAGE][PASSED] - Delayed 1 second(s)

2018-03-06 13:34:14 - [MESSAGE][PASSED] - cupakeysDl.color.changecolor is PASSED

2018-03-06 13:34:14 - [TEST_STEP][PASSED] - Statement - (step++): null

2018-03-06 13:34:14 - [TEST_STEP][PASSED] - cupakeysDl.chngstruct.changestructure: cupakeysDl.chngstruct.changestructure is PASSED

2018-03-06 13:34:14 - [MESSAGE][PASSED] - Object: 'Object Repository/CuPaDl/Structure/Structure' is clicked on

2018-03-06 13:34:14 - [MESSAGE][WARNING] - Timeout '0' is invalid. Using default page load timeout: '30'

2018-03-06 13:34:14 - [MESSAGE][PASSED] - Object 'Object Repository/CuPaDl/Structure/Structure_Hahnentritt' is visible

2018-03-06 13:34:14 - [MESSAGE][PASSED] - Object 'Object Repository/CuPaDl/Structure/Structure_drops' is visible

2018-03-06 13:34:14 - [MESSAGE][PASSED] - Object: 'Object Repository/CuPaDl/Structure/Structure_drops' is clicked on

2018-03-06 13:34:15 - [MESSAGE][PASSED] - Object 'Object Repository/CuPaDl/Loading_indicator' is visible

2018-03-06 13:34:21 - [MESSAGE][PASSED] - Object 'Object Repository/CuPaDl/Loading_indicator' is NOT visible

2018-03-06 13:34:22 - [MESSAGE][PASSED] - Delayed 1 second(s)

2018-03-06 13:34:22 - [MESSAGE][PASSED] - cupakeysDl.chngstruct.changestructure is PASSED

2018-03-06 13:34:22 - [TEST_STEP][PASSED] - Statement - (step++): null

2018-03-06 13:34:22 - [TEST_STEP][PASSED] - cupakeysDl.sclstruct.scalestructure: cupakeysDl.sclstruct.scalestructure is PASSED

2018-03-06 13:34:25 - [MESSAGE][WARNING] - Object 'Object Repository/CuPaDl/Structure/Resize_Structure_bottomright' is not visible after 3 second(s)

2018-03-06 13:34:25 - [MESSAGE][PASSED] - Object: 'Object Repository/CuPaDl/Structure/Resize_Structure' is clicked on

2018-03-06 13:34:25 - [MESSAGE][WARNING] - Timeout '0' is invalid. Using default page load timeout: '30'

2018-03-06 13:34:25 - [MESSAGE][PASSED] - Object 'Object Repository/CuPaDl/Structure/Resize_Structure_bottomright' is visible

2018-03-06 13:34:26 - [MESSAGE][PASSED] - Delayed 1 second(s)

2018-03-06 13:34:26 - [MESSAGE][PASSED] - Current viewport's left (x) position is 0

2018-03-06 13:34:26 - [MESSAGE][PASSED] - Current viewport's top (y) position is 54

2018-03-06 13:34:26 - [MESSAGE][PASSED] - Dragged object with id 'Object Repository/CuPaDl/Structure/Resize_Structure_bottomright' by offset distance x = 225 and y = 279 successfully

2018-03-06 13:34:27 - [MESSAGE][PASSED] - Object 'Object Repository/CuPaDl/Loading_indicator' is visible

2018-03-06 13:34:31 - [MESSAGE][PASSED] - Object 'Object Repository/CuPaDl/Loading_indicator' is NOT visible

2018-03-06 13:34:32 - [MESSAGE][PASSED] - Delayed 1 second(s)

2018-03-06 13:34:32 - [MESSAGE][PASSED] - cupakeysDl.sclstruct.scalestructure is PASSED

2018-03-06 13:34:32 - [TEST_STEP][PASSED] - Statement - (step++): null

2018-03-06 13:34:32 - [TEST_STEP][PASSED] - Statement - iconmap += CustomKeywords.cupakeysDl.iconad.iconadd("unionjack", LoadTimeCorrector, step, run, device, timeStamp, iconcount): cupakeysDl.iconad.iconadd is PASSED

2018-03-06 13:34:32 - [MESSAGE][PASSED] - Object: 'Object Repository/CuPaDl/Icons/Icon' is clicked on

2018-03-06 13:34:32 - [MESSAGE][PASSED] - Object 'Object Repository/CuPaDl/Icons/Icon_unionjack' is visible

2018-03-06 13:34:32 - [MESSAGE][PASSED] - Object: 'Object Repository/CuPaDl/Icons/Icon_unionjack' is clicked on

2018-03-06 13:34:33 - [MESSAGE][PASSED] - Delayed 1 second(s)

2018-03-06 13:34:33 - [MESSAGE][PASSED] - Object 'Object Repository/CuPaDl/Loading_indicator' is visible

2018-03-06 13:34:36 - [MESSAGE][PASSED] - Object 'Object Repository/CuPaDl/Loading_indicator' is NOT visible

2018-03-06 13:34:36 - [MESSAGE][WARNING] - Timeout '0' is invalid. Using default page load timeout: '30'

2018-03-06 13:34:36 - [MESSAGE][PASSED] - Width of element 'Object Repository/CuPaDl/Icons/Reposition_icon' is '40'

2018-03-06 13:34:36 - [MESSAGE][PASSED] - Height of element 'Object Repository/CuPaDl/Icons/Reposition_icon' is '40'.

2018-03-06 13:34:37 - [MESSAGE][PASSED] - Delayed 1 second(s)

2018-03-06 13:34:37 - [MESSAGE][PASSED] - cupakeysDl.iconad.iconadd is PASSED

2018-03-06 13:34:37 - [TEST_STEP][PASSED] - Statement - (step++): null

2018-03-06 13:34:37 - [TEST_STEP][PASSED] - Statement - (iconcount++): null

2018-03-06 13:34:37 - [TEST_STEP][PASSED] - cupakeysDl.iconres.iconresize: cupakeysDl.iconres.iconresize is PASSED

2018-03-06 13:34:37 - [MESSAGE][PASSED] - Object 'Object Repository/CuPaDl/Icons/Reposition_icon' is visible

2018-03-06 13:34:37 - [MESSAGE][PASSED] - Current viewport's left (x) position is 0

2018-03-06 13:34:37 - [MESSAGE][PASSED] - Current viewport's top (y) position is 54

2018-03-06 13:34:37 - [MESSAGE][PASSED] - Dragged object with id 'Object Repository/CuPaDl/Icons/Resize_icon_bottomright' by offset distance x = 125 and y = 179 successfully

2018-03-06 13:34:39 - [MESSAGE][PASSED] - Object 'Object Repository/CuPaDl/Loading_indicator' is visible

2018-03-06 13:34:40 - [MESSAGE][PASSED] - Object 'Object Repository/CuPaDl/Loading_indicator' is NOT visible

2018-03-06 13:34:41 - [MESSAGE][PASSED] - Delayed 1 second(s)

2018-03-06 13:34:41 - [MESSAGE][PASSED] - cupakeysDl.iconres.iconresize is PASSED

2018-03-06 13:34:41 - [TEST_STEP][PASSED] - Statement - (step++): null

2018-03-06 13:34:41 - [TEST_STEP][PASSED] - cupakeysDl.slink.svlink: cupakeysDl.slink.svlink is PASSED

2018-03-06 13:34:41 - [MESSAGE][PASSED] - Scroll to object 'Object Repository/CuPaDl/Save/Save' successfully

2018-03-06 13:34:41 - [MESSAGE][PASSED] - Object: 'Object Repository/CuPaDl/Save/Save' is clicked on

2018-03-06 13:34:41 - [MESSAGE][WARNING] - Timeout '0' is invalid. Using default page load timeout: '30'

2018-03-06 13:34:43 - [MESSAGE][PASSED] - Object 'Object Repository/CuPaDl/Save/CopyLink' is visible

2018-03-06 13:34:43 - [MESSAGE][PASSED] - Attribute 'value' of object 'Object Repository/CuPaDl/Save/Link' is: 'https://d16a4dsnr8a0k1.cloudfront.net/en/2455233.html?scupaId=Cy4lU3o1IC48Vno0RURF'

2018-03-06 13:34:43 - [MESSAGE][PASSED] - cupakeysDl.slink.svlink is PASSED

2018-03-06 13:34:43 - [TEST_STEP][PASSED] - cupakeysDl.endsession.finishsession: cupakeysDl.endsession.finishsession is PASSED

2018-03-06 13:34:46 - [MESSAGE][PASSED] - Delayed 3 second(s)

2018-03-06 13:34:46 - [MESSAGE][PASSED] - Browser is closed

2018-03-06 13:34:46 - [MESSAGE][PASSED] - cupakeysDl.endsession.finishsession is PASSED]]></system-out>
         <system-err><![CDATA[]]></system-err>
      </testcase>
      <testcase name="Test Cases/CuPaStefanie/3" classname="Test Cases/CuPaStefanie/3" status="PASSED">
         <system-out><![CDATA[2018-03-06 13:34:46 - [TEST_CASE][PASSED] - Test Cases/CuPaStefanie/3: Test Cases/CuPaStefanie/3

2018-03-06 13:34:46 - [TEST_STEP][PASSED] - Statement - timeStamp = new java.text.SimpleDateFormat(dd.MM.yyyy_HH_mm_ss).format(java.util.Calendar.getInstance().getTime()): null

2018-03-06 13:34:46 - [TEST_STEP][PASSED] - Statement - timeStampScreenshot = new java.text.SimpleDateFormat(dd.MM.yyyy).format(java.util.Calendar.getInstance().getTime()): null

2018-03-06 13:34:46 - [TEST_STEP][PASSED] - Statement - iconmap = [:]: null

2018-03-06 13:34:46 - [TEST_STEP][PASSED] - Statement - txtmap = [:]: null

2018-03-06 13:34:46 - [TEST_STEP][PASSED] - Statement - signmap = [:]: null

2018-03-06 13:34:46 - [TEST_STEP][PASSED] - cupakeysDl.initStart.initialStart: cupakeysDl.initStart.initialStart is PASSED

2018-03-06 13:34:48 - [MESSAGE][PASSED] - Browser is opened with url: ''

2018-03-06 13:34:51 - [MESSAGE][PASSED] - Delayed 3 second(s)

2018-03-06 13:34:53 - [MESSAGE][PASSED] - Navigate to 'https://d16a4dsnr8a0k1.cloudfront.net/en/2455233.html?price=150.00%20%E2%82%AC&partName=wilsonPartName&vin=wilsonVin&modelCode=XP11&paint=P0A94&modelDescription=wilsonModelDescription&additionalEquipment=wilsonAdditionalEquipment' successfully

2018-03-06 13:34:53 - [MESSAGE][PASSED] - Object 'Object Repository/CuPaDl/Loading_indicator' is visible

2018-03-06 13:35:00 - [MESSAGE][PASSED] - Object 'Object Repository/CuPaDl/Loading_indicator' is NOT visible

2018-03-06 13:35:01 - [MESSAGE][PASSED] - Delayed 1 second(s)

2018-03-06 13:35:01 - [MESSAGE][PASSED] - cupakeysDl.initStart.initialStart is PASSED

2018-03-06 13:35:01 - [TEST_STEP][PASSED] - Statement - (step++): null

2018-03-06 13:35:01 - [TEST_STEP][PASSED] - cupakeysDl.color.changecolor: cupakeysDl.color.changecolor is PASSED

2018-03-06 13:35:01 - [MESSAGE][PASSED] - Object 'Object Repository/CuPaDl/Color/Color' is visible

2018-03-06 13:35:02 - [MESSAGE][PASSED] - Object: 'Object Repository/CuPaDl/Color/Color' is clicked on

2018-03-06 13:35:03 - [MESSAGE][PASSED] - Delayed 1 second(s)

2018-03-06 13:35:03 - [MESSAGE][PASSED] - Object 'Object Repository/CuPaDl/Color/Color_nightlightblue' is visible

2018-03-06 13:35:03 - [MESSAGE][PASSED] - Object: 'Object Repository/CuPaDl/Color/Color_nightlightblue' is clicked on

2018-03-06 13:35:03 - [MESSAGE][WARNING] - Timeout '0' is invalid. Using default page load timeout: '30'

2018-03-06 13:35:03 - [MESSAGE][PASSED] - Object 'Object Repository/CuPaDl/Color/Color_nightlightblue' is visible

2018-03-06 13:35:04 - [MESSAGE][PASSED] - Delayed 1 second(s)

2018-03-06 13:35:04 - [MESSAGE][PASSED] - Object: 'Object Repository/CuPaDl/Color/Color_nightlightblue' is clicked on

2018-03-06 13:35:07 - [MESSAGE][WARNING] - Object 'Object Repository/CuPaDl/Loading_indicator' is not visible after 3 second(s)

2018-03-06 13:35:08 - [MESSAGE][PASSED] - Delayed 1 second(s)

2018-03-06 13:35:08 - [MESSAGE][PASSED] - cupakeysDl.color.changecolor is PASSED

2018-03-06 13:35:08 - [TEST_STEP][PASSED] - Statement - (step++): null

2018-03-06 13:35:08 - [TEST_STEP][PASSED] - cupakeysDl.chngstruct.changestructure: cupakeysDl.chngstruct.changestructure is PASSED

2018-03-06 13:35:08 - [MESSAGE][PASSED] - Object: 'Object Repository/CuPaDl/Structure/Structure' is clicked on

2018-03-06 13:35:08 - [MESSAGE][WARNING] - Timeout '0' is invalid. Using default page load timeout: '30'

2018-03-06 13:35:08 - [MESSAGE][PASSED] - Object 'Object Repository/CuPaDl/Structure/Structure_Hahnentritt' is visible

2018-03-06 13:35:08 - [MESSAGE][PASSED] - Object 'Object Repository/CuPaDl/Structure/Structure_chess' is visible

2018-03-06 13:35:08 - [MESSAGE][PASSED] - Object: 'Object Repository/CuPaDl/Structure/Structure_chess' is clicked on

2018-03-06 13:35:10 - [MESSAGE][PASSED] - Object 'Object Repository/CuPaDl/Loading_indicator' is visible

2018-03-06 13:35:11 - [MESSAGE][PASSED] - Object 'Object Repository/CuPaDl/Loading_indicator' is NOT visible

2018-03-06 13:35:12 - [MESSAGE][PASSED] - Delayed 1 second(s)

2018-03-06 13:35:12 - [MESSAGE][PASSED] - cupakeysDl.chngstruct.changestructure is PASSED

2018-03-06 13:35:12 - [TEST_STEP][PASSED] - Statement - (step++): null

2018-03-06 13:35:12 - [TEST_STEP][PASSED] - cupakeysDl.sclstruct.scalestructure: cupakeysDl.sclstruct.scalestructure is PASSED

2018-03-06 13:35:15 - [MESSAGE][WARNING] - Object 'Object Repository/CuPaDl/Structure/Resize_Structure_bottomright' is not visible after 3 second(s)

2018-03-06 13:35:15 - [MESSAGE][PASSED] - Object: 'Object Repository/CuPaDl/Structure/Resize_Structure' is clicked on

2018-03-06 13:35:15 - [MESSAGE][WARNING] - Timeout '0' is invalid. Using default page load timeout: '30'

2018-03-06 13:35:15 - [MESSAGE][PASSED] - Object 'Object Repository/CuPaDl/Structure/Resize_Structure_bottomright' is visible

2018-03-06 13:35:16 - [MESSAGE][PASSED] - Delayed 1 second(s)

2018-03-06 13:35:16 - [MESSAGE][PASSED] - Current viewport's left (x) position is 0

2018-03-06 13:35:16 - [MESSAGE][PASSED] - Current viewport's top (y) position is 54

2018-03-06 13:35:16 - [MESSAGE][PASSED] - Dragged object with id 'Object Repository/CuPaDl/Structure/Resize_Structure_bottomright' by offset distance x = -225 and y = -171 successfully

2018-03-06 13:35:20 - [MESSAGE][WARNING] - Object 'Object Repository/CuPaDl/Loading_indicator' is not visible after 3 second(s)

2018-03-06 13:35:21 - [MESSAGE][PASSED] - Delayed 1 second(s)

2018-03-06 13:35:21 - [MESSAGE][PASSED] - cupakeysDl.sclstruct.scalestructure is PASSED

2018-03-06 13:35:21 - [TEST_STEP][PASSED] - Statement - (step++): null

2018-03-06 13:35:21 - [TEST_STEP][PASSED] - Statement - iconmap += CustomKeywords.cupakeysDl.iconad.iconadd("racing", LoadTimeCorrector, step, run, device, timeStamp, iconcount): cupakeysDl.iconad.iconadd is PASSED

2018-03-06 13:35:21 - [MESSAGE][PASSED] - Object: 'Object Repository/CuPaDl/Icons/Icon' is clicked on

2018-03-06 13:35:21 - [MESSAGE][PASSED] - Object 'Object Repository/CuPaDl/Icons/Icon_racing' is visible

2018-03-06 13:35:21 - [MESSAGE][PASSED] - Object: 'Object Repository/CuPaDl/Icons/Icon_racing' is clicked on

2018-03-06 13:35:22 - [MESSAGE][PASSED] - Delayed 1 second(s)

2018-03-06 13:35:23 - [MESSAGE][PASSED] - Object 'Object Repository/CuPaDl/Loading_indicator' is visible

2018-03-06 13:35:24 - [MESSAGE][PASSED] - Object 'Object Repository/CuPaDl/Loading_indicator' is NOT visible

2018-03-06 13:35:24 - [MESSAGE][WARNING] - Timeout '0' is invalid. Using default page load timeout: '30'

2018-03-06 13:35:24 - [MESSAGE][PASSED] - Width of element 'Object Repository/CuPaDl/Icons/Reposition_icon' is '40'

2018-03-06 13:35:24 - [MESSAGE][PASSED] - Height of element 'Object Repository/CuPaDl/Icons/Reposition_icon' is '40'.

2018-03-06 13:35:25 - [MESSAGE][PASSED] - Delayed 1 second(s)

2018-03-06 13:35:25 - [MESSAGE][PASSED] - cupakeysDl.iconad.iconadd is PASSED

2018-03-06 13:35:25 - [TEST_STEP][PASSED] - Statement - (step++): null

2018-03-06 13:35:25 - [TEST_STEP][PASSED] - Statement - (iconcount++): null

2018-03-06 13:35:25 - [TEST_STEP][PASSED] - cupakeysDl.iconres.iconresize: cupakeysDl.iconres.iconresize is PASSED

2018-03-06 13:35:25 - [MESSAGE][PASSED] - Object 'Object Repository/CuPaDl/Icons/Reposition_icon' is visible

2018-03-06 13:35:25 - [MESSAGE][PASSED] - Current viewport's left (x) position is 0

2018-03-06 13:35:25 - [MESSAGE][PASSED] - Current viewport's top (y) position is 54

2018-03-06 13:35:25 - [MESSAGE][PASSED] - Dragged object with id 'Object Repository/CuPaDl/Icons/Resize_icon_bottomright' by offset distance x = -125 and y = -71 successfully

2018-03-06 13:35:28 - [MESSAGE][WARNING] - Object 'Object Repository/CuPaDl/Loading_indicator' is not visible after 3 second(s)

2018-03-06 13:35:29 - [MESSAGE][PASSED] - Delayed 1 second(s)

2018-03-06 13:35:29 - [MESSAGE][PASSED] - cupakeysDl.iconres.iconresize is PASSED

2018-03-06 13:35:29 - [TEST_STEP][PASSED] - Statement - (step++): null

2018-03-06 13:35:29 - [TEST_STEP][PASSED] - cupakeysDl.slink.svlink: cupakeysDl.slink.svlink is PASSED

2018-03-06 13:35:29 - [MESSAGE][PASSED] - Scroll to object 'Object Repository/CuPaDl/Save/Save' successfully

2018-03-06 13:35:29 - [MESSAGE][PASSED] - Object: 'Object Repository/CuPaDl/Save/Save' is clicked on

2018-03-06 13:35:29 - [MESSAGE][WARNING] - Timeout '0' is invalid. Using default page load timeout: '30'

2018-03-06 13:35:31 - [MESSAGE][PASSED] - Object 'Object Repository/CuPaDl/Save/CopyLink' is visible

2018-03-06 13:35:31 - [MESSAGE][PASSED] - Attribute 'value' of object 'Object Repository/CuPaDl/Save/Link' is: 'https://d16a4dsnr8a0k1.cloudfront.net/en/2455233.html?scupaId=BVQtMXk/PVBdL3o0RURG'

2018-03-06 13:35:31 - [MESSAGE][PASSED] - cupakeysDl.slink.svlink is PASSED

2018-03-06 13:35:31 - [TEST_STEP][PASSED] - cupakeysDl.endsession.finishsession: cupakeysDl.endsession.finishsession is PASSED

2018-03-06 13:35:34 - [MESSAGE][PASSED] - Delayed 3 second(s)

2018-03-06 13:35:35 - [MESSAGE][PASSED] - Browser is closed

2018-03-06 13:35:35 - [MESSAGE][PASSED] - cupakeysDl.endsession.finishsession is PASSED]]></system-out>
         <system-err><![CDATA[]]></system-err>
      </testcase>
      <system-out><![CDATA[2018-03-06 13:32:21 - [TEST_SUITE][PASSED] - CuPa: Test Cases/CuPaStefanie/3]]></system-out>
      <system-err><![CDATA[]]></system-err>
   </testsuite>
</testsuites>
