<?xml version="1.0" encoding="UTF-8"?>
<testsuites name="CuPa" time="864" tests="0" failures="20" errors="0">
   <testsuite name="CuPa" tests="0" failures="20" errors="0" time="864" timestamp="2018-03-05 16:42:07" hostname="Megapoort - DESKTOP-47R6KV7.localdomain" id="Test Suites/CuPa">
      <properties>
         <property name="deviceName" value=""/>
         <property name="devicePlatform" value=""/>
         <property name="logFolder" value="D:\\Project\\DS5.2.1\\Reports\\CuPa\\20180305_164206"/>
         <property name="logFiles" value="D:\\Project\\DS5.2.1\\Reports\\CuPa\\20180305_164206\\execution0.log"/>
         <property name="attachments" value=""/>
         <property name="hostName" value="Megapoort - DESKTOP-47R6KV7.localdomain"/>
         <property name="os" value="Windows 10 64bit"/>
         <property name="katalonVersion" value="5.3.1.1"/>
         <property name="browser" value="Chrome 64.0.3282.186"/>
         <property name="hostAddress" value="192.168.100.78"/>
         <property name="sessionId" value="611794f077f35ef677dde1bf33c3364d"/>
         <property name="seleniumVersion" value="3.7.1"/>
         <property name="proxyInformation" value="ProxyInformation{proxyOption=NO_PROXY, proxyServerType=HTTP, password=, proxyServerAddress=, proxyServerPort=0}"/>
         <property name="platform" value="Windows 10"/>
      </properties>
      <testcase name="Test Cases/CuPaStefanie/13" classname="Test Cases/CuPaStefanie/13" status="FAILED">
         <failure type="FAILED" message="Unable to click on object 'Object Repository/CuPaDl/Structure/Structure_fade' (Root cause: org.openqa.selenium.ElementNotVisibleException: element not visible
  (Session info: headless chrome=64.0.3282.186)
  (Driver info: chromedriver=2.35.528161 (5b82f2d2aae0ca24b877009200ced9065a772e73),platform=Windows NT 10.0.16299 x86_64) (WARNING: The server did not provide any stacktrace information)
Command duration or timeout: 0 milliseconds
Build info: version: '3.7.1', revision: '8a0099a', time: '2017-11-06T21:07:36.161Z'
System info: host: 'DESKTOP-47R6KV7', ip: '192.168.100.78', os.name: 'Windows 10', os.arch: 'amd64', os.version: '10.0', java.version: '1.8.0_102'
Driver info: com.kms.katalon.selenium.driver.CChromeDriver
Capabilities {acceptInsecureCerts: false, acceptSslCerts: false, applicationCacheEnabled: false, browserConnectionEnabled: false, browserName: chrome, chrome: {chromedriverVersion: 2.35.528161 (5b82f2d2aae0ca..., userDataDir: C:\Users\MEGAPO~1\AppData\L...}, cssSelectorsEnabled: true, databaseEnabled: false, handlesAlerts: true, hasTouchScreen: false, javascriptEnabled: true, locationContextEnabled: true, mobileEmulationEnabled: false, nativeEvents: true, networkConnectionEnabled: false, pageLoadStrategy: normal, platform: XP, platformName: XP, rotatable: false, setWindowRect: true, takesHeapSnapshot: true, takesScreenshot: true, unexpectedAlertBehaviour: , unhandledPromptBehavior: , version: 64.0.3282.186, webStorageEnabled: true}
Session ID: b1ab4085bdd25afa50499f1eeaa789b6)"/>
         <system-out><![CDATA[2018-03-05 16:42:07 - [TEST_CASE][FAILED] - Test Cases/CuPaStefanie/13: Test Cases/CuPaStefanie/13 FAILED because (of) Unable to click on object 'Object Repository/CuPaDl/Structure/Structure_fade' (Root cause: org.openqa.selenium.ElementNotVisibleException: element not visible
  (Session info: headless chrome=64.0.3282.186)
  (Driver info: chromedriver=2.35.528161 (5b82f2d2aae0ca24b877009200ced9065a772e73),platform=Windows NT 10.0.16299 x86_64) (WARNING: The server did not provide any stacktrace information)
Command duration or timeout: 0 milliseconds
Build info: version: '3.7.1', revision: '8a0099a', time: '2017-11-06T21:07:36.161Z'
System info: host: 'DESKTOP-47R6KV7', ip: '192.168.100.78', os.name: 'Windows 10', os.arch: 'amd64', os.version: '10.0', java.version: '1.8.0_102'
Driver info: com.kms.katalon.selenium.driver.CChromeDriver
Capabilities {acceptInsecureCerts: false, acceptSslCerts: false, applicationCacheEnabled: false, browserConnectionEnabled: false, browserName: chrome, chrome: {chromedriverVersion: 2.35.528161 (5b82f2d2aae0ca..., userDataDir: C:\Users\MEGAPO~1\AppData\L...}, cssSelectorsEnabled: true, databaseEnabled: false, handlesAlerts: true, hasTouchScreen: false, javascriptEnabled: true, locationContextEnabled: true, mobileEmulationEnabled: false, nativeEvents: true, networkConnectionEnabled: false, pageLoadStrategy: normal, platform: XP, platformName: XP, rotatable: false, setWindowRect: true, takesHeapSnapshot: true, takesScreenshot: true, unexpectedAlertBehaviour: , unhandledPromptBehavior: , version: 64.0.3282.186, webStorageEnabled: true}
Session ID: b1ab4085bdd25afa50499f1eeaa789b6)

2018-03-05 16:42:07 - [TEST_STEP][PASSED] - Statement - timeStamp = new java.text.SimpleDateFormat(dd.MM.yyyy).format(java.util.Calendar.getInstance().getTime()): null

2018-03-05 16:42:07 - [TEST_STEP][PASSED] - Statement - timeStampScreenshot = new java.text.SimpleDateFormat(dd.MM.yyyy).format(java.util.Calendar.getInstance().getTime()): null

2018-03-05 16:42:07 - [TEST_STEP][PASSED] - Statement - iconmap = [:]: null

2018-03-05 16:42:07 - [TEST_STEP][PASSED] - Statement - txtmap = [:]: null

2018-03-05 16:42:07 - [TEST_STEP][PASSED] - Statement - signmap = [:]: null

2018-03-05 16:42:07 - [TEST_STEP][PASSED] - cupakeysDl.initStart.initialStart: cupakeysDl.initStart.initialStart is PASSED

2018-03-05 16:42:10 - [MESSAGE][PASSED] - Browser is opened with url: ''

2018-03-05 16:42:13 - [MESSAGE][PASSED] - Delayed 3 second(s)

2018-03-05 16:42:14 - [MESSAGE][PASSED] - Navigate to 'https://d16a4dsnr8a0k1.cloudfront.net/en/2455233.html?price=150.00%20%E2%82%AC&partName=wilsonPartName&vin=wilsonVin&modelCode=XP11&paint=P0A94&modelDescription=wilsonModelDescription&additionalEquipment=wilsonAdditionalEquipment' successfully

2018-03-05 16:42:15 - [MESSAGE][PASSED] - Object 'Object Repository/CuPaDl/Loading_indicator' is visible

2018-03-05 16:42:22 - [MESSAGE][PASSED] - Object 'Object Repository/CuPaDl/Loading_indicator' is NOT visible

2018-03-05 16:42:23 - [MESSAGE][PASSED] - Delayed 1 second(s)

2018-03-05 16:42:23 - [MESSAGE][PASSED] - cupakeysDl.initStart.initialStart is PASSED

2018-03-05 16:42:23 - [TEST_STEP][PASSED] - Statement - (step++): null

2018-03-05 16:42:23 - [TEST_STEP][PASSED] - cupakeysDl.color.changecolor: cupakeysDl.color.changecolor is PASSED

2018-03-05 16:42:23 - [MESSAGE][PASSED] - Object 'Object Repository/CuPaDl/Color/Color' is visible

2018-03-05 16:42:23 - [MESSAGE][PASSED] - Object: 'Object Repository/CuPaDl/Color/Color' is clicked on

2018-03-05 16:42:23 - [MESSAGE][WARNING] - Timeout '0' is invalid. Using default page load timeout: '30'

2018-03-05 16:42:23 - [MESSAGE][PASSED] - Object 'Object Repository/CuPaDl/Color/Color_nightlightblue' is visible

2018-03-05 16:42:24 - [MESSAGE][PASSED] - Delayed 1 second(s)

2018-03-05 16:42:24 - [MESSAGE][PASSED] - Object: 'Object Repository/CuPaDl/Color/Color_nightlightblue' is clicked on

2018-03-05 16:42:25 - [MESSAGE][PASSED] - Object 'Object Repository/CuPaDl/Loading_indicator' is visible

2018-03-05 16:42:26 - [MESSAGE][PASSED] - Object 'Object Repository/CuPaDl/Loading_indicator' is NOT visible

2018-03-05 16:42:27 - [MESSAGE][PASSED] - Delayed 1 second(s)

2018-03-05 16:42:27 - [MESSAGE][PASSED] - cupakeysDl.color.changecolor is PASSED

2018-03-05 16:42:27 - [TEST_STEP][PASSED] - Statement - (step++): null

2018-03-05 16:42:27 - [TEST_STEP][FAILED] - cupakeysDl.chngstruct.changestructure: Unable to click on object 'Object Repository/CuPaDl/Structure/Structure_fade' (Root cause: org.openqa.selenium.ElementNotVisibleException: element not visible
  (Session info: headless chrome=64.0.3282.186)
  (Driver info: chromedriver=2.35.528161 (5b82f2d2aae0ca24b877009200ced9065a772e73),platform=Windows NT 10.0.16299 x86_64) (WARNING: The server did not provide any stacktrace information)
Command duration or timeout: 0 milliseconds
Build info: version: '3.7.1', revision: '8a0099a', time: '2017-11-06T21:07:36.161Z'
System info: host: 'DESKTOP-47R6KV7', ip: '192.168.100.78', os.name: 'Windows 10', os.arch: 'amd64', os.version: '10.0', java.version: '1.8.0_102'
Driver info: com.kms.katalon.selenium.driver.CChromeDriver
Capabilities {acceptInsecureCerts: false, acceptSslCerts: false, applicationCacheEnabled: false, browserConnectionEnabled: false, browserName: chrome, chrome: {chromedriverVersion: 2.35.528161 (5b82f2d2aae0ca..., userDataDir: C:\Users\MEGAPO~1\AppData\L...}, cssSelectorsEnabled: true, databaseEnabled: false, handlesAlerts: true, hasTouchScreen: false, javascriptEnabled: true, locationContextEnabled: true, mobileEmulationEnabled: false, nativeEvents: true, networkConnectionEnabled: false, pageLoadStrategy: normal, platform: XP, platformName: XP, rotatable: false, setWindowRect: true, takesHeapSnapshot: true, takesScreenshot: true, unexpectedAlertBehaviour: , unhandledPromptBehavior: , version: 64.0.3282.186, webStorageEnabled: true}
Session ID: b1ab4085bdd25afa50499f1eeaa789b6)

2018-03-05 16:42:27 - [MESSAGE][PASSED] - Object 'Object Repository/CuPaDl/Structure/Structure' is visible

2018-03-05 16:42:27 - [MESSAGE][PASSED] - Object: 'Object Repository/CuPaDl/Structure/Structure' is clicked on

2018-03-05 16:42:27 - [MESSAGE][WARNING] - Timeout '0' is invalid. Using default page load timeout: '30'

2018-03-05 16:42:27 - [MESSAGE][PASSED] - Object 'Object Repository/CuPaDl/Structure/Structure_Hahnentritt' is visible

2018-03-05 16:42:28 - [MESSAGE][PASSED] - Delayed 1 second(s)

2018-03-05 16:42:28 - [MESSAGE][FAILED] - Unable to click on object 'Object Repository/CuPaDl/Structure/Structure_fade' (Root cause: org.openqa.selenium.ElementNotVisibleException: element not visible
  (Session info: headless chrome=64.0.3282.186)
  (Driver info: chromedriver=2.35.528161 (5b82f2d2aae0ca24b877009200ced9065a772e73),platform=Windows NT 10.0.16299 x86_64) (WARNING: The server did not provide any stacktrace information)
Command duration or timeout: 0 milliseconds
Build info: version: '3.7.1', revision: '8a0099a', time: '2017-11-06T21:07:36.161Z'
System info: host: 'DESKTOP-47R6KV7', ip: '192.168.100.78', os.name: 'Windows 10', os.arch: 'amd64', os.version: '10.0', java.version: '1.8.0_102'
Driver info: com.kms.katalon.selenium.driver.CChromeDriver
Capabilities {acceptInsecureCerts: false, acceptSslCerts: false, applicationCacheEnabled: false, browserConnectionEnabled: false, browserName: chrome, chrome: {chromedriverVersion: 2.35.528161 (5b82f2d2aae0ca..., userDataDir: C:\Users\MEGAPO~1\AppData\L...}, cssSelectorsEnabled: true, databaseEnabled: false, handlesAlerts: true, hasTouchScreen: false, javascriptEnabled: true, locationContextEnabled: true, mobileEmulationEnabled: false, nativeEvents: true, networkConnectionEnabled: false, pageLoadStrategy: normal, platform: XP, platformName: XP, rotatable: false, setWindowRect: true, takesHeapSnapshot: true, takesScreenshot: true, unexpectedAlertBehaviour: , unhandledPromptBehavior: , version: 64.0.3282.186, webStorageEnabled: true}
Session ID: b1ab4085bdd25afa50499f1eeaa789b6)

2018-03-05 16:42:28 - [MESSAGE][FAILED] - Unable to click on object 'Object Repository/CuPaDl/Structure/Structure_fade' (Root cause: org.openqa.selenium.ElementNotVisibleException: element not visible
  (Session info: headless chrome=64.0.3282.186)
  (Driver info: chromedriver=2.35.528161 (5b82f2d2aae0ca24b877009200ced9065a772e73),platform=Windows NT 10.0.16299 x86_64) (WARNING: The server did not provide any stacktrace information)
Command duration or timeout: 0 milliseconds
Build info: version: '3.7.1', revision: '8a0099a', time: '2017-11-06T21:07:36.161Z'
System info: host: 'DESKTOP-47R6KV7', ip: '192.168.100.78', os.name: 'Windows 10', os.arch: 'amd64', os.version: '10.0', java.version: '1.8.0_102'
Driver info: com.kms.katalon.selenium.driver.CChromeDriver
Capabilities {acceptInsecureCerts: false, acceptSslCerts: false, applicationCacheEnabled: false, browserConnectionEnabled: false, browserName: chrome, chrome: {chromedriverVersion: 2.35.528161 (5b82f2d2aae0ca..., userDataDir: C:\Users\MEGAPO~1\AppData\L...}, cssSelectorsEnabled: true, databaseEnabled: false, handlesAlerts: true, hasTouchScreen: false, javascriptEnabled: true, locationContextEnabled: true, mobileEmulationEnabled: false, nativeEvents: true, networkConnectionEnabled: false, pageLoadStrategy: normal, platform: XP, platformName: XP, rotatable: false, setWindowRect: true, takesHeapSnapshot: true, takesScreenshot: true, unexpectedAlertBehaviour: , unhandledPromptBehavior: , version: 64.0.3282.186, webStorageEnabled: true}
Session ID: b1ab4085bdd25afa50499f1eeaa789b6)]]></system-out>
         <system-err><![CDATA[2018-03-05 16:42:07 - [TEST_CASE][FAILED] - Test Cases/CuPaStefanie/13: Test Cases/CuPaStefanie/13 FAILED because (of) Unable to click on object 'Object Repository/CuPaDl/Structure/Structure_fade' (Root cause: org.openqa.selenium.ElementNotVisibleException: element not visible
  (Session info: headless chrome=64.0.3282.186)
  (Driver info: chromedriver=2.35.528161 (5b82f2d2aae0ca24b877009200ced9065a772e73),platform=Windows NT 10.0.16299 x86_64) (WARNING: The server did not provide any stacktrace information)
Command duration or timeout: 0 milliseconds
Build info: version: '3.7.1', revision: '8a0099a', time: '2017-11-06T21:07:36.161Z'
System info: host: 'DESKTOP-47R6KV7', ip: '192.168.100.78', os.name: 'Windows 10', os.arch: 'amd64', os.version: '10.0', java.version: '1.8.0_102'
Driver info: com.kms.katalon.selenium.driver.CChromeDriver
Capabilities {acceptInsecureCerts: false, acceptSslCerts: false, applicationCacheEnabled: false, browserConnectionEnabled: false, browserName: chrome, chrome: {chromedriverVersion: 2.35.528161 (5b82f2d2aae0ca..., userDataDir: C:\Users\MEGAPO~1\AppData\L...}, cssSelectorsEnabled: true, databaseEnabled: false, handlesAlerts: true, hasTouchScreen: false, javascriptEnabled: true, locationContextEnabled: true, mobileEmulationEnabled: false, nativeEvents: true, networkConnectionEnabled: false, pageLoadStrategy: normal, platform: XP, platformName: XP, rotatable: false, setWindowRect: true, takesHeapSnapshot: true, takesScreenshot: true, unexpectedAlertBehaviour: , unhandledPromptBehavior: , version: 64.0.3282.186, webStorageEnabled: true}
Session ID: b1ab4085bdd25afa50499f1eeaa789b6)]]></system-err>
      </testcase>
      <testcase name="Test Cases/CuPaStefanie/14" classname="Test Cases/CuPaStefanie/14" status="FAILED">
         <failure type="FAILED" message="Unable to click on object 'Object Repository/CuPaDl/Structure/Structure_fade' (Root cause: org.openqa.selenium.ElementNotVisibleException: element not visible
  (Session info: headless chrome=64.0.3282.186)
  (Driver info: chromedriver=2.35.528161 (5b82f2d2aae0ca24b877009200ced9065a772e73),platform=Windows NT 10.0.16299 x86_64) (WARNING: The server did not provide any stacktrace information)
Command duration or timeout: 0 milliseconds
Build info: version: '3.7.1', revision: '8a0099a', time: '2017-11-06T21:07:36.161Z'
System info: host: 'DESKTOP-47R6KV7', ip: '192.168.100.78', os.name: 'Windows 10', os.arch: 'amd64', os.version: '10.0', java.version: '1.8.0_102'
Driver info: com.kms.katalon.selenium.driver.CChromeDriver
Capabilities {acceptInsecureCerts: false, acceptSslCerts: false, applicationCacheEnabled: false, browserConnectionEnabled: false, browserName: chrome, chrome: {chromedriverVersion: 2.35.528161 (5b82f2d2aae0ca..., userDataDir: C:\Users\MEGAPO~1\AppData\L...}, cssSelectorsEnabled: true, databaseEnabled: false, handlesAlerts: true, hasTouchScreen: false, javascriptEnabled: true, locationContextEnabled: true, mobileEmulationEnabled: false, nativeEvents: true, networkConnectionEnabled: false, pageLoadStrategy: normal, platform: XP, platformName: XP, rotatable: false, setWindowRect: true, takesHeapSnapshot: true, takesScreenshot: true, unexpectedAlertBehaviour: , unhandledPromptBehavior: , version: 64.0.3282.186, webStorageEnabled: true}
Session ID: d317cf79b7d3702e9c1ae600bdb88703)"/>
         <system-out><![CDATA[2018-03-05 16:42:28 - [TEST_CASE][FAILED] - Test Cases/CuPaStefanie/14: Test Cases/CuPaStefanie/14 FAILED because (of) Unable to click on object 'Object Repository/CuPaDl/Structure/Structure_fade' (Root cause: org.openqa.selenium.ElementNotVisibleException: element not visible
  (Session info: headless chrome=64.0.3282.186)
  (Driver info: chromedriver=2.35.528161 (5b82f2d2aae0ca24b877009200ced9065a772e73),platform=Windows NT 10.0.16299 x86_64) (WARNING: The server did not provide any stacktrace information)
Command duration or timeout: 0 milliseconds
Build info: version: '3.7.1', revision: '8a0099a', time: '2017-11-06T21:07:36.161Z'
System info: host: 'DESKTOP-47R6KV7', ip: '192.168.100.78', os.name: 'Windows 10', os.arch: 'amd64', os.version: '10.0', java.version: '1.8.0_102'
Driver info: com.kms.katalon.selenium.driver.CChromeDriver
Capabilities {acceptInsecureCerts: false, acceptSslCerts: false, applicationCacheEnabled: false, browserConnectionEnabled: false, browserName: chrome, chrome: {chromedriverVersion: 2.35.528161 (5b82f2d2aae0ca..., userDataDir: C:\Users\MEGAPO~1\AppData\L...}, cssSelectorsEnabled: true, databaseEnabled: false, handlesAlerts: true, hasTouchScreen: false, javascriptEnabled: true, locationContextEnabled: true, mobileEmulationEnabled: false, nativeEvents: true, networkConnectionEnabled: false, pageLoadStrategy: normal, platform: XP, platformName: XP, rotatable: false, setWindowRect: true, takesHeapSnapshot: true, takesScreenshot: true, unexpectedAlertBehaviour: , unhandledPromptBehavior: , version: 64.0.3282.186, webStorageEnabled: true}
Session ID: d317cf79b7d3702e9c1ae600bdb88703)

2018-03-05 16:42:29 - [TEST_STEP][PASSED] - Statement - timeStamp = new java.text.SimpleDateFormat(dd.MM.yyyy).format(java.util.Calendar.getInstance().getTime()): null

2018-03-05 16:42:29 - [TEST_STEP][PASSED] - Statement - timeStampScreenshot = new java.text.SimpleDateFormat(dd.MM.yyyy).format(java.util.Calendar.getInstance().getTime()): null

2018-03-05 16:42:29 - [TEST_STEP][PASSED] - Statement - iconmap = [:]: null

2018-03-05 16:42:29 - [TEST_STEP][PASSED] - Statement - txtmap = [:]: null

2018-03-05 16:42:29 - [TEST_STEP][PASSED] - Statement - signmap = [:]: null

2018-03-05 16:42:29 - [TEST_STEP][PASSED] - cupakeysDl.initStart.initialStart: cupakeysDl.initStart.initialStart is PASSED

2018-03-05 16:42:29 - [MESSAGE][WARNING] - A browser is already opened. Closing browser and opening a new one

2018-03-05 16:42:31 - [MESSAGE][PASSED] - Browser is opened with url: ''

2018-03-05 16:42:34 - [MESSAGE][PASSED] - Delayed 3 second(s)

2018-03-05 16:42:36 - [MESSAGE][PASSED] - Navigate to 'https://d16a4dsnr8a0k1.cloudfront.net/en/2455233.html?price=150.00%20%E2%82%AC&partName=wilsonPartName&vin=wilsonVin&modelCode=XP11&paint=P0A94&modelDescription=wilsonModelDescription&additionalEquipment=wilsonAdditionalEquipment' successfully

2018-03-05 16:42:36 - [MESSAGE][PASSED] - Object 'Object Repository/CuPaDl/Loading_indicator' is visible

2018-03-05 16:42:44 - [MESSAGE][PASSED] - Object 'Object Repository/CuPaDl/Loading_indicator' is NOT visible

2018-03-05 16:42:45 - [MESSAGE][PASSED] - Delayed 1 second(s)

2018-03-05 16:42:45 - [MESSAGE][PASSED] - cupakeysDl.initStart.initialStart is PASSED

2018-03-05 16:42:45 - [TEST_STEP][PASSED] - Statement - (step++): null

2018-03-05 16:42:45 - [TEST_STEP][PASSED] - cupakeysDl.color.changecolor: cupakeysDl.color.changecolor is PASSED

2018-03-05 16:42:45 - [MESSAGE][PASSED] - Object 'Object Repository/CuPaDl/Color/Color' is visible

2018-03-05 16:42:45 - [MESSAGE][PASSED] - Object: 'Object Repository/CuPaDl/Color/Color' is clicked on

2018-03-05 16:42:45 - [MESSAGE][WARNING] - Timeout '0' is invalid. Using default page load timeout: '30'

2018-03-05 16:42:45 - [MESSAGE][PASSED] - Object 'Object Repository/CuPaDl/Color/Color_nightlightblue' is visible

2018-03-05 16:42:46 - [MESSAGE][PASSED] - Delayed 1 second(s)

2018-03-05 16:42:46 - [MESSAGE][PASSED] - Object: 'Object Repository/CuPaDl/Color/Color_nightlightblue' is clicked on

2018-03-05 16:42:49 - [MESSAGE][WARNING] - Object 'Object Repository/CuPaDl/Loading_indicator' is not visible after 3 second(s)

2018-03-05 16:42:50 - [MESSAGE][PASSED] - Delayed 1 second(s)

2018-03-05 16:42:50 - [MESSAGE][PASSED] - cupakeysDl.color.changecolor is PASSED

2018-03-05 16:42:50 - [TEST_STEP][PASSED] - Statement - (step++): null

2018-03-05 16:42:50 - [TEST_STEP][FAILED] - cupakeysDl.chngstruct.changestructure: Unable to click on object 'Object Repository/CuPaDl/Structure/Structure_fade' (Root cause: org.openqa.selenium.ElementNotVisibleException: element not visible
  (Session info: headless chrome=64.0.3282.186)
  (Driver info: chromedriver=2.35.528161 (5b82f2d2aae0ca24b877009200ced9065a772e73),platform=Windows NT 10.0.16299 x86_64) (WARNING: The server did not provide any stacktrace information)
Command duration or timeout: 0 milliseconds
Build info: version: '3.7.1', revision: '8a0099a', time: '2017-11-06T21:07:36.161Z'
System info: host: 'DESKTOP-47R6KV7', ip: '192.168.100.78', os.name: 'Windows 10', os.arch: 'amd64', os.version: '10.0', java.version: '1.8.0_102'
Driver info: com.kms.katalon.selenium.driver.CChromeDriver
Capabilities {acceptInsecureCerts: false, acceptSslCerts: false, applicationCacheEnabled: false, browserConnectionEnabled: false, browserName: chrome, chrome: {chromedriverVersion: 2.35.528161 (5b82f2d2aae0ca..., userDataDir: C:\Users\MEGAPO~1\AppData\L...}, cssSelectorsEnabled: true, databaseEnabled: false, handlesAlerts: true, hasTouchScreen: false, javascriptEnabled: true, locationContextEnabled: true, mobileEmulationEnabled: false, nativeEvents: true, networkConnectionEnabled: false, pageLoadStrategy: normal, platform: XP, platformName: XP, rotatable: false, setWindowRect: true, takesHeapSnapshot: true, takesScreenshot: true, unexpectedAlertBehaviour: , unhandledPromptBehavior: , version: 64.0.3282.186, webStorageEnabled: true}
Session ID: d317cf79b7d3702e9c1ae600bdb88703)

2018-03-05 16:42:50 - [MESSAGE][PASSED] - Object 'Object Repository/CuPaDl/Structure/Structure' is visible

2018-03-05 16:42:51 - [MESSAGE][PASSED] - Object: 'Object Repository/CuPaDl/Structure/Structure' is clicked on

2018-03-05 16:42:51 - [MESSAGE][WARNING] - Timeout '0' is invalid. Using default page load timeout: '30'

2018-03-05 16:42:51 - [MESSAGE][PASSED] - Object 'Object Repository/CuPaDl/Structure/Structure_Hahnentritt' is visible

2018-03-05 16:42:52 - [MESSAGE][PASSED] - Delayed 1 second(s)

2018-03-05 16:42:52 - [MESSAGE][FAILED] - Unable to click on object 'Object Repository/CuPaDl/Structure/Structure_fade' (Root cause: org.openqa.selenium.ElementNotVisibleException: element not visible
  (Session info: headless chrome=64.0.3282.186)
  (Driver info: chromedriver=2.35.528161 (5b82f2d2aae0ca24b877009200ced9065a772e73),platform=Windows NT 10.0.16299 x86_64) (WARNING: The server did not provide any stacktrace information)
Command duration or timeout: 0 milliseconds
Build info: version: '3.7.1', revision: '8a0099a', time: '2017-11-06T21:07:36.161Z'
System info: host: 'DESKTOP-47R6KV7', ip: '192.168.100.78', os.name: 'Windows 10', os.arch: 'amd64', os.version: '10.0', java.version: '1.8.0_102'
Driver info: com.kms.katalon.selenium.driver.CChromeDriver
Capabilities {acceptInsecureCerts: false, acceptSslCerts: false, applicationCacheEnabled: false, browserConnectionEnabled: false, browserName: chrome, chrome: {chromedriverVersion: 2.35.528161 (5b82f2d2aae0ca..., userDataDir: C:\Users\MEGAPO~1\AppData\L...}, cssSelectorsEnabled: true, databaseEnabled: false, handlesAlerts: true, hasTouchScreen: false, javascriptEnabled: true, locationContextEnabled: true, mobileEmulationEnabled: false, nativeEvents: true, networkConnectionEnabled: false, pageLoadStrategy: normal, platform: XP, platformName: XP, rotatable: false, setWindowRect: true, takesHeapSnapshot: true, takesScreenshot: true, unexpectedAlertBehaviour: , unhandledPromptBehavior: , version: 64.0.3282.186, webStorageEnabled: true}
Session ID: d317cf79b7d3702e9c1ae600bdb88703)

2018-03-05 16:42:52 - [MESSAGE][FAILED] - Unable to click on object 'Object Repository/CuPaDl/Structure/Structure_fade' (Root cause: org.openqa.selenium.ElementNotVisibleException: element not visible
  (Session info: headless chrome=64.0.3282.186)
  (Driver info: chromedriver=2.35.528161 (5b82f2d2aae0ca24b877009200ced9065a772e73),platform=Windows NT 10.0.16299 x86_64) (WARNING: The server did not provide any stacktrace information)
Command duration or timeout: 0 milliseconds
Build info: version: '3.7.1', revision: '8a0099a', time: '2017-11-06T21:07:36.161Z'
System info: host: 'DESKTOP-47R6KV7', ip: '192.168.100.78', os.name: 'Windows 10', os.arch: 'amd64', os.version: '10.0', java.version: '1.8.0_102'
Driver info: com.kms.katalon.selenium.driver.CChromeDriver
Capabilities {acceptInsecureCerts: false, acceptSslCerts: false, applicationCacheEnabled: false, browserConnectionEnabled: false, browserName: chrome, chrome: {chromedriverVersion: 2.35.528161 (5b82f2d2aae0ca..., userDataDir: C:\Users\MEGAPO~1\AppData\L...}, cssSelectorsEnabled: true, databaseEnabled: false, handlesAlerts: true, hasTouchScreen: false, javascriptEnabled: true, locationContextEnabled: true, mobileEmulationEnabled: false, nativeEvents: true, networkConnectionEnabled: false, pageLoadStrategy: normal, platform: XP, platformName: XP, rotatable: false, setWindowRect: true, takesHeapSnapshot: true, takesScreenshot: true, unexpectedAlertBehaviour: , unhandledPromptBehavior: , version: 64.0.3282.186, webStorageEnabled: true}
Session ID: d317cf79b7d3702e9c1ae600bdb88703)]]></system-out>
         <system-err><![CDATA[2018-03-05 16:42:28 - [TEST_CASE][FAILED] - Test Cases/CuPaStefanie/14: Test Cases/CuPaStefanie/14 FAILED because (of) Unable to click on object 'Object Repository/CuPaDl/Structure/Structure_fade' (Root cause: org.openqa.selenium.ElementNotVisibleException: element not visible
  (Session info: headless chrome=64.0.3282.186)
  (Driver info: chromedriver=2.35.528161 (5b82f2d2aae0ca24b877009200ced9065a772e73),platform=Windows NT 10.0.16299 x86_64) (WARNING: The server did not provide any stacktrace information)
Command duration or timeout: 0 milliseconds
Build info: version: '3.7.1', revision: '8a0099a', time: '2017-11-06T21:07:36.161Z'
System info: host: 'DESKTOP-47R6KV7', ip: '192.168.100.78', os.name: 'Windows 10', os.arch: 'amd64', os.version: '10.0', java.version: '1.8.0_102'
Driver info: com.kms.katalon.selenium.driver.CChromeDriver
Capabilities {acceptInsecureCerts: false, acceptSslCerts: false, applicationCacheEnabled: false, browserConnectionEnabled: false, browserName: chrome, chrome: {chromedriverVersion: 2.35.528161 (5b82f2d2aae0ca..., userDataDir: C:\Users\MEGAPO~1\AppData\L...}, cssSelectorsEnabled: true, databaseEnabled: false, handlesAlerts: true, hasTouchScreen: false, javascriptEnabled: true, locationContextEnabled: true, mobileEmulationEnabled: false, nativeEvents: true, networkConnectionEnabled: false, pageLoadStrategy: normal, platform: XP, platformName: XP, rotatable: false, setWindowRect: true, takesHeapSnapshot: true, takesScreenshot: true, unexpectedAlertBehaviour: , unhandledPromptBehavior: , version: 64.0.3282.186, webStorageEnabled: true}
Session ID: d317cf79b7d3702e9c1ae600bdb88703)]]></system-err>
      </testcase>
      <testcase name="Test Cases/CuPaStefanie/15" classname="Test Cases/CuPaStefanie/15" status="FAILED">
         <failure type="FAILED" message="Unable to click on object 'Object Repository/CuPaDl/Structure/Structure_ring' (Root cause: org.openqa.selenium.ElementNotVisibleException: element not visible
  (Session info: headless chrome=64.0.3282.186)
  (Driver info: chromedriver=2.35.528161 (5b82f2d2aae0ca24b877009200ced9065a772e73),platform=Windows NT 10.0.16299 x86_64) (WARNING: The server did not provide any stacktrace information)
Command duration or timeout: 0 milliseconds
Build info: version: '3.7.1', revision: '8a0099a', time: '2017-11-06T21:07:36.161Z'
System info: host: 'DESKTOP-47R6KV7', ip: '192.168.100.78', os.name: 'Windows 10', os.arch: 'amd64', os.version: '10.0', java.version: '1.8.0_102'
Driver info: com.kms.katalon.selenium.driver.CChromeDriver
Capabilities {acceptInsecureCerts: false, acceptSslCerts: false, applicationCacheEnabled: false, browserConnectionEnabled: false, browserName: chrome, chrome: {chromedriverVersion: 2.35.528161 (5b82f2d2aae0ca..., userDataDir: C:\Users\MEGAPO~1\AppData\L...}, cssSelectorsEnabled: true, databaseEnabled: false, handlesAlerts: true, hasTouchScreen: false, javascriptEnabled: true, locationContextEnabled: true, mobileEmulationEnabled: false, nativeEvents: true, networkConnectionEnabled: false, pageLoadStrategy: normal, platform: XP, platformName: XP, rotatable: false, setWindowRect: true, takesHeapSnapshot: true, takesScreenshot: true, unexpectedAlertBehaviour: , unhandledPromptBehavior: , version: 64.0.3282.186, webStorageEnabled: true}
Session ID: 7a1d3f39378488229e281ff20fb95396)"/>
         <system-out><![CDATA[2018-03-05 16:42:52 - [TEST_CASE][FAILED] - Test Cases/CuPaStefanie/15: Test Cases/CuPaStefanie/15 FAILED because (of) Unable to click on object 'Object Repository/CuPaDl/Structure/Structure_ring' (Root cause: org.openqa.selenium.ElementNotVisibleException: element not visible
  (Session info: headless chrome=64.0.3282.186)
  (Driver info: chromedriver=2.35.528161 (5b82f2d2aae0ca24b877009200ced9065a772e73),platform=Windows NT 10.0.16299 x86_64) (WARNING: The server did not provide any stacktrace information)
Command duration or timeout: 0 milliseconds
Build info: version: '3.7.1', revision: '8a0099a', time: '2017-11-06T21:07:36.161Z'
System info: host: 'DESKTOP-47R6KV7', ip: '192.168.100.78', os.name: 'Windows 10', os.arch: 'amd64', os.version: '10.0', java.version: '1.8.0_102'
Driver info: com.kms.katalon.selenium.driver.CChromeDriver
Capabilities {acceptInsecureCerts: false, acceptSslCerts: false, applicationCacheEnabled: false, browserConnectionEnabled: false, browserName: chrome, chrome: {chromedriverVersion: 2.35.528161 (5b82f2d2aae0ca..., userDataDir: C:\Users\MEGAPO~1\AppData\L...}, cssSelectorsEnabled: true, databaseEnabled: false, handlesAlerts: true, hasTouchScreen: false, javascriptEnabled: true, locationContextEnabled: true, mobileEmulationEnabled: false, nativeEvents: true, networkConnectionEnabled: false, pageLoadStrategy: normal, platform: XP, platformName: XP, rotatable: false, setWindowRect: true, takesHeapSnapshot: true, takesScreenshot: true, unexpectedAlertBehaviour: , unhandledPromptBehavior: , version: 64.0.3282.186, webStorageEnabled: true}
Session ID: 7a1d3f39378488229e281ff20fb95396)

2018-03-05 16:42:52 - [TEST_STEP][PASSED] - Statement - timeStamp = new java.text.SimpleDateFormat(dd.MM.yyyy).format(java.util.Calendar.getInstance().getTime()): null

2018-03-05 16:42:52 - [TEST_STEP][PASSED] - Statement - timeStampScreenshot = new java.text.SimpleDateFormat(dd.MM.yyyy).format(java.util.Calendar.getInstance().getTime()): null

2018-03-05 16:42:52 - [TEST_STEP][PASSED] - Statement - iconmap = [:]: null

2018-03-05 16:42:52 - [TEST_STEP][PASSED] - Statement - txtmap = [:]: null

2018-03-05 16:42:52 - [TEST_STEP][PASSED] - Statement - signmap = [:]: null

2018-03-05 16:42:52 - [TEST_STEP][PASSED] - cupakeysDl.initStart.initialStart: cupakeysDl.initStart.initialStart is PASSED

2018-03-05 16:42:52 - [MESSAGE][WARNING] - A browser is already opened. Closing browser and opening a new one

2018-03-05 16:42:54 - [MESSAGE][PASSED] - Browser is opened with url: ''

2018-03-05 16:42:57 - [MESSAGE][PASSED] - Delayed 3 second(s)

2018-03-05 16:43:01 - [MESSAGE][PASSED] - Navigate to 'https://d16a4dsnr8a0k1.cloudfront.net/en/2455233.html?price=150.00%20%E2%82%AC&partName=wilsonPartName&vin=wilsonVin&modelCode=XP11&paint=P0A94&modelDescription=wilsonModelDescription&additionalEquipment=wilsonAdditionalEquipment' successfully

2018-03-05 16:43:01 - [MESSAGE][PASSED] - Object 'Object Repository/CuPaDl/Loading_indicator' is visible

2018-03-05 16:43:08 - [MESSAGE][PASSED] - Object 'Object Repository/CuPaDl/Loading_indicator' is NOT visible

2018-03-05 16:43:09 - [MESSAGE][PASSED] - Delayed 1 second(s)

2018-03-05 16:43:09 - [MESSAGE][PASSED] - cupakeysDl.initStart.initialStart is PASSED

2018-03-05 16:43:09 - [TEST_STEP][PASSED] - Statement - (step++): null

2018-03-05 16:43:09 - [TEST_STEP][PASSED] - cupakeysDl.color.changecolor: cupakeysDl.color.changecolor is PASSED

2018-03-05 16:43:09 - [MESSAGE][PASSED] - Object 'Object Repository/CuPaDl/Color/Color' is visible

2018-03-05 16:43:10 - [MESSAGE][PASSED] - Object: 'Object Repository/CuPaDl/Color/Color' is clicked on

2018-03-05 16:43:10 - [MESSAGE][WARNING] - Timeout '0' is invalid. Using default page load timeout: '30'

2018-03-05 16:43:10 - [MESSAGE][PASSED] - Object 'Object Repository/CuPaDl/Color/Color_jetblack' is visible

2018-03-05 16:43:11 - [MESSAGE][PASSED] - Delayed 1 second(s)

2018-03-05 16:43:11 - [MESSAGE][PASSED] - Object: 'Object Repository/CuPaDl/Color/Color_jetblack' is clicked on

2018-03-05 16:43:14 - [MESSAGE][WARNING] - Object 'Object Repository/CuPaDl/Loading_indicator' is not visible after 3 second(s)

2018-03-05 16:43:15 - [MESSAGE][PASSED] - Delayed 1 second(s)

2018-03-05 16:43:15 - [MESSAGE][PASSED] - cupakeysDl.color.changecolor is PASSED

2018-03-05 16:43:15 - [TEST_STEP][PASSED] - Statement - (step++): null

2018-03-05 16:43:15 - [TEST_STEP][FAILED] - cupakeysDl.chngstruct.changestructure: Unable to click on object 'Object Repository/CuPaDl/Structure/Structure_ring' (Root cause: org.openqa.selenium.ElementNotVisibleException: element not visible
  (Session info: headless chrome=64.0.3282.186)
  (Driver info: chromedriver=2.35.528161 (5b82f2d2aae0ca24b877009200ced9065a772e73),platform=Windows NT 10.0.16299 x86_64) (WARNING: The server did not provide any stacktrace information)
Command duration or timeout: 0 milliseconds
Build info: version: '3.7.1', revision: '8a0099a', time: '2017-11-06T21:07:36.161Z'
System info: host: 'DESKTOP-47R6KV7', ip: '192.168.100.78', os.name: 'Windows 10', os.arch: 'amd64', os.version: '10.0', java.version: '1.8.0_102'
Driver info: com.kms.katalon.selenium.driver.CChromeDriver
Capabilities {acceptInsecureCerts: false, acceptSslCerts: false, applicationCacheEnabled: false, browserConnectionEnabled: false, browserName: chrome, chrome: {chromedriverVersion: 2.35.528161 (5b82f2d2aae0ca..., userDataDir: C:\Users\MEGAPO~1\AppData\L...}, cssSelectorsEnabled: true, databaseEnabled: false, handlesAlerts: true, hasTouchScreen: false, javascriptEnabled: true, locationContextEnabled: true, mobileEmulationEnabled: false, nativeEvents: true, networkConnectionEnabled: false, pageLoadStrategy: normal, platform: XP, platformName: XP, rotatable: false, setWindowRect: true, takesHeapSnapshot: true, takesScreenshot: true, unexpectedAlertBehaviour: , unhandledPromptBehavior: , version: 64.0.3282.186, webStorageEnabled: true}
Session ID: 7a1d3f39378488229e281ff20fb95396)

2018-03-05 16:43:15 - [MESSAGE][PASSED] - Object 'Object Repository/CuPaDl/Structure/Structure' is visible

2018-03-05 16:43:15 - [MESSAGE][PASSED] - Object: 'Object Repository/CuPaDl/Structure/Structure' is clicked on

2018-03-05 16:43:15 - [MESSAGE][WARNING] - Timeout '0' is invalid. Using default page load timeout: '30'

2018-03-05 16:43:15 - [MESSAGE][PASSED] - Object 'Object Repository/CuPaDl/Structure/Structure_Hahnentritt' is visible

2018-03-05 16:43:16 - [MESSAGE][PASSED] - Delayed 1 second(s)

2018-03-05 16:43:16 - [MESSAGE][FAILED] - Unable to click on object 'Object Repository/CuPaDl/Structure/Structure_ring' (Root cause: org.openqa.selenium.ElementNotVisibleException: element not visible
  (Session info: headless chrome=64.0.3282.186)
  (Driver info: chromedriver=2.35.528161 (5b82f2d2aae0ca24b877009200ced9065a772e73),platform=Windows NT 10.0.16299 x86_64) (WARNING: The server did not provide any stacktrace information)
Command duration or timeout: 0 milliseconds
Build info: version: '3.7.1', revision: '8a0099a', time: '2017-11-06T21:07:36.161Z'
System info: host: 'DESKTOP-47R6KV7', ip: '192.168.100.78', os.name: 'Windows 10', os.arch: 'amd64', os.version: '10.0', java.version: '1.8.0_102'
Driver info: com.kms.katalon.selenium.driver.CChromeDriver
Capabilities {acceptInsecureCerts: false, acceptSslCerts: false, applicationCacheEnabled: false, browserConnectionEnabled: false, browserName: chrome, chrome: {chromedriverVersion: 2.35.528161 (5b82f2d2aae0ca..., userDataDir: C:\Users\MEGAPO~1\AppData\L...}, cssSelectorsEnabled: true, databaseEnabled: false, handlesAlerts: true, hasTouchScreen: false, javascriptEnabled: true, locationContextEnabled: true, mobileEmulationEnabled: false, nativeEvents: true, networkConnectionEnabled: false, pageLoadStrategy: normal, platform: XP, platformName: XP, rotatable: false, setWindowRect: true, takesHeapSnapshot: true, takesScreenshot: true, unexpectedAlertBehaviour: , unhandledPromptBehavior: , version: 64.0.3282.186, webStorageEnabled: true}
Session ID: 7a1d3f39378488229e281ff20fb95396)

2018-03-05 16:43:16 - [MESSAGE][FAILED] - Unable to click on object 'Object Repository/CuPaDl/Structure/Structure_ring' (Root cause: org.openqa.selenium.ElementNotVisibleException: element not visible
  (Session info: headless chrome=64.0.3282.186)
  (Driver info: chromedriver=2.35.528161 (5b82f2d2aae0ca24b877009200ced9065a772e73),platform=Windows NT 10.0.16299 x86_64) (WARNING: The server did not provide any stacktrace information)
Command duration or timeout: 0 milliseconds
Build info: version: '3.7.1', revision: '8a0099a', time: '2017-11-06T21:07:36.161Z'
System info: host: 'DESKTOP-47R6KV7', ip: '192.168.100.78', os.name: 'Windows 10', os.arch: 'amd64', os.version: '10.0', java.version: '1.8.0_102'
Driver info: com.kms.katalon.selenium.driver.CChromeDriver
Capabilities {acceptInsecureCerts: false, acceptSslCerts: false, applicationCacheEnabled: false, browserConnectionEnabled: false, browserName: chrome, chrome: {chromedriverVersion: 2.35.528161 (5b82f2d2aae0ca..., userDataDir: C:\Users\MEGAPO~1\AppData\L...}, cssSelectorsEnabled: true, databaseEnabled: false, handlesAlerts: true, hasTouchScreen: false, javascriptEnabled: true, locationContextEnabled: true, mobileEmulationEnabled: false, nativeEvents: true, networkConnectionEnabled: false, pageLoadStrategy: normal, platform: XP, platformName: XP, rotatable: false, setWindowRect: true, takesHeapSnapshot: true, takesScreenshot: true, unexpectedAlertBehaviour: , unhandledPromptBehavior: , version: 64.0.3282.186, webStorageEnabled: true}
Session ID: 7a1d3f39378488229e281ff20fb95396)]]></system-out>
         <system-err><![CDATA[2018-03-05 16:42:52 - [TEST_CASE][FAILED] - Test Cases/CuPaStefanie/15: Test Cases/CuPaStefanie/15 FAILED because (of) Unable to click on object 'Object Repository/CuPaDl/Structure/Structure_ring' (Root cause: org.openqa.selenium.ElementNotVisibleException: element not visible
  (Session info: headless chrome=64.0.3282.186)
  (Driver info: chromedriver=2.35.528161 (5b82f2d2aae0ca24b877009200ced9065a772e73),platform=Windows NT 10.0.16299 x86_64) (WARNING: The server did not provide any stacktrace information)
Command duration or timeout: 0 milliseconds
Build info: version: '3.7.1', revision: '8a0099a', time: '2017-11-06T21:07:36.161Z'
System info: host: 'DESKTOP-47R6KV7', ip: '192.168.100.78', os.name: 'Windows 10', os.arch: 'amd64', os.version: '10.0', java.version: '1.8.0_102'
Driver info: com.kms.katalon.selenium.driver.CChromeDriver
Capabilities {acceptInsecureCerts: false, acceptSslCerts: false, applicationCacheEnabled: false, browserConnectionEnabled: false, browserName: chrome, chrome: {chromedriverVersion: 2.35.528161 (5b82f2d2aae0ca..., userDataDir: C:\Users\MEGAPO~1\AppData\L...}, cssSelectorsEnabled: true, databaseEnabled: false, handlesAlerts: true, hasTouchScreen: false, javascriptEnabled: true, locationContextEnabled: true, mobileEmulationEnabled: false, nativeEvents: true, networkConnectionEnabled: false, pageLoadStrategy: normal, platform: XP, platformName: XP, rotatable: false, setWindowRect: true, takesHeapSnapshot: true, takesScreenshot: true, unexpectedAlertBehaviour: , unhandledPromptBehavior: , version: 64.0.3282.186, webStorageEnabled: true}
Session ID: 7a1d3f39378488229e281ff20fb95396)]]></system-err>
      </testcase>
      <testcase name="Test Cases/CuPaStefanie/16" classname="Test Cases/CuPaStefanie/16" status="FAILED">
         <failure type="FAILED" message="Unable to click on object 'Object Repository/CuPaDl/Structure/Structure_ring' (Root cause: org.openqa.selenium.ElementNotVisibleException: element not visible
  (Session info: headless chrome=64.0.3282.186)
  (Driver info: chromedriver=2.35.528161 (5b82f2d2aae0ca24b877009200ced9065a772e73),platform=Windows NT 10.0.16299 x86_64) (WARNING: The server did not provide any stacktrace information)
Command duration or timeout: 0 milliseconds
Build info: version: '3.7.1', revision: '8a0099a', time: '2017-11-06T21:07:36.161Z'
System info: host: 'DESKTOP-47R6KV7', ip: '192.168.100.78', os.name: 'Windows 10', os.arch: 'amd64', os.version: '10.0', java.version: '1.8.0_102'
Driver info: com.kms.katalon.selenium.driver.CChromeDriver
Capabilities {acceptInsecureCerts: false, acceptSslCerts: false, applicationCacheEnabled: false, browserConnectionEnabled: false, browserName: chrome, chrome: {chromedriverVersion: 2.35.528161 (5b82f2d2aae0ca..., userDataDir: C:\Users\MEGAPO~1\AppData\L...}, cssSelectorsEnabled: true, databaseEnabled: false, handlesAlerts: true, hasTouchScreen: false, javascriptEnabled: true, locationContextEnabled: true, mobileEmulationEnabled: false, nativeEvents: true, networkConnectionEnabled: false, pageLoadStrategy: normal, platform: XP, platformName: XP, rotatable: false, setWindowRect: true, takesHeapSnapshot: true, takesScreenshot: true, unexpectedAlertBehaviour: , unhandledPromptBehavior: , version: 64.0.3282.186, webStorageEnabled: true}
Session ID: d6a6825936d086c3025169ab7f4f37e2)"/>
         <system-out><![CDATA[2018-03-05 16:43:16 - [TEST_CASE][FAILED] - Test Cases/CuPaStefanie/16: Test Cases/CuPaStefanie/16 FAILED because (of) Unable to click on object 'Object Repository/CuPaDl/Structure/Structure_ring' (Root cause: org.openqa.selenium.ElementNotVisibleException: element not visible
  (Session info: headless chrome=64.0.3282.186)
  (Driver info: chromedriver=2.35.528161 (5b82f2d2aae0ca24b877009200ced9065a772e73),platform=Windows NT 10.0.16299 x86_64) (WARNING: The server did not provide any stacktrace information)
Command duration or timeout: 0 milliseconds
Build info: version: '3.7.1', revision: '8a0099a', time: '2017-11-06T21:07:36.161Z'
System info: host: 'DESKTOP-47R6KV7', ip: '192.168.100.78', os.name: 'Windows 10', os.arch: 'amd64', os.version: '10.0', java.version: '1.8.0_102'
Driver info: com.kms.katalon.selenium.driver.CChromeDriver
Capabilities {acceptInsecureCerts: false, acceptSslCerts: false, applicationCacheEnabled: false, browserConnectionEnabled: false, browserName: chrome, chrome: {chromedriverVersion: 2.35.528161 (5b82f2d2aae0ca..., userDataDir: C:\Users\MEGAPO~1\AppData\L...}, cssSelectorsEnabled: true, databaseEnabled: false, handlesAlerts: true, hasTouchScreen: false, javascriptEnabled: true, locationContextEnabled: true, mobileEmulationEnabled: false, nativeEvents: true, networkConnectionEnabled: false, pageLoadStrategy: normal, platform: XP, platformName: XP, rotatable: false, setWindowRect: true, takesHeapSnapshot: true, takesScreenshot: true, unexpectedAlertBehaviour: , unhandledPromptBehavior: , version: 64.0.3282.186, webStorageEnabled: true}
Session ID: d6a6825936d086c3025169ab7f4f37e2)

2018-03-05 16:43:16 - [TEST_STEP][PASSED] - Statement - timeStamp = new java.text.SimpleDateFormat(dd.MM.yyyy).format(java.util.Calendar.getInstance().getTime()): null

2018-03-05 16:43:16 - [TEST_STEP][PASSED] - Statement - timeStampScreenshot = new java.text.SimpleDateFormat(dd.MM.yyyy).format(java.util.Calendar.getInstance().getTime()): null

2018-03-05 16:43:16 - [TEST_STEP][PASSED] - Statement - iconmap = [:]: null

2018-03-05 16:43:16 - [TEST_STEP][PASSED] - Statement - txtmap = [:]: null

2018-03-05 16:43:16 - [TEST_STEP][PASSED] - Statement - signmap = [:]: null

2018-03-05 16:43:16 - [TEST_STEP][PASSED] - cupakeysDl.initStart.initialStart: cupakeysDl.initStart.initialStart is PASSED

2018-03-05 16:43:16 - [MESSAGE][WARNING] - A browser is already opened. Closing browser and opening a new one

2018-03-05 16:43:19 - [MESSAGE][PASSED] - Browser is opened with url: ''

2018-03-05 16:43:22 - [MESSAGE][PASSED] - Delayed 3 second(s)

2018-03-05 16:43:24 - [MESSAGE][PASSED] - Navigate to 'https://d16a4dsnr8a0k1.cloudfront.net/en/2455233.html?price=150.00%20%E2%82%AC&partName=wilsonPartName&vin=wilsonVin&modelCode=XP11&paint=P0A94&modelDescription=wilsonModelDescription&additionalEquipment=wilsonAdditionalEquipment' successfully

2018-03-05 16:43:24 - [MESSAGE][PASSED] - Object 'Object Repository/CuPaDl/Loading_indicator' is visible

2018-03-05 16:43:32 - [MESSAGE][PASSED] - Object 'Object Repository/CuPaDl/Loading_indicator' is NOT visible

2018-03-05 16:43:33 - [MESSAGE][PASSED] - Delayed 1 second(s)

2018-03-05 16:43:33 - [MESSAGE][PASSED] - cupakeysDl.initStart.initialStart is PASSED

2018-03-05 16:43:33 - [TEST_STEP][PASSED] - Statement - (step++): null

2018-03-05 16:43:33 - [TEST_STEP][PASSED] - cupakeysDl.color.changecolor: cupakeysDl.color.changecolor is PASSED

2018-03-05 16:43:33 - [MESSAGE][PASSED] - Object 'Object Repository/CuPaDl/Color/Color' is visible

2018-03-05 16:43:33 - [MESSAGE][PASSED] - Object: 'Object Repository/CuPaDl/Color/Color' is clicked on

2018-03-05 16:43:33 - [MESSAGE][WARNING] - Timeout '0' is invalid. Using default page load timeout: '30'

2018-03-05 16:43:33 - [MESSAGE][PASSED] - Object 'Object Repository/CuPaDl/Color/Color_jetblack' is visible

2018-03-05 16:43:34 - [MESSAGE][PASSED] - Delayed 1 second(s)

2018-03-05 16:43:34 - [MESSAGE][PASSED] - Object: 'Object Repository/CuPaDl/Color/Color_jetblack' is clicked on

2018-03-05 16:43:35 - [MESSAGE][PASSED] - Object 'Object Repository/CuPaDl/Loading_indicator' is visible

2018-03-05 16:43:36 - [MESSAGE][PASSED] - Object 'Object Repository/CuPaDl/Loading_indicator' is NOT visible

2018-03-05 16:43:37 - [MESSAGE][PASSED] - Delayed 1 second(s)

2018-03-05 16:43:37 - [MESSAGE][PASSED] - cupakeysDl.color.changecolor is PASSED

2018-03-05 16:43:37 - [TEST_STEP][PASSED] - Statement - (step++): null

2018-03-05 16:43:37 - [TEST_STEP][FAILED] - cupakeysDl.chngstruct.changestructure: Unable to click on object 'Object Repository/CuPaDl/Structure/Structure_ring' (Root cause: org.openqa.selenium.ElementNotVisibleException: element not visible
  (Session info: headless chrome=64.0.3282.186)
  (Driver info: chromedriver=2.35.528161 (5b82f2d2aae0ca24b877009200ced9065a772e73),platform=Windows NT 10.0.16299 x86_64) (WARNING: The server did not provide any stacktrace information)
Command duration or timeout: 0 milliseconds
Build info: version: '3.7.1', revision: '8a0099a', time: '2017-11-06T21:07:36.161Z'
System info: host: 'DESKTOP-47R6KV7', ip: '192.168.100.78', os.name: 'Windows 10', os.arch: 'amd64', os.version: '10.0', java.version: '1.8.0_102'
Driver info: com.kms.katalon.selenium.driver.CChromeDriver
Capabilities {acceptInsecureCerts: false, acceptSslCerts: false, applicationCacheEnabled: false, browserConnectionEnabled: false, browserName: chrome, chrome: {chromedriverVersion: 2.35.528161 (5b82f2d2aae0ca..., userDataDir: C:\Users\MEGAPO~1\AppData\L...}, cssSelectorsEnabled: true, databaseEnabled: false, handlesAlerts: true, hasTouchScreen: false, javascriptEnabled: true, locationContextEnabled: true, mobileEmulationEnabled: false, nativeEvents: true, networkConnectionEnabled: false, pageLoadStrategy: normal, platform: XP, platformName: XP, rotatable: false, setWindowRect: true, takesHeapSnapshot: true, takesScreenshot: true, unexpectedAlertBehaviour: , unhandledPromptBehavior: , version: 64.0.3282.186, webStorageEnabled: true}
Session ID: d6a6825936d086c3025169ab7f4f37e2)

2018-03-05 16:43:37 - [MESSAGE][PASSED] - Object 'Object Repository/CuPaDl/Structure/Structure' is visible

2018-03-05 16:43:37 - [MESSAGE][PASSED] - Object: 'Object Repository/CuPaDl/Structure/Structure' is clicked on

2018-03-05 16:43:37 - [MESSAGE][WARNING] - Timeout '0' is invalid. Using default page load timeout: '30'

2018-03-05 16:43:37 - [MESSAGE][PASSED] - Object 'Object Repository/CuPaDl/Structure/Structure_Hahnentritt' is visible

2018-03-05 16:43:38 - [MESSAGE][PASSED] - Delayed 1 second(s)

2018-03-05 16:43:38 - [MESSAGE][FAILED] - Unable to click on object 'Object Repository/CuPaDl/Structure/Structure_ring' (Root cause: org.openqa.selenium.ElementNotVisibleException: element not visible
  (Session info: headless chrome=64.0.3282.186)
  (Driver info: chromedriver=2.35.528161 (5b82f2d2aae0ca24b877009200ced9065a772e73),platform=Windows NT 10.0.16299 x86_64) (WARNING: The server did not provide any stacktrace information)
Command duration or timeout: 0 milliseconds
Build info: version: '3.7.1', revision: '8a0099a', time: '2017-11-06T21:07:36.161Z'
System info: host: 'DESKTOP-47R6KV7', ip: '192.168.100.78', os.name: 'Windows 10', os.arch: 'amd64', os.version: '10.0', java.version: '1.8.0_102'
Driver info: com.kms.katalon.selenium.driver.CChromeDriver
Capabilities {acceptInsecureCerts: false, acceptSslCerts: false, applicationCacheEnabled: false, browserConnectionEnabled: false, browserName: chrome, chrome: {chromedriverVersion: 2.35.528161 (5b82f2d2aae0ca..., userDataDir: C:\Users\MEGAPO~1\AppData\L...}, cssSelectorsEnabled: true, databaseEnabled: false, handlesAlerts: true, hasTouchScreen: false, javascriptEnabled: true, locationContextEnabled: true, mobileEmulationEnabled: false, nativeEvents: true, networkConnectionEnabled: false, pageLoadStrategy: normal, platform: XP, platformName: XP, rotatable: false, setWindowRect: true, takesHeapSnapshot: true, takesScreenshot: true, unexpectedAlertBehaviour: , unhandledPromptBehavior: , version: 64.0.3282.186, webStorageEnabled: true}
Session ID: d6a6825936d086c3025169ab7f4f37e2)

2018-03-05 16:43:38 - [MESSAGE][FAILED] - Unable to click on object 'Object Repository/CuPaDl/Structure/Structure_ring' (Root cause: org.openqa.selenium.ElementNotVisibleException: element not visible
  (Session info: headless chrome=64.0.3282.186)
  (Driver info: chromedriver=2.35.528161 (5b82f2d2aae0ca24b877009200ced9065a772e73),platform=Windows NT 10.0.16299 x86_64) (WARNING: The server did not provide any stacktrace information)
Command duration or timeout: 0 milliseconds
Build info: version: '3.7.1', revision: '8a0099a', time: '2017-11-06T21:07:36.161Z'
System info: host: 'DESKTOP-47R6KV7', ip: '192.168.100.78', os.name: 'Windows 10', os.arch: 'amd64', os.version: '10.0', java.version: '1.8.0_102'
Driver info: com.kms.katalon.selenium.driver.CChromeDriver
Capabilities {acceptInsecureCerts: false, acceptSslCerts: false, applicationCacheEnabled: false, browserConnectionEnabled: false, browserName: chrome, chrome: {chromedriverVersion: 2.35.528161 (5b82f2d2aae0ca..., userDataDir: C:\Users\MEGAPO~1\AppData\L...}, cssSelectorsEnabled: true, databaseEnabled: false, handlesAlerts: true, hasTouchScreen: false, javascriptEnabled: true, locationContextEnabled: true, mobileEmulationEnabled: false, nativeEvents: true, networkConnectionEnabled: false, pageLoadStrategy: normal, platform: XP, platformName: XP, rotatable: false, setWindowRect: true, takesHeapSnapshot: true, takesScreenshot: true, unexpectedAlertBehaviour: , unhandledPromptBehavior: , version: 64.0.3282.186, webStorageEnabled: true}
Session ID: d6a6825936d086c3025169ab7f4f37e2)]]></system-out>
         <system-err><![CDATA[2018-03-05 16:43:16 - [TEST_CASE][FAILED] - Test Cases/CuPaStefanie/16: Test Cases/CuPaStefanie/16 FAILED because (of) Unable to click on object 'Object Repository/CuPaDl/Structure/Structure_ring' (Root cause: org.openqa.selenium.ElementNotVisibleException: element not visible
  (Session info: headless chrome=64.0.3282.186)
  (Driver info: chromedriver=2.35.528161 (5b82f2d2aae0ca24b877009200ced9065a772e73),platform=Windows NT 10.0.16299 x86_64) (WARNING: The server did not provide any stacktrace information)
Command duration or timeout: 0 milliseconds
Build info: version: '3.7.1', revision: '8a0099a', time: '2017-11-06T21:07:36.161Z'
System info: host: 'DESKTOP-47R6KV7', ip: '192.168.100.78', os.name: 'Windows 10', os.arch: 'amd64', os.version: '10.0', java.version: '1.8.0_102'
Driver info: com.kms.katalon.selenium.driver.CChromeDriver
Capabilities {acceptInsecureCerts: false, acceptSslCerts: false, applicationCacheEnabled: false, browserConnectionEnabled: false, browserName: chrome, chrome: {chromedriverVersion: 2.35.528161 (5b82f2d2aae0ca..., userDataDir: C:\Users\MEGAPO~1\AppData\L...}, cssSelectorsEnabled: true, databaseEnabled: false, handlesAlerts: true, hasTouchScreen: false, javascriptEnabled: true, locationContextEnabled: true, mobileEmulationEnabled: false, nativeEvents: true, networkConnectionEnabled: false, pageLoadStrategy: normal, platform: XP, platformName: XP, rotatable: false, setWindowRect: true, takesHeapSnapshot: true, takesScreenshot: true, unexpectedAlertBehaviour: , unhandledPromptBehavior: , version: 64.0.3282.186, webStorageEnabled: true}
Session ID: d6a6825936d086c3025169ab7f4f37e2)]]></system-err>
      </testcase>
      <testcase name="Test Cases/CuPaStefanie/27" classname="Test Cases/CuPaStefanie/27" status="FAILED">
         <failure type="FAILED" message="Unable to click on object 'Object Repository/CuPaDl/Icons/Icon_hangloose' (Root cause: org.openqa.selenium.ElementNotVisibleException: element not visible
  (Session info: headless chrome=64.0.3282.186)
  (Driver info: chromedriver=2.35.528161 (5b82f2d2aae0ca24b877009200ced9065a772e73),platform=Windows NT 10.0.16299 x86_64) (WARNING: The server did not provide any stacktrace information)
Command duration or timeout: 0 milliseconds
Build info: version: '3.7.1', revision: '8a0099a', time: '2017-11-06T21:07:36.161Z'
System info: host: 'DESKTOP-47R6KV7', ip: '192.168.100.78', os.name: 'Windows 10', os.arch: 'amd64', os.version: '10.0', java.version: '1.8.0_102'
Driver info: com.kms.katalon.selenium.driver.CChromeDriver
Capabilities {acceptInsecureCerts: false, acceptSslCerts: false, applicationCacheEnabled: false, browserConnectionEnabled: false, browserName: chrome, chrome: {chromedriverVersion: 2.35.528161 (5b82f2d2aae0ca..., userDataDir: C:\Users\MEGAPO~1\AppData\L...}, cssSelectorsEnabled: true, databaseEnabled: false, handlesAlerts: true, hasTouchScreen: false, javascriptEnabled: true, locationContextEnabled: true, mobileEmulationEnabled: false, nativeEvents: true, networkConnectionEnabled: false, pageLoadStrategy: normal, platform: XP, platformName: XP, rotatable: false, setWindowRect: true, takesHeapSnapshot: true, takesScreenshot: true, unexpectedAlertBehaviour: , unhandledPromptBehavior: , version: 64.0.3282.186, webStorageEnabled: true}
Session ID: ac11b0dbfdb9d96f66e5b9fff3ae7302)"/>
         <system-out><![CDATA[2018-03-05 16:43:38 - [TEST_CASE][FAILED] - Test Cases/CuPaStefanie/27: Test Cases/CuPaStefanie/27 FAILED because (of) Unable to click on object 'Object Repository/CuPaDl/Icons/Icon_hangloose' (Root cause: org.openqa.selenium.ElementNotVisibleException: element not visible
  (Session info: headless chrome=64.0.3282.186)
  (Driver info: chromedriver=2.35.528161 (5b82f2d2aae0ca24b877009200ced9065a772e73),platform=Windows NT 10.0.16299 x86_64) (WARNING: The server did not provide any stacktrace information)
Command duration or timeout: 0 milliseconds
Build info: version: '3.7.1', revision: '8a0099a', time: '2017-11-06T21:07:36.161Z'
System info: host: 'DESKTOP-47R6KV7', ip: '192.168.100.78', os.name: 'Windows 10', os.arch: 'amd64', os.version: '10.0', java.version: '1.8.0_102'
Driver info: com.kms.katalon.selenium.driver.CChromeDriver
Capabilities {acceptInsecureCerts: false, acceptSslCerts: false, applicationCacheEnabled: false, browserConnectionEnabled: false, browserName: chrome, chrome: {chromedriverVersion: 2.35.528161 (5b82f2d2aae0ca..., userDataDir: C:\Users\MEGAPO~1\AppData\L...}, cssSelectorsEnabled: true, databaseEnabled: false, handlesAlerts: true, hasTouchScreen: false, javascriptEnabled: true, locationContextEnabled: true, mobileEmulationEnabled: false, nativeEvents: true, networkConnectionEnabled: false, pageLoadStrategy: normal, platform: XP, platformName: XP, rotatable: false, setWindowRect: true, takesHeapSnapshot: true, takesScreenshot: true, unexpectedAlertBehaviour: , unhandledPromptBehavior: , version: 64.0.3282.186, webStorageEnabled: true}
Session ID: ac11b0dbfdb9d96f66e5b9fff3ae7302)

2018-03-05 16:43:38 - [TEST_STEP][PASSED] - Statement - timeStamp = new java.text.SimpleDateFormat(dd.MM.yyyy).format(java.util.Calendar.getInstance().getTime()): null

2018-03-05 16:43:38 - [TEST_STEP][PASSED] - Statement - timeStampScreenshot = new java.text.SimpleDateFormat(dd.MM.yyyy).format(java.util.Calendar.getInstance().getTime()): null

2018-03-05 16:43:38 - [TEST_STEP][PASSED] - Statement - iconmap = [:]: null

2018-03-05 16:43:38 - [TEST_STEP][PASSED] - Statement - txtmap = [:]: null

2018-03-05 16:43:38 - [TEST_STEP][PASSED] - Statement - signmap = [:]: null

2018-03-05 16:43:38 - [TEST_STEP][PASSED] - cupakeysDl.initStart.initialStart: cupakeysDl.initStart.initialStart is PASSED

2018-03-05 16:43:38 - [MESSAGE][WARNING] - A browser is already opened. Closing browser and opening a new one

2018-03-05 16:43:41 - [MESSAGE][PASSED] - Browser is opened with url: ''

2018-03-05 16:43:44 - [MESSAGE][PASSED] - Delayed 3 second(s)

2018-03-05 16:43:45 - [MESSAGE][PASSED] - Navigate to 'https://d16a4dsnr8a0k1.cloudfront.net/en/2455233.html?price=150.00%20%E2%82%AC&partName=wilsonPartName&vin=wilsonVin&modelCode=XP11&paint=P0A94&modelDescription=wilsonModelDescription&additionalEquipment=wilsonAdditionalEquipment' successfully

2018-03-05 16:43:45 - [MESSAGE][PASSED] - Object 'Object Repository/CuPaDl/Loading_indicator' is visible

2018-03-05 16:43:53 - [MESSAGE][PASSED] - Object 'Object Repository/CuPaDl/Loading_indicator' is NOT visible

2018-03-05 16:43:54 - [MESSAGE][PASSED] - Delayed 1 second(s)

2018-03-05 16:43:54 - [MESSAGE][PASSED] - cupakeysDl.initStart.initialStart is PASSED

2018-03-05 16:43:54 - [TEST_STEP][PASSED] - Statement - (step++): null

2018-03-05 16:43:54 - [TEST_STEP][PASSED] - cupakeysDl.color.changecolor: cupakeysDl.color.changecolor is PASSED

2018-03-05 16:43:54 - [MESSAGE][PASSED] - Object 'Object Repository/CuPaDl/Color/Color' is visible

2018-03-05 16:43:54 - [MESSAGE][PASSED] - Object: 'Object Repository/CuPaDl/Color/Color' is clicked on

2018-03-05 16:43:54 - [MESSAGE][WARNING] - Timeout '0' is invalid. Using default page load timeout: '30'

2018-03-05 16:43:54 - [MESSAGE][PASSED] - Object 'Object Repository/CuPaDl/Color/Color_moonwalkgrey' is visible

2018-03-05 16:43:55 - [MESSAGE][PASSED] - Delayed 1 second(s)

2018-03-05 16:43:55 - [MESSAGE][PASSED] - Object: 'Object Repository/CuPaDl/Color/Color_moonwalkgrey' is clicked on

2018-03-05 16:43:56 - [MESSAGE][PASSED] - Object 'Object Repository/CuPaDl/Loading_indicator' is visible

2018-03-05 16:43:57 - [MESSAGE][PASSED] - Object 'Object Repository/CuPaDl/Loading_indicator' is NOT visible

2018-03-05 16:43:58 - [MESSAGE][PASSED] - Delayed 1 second(s)

2018-03-05 16:43:58 - [MESSAGE][PASSED] - cupakeysDl.color.changecolor is PASSED

2018-03-05 16:43:58 - [TEST_STEP][PASSED] - Statement - (step++): null

2018-03-05 16:43:58 - [TEST_STEP][PASSED] - cupakeysDl.chngstruct.changestructure: cupakeysDl.chngstruct.changestructure is PASSED

2018-03-05 16:43:58 - [MESSAGE][PASSED] - Object 'Object Repository/CuPaDl/Structure/Structure' is visible

2018-03-05 16:43:58 - [MESSAGE][PASSED] - Object: 'Object Repository/CuPaDl/Structure/Structure' is clicked on

2018-03-05 16:43:58 - [MESSAGE][WARNING] - Timeout '0' is invalid. Using default page load timeout: '30'

2018-03-05 16:43:59 - [MESSAGE][PASSED] - Object 'Object Repository/CuPaDl/Structure/Structure_Hahnentritt' is visible

2018-03-05 16:44:00 - [MESSAGE][PASSED] - Delayed 1 second(s)

2018-03-05 16:44:00 - [MESSAGE][PASSED] - Object: 'Object Repository/CuPaDl/Structure/Structure_fadequadrop' is clicked on

2018-03-05 16:44:01 - [MESSAGE][PASSED] - Object 'Object Repository/CuPaDl/Loading_indicator' is visible

2018-03-05 16:44:06 - [MESSAGE][PASSED] - Object 'Object Repository/CuPaDl/Loading_indicator' is NOT visible

2018-03-05 16:44:07 - [MESSAGE][PASSED] - Delayed 1 second(s)

2018-03-05 16:44:07 - [MESSAGE][PASSED] - cupakeysDl.chngstruct.changestructure is PASSED

2018-03-05 16:44:07 - [TEST_STEP][PASSED] - Statement - (step++): null

2018-03-05 16:44:07 - [TEST_STEP][PASSED] - cupakeysDl.sclstruct.scalestructure: cupakeysDl.sclstruct.scalestructure is PASSED

2018-03-05 16:44:10 - [MESSAGE][WARNING] - Object 'Object Repository/CuPaDl/Structure/Resize_Structure_bottomright' is not visible after 3 second(s)

2018-03-05 16:44:10 - [MESSAGE][PASSED] - Object: 'Object Repository/CuPaDl/Structure/Resize_Structure' is clicked on

2018-03-05 16:44:10 - [MESSAGE][WARNING] - Timeout '0' is invalid. Using default page load timeout: '30'

2018-03-05 16:44:10 - [MESSAGE][PASSED] - Object 'Object Repository/CuPaDl/Structure/Resize_Structure_bottomright' is visible

2018-03-05 16:44:11 - [MESSAGE][PASSED] - Delayed 1 second(s)

2018-03-05 16:44:11 - [MESSAGE][PASSED] - Current viewport's left (x) position is 0

2018-03-05 16:44:11 - [MESSAGE][PASSED] - Current viewport's top (y) position is 54

2018-03-05 16:44:11 - [MESSAGE][PASSED] - Dragged object with id 'Object Repository/CuPaDl/Structure/Resize_Structure_bottomright' by offset distance x = -225 and y = -171 successfully

2018-03-05 16:44:12 - [MESSAGE][PASSED] - Object 'Object Repository/CuPaDl/Loading_indicator' is visible

2018-03-05 16:44:16 - [MESSAGE][PASSED] - Object 'Object Repository/CuPaDl/Loading_indicator' is NOT visible

2018-03-05 16:44:17 - [MESSAGE][PASSED] - Delayed 1 second(s)

2018-03-05 16:44:17 - [MESSAGE][PASSED] - cupakeysDl.sclstruct.scalestructure is PASSED

2018-03-05 16:44:17 - [TEST_STEP][PASSED] - Statement - (step++): null

2018-03-05 16:44:17 - [TEST_STEP][FAILED] - Statement - iconmap += CustomKeywords.cupakeysDl.iconad.iconadd("hangloose", LoadTimeCorrector, step, run, device, timeStamp, iconcount): Unable to click on object 'Object Repository/CuPaDl/Icons/Icon_hangloose' (Root cause: org.openqa.selenium.ElementNotVisibleException: element not visible
  (Session info: headless chrome=64.0.3282.186)
  (Driver info: chromedriver=2.35.528161 (5b82f2d2aae0ca24b877009200ced9065a772e73),platform=Windows NT 10.0.16299 x86_64) (WARNING: The server did not provide any stacktrace information)
Command duration or timeout: 0 milliseconds
Build info: version: '3.7.1', revision: '8a0099a', time: '2017-11-06T21:07:36.161Z'
System info: host: 'DESKTOP-47R6KV7', ip: '192.168.100.78', os.name: 'Windows 10', os.arch: 'amd64', os.version: '10.0', java.version: '1.8.0_102'
Driver info: com.kms.katalon.selenium.driver.CChromeDriver
Capabilities {acceptInsecureCerts: false, acceptSslCerts: false, applicationCacheEnabled: false, browserConnectionEnabled: false, browserName: chrome, chrome: {chromedriverVersion: 2.35.528161 (5b82f2d2aae0ca..., userDataDir: C:\Users\MEGAPO~1\AppData\L...}, cssSelectorsEnabled: true, databaseEnabled: false, handlesAlerts: true, hasTouchScreen: false, javascriptEnabled: true, locationContextEnabled: true, mobileEmulationEnabled: false, nativeEvents: true, networkConnectionEnabled: false, pageLoadStrategy: normal, platform: XP, platformName: XP, rotatable: false, setWindowRect: true, takesHeapSnapshot: true, takesScreenshot: true, unexpectedAlertBehaviour: , unhandledPromptBehavior: , version: 64.0.3282.186, webStorageEnabled: true}
Session ID: ac11b0dbfdb9d96f66e5b9fff3ae7302)

2018-03-05 16:44:17 - [MESSAGE][PASSED] - Object 'Object Repository/CuPaDl/Icons/Icon' is visible

2018-03-05 16:44:17 - [MESSAGE][PASSED] - Object: 'Object Repository/CuPaDl/Icons/Icon' is clicked on

2018-03-05 16:44:17 - [MESSAGE][WARNING] - Timeout '0' is invalid. Using default page load timeout: '30'

2018-03-05 16:44:48 - [MESSAGE][WARNING] - Object 'Object Repository/CuPaDl/Icons/Icon_hangloose' is not visible after 30 second(s)

2018-03-05 16:44:49 - [MESSAGE][PASSED] - Delayed 1 second(s)

2018-03-05 16:44:49 - [MESSAGE][FAILED] - Unable to click on object 'Object Repository/CuPaDl/Icons/Icon_hangloose' (Root cause: org.openqa.selenium.ElementNotVisibleException: element not visible
  (Session info: headless chrome=64.0.3282.186)
  (Driver info: chromedriver=2.35.528161 (5b82f2d2aae0ca24b877009200ced9065a772e73),platform=Windows NT 10.0.16299 x86_64) (WARNING: The server did not provide any stacktrace information)
Command duration or timeout: 0 milliseconds
Build info: version: '3.7.1', revision: '8a0099a', time: '2017-11-06T21:07:36.161Z'
System info: host: 'DESKTOP-47R6KV7', ip: '192.168.100.78', os.name: 'Windows 10', os.arch: 'amd64', os.version: '10.0', java.version: '1.8.0_102'
Driver info: com.kms.katalon.selenium.driver.CChromeDriver
Capabilities {acceptInsecureCerts: false, acceptSslCerts: false, applicationCacheEnabled: false, browserConnectionEnabled: false, browserName: chrome, chrome: {chromedriverVersion: 2.35.528161 (5b82f2d2aae0ca..., userDataDir: C:\Users\MEGAPO~1\AppData\L...}, cssSelectorsEnabled: true, databaseEnabled: false, handlesAlerts: true, hasTouchScreen: false, javascriptEnabled: true, locationContextEnabled: true, mobileEmulationEnabled: false, nativeEvents: true, networkConnectionEnabled: false, pageLoadStrategy: normal, platform: XP, platformName: XP, rotatable: false, setWindowRect: true, takesHeapSnapshot: true, takesScreenshot: true, unexpectedAlertBehaviour: , unhandledPromptBehavior: , version: 64.0.3282.186, webStorageEnabled: true}
Session ID: ac11b0dbfdb9d96f66e5b9fff3ae7302)

2018-03-05 16:44:49 - [MESSAGE][FAILED] - Unable to click on object 'Object Repository/CuPaDl/Icons/Icon_hangloose' (Root cause: org.openqa.selenium.ElementNotVisibleException: element not visible
  (Session info: headless chrome=64.0.3282.186)
  (Driver info: chromedriver=2.35.528161 (5b82f2d2aae0ca24b877009200ced9065a772e73),platform=Windows NT 10.0.16299 x86_64) (WARNING: The server did not provide any stacktrace information)
Command duration or timeout: 0 milliseconds
Build info: version: '3.7.1', revision: '8a0099a', time: '2017-11-06T21:07:36.161Z'
System info: host: 'DESKTOP-47R6KV7', ip: '192.168.100.78', os.name: 'Windows 10', os.arch: 'amd64', os.version: '10.0', java.version: '1.8.0_102'
Driver info: com.kms.katalon.selenium.driver.CChromeDriver
Capabilities {acceptInsecureCerts: false, acceptSslCerts: false, applicationCacheEnabled: false, browserConnectionEnabled: false, browserName: chrome, chrome: {chromedriverVersion: 2.35.528161 (5b82f2d2aae0ca..., userDataDir: C:\Users\MEGAPO~1\AppData\L...}, cssSelectorsEnabled: true, databaseEnabled: false, handlesAlerts: true, hasTouchScreen: false, javascriptEnabled: true, locationContextEnabled: true, mobileEmulationEnabled: false, nativeEvents: true, networkConnectionEnabled: false, pageLoadStrategy: normal, platform: XP, platformName: XP, rotatable: false, setWindowRect: true, takesHeapSnapshot: true, takesScreenshot: true, unexpectedAlertBehaviour: , unhandledPromptBehavior: , version: 64.0.3282.186, webStorageEnabled: true}
Session ID: ac11b0dbfdb9d96f66e5b9fff3ae7302)]]></system-out>
         <system-err><![CDATA[2018-03-05 16:43:38 - [TEST_CASE][FAILED] - Test Cases/CuPaStefanie/27: Test Cases/CuPaStefanie/27 FAILED because (of) Unable to click on object 'Object Repository/CuPaDl/Icons/Icon_hangloose' (Root cause: org.openqa.selenium.ElementNotVisibleException: element not visible
  (Session info: headless chrome=64.0.3282.186)
  (Driver info: chromedriver=2.35.528161 (5b82f2d2aae0ca24b877009200ced9065a772e73),platform=Windows NT 10.0.16299 x86_64) (WARNING: The server did not provide any stacktrace information)
Command duration or timeout: 0 milliseconds
Build info: version: '3.7.1', revision: '8a0099a', time: '2017-11-06T21:07:36.161Z'
System info: host: 'DESKTOP-47R6KV7', ip: '192.168.100.78', os.name: 'Windows 10', os.arch: 'amd64', os.version: '10.0', java.version: '1.8.0_102'
Driver info: com.kms.katalon.selenium.driver.CChromeDriver
Capabilities {acceptInsecureCerts: false, acceptSslCerts: false, applicationCacheEnabled: false, browserConnectionEnabled: false, browserName: chrome, chrome: {chromedriverVersion: 2.35.528161 (5b82f2d2aae0ca..., userDataDir: C:\Users\MEGAPO~1\AppData\L...}, cssSelectorsEnabled: true, databaseEnabled: false, handlesAlerts: true, hasTouchScreen: false, javascriptEnabled: true, locationContextEnabled: true, mobileEmulationEnabled: false, nativeEvents: true, networkConnectionEnabled: false, pageLoadStrategy: normal, platform: XP, platformName: XP, rotatable: false, setWindowRect: true, takesHeapSnapshot: true, takesScreenshot: true, unexpectedAlertBehaviour: , unhandledPromptBehavior: , version: 64.0.3282.186, webStorageEnabled: true}
Session ID: ac11b0dbfdb9d96f66e5b9fff3ae7302)]]></system-err>
      </testcase>
      <testcase name="Test Cases/CuPaStefanie/28" classname="Test Cases/CuPaStefanie/28" status="FAILED">
         <failure type="FAILED" message="Unable to click on object 'Object Repository/CuPaDl/Icons/Icon_hangloose' (Root cause: org.openqa.selenium.ElementNotVisibleException: element not visible
  (Session info: headless chrome=64.0.3282.186)
  (Driver info: chromedriver=2.35.528161 (5b82f2d2aae0ca24b877009200ced9065a772e73),platform=Windows NT 10.0.16299 x86_64) (WARNING: The server did not provide any stacktrace information)
Command duration or timeout: 0 milliseconds
Build info: version: '3.7.1', revision: '8a0099a', time: '2017-11-06T21:07:36.161Z'
System info: host: 'DESKTOP-47R6KV7', ip: '192.168.100.78', os.name: 'Windows 10', os.arch: 'amd64', os.version: '10.0', java.version: '1.8.0_102'
Driver info: com.kms.katalon.selenium.driver.CChromeDriver
Capabilities {acceptInsecureCerts: false, acceptSslCerts: false, applicationCacheEnabled: false, browserConnectionEnabled: false, browserName: chrome, chrome: {chromedriverVersion: 2.35.528161 (5b82f2d2aae0ca..., userDataDir: C:\Users\MEGAPO~1\AppData\L...}, cssSelectorsEnabled: true, databaseEnabled: false, handlesAlerts: true, hasTouchScreen: false, javascriptEnabled: true, locationContextEnabled: true, mobileEmulationEnabled: false, nativeEvents: true, networkConnectionEnabled: false, pageLoadStrategy: normal, platform: XP, platformName: XP, rotatable: false, setWindowRect: true, takesHeapSnapshot: true, takesScreenshot: true, unexpectedAlertBehaviour: , unhandledPromptBehavior: , version: 64.0.3282.186, webStorageEnabled: true}
Session ID: 2b3816807d9e633e7df2974bf2b9ef5d)"/>
         <system-out><![CDATA[2018-03-05 16:44:49 - [TEST_CASE][FAILED] - Test Cases/CuPaStefanie/28: Test Cases/CuPaStefanie/28 FAILED because (of) Unable to click on object 'Object Repository/CuPaDl/Icons/Icon_hangloose' (Root cause: org.openqa.selenium.ElementNotVisibleException: element not visible
  (Session info: headless chrome=64.0.3282.186)
  (Driver info: chromedriver=2.35.528161 (5b82f2d2aae0ca24b877009200ced9065a772e73),platform=Windows NT 10.0.16299 x86_64) (WARNING: The server did not provide any stacktrace information)
Command duration or timeout: 0 milliseconds
Build info: version: '3.7.1', revision: '8a0099a', time: '2017-11-06T21:07:36.161Z'
System info: host: 'DESKTOP-47R6KV7', ip: '192.168.100.78', os.name: 'Windows 10', os.arch: 'amd64', os.version: '10.0', java.version: '1.8.0_102'
Driver info: com.kms.katalon.selenium.driver.CChromeDriver
Capabilities {acceptInsecureCerts: false, acceptSslCerts: false, applicationCacheEnabled: false, browserConnectionEnabled: false, browserName: chrome, chrome: {chromedriverVersion: 2.35.528161 (5b82f2d2aae0ca..., userDataDir: C:\Users\MEGAPO~1\AppData\L...}, cssSelectorsEnabled: true, databaseEnabled: false, handlesAlerts: true, hasTouchScreen: false, javascriptEnabled: true, locationContextEnabled: true, mobileEmulationEnabled: false, nativeEvents: true, networkConnectionEnabled: false, pageLoadStrategy: normal, platform: XP, platformName: XP, rotatable: false, setWindowRect: true, takesHeapSnapshot: true, takesScreenshot: true, unexpectedAlertBehaviour: , unhandledPromptBehavior: , version: 64.0.3282.186, webStorageEnabled: true}
Session ID: 2b3816807d9e633e7df2974bf2b9ef5d)

2018-03-05 16:44:49 - [TEST_STEP][PASSED] - Statement - timeStamp = new java.text.SimpleDateFormat(dd.MM.yyyy).format(java.util.Calendar.getInstance().getTime()): null

2018-03-05 16:44:49 - [TEST_STEP][PASSED] - Statement - timeStampScreenshot = new java.text.SimpleDateFormat(dd.MM.yyyy).format(java.util.Calendar.getInstance().getTime()): null

2018-03-05 16:44:49 - [TEST_STEP][PASSED] - Statement - iconmap = [:]: null

2018-03-05 16:44:49 - [TEST_STEP][PASSED] - Statement - txtmap = [:]: null

2018-03-05 16:44:49 - [TEST_STEP][PASSED] - Statement - signmap = [:]: null

2018-03-05 16:44:49 - [TEST_STEP][PASSED] - cupakeysDl.initStart.initialStart: cupakeysDl.initStart.initialStart is PASSED

2018-03-05 16:44:49 - [MESSAGE][WARNING] - A browser is already opened. Closing browser and opening a new one

2018-03-05 16:44:51 - [MESSAGE][PASSED] - Browser is opened with url: ''

2018-03-05 16:44:54 - [MESSAGE][PASSED] - Delayed 3 second(s)

2018-03-05 16:44:56 - [MESSAGE][PASSED] - Navigate to 'https://d16a4dsnr8a0k1.cloudfront.net/en/2455233.html?price=150.00%20%E2%82%AC&partName=wilsonPartName&vin=wilsonVin&modelCode=XP11&paint=P0A94&modelDescription=wilsonModelDescription&additionalEquipment=wilsonAdditionalEquipment' successfully

2018-03-05 16:44:56 - [MESSAGE][PASSED] - Object 'Object Repository/CuPaDl/Loading_indicator' is visible

2018-03-05 16:45:03 - [MESSAGE][PASSED] - Object 'Object Repository/CuPaDl/Loading_indicator' is NOT visible

2018-03-05 16:45:04 - [MESSAGE][PASSED] - Delayed 1 second(s)

2018-03-05 16:45:04 - [MESSAGE][PASSED] - cupakeysDl.initStart.initialStart is PASSED

2018-03-05 16:45:04 - [TEST_STEP][PASSED] - Statement - (step++): null

2018-03-05 16:45:04 - [TEST_STEP][PASSED] - cupakeysDl.color.changecolor: cupakeysDl.color.changecolor is PASSED

2018-03-05 16:45:04 - [MESSAGE][PASSED] - Object 'Object Repository/CuPaDl/Color/Color' is visible

2018-03-05 16:45:04 - [MESSAGE][PASSED] - Object: 'Object Repository/CuPaDl/Color/Color' is clicked on

2018-03-05 16:45:04 - [MESSAGE][WARNING] - Timeout '0' is invalid. Using default page load timeout: '30'

2018-03-05 16:45:04 - [MESSAGE][PASSED] - Object 'Object Repository/CuPaDl/Color/Color_moonwalkgrey' is visible

2018-03-05 16:45:05 - [MESSAGE][PASSED] - Delayed 1 second(s)

2018-03-05 16:45:05 - [MESSAGE][PASSED] - Object: 'Object Repository/CuPaDl/Color/Color_moonwalkgrey' is clicked on

2018-03-05 16:45:06 - [MESSAGE][PASSED] - Object 'Object Repository/CuPaDl/Loading_indicator' is visible

2018-03-05 16:45:08 - [MESSAGE][PASSED] - Object 'Object Repository/CuPaDl/Loading_indicator' is NOT visible

2018-03-05 16:45:09 - [MESSAGE][PASSED] - Delayed 1 second(s)

2018-03-05 16:45:09 - [MESSAGE][PASSED] - cupakeysDl.color.changecolor is PASSED

2018-03-05 16:45:09 - [TEST_STEP][PASSED] - Statement - (step++): null

2018-03-05 16:45:09 - [TEST_STEP][PASSED] - cupakeysDl.chngstruct.changestructure: cupakeysDl.chngstruct.changestructure is PASSED

2018-03-05 16:45:09 - [MESSAGE][PASSED] - Object 'Object Repository/CuPaDl/Structure/Structure' is visible

2018-03-05 16:45:09 - [MESSAGE][PASSED] - Object: 'Object Repository/CuPaDl/Structure/Structure' is clicked on

2018-03-05 16:45:09 - [MESSAGE][WARNING] - Timeout '0' is invalid. Using default page load timeout: '30'

2018-03-05 16:45:09 - [MESSAGE][PASSED] - Object 'Object Repository/CuPaDl/Structure/Structure_Hahnentritt' is visible

2018-03-05 16:45:10 - [MESSAGE][PASSED] - Delayed 1 second(s)

2018-03-05 16:45:10 - [MESSAGE][PASSED] - Object: 'Object Repository/CuPaDl/Structure/Structure_fadequadrop' is clicked on

2018-03-05 16:45:11 - [MESSAGE][PASSED] - Object 'Object Repository/CuPaDl/Loading_indicator' is visible

2018-03-05 16:45:15 - [MESSAGE][PASSED] - Object 'Object Repository/CuPaDl/Loading_indicator' is NOT visible

2018-03-05 16:45:16 - [MESSAGE][PASSED] - Delayed 1 second(s)

2018-03-05 16:45:16 - [MESSAGE][PASSED] - cupakeysDl.chngstruct.changestructure is PASSED

2018-03-05 16:45:16 - [TEST_STEP][PASSED] - Statement - (step++): null

2018-03-05 16:45:16 - [TEST_STEP][PASSED] - cupakeysDl.sclstruct.scalestructure: cupakeysDl.sclstruct.scalestructure is PASSED

2018-03-05 16:45:19 - [MESSAGE][WARNING] - Object 'Object Repository/CuPaDl/Structure/Resize_Structure_bottomright' is not visible after 3 second(s)

2018-03-05 16:45:19 - [MESSAGE][PASSED] - Object: 'Object Repository/CuPaDl/Structure/Resize_Structure' is clicked on

2018-03-05 16:45:19 - [MESSAGE][WARNING] - Timeout '0' is invalid. Using default page load timeout: '30'

2018-03-05 16:45:19 - [MESSAGE][PASSED] - Object 'Object Repository/CuPaDl/Structure/Resize_Structure_bottomright' is visible

2018-03-05 16:45:20 - [MESSAGE][PASSED] - Delayed 1 second(s)

2018-03-05 16:45:21 - [MESSAGE][PASSED] - Current viewport's left (x) position is 0

2018-03-05 16:45:21 - [MESSAGE][PASSED] - Current viewport's top (y) position is 54

2018-03-05 16:45:21 - [MESSAGE][PASSED] - Dragged object with id 'Object Repository/CuPaDl/Structure/Resize_Structure_bottomright' by offset distance x = 225 and y = 279 successfully

2018-03-05 16:45:22 - [MESSAGE][PASSED] - Object 'Object Repository/CuPaDl/Loading_indicator' is visible

2018-03-05 16:45:26 - [MESSAGE][PASSED] - Object 'Object Repository/CuPaDl/Loading_indicator' is NOT visible

2018-03-05 16:45:27 - [MESSAGE][PASSED] - Delayed 1 second(s)

2018-03-05 16:45:27 - [MESSAGE][PASSED] - cupakeysDl.sclstruct.scalestructure is PASSED

2018-03-05 16:45:27 - [TEST_STEP][PASSED] - Statement - (step++): null

2018-03-05 16:45:27 - [TEST_STEP][FAILED] - Statement - iconmap += CustomKeywords.cupakeysDl.iconad.iconadd("hangloose", LoadTimeCorrector, step, run, device, timeStamp, iconcount): Unable to click on object 'Object Repository/CuPaDl/Icons/Icon_hangloose' (Root cause: org.openqa.selenium.ElementNotVisibleException: element not visible
  (Session info: headless chrome=64.0.3282.186)
  (Driver info: chromedriver=2.35.528161 (5b82f2d2aae0ca24b877009200ced9065a772e73),platform=Windows NT 10.0.16299 x86_64) (WARNING: The server did not provide any stacktrace information)
Command duration or timeout: 0 milliseconds
Build info: version: '3.7.1', revision: '8a0099a', time: '2017-11-06T21:07:36.161Z'
System info: host: 'DESKTOP-47R6KV7', ip: '192.168.100.78', os.name: 'Windows 10', os.arch: 'amd64', os.version: '10.0', java.version: '1.8.0_102'
Driver info: com.kms.katalon.selenium.driver.CChromeDriver
Capabilities {acceptInsecureCerts: false, acceptSslCerts: false, applicationCacheEnabled: false, browserConnectionEnabled: false, browserName: chrome, chrome: {chromedriverVersion: 2.35.528161 (5b82f2d2aae0ca..., userDataDir: C:\Users\MEGAPO~1\AppData\L...}, cssSelectorsEnabled: true, databaseEnabled: false, handlesAlerts: true, hasTouchScreen: false, javascriptEnabled: true, locationContextEnabled: true, mobileEmulationEnabled: false, nativeEvents: true, networkConnectionEnabled: false, pageLoadStrategy: normal, platform: XP, platformName: XP, rotatable: false, setWindowRect: true, takesHeapSnapshot: true, takesScreenshot: true, unexpectedAlertBehaviour: , unhandledPromptBehavior: , version: 64.0.3282.186, webStorageEnabled: true}
Session ID: 2b3816807d9e633e7df2974bf2b9ef5d)

2018-03-05 16:45:27 - [MESSAGE][PASSED] - Object 'Object Repository/CuPaDl/Icons/Icon' is visible

2018-03-05 16:45:27 - [MESSAGE][PASSED] - Object: 'Object Repository/CuPaDl/Icons/Icon' is clicked on

2018-03-05 16:45:27 - [MESSAGE][WARNING] - Timeout '0' is invalid. Using default page load timeout: '30'

2018-03-05 16:45:57 - [MESSAGE][WARNING] - Object 'Object Repository/CuPaDl/Icons/Icon_hangloose' is not visible after 30 second(s)

2018-03-05 16:45:58 - [MESSAGE][PASSED] - Delayed 1 second(s)

2018-03-05 16:45:58 - [MESSAGE][FAILED] - Unable to click on object 'Object Repository/CuPaDl/Icons/Icon_hangloose' (Root cause: org.openqa.selenium.ElementNotVisibleException: element not visible
  (Session info: headless chrome=64.0.3282.186)
  (Driver info: chromedriver=2.35.528161 (5b82f2d2aae0ca24b877009200ced9065a772e73),platform=Windows NT 10.0.16299 x86_64) (WARNING: The server did not provide any stacktrace information)
Command duration or timeout: 0 milliseconds
Build info: version: '3.7.1', revision: '8a0099a', time: '2017-11-06T21:07:36.161Z'
System info: host: 'DESKTOP-47R6KV7', ip: '192.168.100.78', os.name: 'Windows 10', os.arch: 'amd64', os.version: '10.0', java.version: '1.8.0_102'
Driver info: com.kms.katalon.selenium.driver.CChromeDriver
Capabilities {acceptInsecureCerts: false, acceptSslCerts: false, applicationCacheEnabled: false, browserConnectionEnabled: false, browserName: chrome, chrome: {chromedriverVersion: 2.35.528161 (5b82f2d2aae0ca..., userDataDir: C:\Users\MEGAPO~1\AppData\L...}, cssSelectorsEnabled: true, databaseEnabled: false, handlesAlerts: true, hasTouchScreen: false, javascriptEnabled: true, locationContextEnabled: true, mobileEmulationEnabled: false, nativeEvents: true, networkConnectionEnabled: false, pageLoadStrategy: normal, platform: XP, platformName: XP, rotatable: false, setWindowRect: true, takesHeapSnapshot: true, takesScreenshot: true, unexpectedAlertBehaviour: , unhandledPromptBehavior: , version: 64.0.3282.186, webStorageEnabled: true}
Session ID: 2b3816807d9e633e7df2974bf2b9ef5d)

2018-03-05 16:45:58 - [MESSAGE][FAILED] - Unable to click on object 'Object Repository/CuPaDl/Icons/Icon_hangloose' (Root cause: org.openqa.selenium.ElementNotVisibleException: element not visible
  (Session info: headless chrome=64.0.3282.186)
  (Driver info: chromedriver=2.35.528161 (5b82f2d2aae0ca24b877009200ced9065a772e73),platform=Windows NT 10.0.16299 x86_64) (WARNING: The server did not provide any stacktrace information)
Command duration or timeout: 0 milliseconds
Build info: version: '3.7.1', revision: '8a0099a', time: '2017-11-06T21:07:36.161Z'
System info: host: 'DESKTOP-47R6KV7', ip: '192.168.100.78', os.name: 'Windows 10', os.arch: 'amd64', os.version: '10.0', java.version: '1.8.0_102'
Driver info: com.kms.katalon.selenium.driver.CChromeDriver
Capabilities {acceptInsecureCerts: false, acceptSslCerts: false, applicationCacheEnabled: false, browserConnectionEnabled: false, browserName: chrome, chrome: {chromedriverVersion: 2.35.528161 (5b82f2d2aae0ca..., userDataDir: C:\Users\MEGAPO~1\AppData\L...}, cssSelectorsEnabled: true, databaseEnabled: false, handlesAlerts: true, hasTouchScreen: false, javascriptEnabled: true, locationContextEnabled: true, mobileEmulationEnabled: false, nativeEvents: true, networkConnectionEnabled: false, pageLoadStrategy: normal, platform: XP, platformName: XP, rotatable: false, setWindowRect: true, takesHeapSnapshot: true, takesScreenshot: true, unexpectedAlertBehaviour: , unhandledPromptBehavior: , version: 64.0.3282.186, webStorageEnabled: true}
Session ID: 2b3816807d9e633e7df2974bf2b9ef5d)]]></system-out>
         <system-err><![CDATA[2018-03-05 16:44:49 - [TEST_CASE][FAILED] - Test Cases/CuPaStefanie/28: Test Cases/CuPaStefanie/28 FAILED because (of) Unable to click on object 'Object Repository/CuPaDl/Icons/Icon_hangloose' (Root cause: org.openqa.selenium.ElementNotVisibleException: element not visible
  (Session info: headless chrome=64.0.3282.186)
  (Driver info: chromedriver=2.35.528161 (5b82f2d2aae0ca24b877009200ced9065a772e73),platform=Windows NT 10.0.16299 x86_64) (WARNING: The server did not provide any stacktrace information)
Command duration or timeout: 0 milliseconds
Build info: version: '3.7.1', revision: '8a0099a', time: '2017-11-06T21:07:36.161Z'
System info: host: 'DESKTOP-47R6KV7', ip: '192.168.100.78', os.name: 'Windows 10', os.arch: 'amd64', os.version: '10.0', java.version: '1.8.0_102'
Driver info: com.kms.katalon.selenium.driver.CChromeDriver
Capabilities {acceptInsecureCerts: false, acceptSslCerts: false, applicationCacheEnabled: false, browserConnectionEnabled: false, browserName: chrome, chrome: {chromedriverVersion: 2.35.528161 (5b82f2d2aae0ca..., userDataDir: C:\Users\MEGAPO~1\AppData\L...}, cssSelectorsEnabled: true, databaseEnabled: false, handlesAlerts: true, hasTouchScreen: false, javascriptEnabled: true, locationContextEnabled: true, mobileEmulationEnabled: false, nativeEvents: true, networkConnectionEnabled: false, pageLoadStrategy: normal, platform: XP, platformName: XP, rotatable: false, setWindowRect: true, takesHeapSnapshot: true, takesScreenshot: true, unexpectedAlertBehaviour: , unhandledPromptBehavior: , version: 64.0.3282.186, webStorageEnabled: true}
Session ID: 2b3816807d9e633e7df2974bf2b9ef5d)]]></system-err>
      </testcase>
      <testcase name="Test Cases/CuPaStefanie/29" classname="Test Cases/CuPaStefanie/29" status="FAILED">
         <failure type="FAILED" message="Unable to click on object 'Object Repository/CuPaDl/Structure/Structure_fadedrop' (Root cause: org.openqa.selenium.ElementNotVisibleException: element not visible
  (Session info: headless chrome=64.0.3282.186)
  (Driver info: chromedriver=2.35.528161 (5b82f2d2aae0ca24b877009200ced9065a772e73),platform=Windows NT 10.0.16299 x86_64) (WARNING: The server did not provide any stacktrace information)
Command duration or timeout: 0 milliseconds
Build info: version: '3.7.1', revision: '8a0099a', time: '2017-11-06T21:07:36.161Z'
System info: host: 'DESKTOP-47R6KV7', ip: '192.168.100.78', os.name: 'Windows 10', os.arch: 'amd64', os.version: '10.0', java.version: '1.8.0_102'
Driver info: com.kms.katalon.selenium.driver.CChromeDriver
Capabilities {acceptInsecureCerts: false, acceptSslCerts: false, applicationCacheEnabled: false, browserConnectionEnabled: false, browserName: chrome, chrome: {chromedriverVersion: 2.35.528161 (5b82f2d2aae0ca..., userDataDir: C:\Users\MEGAPO~1\AppData\L...}, cssSelectorsEnabled: true, databaseEnabled: false, handlesAlerts: true, hasTouchScreen: false, javascriptEnabled: true, locationContextEnabled: true, mobileEmulationEnabled: false, nativeEvents: true, networkConnectionEnabled: false, pageLoadStrategy: normal, platform: XP, platformName: XP, rotatable: false, setWindowRect: true, takesHeapSnapshot: true, takesScreenshot: true, unexpectedAlertBehaviour: , unhandledPromptBehavior: , version: 64.0.3282.186, webStorageEnabled: true}
Session ID: b984e0a045a623bcb57891c0b69a1322)"/>
         <system-out><![CDATA[2018-03-05 16:45:58 - [TEST_CASE][FAILED] - Test Cases/CuPaStefanie/29: Test Cases/CuPaStefanie/29 FAILED because (of) Unable to click on object 'Object Repository/CuPaDl/Structure/Structure_fadedrop' (Root cause: org.openqa.selenium.ElementNotVisibleException: element not visible
  (Session info: headless chrome=64.0.3282.186)
  (Driver info: chromedriver=2.35.528161 (5b82f2d2aae0ca24b877009200ced9065a772e73),platform=Windows NT 10.0.16299 x86_64) (WARNING: The server did not provide any stacktrace information)
Command duration or timeout: 0 milliseconds
Build info: version: '3.7.1', revision: '8a0099a', time: '2017-11-06T21:07:36.161Z'
System info: host: 'DESKTOP-47R6KV7', ip: '192.168.100.78', os.name: 'Windows 10', os.arch: 'amd64', os.version: '10.0', java.version: '1.8.0_102'
Driver info: com.kms.katalon.selenium.driver.CChromeDriver
Capabilities {acceptInsecureCerts: false, acceptSslCerts: false, applicationCacheEnabled: false, browserConnectionEnabled: false, browserName: chrome, chrome: {chromedriverVersion: 2.35.528161 (5b82f2d2aae0ca..., userDataDir: C:\Users\MEGAPO~1\AppData\L...}, cssSelectorsEnabled: true, databaseEnabled: false, handlesAlerts: true, hasTouchScreen: false, javascriptEnabled: true, locationContextEnabled: true, mobileEmulationEnabled: false, nativeEvents: true, networkConnectionEnabled: false, pageLoadStrategy: normal, platform: XP, platformName: XP, rotatable: false, setWindowRect: true, takesHeapSnapshot: true, takesScreenshot: true, unexpectedAlertBehaviour: , unhandledPromptBehavior: , version: 64.0.3282.186, webStorageEnabled: true}
Session ID: b984e0a045a623bcb57891c0b69a1322)

2018-03-05 16:45:58 - [TEST_STEP][PASSED] - Statement - timeStamp = new java.text.SimpleDateFormat(dd.MM.yyyy).format(java.util.Calendar.getInstance().getTime()): null

2018-03-05 16:45:58 - [TEST_STEP][PASSED] - Statement - timeStampScreenshot = new java.text.SimpleDateFormat(dd.MM.yyyy).format(java.util.Calendar.getInstance().getTime()): null

2018-03-05 16:45:58 - [TEST_STEP][PASSED] - Statement - iconmap = [:]: null

2018-03-05 16:45:58 - [TEST_STEP][PASSED] - Statement - txtmap = [:]: null

2018-03-05 16:45:58 - [TEST_STEP][PASSED] - Statement - signmap = [:]: null

2018-03-05 16:45:58 - [TEST_STEP][PASSED] - cupakeysDl.initStart.initialStart: cupakeysDl.initStart.initialStart is PASSED

2018-03-05 16:45:58 - [MESSAGE][WARNING] - A browser is already opened. Closing browser and opening a new one

2018-03-05 16:46:01 - [MESSAGE][PASSED] - Browser is opened with url: ''

2018-03-05 16:46:04 - [MESSAGE][PASSED] - Delayed 3 second(s)

2018-03-05 16:46:07 - [MESSAGE][PASSED] - Navigate to 'https://d16a4dsnr8a0k1.cloudfront.net/en/2455233.html?price=150.00%20%E2%82%AC&partName=wilsonPartName&vin=wilsonVin&modelCode=XP11&paint=P0A94&modelDescription=wilsonModelDescription&additionalEquipment=wilsonAdditionalEquipment' successfully

2018-03-05 16:46:07 - [MESSAGE][PASSED] - Object 'Object Repository/CuPaDl/Loading_indicator' is visible

2018-03-05 16:46:15 - [MESSAGE][PASSED] - Object 'Object Repository/CuPaDl/Loading_indicator' is NOT visible

2018-03-05 16:46:16 - [MESSAGE][PASSED] - Delayed 1 second(s)

2018-03-05 16:46:16 - [MESSAGE][PASSED] - cupakeysDl.initStart.initialStart is PASSED

2018-03-05 16:46:16 - [TEST_STEP][PASSED] - Statement - (step++): null

2018-03-05 16:46:16 - [TEST_STEP][PASSED] - cupakeysDl.color.changecolor: cupakeysDl.color.changecolor is PASSED

2018-03-05 16:46:16 - [MESSAGE][PASSED] - Object 'Object Repository/CuPaDl/Color/Color' is visible

2018-03-05 16:46:16 - [MESSAGE][PASSED] - Object: 'Object Repository/CuPaDl/Color/Color' is clicked on

2018-03-05 16:46:16 - [MESSAGE][WARNING] - Timeout '0' is invalid. Using default page load timeout: '30'

2018-03-05 16:46:16 - [MESSAGE][PASSED] - Object 'Object Repository/CuPaDl/Color/Color_thundergrey' is visible

2018-03-05 16:46:17 - [MESSAGE][PASSED] - Delayed 1 second(s)

2018-03-05 16:46:17 - [MESSAGE][PASSED] - Object: 'Object Repository/CuPaDl/Color/Color_thundergrey' is clicked on

2018-03-05 16:46:18 - [MESSAGE][PASSED] - Object 'Object Repository/CuPaDl/Loading_indicator' is visible

2018-03-05 16:46:19 - [MESSAGE][PASSED] - Object 'Object Repository/CuPaDl/Loading_indicator' is NOT visible

2018-03-05 16:46:20 - [MESSAGE][PASSED] - Delayed 1 second(s)

2018-03-05 16:46:20 - [MESSAGE][PASSED] - cupakeysDl.color.changecolor is PASSED

2018-03-05 16:46:20 - [TEST_STEP][PASSED] - Statement - (step++): null

2018-03-05 16:46:20 - [TEST_STEP][FAILED] - cupakeysDl.chngstruct.changestructure: Unable to click on object 'Object Repository/CuPaDl/Structure/Structure_fadedrop' (Root cause: org.openqa.selenium.ElementNotVisibleException: element not visible
  (Session info: headless chrome=64.0.3282.186)
  (Driver info: chromedriver=2.35.528161 (5b82f2d2aae0ca24b877009200ced9065a772e73),platform=Windows NT 10.0.16299 x86_64) (WARNING: The server did not provide any stacktrace information)
Command duration or timeout: 0 milliseconds
Build info: version: '3.7.1', revision: '8a0099a', time: '2017-11-06T21:07:36.161Z'
System info: host: 'DESKTOP-47R6KV7', ip: '192.168.100.78', os.name: 'Windows 10', os.arch: 'amd64', os.version: '10.0', java.version: '1.8.0_102'
Driver info: com.kms.katalon.selenium.driver.CChromeDriver
Capabilities {acceptInsecureCerts: false, acceptSslCerts: false, applicationCacheEnabled: false, browserConnectionEnabled: false, browserName: chrome, chrome: {chromedriverVersion: 2.35.528161 (5b82f2d2aae0ca..., userDataDir: C:\Users\MEGAPO~1\AppData\L...}, cssSelectorsEnabled: true, databaseEnabled: false, handlesAlerts: true, hasTouchScreen: false, javascriptEnabled: true, locationContextEnabled: true, mobileEmulationEnabled: false, nativeEvents: true, networkConnectionEnabled: false, pageLoadStrategy: normal, platform: XP, platformName: XP, rotatable: false, setWindowRect: true, takesHeapSnapshot: true, takesScreenshot: true, unexpectedAlertBehaviour: , unhandledPromptBehavior: , version: 64.0.3282.186, webStorageEnabled: true}
Session ID: b984e0a045a623bcb57891c0b69a1322)

2018-03-05 16:46:20 - [MESSAGE][PASSED] - Object 'Object Repository/CuPaDl/Structure/Structure' is visible

2018-03-05 16:46:20 - [MESSAGE][PASSED] - Object: 'Object Repository/CuPaDl/Structure/Structure' is clicked on

2018-03-05 16:46:20 - [MESSAGE][WARNING] - Timeout '0' is invalid. Using default page load timeout: '30'

2018-03-05 16:46:20 - [MESSAGE][PASSED] - Object 'Object Repository/CuPaDl/Structure/Structure_Hahnentritt' is visible

2018-03-05 16:46:21 - [MESSAGE][PASSED] - Delayed 1 second(s)

2018-03-05 16:46:21 - [MESSAGE][FAILED] - Unable to click on object 'Object Repository/CuPaDl/Structure/Structure_fadedrop' (Root cause: org.openqa.selenium.ElementNotVisibleException: element not visible
  (Session info: headless chrome=64.0.3282.186)
  (Driver info: chromedriver=2.35.528161 (5b82f2d2aae0ca24b877009200ced9065a772e73),platform=Windows NT 10.0.16299 x86_64) (WARNING: The server did not provide any stacktrace information)
Command duration or timeout: 0 milliseconds
Build info: version: '3.7.1', revision: '8a0099a', time: '2017-11-06T21:07:36.161Z'
System info: host: 'DESKTOP-47R6KV7', ip: '192.168.100.78', os.name: 'Windows 10', os.arch: 'amd64', os.version: '10.0', java.version: '1.8.0_102'
Driver info: com.kms.katalon.selenium.driver.CChromeDriver
Capabilities {acceptInsecureCerts: false, acceptSslCerts: false, applicationCacheEnabled: false, browserConnectionEnabled: false, browserName: chrome, chrome: {chromedriverVersion: 2.35.528161 (5b82f2d2aae0ca..., userDataDir: C:\Users\MEGAPO~1\AppData\L...}, cssSelectorsEnabled: true, databaseEnabled: false, handlesAlerts: true, hasTouchScreen: false, javascriptEnabled: true, locationContextEnabled: true, mobileEmulationEnabled: false, nativeEvents: true, networkConnectionEnabled: false, pageLoadStrategy: normal, platform: XP, platformName: XP, rotatable: false, setWindowRect: true, takesHeapSnapshot: true, takesScreenshot: true, unexpectedAlertBehaviour: , unhandledPromptBehavior: , version: 64.0.3282.186, webStorageEnabled: true}
Session ID: b984e0a045a623bcb57891c0b69a1322)

2018-03-05 16:46:21 - [MESSAGE][FAILED] - Unable to click on object 'Object Repository/CuPaDl/Structure/Structure_fadedrop' (Root cause: org.openqa.selenium.ElementNotVisibleException: element not visible
  (Session info: headless chrome=64.0.3282.186)
  (Driver info: chromedriver=2.35.528161 (5b82f2d2aae0ca24b877009200ced9065a772e73),platform=Windows NT 10.0.16299 x86_64) (WARNING: The server did not provide any stacktrace information)
Command duration or timeout: 0 milliseconds
Build info: version: '3.7.1', revision: '8a0099a', time: '2017-11-06T21:07:36.161Z'
System info: host: 'DESKTOP-47R6KV7', ip: '192.168.100.78', os.name: 'Windows 10', os.arch: 'amd64', os.version: '10.0', java.version: '1.8.0_102'
Driver info: com.kms.katalon.selenium.driver.CChromeDriver
Capabilities {acceptInsecureCerts: false, acceptSslCerts: false, applicationCacheEnabled: false, browserConnectionEnabled: false, browserName: chrome, chrome: {chromedriverVersion: 2.35.528161 (5b82f2d2aae0ca..., userDataDir: C:\Users\MEGAPO~1\AppData\L...}, cssSelectorsEnabled: true, databaseEnabled: false, handlesAlerts: true, hasTouchScreen: false, javascriptEnabled: true, locationContextEnabled: true, mobileEmulationEnabled: false, nativeEvents: true, networkConnectionEnabled: false, pageLoadStrategy: normal, platform: XP, platformName: XP, rotatable: false, setWindowRect: true, takesHeapSnapshot: true, takesScreenshot: true, unexpectedAlertBehaviour: , unhandledPromptBehavior: , version: 64.0.3282.186, webStorageEnabled: true}
Session ID: b984e0a045a623bcb57891c0b69a1322)]]></system-out>
         <system-err><![CDATA[2018-03-05 16:45:58 - [TEST_CASE][FAILED] - Test Cases/CuPaStefanie/29: Test Cases/CuPaStefanie/29 FAILED because (of) Unable to click on object 'Object Repository/CuPaDl/Structure/Structure_fadedrop' (Root cause: org.openqa.selenium.ElementNotVisibleException: element not visible
  (Session info: headless chrome=64.0.3282.186)
  (Driver info: chromedriver=2.35.528161 (5b82f2d2aae0ca24b877009200ced9065a772e73),platform=Windows NT 10.0.16299 x86_64) (WARNING: The server did not provide any stacktrace information)
Command duration or timeout: 0 milliseconds
Build info: version: '3.7.1', revision: '8a0099a', time: '2017-11-06T21:07:36.161Z'
System info: host: 'DESKTOP-47R6KV7', ip: '192.168.100.78', os.name: 'Windows 10', os.arch: 'amd64', os.version: '10.0', java.version: '1.8.0_102'
Driver info: com.kms.katalon.selenium.driver.CChromeDriver
Capabilities {acceptInsecureCerts: false, acceptSslCerts: false, applicationCacheEnabled: false, browserConnectionEnabled: false, browserName: chrome, chrome: {chromedriverVersion: 2.35.528161 (5b82f2d2aae0ca..., userDataDir: C:\Users\MEGAPO~1\AppData\L...}, cssSelectorsEnabled: true, databaseEnabled: false, handlesAlerts: true, hasTouchScreen: false, javascriptEnabled: true, locationContextEnabled: true, mobileEmulationEnabled: false, nativeEvents: true, networkConnectionEnabled: false, pageLoadStrategy: normal, platform: XP, platformName: XP, rotatable: false, setWindowRect: true, takesHeapSnapshot: true, takesScreenshot: true, unexpectedAlertBehaviour: , unhandledPromptBehavior: , version: 64.0.3282.186, webStorageEnabled: true}
Session ID: b984e0a045a623bcb57891c0b69a1322)]]></system-err>
      </testcase>
      <testcase name="Test Cases/CuPaStefanie/30" classname="Test Cases/CuPaStefanie/30" status="FAILED">
         <failure type="FAILED" message="Unable to click on object 'Object Repository/CuPaDl/Structure/Structure_fadedrop' (Root cause: org.openqa.selenium.ElementNotVisibleException: element not visible
  (Session info: headless chrome=64.0.3282.186)
  (Driver info: chromedriver=2.35.528161 (5b82f2d2aae0ca24b877009200ced9065a772e73),platform=Windows NT 10.0.16299 x86_64) (WARNING: The server did not provide any stacktrace information)
Command duration or timeout: 0 milliseconds
Build info: version: '3.7.1', revision: '8a0099a', time: '2017-11-06T21:07:36.161Z'
System info: host: 'DESKTOP-47R6KV7', ip: '192.168.100.78', os.name: 'Windows 10', os.arch: 'amd64', os.version: '10.0', java.version: '1.8.0_102'
Driver info: com.kms.katalon.selenium.driver.CChromeDriver
Capabilities {acceptInsecureCerts: false, acceptSslCerts: false, applicationCacheEnabled: false, browserConnectionEnabled: false, browserName: chrome, chrome: {chromedriverVersion: 2.35.528161 (5b82f2d2aae0ca..., userDataDir: C:\Users\MEGAPO~1\AppData\L...}, cssSelectorsEnabled: true, databaseEnabled: false, handlesAlerts: true, hasTouchScreen: false, javascriptEnabled: true, locationContextEnabled: true, mobileEmulationEnabled: false, nativeEvents: true, networkConnectionEnabled: false, pageLoadStrategy: normal, platform: XP, platformName: XP, rotatable: false, setWindowRect: true, takesHeapSnapshot: true, takesScreenshot: true, unexpectedAlertBehaviour: , unhandledPromptBehavior: , version: 64.0.3282.186, webStorageEnabled: true}
Session ID: b5f2243e3f0a458b0a2805e773489719)"/>
         <system-out><![CDATA[2018-03-05 16:46:21 - [TEST_CASE][FAILED] - Test Cases/CuPaStefanie/30: Test Cases/CuPaStefanie/30 FAILED because (of) Unable to click on object 'Object Repository/CuPaDl/Structure/Structure_fadedrop' (Root cause: org.openqa.selenium.ElementNotVisibleException: element not visible
  (Session info: headless chrome=64.0.3282.186)
  (Driver info: chromedriver=2.35.528161 (5b82f2d2aae0ca24b877009200ced9065a772e73),platform=Windows NT 10.0.16299 x86_64) (WARNING: The server did not provide any stacktrace information)
Command duration or timeout: 0 milliseconds
Build info: version: '3.7.1', revision: '8a0099a', time: '2017-11-06T21:07:36.161Z'
System info: host: 'DESKTOP-47R6KV7', ip: '192.168.100.78', os.name: 'Windows 10', os.arch: 'amd64', os.version: '10.0', java.version: '1.8.0_102'
Driver info: com.kms.katalon.selenium.driver.CChromeDriver
Capabilities {acceptInsecureCerts: false, acceptSslCerts: false, applicationCacheEnabled: false, browserConnectionEnabled: false, browserName: chrome, chrome: {chromedriverVersion: 2.35.528161 (5b82f2d2aae0ca..., userDataDir: C:\Users\MEGAPO~1\AppData\L...}, cssSelectorsEnabled: true, databaseEnabled: false, handlesAlerts: true, hasTouchScreen: false, javascriptEnabled: true, locationContextEnabled: true, mobileEmulationEnabled: false, nativeEvents: true, networkConnectionEnabled: false, pageLoadStrategy: normal, platform: XP, platformName: XP, rotatable: false, setWindowRect: true, takesHeapSnapshot: true, takesScreenshot: true, unexpectedAlertBehaviour: , unhandledPromptBehavior: , version: 64.0.3282.186, webStorageEnabled: true}
Session ID: b5f2243e3f0a458b0a2805e773489719)

2018-03-05 16:46:21 - [TEST_STEP][PASSED] - Statement - timeStamp = new java.text.SimpleDateFormat(dd.MM.yyyy).format(java.util.Calendar.getInstance().getTime()): null

2018-03-05 16:46:21 - [TEST_STEP][PASSED] - Statement - timeStampScreenshot = new java.text.SimpleDateFormat(dd.MM.yyyy).format(java.util.Calendar.getInstance().getTime()): null

2018-03-05 16:46:21 - [TEST_STEP][PASSED] - Statement - iconmap = [:]: null

2018-03-05 16:46:21 - [TEST_STEP][PASSED] - Statement - txtmap = [:]: null

2018-03-05 16:46:21 - [TEST_STEP][PASSED] - Statement - signmap = [:]: null

2018-03-05 16:46:21 - [TEST_STEP][PASSED] - cupakeysDl.initStart.initialStart: cupakeysDl.initStart.initialStart is PASSED

2018-03-05 16:46:21 - [MESSAGE][WARNING] - A browser is already opened. Closing browser and opening a new one

2018-03-05 16:46:24 - [MESSAGE][PASSED] - Browser is opened with url: ''

2018-03-05 16:46:27 - [MESSAGE][PASSED] - Delayed 3 second(s)

2018-03-05 16:46:30 - [MESSAGE][PASSED] - Navigate to 'https://d16a4dsnr8a0k1.cloudfront.net/en/2455233.html?price=150.00%20%E2%82%AC&partName=wilsonPartName&vin=wilsonVin&modelCode=XP11&paint=P0A94&modelDescription=wilsonModelDescription&additionalEquipment=wilsonAdditionalEquipment' successfully

2018-03-05 16:46:30 - [MESSAGE][PASSED] - Object 'Object Repository/CuPaDl/Loading_indicator' is visible

2018-03-05 16:46:37 - [MESSAGE][PASSED] - Object 'Object Repository/CuPaDl/Loading_indicator' is NOT visible

2018-03-05 16:46:38 - [MESSAGE][PASSED] - Delayed 1 second(s)

2018-03-05 16:46:38 - [MESSAGE][PASSED] - cupakeysDl.initStart.initialStart is PASSED

2018-03-05 16:46:38 - [TEST_STEP][PASSED] - Statement - (step++): null

2018-03-05 16:46:38 - [TEST_STEP][PASSED] - cupakeysDl.color.changecolor: cupakeysDl.color.changecolor is PASSED

2018-03-05 16:46:38 - [MESSAGE][PASSED] - Object 'Object Repository/CuPaDl/Color/Color' is visible

2018-03-05 16:46:39 - [MESSAGE][PASSED] - Object: 'Object Repository/CuPaDl/Color/Color' is clicked on

2018-03-05 16:46:39 - [MESSAGE][WARNING] - Timeout '0' is invalid. Using default page load timeout: '30'

2018-03-05 16:46:39 - [MESSAGE][PASSED] - Object 'Object Repository/CuPaDl/Color/Color_thundergrey' is visible

2018-03-05 16:46:40 - [MESSAGE][PASSED] - Delayed 1 second(s)

2018-03-05 16:46:40 - [MESSAGE][PASSED] - Object: 'Object Repository/CuPaDl/Color/Color_thundergrey' is clicked on

2018-03-05 16:46:41 - [MESSAGE][PASSED] - Object 'Object Repository/CuPaDl/Loading_indicator' is visible

2018-03-05 16:46:42 - [MESSAGE][PASSED] - Object 'Object Repository/CuPaDl/Loading_indicator' is NOT visible

2018-03-05 16:46:43 - [MESSAGE][PASSED] - Delayed 1 second(s)

2018-03-05 16:46:43 - [MESSAGE][PASSED] - cupakeysDl.color.changecolor is PASSED

2018-03-05 16:46:43 - [TEST_STEP][PASSED] - Statement - (step++): null

2018-03-05 16:46:43 - [TEST_STEP][FAILED] - cupakeysDl.chngstruct.changestructure: Unable to click on object 'Object Repository/CuPaDl/Structure/Structure_fadedrop' (Root cause: org.openqa.selenium.ElementNotVisibleException: element not visible
  (Session info: headless chrome=64.0.3282.186)
  (Driver info: chromedriver=2.35.528161 (5b82f2d2aae0ca24b877009200ced9065a772e73),platform=Windows NT 10.0.16299 x86_64) (WARNING: The server did not provide any stacktrace information)
Command duration or timeout: 0 milliseconds
Build info: version: '3.7.1', revision: '8a0099a', time: '2017-11-06T21:07:36.161Z'
System info: host: 'DESKTOP-47R6KV7', ip: '192.168.100.78', os.name: 'Windows 10', os.arch: 'amd64', os.version: '10.0', java.version: '1.8.0_102'
Driver info: com.kms.katalon.selenium.driver.CChromeDriver
Capabilities {acceptInsecureCerts: false, acceptSslCerts: false, applicationCacheEnabled: false, browserConnectionEnabled: false, browserName: chrome, chrome: {chromedriverVersion: 2.35.528161 (5b82f2d2aae0ca..., userDataDir: C:\Users\MEGAPO~1\AppData\L...}, cssSelectorsEnabled: true, databaseEnabled: false, handlesAlerts: true, hasTouchScreen: false, javascriptEnabled: true, locationContextEnabled: true, mobileEmulationEnabled: false, nativeEvents: true, networkConnectionEnabled: false, pageLoadStrategy: normal, platform: XP, platformName: XP, rotatable: false, setWindowRect: true, takesHeapSnapshot: true, takesScreenshot: true, unexpectedAlertBehaviour: , unhandledPromptBehavior: , version: 64.0.3282.186, webStorageEnabled: true}
Session ID: b5f2243e3f0a458b0a2805e773489719)

2018-03-05 16:46:43 - [MESSAGE][PASSED] - Object 'Object Repository/CuPaDl/Structure/Structure' is visible

2018-03-05 16:46:43 - [MESSAGE][PASSED] - Object: 'Object Repository/CuPaDl/Structure/Structure' is clicked on

2018-03-05 16:46:43 - [MESSAGE][WARNING] - Timeout '0' is invalid. Using default page load timeout: '30'

2018-03-05 16:46:43 - [MESSAGE][PASSED] - Object 'Object Repository/CuPaDl/Structure/Structure_Hahnentritt' is visible

2018-03-05 16:46:44 - [MESSAGE][PASSED] - Delayed 1 second(s)

2018-03-05 16:46:44 - [MESSAGE][FAILED] - Unable to click on object 'Object Repository/CuPaDl/Structure/Structure_fadedrop' (Root cause: org.openqa.selenium.ElementNotVisibleException: element not visible
  (Session info: headless chrome=64.0.3282.186)
  (Driver info: chromedriver=2.35.528161 (5b82f2d2aae0ca24b877009200ced9065a772e73),platform=Windows NT 10.0.16299 x86_64) (WARNING: The server did not provide any stacktrace information)
Command duration or timeout: 0 milliseconds
Build info: version: '3.7.1', revision: '8a0099a', time: '2017-11-06T21:07:36.161Z'
System info: host: 'DESKTOP-47R6KV7', ip: '192.168.100.78', os.name: 'Windows 10', os.arch: 'amd64', os.version: '10.0', java.version: '1.8.0_102'
Driver info: com.kms.katalon.selenium.driver.CChromeDriver
Capabilities {acceptInsecureCerts: false, acceptSslCerts: false, applicationCacheEnabled: false, browserConnectionEnabled: false, browserName: chrome, chrome: {chromedriverVersion: 2.35.528161 (5b82f2d2aae0ca..., userDataDir: C:\Users\MEGAPO~1\AppData\L...}, cssSelectorsEnabled: true, databaseEnabled: false, handlesAlerts: true, hasTouchScreen: false, javascriptEnabled: true, locationContextEnabled: true, mobileEmulationEnabled: false, nativeEvents: true, networkConnectionEnabled: false, pageLoadStrategy: normal, platform: XP, platformName: XP, rotatable: false, setWindowRect: true, takesHeapSnapshot: true, takesScreenshot: true, unexpectedAlertBehaviour: , unhandledPromptBehavior: , version: 64.0.3282.186, webStorageEnabled: true}
Session ID: b5f2243e3f0a458b0a2805e773489719)

2018-03-05 16:46:44 - [MESSAGE][FAILED] - Unable to click on object 'Object Repository/CuPaDl/Structure/Structure_fadedrop' (Root cause: org.openqa.selenium.ElementNotVisibleException: element not visible
  (Session info: headless chrome=64.0.3282.186)
  (Driver info: chromedriver=2.35.528161 (5b82f2d2aae0ca24b877009200ced9065a772e73),platform=Windows NT 10.0.16299 x86_64) (WARNING: The server did not provide any stacktrace information)
Command duration or timeout: 0 milliseconds
Build info: version: '3.7.1', revision: '8a0099a', time: '2017-11-06T21:07:36.161Z'
System info: host: 'DESKTOP-47R6KV7', ip: '192.168.100.78', os.name: 'Windows 10', os.arch: 'amd64', os.version: '10.0', java.version: '1.8.0_102'
Driver info: com.kms.katalon.selenium.driver.CChromeDriver
Capabilities {acceptInsecureCerts: false, acceptSslCerts: false, applicationCacheEnabled: false, browserConnectionEnabled: false, browserName: chrome, chrome: {chromedriverVersion: 2.35.528161 (5b82f2d2aae0ca..., userDataDir: C:\Users\MEGAPO~1\AppData\L...}, cssSelectorsEnabled: true, databaseEnabled: false, handlesAlerts: true, hasTouchScreen: false, javascriptEnabled: true, locationContextEnabled: true, mobileEmulationEnabled: false, nativeEvents: true, networkConnectionEnabled: false, pageLoadStrategy: normal, platform: XP, platformName: XP, rotatable: false, setWindowRect: true, takesHeapSnapshot: true, takesScreenshot: true, unexpectedAlertBehaviour: , unhandledPromptBehavior: , version: 64.0.3282.186, webStorageEnabled: true}
Session ID: b5f2243e3f0a458b0a2805e773489719)]]></system-out>
         <system-err><![CDATA[2018-03-05 16:46:21 - [TEST_CASE][FAILED] - Test Cases/CuPaStefanie/30: Test Cases/CuPaStefanie/30 FAILED because (of) Unable to click on object 'Object Repository/CuPaDl/Structure/Structure_fadedrop' (Root cause: org.openqa.selenium.ElementNotVisibleException: element not visible
  (Session info: headless chrome=64.0.3282.186)
  (Driver info: chromedriver=2.35.528161 (5b82f2d2aae0ca24b877009200ced9065a772e73),platform=Windows NT 10.0.16299 x86_64) (WARNING: The server did not provide any stacktrace information)
Command duration or timeout: 0 milliseconds
Build info: version: '3.7.1', revision: '8a0099a', time: '2017-11-06T21:07:36.161Z'
System info: host: 'DESKTOP-47R6KV7', ip: '192.168.100.78', os.name: 'Windows 10', os.arch: 'amd64', os.version: '10.0', java.version: '1.8.0_102'
Driver info: com.kms.katalon.selenium.driver.CChromeDriver
Capabilities {acceptInsecureCerts: false, acceptSslCerts: false, applicationCacheEnabled: false, browserConnectionEnabled: false, browserName: chrome, chrome: {chromedriverVersion: 2.35.528161 (5b82f2d2aae0ca..., userDataDir: C:\Users\MEGAPO~1\AppData\L...}, cssSelectorsEnabled: true, databaseEnabled: false, handlesAlerts: true, hasTouchScreen: false, javascriptEnabled: true, locationContextEnabled: true, mobileEmulationEnabled: false, nativeEvents: true, networkConnectionEnabled: false, pageLoadStrategy: normal, platform: XP, platformName: XP, rotatable: false, setWindowRect: true, takesHeapSnapshot: true, takesScreenshot: true, unexpectedAlertBehaviour: , unhandledPromptBehavior: , version: 64.0.3282.186, webStorageEnabled: true}
Session ID: b5f2243e3f0a458b0a2805e773489719)]]></system-err>
      </testcase>
      <testcase name="Test Cases/CuPaStefanie/31" classname="Test Cases/CuPaStefanie/31" status="FAILED">
         <failure type="FAILED" message="Unable to click on object 'Object Repository/CuPaDl/Icons/Icon_america' (Root cause: org.openqa.selenium.ElementNotVisibleException: element not visible
  (Session info: headless chrome=64.0.3282.186)
  (Driver info: chromedriver=2.35.528161 (5b82f2d2aae0ca24b877009200ced9065a772e73),platform=Windows NT 10.0.16299 x86_64) (WARNING: The server did not provide any stacktrace information)
Command duration or timeout: 0 milliseconds
Build info: version: '3.7.1', revision: '8a0099a', time: '2017-11-06T21:07:36.161Z'
System info: host: 'DESKTOP-47R6KV7', ip: '192.168.100.78', os.name: 'Windows 10', os.arch: 'amd64', os.version: '10.0', java.version: '1.8.0_102'
Driver info: com.kms.katalon.selenium.driver.CChromeDriver
Capabilities {acceptInsecureCerts: false, acceptSslCerts: false, applicationCacheEnabled: false, browserConnectionEnabled: false, browserName: chrome, chrome: {chromedriverVersion: 2.35.528161 (5b82f2d2aae0ca..., userDataDir: C:\Users\MEGAPO~1\AppData\L...}, cssSelectorsEnabled: true, databaseEnabled: false, handlesAlerts: true, hasTouchScreen: false, javascriptEnabled: true, locationContextEnabled: true, mobileEmulationEnabled: false, nativeEvents: true, networkConnectionEnabled: false, pageLoadStrategy: normal, platform: XP, platformName: XP, rotatable: false, setWindowRect: true, takesHeapSnapshot: true, takesScreenshot: true, unexpectedAlertBehaviour: , unhandledPromptBehavior: , version: 64.0.3282.186, webStorageEnabled: true}
Session ID: 95ecfcd1d211712143fa567f6d678115)"/>
         <system-out><![CDATA[2018-03-05 16:46:44 - [TEST_CASE][FAILED] - Test Cases/CuPaStefanie/31: Test Cases/CuPaStefanie/31 FAILED because (of) Unable to click on object 'Object Repository/CuPaDl/Icons/Icon_america' (Root cause: org.openqa.selenium.ElementNotVisibleException: element not visible
  (Session info: headless chrome=64.0.3282.186)
  (Driver info: chromedriver=2.35.528161 (5b82f2d2aae0ca24b877009200ced9065a772e73),platform=Windows NT 10.0.16299 x86_64) (WARNING: The server did not provide any stacktrace information)
Command duration or timeout: 0 milliseconds
Build info: version: '3.7.1', revision: '8a0099a', time: '2017-11-06T21:07:36.161Z'
System info: host: 'DESKTOP-47R6KV7', ip: '192.168.100.78', os.name: 'Windows 10', os.arch: 'amd64', os.version: '10.0', java.version: '1.8.0_102'
Driver info: com.kms.katalon.selenium.driver.CChromeDriver
Capabilities {acceptInsecureCerts: false, acceptSslCerts: false, applicationCacheEnabled: false, browserConnectionEnabled: false, browserName: chrome, chrome: {chromedriverVersion: 2.35.528161 (5b82f2d2aae0ca..., userDataDir: C:\Users\MEGAPO~1\AppData\L...}, cssSelectorsEnabled: true, databaseEnabled: false, handlesAlerts: true, hasTouchScreen: false, javascriptEnabled: true, locationContextEnabled: true, mobileEmulationEnabled: false, nativeEvents: true, networkConnectionEnabled: false, pageLoadStrategy: normal, platform: XP, platformName: XP, rotatable: false, setWindowRect: true, takesHeapSnapshot: true, takesScreenshot: true, unexpectedAlertBehaviour: , unhandledPromptBehavior: , version: 64.0.3282.186, webStorageEnabled: true}
Session ID: 95ecfcd1d211712143fa567f6d678115)

2018-03-05 16:46:44 - [TEST_STEP][PASSED] - Statement - timeStamp = new java.text.SimpleDateFormat(dd.MM.yyyy).format(java.util.Calendar.getInstance().getTime()): null

2018-03-05 16:46:44 - [TEST_STEP][PASSED] - Statement - timeStampScreenshot = new java.text.SimpleDateFormat(dd.MM.yyyy).format(java.util.Calendar.getInstance().getTime()): null

2018-03-05 16:46:44 - [TEST_STEP][PASSED] - Statement - iconmap = [:]: null

2018-03-05 16:46:44 - [TEST_STEP][PASSED] - Statement - txtmap = [:]: null

2018-03-05 16:46:44 - [TEST_STEP][PASSED] - Statement - signmap = [:]: null

2018-03-05 16:46:44 - [TEST_STEP][PASSED] - cupakeysDl.initStart.initialStart: cupakeysDl.initStart.initialStart is PASSED

2018-03-05 16:46:44 - [MESSAGE][WARNING] - A browser is already opened. Closing browser and opening a new one

2018-03-05 16:46:47 - [MESSAGE][PASSED] - Browser is opened with url: ''

2018-03-05 16:46:50 - [MESSAGE][PASSED] - Delayed 3 second(s)

2018-03-05 16:46:53 - [MESSAGE][PASSED] - Navigate to 'https://d16a4dsnr8a0k1.cloudfront.net/en/2455233.html?price=150.00%20%E2%82%AC&partName=wilsonPartName&vin=wilsonVin&modelCode=XP11&paint=P0A94&modelDescription=wilsonModelDescription&additionalEquipment=wilsonAdditionalEquipment' successfully

2018-03-05 16:46:53 - [MESSAGE][PASSED] - Object 'Object Repository/CuPaDl/Loading_indicator' is visible

2018-03-05 16:47:00 - [MESSAGE][PASSED] - Object 'Object Repository/CuPaDl/Loading_indicator' is NOT visible

2018-03-05 16:47:01 - [MESSAGE][PASSED] - Delayed 1 second(s)

2018-03-05 16:47:01 - [MESSAGE][PASSED] - cupakeysDl.initStart.initialStart is PASSED

2018-03-05 16:47:01 - [TEST_STEP][PASSED] - Statement - (step++): null

2018-03-05 16:47:01 - [TEST_STEP][PASSED] - cupakeysDl.color.changecolor: cupakeysDl.color.changecolor is PASSED

2018-03-05 16:47:01 - [MESSAGE][PASSED] - Object 'Object Repository/CuPaDl/Color/Color' is visible

2018-03-05 16:47:01 - [MESSAGE][PASSED] - Object: 'Object Repository/CuPaDl/Color/Color' is clicked on

2018-03-05 16:47:01 - [MESSAGE][WARNING] - Timeout '0' is invalid. Using default page load timeout: '30'

2018-03-05 16:47:02 - [MESSAGE][PASSED] - Object 'Object Repository/CuPaDl/Color/Color_lapisblue' is visible

2018-03-05 16:47:03 - [MESSAGE][PASSED] - Delayed 1 second(s)

2018-03-05 16:47:03 - [MESSAGE][PASSED] - Object: 'Object Repository/CuPaDl/Color/Color_lapisblue' is clicked on

2018-03-05 16:47:06 - [MESSAGE][WARNING] - Object 'Object Repository/CuPaDl/Loading_indicator' is not visible after 3 second(s)

2018-03-05 16:47:07 - [MESSAGE][PASSED] - Delayed 1 second(s)

2018-03-05 16:47:07 - [MESSAGE][PASSED] - cupakeysDl.color.changecolor is PASSED

2018-03-05 16:47:07 - [TEST_STEP][PASSED] - Statement - (step++): null

2018-03-05 16:47:07 - [TEST_STEP][FAILED] - Statement - iconmap += CustomKeywords.cupakeysDl.iconad.iconadd("america", LoadTimeCorrector, step, run, device, timeStamp, iconcount): Unable to click on object 'Object Repository/CuPaDl/Icons/Icon_america' (Root cause: org.openqa.selenium.ElementNotVisibleException: element not visible
  (Session info: headless chrome=64.0.3282.186)
  (Driver info: chromedriver=2.35.528161 (5b82f2d2aae0ca24b877009200ced9065a772e73),platform=Windows NT 10.0.16299 x86_64) (WARNING: The server did not provide any stacktrace information)
Command duration or timeout: 0 milliseconds
Build info: version: '3.7.1', revision: '8a0099a', time: '2017-11-06T21:07:36.161Z'
System info: host: 'DESKTOP-47R6KV7', ip: '192.168.100.78', os.name: 'Windows 10', os.arch: 'amd64', os.version: '10.0', java.version: '1.8.0_102'
Driver info: com.kms.katalon.selenium.driver.CChromeDriver
Capabilities {acceptInsecureCerts: false, acceptSslCerts: false, applicationCacheEnabled: false, browserConnectionEnabled: false, browserName: chrome, chrome: {chromedriverVersion: 2.35.528161 (5b82f2d2aae0ca..., userDataDir: C:\Users\MEGAPO~1\AppData\L...}, cssSelectorsEnabled: true, databaseEnabled: false, handlesAlerts: true, hasTouchScreen: false, javascriptEnabled: true, locationContextEnabled: true, mobileEmulationEnabled: false, nativeEvents: true, networkConnectionEnabled: false, pageLoadStrategy: normal, platform: XP, platformName: XP, rotatable: false, setWindowRect: true, takesHeapSnapshot: true, takesScreenshot: true, unexpectedAlertBehaviour: , unhandledPromptBehavior: , version: 64.0.3282.186, webStorageEnabled: true}
Session ID: 95ecfcd1d211712143fa567f6d678115)

2018-03-05 16:47:07 - [MESSAGE][PASSED] - Object 'Object Repository/CuPaDl/Icons/Icon' is visible

2018-03-05 16:47:07 - [MESSAGE][PASSED] - Object: 'Object Repository/CuPaDl/Icons/Icon' is clicked on

2018-03-05 16:47:07 - [MESSAGE][WARNING] - Timeout '0' is invalid. Using default page load timeout: '30'

2018-03-05 16:47:37 - [MESSAGE][WARNING] - Object 'Object Repository/CuPaDl/Icons/Icon_america' is not visible after 30 second(s)

2018-03-05 16:47:38 - [MESSAGE][PASSED] - Delayed 1 second(s)

2018-03-05 16:47:38 - [MESSAGE][FAILED] - Unable to click on object 'Object Repository/CuPaDl/Icons/Icon_america' (Root cause: org.openqa.selenium.ElementNotVisibleException: element not visible
  (Session info: headless chrome=64.0.3282.186)
  (Driver info: chromedriver=2.35.528161 (5b82f2d2aae0ca24b877009200ced9065a772e73),platform=Windows NT 10.0.16299 x86_64) (WARNING: The server did not provide any stacktrace information)
Command duration or timeout: 0 milliseconds
Build info: version: '3.7.1', revision: '8a0099a', time: '2017-11-06T21:07:36.161Z'
System info: host: 'DESKTOP-47R6KV7', ip: '192.168.100.78', os.name: 'Windows 10', os.arch: 'amd64', os.version: '10.0', java.version: '1.8.0_102'
Driver info: com.kms.katalon.selenium.driver.CChromeDriver
Capabilities {acceptInsecureCerts: false, acceptSslCerts: false, applicationCacheEnabled: false, browserConnectionEnabled: false, browserName: chrome, chrome: {chromedriverVersion: 2.35.528161 (5b82f2d2aae0ca..., userDataDir: C:\Users\MEGAPO~1\AppData\L...}, cssSelectorsEnabled: true, databaseEnabled: false, handlesAlerts: true, hasTouchScreen: false, javascriptEnabled: true, locationContextEnabled: true, mobileEmulationEnabled: false, nativeEvents: true, networkConnectionEnabled: false, pageLoadStrategy: normal, platform: XP, platformName: XP, rotatable: false, setWindowRect: true, takesHeapSnapshot: true, takesScreenshot: true, unexpectedAlertBehaviour: , unhandledPromptBehavior: , version: 64.0.3282.186, webStorageEnabled: true}
Session ID: 95ecfcd1d211712143fa567f6d678115)

2018-03-05 16:47:38 - [MESSAGE][FAILED] - Unable to click on object 'Object Repository/CuPaDl/Icons/Icon_america' (Root cause: org.openqa.selenium.ElementNotVisibleException: element not visible
  (Session info: headless chrome=64.0.3282.186)
  (Driver info: chromedriver=2.35.528161 (5b82f2d2aae0ca24b877009200ced9065a772e73),platform=Windows NT 10.0.16299 x86_64) (WARNING: The server did not provide any stacktrace information)
Command duration or timeout: 0 milliseconds
Build info: version: '3.7.1', revision: '8a0099a', time: '2017-11-06T21:07:36.161Z'
System info: host: 'DESKTOP-47R6KV7', ip: '192.168.100.78', os.name: 'Windows 10', os.arch: 'amd64', os.version: '10.0', java.version: '1.8.0_102'
Driver info: com.kms.katalon.selenium.driver.CChromeDriver
Capabilities {acceptInsecureCerts: false, acceptSslCerts: false, applicationCacheEnabled: false, browserConnectionEnabled: false, browserName: chrome, chrome: {chromedriverVersion: 2.35.528161 (5b82f2d2aae0ca..., userDataDir: C:\Users\MEGAPO~1\AppData\L...}, cssSelectorsEnabled: true, databaseEnabled: false, handlesAlerts: true, hasTouchScreen: false, javascriptEnabled: true, locationContextEnabled: true, mobileEmulationEnabled: false, nativeEvents: true, networkConnectionEnabled: false, pageLoadStrategy: normal, platform: XP, platformName: XP, rotatable: false, setWindowRect: true, takesHeapSnapshot: true, takesScreenshot: true, unexpectedAlertBehaviour: , unhandledPromptBehavior: , version: 64.0.3282.186, webStorageEnabled: true}
Session ID: 95ecfcd1d211712143fa567f6d678115)]]></system-out>
         <system-err><![CDATA[2018-03-05 16:46:44 - [TEST_CASE][FAILED] - Test Cases/CuPaStefanie/31: Test Cases/CuPaStefanie/31 FAILED because (of) Unable to click on object 'Object Repository/CuPaDl/Icons/Icon_america' (Root cause: org.openqa.selenium.ElementNotVisibleException: element not visible
  (Session info: headless chrome=64.0.3282.186)
  (Driver info: chromedriver=2.35.528161 (5b82f2d2aae0ca24b877009200ced9065a772e73),platform=Windows NT 10.0.16299 x86_64) (WARNING: The server did not provide any stacktrace information)
Command duration or timeout: 0 milliseconds
Build info: version: '3.7.1', revision: '8a0099a', time: '2017-11-06T21:07:36.161Z'
System info: host: 'DESKTOP-47R6KV7', ip: '192.168.100.78', os.name: 'Windows 10', os.arch: 'amd64', os.version: '10.0', java.version: '1.8.0_102'
Driver info: com.kms.katalon.selenium.driver.CChromeDriver
Capabilities {acceptInsecureCerts: false, acceptSslCerts: false, applicationCacheEnabled: false, browserConnectionEnabled: false, browserName: chrome, chrome: {chromedriverVersion: 2.35.528161 (5b82f2d2aae0ca..., userDataDir: C:\Users\MEGAPO~1\AppData\L...}, cssSelectorsEnabled: true, databaseEnabled: false, handlesAlerts: true, hasTouchScreen: false, javascriptEnabled: true, locationContextEnabled: true, mobileEmulationEnabled: false, nativeEvents: true, networkConnectionEnabled: false, pageLoadStrategy: normal, platform: XP, platformName: XP, rotatable: false, setWindowRect: true, takesHeapSnapshot: true, takesScreenshot: true, unexpectedAlertBehaviour: , unhandledPromptBehavior: , version: 64.0.3282.186, webStorageEnabled: true}
Session ID: 95ecfcd1d211712143fa567f6d678115)]]></system-err>
      </testcase>
      <testcase name="Test Cases/CuPaStefanie/32" classname="Test Cases/CuPaStefanie/32" status="FAILED">
         <failure type="FAILED" message="Unable to click on object 'Object Repository/CuPaDl/Icons/Icon_america' (Root cause: org.openqa.selenium.ElementNotVisibleException: element not visible
  (Session info: headless chrome=64.0.3282.186)
  (Driver info: chromedriver=2.35.528161 (5b82f2d2aae0ca24b877009200ced9065a772e73),platform=Windows NT 10.0.16299 x86_64) (WARNING: The server did not provide any stacktrace information)
Command duration or timeout: 0 milliseconds
Build info: version: '3.7.1', revision: '8a0099a', time: '2017-11-06T21:07:36.161Z'
System info: host: 'DESKTOP-47R6KV7', ip: '192.168.100.78', os.name: 'Windows 10', os.arch: 'amd64', os.version: '10.0', java.version: '1.8.0_102'
Driver info: com.kms.katalon.selenium.driver.CChromeDriver
Capabilities {acceptInsecureCerts: false, acceptSslCerts: false, applicationCacheEnabled: false, browserConnectionEnabled: false, browserName: chrome, chrome: {chromedriverVersion: 2.35.528161 (5b82f2d2aae0ca..., userDataDir: C:\Users\MEGAPO~1\AppData\L...}, cssSelectorsEnabled: true, databaseEnabled: false, handlesAlerts: true, hasTouchScreen: false, javascriptEnabled: true, locationContextEnabled: true, mobileEmulationEnabled: false, nativeEvents: true, networkConnectionEnabled: false, pageLoadStrategy: normal, platform: XP, platformName: XP, rotatable: false, setWindowRect: true, takesHeapSnapshot: true, takesScreenshot: true, unexpectedAlertBehaviour: , unhandledPromptBehavior: , version: 64.0.3282.186, webStorageEnabled: true}
Session ID: fb00f53ebc286e0fa65537ab08a0d9e3)"/>
         <system-out><![CDATA[2018-03-05 16:47:38 - [TEST_CASE][FAILED] - Test Cases/CuPaStefanie/32: Test Cases/CuPaStefanie/32 FAILED because (of) Unable to click on object 'Object Repository/CuPaDl/Icons/Icon_america' (Root cause: org.openqa.selenium.ElementNotVisibleException: element not visible
  (Session info: headless chrome=64.0.3282.186)
  (Driver info: chromedriver=2.35.528161 (5b82f2d2aae0ca24b877009200ced9065a772e73),platform=Windows NT 10.0.16299 x86_64) (WARNING: The server did not provide any stacktrace information)
Command duration or timeout: 0 milliseconds
Build info: version: '3.7.1', revision: '8a0099a', time: '2017-11-06T21:07:36.161Z'
System info: host: 'DESKTOP-47R6KV7', ip: '192.168.100.78', os.name: 'Windows 10', os.arch: 'amd64', os.version: '10.0', java.version: '1.8.0_102'
Driver info: com.kms.katalon.selenium.driver.CChromeDriver
Capabilities {acceptInsecureCerts: false, acceptSslCerts: false, applicationCacheEnabled: false, browserConnectionEnabled: false, browserName: chrome, chrome: {chromedriverVersion: 2.35.528161 (5b82f2d2aae0ca..., userDataDir: C:\Users\MEGAPO~1\AppData\L...}, cssSelectorsEnabled: true, databaseEnabled: false, handlesAlerts: true, hasTouchScreen: false, javascriptEnabled: true, locationContextEnabled: true, mobileEmulationEnabled: false, nativeEvents: true, networkConnectionEnabled: false, pageLoadStrategy: normal, platform: XP, platformName: XP, rotatable: false, setWindowRect: true, takesHeapSnapshot: true, takesScreenshot: true, unexpectedAlertBehaviour: , unhandledPromptBehavior: , version: 64.0.3282.186, webStorageEnabled: true}
Session ID: fb00f53ebc286e0fa65537ab08a0d9e3)

2018-03-05 16:47:38 - [TEST_STEP][PASSED] - Statement - timeStamp = new java.text.SimpleDateFormat(dd.MM.yyyy).format(java.util.Calendar.getInstance().getTime()): null

2018-03-05 16:47:38 - [TEST_STEP][PASSED] - Statement - timeStampScreenshot = new java.text.SimpleDateFormat(dd.MM.yyyy).format(java.util.Calendar.getInstance().getTime()): null

2018-03-05 16:47:38 - [TEST_STEP][PASSED] - Statement - iconmap = [:]: null

2018-03-05 16:47:38 - [TEST_STEP][PASSED] - Statement - txtmap = [:]: null

2018-03-05 16:47:38 - [TEST_STEP][PASSED] - Statement - signmap = [:]: null

2018-03-05 16:47:38 - [TEST_STEP][PASSED] - cupakeysDl.initStart.initialStart: cupakeysDl.initStart.initialStart is PASSED

2018-03-05 16:47:38 - [MESSAGE][WARNING] - A browser is already opened. Closing browser and opening a new one

2018-03-05 16:47:41 - [MESSAGE][PASSED] - Browser is opened with url: ''

2018-03-05 16:47:44 - [MESSAGE][PASSED] - Delayed 3 second(s)

2018-03-05 16:47:45 - [MESSAGE][PASSED] - Navigate to 'https://d16a4dsnr8a0k1.cloudfront.net/en/2455233.html?price=150.00%20%E2%82%AC&partName=wilsonPartName&vin=wilsonVin&modelCode=XP11&paint=P0A94&modelDescription=wilsonModelDescription&additionalEquipment=wilsonAdditionalEquipment' successfully

2018-03-05 16:47:45 - [MESSAGE][PASSED] - Object 'Object Repository/CuPaDl/Loading_indicator' is visible

2018-03-05 16:47:53 - [MESSAGE][PASSED] - Object 'Object Repository/CuPaDl/Loading_indicator' is NOT visible

2018-03-05 16:47:54 - [MESSAGE][PASSED] - Delayed 1 second(s)

2018-03-05 16:47:54 - [MESSAGE][PASSED] - cupakeysDl.initStart.initialStart is PASSED

2018-03-05 16:47:54 - [TEST_STEP][PASSED] - Statement - (step++): null

2018-03-05 16:47:54 - [TEST_STEP][PASSED] - cupakeysDl.color.changecolor: cupakeysDl.color.changecolor is PASSED

2018-03-05 16:47:54 - [MESSAGE][PASSED] - Object 'Object Repository/CuPaDl/Color/Color' is visible

2018-03-05 16:47:54 - [MESSAGE][PASSED] - Object: 'Object Repository/CuPaDl/Color/Color' is clicked on

2018-03-05 16:47:54 - [MESSAGE][WARNING] - Timeout '0' is invalid. Using default page load timeout: '30'

2018-03-05 16:47:54 - [MESSAGE][PASSED] - Object 'Object Repository/CuPaDl/Color/Color_lapisblue' is visible

2018-03-05 16:47:55 - [MESSAGE][PASSED] - Delayed 1 second(s)

2018-03-05 16:47:55 - [MESSAGE][PASSED] - Object: 'Object Repository/CuPaDl/Color/Color_lapisblue' is clicked on

2018-03-05 16:47:58 - [MESSAGE][WARNING] - Object 'Object Repository/CuPaDl/Loading_indicator' is not visible after 3 second(s)

2018-03-05 16:47:59 - [MESSAGE][PASSED] - Delayed 1 second(s)

2018-03-05 16:47:59 - [MESSAGE][PASSED] - cupakeysDl.color.changecolor is PASSED

2018-03-05 16:47:59 - [TEST_STEP][PASSED] - Statement - (step++): null

2018-03-05 16:47:59 - [TEST_STEP][FAILED] - Statement - iconmap += CustomKeywords.cupakeysDl.iconad.iconadd("america", LoadTimeCorrector, step, run, device, timeStamp, iconcount): Unable to click on object 'Object Repository/CuPaDl/Icons/Icon_america' (Root cause: org.openqa.selenium.ElementNotVisibleException: element not visible
  (Session info: headless chrome=64.0.3282.186)
  (Driver info: chromedriver=2.35.528161 (5b82f2d2aae0ca24b877009200ced9065a772e73),platform=Windows NT 10.0.16299 x86_64) (WARNING: The server did not provide any stacktrace information)
Command duration or timeout: 0 milliseconds
Build info: version: '3.7.1', revision: '8a0099a', time: '2017-11-06T21:07:36.161Z'
System info: host: 'DESKTOP-47R6KV7', ip: '192.168.100.78', os.name: 'Windows 10', os.arch: 'amd64', os.version: '10.0', java.version: '1.8.0_102'
Driver info: com.kms.katalon.selenium.driver.CChromeDriver
Capabilities {acceptInsecureCerts: false, acceptSslCerts: false, applicationCacheEnabled: false, browserConnectionEnabled: false, browserName: chrome, chrome: {chromedriverVersion: 2.35.528161 (5b82f2d2aae0ca..., userDataDir: C:\Users\MEGAPO~1\AppData\L...}, cssSelectorsEnabled: true, databaseEnabled: false, handlesAlerts: true, hasTouchScreen: false, javascriptEnabled: true, locationContextEnabled: true, mobileEmulationEnabled: false, nativeEvents: true, networkConnectionEnabled: false, pageLoadStrategy: normal, platform: XP, platformName: XP, rotatable: false, setWindowRect: true, takesHeapSnapshot: true, takesScreenshot: true, unexpectedAlertBehaviour: , unhandledPromptBehavior: , version: 64.0.3282.186, webStorageEnabled: true}
Session ID: fb00f53ebc286e0fa65537ab08a0d9e3)

2018-03-05 16:47:59 - [MESSAGE][PASSED] - Object 'Object Repository/CuPaDl/Icons/Icon' is visible

2018-03-05 16:48:00 - [MESSAGE][PASSED] - Object: 'Object Repository/CuPaDl/Icons/Icon' is clicked on

2018-03-05 16:48:00 - [MESSAGE][WARNING] - Timeout '0' is invalid. Using default page load timeout: '30'

2018-03-05 16:48:30 - [MESSAGE][WARNING] - Object 'Object Repository/CuPaDl/Icons/Icon_america' is not visible after 30 second(s)

2018-03-05 16:48:31 - [MESSAGE][PASSED] - Delayed 1 second(s)

2018-03-05 16:48:31 - [MESSAGE][FAILED] - Unable to click on object 'Object Repository/CuPaDl/Icons/Icon_america' (Root cause: org.openqa.selenium.ElementNotVisibleException: element not visible
  (Session info: headless chrome=64.0.3282.186)
  (Driver info: chromedriver=2.35.528161 (5b82f2d2aae0ca24b877009200ced9065a772e73),platform=Windows NT 10.0.16299 x86_64) (WARNING: The server did not provide any stacktrace information)
Command duration or timeout: 0 milliseconds
Build info: version: '3.7.1', revision: '8a0099a', time: '2017-11-06T21:07:36.161Z'
System info: host: 'DESKTOP-47R6KV7', ip: '192.168.100.78', os.name: 'Windows 10', os.arch: 'amd64', os.version: '10.0', java.version: '1.8.0_102'
Driver info: com.kms.katalon.selenium.driver.CChromeDriver
Capabilities {acceptInsecureCerts: false, acceptSslCerts: false, applicationCacheEnabled: false, browserConnectionEnabled: false, browserName: chrome, chrome: {chromedriverVersion: 2.35.528161 (5b82f2d2aae0ca..., userDataDir: C:\Users\MEGAPO~1\AppData\L...}, cssSelectorsEnabled: true, databaseEnabled: false, handlesAlerts: true, hasTouchScreen: false, javascriptEnabled: true, locationContextEnabled: true, mobileEmulationEnabled: false, nativeEvents: true, networkConnectionEnabled: false, pageLoadStrategy: normal, platform: XP, platformName: XP, rotatable: false, setWindowRect: true, takesHeapSnapshot: true, takesScreenshot: true, unexpectedAlertBehaviour: , unhandledPromptBehavior: , version: 64.0.3282.186, webStorageEnabled: true}
Session ID: fb00f53ebc286e0fa65537ab08a0d9e3)

2018-03-05 16:48:31 - [MESSAGE][FAILED] - Unable to click on object 'Object Repository/CuPaDl/Icons/Icon_america' (Root cause: org.openqa.selenium.ElementNotVisibleException: element not visible
  (Session info: headless chrome=64.0.3282.186)
  (Driver info: chromedriver=2.35.528161 (5b82f2d2aae0ca24b877009200ced9065a772e73),platform=Windows NT 10.0.16299 x86_64) (WARNING: The server did not provide any stacktrace information)
Command duration or timeout: 0 milliseconds
Build info: version: '3.7.1', revision: '8a0099a', time: '2017-11-06T21:07:36.161Z'
System info: host: 'DESKTOP-47R6KV7', ip: '192.168.100.78', os.name: 'Windows 10', os.arch: 'amd64', os.version: '10.0', java.version: '1.8.0_102'
Driver info: com.kms.katalon.selenium.driver.CChromeDriver
Capabilities {acceptInsecureCerts: false, acceptSslCerts: false, applicationCacheEnabled: false, browserConnectionEnabled: false, browserName: chrome, chrome: {chromedriverVersion: 2.35.528161 (5b82f2d2aae0ca..., userDataDir: C:\Users\MEGAPO~1\AppData\L...}, cssSelectorsEnabled: true, databaseEnabled: false, handlesAlerts: true, hasTouchScreen: false, javascriptEnabled: true, locationContextEnabled: true, mobileEmulationEnabled: false, nativeEvents: true, networkConnectionEnabled: false, pageLoadStrategy: normal, platform: XP, platformName: XP, rotatable: false, setWindowRect: true, takesHeapSnapshot: true, takesScreenshot: true, unexpectedAlertBehaviour: , unhandledPromptBehavior: , version: 64.0.3282.186, webStorageEnabled: true}
Session ID: fb00f53ebc286e0fa65537ab08a0d9e3)]]></system-out>
         <system-err><![CDATA[2018-03-05 16:47:38 - [TEST_CASE][FAILED] - Test Cases/CuPaStefanie/32: Test Cases/CuPaStefanie/32 FAILED because (of) Unable to click on object 'Object Repository/CuPaDl/Icons/Icon_america' (Root cause: org.openqa.selenium.ElementNotVisibleException: element not visible
  (Session info: headless chrome=64.0.3282.186)
  (Driver info: chromedriver=2.35.528161 (5b82f2d2aae0ca24b877009200ced9065a772e73),platform=Windows NT 10.0.16299 x86_64) (WARNING: The server did not provide any stacktrace information)
Command duration or timeout: 0 milliseconds
Build info: version: '3.7.1', revision: '8a0099a', time: '2017-11-06T21:07:36.161Z'
System info: host: 'DESKTOP-47R6KV7', ip: '192.168.100.78', os.name: 'Windows 10', os.arch: 'amd64', os.version: '10.0', java.version: '1.8.0_102'
Driver info: com.kms.katalon.selenium.driver.CChromeDriver
Capabilities {acceptInsecureCerts: false, acceptSslCerts: false, applicationCacheEnabled: false, browserConnectionEnabled: false, browserName: chrome, chrome: {chromedriverVersion: 2.35.528161 (5b82f2d2aae0ca..., userDataDir: C:\Users\MEGAPO~1\AppData\L...}, cssSelectorsEnabled: true, databaseEnabled: false, handlesAlerts: true, hasTouchScreen: false, javascriptEnabled: true, locationContextEnabled: true, mobileEmulationEnabled: false, nativeEvents: true, networkConnectionEnabled: false, pageLoadStrategy: normal, platform: XP, platformName: XP, rotatable: false, setWindowRect: true, takesHeapSnapshot: true, takesScreenshot: true, unexpectedAlertBehaviour: , unhandledPromptBehavior: , version: 64.0.3282.186, webStorageEnabled: true}
Session ID: fb00f53ebc286e0fa65537ab08a0d9e3)]]></system-err>
      </testcase>
      <testcase name="Test Cases/CuPaStefanie/33" classname="Test Cases/CuPaStefanie/33" status="FAILED">
         <failure type="FAILED" message="Unable to click on object 'Object Repository/CuPaDl/Icons/Icon_australia' (Root cause: org.openqa.selenium.ElementNotVisibleException: element not visible
  (Session info: headless chrome=64.0.3282.186)
  (Driver info: chromedriver=2.35.528161 (5b82f2d2aae0ca24b877009200ced9065a772e73),platform=Windows NT 10.0.16299 x86_64) (WARNING: The server did not provide any stacktrace information)
Command duration or timeout: 0 milliseconds
Build info: version: '3.7.1', revision: '8a0099a', time: '2017-11-06T21:07:36.161Z'
System info: host: 'DESKTOP-47R6KV7', ip: '192.168.100.78', os.name: 'Windows 10', os.arch: 'amd64', os.version: '10.0', java.version: '1.8.0_102'
Driver info: com.kms.katalon.selenium.driver.CChromeDriver
Capabilities {acceptInsecureCerts: false, acceptSslCerts: false, applicationCacheEnabled: false, browserConnectionEnabled: false, browserName: chrome, chrome: {chromedriverVersion: 2.35.528161 (5b82f2d2aae0ca..., userDataDir: C:\Users\MEGAPO~1\AppData\L...}, cssSelectorsEnabled: true, databaseEnabled: false, handlesAlerts: true, hasTouchScreen: false, javascriptEnabled: true, locationContextEnabled: true, mobileEmulationEnabled: false, nativeEvents: true, networkConnectionEnabled: false, pageLoadStrategy: normal, platform: XP, platformName: XP, rotatable: false, setWindowRect: true, takesHeapSnapshot: true, takesScreenshot: true, unexpectedAlertBehaviour: , unhandledPromptBehavior: , version: 64.0.3282.186, webStorageEnabled: true}
Session ID: 39446c88654614b68d345b054f8c75bb)"/>
         <system-out><![CDATA[2018-03-05 16:48:31 - [TEST_CASE][FAILED] - Test Cases/CuPaStefanie/33: Test Cases/CuPaStefanie/33 FAILED because (of) Unable to click on object 'Object Repository/CuPaDl/Icons/Icon_australia' (Root cause: org.openqa.selenium.ElementNotVisibleException: element not visible
  (Session info: headless chrome=64.0.3282.186)
  (Driver info: chromedriver=2.35.528161 (5b82f2d2aae0ca24b877009200ced9065a772e73),platform=Windows NT 10.0.16299 x86_64) (WARNING: The server did not provide any stacktrace information)
Command duration or timeout: 0 milliseconds
Build info: version: '3.7.1', revision: '8a0099a', time: '2017-11-06T21:07:36.161Z'
System info: host: 'DESKTOP-47R6KV7', ip: '192.168.100.78', os.name: 'Windows 10', os.arch: 'amd64', os.version: '10.0', java.version: '1.8.0_102'
Driver info: com.kms.katalon.selenium.driver.CChromeDriver
Capabilities {acceptInsecureCerts: false, acceptSslCerts: false, applicationCacheEnabled: false, browserConnectionEnabled: false, browserName: chrome, chrome: {chromedriverVersion: 2.35.528161 (5b82f2d2aae0ca..., userDataDir: C:\Users\MEGAPO~1\AppData\L...}, cssSelectorsEnabled: true, databaseEnabled: false, handlesAlerts: true, hasTouchScreen: false, javascriptEnabled: true, locationContextEnabled: true, mobileEmulationEnabled: false, nativeEvents: true, networkConnectionEnabled: false, pageLoadStrategy: normal, platform: XP, platformName: XP, rotatable: false, setWindowRect: true, takesHeapSnapshot: true, takesScreenshot: true, unexpectedAlertBehaviour: , unhandledPromptBehavior: , version: 64.0.3282.186, webStorageEnabled: true}
Session ID: 39446c88654614b68d345b054f8c75bb)

2018-03-05 16:48:31 - [TEST_STEP][PASSED] - Statement - timeStamp = new java.text.SimpleDateFormat(dd.MM.yyyy).format(java.util.Calendar.getInstance().getTime()): null

2018-03-05 16:48:31 - [TEST_STEP][PASSED] - Statement - timeStampScreenshot = new java.text.SimpleDateFormat(dd.MM.yyyy).format(java.util.Calendar.getInstance().getTime()): null

2018-03-05 16:48:31 - [TEST_STEP][PASSED] - Statement - iconmap = [:]: null

2018-03-05 16:48:31 - [TEST_STEP][PASSED] - Statement - txtmap = [:]: null

2018-03-05 16:48:31 - [TEST_STEP][PASSED] - Statement - signmap = [:]: null

2018-03-05 16:48:31 - [TEST_STEP][PASSED] - cupakeysDl.initStart.initialStart: cupakeysDl.initStart.initialStart is PASSED

2018-03-05 16:48:31 - [MESSAGE][WARNING] - A browser is already opened. Closing browser and opening a new one

2018-03-05 16:48:33 - [MESSAGE][PASSED] - Browser is opened with url: ''

2018-03-05 16:48:36 - [MESSAGE][PASSED] - Delayed 3 second(s)

2018-03-05 16:48:38 - [MESSAGE][PASSED] - Navigate to 'https://d16a4dsnr8a0k1.cloudfront.net/en/2455233.html?price=150.00%20%E2%82%AC&partName=wilsonPartName&vin=wilsonVin&modelCode=XP11&paint=P0A94&modelDescription=wilsonModelDescription&additionalEquipment=wilsonAdditionalEquipment' successfully

2018-03-05 16:48:38 - [MESSAGE][PASSED] - Object 'Object Repository/CuPaDl/Loading_indicator' is visible

2018-03-05 16:48:45 - [MESSAGE][PASSED] - Object 'Object Repository/CuPaDl/Loading_indicator' is NOT visible

2018-03-05 16:48:46 - [MESSAGE][PASSED] - Delayed 1 second(s)

2018-03-05 16:48:46 - [MESSAGE][PASSED] - cupakeysDl.initStart.initialStart is PASSED

2018-03-05 16:48:46 - [TEST_STEP][PASSED] - Statement - (step++): null

2018-03-05 16:48:46 - [TEST_STEP][PASSED] - cupakeysDl.color.changecolor: cupakeysDl.color.changecolor is PASSED

2018-03-05 16:48:46 - [MESSAGE][PASSED] - Object 'Object Repository/CuPaDl/Color/Color' is visible

2018-03-05 16:48:46 - [MESSAGE][PASSED] - Object: 'Object Repository/CuPaDl/Color/Color' is clicked on

2018-03-05 16:48:46 - [MESSAGE][WARNING] - Timeout '0' is invalid. Using default page load timeout: '30'

2018-03-05 16:48:46 - [MESSAGE][PASSED] - Object 'Object Repository/CuPaDl/Color/Color_passionred' is visible

2018-03-05 16:48:47 - [MESSAGE][PASSED] - Delayed 1 second(s)

2018-03-05 16:48:48 - [MESSAGE][PASSED] - Object: 'Object Repository/CuPaDl/Color/Color_passionred' is clicked on

2018-03-05 16:48:49 - [MESSAGE][PASSED] - Object 'Object Repository/CuPaDl/Loading_indicator' is visible

2018-03-05 16:48:50 - [MESSAGE][PASSED] - Object 'Object Repository/CuPaDl/Loading_indicator' is NOT visible

2018-03-05 16:48:51 - [MESSAGE][PASSED] - Delayed 1 second(s)

2018-03-05 16:48:51 - [MESSAGE][PASSED] - cupakeysDl.color.changecolor is PASSED

2018-03-05 16:48:51 - [TEST_STEP][PASSED] - Statement - (step++): null

2018-03-05 16:48:51 - [TEST_STEP][FAILED] - Statement - iconmap += CustomKeywords.cupakeysDl.iconad.iconadd("australia", LoadTimeCorrector, step, run, device, timeStamp, iconcount): Unable to click on object 'Object Repository/CuPaDl/Icons/Icon_australia' (Root cause: org.openqa.selenium.ElementNotVisibleException: element not visible
  (Session info: headless chrome=64.0.3282.186)
  (Driver info: chromedriver=2.35.528161 (5b82f2d2aae0ca24b877009200ced9065a772e73),platform=Windows NT 10.0.16299 x86_64) (WARNING: The server did not provide any stacktrace information)
Command duration or timeout: 0 milliseconds
Build info: version: '3.7.1', revision: '8a0099a', time: '2017-11-06T21:07:36.161Z'
System info: host: 'DESKTOP-47R6KV7', ip: '192.168.100.78', os.name: 'Windows 10', os.arch: 'amd64', os.version: '10.0', java.version: '1.8.0_102'
Driver info: com.kms.katalon.selenium.driver.CChromeDriver
Capabilities {acceptInsecureCerts: false, acceptSslCerts: false, applicationCacheEnabled: false, browserConnectionEnabled: false, browserName: chrome, chrome: {chromedriverVersion: 2.35.528161 (5b82f2d2aae0ca..., userDataDir: C:\Users\MEGAPO~1\AppData\L...}, cssSelectorsEnabled: true, databaseEnabled: false, handlesAlerts: true, hasTouchScreen: false, javascriptEnabled: true, locationContextEnabled: true, mobileEmulationEnabled: false, nativeEvents: true, networkConnectionEnabled: false, pageLoadStrategy: normal, platform: XP, platformName: XP, rotatable: false, setWindowRect: true, takesHeapSnapshot: true, takesScreenshot: true, unexpectedAlertBehaviour: , unhandledPromptBehavior: , version: 64.0.3282.186, webStorageEnabled: true}
Session ID: 39446c88654614b68d345b054f8c75bb)

2018-03-05 16:48:51 - [MESSAGE][PASSED] - Object 'Object Repository/CuPaDl/Icons/Icon' is visible

2018-03-05 16:48:51 - [MESSAGE][PASSED] - Object: 'Object Repository/CuPaDl/Icons/Icon' is clicked on

2018-03-05 16:48:51 - [MESSAGE][WARNING] - Timeout '0' is invalid. Using default page load timeout: '30'

2018-03-05 16:49:21 - [MESSAGE][WARNING] - Object 'Object Repository/CuPaDl/Icons/Icon_australia' is not visible after 30 second(s)

2018-03-05 16:49:22 - [MESSAGE][PASSED] - Delayed 1 second(s)

2018-03-05 16:49:22 - [MESSAGE][FAILED] - Unable to click on object 'Object Repository/CuPaDl/Icons/Icon_australia' (Root cause: org.openqa.selenium.ElementNotVisibleException: element not visible
  (Session info: headless chrome=64.0.3282.186)
  (Driver info: chromedriver=2.35.528161 (5b82f2d2aae0ca24b877009200ced9065a772e73),platform=Windows NT 10.0.16299 x86_64) (WARNING: The server did not provide any stacktrace information)
Command duration or timeout: 0 milliseconds
Build info: version: '3.7.1', revision: '8a0099a', time: '2017-11-06T21:07:36.161Z'
System info: host: 'DESKTOP-47R6KV7', ip: '192.168.100.78', os.name: 'Windows 10', os.arch: 'amd64', os.version: '10.0', java.version: '1.8.0_102'
Driver info: com.kms.katalon.selenium.driver.CChromeDriver
Capabilities {acceptInsecureCerts: false, acceptSslCerts: false, applicationCacheEnabled: false, browserConnectionEnabled: false, browserName: chrome, chrome: {chromedriverVersion: 2.35.528161 (5b82f2d2aae0ca..., userDataDir: C:\Users\MEGAPO~1\AppData\L...}, cssSelectorsEnabled: true, databaseEnabled: false, handlesAlerts: true, hasTouchScreen: false, javascriptEnabled: true, locationContextEnabled: true, mobileEmulationEnabled: false, nativeEvents: true, networkConnectionEnabled: false, pageLoadStrategy: normal, platform: XP, platformName: XP, rotatable: false, setWindowRect: true, takesHeapSnapshot: true, takesScreenshot: true, unexpectedAlertBehaviour: , unhandledPromptBehavior: , version: 64.0.3282.186, webStorageEnabled: true}
Session ID: 39446c88654614b68d345b054f8c75bb)

2018-03-05 16:49:22 - [MESSAGE][FAILED] - Unable to click on object 'Object Repository/CuPaDl/Icons/Icon_australia' (Root cause: org.openqa.selenium.ElementNotVisibleException: element not visible
  (Session info: headless chrome=64.0.3282.186)
  (Driver info: chromedriver=2.35.528161 (5b82f2d2aae0ca24b877009200ced9065a772e73),platform=Windows NT 10.0.16299 x86_64) (WARNING: The server did not provide any stacktrace information)
Command duration or timeout: 0 milliseconds
Build info: version: '3.7.1', revision: '8a0099a', time: '2017-11-06T21:07:36.161Z'
System info: host: 'DESKTOP-47R6KV7', ip: '192.168.100.78', os.name: 'Windows 10', os.arch: 'amd64', os.version: '10.0', java.version: '1.8.0_102'
Driver info: com.kms.katalon.selenium.driver.CChromeDriver
Capabilities {acceptInsecureCerts: false, acceptSslCerts: false, applicationCacheEnabled: false, browserConnectionEnabled: false, browserName: chrome, chrome: {chromedriverVersion: 2.35.528161 (5b82f2d2aae0ca..., userDataDir: C:\Users\MEGAPO~1\AppData\L...}, cssSelectorsEnabled: true, databaseEnabled: false, handlesAlerts: true, hasTouchScreen: false, javascriptEnabled: true, locationContextEnabled: true, mobileEmulationEnabled: false, nativeEvents: true, networkConnectionEnabled: false, pageLoadStrategy: normal, platform: XP, platformName: XP, rotatable: false, setWindowRect: true, takesHeapSnapshot: true, takesScreenshot: true, unexpectedAlertBehaviour: , unhandledPromptBehavior: , version: 64.0.3282.186, webStorageEnabled: true}
Session ID: 39446c88654614b68d345b054f8c75bb)]]></system-out>
         <system-err><![CDATA[2018-03-05 16:48:31 - [TEST_CASE][FAILED] - Test Cases/CuPaStefanie/33: Test Cases/CuPaStefanie/33 FAILED because (of) Unable to click on object 'Object Repository/CuPaDl/Icons/Icon_australia' (Root cause: org.openqa.selenium.ElementNotVisibleException: element not visible
  (Session info: headless chrome=64.0.3282.186)
  (Driver info: chromedriver=2.35.528161 (5b82f2d2aae0ca24b877009200ced9065a772e73),platform=Windows NT 10.0.16299 x86_64) (WARNING: The server did not provide any stacktrace information)
Command duration or timeout: 0 milliseconds
Build info: version: '3.7.1', revision: '8a0099a', time: '2017-11-06T21:07:36.161Z'
System info: host: 'DESKTOP-47R6KV7', ip: '192.168.100.78', os.name: 'Windows 10', os.arch: 'amd64', os.version: '10.0', java.version: '1.8.0_102'
Driver info: com.kms.katalon.selenium.driver.CChromeDriver
Capabilities {acceptInsecureCerts: false, acceptSslCerts: false, applicationCacheEnabled: false, browserConnectionEnabled: false, browserName: chrome, chrome: {chromedriverVersion: 2.35.528161 (5b82f2d2aae0ca..., userDataDir: C:\Users\MEGAPO~1\AppData\L...}, cssSelectorsEnabled: true, databaseEnabled: false, handlesAlerts: true, hasTouchScreen: false, javascriptEnabled: true, locationContextEnabled: true, mobileEmulationEnabled: false, nativeEvents: true, networkConnectionEnabled: false, pageLoadStrategy: normal, platform: XP, platformName: XP, rotatable: false, setWindowRect: true, takesHeapSnapshot: true, takesScreenshot: true, unexpectedAlertBehaviour: , unhandledPromptBehavior: , version: 64.0.3282.186, webStorageEnabled: true}
Session ID: 39446c88654614b68d345b054f8c75bb)]]></system-err>
      </testcase>
      <testcase name="Test Cases/CuPaStefanie/34" classname="Test Cases/CuPaStefanie/34" status="FAILED">
         <failure type="FAILED" message="Unable to click on object 'Object Repository/CuPaDl/Icons/Icon_australia' (Root cause: org.openqa.selenium.ElementNotVisibleException: element not visible
  (Session info: headless chrome=64.0.3282.186)
  (Driver info: chromedriver=2.35.528161 (5b82f2d2aae0ca24b877009200ced9065a772e73),platform=Windows NT 10.0.16299 x86_64) (WARNING: The server did not provide any stacktrace information)
Command duration or timeout: 0 milliseconds
Build info: version: '3.7.1', revision: '8a0099a', time: '2017-11-06T21:07:36.161Z'
System info: host: 'DESKTOP-47R6KV7', ip: '192.168.100.78', os.name: 'Windows 10', os.arch: 'amd64', os.version: '10.0', java.version: '1.8.0_102'
Driver info: com.kms.katalon.selenium.driver.CChromeDriver
Capabilities {acceptInsecureCerts: false, acceptSslCerts: false, applicationCacheEnabled: false, browserConnectionEnabled: false, browserName: chrome, chrome: {chromedriverVersion: 2.35.528161 (5b82f2d2aae0ca..., userDataDir: C:\Users\MEGAPO~1\AppData\L...}, cssSelectorsEnabled: true, databaseEnabled: false, handlesAlerts: true, hasTouchScreen: false, javascriptEnabled: true, locationContextEnabled: true, mobileEmulationEnabled: false, nativeEvents: true, networkConnectionEnabled: false, pageLoadStrategy: normal, platform: XP, platformName: XP, rotatable: false, setWindowRect: true, takesHeapSnapshot: true, takesScreenshot: true, unexpectedAlertBehaviour: , unhandledPromptBehavior: , version: 64.0.3282.186, webStorageEnabled: true}
Session ID: 313d1d149c8434465103cac4fec231b3)"/>
         <system-out><![CDATA[2018-03-05 16:49:22 - [TEST_CASE][FAILED] - Test Cases/CuPaStefanie/34: Test Cases/CuPaStefanie/34 FAILED because (of) Unable to click on object 'Object Repository/CuPaDl/Icons/Icon_australia' (Root cause: org.openqa.selenium.ElementNotVisibleException: element not visible
  (Session info: headless chrome=64.0.3282.186)
  (Driver info: chromedriver=2.35.528161 (5b82f2d2aae0ca24b877009200ced9065a772e73),platform=Windows NT 10.0.16299 x86_64) (WARNING: The server did not provide any stacktrace information)
Command duration or timeout: 0 milliseconds
Build info: version: '3.7.1', revision: '8a0099a', time: '2017-11-06T21:07:36.161Z'
System info: host: 'DESKTOP-47R6KV7', ip: '192.168.100.78', os.name: 'Windows 10', os.arch: 'amd64', os.version: '10.0', java.version: '1.8.0_102'
Driver info: com.kms.katalon.selenium.driver.CChromeDriver
Capabilities {acceptInsecureCerts: false, acceptSslCerts: false, applicationCacheEnabled: false, browserConnectionEnabled: false, browserName: chrome, chrome: {chromedriverVersion: 2.35.528161 (5b82f2d2aae0ca..., userDataDir: C:\Users\MEGAPO~1\AppData\L...}, cssSelectorsEnabled: true, databaseEnabled: false, handlesAlerts: true, hasTouchScreen: false, javascriptEnabled: true, locationContextEnabled: true, mobileEmulationEnabled: false, nativeEvents: true, networkConnectionEnabled: false, pageLoadStrategy: normal, platform: XP, platformName: XP, rotatable: false, setWindowRect: true, takesHeapSnapshot: true, takesScreenshot: true, unexpectedAlertBehaviour: , unhandledPromptBehavior: , version: 64.0.3282.186, webStorageEnabled: true}
Session ID: 313d1d149c8434465103cac4fec231b3)

2018-03-05 16:49:22 - [TEST_STEP][PASSED] - Statement - timeStamp = new java.text.SimpleDateFormat(dd.MM.yyyy).format(java.util.Calendar.getInstance().getTime()): null

2018-03-05 16:49:22 - [TEST_STEP][PASSED] - Statement - timeStampScreenshot = new java.text.SimpleDateFormat(dd.MM.yyyy).format(java.util.Calendar.getInstance().getTime()): null

2018-03-05 16:49:22 - [TEST_STEP][PASSED] - Statement - iconmap = [:]: null

2018-03-05 16:49:22 - [TEST_STEP][PASSED] - Statement - txtmap = [:]: null

2018-03-05 16:49:22 - [TEST_STEP][PASSED] - Statement - signmap = [:]: null

2018-03-05 16:49:22 - [TEST_STEP][PASSED] - cupakeysDl.initStart.initialStart: cupakeysDl.initStart.initialStart is PASSED

2018-03-05 16:49:22 - [MESSAGE][WARNING] - A browser is already opened. Closing browser and opening a new one

2018-03-05 16:49:25 - [MESSAGE][PASSED] - Browser is opened with url: ''

2018-03-05 16:49:28 - [MESSAGE][PASSED] - Delayed 3 second(s)

2018-03-05 16:49:29 - [MESSAGE][PASSED] - Navigate to 'https://d16a4dsnr8a0k1.cloudfront.net/en/2455233.html?price=150.00%20%E2%82%AC&partName=wilsonPartName&vin=wilsonVin&modelCode=XP11&paint=P0A94&modelDescription=wilsonModelDescription&additionalEquipment=wilsonAdditionalEquipment' successfully

2018-03-05 16:49:29 - [MESSAGE][PASSED] - Object 'Object Repository/CuPaDl/Loading_indicator' is visible

2018-03-05 16:49:36 - [MESSAGE][PASSED] - Object 'Object Repository/CuPaDl/Loading_indicator' is NOT visible

2018-03-05 16:49:37 - [MESSAGE][PASSED] - Delayed 1 second(s)

2018-03-05 16:49:37 - [MESSAGE][PASSED] - cupakeysDl.initStart.initialStart is PASSED

2018-03-05 16:49:37 - [TEST_STEP][PASSED] - Statement - (step++): null

2018-03-05 16:49:37 - [TEST_STEP][PASSED] - cupakeysDl.color.changecolor: cupakeysDl.color.changecolor is PASSED

2018-03-05 16:49:37 - [MESSAGE][PASSED] - Object 'Object Repository/CuPaDl/Color/Color' is visible

2018-03-05 16:49:37 - [MESSAGE][PASSED] - Object: 'Object Repository/CuPaDl/Color/Color' is clicked on

2018-03-05 16:49:37 - [MESSAGE][WARNING] - Timeout '0' is invalid. Using default page load timeout: '30'

2018-03-05 16:49:37 - [MESSAGE][PASSED] - Object 'Object Repository/CuPaDl/Color/Color_jetblack' is visible

2018-03-05 16:49:38 - [MESSAGE][PASSED] - Delayed 1 second(s)

2018-03-05 16:49:39 - [MESSAGE][PASSED] - Object: 'Object Repository/CuPaDl/Color/Color_jetblack' is clicked on

2018-03-05 16:49:40 - [MESSAGE][PASSED] - Object 'Object Repository/CuPaDl/Loading_indicator' is visible

2018-03-05 16:49:41 - [MESSAGE][PASSED] - Object 'Object Repository/CuPaDl/Loading_indicator' is NOT visible

2018-03-05 16:49:42 - [MESSAGE][PASSED] - Delayed 1 second(s)

2018-03-05 16:49:42 - [MESSAGE][PASSED] - cupakeysDl.color.changecolor is PASSED

2018-03-05 16:49:42 - [TEST_STEP][PASSED] - Statement - (step++): null

2018-03-05 16:49:42 - [TEST_STEP][FAILED] - Statement - iconmap += CustomKeywords.cupakeysDl.iconad.iconadd("australia", LoadTimeCorrector, step, run, device, timeStamp, iconcount): Unable to click on object 'Object Repository/CuPaDl/Icons/Icon_australia' (Root cause: org.openqa.selenium.ElementNotVisibleException: element not visible
  (Session info: headless chrome=64.0.3282.186)
  (Driver info: chromedriver=2.35.528161 (5b82f2d2aae0ca24b877009200ced9065a772e73),platform=Windows NT 10.0.16299 x86_64) (WARNING: The server did not provide any stacktrace information)
Command duration or timeout: 0 milliseconds
Build info: version: '3.7.1', revision: '8a0099a', time: '2017-11-06T21:07:36.161Z'
System info: host: 'DESKTOP-47R6KV7', ip: '192.168.100.78', os.name: 'Windows 10', os.arch: 'amd64', os.version: '10.0', java.version: '1.8.0_102'
Driver info: com.kms.katalon.selenium.driver.CChromeDriver
Capabilities {acceptInsecureCerts: false, acceptSslCerts: false, applicationCacheEnabled: false, browserConnectionEnabled: false, browserName: chrome, chrome: {chromedriverVersion: 2.35.528161 (5b82f2d2aae0ca..., userDataDir: C:\Users\MEGAPO~1\AppData\L...}, cssSelectorsEnabled: true, databaseEnabled: false, handlesAlerts: true, hasTouchScreen: false, javascriptEnabled: true, locationContextEnabled: true, mobileEmulationEnabled: false, nativeEvents: true, networkConnectionEnabled: false, pageLoadStrategy: normal, platform: XP, platformName: XP, rotatable: false, setWindowRect: true, takesHeapSnapshot: true, takesScreenshot: true, unexpectedAlertBehaviour: , unhandledPromptBehavior: , version: 64.0.3282.186, webStorageEnabled: true}
Session ID: 313d1d149c8434465103cac4fec231b3)

2018-03-05 16:49:42 - [MESSAGE][PASSED] - Object 'Object Repository/CuPaDl/Icons/Icon' is visible

2018-03-05 16:49:42 - [MESSAGE][PASSED] - Object: 'Object Repository/CuPaDl/Icons/Icon' is clicked on

2018-03-05 16:49:42 - [MESSAGE][WARNING] - Timeout '0' is invalid. Using default page load timeout: '30'

2018-03-05 16:50:12 - [MESSAGE][WARNING] - Object 'Object Repository/CuPaDl/Icons/Icon_australia' is not visible after 30 second(s)

2018-03-05 16:50:13 - [MESSAGE][PASSED] - Delayed 1 second(s)

2018-03-05 16:50:13 - [MESSAGE][FAILED] - Unable to click on object 'Object Repository/CuPaDl/Icons/Icon_australia' (Root cause: org.openqa.selenium.ElementNotVisibleException: element not visible
  (Session info: headless chrome=64.0.3282.186)
  (Driver info: chromedriver=2.35.528161 (5b82f2d2aae0ca24b877009200ced9065a772e73),platform=Windows NT 10.0.16299 x86_64) (WARNING: The server did not provide any stacktrace information)
Command duration or timeout: 0 milliseconds
Build info: version: '3.7.1', revision: '8a0099a', time: '2017-11-06T21:07:36.161Z'
System info: host: 'DESKTOP-47R6KV7', ip: '192.168.100.78', os.name: 'Windows 10', os.arch: 'amd64', os.version: '10.0', java.version: '1.8.0_102'
Driver info: com.kms.katalon.selenium.driver.CChromeDriver
Capabilities {acceptInsecureCerts: false, acceptSslCerts: false, applicationCacheEnabled: false, browserConnectionEnabled: false, browserName: chrome, chrome: {chromedriverVersion: 2.35.528161 (5b82f2d2aae0ca..., userDataDir: C:\Users\MEGAPO~1\AppData\L...}, cssSelectorsEnabled: true, databaseEnabled: false, handlesAlerts: true, hasTouchScreen: false, javascriptEnabled: true, locationContextEnabled: true, mobileEmulationEnabled: false, nativeEvents: true, networkConnectionEnabled: false, pageLoadStrategy: normal, platform: XP, platformName: XP, rotatable: false, setWindowRect: true, takesHeapSnapshot: true, takesScreenshot: true, unexpectedAlertBehaviour: , unhandledPromptBehavior: , version: 64.0.3282.186, webStorageEnabled: true}
Session ID: 313d1d149c8434465103cac4fec231b3)

2018-03-05 16:50:13 - [MESSAGE][FAILED] - Unable to click on object 'Object Repository/CuPaDl/Icons/Icon_australia' (Root cause: org.openqa.selenium.ElementNotVisibleException: element not visible
  (Session info: headless chrome=64.0.3282.186)
  (Driver info: chromedriver=2.35.528161 (5b82f2d2aae0ca24b877009200ced9065a772e73),platform=Windows NT 10.0.16299 x86_64) (WARNING: The server did not provide any stacktrace information)
Command duration or timeout: 0 milliseconds
Build info: version: '3.7.1', revision: '8a0099a', time: '2017-11-06T21:07:36.161Z'
System info: host: 'DESKTOP-47R6KV7', ip: '192.168.100.78', os.name: 'Windows 10', os.arch: 'amd64', os.version: '10.0', java.version: '1.8.0_102'
Driver info: com.kms.katalon.selenium.driver.CChromeDriver
Capabilities {acceptInsecureCerts: false, acceptSslCerts: false, applicationCacheEnabled: false, browserConnectionEnabled: false, browserName: chrome, chrome: {chromedriverVersion: 2.35.528161 (5b82f2d2aae0ca..., userDataDir: C:\Users\MEGAPO~1\AppData\L...}, cssSelectorsEnabled: true, databaseEnabled: false, handlesAlerts: true, hasTouchScreen: false, javascriptEnabled: true, locationContextEnabled: true, mobileEmulationEnabled: false, nativeEvents: true, networkConnectionEnabled: false, pageLoadStrategy: normal, platform: XP, platformName: XP, rotatable: false, setWindowRect: true, takesHeapSnapshot: true, takesScreenshot: true, unexpectedAlertBehaviour: , unhandledPromptBehavior: , version: 64.0.3282.186, webStorageEnabled: true}
Session ID: 313d1d149c8434465103cac4fec231b3)]]></system-out>
         <system-err><![CDATA[2018-03-05 16:49:22 - [TEST_CASE][FAILED] - Test Cases/CuPaStefanie/34: Test Cases/CuPaStefanie/34 FAILED because (of) Unable to click on object 'Object Repository/CuPaDl/Icons/Icon_australia' (Root cause: org.openqa.selenium.ElementNotVisibleException: element not visible
  (Session info: headless chrome=64.0.3282.186)
  (Driver info: chromedriver=2.35.528161 (5b82f2d2aae0ca24b877009200ced9065a772e73),platform=Windows NT 10.0.16299 x86_64) (WARNING: The server did not provide any stacktrace information)
Command duration or timeout: 0 milliseconds
Build info: version: '3.7.1', revision: '8a0099a', time: '2017-11-06T21:07:36.161Z'
System info: host: 'DESKTOP-47R6KV7', ip: '192.168.100.78', os.name: 'Windows 10', os.arch: 'amd64', os.version: '10.0', java.version: '1.8.0_102'
Driver info: com.kms.katalon.selenium.driver.CChromeDriver
Capabilities {acceptInsecureCerts: false, acceptSslCerts: false, applicationCacheEnabled: false, browserConnectionEnabled: false, browserName: chrome, chrome: {chromedriverVersion: 2.35.528161 (5b82f2d2aae0ca..., userDataDir: C:\Users\MEGAPO~1\AppData\L...}, cssSelectorsEnabled: true, databaseEnabled: false, handlesAlerts: true, hasTouchScreen: false, javascriptEnabled: true, locationContextEnabled: true, mobileEmulationEnabled: false, nativeEvents: true, networkConnectionEnabled: false, pageLoadStrategy: normal, platform: XP, platformName: XP, rotatable: false, setWindowRect: true, takesHeapSnapshot: true, takesScreenshot: true, unexpectedAlertBehaviour: , unhandledPromptBehavior: , version: 64.0.3282.186, webStorageEnabled: true}
Session ID: 313d1d149c8434465103cac4fec231b3)]]></system-err>
      </testcase>
      <testcase name="Test Cases/CuPaStefanie/35" classname="Test Cases/CuPaStefanie/35" status="FAILED">
         <failure type="FAILED" message="Unable to click on object 'Object Repository/CuPaDl/Icons/Icon_londoncircle' (Root cause: org.openqa.selenium.ElementNotVisibleException: element not visible
  (Session info: headless chrome=64.0.3282.186)
  (Driver info: chromedriver=2.35.528161 (5b82f2d2aae0ca24b877009200ced9065a772e73),platform=Windows NT 10.0.16299 x86_64) (WARNING: The server did not provide any stacktrace information)
Command duration or timeout: 0 milliseconds
Build info: version: '3.7.1', revision: '8a0099a', time: '2017-11-06T21:07:36.161Z'
System info: host: 'DESKTOP-47R6KV7', ip: '192.168.100.78', os.name: 'Windows 10', os.arch: 'amd64', os.version: '10.0', java.version: '1.8.0_102'
Driver info: com.kms.katalon.selenium.driver.CChromeDriver
Capabilities {acceptInsecureCerts: false, acceptSslCerts: false, applicationCacheEnabled: false, browserConnectionEnabled: false, browserName: chrome, chrome: {chromedriverVersion: 2.35.528161 (5b82f2d2aae0ca..., userDataDir: C:\Users\MEGAPO~1\AppData\L...}, cssSelectorsEnabled: true, databaseEnabled: false, handlesAlerts: true, hasTouchScreen: false, javascriptEnabled: true, locationContextEnabled: true, mobileEmulationEnabled: false, nativeEvents: true, networkConnectionEnabled: false, pageLoadStrategy: normal, platform: XP, platformName: XP, rotatable: false, setWindowRect: true, takesHeapSnapshot: true, takesScreenshot: true, unexpectedAlertBehaviour: , unhandledPromptBehavior: , version: 64.0.3282.186, webStorageEnabled: true}
Session ID: 8eb704ef0a90ea1d50a06d5ece6fb034)"/>
         <system-out><![CDATA[2018-03-05 16:50:13 - [TEST_CASE][FAILED] - Test Cases/CuPaStefanie/35: Test Cases/CuPaStefanie/35 FAILED because (of) Unable to click on object 'Object Repository/CuPaDl/Icons/Icon_londoncircle' (Root cause: org.openqa.selenium.ElementNotVisibleException: element not visible
  (Session info: headless chrome=64.0.3282.186)
  (Driver info: chromedriver=2.35.528161 (5b82f2d2aae0ca24b877009200ced9065a772e73),platform=Windows NT 10.0.16299 x86_64) (WARNING: The server did not provide any stacktrace information)
Command duration or timeout: 0 milliseconds
Build info: version: '3.7.1', revision: '8a0099a', time: '2017-11-06T21:07:36.161Z'
System info: host: 'DESKTOP-47R6KV7', ip: '192.168.100.78', os.name: 'Windows 10', os.arch: 'amd64', os.version: '10.0', java.version: '1.8.0_102'
Driver info: com.kms.katalon.selenium.driver.CChromeDriver
Capabilities {acceptInsecureCerts: false, acceptSslCerts: false, applicationCacheEnabled: false, browserConnectionEnabled: false, browserName: chrome, chrome: {chromedriverVersion: 2.35.528161 (5b82f2d2aae0ca..., userDataDir: C:\Users\MEGAPO~1\AppData\L...}, cssSelectorsEnabled: true, databaseEnabled: false, handlesAlerts: true, hasTouchScreen: false, javascriptEnabled: true, locationContextEnabled: true, mobileEmulationEnabled: false, nativeEvents: true, networkConnectionEnabled: false, pageLoadStrategy: normal, platform: XP, platformName: XP, rotatable: false, setWindowRect: true, takesHeapSnapshot: true, takesScreenshot: true, unexpectedAlertBehaviour: , unhandledPromptBehavior: , version: 64.0.3282.186, webStorageEnabled: true}
Session ID: 8eb704ef0a90ea1d50a06d5ece6fb034)

2018-03-05 16:50:13 - [TEST_STEP][PASSED] - Statement - timeStamp = new java.text.SimpleDateFormat(dd.MM.yyyy).format(java.util.Calendar.getInstance().getTime()): null

2018-03-05 16:50:13 - [TEST_STEP][PASSED] - Statement - timeStampScreenshot = new java.text.SimpleDateFormat(dd.MM.yyyy).format(java.util.Calendar.getInstance().getTime()): null

2018-03-05 16:50:13 - [TEST_STEP][PASSED] - Statement - iconmap = [:]: null

2018-03-05 16:50:13 - [TEST_STEP][PASSED] - Statement - txtmap = [:]: null

2018-03-05 16:50:13 - [TEST_STEP][PASSED] - Statement - signmap = [:]: null

2018-03-05 16:50:13 - [TEST_STEP][PASSED] - cupakeysDl.initStart.initialStart: cupakeysDl.initStart.initialStart is PASSED

2018-03-05 16:50:13 - [MESSAGE][WARNING] - A browser is already opened. Closing browser and opening a new one

2018-03-05 16:50:16 - [MESSAGE][PASSED] - Browser is opened with url: ''

2018-03-05 16:50:19 - [MESSAGE][PASSED] - Delayed 3 second(s)

2018-03-05 16:50:20 - [MESSAGE][PASSED] - Navigate to 'https://d16a4dsnr8a0k1.cloudfront.net/en/2455233.html?price=150.00%20%E2%82%AC&partName=wilsonPartName&vin=wilsonVin&modelCode=XP11&paint=P0A94&modelDescription=wilsonModelDescription&additionalEquipment=wilsonAdditionalEquipment' successfully

2018-03-05 16:50:20 - [MESSAGE][PASSED] - Object 'Object Repository/CuPaDl/Loading_indicator' is visible

2018-03-05 16:50:28 - [MESSAGE][PASSED] - Object 'Object Repository/CuPaDl/Loading_indicator' is NOT visible

2018-03-05 16:50:29 - [MESSAGE][PASSED] - Delayed 1 second(s)

2018-03-05 16:50:29 - [MESSAGE][PASSED] - cupakeysDl.initStart.initialStart is PASSED

2018-03-05 16:50:29 - [TEST_STEP][PASSED] - Statement - (step++): null

2018-03-05 16:50:29 - [TEST_STEP][PASSED] - cupakeysDl.color.changecolor: cupakeysDl.color.changecolor is PASSED

2018-03-05 16:50:29 - [MESSAGE][PASSED] - Object 'Object Repository/CuPaDl/Color/Color' is visible

2018-03-05 16:50:29 - [MESSAGE][PASSED] - Object: 'Object Repository/CuPaDl/Color/Color' is clicked on

2018-03-05 16:50:29 - [MESSAGE][WARNING] - Timeout '0' is invalid. Using default page load timeout: '30'

2018-03-05 16:50:29 - [MESSAGE][PASSED] - Object 'Object Repository/CuPaDl/Color/Color_nightlightblue' is visible

2018-03-05 16:50:30 - [MESSAGE][PASSED] - Delayed 1 second(s)

2018-03-05 16:50:30 - [MESSAGE][PASSED] - Object: 'Object Repository/CuPaDl/Color/Color_nightlightblue' is clicked on

2018-03-05 16:50:33 - [MESSAGE][WARNING] - Object 'Object Repository/CuPaDl/Loading_indicator' is not visible after 3 second(s)

2018-03-05 16:50:34 - [MESSAGE][PASSED] - Delayed 1 second(s)

2018-03-05 16:50:34 - [MESSAGE][PASSED] - cupakeysDl.color.changecolor is PASSED

2018-03-05 16:50:34 - [TEST_STEP][PASSED] - Statement - (step++): null

2018-03-05 16:50:34 - [TEST_STEP][FAILED] - Statement - iconmap += CustomKeywords.cupakeysDl.iconad.iconadd("londoncircle", LoadTimeCorrector, step, run, device, timeStamp, iconcount): Unable to click on object 'Object Repository/CuPaDl/Icons/Icon_londoncircle' (Root cause: org.openqa.selenium.ElementNotVisibleException: element not visible
  (Session info: headless chrome=64.0.3282.186)
  (Driver info: chromedriver=2.35.528161 (5b82f2d2aae0ca24b877009200ced9065a772e73),platform=Windows NT 10.0.16299 x86_64) (WARNING: The server did not provide any stacktrace information)
Command duration or timeout: 0 milliseconds
Build info: version: '3.7.1', revision: '8a0099a', time: '2017-11-06T21:07:36.161Z'
System info: host: 'DESKTOP-47R6KV7', ip: '192.168.100.78', os.name: 'Windows 10', os.arch: 'amd64', os.version: '10.0', java.version: '1.8.0_102'
Driver info: com.kms.katalon.selenium.driver.CChromeDriver
Capabilities {acceptInsecureCerts: false, acceptSslCerts: false, applicationCacheEnabled: false, browserConnectionEnabled: false, browserName: chrome, chrome: {chromedriverVersion: 2.35.528161 (5b82f2d2aae0ca..., userDataDir: C:\Users\MEGAPO~1\AppData\L...}, cssSelectorsEnabled: true, databaseEnabled: false, handlesAlerts: true, hasTouchScreen: false, javascriptEnabled: true, locationContextEnabled: true, mobileEmulationEnabled: false, nativeEvents: true, networkConnectionEnabled: false, pageLoadStrategy: normal, platform: XP, platformName: XP, rotatable: false, setWindowRect: true, takesHeapSnapshot: true, takesScreenshot: true, unexpectedAlertBehaviour: , unhandledPromptBehavior: , version: 64.0.3282.186, webStorageEnabled: true}
Session ID: 8eb704ef0a90ea1d50a06d5ece6fb034)

2018-03-05 16:50:34 - [MESSAGE][PASSED] - Object 'Object Repository/CuPaDl/Icons/Icon' is visible

2018-03-05 16:50:34 - [MESSAGE][PASSED] - Object: 'Object Repository/CuPaDl/Icons/Icon' is clicked on

2018-03-05 16:50:34 - [MESSAGE][WARNING] - Timeout '0' is invalid. Using default page load timeout: '30'

2018-03-05 16:51:04 - [MESSAGE][WARNING] - Object 'Object Repository/CuPaDl/Icons/Icon_londoncircle' is not visible after 30 second(s)

2018-03-05 16:51:05 - [MESSAGE][PASSED] - Delayed 1 second(s)

2018-03-05 16:51:05 - [MESSAGE][FAILED] - Unable to click on object 'Object Repository/CuPaDl/Icons/Icon_londoncircle' (Root cause: org.openqa.selenium.ElementNotVisibleException: element not visible
  (Session info: headless chrome=64.0.3282.186)
  (Driver info: chromedriver=2.35.528161 (5b82f2d2aae0ca24b877009200ced9065a772e73),platform=Windows NT 10.0.16299 x86_64) (WARNING: The server did not provide any stacktrace information)
Command duration or timeout: 0 milliseconds
Build info: version: '3.7.1', revision: '8a0099a', time: '2017-11-06T21:07:36.161Z'
System info: host: 'DESKTOP-47R6KV7', ip: '192.168.100.78', os.name: 'Windows 10', os.arch: 'amd64', os.version: '10.0', java.version: '1.8.0_102'
Driver info: com.kms.katalon.selenium.driver.CChromeDriver
Capabilities {acceptInsecureCerts: false, acceptSslCerts: false, applicationCacheEnabled: false, browserConnectionEnabled: false, browserName: chrome, chrome: {chromedriverVersion: 2.35.528161 (5b82f2d2aae0ca..., userDataDir: C:\Users\MEGAPO~1\AppData\L...}, cssSelectorsEnabled: true, databaseEnabled: false, handlesAlerts: true, hasTouchScreen: false, javascriptEnabled: true, locationContextEnabled: true, mobileEmulationEnabled: false, nativeEvents: true, networkConnectionEnabled: false, pageLoadStrategy: normal, platform: XP, platformName: XP, rotatable: false, setWindowRect: true, takesHeapSnapshot: true, takesScreenshot: true, unexpectedAlertBehaviour: , unhandledPromptBehavior: , version: 64.0.3282.186, webStorageEnabled: true}
Session ID: 8eb704ef0a90ea1d50a06d5ece6fb034)

2018-03-05 16:51:05 - [MESSAGE][FAILED] - Unable to click on object 'Object Repository/CuPaDl/Icons/Icon_londoncircle' (Root cause: org.openqa.selenium.ElementNotVisibleException: element not visible
  (Session info: headless chrome=64.0.3282.186)
  (Driver info: chromedriver=2.35.528161 (5b82f2d2aae0ca24b877009200ced9065a772e73),platform=Windows NT 10.0.16299 x86_64) (WARNING: The server did not provide any stacktrace information)
Command duration or timeout: 0 milliseconds
Build info: version: '3.7.1', revision: '8a0099a', time: '2017-11-06T21:07:36.161Z'
System info: host: 'DESKTOP-47R6KV7', ip: '192.168.100.78', os.name: 'Windows 10', os.arch: 'amd64', os.version: '10.0', java.version: '1.8.0_102'
Driver info: com.kms.katalon.selenium.driver.CChromeDriver
Capabilities {acceptInsecureCerts: false, acceptSslCerts: false, applicationCacheEnabled: false, browserConnectionEnabled: false, browserName: chrome, chrome: {chromedriverVersion: 2.35.528161 (5b82f2d2aae0ca..., userDataDir: C:\Users\MEGAPO~1\AppData\L...}, cssSelectorsEnabled: true, databaseEnabled: false, handlesAlerts: true, hasTouchScreen: false, javascriptEnabled: true, locationContextEnabled: true, mobileEmulationEnabled: false, nativeEvents: true, networkConnectionEnabled: false, pageLoadStrategy: normal, platform: XP, platformName: XP, rotatable: false, setWindowRect: true, takesHeapSnapshot: true, takesScreenshot: true, unexpectedAlertBehaviour: , unhandledPromptBehavior: , version: 64.0.3282.186, webStorageEnabled: true}
Session ID: 8eb704ef0a90ea1d50a06d5ece6fb034)]]></system-out>
         <system-err><![CDATA[2018-03-05 16:50:13 - [TEST_CASE][FAILED] - Test Cases/CuPaStefanie/35: Test Cases/CuPaStefanie/35 FAILED because (of) Unable to click on object 'Object Repository/CuPaDl/Icons/Icon_londoncircle' (Root cause: org.openqa.selenium.ElementNotVisibleException: element not visible
  (Session info: headless chrome=64.0.3282.186)
  (Driver info: chromedriver=2.35.528161 (5b82f2d2aae0ca24b877009200ced9065a772e73),platform=Windows NT 10.0.16299 x86_64) (WARNING: The server did not provide any stacktrace information)
Command duration or timeout: 0 milliseconds
Build info: version: '3.7.1', revision: '8a0099a', time: '2017-11-06T21:07:36.161Z'
System info: host: 'DESKTOP-47R6KV7', ip: '192.168.100.78', os.name: 'Windows 10', os.arch: 'amd64', os.version: '10.0', java.version: '1.8.0_102'
Driver info: com.kms.katalon.selenium.driver.CChromeDriver
Capabilities {acceptInsecureCerts: false, acceptSslCerts: false, applicationCacheEnabled: false, browserConnectionEnabled: false, browserName: chrome, chrome: {chromedriverVersion: 2.35.528161 (5b82f2d2aae0ca..., userDataDir: C:\Users\MEGAPO~1\AppData\L...}, cssSelectorsEnabled: true, databaseEnabled: false, handlesAlerts: true, hasTouchScreen: false, javascriptEnabled: true, locationContextEnabled: true, mobileEmulationEnabled: false, nativeEvents: true, networkConnectionEnabled: false, pageLoadStrategy: normal, platform: XP, platformName: XP, rotatable: false, setWindowRect: true, takesHeapSnapshot: true, takesScreenshot: true, unexpectedAlertBehaviour: , unhandledPromptBehavior: , version: 64.0.3282.186, webStorageEnabled: true}
Session ID: 8eb704ef0a90ea1d50a06d5ece6fb034)]]></system-err>
      </testcase>
      <testcase name="Test Cases/CuPaStefanie/36" classname="Test Cases/CuPaStefanie/36" status="FAILED">
         <failure type="FAILED" message="Unable to click on object 'Object Repository/CuPaDl/Icons/Icon_londoncircle' (Root cause: org.openqa.selenium.ElementNotVisibleException: element not visible
  (Session info: headless chrome=64.0.3282.186)
  (Driver info: chromedriver=2.35.528161 (5b82f2d2aae0ca24b877009200ced9065a772e73),platform=Windows NT 10.0.16299 x86_64) (WARNING: The server did not provide any stacktrace information)
Command duration or timeout: 0 milliseconds
Build info: version: '3.7.1', revision: '8a0099a', time: '2017-11-06T21:07:36.161Z'
System info: host: 'DESKTOP-47R6KV7', ip: '192.168.100.78', os.name: 'Windows 10', os.arch: 'amd64', os.version: '10.0', java.version: '1.8.0_102'
Driver info: com.kms.katalon.selenium.driver.CChromeDriver
Capabilities {acceptInsecureCerts: false, acceptSslCerts: false, applicationCacheEnabled: false, browserConnectionEnabled: false, browserName: chrome, chrome: {chromedriverVersion: 2.35.528161 (5b82f2d2aae0ca..., userDataDir: C:\Users\MEGAPO~1\AppData\L...}, cssSelectorsEnabled: true, databaseEnabled: false, handlesAlerts: true, hasTouchScreen: false, javascriptEnabled: true, locationContextEnabled: true, mobileEmulationEnabled: false, nativeEvents: true, networkConnectionEnabled: false, pageLoadStrategy: normal, platform: XP, platformName: XP, rotatable: false, setWindowRect: true, takesHeapSnapshot: true, takesScreenshot: true, unexpectedAlertBehaviour: , unhandledPromptBehavior: , version: 64.0.3282.186, webStorageEnabled: true}
Session ID: c271b407178cf5f25c6f003e88d84065)"/>
         <system-out><![CDATA[2018-03-05 16:51:05 - [TEST_CASE][FAILED] - Test Cases/CuPaStefanie/36: Test Cases/CuPaStefanie/36 FAILED because (of) Unable to click on object 'Object Repository/CuPaDl/Icons/Icon_londoncircle' (Root cause: org.openqa.selenium.ElementNotVisibleException: element not visible
  (Session info: headless chrome=64.0.3282.186)
  (Driver info: chromedriver=2.35.528161 (5b82f2d2aae0ca24b877009200ced9065a772e73),platform=Windows NT 10.0.16299 x86_64) (WARNING: The server did not provide any stacktrace information)
Command duration or timeout: 0 milliseconds
Build info: version: '3.7.1', revision: '8a0099a', time: '2017-11-06T21:07:36.161Z'
System info: host: 'DESKTOP-47R6KV7', ip: '192.168.100.78', os.name: 'Windows 10', os.arch: 'amd64', os.version: '10.0', java.version: '1.8.0_102'
Driver info: com.kms.katalon.selenium.driver.CChromeDriver
Capabilities {acceptInsecureCerts: false, acceptSslCerts: false, applicationCacheEnabled: false, browserConnectionEnabled: false, browserName: chrome, chrome: {chromedriverVersion: 2.35.528161 (5b82f2d2aae0ca..., userDataDir: C:\Users\MEGAPO~1\AppData\L...}, cssSelectorsEnabled: true, databaseEnabled: false, handlesAlerts: true, hasTouchScreen: false, javascriptEnabled: true, locationContextEnabled: true, mobileEmulationEnabled: false, nativeEvents: true, networkConnectionEnabled: false, pageLoadStrategy: normal, platform: XP, platformName: XP, rotatable: false, setWindowRect: true, takesHeapSnapshot: true, takesScreenshot: true, unexpectedAlertBehaviour: , unhandledPromptBehavior: , version: 64.0.3282.186, webStorageEnabled: true}
Session ID: c271b407178cf5f25c6f003e88d84065)

2018-03-05 16:51:05 - [TEST_STEP][PASSED] - Statement - timeStamp = new java.text.SimpleDateFormat(dd.MM.yyyy).format(java.util.Calendar.getInstance().getTime()): null

2018-03-05 16:51:05 - [TEST_STEP][PASSED] - Statement - timeStampScreenshot = new java.text.SimpleDateFormat(dd.MM.yyyy).format(java.util.Calendar.getInstance().getTime()): null

2018-03-05 16:51:05 - [TEST_STEP][PASSED] - Statement - iconmap = [:]: null

2018-03-05 16:51:05 - [TEST_STEP][PASSED] - Statement - txtmap = [:]: null

2018-03-05 16:51:05 - [TEST_STEP][PASSED] - Statement - signmap = [:]: null

2018-03-05 16:51:05 - [TEST_STEP][PASSED] - cupakeysDl.initStart.initialStart: cupakeysDl.initStart.initialStart is PASSED

2018-03-05 16:51:05 - [MESSAGE][WARNING] - A browser is already opened. Closing browser and opening a new one

2018-03-05 16:51:08 - [MESSAGE][PASSED] - Browser is opened with url: ''

2018-03-05 16:51:11 - [MESSAGE][PASSED] - Delayed 3 second(s)

2018-03-05 16:51:12 - [MESSAGE][PASSED] - Navigate to 'https://d16a4dsnr8a0k1.cloudfront.net/en/2455233.html?price=150.00%20%E2%82%AC&partName=wilsonPartName&vin=wilsonVin&modelCode=XP11&paint=P0A94&modelDescription=wilsonModelDescription&additionalEquipment=wilsonAdditionalEquipment' successfully

2018-03-05 16:51:12 - [MESSAGE][PASSED] - Object 'Object Repository/CuPaDl/Loading_indicator' is visible

2018-03-05 16:51:20 - [MESSAGE][PASSED] - Object 'Object Repository/CuPaDl/Loading_indicator' is NOT visible

2018-03-05 16:51:21 - [MESSAGE][PASSED] - Delayed 1 second(s)

2018-03-05 16:51:21 - [MESSAGE][PASSED] - cupakeysDl.initStart.initialStart is PASSED

2018-03-05 16:51:21 - [TEST_STEP][PASSED] - Statement - (step++): null

2018-03-05 16:51:21 - [TEST_STEP][PASSED] - cupakeysDl.color.changecolor: cupakeysDl.color.changecolor is PASSED

2018-03-05 16:51:21 - [MESSAGE][PASSED] - Object 'Object Repository/CuPaDl/Color/Color' is visible

2018-03-05 16:51:21 - [MESSAGE][PASSED] - Object: 'Object Repository/CuPaDl/Color/Color' is clicked on

2018-03-05 16:51:21 - [MESSAGE][WARNING] - Timeout '0' is invalid. Using default page load timeout: '30'

2018-03-05 16:51:21 - [MESSAGE][PASSED] - Object 'Object Repository/CuPaDl/Color/Color_moonwalkgrey' is visible

2018-03-05 16:51:22 - [MESSAGE][PASSED] - Delayed 1 second(s)

2018-03-05 16:51:22 - [MESSAGE][PASSED] - Object: 'Object Repository/CuPaDl/Color/Color_moonwalkgrey' is clicked on

2018-03-05 16:51:23 - [MESSAGE][PASSED] - Object 'Object Repository/CuPaDl/Loading_indicator' is visible

2018-03-05 16:51:24 - [MESSAGE][PASSED] - Object 'Object Repository/CuPaDl/Loading_indicator' is NOT visible

2018-03-05 16:51:25 - [MESSAGE][PASSED] - Delayed 1 second(s)

2018-03-05 16:51:25 - [MESSAGE][PASSED] - cupakeysDl.color.changecolor is PASSED

2018-03-05 16:51:25 - [TEST_STEP][PASSED] - Statement - (step++): null

2018-03-05 16:51:25 - [TEST_STEP][FAILED] - Statement - iconmap += CustomKeywords.cupakeysDl.iconad.iconadd("londoncircle", LoadTimeCorrector, step, run, device, timeStamp, iconcount): Unable to click on object 'Object Repository/CuPaDl/Icons/Icon_londoncircle' (Root cause: org.openqa.selenium.ElementNotVisibleException: element not visible
  (Session info: headless chrome=64.0.3282.186)
  (Driver info: chromedriver=2.35.528161 (5b82f2d2aae0ca24b877009200ced9065a772e73),platform=Windows NT 10.0.16299 x86_64) (WARNING: The server did not provide any stacktrace information)
Command duration or timeout: 0 milliseconds
Build info: version: '3.7.1', revision: '8a0099a', time: '2017-11-06T21:07:36.161Z'
System info: host: 'DESKTOP-47R6KV7', ip: '192.168.100.78', os.name: 'Windows 10', os.arch: 'amd64', os.version: '10.0', java.version: '1.8.0_102'
Driver info: com.kms.katalon.selenium.driver.CChromeDriver
Capabilities {acceptInsecureCerts: false, acceptSslCerts: false, applicationCacheEnabled: false, browserConnectionEnabled: false, browserName: chrome, chrome: {chromedriverVersion: 2.35.528161 (5b82f2d2aae0ca..., userDataDir: C:\Users\MEGAPO~1\AppData\L...}, cssSelectorsEnabled: true, databaseEnabled: false, handlesAlerts: true, hasTouchScreen: false, javascriptEnabled: true, locationContextEnabled: true, mobileEmulationEnabled: false, nativeEvents: true, networkConnectionEnabled: false, pageLoadStrategy: normal, platform: XP, platformName: XP, rotatable: false, setWindowRect: true, takesHeapSnapshot: true, takesScreenshot: true, unexpectedAlertBehaviour: , unhandledPromptBehavior: , version: 64.0.3282.186, webStorageEnabled: true}
Session ID: c271b407178cf5f25c6f003e88d84065)

2018-03-05 16:51:25 - [MESSAGE][PASSED] - Object 'Object Repository/CuPaDl/Icons/Icon' is visible

2018-03-05 16:51:25 - [MESSAGE][PASSED] - Object: 'Object Repository/CuPaDl/Icons/Icon' is clicked on

2018-03-05 16:51:25 - [MESSAGE][WARNING] - Timeout '0' is invalid. Using default page load timeout: '30'

2018-03-05 16:51:56 - [MESSAGE][WARNING] - Object 'Object Repository/CuPaDl/Icons/Icon_londoncircle' is not visible after 30 second(s)

2018-03-05 16:51:57 - [MESSAGE][PASSED] - Delayed 1 second(s)

2018-03-05 16:51:57 - [MESSAGE][FAILED] - Unable to click on object 'Object Repository/CuPaDl/Icons/Icon_londoncircle' (Root cause: org.openqa.selenium.ElementNotVisibleException: element not visible
  (Session info: headless chrome=64.0.3282.186)
  (Driver info: chromedriver=2.35.528161 (5b82f2d2aae0ca24b877009200ced9065a772e73),platform=Windows NT 10.0.16299 x86_64) (WARNING: The server did not provide any stacktrace information)
Command duration or timeout: 0 milliseconds
Build info: version: '3.7.1', revision: '8a0099a', time: '2017-11-06T21:07:36.161Z'
System info: host: 'DESKTOP-47R6KV7', ip: '192.168.100.78', os.name: 'Windows 10', os.arch: 'amd64', os.version: '10.0', java.version: '1.8.0_102'
Driver info: com.kms.katalon.selenium.driver.CChromeDriver
Capabilities {acceptInsecureCerts: false, acceptSslCerts: false, applicationCacheEnabled: false, browserConnectionEnabled: false, browserName: chrome, chrome: {chromedriverVersion: 2.35.528161 (5b82f2d2aae0ca..., userDataDir: C:\Users\MEGAPO~1\AppData\L...}, cssSelectorsEnabled: true, databaseEnabled: false, handlesAlerts: true, hasTouchScreen: false, javascriptEnabled: true, locationContextEnabled: true, mobileEmulationEnabled: false, nativeEvents: true, networkConnectionEnabled: false, pageLoadStrategy: normal, platform: XP, platformName: XP, rotatable: false, setWindowRect: true, takesHeapSnapshot: true, takesScreenshot: true, unexpectedAlertBehaviour: , unhandledPromptBehavior: , version: 64.0.3282.186, webStorageEnabled: true}
Session ID: c271b407178cf5f25c6f003e88d84065)

2018-03-05 16:51:57 - [MESSAGE][FAILED] - Unable to click on object 'Object Repository/CuPaDl/Icons/Icon_londoncircle' (Root cause: org.openqa.selenium.ElementNotVisibleException: element not visible
  (Session info: headless chrome=64.0.3282.186)
  (Driver info: chromedriver=2.35.528161 (5b82f2d2aae0ca24b877009200ced9065a772e73),platform=Windows NT 10.0.16299 x86_64) (WARNING: The server did not provide any stacktrace information)
Command duration or timeout: 0 milliseconds
Build info: version: '3.7.1', revision: '8a0099a', time: '2017-11-06T21:07:36.161Z'
System info: host: 'DESKTOP-47R6KV7', ip: '192.168.100.78', os.name: 'Windows 10', os.arch: 'amd64', os.version: '10.0', java.version: '1.8.0_102'
Driver info: com.kms.katalon.selenium.driver.CChromeDriver
Capabilities {acceptInsecureCerts: false, acceptSslCerts: false, applicationCacheEnabled: false, browserConnectionEnabled: false, browserName: chrome, chrome: {chromedriverVersion: 2.35.528161 (5b82f2d2aae0ca..., userDataDir: C:\Users\MEGAPO~1\AppData\L...}, cssSelectorsEnabled: true, databaseEnabled: false, handlesAlerts: true, hasTouchScreen: false, javascriptEnabled: true, locationContextEnabled: true, mobileEmulationEnabled: false, nativeEvents: true, networkConnectionEnabled: false, pageLoadStrategy: normal, platform: XP, platformName: XP, rotatable: false, setWindowRect: true, takesHeapSnapshot: true, takesScreenshot: true, unexpectedAlertBehaviour: , unhandledPromptBehavior: , version: 64.0.3282.186, webStorageEnabled: true}
Session ID: c271b407178cf5f25c6f003e88d84065)]]></system-out>
         <system-err><![CDATA[2018-03-05 16:51:05 - [TEST_CASE][FAILED] - Test Cases/CuPaStefanie/36: Test Cases/CuPaStefanie/36 FAILED because (of) Unable to click on object 'Object Repository/CuPaDl/Icons/Icon_londoncircle' (Root cause: org.openqa.selenium.ElementNotVisibleException: element not visible
  (Session info: headless chrome=64.0.3282.186)
  (Driver info: chromedriver=2.35.528161 (5b82f2d2aae0ca24b877009200ced9065a772e73),platform=Windows NT 10.0.16299 x86_64) (WARNING: The server did not provide any stacktrace information)
Command duration or timeout: 0 milliseconds
Build info: version: '3.7.1', revision: '8a0099a', time: '2017-11-06T21:07:36.161Z'
System info: host: 'DESKTOP-47R6KV7', ip: '192.168.100.78', os.name: 'Windows 10', os.arch: 'amd64', os.version: '10.0', java.version: '1.8.0_102'
Driver info: com.kms.katalon.selenium.driver.CChromeDriver
Capabilities {acceptInsecureCerts: false, acceptSslCerts: false, applicationCacheEnabled: false, browserConnectionEnabled: false, browserName: chrome, chrome: {chromedriverVersion: 2.35.528161 (5b82f2d2aae0ca..., userDataDir: C:\Users\MEGAPO~1\AppData\L...}, cssSelectorsEnabled: true, databaseEnabled: false, handlesAlerts: true, hasTouchScreen: false, javascriptEnabled: true, locationContextEnabled: true, mobileEmulationEnabled: false, nativeEvents: true, networkConnectionEnabled: false, pageLoadStrategy: normal, platform: XP, platformName: XP, rotatable: false, setWindowRect: true, takesHeapSnapshot: true, takesScreenshot: true, unexpectedAlertBehaviour: , unhandledPromptBehavior: , version: 64.0.3282.186, webStorageEnabled: true}
Session ID: c271b407178cf5f25c6f003e88d84065)]]></system-err>
      </testcase>
      <testcase name="Test Cases/CuPaStefanie/37" classname="Test Cases/CuPaStefanie/37" status="FAILED">
         <failure type="FAILED" message="Unable to click on object 'Object Repository/CuPaDl/Icons/Icon_mountain' (Root cause: org.openqa.selenium.ElementNotVisibleException: element not visible
  (Session info: headless chrome=64.0.3282.186)
  (Driver info: chromedriver=2.35.528161 (5b82f2d2aae0ca24b877009200ced9065a772e73),platform=Windows NT 10.0.16299 x86_64) (WARNING: The server did not provide any stacktrace information)
Command duration or timeout: 0 milliseconds
Build info: version: '3.7.1', revision: '8a0099a', time: '2017-11-06T21:07:36.161Z'
System info: host: 'DESKTOP-47R6KV7', ip: '192.168.100.78', os.name: 'Windows 10', os.arch: 'amd64', os.version: '10.0', java.version: '1.8.0_102'
Driver info: com.kms.katalon.selenium.driver.CChromeDriver
Capabilities {acceptInsecureCerts: false, acceptSslCerts: false, applicationCacheEnabled: false, browserConnectionEnabled: false, browserName: chrome, chrome: {chromedriverVersion: 2.35.528161 (5b82f2d2aae0ca..., userDataDir: C:\Users\MEGAPO~1\AppData\L...}, cssSelectorsEnabled: true, databaseEnabled: false, handlesAlerts: true, hasTouchScreen: false, javascriptEnabled: true, locationContextEnabled: true, mobileEmulationEnabled: false, nativeEvents: true, networkConnectionEnabled: false, pageLoadStrategy: normal, platform: XP, platformName: XP, rotatable: false, setWindowRect: true, takesHeapSnapshot: true, takesScreenshot: true, unexpectedAlertBehaviour: , unhandledPromptBehavior: , version: 64.0.3282.186, webStorageEnabled: true}
Session ID: 43388ea6d659587d603e9de4ff2e0c8b)"/>
         <system-out><![CDATA[2018-03-05 16:51:57 - [TEST_CASE][FAILED] - Test Cases/CuPaStefanie/37: Test Cases/CuPaStefanie/37 FAILED because (of) Unable to click on object 'Object Repository/CuPaDl/Icons/Icon_mountain' (Root cause: org.openqa.selenium.ElementNotVisibleException: element not visible
  (Session info: headless chrome=64.0.3282.186)
  (Driver info: chromedriver=2.35.528161 (5b82f2d2aae0ca24b877009200ced9065a772e73),platform=Windows NT 10.0.16299 x86_64) (WARNING: The server did not provide any stacktrace information)
Command duration or timeout: 0 milliseconds
Build info: version: '3.7.1', revision: '8a0099a', time: '2017-11-06T21:07:36.161Z'
System info: host: 'DESKTOP-47R6KV7', ip: '192.168.100.78', os.name: 'Windows 10', os.arch: 'amd64', os.version: '10.0', java.version: '1.8.0_102'
Driver info: com.kms.katalon.selenium.driver.CChromeDriver
Capabilities {acceptInsecureCerts: false, acceptSslCerts: false, applicationCacheEnabled: false, browserConnectionEnabled: false, browserName: chrome, chrome: {chromedriverVersion: 2.35.528161 (5b82f2d2aae0ca..., userDataDir: C:\Users\MEGAPO~1\AppData\L...}, cssSelectorsEnabled: true, databaseEnabled: false, handlesAlerts: true, hasTouchScreen: false, javascriptEnabled: true, locationContextEnabled: true, mobileEmulationEnabled: false, nativeEvents: true, networkConnectionEnabled: false, pageLoadStrategy: normal, platform: XP, platformName: XP, rotatable: false, setWindowRect: true, takesHeapSnapshot: true, takesScreenshot: true, unexpectedAlertBehaviour: , unhandledPromptBehavior: , version: 64.0.3282.186, webStorageEnabled: true}
Session ID: 43388ea6d659587d603e9de4ff2e0c8b)

2018-03-05 16:51:57 - [TEST_STEP][PASSED] - Statement - timeStamp = new java.text.SimpleDateFormat(dd.MM.yyyy).format(java.util.Calendar.getInstance().getTime()): null

2018-03-05 16:51:57 - [TEST_STEP][PASSED] - Statement - timeStampScreenshot = new java.text.SimpleDateFormat(dd.MM.yyyy).format(java.util.Calendar.getInstance().getTime()): null

2018-03-05 16:51:57 - [TEST_STEP][PASSED] - Statement - iconmap = [:]: null

2018-03-05 16:51:57 - [TEST_STEP][PASSED] - Statement - txtmap = [:]: null

2018-03-05 16:51:57 - [TEST_STEP][PASSED] - Statement - signmap = [:]: null

2018-03-05 16:51:57 - [TEST_STEP][PASSED] - cupakeysDl.initStart.initialStart: cupakeysDl.initStart.initialStart is PASSED

2018-03-05 16:51:57 - [MESSAGE][WARNING] - A browser is already opened. Closing browser and opening a new one

2018-03-05 16:51:59 - [MESSAGE][PASSED] - Browser is opened with url: ''

2018-03-05 16:52:02 - [MESSAGE][PASSED] - Delayed 3 second(s)

2018-03-05 16:52:04 - [MESSAGE][PASSED] - Navigate to 'https://d16a4dsnr8a0k1.cloudfront.net/en/2455233.html?price=150.00%20%E2%82%AC&partName=wilsonPartName&vin=wilsonVin&modelCode=XP11&paint=P0A94&modelDescription=wilsonModelDescription&additionalEquipment=wilsonAdditionalEquipment' successfully

2018-03-05 16:52:04 - [MESSAGE][PASSED] - Object 'Object Repository/CuPaDl/Loading_indicator' is visible

2018-03-05 16:52:12 - [MESSAGE][PASSED] - Object 'Object Repository/CuPaDl/Loading_indicator' is NOT visible

2018-03-05 16:52:13 - [MESSAGE][PASSED] - Delayed 1 second(s)

2018-03-05 16:52:13 - [MESSAGE][PASSED] - cupakeysDl.initStart.initialStart is PASSED

2018-03-05 16:52:13 - [TEST_STEP][PASSED] - Statement - (step++): null

2018-03-05 16:52:13 - [TEST_STEP][PASSED] - cupakeysDl.color.changecolor: cupakeysDl.color.changecolor is PASSED

2018-03-05 16:52:13 - [MESSAGE][PASSED] - Object 'Object Repository/CuPaDl/Color/Color' is visible

2018-03-05 16:52:13 - [MESSAGE][PASSED] - Object: 'Object Repository/CuPaDl/Color/Color' is clicked on

2018-03-05 16:52:13 - [MESSAGE][WARNING] - Timeout '0' is invalid. Using default page load timeout: '30'

2018-03-05 16:52:13 - [MESSAGE][PASSED] - Object 'Object Repository/CuPaDl/Color/Color_solartsorange' is visible

2018-03-05 16:52:14 - [MESSAGE][PASSED] - Delayed 1 second(s)

2018-03-05 16:52:14 - [MESSAGE][PASSED] - Object: 'Object Repository/CuPaDl/Color/Color_solartsorange' is clicked on

2018-03-05 16:52:15 - [MESSAGE][PASSED] - Object 'Object Repository/CuPaDl/Loading_indicator' is visible

2018-03-05 16:52:16 - [MESSAGE][PASSED] - Object 'Object Repository/CuPaDl/Loading_indicator' is NOT visible

2018-03-05 16:52:17 - [MESSAGE][PASSED] - Delayed 1 second(s)

2018-03-05 16:52:17 - [MESSAGE][PASSED] - cupakeysDl.color.changecolor is PASSED

2018-03-05 16:52:17 - [TEST_STEP][PASSED] - Statement - (step++): null

2018-03-05 16:52:17 - [TEST_STEP][FAILED] - Statement - iconmap += CustomKeywords.cupakeysDl.iconad.iconadd("mountain", LoadTimeCorrector, step, run, device, timeStamp, iconcount): Unable to click on object 'Object Repository/CuPaDl/Icons/Icon_mountain' (Root cause: org.openqa.selenium.ElementNotVisibleException: element not visible
  (Session info: headless chrome=64.0.3282.186)
  (Driver info: chromedriver=2.35.528161 (5b82f2d2aae0ca24b877009200ced9065a772e73),platform=Windows NT 10.0.16299 x86_64) (WARNING: The server did not provide any stacktrace information)
Command duration or timeout: 0 milliseconds
Build info: version: '3.7.1', revision: '8a0099a', time: '2017-11-06T21:07:36.161Z'
System info: host: 'DESKTOP-47R6KV7', ip: '192.168.100.78', os.name: 'Windows 10', os.arch: 'amd64', os.version: '10.0', java.version: '1.8.0_102'
Driver info: com.kms.katalon.selenium.driver.CChromeDriver
Capabilities {acceptInsecureCerts: false, acceptSslCerts: false, applicationCacheEnabled: false, browserConnectionEnabled: false, browserName: chrome, chrome: {chromedriverVersion: 2.35.528161 (5b82f2d2aae0ca..., userDataDir: C:\Users\MEGAPO~1\AppData\L...}, cssSelectorsEnabled: true, databaseEnabled: false, handlesAlerts: true, hasTouchScreen: false, javascriptEnabled: true, locationContextEnabled: true, mobileEmulationEnabled: false, nativeEvents: true, networkConnectionEnabled: false, pageLoadStrategy: normal, platform: XP, platformName: XP, rotatable: false, setWindowRect: true, takesHeapSnapshot: true, takesScreenshot: true, unexpectedAlertBehaviour: , unhandledPromptBehavior: , version: 64.0.3282.186, webStorageEnabled: true}
Session ID: 43388ea6d659587d603e9de4ff2e0c8b)

2018-03-05 16:52:17 - [MESSAGE][PASSED] - Object 'Object Repository/CuPaDl/Icons/Icon' is visible

2018-03-05 16:52:17 - [MESSAGE][PASSED] - Object: 'Object Repository/CuPaDl/Icons/Icon' is clicked on

2018-03-05 16:52:17 - [MESSAGE][WARNING] - Timeout '0' is invalid. Using default page load timeout: '30'

2018-03-05 16:52:48 - [MESSAGE][WARNING] - Object 'Object Repository/CuPaDl/Icons/Icon_mountain' is not visible after 30 second(s)

2018-03-05 16:52:49 - [MESSAGE][PASSED] - Delayed 1 second(s)

2018-03-05 16:52:49 - [MESSAGE][FAILED] - Unable to click on object 'Object Repository/CuPaDl/Icons/Icon_mountain' (Root cause: org.openqa.selenium.ElementNotVisibleException: element not visible
  (Session info: headless chrome=64.0.3282.186)
  (Driver info: chromedriver=2.35.528161 (5b82f2d2aae0ca24b877009200ced9065a772e73),platform=Windows NT 10.0.16299 x86_64) (WARNING: The server did not provide any stacktrace information)
Command duration or timeout: 0 milliseconds
Build info: version: '3.7.1', revision: '8a0099a', time: '2017-11-06T21:07:36.161Z'
System info: host: 'DESKTOP-47R6KV7', ip: '192.168.100.78', os.name: 'Windows 10', os.arch: 'amd64', os.version: '10.0', java.version: '1.8.0_102'
Driver info: com.kms.katalon.selenium.driver.CChromeDriver
Capabilities {acceptInsecureCerts: false, acceptSslCerts: false, applicationCacheEnabled: false, browserConnectionEnabled: false, browserName: chrome, chrome: {chromedriverVersion: 2.35.528161 (5b82f2d2aae0ca..., userDataDir: C:\Users\MEGAPO~1\AppData\L...}, cssSelectorsEnabled: true, databaseEnabled: false, handlesAlerts: true, hasTouchScreen: false, javascriptEnabled: true, locationContextEnabled: true, mobileEmulationEnabled: false, nativeEvents: true, networkConnectionEnabled: false, pageLoadStrategy: normal, platform: XP, platformName: XP, rotatable: false, setWindowRect: true, takesHeapSnapshot: true, takesScreenshot: true, unexpectedAlertBehaviour: , unhandledPromptBehavior: , version: 64.0.3282.186, webStorageEnabled: true}
Session ID: 43388ea6d659587d603e9de4ff2e0c8b)

2018-03-05 16:52:49 - [MESSAGE][FAILED] - Unable to click on object 'Object Repository/CuPaDl/Icons/Icon_mountain' (Root cause: org.openqa.selenium.ElementNotVisibleException: element not visible
  (Session info: headless chrome=64.0.3282.186)
  (Driver info: chromedriver=2.35.528161 (5b82f2d2aae0ca24b877009200ced9065a772e73),platform=Windows NT 10.0.16299 x86_64) (WARNING: The server did not provide any stacktrace information)
Command duration or timeout: 0 milliseconds
Build info: version: '3.7.1', revision: '8a0099a', time: '2017-11-06T21:07:36.161Z'
System info: host: 'DESKTOP-47R6KV7', ip: '192.168.100.78', os.name: 'Windows 10', os.arch: 'amd64', os.version: '10.0', java.version: '1.8.0_102'
Driver info: com.kms.katalon.selenium.driver.CChromeDriver
Capabilities {acceptInsecureCerts: false, acceptSslCerts: false, applicationCacheEnabled: false, browserConnectionEnabled: false, browserName: chrome, chrome: {chromedriverVersion: 2.35.528161 (5b82f2d2aae0ca..., userDataDir: C:\Users\MEGAPO~1\AppData\L...}, cssSelectorsEnabled: true, databaseEnabled: false, handlesAlerts: true, hasTouchScreen: false, javascriptEnabled: true, locationContextEnabled: true, mobileEmulationEnabled: false, nativeEvents: true, networkConnectionEnabled: false, pageLoadStrategy: normal, platform: XP, platformName: XP, rotatable: false, setWindowRect: true, takesHeapSnapshot: true, takesScreenshot: true, unexpectedAlertBehaviour: , unhandledPromptBehavior: , version: 64.0.3282.186, webStorageEnabled: true}
Session ID: 43388ea6d659587d603e9de4ff2e0c8b)]]></system-out>
         <system-err><![CDATA[2018-03-05 16:51:57 - [TEST_CASE][FAILED] - Test Cases/CuPaStefanie/37: Test Cases/CuPaStefanie/37 FAILED because (of) Unable to click on object 'Object Repository/CuPaDl/Icons/Icon_mountain' (Root cause: org.openqa.selenium.ElementNotVisibleException: element not visible
  (Session info: headless chrome=64.0.3282.186)
  (Driver info: chromedriver=2.35.528161 (5b82f2d2aae0ca24b877009200ced9065a772e73),platform=Windows NT 10.0.16299 x86_64) (WARNING: The server did not provide any stacktrace information)
Command duration or timeout: 0 milliseconds
Build info: version: '3.7.1', revision: '8a0099a', time: '2017-11-06T21:07:36.161Z'
System info: host: 'DESKTOP-47R6KV7', ip: '192.168.100.78', os.name: 'Windows 10', os.arch: 'amd64', os.version: '10.0', java.version: '1.8.0_102'
Driver info: com.kms.katalon.selenium.driver.CChromeDriver
Capabilities {acceptInsecureCerts: false, acceptSslCerts: false, applicationCacheEnabled: false, browserConnectionEnabled: false, browserName: chrome, chrome: {chromedriverVersion: 2.35.528161 (5b82f2d2aae0ca..., userDataDir: C:\Users\MEGAPO~1\AppData\L...}, cssSelectorsEnabled: true, databaseEnabled: false, handlesAlerts: true, hasTouchScreen: false, javascriptEnabled: true, locationContextEnabled: true, mobileEmulationEnabled: false, nativeEvents: true, networkConnectionEnabled: false, pageLoadStrategy: normal, platform: XP, platformName: XP, rotatable: false, setWindowRect: true, takesHeapSnapshot: true, takesScreenshot: true, unexpectedAlertBehaviour: , unhandledPromptBehavior: , version: 64.0.3282.186, webStorageEnabled: true}
Session ID: 43388ea6d659587d603e9de4ff2e0c8b)]]></system-err>
      </testcase>
      <testcase name="Test Cases/CuPaStefanie/38" classname="Test Cases/CuPaStefanie/38" status="FAILED">
         <failure type="FAILED" message="Unable to click on object 'Object Repository/CuPaDl/Icons/Icon_mountain' (Root cause: org.openqa.selenium.ElementNotVisibleException: element not visible
  (Session info: headless chrome=64.0.3282.186)
  (Driver info: chromedriver=2.35.528161 (5b82f2d2aae0ca24b877009200ced9065a772e73),platform=Windows NT 10.0.16299 x86_64) (WARNING: The server did not provide any stacktrace information)
Command duration or timeout: 0 milliseconds
Build info: version: '3.7.1', revision: '8a0099a', time: '2017-11-06T21:07:36.161Z'
System info: host: 'DESKTOP-47R6KV7', ip: '192.168.100.78', os.name: 'Windows 10', os.arch: 'amd64', os.version: '10.0', java.version: '1.8.0_102'
Driver info: com.kms.katalon.selenium.driver.CChromeDriver
Capabilities {acceptInsecureCerts: false, acceptSslCerts: false, applicationCacheEnabled: false, browserConnectionEnabled: false, browserName: chrome, chrome: {chromedriverVersion: 2.35.528161 (5b82f2d2aae0ca..., userDataDir: C:\Users\MEGAPO~1\AppData\L...}, cssSelectorsEnabled: true, databaseEnabled: false, handlesAlerts: true, hasTouchScreen: false, javascriptEnabled: true, locationContextEnabled: true, mobileEmulationEnabled: false, nativeEvents: true, networkConnectionEnabled: false, pageLoadStrategy: normal, platform: XP, platformName: XP, rotatable: false, setWindowRect: true, takesHeapSnapshot: true, takesScreenshot: true, unexpectedAlertBehaviour: , unhandledPromptBehavior: , version: 64.0.3282.186, webStorageEnabled: true}
Session ID: 264a3a25339874dd5c5ab2b777e56f0e)"/>
         <system-out><![CDATA[2018-03-05 16:52:49 - [TEST_CASE][FAILED] - Test Cases/CuPaStefanie/38: Test Cases/CuPaStefanie/38 FAILED because (of) Unable to click on object 'Object Repository/CuPaDl/Icons/Icon_mountain' (Root cause: org.openqa.selenium.ElementNotVisibleException: element not visible
  (Session info: headless chrome=64.0.3282.186)
  (Driver info: chromedriver=2.35.528161 (5b82f2d2aae0ca24b877009200ced9065a772e73),platform=Windows NT 10.0.16299 x86_64) (WARNING: The server did not provide any stacktrace information)
Command duration or timeout: 0 milliseconds
Build info: version: '3.7.1', revision: '8a0099a', time: '2017-11-06T21:07:36.161Z'
System info: host: 'DESKTOP-47R6KV7', ip: '192.168.100.78', os.name: 'Windows 10', os.arch: 'amd64', os.version: '10.0', java.version: '1.8.0_102'
Driver info: com.kms.katalon.selenium.driver.CChromeDriver
Capabilities {acceptInsecureCerts: false, acceptSslCerts: false, applicationCacheEnabled: false, browserConnectionEnabled: false, browserName: chrome, chrome: {chromedriverVersion: 2.35.528161 (5b82f2d2aae0ca..., userDataDir: C:\Users\MEGAPO~1\AppData\L...}, cssSelectorsEnabled: true, databaseEnabled: false, handlesAlerts: true, hasTouchScreen: false, javascriptEnabled: true, locationContextEnabled: true, mobileEmulationEnabled: false, nativeEvents: true, networkConnectionEnabled: false, pageLoadStrategy: normal, platform: XP, platformName: XP, rotatable: false, setWindowRect: true, takesHeapSnapshot: true, takesScreenshot: true, unexpectedAlertBehaviour: , unhandledPromptBehavior: , version: 64.0.3282.186, webStorageEnabled: true}
Session ID: 264a3a25339874dd5c5ab2b777e56f0e)

2018-03-05 16:52:49 - [TEST_STEP][PASSED] - Statement - timeStamp = new java.text.SimpleDateFormat(dd.MM.yyyy).format(java.util.Calendar.getInstance().getTime()): null

2018-03-05 16:52:49 - [TEST_STEP][PASSED] - Statement - timeStampScreenshot = new java.text.SimpleDateFormat(dd.MM.yyyy).format(java.util.Calendar.getInstance().getTime()): null

2018-03-05 16:52:49 - [TEST_STEP][PASSED] - Statement - iconmap = [:]: null

2018-03-05 16:52:49 - [TEST_STEP][PASSED] - Statement - txtmap = [:]: null

2018-03-05 16:52:49 - [TEST_STEP][PASSED] - Statement - signmap = [:]: null

2018-03-05 16:52:49 - [TEST_STEP][PASSED] - cupakeysDl.initStart.initialStart: cupakeysDl.initStart.initialStart is PASSED

2018-03-05 16:52:49 - [MESSAGE][WARNING] - A browser is already opened. Closing browser and opening a new one

2018-03-05 16:52:51 - [MESSAGE][PASSED] - Browser is opened with url: ''

2018-03-05 16:52:54 - [MESSAGE][PASSED] - Delayed 3 second(s)

2018-03-05 16:52:56 - [MESSAGE][PASSED] - Navigate to 'https://d16a4dsnr8a0k1.cloudfront.net/en/2455233.html?price=150.00%20%E2%82%AC&partName=wilsonPartName&vin=wilsonVin&modelCode=XP11&paint=P0A94&modelDescription=wilsonModelDescription&additionalEquipment=wilsonAdditionalEquipment' successfully

2018-03-05 16:52:56 - [MESSAGE][PASSED] - Object 'Object Repository/CuPaDl/Loading_indicator' is visible

2018-03-05 16:53:04 - [MESSAGE][PASSED] - Object 'Object Repository/CuPaDl/Loading_indicator' is NOT visible

2018-03-05 16:53:05 - [MESSAGE][PASSED] - Delayed 1 second(s)

2018-03-05 16:53:05 - [MESSAGE][PASSED] - cupakeysDl.initStart.initialStart is PASSED

2018-03-05 16:53:05 - [TEST_STEP][PASSED] - Statement - (step++): null

2018-03-05 16:53:05 - [TEST_STEP][PASSED] - cupakeysDl.color.changecolor: cupakeysDl.color.changecolor is PASSED

2018-03-05 16:53:05 - [MESSAGE][PASSED] - Object 'Object Repository/CuPaDl/Color/Color' is visible

2018-03-05 16:53:05 - [MESSAGE][PASSED] - Object: 'Object Repository/CuPaDl/Color/Color' is clicked on

2018-03-05 16:53:05 - [MESSAGE][WARNING] - Timeout '0' is invalid. Using default page load timeout: '30'

2018-03-05 16:53:05 - [MESSAGE][PASSED] - Object 'Object Repository/CuPaDl/Color/Color_thundergrey' is visible

2018-03-05 16:53:06 - [MESSAGE][PASSED] - Delayed 1 second(s)

2018-03-05 16:53:06 - [MESSAGE][PASSED] - Object: 'Object Repository/CuPaDl/Color/Color_thundergrey' is clicked on

2018-03-05 16:53:09 - [MESSAGE][WARNING] - Object 'Object Repository/CuPaDl/Loading_indicator' is not visible after 3 second(s)

2018-03-05 16:53:10 - [MESSAGE][PASSED] - Delayed 1 second(s)

2018-03-05 16:53:10 - [MESSAGE][PASSED] - cupakeysDl.color.changecolor is PASSED

2018-03-05 16:53:10 - [TEST_STEP][PASSED] - Statement - (step++): null

2018-03-05 16:53:10 - [TEST_STEP][FAILED] - Statement - iconmap += CustomKeywords.cupakeysDl.iconad.iconadd("mountain", LoadTimeCorrector, step, run, device, timeStamp, iconcount): Unable to click on object 'Object Repository/CuPaDl/Icons/Icon_mountain' (Root cause: org.openqa.selenium.ElementNotVisibleException: element not visible
  (Session info: headless chrome=64.0.3282.186)
  (Driver info: chromedriver=2.35.528161 (5b82f2d2aae0ca24b877009200ced9065a772e73),platform=Windows NT 10.0.16299 x86_64) (WARNING: The server did not provide any stacktrace information)
Command duration or timeout: 0 milliseconds
Build info: version: '3.7.1', revision: '8a0099a', time: '2017-11-06T21:07:36.161Z'
System info: host: 'DESKTOP-47R6KV7', ip: '192.168.100.78', os.name: 'Windows 10', os.arch: 'amd64', os.version: '10.0', java.version: '1.8.0_102'
Driver info: com.kms.katalon.selenium.driver.CChromeDriver
Capabilities {acceptInsecureCerts: false, acceptSslCerts: false, applicationCacheEnabled: false, browserConnectionEnabled: false, browserName: chrome, chrome: {chromedriverVersion: 2.35.528161 (5b82f2d2aae0ca..., userDataDir: C:\Users\MEGAPO~1\AppData\L...}, cssSelectorsEnabled: true, databaseEnabled: false, handlesAlerts: true, hasTouchScreen: false, javascriptEnabled: true, locationContextEnabled: true, mobileEmulationEnabled: false, nativeEvents: true, networkConnectionEnabled: false, pageLoadStrategy: normal, platform: XP, platformName: XP, rotatable: false, setWindowRect: true, takesHeapSnapshot: true, takesScreenshot: true, unexpectedAlertBehaviour: , unhandledPromptBehavior: , version: 64.0.3282.186, webStorageEnabled: true}
Session ID: 264a3a25339874dd5c5ab2b777e56f0e)

2018-03-05 16:53:10 - [MESSAGE][PASSED] - Object 'Object Repository/CuPaDl/Icons/Icon' is visible

2018-03-05 16:53:10 - [MESSAGE][PASSED] - Object: 'Object Repository/CuPaDl/Icons/Icon' is clicked on

2018-03-05 16:53:10 - [MESSAGE][WARNING] - Timeout '0' is invalid. Using default page load timeout: '30'

2018-03-05 16:53:41 - [MESSAGE][WARNING] - Object 'Object Repository/CuPaDl/Icons/Icon_mountain' is not visible after 30 second(s)

2018-03-05 16:53:42 - [MESSAGE][PASSED] - Delayed 1 second(s)

2018-03-05 16:53:42 - [MESSAGE][FAILED] - Unable to click on object 'Object Repository/CuPaDl/Icons/Icon_mountain' (Root cause: org.openqa.selenium.ElementNotVisibleException: element not visible
  (Session info: headless chrome=64.0.3282.186)
  (Driver info: chromedriver=2.35.528161 (5b82f2d2aae0ca24b877009200ced9065a772e73),platform=Windows NT 10.0.16299 x86_64) (WARNING: The server did not provide any stacktrace information)
Command duration or timeout: 0 milliseconds
Build info: version: '3.7.1', revision: '8a0099a', time: '2017-11-06T21:07:36.161Z'
System info: host: 'DESKTOP-47R6KV7', ip: '192.168.100.78', os.name: 'Windows 10', os.arch: 'amd64', os.version: '10.0', java.version: '1.8.0_102'
Driver info: com.kms.katalon.selenium.driver.CChromeDriver
Capabilities {acceptInsecureCerts: false, acceptSslCerts: false, applicationCacheEnabled: false, browserConnectionEnabled: false, browserName: chrome, chrome: {chromedriverVersion: 2.35.528161 (5b82f2d2aae0ca..., userDataDir: C:\Users\MEGAPO~1\AppData\L...}, cssSelectorsEnabled: true, databaseEnabled: false, handlesAlerts: true, hasTouchScreen: false, javascriptEnabled: true, locationContextEnabled: true, mobileEmulationEnabled: false, nativeEvents: true, networkConnectionEnabled: false, pageLoadStrategy: normal, platform: XP, platformName: XP, rotatable: false, setWindowRect: true, takesHeapSnapshot: true, takesScreenshot: true, unexpectedAlertBehaviour: , unhandledPromptBehavior: , version: 64.0.3282.186, webStorageEnabled: true}
Session ID: 264a3a25339874dd5c5ab2b777e56f0e)

2018-03-05 16:53:42 - [MESSAGE][FAILED] - Unable to click on object 'Object Repository/CuPaDl/Icons/Icon_mountain' (Root cause: org.openqa.selenium.ElementNotVisibleException: element not visible
  (Session info: headless chrome=64.0.3282.186)
  (Driver info: chromedriver=2.35.528161 (5b82f2d2aae0ca24b877009200ced9065a772e73),platform=Windows NT 10.0.16299 x86_64) (WARNING: The server did not provide any stacktrace information)
Command duration or timeout: 0 milliseconds
Build info: version: '3.7.1', revision: '8a0099a', time: '2017-11-06T21:07:36.161Z'
System info: host: 'DESKTOP-47R6KV7', ip: '192.168.100.78', os.name: 'Windows 10', os.arch: 'amd64', os.version: '10.0', java.version: '1.8.0_102'
Driver info: com.kms.katalon.selenium.driver.CChromeDriver
Capabilities {acceptInsecureCerts: false, acceptSslCerts: false, applicationCacheEnabled: false, browserConnectionEnabled: false, browserName: chrome, chrome: {chromedriverVersion: 2.35.528161 (5b82f2d2aae0ca..., userDataDir: C:\Users\MEGAPO~1\AppData\L...}, cssSelectorsEnabled: true, databaseEnabled: false, handlesAlerts: true, hasTouchScreen: false, javascriptEnabled: true, locationContextEnabled: true, mobileEmulationEnabled: false, nativeEvents: true, networkConnectionEnabled: false, pageLoadStrategy: normal, platform: XP, platformName: XP, rotatable: false, setWindowRect: true, takesHeapSnapshot: true, takesScreenshot: true, unexpectedAlertBehaviour: , unhandledPromptBehavior: , version: 64.0.3282.186, webStorageEnabled: true}
Session ID: 264a3a25339874dd5c5ab2b777e56f0e)]]></system-out>
         <system-err><![CDATA[2018-03-05 16:52:49 - [TEST_CASE][FAILED] - Test Cases/CuPaStefanie/38: Test Cases/CuPaStefanie/38 FAILED because (of) Unable to click on object 'Object Repository/CuPaDl/Icons/Icon_mountain' (Root cause: org.openqa.selenium.ElementNotVisibleException: element not visible
  (Session info: headless chrome=64.0.3282.186)
  (Driver info: chromedriver=2.35.528161 (5b82f2d2aae0ca24b877009200ced9065a772e73),platform=Windows NT 10.0.16299 x86_64) (WARNING: The server did not provide any stacktrace information)
Command duration or timeout: 0 milliseconds
Build info: version: '3.7.1', revision: '8a0099a', time: '2017-11-06T21:07:36.161Z'
System info: host: 'DESKTOP-47R6KV7', ip: '192.168.100.78', os.name: 'Windows 10', os.arch: 'amd64', os.version: '10.0', java.version: '1.8.0_102'
Driver info: com.kms.katalon.selenium.driver.CChromeDriver
Capabilities {acceptInsecureCerts: false, acceptSslCerts: false, applicationCacheEnabled: false, browserConnectionEnabled: false, browserName: chrome, chrome: {chromedriverVersion: 2.35.528161 (5b82f2d2aae0ca..., userDataDir: C:\Users\MEGAPO~1\AppData\L...}, cssSelectorsEnabled: true, databaseEnabled: false, handlesAlerts: true, hasTouchScreen: false, javascriptEnabled: true, locationContextEnabled: true, mobileEmulationEnabled: false, nativeEvents: true, networkConnectionEnabled: false, pageLoadStrategy: normal, platform: XP, platformName: XP, rotatable: false, setWindowRect: true, takesHeapSnapshot: true, takesScreenshot: true, unexpectedAlertBehaviour: , unhandledPromptBehavior: , version: 64.0.3282.186, webStorageEnabled: true}
Session ID: 264a3a25339874dd5c5ab2b777e56f0e)]]></system-err>
      </testcase>
      <testcase name="Test Cases/CuPaStefanie/39" classname="Test Cases/CuPaStefanie/39" status="FAILED">
         <failure type="FAILED" message="Unable to click on object 'Object Repository/CuPaDl/Icons/Icon_simplecompass' (Root cause: org.openqa.selenium.ElementNotVisibleException: element not visible
  (Session info: headless chrome=64.0.3282.186)
  (Driver info: chromedriver=2.35.528161 (5b82f2d2aae0ca24b877009200ced9065a772e73),platform=Windows NT 10.0.16299 x86_64) (WARNING: The server did not provide any stacktrace information)
Command duration or timeout: 0 milliseconds
Build info: version: '3.7.1', revision: '8a0099a', time: '2017-11-06T21:07:36.161Z'
System info: host: 'DESKTOP-47R6KV7', ip: '192.168.100.78', os.name: 'Windows 10', os.arch: 'amd64', os.version: '10.0', java.version: '1.8.0_102'
Driver info: com.kms.katalon.selenium.driver.CChromeDriver
Capabilities {acceptInsecureCerts: false, acceptSslCerts: false, applicationCacheEnabled: false, browserConnectionEnabled: false, browserName: chrome, chrome: {chromedriverVersion: 2.35.528161 (5b82f2d2aae0ca..., userDataDir: C:\Users\MEGAPO~1\AppData\L...}, cssSelectorsEnabled: true, databaseEnabled: false, handlesAlerts: true, hasTouchScreen: false, javascriptEnabled: true, locationContextEnabled: true, mobileEmulationEnabled: false, nativeEvents: true, networkConnectionEnabled: false, pageLoadStrategy: normal, platform: XP, platformName: XP, rotatable: false, setWindowRect: true, takesHeapSnapshot: true, takesScreenshot: true, unexpectedAlertBehaviour: , unhandledPromptBehavior: , version: 64.0.3282.186, webStorageEnabled: true}
Session ID: 0388bf8fddd21dc326b2956aed082722)"/>
         <system-out><![CDATA[2018-03-05 16:53:42 - [TEST_CASE][FAILED] - Test Cases/CuPaStefanie/39: Test Cases/CuPaStefanie/39 FAILED because (of) Unable to click on object 'Object Repository/CuPaDl/Icons/Icon_simplecompass' (Root cause: org.openqa.selenium.ElementNotVisibleException: element not visible
  (Session info: headless chrome=64.0.3282.186)
  (Driver info: chromedriver=2.35.528161 (5b82f2d2aae0ca24b877009200ced9065a772e73),platform=Windows NT 10.0.16299 x86_64) (WARNING: The server did not provide any stacktrace information)
Command duration or timeout: 0 milliseconds
Build info: version: '3.7.1', revision: '8a0099a', time: '2017-11-06T21:07:36.161Z'
System info: host: 'DESKTOP-47R6KV7', ip: '192.168.100.78', os.name: 'Windows 10', os.arch: 'amd64', os.version: '10.0', java.version: '1.8.0_102'
Driver info: com.kms.katalon.selenium.driver.CChromeDriver
Capabilities {acceptInsecureCerts: false, acceptSslCerts: false, applicationCacheEnabled: false, browserConnectionEnabled: false, browserName: chrome, chrome: {chromedriverVersion: 2.35.528161 (5b82f2d2aae0ca..., userDataDir: C:\Users\MEGAPO~1\AppData\L...}, cssSelectorsEnabled: true, databaseEnabled: false, handlesAlerts: true, hasTouchScreen: false, javascriptEnabled: true, locationContextEnabled: true, mobileEmulationEnabled: false, nativeEvents: true, networkConnectionEnabled: false, pageLoadStrategy: normal, platform: XP, platformName: XP, rotatable: false, setWindowRect: true, takesHeapSnapshot: true, takesScreenshot: true, unexpectedAlertBehaviour: , unhandledPromptBehavior: , version: 64.0.3282.186, webStorageEnabled: true}
Session ID: 0388bf8fddd21dc326b2956aed082722)

2018-03-05 16:53:42 - [TEST_STEP][PASSED] - Statement - timeStamp = new java.text.SimpleDateFormat(dd.MM.yyyy).format(java.util.Calendar.getInstance().getTime()): null

2018-03-05 16:53:42 - [TEST_STEP][PASSED] - Statement - timeStampScreenshot = new java.text.SimpleDateFormat(dd.MM.yyyy).format(java.util.Calendar.getInstance().getTime()): null

2018-03-05 16:53:42 - [TEST_STEP][PASSED] - Statement - iconmap = [:]: null

2018-03-05 16:53:42 - [TEST_STEP][PASSED] - Statement - txtmap = [:]: null

2018-03-05 16:53:42 - [TEST_STEP][PASSED] - Statement - signmap = [:]: null

2018-03-05 16:53:42 - [TEST_STEP][PASSED] - cupakeysDl.initStart.initialStart: cupakeysDl.initStart.initialStart is PASSED

2018-03-05 16:53:42 - [MESSAGE][WARNING] - A browser is already opened. Closing browser and opening a new one

2018-03-05 16:53:44 - [MESSAGE][PASSED] - Browser is opened with url: ''

2018-03-05 16:53:47 - [MESSAGE][PASSED] - Delayed 3 second(s)

2018-03-05 16:53:49 - [MESSAGE][PASSED] - Navigate to 'https://d16a4dsnr8a0k1.cloudfront.net/en/2455233.html?price=150.00%20%E2%82%AC&partName=wilsonPartName&vin=wilsonVin&modelCode=XP11&paint=P0A94&modelDescription=wilsonModelDescription&additionalEquipment=wilsonAdditionalEquipment' successfully

2018-03-05 16:53:49 - [MESSAGE][PASSED] - Object 'Object Repository/CuPaDl/Loading_indicator' is visible

2018-03-05 16:53:56 - [MESSAGE][PASSED] - Object 'Object Repository/CuPaDl/Loading_indicator' is NOT visible

2018-03-05 16:53:57 - [MESSAGE][PASSED] - Delayed 1 second(s)

2018-03-05 16:53:57 - [MESSAGE][PASSED] - cupakeysDl.initStart.initialStart is PASSED

2018-03-05 16:53:57 - [TEST_STEP][PASSED] - Statement - (step++): null

2018-03-05 16:53:57 - [TEST_STEP][PASSED] - cupakeysDl.color.changecolor: cupakeysDl.color.changecolor is PASSED

2018-03-05 16:53:57 - [MESSAGE][PASSED] - Object 'Object Repository/CuPaDl/Color/Color' is visible

2018-03-05 16:53:57 - [MESSAGE][PASSED] - Object: 'Object Repository/CuPaDl/Color/Color' is clicked on

2018-03-05 16:53:57 - [MESSAGE][WARNING] - Timeout '0' is invalid. Using default page load timeout: '30'

2018-03-05 16:53:57 - [MESSAGE][PASSED] - Object 'Object Repository/CuPaDl/Color/Color_electricblue' is visible

2018-03-05 16:53:58 - [MESSAGE][PASSED] - Delayed 1 second(s)

2018-03-05 16:53:58 - [MESSAGE][PASSED] - Object: 'Object Repository/CuPaDl/Color/Color_electricblue' is clicked on

2018-03-05 16:54:01 - [MESSAGE][WARNING] - Object 'Object Repository/CuPaDl/Loading_indicator' is not visible after 3 second(s)

2018-03-05 16:54:02 - [MESSAGE][PASSED] - Delayed 1 second(s)

2018-03-05 16:54:02 - [MESSAGE][PASSED] - cupakeysDl.color.changecolor is PASSED

2018-03-05 16:54:02 - [TEST_STEP][PASSED] - Statement - (step++): null

2018-03-05 16:54:02 - [TEST_STEP][FAILED] - Statement - iconmap += CustomKeywords.cupakeysDl.iconad.iconadd("simplecompass", LoadTimeCorrector, step, run, device, timeStamp, iconcount): Unable to click on object 'Object Repository/CuPaDl/Icons/Icon_simplecompass' (Root cause: org.openqa.selenium.ElementNotVisibleException: element not visible
  (Session info: headless chrome=64.0.3282.186)
  (Driver info: chromedriver=2.35.528161 (5b82f2d2aae0ca24b877009200ced9065a772e73),platform=Windows NT 10.0.16299 x86_64) (WARNING: The server did not provide any stacktrace information)
Command duration or timeout: 0 milliseconds
Build info: version: '3.7.1', revision: '8a0099a', time: '2017-11-06T21:07:36.161Z'
System info: host: 'DESKTOP-47R6KV7', ip: '192.168.100.78', os.name: 'Windows 10', os.arch: 'amd64', os.version: '10.0', java.version: '1.8.0_102'
Driver info: com.kms.katalon.selenium.driver.CChromeDriver
Capabilities {acceptInsecureCerts: false, acceptSslCerts: false, applicationCacheEnabled: false, browserConnectionEnabled: false, browserName: chrome, chrome: {chromedriverVersion: 2.35.528161 (5b82f2d2aae0ca..., userDataDir: C:\Users\MEGAPO~1\AppData\L...}, cssSelectorsEnabled: true, databaseEnabled: false, handlesAlerts: true, hasTouchScreen: false, javascriptEnabled: true, locationContextEnabled: true, mobileEmulationEnabled: false, nativeEvents: true, networkConnectionEnabled: false, pageLoadStrategy: normal, platform: XP, platformName: XP, rotatable: false, setWindowRect: true, takesHeapSnapshot: true, takesScreenshot: true, unexpectedAlertBehaviour: , unhandledPromptBehavior: , version: 64.0.3282.186, webStorageEnabled: true}
Session ID: 0388bf8fddd21dc326b2956aed082722)

2018-03-05 16:54:02 - [MESSAGE][PASSED] - Object 'Object Repository/CuPaDl/Icons/Icon' is visible

2018-03-05 16:54:02 - [MESSAGE][PASSED] - Object: 'Object Repository/CuPaDl/Icons/Icon' is clicked on

2018-03-05 16:54:02 - [MESSAGE][WARNING] - Timeout '0' is invalid. Using default page load timeout: '30'

2018-03-05 16:54:32 - [MESSAGE][WARNING] - Object 'Object Repository/CuPaDl/Icons/Icon_simplecompass' is not visible after 30 second(s)

2018-03-05 16:54:33 - [MESSAGE][PASSED] - Delayed 1 second(s)

2018-03-05 16:54:34 - [MESSAGE][FAILED] - Unable to click on object 'Object Repository/CuPaDl/Icons/Icon_simplecompass' (Root cause: org.openqa.selenium.ElementNotVisibleException: element not visible
  (Session info: headless chrome=64.0.3282.186)
  (Driver info: chromedriver=2.35.528161 (5b82f2d2aae0ca24b877009200ced9065a772e73),platform=Windows NT 10.0.16299 x86_64) (WARNING: The server did not provide any stacktrace information)
Command duration or timeout: 0 milliseconds
Build info: version: '3.7.1', revision: '8a0099a', time: '2017-11-06T21:07:36.161Z'
System info: host: 'DESKTOP-47R6KV7', ip: '192.168.100.78', os.name: 'Windows 10', os.arch: 'amd64', os.version: '10.0', java.version: '1.8.0_102'
Driver info: com.kms.katalon.selenium.driver.CChromeDriver
Capabilities {acceptInsecureCerts: false, acceptSslCerts: false, applicationCacheEnabled: false, browserConnectionEnabled: false, browserName: chrome, chrome: {chromedriverVersion: 2.35.528161 (5b82f2d2aae0ca..., userDataDir: C:\Users\MEGAPO~1\AppData\L...}, cssSelectorsEnabled: true, databaseEnabled: false, handlesAlerts: true, hasTouchScreen: false, javascriptEnabled: true, locationContextEnabled: true, mobileEmulationEnabled: false, nativeEvents: true, networkConnectionEnabled: false, pageLoadStrategy: normal, platform: XP, platformName: XP, rotatable: false, setWindowRect: true, takesHeapSnapshot: true, takesScreenshot: true, unexpectedAlertBehaviour: , unhandledPromptBehavior: , version: 64.0.3282.186, webStorageEnabled: true}
Session ID: 0388bf8fddd21dc326b2956aed082722)

2018-03-05 16:54:34 - [MESSAGE][FAILED] - Unable to click on object 'Object Repository/CuPaDl/Icons/Icon_simplecompass' (Root cause: org.openqa.selenium.ElementNotVisibleException: element not visible
  (Session info: headless chrome=64.0.3282.186)
  (Driver info: chromedriver=2.35.528161 (5b82f2d2aae0ca24b877009200ced9065a772e73),platform=Windows NT 10.0.16299 x86_64) (WARNING: The server did not provide any stacktrace information)
Command duration or timeout: 0 milliseconds
Build info: version: '3.7.1', revision: '8a0099a', time: '2017-11-06T21:07:36.161Z'
System info: host: 'DESKTOP-47R6KV7', ip: '192.168.100.78', os.name: 'Windows 10', os.arch: 'amd64', os.version: '10.0', java.version: '1.8.0_102'
Driver info: com.kms.katalon.selenium.driver.CChromeDriver
Capabilities {acceptInsecureCerts: false, acceptSslCerts: false, applicationCacheEnabled: false, browserConnectionEnabled: false, browserName: chrome, chrome: {chromedriverVersion: 2.35.528161 (5b82f2d2aae0ca..., userDataDir: C:\Users\MEGAPO~1\AppData\L...}, cssSelectorsEnabled: true, databaseEnabled: false, handlesAlerts: true, hasTouchScreen: false, javascriptEnabled: true, locationContextEnabled: true, mobileEmulationEnabled: false, nativeEvents: true, networkConnectionEnabled: false, pageLoadStrategy: normal, platform: XP, platformName: XP, rotatable: false, setWindowRect: true, takesHeapSnapshot: true, takesScreenshot: true, unexpectedAlertBehaviour: , unhandledPromptBehavior: , version: 64.0.3282.186, webStorageEnabled: true}
Session ID: 0388bf8fddd21dc326b2956aed082722)]]></system-out>
         <system-err><![CDATA[2018-03-05 16:53:42 - [TEST_CASE][FAILED] - Test Cases/CuPaStefanie/39: Test Cases/CuPaStefanie/39 FAILED because (of) Unable to click on object 'Object Repository/CuPaDl/Icons/Icon_simplecompass' (Root cause: org.openqa.selenium.ElementNotVisibleException: element not visible
  (Session info: headless chrome=64.0.3282.186)
  (Driver info: chromedriver=2.35.528161 (5b82f2d2aae0ca24b877009200ced9065a772e73),platform=Windows NT 10.0.16299 x86_64) (WARNING: The server did not provide any stacktrace information)
Command duration or timeout: 0 milliseconds
Build info: version: '3.7.1', revision: '8a0099a', time: '2017-11-06T21:07:36.161Z'
System info: host: 'DESKTOP-47R6KV7', ip: '192.168.100.78', os.name: 'Windows 10', os.arch: 'amd64', os.version: '10.0', java.version: '1.8.0_102'
Driver info: com.kms.katalon.selenium.driver.CChromeDriver
Capabilities {acceptInsecureCerts: false, acceptSslCerts: false, applicationCacheEnabled: false, browserConnectionEnabled: false, browserName: chrome, chrome: {chromedriverVersion: 2.35.528161 (5b82f2d2aae0ca..., userDataDir: C:\Users\MEGAPO~1\AppData\L...}, cssSelectorsEnabled: true, databaseEnabled: false, handlesAlerts: true, hasTouchScreen: false, javascriptEnabled: true, locationContextEnabled: true, mobileEmulationEnabled: false, nativeEvents: true, networkConnectionEnabled: false, pageLoadStrategy: normal, platform: XP, platformName: XP, rotatable: false, setWindowRect: true, takesHeapSnapshot: true, takesScreenshot: true, unexpectedAlertBehaviour: , unhandledPromptBehavior: , version: 64.0.3282.186, webStorageEnabled: true}
Session ID: 0388bf8fddd21dc326b2956aed082722)]]></system-err>
      </testcase>
      <testcase name="Test Cases/CuPaStefanie/40" classname="Test Cases/CuPaStefanie/40" status="FAILED">
         <failure type="FAILED" message="Unable to click on object 'Object Repository/CuPaDl/Icons/Icon_simplecompass' (Root cause: org.openqa.selenium.ElementNotVisibleException: element not visible
  (Session info: headless chrome=64.0.3282.186)
  (Driver info: chromedriver=2.35.528161 (5b82f2d2aae0ca24b877009200ced9065a772e73),platform=Windows NT 10.0.16299 x86_64) (WARNING: The server did not provide any stacktrace information)
Command duration or timeout: 0 milliseconds
Build info: version: '3.7.1', revision: '8a0099a', time: '2017-11-06T21:07:36.161Z'
System info: host: 'DESKTOP-47R6KV7', ip: '192.168.100.78', os.name: 'Windows 10', os.arch: 'amd64', os.version: '10.0', java.version: '1.8.0_102'
Driver info: com.kms.katalon.selenium.driver.CChromeDriver
Capabilities {acceptInsecureCerts: false, acceptSslCerts: false, applicationCacheEnabled: false, browserConnectionEnabled: false, browserName: chrome, chrome: {chromedriverVersion: 2.35.528161 (5b82f2d2aae0ca..., userDataDir: C:\Users\MEGAPO~1\AppData\L...}, cssSelectorsEnabled: true, databaseEnabled: false, handlesAlerts: true, hasTouchScreen: false, javascriptEnabled: true, locationContextEnabled: true, mobileEmulationEnabled: false, nativeEvents: true, networkConnectionEnabled: false, pageLoadStrategy: normal, platform: XP, platformName: XP, rotatable: false, setWindowRect: true, takesHeapSnapshot: true, takesScreenshot: true, unexpectedAlertBehaviour: , unhandledPromptBehavior: , version: 64.0.3282.186, webStorageEnabled: true}
Session ID: 836b5e9c8a38f839a6de1438e23e0e88)"/>
         <system-out><![CDATA[2018-03-05 16:54:34 - [TEST_CASE][FAILED] - Test Cases/CuPaStefanie/40: Test Cases/CuPaStefanie/40 FAILED because (of) Unable to click on object 'Object Repository/CuPaDl/Icons/Icon_simplecompass' (Root cause: org.openqa.selenium.ElementNotVisibleException: element not visible
  (Session info: headless chrome=64.0.3282.186)
  (Driver info: chromedriver=2.35.528161 (5b82f2d2aae0ca24b877009200ced9065a772e73),platform=Windows NT 10.0.16299 x86_64) (WARNING: The server did not provide any stacktrace information)
Command duration or timeout: 0 milliseconds
Build info: version: '3.7.1', revision: '8a0099a', time: '2017-11-06T21:07:36.161Z'
System info: host: 'DESKTOP-47R6KV7', ip: '192.168.100.78', os.name: 'Windows 10', os.arch: 'amd64', os.version: '10.0', java.version: '1.8.0_102'
Driver info: com.kms.katalon.selenium.driver.CChromeDriver
Capabilities {acceptInsecureCerts: false, acceptSslCerts: false, applicationCacheEnabled: false, browserConnectionEnabled: false, browserName: chrome, chrome: {chromedriverVersion: 2.35.528161 (5b82f2d2aae0ca..., userDataDir: C:\Users\MEGAPO~1\AppData\L...}, cssSelectorsEnabled: true, databaseEnabled: false, handlesAlerts: true, hasTouchScreen: false, javascriptEnabled: true, locationContextEnabled: true, mobileEmulationEnabled: false, nativeEvents: true, networkConnectionEnabled: false, pageLoadStrategy: normal, platform: XP, platformName: XP, rotatable: false, setWindowRect: true, takesHeapSnapshot: true, takesScreenshot: true, unexpectedAlertBehaviour: , unhandledPromptBehavior: , version: 64.0.3282.186, webStorageEnabled: true}
Session ID: 836b5e9c8a38f839a6de1438e23e0e88)

2018-03-05 16:54:34 - [TEST_STEP][PASSED] - Statement - timeStamp = new java.text.SimpleDateFormat(dd.MM.yyyy).format(java.util.Calendar.getInstance().getTime()): null

2018-03-05 16:54:34 - [TEST_STEP][PASSED] - Statement - timeStampScreenshot = new java.text.SimpleDateFormat(dd.MM.yyyy).format(java.util.Calendar.getInstance().getTime()): null

2018-03-05 16:54:34 - [TEST_STEP][PASSED] - Statement - iconmap = [:]: null

2018-03-05 16:54:34 - [TEST_STEP][PASSED] - Statement - txtmap = [:]: null

2018-03-05 16:54:34 - [TEST_STEP][PASSED] - Statement - signmap = [:]: null

2018-03-05 16:54:34 - [TEST_STEP][PASSED] - cupakeysDl.initStart.initialStart: cupakeysDl.initStart.initialStart is PASSED

2018-03-05 16:54:34 - [MESSAGE][WARNING] - A browser is already opened. Closing browser and opening a new one

2018-03-05 16:54:36 - [MESSAGE][PASSED] - Browser is opened with url: ''

2018-03-05 16:54:39 - [MESSAGE][PASSED] - Delayed 3 second(s)

2018-03-05 16:54:40 - [MESSAGE][PASSED] - Navigate to 'https://d16a4dsnr8a0k1.cloudfront.net/en/2455233.html?price=150.00%20%E2%82%AC&partName=wilsonPartName&vin=wilsonVin&modelCode=XP11&paint=P0A94&modelDescription=wilsonModelDescription&additionalEquipment=wilsonAdditionalEquipment' successfully

2018-03-05 16:54:40 - [MESSAGE][PASSED] - Object 'Object Repository/CuPaDl/Loading_indicator' is visible

2018-03-05 16:54:46 - [MESSAGE][PASSED] - Object 'Object Repository/CuPaDl/Loading_indicator' is NOT visible

2018-03-05 16:54:47 - [MESSAGE][PASSED] - Delayed 1 second(s)

2018-03-05 16:54:47 - [MESSAGE][PASSED] - cupakeysDl.initStart.initialStart is PASSED

2018-03-05 16:54:47 - [TEST_STEP][PASSED] - Statement - (step++): null

2018-03-05 16:54:47 - [TEST_STEP][PASSED] - cupakeysDl.color.changecolor: cupakeysDl.color.changecolor is PASSED

2018-03-05 16:54:47 - [MESSAGE][PASSED] - Object 'Object Repository/CuPaDl/Color/Color' is visible

2018-03-05 16:54:47 - [MESSAGE][PASSED] - Object: 'Object Repository/CuPaDl/Color/Color' is clicked on

2018-03-05 16:54:47 - [MESSAGE][WARNING] - Timeout '0' is invalid. Using default page load timeout: '30'

2018-03-05 16:54:47 - [MESSAGE][PASSED] - Object 'Object Repository/CuPaDl/Color/Color_lapisblue' is visible

2018-03-05 16:54:48 - [MESSAGE][PASSED] - Delayed 1 second(s)

2018-03-05 16:54:49 - [MESSAGE][PASSED] - Object: 'Object Repository/CuPaDl/Color/Color_lapisblue' is clicked on

2018-03-05 16:54:50 - [MESSAGE][PASSED] - Object 'Object Repository/CuPaDl/Loading_indicator' is visible

2018-03-05 16:54:51 - [MESSAGE][PASSED] - Object 'Object Repository/CuPaDl/Loading_indicator' is NOT visible

2018-03-05 16:54:52 - [MESSAGE][PASSED] - Delayed 1 second(s)

2018-03-05 16:54:52 - [MESSAGE][PASSED] - cupakeysDl.color.changecolor is PASSED

2018-03-05 16:54:52 - [TEST_STEP][PASSED] - Statement - (step++): null

2018-03-05 16:54:52 - [TEST_STEP][FAILED] - Statement - iconmap += CustomKeywords.cupakeysDl.iconad.iconadd("simplecompass", LoadTimeCorrector, step, run, device, timeStamp, iconcount): Unable to click on object 'Object Repository/CuPaDl/Icons/Icon_simplecompass' (Root cause: org.openqa.selenium.ElementNotVisibleException: element not visible
  (Session info: headless chrome=64.0.3282.186)
  (Driver info: chromedriver=2.35.528161 (5b82f2d2aae0ca24b877009200ced9065a772e73),platform=Windows NT 10.0.16299 x86_64) (WARNING: The server did not provide any stacktrace information)
Command duration or timeout: 0 milliseconds
Build info: version: '3.7.1', revision: '8a0099a', time: '2017-11-06T21:07:36.161Z'
System info: host: 'DESKTOP-47R6KV7', ip: '192.168.100.78', os.name: 'Windows 10', os.arch: 'amd64', os.version: '10.0', java.version: '1.8.0_102'
Driver info: com.kms.katalon.selenium.driver.CChromeDriver
Capabilities {acceptInsecureCerts: false, acceptSslCerts: false, applicationCacheEnabled: false, browserConnectionEnabled: false, browserName: chrome, chrome: {chromedriverVersion: 2.35.528161 (5b82f2d2aae0ca..., userDataDir: C:\Users\MEGAPO~1\AppData\L...}, cssSelectorsEnabled: true, databaseEnabled: false, handlesAlerts: true, hasTouchScreen: false, javascriptEnabled: true, locationContextEnabled: true, mobileEmulationEnabled: false, nativeEvents: true, networkConnectionEnabled: false, pageLoadStrategy: normal, platform: XP, platformName: XP, rotatable: false, setWindowRect: true, takesHeapSnapshot: true, takesScreenshot: true, unexpectedAlertBehaviour: , unhandledPromptBehavior: , version: 64.0.3282.186, webStorageEnabled: true}
Session ID: 836b5e9c8a38f839a6de1438e23e0e88)

2018-03-05 16:54:52 - [MESSAGE][PASSED] - Object 'Object Repository/CuPaDl/Icons/Icon' is visible

2018-03-05 16:54:52 - [MESSAGE][PASSED] - Object: 'Object Repository/CuPaDl/Icons/Icon' is clicked on

2018-03-05 16:54:52 - [MESSAGE][WARNING] - Timeout '0' is invalid. Using default page load timeout: '30'

2018-03-05 16:55:22 - [MESSAGE][WARNING] - Object 'Object Repository/CuPaDl/Icons/Icon_simplecompass' is not visible after 30 second(s)

2018-03-05 16:55:23 - [MESSAGE][PASSED] - Delayed 1 second(s)

2018-03-05 16:55:23 - [MESSAGE][FAILED] - Unable to click on object 'Object Repository/CuPaDl/Icons/Icon_simplecompass' (Root cause: org.openqa.selenium.ElementNotVisibleException: element not visible
  (Session info: headless chrome=64.0.3282.186)
  (Driver info: chromedriver=2.35.528161 (5b82f2d2aae0ca24b877009200ced9065a772e73),platform=Windows NT 10.0.16299 x86_64) (WARNING: The server did not provide any stacktrace information)
Command duration or timeout: 0 milliseconds
Build info: version: '3.7.1', revision: '8a0099a', time: '2017-11-06T21:07:36.161Z'
System info: host: 'DESKTOP-47R6KV7', ip: '192.168.100.78', os.name: 'Windows 10', os.arch: 'amd64', os.version: '10.0', java.version: '1.8.0_102'
Driver info: com.kms.katalon.selenium.driver.CChromeDriver
Capabilities {acceptInsecureCerts: false, acceptSslCerts: false, applicationCacheEnabled: false, browserConnectionEnabled: false, browserName: chrome, chrome: {chromedriverVersion: 2.35.528161 (5b82f2d2aae0ca..., userDataDir: C:\Users\MEGAPO~1\AppData\L...}, cssSelectorsEnabled: true, databaseEnabled: false, handlesAlerts: true, hasTouchScreen: false, javascriptEnabled: true, locationContextEnabled: true, mobileEmulationEnabled: false, nativeEvents: true, networkConnectionEnabled: false, pageLoadStrategy: normal, platform: XP, platformName: XP, rotatable: false, setWindowRect: true, takesHeapSnapshot: true, takesScreenshot: true, unexpectedAlertBehaviour: , unhandledPromptBehavior: , version: 64.0.3282.186, webStorageEnabled: true}
Session ID: 836b5e9c8a38f839a6de1438e23e0e88)

2018-03-05 16:55:23 - [MESSAGE][FAILED] - Unable to click on object 'Object Repository/CuPaDl/Icons/Icon_simplecompass' (Root cause: org.openqa.selenium.ElementNotVisibleException: element not visible
  (Session info: headless chrome=64.0.3282.186)
  (Driver info: chromedriver=2.35.528161 (5b82f2d2aae0ca24b877009200ced9065a772e73),platform=Windows NT 10.0.16299 x86_64) (WARNING: The server did not provide any stacktrace information)
Command duration or timeout: 0 milliseconds
Build info: version: '3.7.1', revision: '8a0099a', time: '2017-11-06T21:07:36.161Z'
System info: host: 'DESKTOP-47R6KV7', ip: '192.168.100.78', os.name: 'Windows 10', os.arch: 'amd64', os.version: '10.0', java.version: '1.8.0_102'
Driver info: com.kms.katalon.selenium.driver.CChromeDriver
Capabilities {acceptInsecureCerts: false, acceptSslCerts: false, applicationCacheEnabled: false, browserConnectionEnabled: false, browserName: chrome, chrome: {chromedriverVersion: 2.35.528161 (5b82f2d2aae0ca..., userDataDir: C:\Users\MEGAPO~1\AppData\L...}, cssSelectorsEnabled: true, databaseEnabled: false, handlesAlerts: true, hasTouchScreen: false, javascriptEnabled: true, locationContextEnabled: true, mobileEmulationEnabled: false, nativeEvents: true, networkConnectionEnabled: false, pageLoadStrategy: normal, platform: XP, platformName: XP, rotatable: false, setWindowRect: true, takesHeapSnapshot: true, takesScreenshot: true, unexpectedAlertBehaviour: , unhandledPromptBehavior: , version: 64.0.3282.186, webStorageEnabled: true}
Session ID: 836b5e9c8a38f839a6de1438e23e0e88)]]></system-out>
         <system-err><![CDATA[2018-03-05 16:54:34 - [TEST_CASE][FAILED] - Test Cases/CuPaStefanie/40: Test Cases/CuPaStefanie/40 FAILED because (of) Unable to click on object 'Object Repository/CuPaDl/Icons/Icon_simplecompass' (Root cause: org.openqa.selenium.ElementNotVisibleException: element not visible
  (Session info: headless chrome=64.0.3282.186)
  (Driver info: chromedriver=2.35.528161 (5b82f2d2aae0ca24b877009200ced9065a772e73),platform=Windows NT 10.0.16299 x86_64) (WARNING: The server did not provide any stacktrace information)
Command duration or timeout: 0 milliseconds
Build info: version: '3.7.1', revision: '8a0099a', time: '2017-11-06T21:07:36.161Z'
System info: host: 'DESKTOP-47R6KV7', ip: '192.168.100.78', os.name: 'Windows 10', os.arch: 'amd64', os.version: '10.0', java.version: '1.8.0_102'
Driver info: com.kms.katalon.selenium.driver.CChromeDriver
Capabilities {acceptInsecureCerts: false, acceptSslCerts: false, applicationCacheEnabled: false, browserConnectionEnabled: false, browserName: chrome, chrome: {chromedriverVersion: 2.35.528161 (5b82f2d2aae0ca..., userDataDir: C:\Users\MEGAPO~1\AppData\L...}, cssSelectorsEnabled: true, databaseEnabled: false, handlesAlerts: true, hasTouchScreen: false, javascriptEnabled: true, locationContextEnabled: true, mobileEmulationEnabled: false, nativeEvents: true, networkConnectionEnabled: false, pageLoadStrategy: normal, platform: XP, platformName: XP, rotatable: false, setWindowRect: true, takesHeapSnapshot: true, takesScreenshot: true, unexpectedAlertBehaviour: , unhandledPromptBehavior: , version: 64.0.3282.186, webStorageEnabled: true}
Session ID: 836b5e9c8a38f839a6de1438e23e0e88)]]></system-err>
      </testcase>
      <testcase name="Test Cases/CuPaStefanie/41" classname="Test Cases/CuPaStefanie/41" status="FAILED">
         <failure type="FAILED" message="Unable to click on object 'Object Repository/CuPaDl/Icons/Icon_worldmap' (Root cause: org.openqa.selenium.ElementNotVisibleException: element not visible
  (Session info: headless chrome=64.0.3282.186)
  (Driver info: chromedriver=2.35.528161 (5b82f2d2aae0ca24b877009200ced9065a772e73),platform=Windows NT 10.0.16299 x86_64) (WARNING: The server did not provide any stacktrace information)
Command duration or timeout: 0 milliseconds
Build info: version: '3.7.1', revision: '8a0099a', time: '2017-11-06T21:07:36.161Z'
System info: host: 'DESKTOP-47R6KV7', ip: '192.168.100.78', os.name: 'Windows 10', os.arch: 'amd64', os.version: '10.0', java.version: '1.8.0_102'
Driver info: com.kms.katalon.selenium.driver.CChromeDriver
Capabilities {acceptInsecureCerts: false, acceptSslCerts: false, applicationCacheEnabled: false, browserConnectionEnabled: false, browserName: chrome, chrome: {chromedriverVersion: 2.35.528161 (5b82f2d2aae0ca..., userDataDir: C:\Users\MEGAPO~1\AppData\L...}, cssSelectorsEnabled: true, databaseEnabled: false, handlesAlerts: true, hasTouchScreen: false, javascriptEnabled: true, locationContextEnabled: true, mobileEmulationEnabled: false, nativeEvents: true, networkConnectionEnabled: false, pageLoadStrategy: normal, platform: XP, platformName: XP, rotatable: false, setWindowRect: true, takesHeapSnapshot: true, takesScreenshot: true, unexpectedAlertBehaviour: , unhandledPromptBehavior: , version: 64.0.3282.186, webStorageEnabled: true}
Session ID: f639bb50c88d0ba873aba0924c55e2a4)"/>
         <system-out><![CDATA[2018-03-05 16:55:23 - [TEST_CASE][FAILED] - Test Cases/CuPaStefanie/41: Test Cases/CuPaStefanie/41 FAILED because (of) Unable to click on object 'Object Repository/CuPaDl/Icons/Icon_worldmap' (Root cause: org.openqa.selenium.ElementNotVisibleException: element not visible
  (Session info: headless chrome=64.0.3282.186)
  (Driver info: chromedriver=2.35.528161 (5b82f2d2aae0ca24b877009200ced9065a772e73),platform=Windows NT 10.0.16299 x86_64) (WARNING: The server did not provide any stacktrace information)
Command duration or timeout: 0 milliseconds
Build info: version: '3.7.1', revision: '8a0099a', time: '2017-11-06T21:07:36.161Z'
System info: host: 'DESKTOP-47R6KV7', ip: '192.168.100.78', os.name: 'Windows 10', os.arch: 'amd64', os.version: '10.0', java.version: '1.8.0_102'
Driver info: com.kms.katalon.selenium.driver.CChromeDriver
Capabilities {acceptInsecureCerts: false, acceptSslCerts: false, applicationCacheEnabled: false, browserConnectionEnabled: false, browserName: chrome, chrome: {chromedriverVersion: 2.35.528161 (5b82f2d2aae0ca..., userDataDir: C:\Users\MEGAPO~1\AppData\L...}, cssSelectorsEnabled: true, databaseEnabled: false, handlesAlerts: true, hasTouchScreen: false, javascriptEnabled: true, locationContextEnabled: true, mobileEmulationEnabled: false, nativeEvents: true, networkConnectionEnabled: false, pageLoadStrategy: normal, platform: XP, platformName: XP, rotatable: false, setWindowRect: true, takesHeapSnapshot: true, takesScreenshot: true, unexpectedAlertBehaviour: , unhandledPromptBehavior: , version: 64.0.3282.186, webStorageEnabled: true}
Session ID: f639bb50c88d0ba873aba0924c55e2a4)

2018-03-05 16:55:24 - [TEST_STEP][PASSED] - Statement - timeStamp = new java.text.SimpleDateFormat(dd.MM.yyyy).format(java.util.Calendar.getInstance().getTime()): null

2018-03-05 16:55:24 - [TEST_STEP][PASSED] - Statement - timeStampScreenshot = new java.text.SimpleDateFormat(dd.MM.yyyy).format(java.util.Calendar.getInstance().getTime()): null

2018-03-05 16:55:24 - [TEST_STEP][PASSED] - Statement - iconmap = [:]: null

2018-03-05 16:55:24 - [TEST_STEP][PASSED] - Statement - txtmap = [:]: null

2018-03-05 16:55:24 - [TEST_STEP][PASSED] - Statement - signmap = [:]: null

2018-03-05 16:55:24 - [TEST_STEP][PASSED] - cupakeysDl.initStart.initialStart: cupakeysDl.initStart.initialStart is PASSED

2018-03-05 16:55:24 - [MESSAGE][WARNING] - A browser is already opened. Closing browser and opening a new one

2018-03-05 16:55:26 - [MESSAGE][PASSED] - Browser is opened with url: ''

2018-03-05 16:55:29 - [MESSAGE][PASSED] - Delayed 3 second(s)

2018-03-05 16:55:30 - [MESSAGE][PASSED] - Navigate to 'https://d16a4dsnr8a0k1.cloudfront.net/en/2455233.html?price=150.00%20%E2%82%AC&partName=wilsonPartName&vin=wilsonVin&modelCode=XP11&paint=P0A94&modelDescription=wilsonModelDescription&additionalEquipment=wilsonAdditionalEquipment' successfully

2018-03-05 16:55:30 - [MESSAGE][PASSED] - Object 'Object Repository/CuPaDl/Loading_indicator' is visible

2018-03-05 16:55:38 - [MESSAGE][PASSED] - Object 'Object Repository/CuPaDl/Loading_indicator' is NOT visible

2018-03-05 16:55:39 - [MESSAGE][PASSED] - Delayed 1 second(s)

2018-03-05 16:55:39 - [MESSAGE][PASSED] - cupakeysDl.initStart.initialStart is PASSED

2018-03-05 16:55:39 - [TEST_STEP][PASSED] - Statement - (step++): null

2018-03-05 16:55:39 - [TEST_STEP][PASSED] - cupakeysDl.color.changecolor: cupakeysDl.color.changecolor is PASSED

2018-03-05 16:55:39 - [MESSAGE][PASSED] - Object 'Object Repository/CuPaDl/Color/Color' is visible

2018-03-05 16:55:39 - [MESSAGE][PASSED] - Object: 'Object Repository/CuPaDl/Color/Color' is clicked on

2018-03-05 16:55:39 - [MESSAGE][WARNING] - Timeout '0' is invalid. Using default page load timeout: '30'

2018-03-05 16:55:39 - [MESSAGE][PASSED] - Object 'Object Repository/CuPaDl/Color/Color_rebelgreen' is visible

2018-03-05 16:55:40 - [MESSAGE][PASSED] - Delayed 1 second(s)

2018-03-05 16:55:40 - [MESSAGE][PASSED] - Object: 'Object Repository/CuPaDl/Color/Color_rebelgreen' is clicked on

2018-03-05 16:55:41 - [MESSAGE][PASSED] - Object 'Object Repository/CuPaDl/Loading_indicator' is visible

2018-03-05 16:55:42 - [MESSAGE][PASSED] - Object 'Object Repository/CuPaDl/Loading_indicator' is NOT visible

2018-03-05 16:55:43 - [MESSAGE][PASSED] - Delayed 1 second(s)

2018-03-05 16:55:43 - [MESSAGE][PASSED] - cupakeysDl.color.changecolor is PASSED

2018-03-05 16:55:43 - [TEST_STEP][PASSED] - Statement - (step++): null

2018-03-05 16:55:43 - [TEST_STEP][FAILED] - Statement - iconmap += CustomKeywords.cupakeysDl.iconad.iconadd("worldmap", LoadTimeCorrector, step, run, device, timeStamp, iconcount): Unable to click on object 'Object Repository/CuPaDl/Icons/Icon_worldmap' (Root cause: org.openqa.selenium.ElementNotVisibleException: element not visible
  (Session info: headless chrome=64.0.3282.186)
  (Driver info: chromedriver=2.35.528161 (5b82f2d2aae0ca24b877009200ced9065a772e73),platform=Windows NT 10.0.16299 x86_64) (WARNING: The server did not provide any stacktrace information)
Command duration or timeout: 0 milliseconds
Build info: version: '3.7.1', revision: '8a0099a', time: '2017-11-06T21:07:36.161Z'
System info: host: 'DESKTOP-47R6KV7', ip: '192.168.100.78', os.name: 'Windows 10', os.arch: 'amd64', os.version: '10.0', java.version: '1.8.0_102'
Driver info: com.kms.katalon.selenium.driver.CChromeDriver
Capabilities {acceptInsecureCerts: false, acceptSslCerts: false, applicationCacheEnabled: false, browserConnectionEnabled: false, browserName: chrome, chrome: {chromedriverVersion: 2.35.528161 (5b82f2d2aae0ca..., userDataDir: C:\Users\MEGAPO~1\AppData\L...}, cssSelectorsEnabled: true, databaseEnabled: false, handlesAlerts: true, hasTouchScreen: false, javascriptEnabled: true, locationContextEnabled: true, mobileEmulationEnabled: false, nativeEvents: true, networkConnectionEnabled: false, pageLoadStrategy: normal, platform: XP, platformName: XP, rotatable: false, setWindowRect: true, takesHeapSnapshot: true, takesScreenshot: true, unexpectedAlertBehaviour: , unhandledPromptBehavior: , version: 64.0.3282.186, webStorageEnabled: true}
Session ID: f639bb50c88d0ba873aba0924c55e2a4)

2018-03-05 16:55:43 - [MESSAGE][PASSED] - Object 'Object Repository/CuPaDl/Icons/Icon' is visible

2018-03-05 16:55:44 - [MESSAGE][PASSED] - Object: 'Object Repository/CuPaDl/Icons/Icon' is clicked on

2018-03-05 16:55:44 - [MESSAGE][WARNING] - Timeout '0' is invalid. Using default page load timeout: '30'

2018-03-05 16:56:14 - [MESSAGE][WARNING] - Object 'Object Repository/CuPaDl/Icons/Icon_worldmap' is not visible after 30 second(s)

2018-03-05 16:56:15 - [MESSAGE][PASSED] - Delayed 1 second(s)

2018-03-05 16:56:15 - [MESSAGE][FAILED] - Unable to click on object 'Object Repository/CuPaDl/Icons/Icon_worldmap' (Root cause: org.openqa.selenium.ElementNotVisibleException: element not visible
  (Session info: headless chrome=64.0.3282.186)
  (Driver info: chromedriver=2.35.528161 (5b82f2d2aae0ca24b877009200ced9065a772e73),platform=Windows NT 10.0.16299 x86_64) (WARNING: The server did not provide any stacktrace information)
Command duration or timeout: 0 milliseconds
Build info: version: '3.7.1', revision: '8a0099a', time: '2017-11-06T21:07:36.161Z'
System info: host: 'DESKTOP-47R6KV7', ip: '192.168.100.78', os.name: 'Windows 10', os.arch: 'amd64', os.version: '10.0', java.version: '1.8.0_102'
Driver info: com.kms.katalon.selenium.driver.CChromeDriver
Capabilities {acceptInsecureCerts: false, acceptSslCerts: false, applicationCacheEnabled: false, browserConnectionEnabled: false, browserName: chrome, chrome: {chromedriverVersion: 2.35.528161 (5b82f2d2aae0ca..., userDataDir: C:\Users\MEGAPO~1\AppData\L...}, cssSelectorsEnabled: true, databaseEnabled: false, handlesAlerts: true, hasTouchScreen: false, javascriptEnabled: true, locationContextEnabled: true, mobileEmulationEnabled: false, nativeEvents: true, networkConnectionEnabled: false, pageLoadStrategy: normal, platform: XP, platformName: XP, rotatable: false, setWindowRect: true, takesHeapSnapshot: true, takesScreenshot: true, unexpectedAlertBehaviour: , unhandledPromptBehavior: , version: 64.0.3282.186, webStorageEnabled: true}
Session ID: f639bb50c88d0ba873aba0924c55e2a4)

2018-03-05 16:56:15 - [MESSAGE][FAILED] - Unable to click on object 'Object Repository/CuPaDl/Icons/Icon_worldmap' (Root cause: org.openqa.selenium.ElementNotVisibleException: element not visible
  (Session info: headless chrome=64.0.3282.186)
  (Driver info: chromedriver=2.35.528161 (5b82f2d2aae0ca24b877009200ced9065a772e73),platform=Windows NT 10.0.16299 x86_64) (WARNING: The server did not provide any stacktrace information)
Command duration or timeout: 0 milliseconds
Build info: version: '3.7.1', revision: '8a0099a', time: '2017-11-06T21:07:36.161Z'
System info: host: 'DESKTOP-47R6KV7', ip: '192.168.100.78', os.name: 'Windows 10', os.arch: 'amd64', os.version: '10.0', java.version: '1.8.0_102'
Driver info: com.kms.katalon.selenium.driver.CChromeDriver
Capabilities {acceptInsecureCerts: false, acceptSslCerts: false, applicationCacheEnabled: false, browserConnectionEnabled: false, browserName: chrome, chrome: {chromedriverVersion: 2.35.528161 (5b82f2d2aae0ca..., userDataDir: C:\Users\MEGAPO~1\AppData\L...}, cssSelectorsEnabled: true, databaseEnabled: false, handlesAlerts: true, hasTouchScreen: false, javascriptEnabled: true, locationContextEnabled: true, mobileEmulationEnabled: false, nativeEvents: true, networkConnectionEnabled: false, pageLoadStrategy: normal, platform: XP, platformName: XP, rotatable: false, setWindowRect: true, takesHeapSnapshot: true, takesScreenshot: true, unexpectedAlertBehaviour: , unhandledPromptBehavior: , version: 64.0.3282.186, webStorageEnabled: true}
Session ID: f639bb50c88d0ba873aba0924c55e2a4)]]></system-out>
         <system-err><![CDATA[2018-03-05 16:55:23 - [TEST_CASE][FAILED] - Test Cases/CuPaStefanie/41: Test Cases/CuPaStefanie/41 FAILED because (of) Unable to click on object 'Object Repository/CuPaDl/Icons/Icon_worldmap' (Root cause: org.openqa.selenium.ElementNotVisibleException: element not visible
  (Session info: headless chrome=64.0.3282.186)
  (Driver info: chromedriver=2.35.528161 (5b82f2d2aae0ca24b877009200ced9065a772e73),platform=Windows NT 10.0.16299 x86_64) (WARNING: The server did not provide any stacktrace information)
Command duration or timeout: 0 milliseconds
Build info: version: '3.7.1', revision: '8a0099a', time: '2017-11-06T21:07:36.161Z'
System info: host: 'DESKTOP-47R6KV7', ip: '192.168.100.78', os.name: 'Windows 10', os.arch: 'amd64', os.version: '10.0', java.version: '1.8.0_102'
Driver info: com.kms.katalon.selenium.driver.CChromeDriver
Capabilities {acceptInsecureCerts: false, acceptSslCerts: false, applicationCacheEnabled: false, browserConnectionEnabled: false, browserName: chrome, chrome: {chromedriverVersion: 2.35.528161 (5b82f2d2aae0ca..., userDataDir: C:\Users\MEGAPO~1\AppData\L...}, cssSelectorsEnabled: true, databaseEnabled: false, handlesAlerts: true, hasTouchScreen: false, javascriptEnabled: true, locationContextEnabled: true, mobileEmulationEnabled: false, nativeEvents: true, networkConnectionEnabled: false, pageLoadStrategy: normal, platform: XP, platformName: XP, rotatable: false, setWindowRect: true, takesHeapSnapshot: true, takesScreenshot: true, unexpectedAlertBehaviour: , unhandledPromptBehavior: , version: 64.0.3282.186, webStorageEnabled: true}
Session ID: f639bb50c88d0ba873aba0924c55e2a4)]]></system-err>
      </testcase>
      <testcase name="Test Cases/CuPaStefanie/42" classname="Test Cases/CuPaStefanie/42" status="FAILED">
         <failure type="FAILED" message="Unable to wait for object to be visible (Root cause: java.lang.IllegalArgumentException: Object is null)"/>
         <system-out><![CDATA[2018-03-05 16:56:15 - [TEST_CASE][FAILED] - Test Cases/CuPaStefanie/42: Test Cases/CuPaStefanie/42 FAILED because (of) Unable to wait for object to be visible (Root cause: java.lang.IllegalArgumentException: Object is null)

2018-03-05 16:56:15 - [TEST_STEP][PASSED] - Statement - timeStamp = new java.text.SimpleDateFormat(dd.MM.yyyy).format(java.util.Calendar.getInstance().getTime()): null

2018-03-05 16:56:15 - [TEST_STEP][PASSED] - Statement - timeStampScreenshot = new java.text.SimpleDateFormat(dd.MM.yyyy).format(java.util.Calendar.getInstance().getTime()): null

2018-03-05 16:56:15 - [TEST_STEP][PASSED] - Statement - iconmap = [:]: null

2018-03-05 16:56:15 - [TEST_STEP][PASSED] - Statement - txtmap = [:]: null

2018-03-05 16:56:15 - [TEST_STEP][PASSED] - Statement - signmap = [:]: null

2018-03-05 16:56:15 - [TEST_STEP][PASSED] - cupakeysDl.initStart.initialStart: cupakeysDl.initStart.initialStart is PASSED

2018-03-05 16:56:15 - [MESSAGE][WARNING] - A browser is already opened. Closing browser and opening a new one

2018-03-05 16:56:18 - [MESSAGE][PASSED] - Browser is opened with url: ''

2018-03-05 16:56:21 - [MESSAGE][PASSED] - Delayed 3 second(s)

2018-03-05 16:56:22 - [MESSAGE][PASSED] - Navigate to 'https://d16a4dsnr8a0k1.cloudfront.net/en/2455233.html?price=150.00%20%E2%82%AC&partName=wilsonPartName&vin=wilsonVin&modelCode=XP11&paint=P0A94&modelDescription=wilsonModelDescription&additionalEquipment=wilsonAdditionalEquipment' successfully

2018-03-05 16:56:22 - [MESSAGE][PASSED] - Object 'Object Repository/CuPaDl/Loading_indicator' is visible

2018-03-05 16:56:30 - [MESSAGE][PASSED] - Object 'Object Repository/CuPaDl/Loading_indicator' is NOT visible

2018-03-05 16:56:31 - [MESSAGE][PASSED] - Delayed 1 second(s)

2018-03-05 16:56:31 - [MESSAGE][PASSED] - cupakeysDl.initStart.initialStart is PASSED

2018-03-05 16:56:31 - [TEST_STEP][PASSED] - Statement - (step++): null

2018-03-05 16:56:31 - [TEST_STEP][FAILED] - cupakeysDl.color.changecolor: Unable to wait for object to be visible (Root cause: java.lang.IllegalArgumentException: Object is null)

2018-03-05 16:56:31 - [MESSAGE][PASSED] - Object 'Object Repository/CuPaDl/Color/Color' is visible

2018-03-05 16:56:31 - [MESSAGE][PASSED] - Object: 'Object Repository/CuPaDl/Color/Color' is clicked on

2018-03-05 16:56:31 - [MESSAGE][WARNING] - Test object with id 'Object Repository/CuPaDl/Color/Color_caribeanblue' does not exist

2018-03-05 16:56:31 - [MESSAGE][WARNING] - Test object with id 'Object Repository/' does not exist

2018-03-05 16:56:31 - [MESSAGE][FAILED] - Unable to wait for object to be visible (Root cause: java.lang.IllegalArgumentException: Object is null)

2018-03-05 16:56:31 - [MESSAGE][FAILED] - Unable to wait for object to be visible (Root cause: java.lang.IllegalArgumentException: Object is null)]]></system-out>
         <system-err><![CDATA[2018-03-05 16:56:15 - [TEST_CASE][FAILED] - Test Cases/CuPaStefanie/42: Test Cases/CuPaStefanie/42 FAILED because (of) Unable to wait for object to be visible (Root cause: java.lang.IllegalArgumentException: Object is null)]]></system-err>
      </testcase>
      <system-out><![CDATA[2018-03-05 16:42:07 - [TEST_SUITE][FAILED] - CuPa: Test Cases/CuPaStefanie/13 FAILED because (of) Unable to click on object 'Object Repository/CuPaDl/Structure/Structure_fade' (Root cause: org.openqa.selenium.ElementNotVisibleException: element not visible
  (Session info: headless chrome=64.0.3282.186)
  (Driver info: chromedriver=2.35.528161 (5b82f2d2aae0ca24b877009200ced9065a772e73),platform=Windows NT 10.0.16299 x86_64) (WARNING: The server did not provide any stacktrace information)
Command duration or timeout: 0 milliseconds
Build info: version: '3.7.1', revision: '8a0099a', time: '2017-11-06T21:07:36.161Z'
System info: host: 'DESKTOP-47R6KV7', ip: '192.168.100.78', os.name: 'Windows 10', os.arch: 'amd64', os.version: '10.0', java.version: '1.8.0_102'
Driver info: com.kms.katalon.selenium.driver.CChromeDriver
Capabilities {acceptInsecureCerts: false, acceptSslCerts: false, applicationCacheEnabled: false, browserConnectionEnabled: false, browserName: chrome, chrome: {chromedriverVersion: 2.35.528161 (5b82f2d2aae0ca..., userDataDir: C:\Users\MEGAPO~1\AppData\L...}, cssSelectorsEnabled: true, databaseEnabled: false, handlesAlerts: true, hasTouchScreen: false, javascriptEnabled: true, locationContextEnabled: true, mobileEmulationEnabled: false, nativeEvents: true, networkConnectionEnabled: false, pageLoadStrategy: normal, platform: XP, platformName: XP, rotatable: false, setWindowRect: true, takesHeapSnapshot: true, takesScreenshot: true, unexpectedAlertBehaviour: , unhandledPromptBehavior: , version: 64.0.3282.186, webStorageEnabled: true}
Session ID: b1ab4085bdd25afa50499f1eeaa789b6)]]></system-out>
      <system-err><![CDATA[2018-03-05 16:42:07 - [TEST_SUITE][FAILED] - CuPa: Test Cases/CuPaStefanie/13 FAILED because (of) Unable to click on object 'Object Repository/CuPaDl/Structure/Structure_fade' (Root cause: org.openqa.selenium.ElementNotVisibleException: element not visible
  (Session info: headless chrome=64.0.3282.186)
  (Driver info: chromedriver=2.35.528161 (5b82f2d2aae0ca24b877009200ced9065a772e73),platform=Windows NT 10.0.16299 x86_64) (WARNING: The server did not provide any stacktrace information)
Command duration or timeout: 0 milliseconds
Build info: version: '3.7.1', revision: '8a0099a', time: '2017-11-06T21:07:36.161Z'
System info: host: 'DESKTOP-47R6KV7', ip: '192.168.100.78', os.name: 'Windows 10', os.arch: 'amd64', os.version: '10.0', java.version: '1.8.0_102'
Driver info: com.kms.katalon.selenium.driver.CChromeDriver
Capabilities {acceptInsecureCerts: false, acceptSslCerts: false, applicationCacheEnabled: false, browserConnectionEnabled: false, browserName: chrome, chrome: {chromedriverVersion: 2.35.528161 (5b82f2d2aae0ca..., userDataDir: C:\Users\MEGAPO~1\AppData\L...}, cssSelectorsEnabled: true, databaseEnabled: false, handlesAlerts: true, hasTouchScreen: false, javascriptEnabled: true, locationContextEnabled: true, mobileEmulationEnabled: false, nativeEvents: true, networkConnectionEnabled: false, pageLoadStrategy: normal, platform: XP, platformName: XP, rotatable: false, setWindowRect: true, takesHeapSnapshot: true, takesScreenshot: true, unexpectedAlertBehaviour: , unhandledPromptBehavior: , version: 64.0.3282.186, webStorageEnabled: true}
Session ID: b1ab4085bdd25afa50499f1eeaa789b6)]]></system-err>
   </testsuite>
</testsuites>
