<?xml version="1.0" encoding="UTF-8"?>
<testsuites name="CuPa" time="2703" tests="36" failures="7" errors="0">
   <testsuite name="CuPa" tests="36" failures="7" errors="0" time="2703" timestamp="2018-03-05 19:59:01" hostname="Megapoort - DESKTOP-47R6KV7.localdomain" id="Test Suites/CuPa">
      <properties>
         <property name="deviceName" value=""/>
         <property name="devicePlatform" value=""/>
         <property name="logFolder" value="D:\\Project\\DS5.2.1\\Reports\\CuPa\\20180305_195859"/>
         <property name="logFiles" value="D:\\Project\\DS5.2.1\\Reports\\CuPa\\20180305_195859\\execution0.log"/>
         <property name="attachments" value=""/>
         <property name="hostName" value="Megapoort - DESKTOP-47R6KV7.localdomain"/>
         <property name="os" value="Windows 10 64bit"/>
         <property name="katalonVersion" value="5.3.1.1"/>
         <property name="browser" value="Chrome 64.0.3282.186"/>
         <property name="hostAddress" value="192.168.100.78"/>
         <property name="sessionId" value="fccc5ceb71a1ba14bb2976d4626b1a87"/>
         <property name="seleniumVersion" value="3.7.1"/>
         <property name="proxyInformation" value="ProxyInformation{proxyOption=NO_PROXY, proxyServerType=HTTP, password=, proxyServerAddress=, proxyServerPort=0}"/>
         <property name="platform" value="Windows 10"/>
      </properties>
      <testcase name="Test Cases/CuPaStefanie/0" classname="Test Cases/CuPaStefanie/0" status="PASSED">
         <system-out><![CDATA[2018-03-05 19:59:01 - [TEST_CASE][PASSED] - Test Cases/CuPaStefanie/0: Test Cases/CuPaStefanie/0

2018-03-05 19:59:02 - [TEST_STEP][PASSED] - Statement - timeStamp = new java.text.SimpleDateFormat(dd.MM.yyyy).format(java.util.Calendar.getInstance().getTime()): null

2018-03-05 19:59:02 - [TEST_STEP][PASSED] - Statement - timeStampScreenshot = new java.text.SimpleDateFormat(dd.MM.yyyy).format(java.util.Calendar.getInstance().getTime()): null

2018-03-05 19:59:02 - [TEST_STEP][PASSED] - Statement - ps = new java.io.PrintStream((((timeStamp + _Run) + run) + .txt)): null]]></system-out>
         <system-err><![CDATA[]]></system-err>
      </testcase>
      <testcase name="Test Cases/CuPaStefanie/1" classname="Test Cases/CuPaStefanie/1" status="PASSED">
         <system-out><![CDATA[2018-03-05 19:59:02 - [TEST_CASE][PASSED] - Test Cases/CuPaStefanie/1: Test Cases/CuPaStefanie/1

2018-03-05 19:59:02 - [TEST_STEP][PASSED] - Statement - timeStamp = new java.text.SimpleDateFormat(dd.MM.yyyy).format(java.util.Calendar.getInstance().getTime()): null

2018-03-05 19:59:02 - [TEST_STEP][PASSED] - Statement - timeStampScreenshot = new java.text.SimpleDateFormat(dd.MM.yyyy).format(java.util.Calendar.getInstance().getTime()): null

2018-03-05 19:59:02 - [TEST_STEP][PASSED] - Statement - iconmap = [:]: null

2018-03-05 19:59:02 - [TEST_STEP][PASSED] - Statement - txtmap = [:]: null

2018-03-05 19:59:02 - [TEST_STEP][PASSED] - Statement - signmap = [:]: null

2018-03-05 19:59:02 - [TEST_STEP][PASSED] - cupakeysDl.initStart.initialStart: cupakeysDl.initStart.initialStart is PASSED

2018-03-05 19:59:05 - [MESSAGE][PASSED] - Browser is opened with url: ''

2018-03-05 19:59:08 - [MESSAGE][PASSED] - Delayed 3 second(s)

2018-03-05 19:59:10 - [MESSAGE][PASSED] - Navigate to 'https://d16a4dsnr8a0k1.cloudfront.net/en/2455233.html?price=150.00%20%E2%82%AC&partName=wilsonPartName&vin=wilsonVin&modelCode=XP11&paint=P0A94&modelDescription=wilsonModelDescription&additionalEquipment=wilsonAdditionalEquipment' successfully

2018-03-05 19:59:10 - [MESSAGE][PASSED] - Object 'Object Repository/CuPaDl/Loading_indicator' is visible

2018-03-05 19:59:19 - [MESSAGE][PASSED] - Object 'Object Repository/CuPaDl/Loading_indicator' is NOT visible

2018-03-05 19:59:20 - [MESSAGE][PASSED] - Delayed 1 second(s)

2018-03-05 19:59:20 - [MESSAGE][PASSED] - cupakeysDl.initStart.initialStart is PASSED

2018-03-05 19:59:20 - [TEST_STEP][PASSED] - Statement - (step++): null

2018-03-05 19:59:20 - [TEST_STEP][PASSED] - cupakeysDl.color.changecolor: cupakeysDl.color.changecolor is PASSED

2018-03-05 19:59:20 - [MESSAGE][PASSED] - Object 'Object Repository/CuPaDl/Color/Color' is visible

2018-03-05 19:59:20 - [MESSAGE][PASSED] - Object: 'Object Repository/CuPaDl/Color/Color' is clicked on

2018-03-05 19:59:21 - [MESSAGE][PASSED] - Delayed 1 second(s)

2018-03-05 19:59:21 - [MESSAGE][PASSED] - Object 'Object Repository/CuPaDl/Color/Color_passionred' is visible

2018-03-05 19:59:21 - [MESSAGE][PASSED] - Object: 'Object Repository/CuPaDl/Color/Color_passionred' is clicked on

2018-03-05 19:59:21 - [MESSAGE][WARNING] - Timeout '0' is invalid. Using default page load timeout: '30'

2018-03-05 19:59:21 - [MESSAGE][PASSED] - Object 'Object Repository/CuPaDl/Color/Color_passionred' is visible

2018-03-05 19:59:22 - [MESSAGE][PASSED] - Delayed 1 second(s)

2018-03-05 19:59:23 - [MESSAGE][PASSED] - Object: 'Object Repository/CuPaDl/Color/Color_passionred' is clicked on

2018-03-05 19:59:23 - [MESSAGE][PASSED] - Object 'Object Repository/CuPaDl/Loading_indicator' is visible

2018-03-05 19:59:26 - [MESSAGE][PASSED] - Object 'Object Repository/CuPaDl/Loading_indicator' is NOT visible

2018-03-05 19:59:27 - [MESSAGE][PASSED] - Delayed 1 second(s)

2018-03-05 19:59:27 - [MESSAGE][PASSED] - cupakeysDl.color.changecolor is PASSED

2018-03-05 19:59:27 - [TEST_STEP][PASSED] - Statement - (step++): null

2018-03-05 19:59:27 - [TEST_STEP][PASSED] - cupakeysDl.chngstruct.changestructure: cupakeysDl.chngstruct.changestructure is PASSED

2018-03-05 19:59:27 - [MESSAGE][PASSED] - Object: 'Object Repository/CuPaDl/Structure/Structure' is clicked on

2018-03-05 19:59:27 - [MESSAGE][WARNING] - Timeout '0' is invalid. Using default page load timeout: '30'

2018-03-05 19:59:27 - [MESSAGE][PASSED] - Object 'Object Repository/CuPaDl/Structure/Structure_Hahnentritt' is visible

2018-03-05 19:59:27 - [MESSAGE][PASSED] - Object 'Object Repository/CuPaDl/Structure/Structure_drops' is visible

2018-03-05 19:59:27 - [MESSAGE][PASSED] - Object: 'Object Repository/CuPaDl/Structure/Structure_drops' is clicked on

2018-03-05 19:59:28 - [MESSAGE][PASSED] - Object 'Object Repository/CuPaDl/Loading_indicator' is visible

2018-03-05 19:59:35 - [MESSAGE][PASSED] - Object 'Object Repository/CuPaDl/Loading_indicator' is NOT visible

2018-03-05 19:59:36 - [MESSAGE][PASSED] - Delayed 1 second(s)

2018-03-05 19:59:36 - [MESSAGE][PASSED] - cupakeysDl.chngstruct.changestructure is PASSED

2018-03-05 19:59:36 - [TEST_STEP][PASSED] - Statement - (step++): null

2018-03-05 19:59:36 - [TEST_STEP][PASSED] - cupakeysDl.sclstruct.scalestructure: cupakeysDl.sclstruct.scalestructure is PASSED

2018-03-05 19:59:39 - [MESSAGE][WARNING] - Object 'Object Repository/CuPaDl/Structure/Resize_Structure_bottomright' is not visible after 3 second(s)

2018-03-05 19:59:40 - [MESSAGE][PASSED] - Object: 'Object Repository/CuPaDl/Structure/Resize_Structure' is clicked on

2018-03-05 19:59:40 - [MESSAGE][WARNING] - Timeout '0' is invalid. Using default page load timeout: '30'

2018-03-05 19:59:40 - [MESSAGE][PASSED] - Object 'Object Repository/CuPaDl/Structure/Resize_Structure_bottomright' is visible

2018-03-05 19:59:41 - [MESSAGE][PASSED] - Delayed 1 second(s)

2018-03-05 19:59:41 - [MESSAGE][PASSED] - Current viewport's left (x) position is 0

2018-03-05 19:59:41 - [MESSAGE][PASSED] - Current viewport's top (y) position is 54

2018-03-05 19:59:41 - [MESSAGE][PASSED] - Dragged object with id 'Object Repository/CuPaDl/Structure/Resize_Structure_bottomright' by offset distance x = -225 and y = -171 successfully

2018-03-05 19:59:42 - [MESSAGE][PASSED] - Object 'Object Repository/CuPaDl/Loading_indicator' is visible

2018-03-05 20:00:07 - [MESSAGE][PASSED] - Object 'Object Repository/CuPaDl/Loading_indicator' is NOT visible

2018-03-05 20:00:08 - [MESSAGE][PASSED] - Delayed 1 second(s)

2018-03-05 20:00:08 - [MESSAGE][PASSED] - cupakeysDl.sclstruct.scalestructure is PASSED

2018-03-05 20:00:08 - [TEST_STEP][PASSED] - Statement - (step++): null

2018-03-05 20:00:08 - [TEST_STEP][PASSED] - Statement - iconmap += CustomKeywords.cupakeysDl.iconad.iconadd("unionjack", LoadTimeCorrector, step, run, device, timeStamp, iconcount): cupakeysDl.iconad.iconadd is PASSED

2018-03-05 20:00:08 - [MESSAGE][PASSED] - Object: 'Object Repository/CuPaDl/Icons/Icon' is clicked on

2018-03-05 20:00:08 - [MESSAGE][PASSED] - Object 'Object Repository/CuPaDl/Icons/Icon_unionjack' is visible

2018-03-05 20:00:08 - [MESSAGE][PASSED] - Object: 'Object Repository/CuPaDl/Icons/Icon_unionjack' is clicked on

2018-03-05 20:00:09 - [MESSAGE][PASSED] - Delayed 1 second(s)

2018-03-05 20:00:09 - [MESSAGE][PASSED] - Object: 'Object Repository/CuPaDl/Icons/Icon_unionjack' is clicked on

2018-03-05 20:00:09 - [MESSAGE][PASSED] - Object 'Object Repository/CuPaDl/Loading_indicator' is visible

2018-03-05 20:00:15 - [MESSAGE][PASSED] - Object 'Object Repository/CuPaDl/Loading_indicator' is NOT visible

2018-03-05 20:00:15 - [MESSAGE][WARNING] - Timeout '0' is invalid. Using default page load timeout: '30'

2018-03-05 20:00:15 - [MESSAGE][PASSED] - Width of element 'Object Repository/CuPaDl/Icons/Reposition_icon' is '40'

2018-03-05 20:00:15 - [MESSAGE][PASSED] - Height of element 'Object Repository/CuPaDl/Icons/Reposition_icon' is '40'.

2018-03-05 20:00:16 - [MESSAGE][PASSED] - Delayed 1 second(s)

2018-03-05 20:00:16 - [MESSAGE][PASSED] - cupakeysDl.iconad.iconadd is PASSED

2018-03-05 20:00:16 - [TEST_STEP][PASSED] - Statement - (step++): null

2018-03-05 20:00:16 - [TEST_STEP][PASSED] - Statement - (iconcount++): null

2018-03-05 20:00:16 - [TEST_STEP][PASSED] - cupakeysDl.iconres.iconresize: cupakeysDl.iconres.iconresize is PASSED

2018-03-05 20:00:16 - [MESSAGE][PASSED] - Object 'Object Repository/CuPaDl/Icons/Reposition_icon' is visible

2018-03-05 20:00:16 - [MESSAGE][PASSED] - Current viewport's left (x) position is 0

2018-03-05 20:00:16 - [MESSAGE][PASSED] - Current viewport's top (y) position is 54

2018-03-05 20:00:16 - [MESSAGE][PASSED] - Dragged object with id 'Object Repository/CuPaDl/Icons/Resize_icon_bottomright' by offset distance x = -125 and y = -71 successfully

2018-03-05 20:00:17 - [MESSAGE][PASSED] - Object 'Object Repository/CuPaDl/Loading_indicator' is visible

2018-03-05 20:00:21 - [MESSAGE][PASSED] - Object 'Object Repository/CuPaDl/Loading_indicator' is NOT visible

2018-03-05 20:00:22 - [MESSAGE][PASSED] - Delayed 1 second(s)

2018-03-05 20:00:22 - [MESSAGE][PASSED] - cupakeysDl.iconres.iconresize is PASSED

2018-03-05 20:00:22 - [TEST_STEP][PASSED] - Statement - (step++): null

2018-03-05 20:00:22 - [TEST_STEP][PASSED] - cupakeysDl.slink.svlink: cupakeysDl.slink.svlink is PASSED

2018-03-05 20:00:22 - [MESSAGE][PASSED] - Scroll to object 'Object Repository/CuPaDl/Save/Save' successfully

2018-03-05 20:00:22 - [MESSAGE][PASSED] - Object: 'Object Repository/CuPaDl/Save/Save' is clicked on

2018-03-05 20:00:22 - [MESSAGE][WARNING] - Timeout '0' is invalid. Using default page load timeout: '30'

2018-03-05 20:00:25 - [MESSAGE][PASSED] - Object 'Object Repository/CuPaDl/Save/CopyLink' is visible

2018-03-05 20:00:25 - [MESSAGE][PASSED] - Object: 'Object Repository/CuPaDl/Save/CopyLink' is clicked on

2018-03-05 20:00:26 - [MESSAGE][PASSED] - Delayed 1 second(s)

2018-03-05 20:00:26 - [MESSAGE][PASSED] - Object: 'Object Repository/CuPaDl/Save/Close' is clicked on

2018-03-05 20:00:27 - [MESSAGE][PASSED] - Delayed 1 second(s)

2018-03-05 20:00:27 - [MESSAGE][PASSED] - cupakeysDl.slink.svlink is PASSED

2018-03-05 20:00:27 - [TEST_STEP][PASSED] - cupakeysDl.endsession.finishsession: cupakeysDl.endsession.finishsession is PASSED

2018-03-05 20:00:30 - [MESSAGE][PASSED] - Delayed 3 second(s)

2018-03-05 20:00:30 - [MESSAGE][PASSED] - Browser is closed

2018-03-05 20:00:30 - [MESSAGE][PASSED] - cupakeysDl.endsession.finishsession is PASSED]]></system-out>
         <system-err><![CDATA[]]></system-err>
      </testcase>
      <testcase name="Test Cases/CuPaStefanie/2" classname="Test Cases/CuPaStefanie/2" status="PASSED">
         <system-out><![CDATA[2018-03-05 20:00:30 - [TEST_CASE][PASSED] - Test Cases/CuPaStefanie/2: Test Cases/CuPaStefanie/2

2018-03-05 20:00:31 - [TEST_STEP][PASSED] - Statement - timeStamp = new java.text.SimpleDateFormat(dd.MM.yyyy).format(java.util.Calendar.getInstance().getTime()): null

2018-03-05 20:00:31 - [TEST_STEP][PASSED] - Statement - timeStampScreenshot = new java.text.SimpleDateFormat(dd.MM.yyyy).format(java.util.Calendar.getInstance().getTime()): null

2018-03-05 20:00:31 - [TEST_STEP][PASSED] - Statement - iconmap = [:]: null

2018-03-05 20:00:31 - [TEST_STEP][PASSED] - Statement - txtmap = [:]: null

2018-03-05 20:00:31 - [TEST_STEP][PASSED] - Statement - signmap = [:]: null

2018-03-05 20:00:31 - [TEST_STEP][PASSED] - cupakeysDl.initStart.initialStart: cupakeysDl.initStart.initialStart is PASSED

2018-03-05 20:00:33 - [MESSAGE][PASSED] - Browser is opened with url: ''

2018-03-05 20:00:36 - [MESSAGE][PASSED] - Delayed 3 second(s)

2018-03-05 20:00:38 - [MESSAGE][PASSED] - Navigate to 'https://d16a4dsnr8a0k1.cloudfront.net/en/2455233.html?price=150.00%20%E2%82%AC&partName=wilsonPartName&vin=wilsonVin&modelCode=XP11&paint=P0A94&modelDescription=wilsonModelDescription&additionalEquipment=wilsonAdditionalEquipment' successfully

2018-03-05 20:00:38 - [MESSAGE][PASSED] - Object 'Object Repository/CuPaDl/Loading_indicator' is visible

2018-03-05 20:00:50 - [MESSAGE][PASSED] - Object 'Object Repository/CuPaDl/Loading_indicator' is NOT visible

2018-03-05 20:00:51 - [MESSAGE][PASSED] - Delayed 1 second(s)

2018-03-05 20:00:51 - [MESSAGE][PASSED] - cupakeysDl.initStart.initialStart is PASSED

2018-03-05 20:00:51 - [TEST_STEP][PASSED] - Statement - (step++): null

2018-03-05 20:00:51 - [TEST_STEP][PASSED] - cupakeysDl.color.changecolor: cupakeysDl.color.changecolor is PASSED

2018-03-05 20:00:51 - [MESSAGE][PASSED] - Object 'Object Repository/CuPaDl/Color/Color' is visible

2018-03-05 20:00:51 - [MESSAGE][PASSED] - Object: 'Object Repository/CuPaDl/Color/Color' is clicked on

2018-03-05 20:00:52 - [MESSAGE][PASSED] - Delayed 1 second(s)

2018-03-05 20:00:52 - [MESSAGE][PASSED] - Object 'Object Repository/CuPaDl/Color/Color_passionred' is visible

2018-03-05 20:00:52 - [MESSAGE][PASSED] - Object: 'Object Repository/CuPaDl/Color/Color_passionred' is clicked on

2018-03-05 20:00:52 - [MESSAGE][WARNING] - Timeout '0' is invalid. Using default page load timeout: '30'

2018-03-05 20:00:52 - [MESSAGE][PASSED] - Object 'Object Repository/CuPaDl/Color/Color_passionred' is visible

2018-03-05 20:00:53 - [MESSAGE][PASSED] - Delayed 1 second(s)

2018-03-05 20:00:54 - [MESSAGE][PASSED] - Object: 'Object Repository/CuPaDl/Color/Color_passionred' is clicked on

2018-03-05 20:00:54 - [MESSAGE][PASSED] - Object 'Object Repository/CuPaDl/Loading_indicator' is visible

2018-03-05 20:00:57 - [MESSAGE][PASSED] - Object 'Object Repository/CuPaDl/Loading_indicator' is NOT visible

2018-03-05 20:00:58 - [MESSAGE][PASSED] - Delayed 1 second(s)

2018-03-05 20:00:58 - [MESSAGE][PASSED] - cupakeysDl.color.changecolor is PASSED

2018-03-05 20:00:58 - [TEST_STEP][PASSED] - Statement - (step++): null

2018-03-05 20:00:58 - [TEST_STEP][PASSED] - cupakeysDl.chngstruct.changestructure: cupakeysDl.chngstruct.changestructure is PASSED

2018-03-05 20:00:58 - [MESSAGE][PASSED] - Object: 'Object Repository/CuPaDl/Structure/Structure' is clicked on

2018-03-05 20:00:58 - [MESSAGE][WARNING] - Timeout '0' is invalid. Using default page load timeout: '30'

2018-03-05 20:00:58 - [MESSAGE][PASSED] - Object 'Object Repository/CuPaDl/Structure/Structure_Hahnentritt' is visible

2018-03-05 20:00:58 - [MESSAGE][PASSED] - Object 'Object Repository/CuPaDl/Structure/Structure_drops' is visible

2018-03-05 20:00:58 - [MESSAGE][PASSED] - Object: 'Object Repository/CuPaDl/Structure/Structure_drops' is clicked on

2018-03-05 20:00:59 - [MESSAGE][PASSED] - Object 'Object Repository/CuPaDl/Loading_indicator' is visible

2018-03-05 20:01:06 - [MESSAGE][PASSED] - Object 'Object Repository/CuPaDl/Loading_indicator' is NOT visible

2018-03-05 20:01:07 - [MESSAGE][PASSED] - Delayed 1 second(s)

2018-03-05 20:01:07 - [MESSAGE][PASSED] - cupakeysDl.chngstruct.changestructure is PASSED

2018-03-05 20:01:07 - [TEST_STEP][PASSED] - Statement - (step++): null

2018-03-05 20:01:07 - [TEST_STEP][PASSED] - cupakeysDl.sclstruct.scalestructure: cupakeysDl.sclstruct.scalestructure is PASSED

2018-03-05 20:01:10 - [MESSAGE][WARNING] - Object 'Object Repository/CuPaDl/Structure/Resize_Structure_bottomright' is not visible after 3 second(s)

2018-03-05 20:01:11 - [MESSAGE][PASSED] - Object: 'Object Repository/CuPaDl/Structure/Resize_Structure' is clicked on

2018-03-05 20:01:11 - [MESSAGE][WARNING] - Timeout '0' is invalid. Using default page load timeout: '30'

2018-03-05 20:01:11 - [MESSAGE][PASSED] - Object 'Object Repository/CuPaDl/Structure/Resize_Structure_bottomright' is visible

2018-03-05 20:01:12 - [MESSAGE][PASSED] - Delayed 1 second(s)

2018-03-05 20:01:12 - [MESSAGE][PASSED] - Current viewport's left (x) position is 0

2018-03-05 20:01:12 - [MESSAGE][PASSED] - Current viewport's top (y) position is 54

2018-03-05 20:01:12 - [MESSAGE][PASSED] - Dragged object with id 'Object Repository/CuPaDl/Structure/Resize_Structure_bottomright' by offset distance x = 225 and y = 279 successfully

2018-03-05 20:01:13 - [MESSAGE][PASSED] - Object 'Object Repository/CuPaDl/Loading_indicator' is visible

2018-03-05 20:01:18 - [MESSAGE][PASSED] - Object 'Object Repository/CuPaDl/Loading_indicator' is NOT visible

2018-03-05 20:01:19 - [MESSAGE][PASSED] - Delayed 1 second(s)

2018-03-05 20:01:19 - [MESSAGE][PASSED] - cupakeysDl.sclstruct.scalestructure is PASSED

2018-03-05 20:01:19 - [TEST_STEP][PASSED] - Statement - (step++): null

2018-03-05 20:01:19 - [TEST_STEP][PASSED] - Statement - iconmap += CustomKeywords.cupakeysDl.iconad.iconadd("unionjack", LoadTimeCorrector, step, run, device, timeStamp, iconcount): cupakeysDl.iconad.iconadd is PASSED

2018-03-05 20:01:19 - [MESSAGE][PASSED] - Object: 'Object Repository/CuPaDl/Icons/Icon' is clicked on

2018-03-05 20:01:19 - [MESSAGE][PASSED] - Object 'Object Repository/CuPaDl/Icons/Icon_unionjack' is visible

2018-03-05 20:01:19 - [MESSAGE][PASSED] - Object: 'Object Repository/CuPaDl/Icons/Icon_unionjack' is clicked on

2018-03-05 20:01:20 - [MESSAGE][PASSED] - Delayed 1 second(s)

2018-03-05 20:01:20 - [MESSAGE][PASSED] - Object: 'Object Repository/CuPaDl/Icons/Icon_unionjack' is clicked on

2018-03-05 20:01:20 - [MESSAGE][PASSED] - Object 'Object Repository/CuPaDl/Loading_indicator' is visible

2018-03-05 20:01:25 - [MESSAGE][PASSED] - Object 'Object Repository/CuPaDl/Loading_indicator' is NOT visible

2018-03-05 20:01:25 - [MESSAGE][WARNING] - Timeout '0' is invalid. Using default page load timeout: '30'

2018-03-05 20:01:25 - [MESSAGE][PASSED] - Width of element 'Object Repository/CuPaDl/Icons/Reposition_icon' is '40'

2018-03-05 20:01:25 - [MESSAGE][PASSED] - Height of element 'Object Repository/CuPaDl/Icons/Reposition_icon' is '40'.

2018-03-05 20:01:26 - [MESSAGE][PASSED] - Delayed 1 second(s)

2018-03-05 20:01:26 - [MESSAGE][PASSED] - cupakeysDl.iconad.iconadd is PASSED

2018-03-05 20:01:26 - [TEST_STEP][PASSED] - Statement - (step++): null

2018-03-05 20:01:26 - [TEST_STEP][PASSED] - Statement - (iconcount++): null

2018-03-05 20:01:26 - [TEST_STEP][PASSED] - cupakeysDl.iconres.iconresize: cupakeysDl.iconres.iconresize is PASSED

2018-03-05 20:01:26 - [MESSAGE][PASSED] - Object 'Object Repository/CuPaDl/Icons/Reposition_icon' is visible

2018-03-05 20:01:26 - [MESSAGE][PASSED] - Current viewport's left (x) position is 0

2018-03-05 20:01:26 - [MESSAGE][PASSED] - Current viewport's top (y) position is 54

2018-03-05 20:01:26 - [MESSAGE][PASSED] - Dragged object with id 'Object Repository/CuPaDl/Icons/Resize_icon_bottomright' by offset distance x = 125 and y = 179 successfully

2018-03-05 20:01:27 - [MESSAGE][PASSED] - Object 'Object Repository/CuPaDl/Loading_indicator' is visible

2018-03-05 20:01:30 - [MESSAGE][PASSED] - Object 'Object Repository/CuPaDl/Loading_indicator' is NOT visible

2018-03-05 20:01:31 - [MESSAGE][PASSED] - Delayed 1 second(s)

2018-03-05 20:01:31 - [MESSAGE][PASSED] - cupakeysDl.iconres.iconresize is PASSED

2018-03-05 20:01:31 - [TEST_STEP][PASSED] - Statement - (step++): null

2018-03-05 20:01:31 - [TEST_STEP][PASSED] - cupakeysDl.slink.svlink: cupakeysDl.slink.svlink is PASSED

2018-03-05 20:01:31 - [MESSAGE][PASSED] - Scroll to object 'Object Repository/CuPaDl/Save/Save' successfully

2018-03-05 20:01:31 - [MESSAGE][PASSED] - Object: 'Object Repository/CuPaDl/Save/Save' is clicked on

2018-03-05 20:01:31 - [MESSAGE][WARNING] - Timeout '0' is invalid. Using default page load timeout: '30'

2018-03-05 20:01:34 - [MESSAGE][PASSED] - Object 'Object Repository/CuPaDl/Save/CopyLink' is visible

2018-03-05 20:01:34 - [MESSAGE][PASSED] - Object: 'Object Repository/CuPaDl/Save/CopyLink' is clicked on

2018-03-05 20:01:35 - [MESSAGE][PASSED] - Delayed 1 second(s)

2018-03-05 20:01:35 - [MESSAGE][PASSED] - Object: 'Object Repository/CuPaDl/Save/Close' is clicked on

2018-03-05 20:01:36 - [MESSAGE][PASSED] - Delayed 1 second(s)

2018-03-05 20:01:36 - [MESSAGE][PASSED] - cupakeysDl.slink.svlink is PASSED

2018-03-05 20:01:36 - [TEST_STEP][PASSED] - cupakeysDl.endsession.finishsession: cupakeysDl.endsession.finishsession is PASSED

2018-03-05 20:01:39 - [MESSAGE][PASSED] - Delayed 3 second(s)

2018-03-05 20:01:39 - [MESSAGE][PASSED] - Browser is closed

2018-03-05 20:01:39 - [MESSAGE][PASSED] - cupakeysDl.endsession.finishsession is PASSED]]></system-out>
         <system-err><![CDATA[]]></system-err>
      </testcase>
      <testcase name="Test Cases/CuPaStefanie/3" classname="Test Cases/CuPaStefanie/3" status="PASSED">
         <system-out><![CDATA[2018-03-05 20:01:39 - [TEST_CASE][PASSED] - Test Cases/CuPaStefanie/3: Test Cases/CuPaStefanie/3

2018-03-05 20:01:39 - [TEST_STEP][PASSED] - Statement - timeStamp = new java.text.SimpleDateFormat(dd.MM.yyyy_HH_mm_ss).format(java.util.Calendar.getInstance().getTime()): null

2018-03-05 20:01:39 - [TEST_STEP][PASSED] - Statement - timeStampScreenshot = new java.text.SimpleDateFormat(dd.MM.yyyy).format(java.util.Calendar.getInstance().getTime()): null

2018-03-05 20:01:39 - [TEST_STEP][PASSED] - Statement - iconmap = [:]: null

2018-03-05 20:01:39 - [TEST_STEP][PASSED] - Statement - txtmap = [:]: null

2018-03-05 20:01:39 - [TEST_STEP][PASSED] - Statement - signmap = [:]: null

2018-03-05 20:01:39 - [TEST_STEP][PASSED] - cupakeysDl.initStart.initialStart: cupakeysDl.initStart.initialStart is PASSED

2018-03-05 20:01:41 - [MESSAGE][PASSED] - Browser is opened with url: ''

2018-03-05 20:01:44 - [MESSAGE][PASSED] - Delayed 3 second(s)

2018-03-05 20:01:47 - [MESSAGE][PASSED] - Navigate to 'https://d16a4dsnr8a0k1.cloudfront.net/en/2455233.html?price=150.00%20%E2%82%AC&partName=wilsonPartName&vin=wilsonVin&modelCode=XP11&paint=P0A94&modelDescription=wilsonModelDescription&additionalEquipment=wilsonAdditionalEquipment' successfully

2018-03-05 20:01:47 - [MESSAGE][PASSED] - Object 'Object Repository/CuPaDl/Loading_indicator' is visible

2018-03-05 20:01:59 - [MESSAGE][PASSED] - Object 'Object Repository/CuPaDl/Loading_indicator' is NOT visible

2018-03-05 20:02:00 - [MESSAGE][PASSED] - Delayed 1 second(s)

2018-03-05 20:02:00 - [MESSAGE][PASSED] - cupakeysDl.initStart.initialStart is PASSED

2018-03-05 20:02:00 - [TEST_STEP][PASSED] - Statement - (step++): null

2018-03-05 20:02:00 - [TEST_STEP][PASSED] - cupakeysDl.color.changecolor: cupakeysDl.color.changecolor is PASSED

2018-03-05 20:02:00 - [MESSAGE][PASSED] - Object 'Object Repository/CuPaDl/Color/Color' is visible

2018-03-05 20:02:00 - [MESSAGE][PASSED] - Object: 'Object Repository/CuPaDl/Color/Color' is clicked on

2018-03-05 20:02:01 - [MESSAGE][PASSED] - Delayed 1 second(s)

2018-03-05 20:02:01 - [MESSAGE][PASSED] - Object 'Object Repository/CuPaDl/Color/Color_nightlightblue' is visible

2018-03-05 20:02:01 - [MESSAGE][PASSED] - Object: 'Object Repository/CuPaDl/Color/Color_nightlightblue' is clicked on

2018-03-05 20:02:01 - [MESSAGE][WARNING] - Timeout '0' is invalid. Using default page load timeout: '30'

2018-03-05 20:02:01 - [MESSAGE][PASSED] - Object 'Object Repository/CuPaDl/Color/Color_nightlightblue' is visible

2018-03-05 20:02:02 - [MESSAGE][PASSED] - Delayed 1 second(s)

2018-03-05 20:02:03 - [MESSAGE][PASSED] - Object: 'Object Repository/CuPaDl/Color/Color_nightlightblue' is clicked on

2018-03-05 20:02:05 - [MESSAGE][PASSED] - Object 'Object Repository/CuPaDl/Loading_indicator' is visible

2018-03-05 20:02:06 - [MESSAGE][PASSED] - Object 'Object Repository/CuPaDl/Loading_indicator' is NOT visible

2018-03-05 20:02:07 - [MESSAGE][PASSED] - Delayed 1 second(s)

2018-03-05 20:02:07 - [MESSAGE][PASSED] - cupakeysDl.color.changecolor is PASSED

2018-03-05 20:02:07 - [TEST_STEP][PASSED] - Statement - (step++): null

2018-03-05 20:02:07 - [TEST_STEP][PASSED] - cupakeysDl.chngstruct.changestructure: cupakeysDl.chngstruct.changestructure is PASSED

2018-03-05 20:02:07 - [MESSAGE][PASSED] - Object: 'Object Repository/CuPaDl/Structure/Structure' is clicked on

2018-03-05 20:02:07 - [MESSAGE][WARNING] - Timeout '0' is invalid. Using default page load timeout: '30'

2018-03-05 20:02:07 - [MESSAGE][PASSED] - Object 'Object Repository/CuPaDl/Structure/Structure_Hahnentritt' is visible

2018-03-05 20:02:07 - [MESSAGE][PASSED] - Object 'Object Repository/CuPaDl/Structure/Structure_chess' is visible

2018-03-05 20:02:07 - [MESSAGE][PASSED] - Object: 'Object Repository/CuPaDl/Structure/Structure_chess' is clicked on

2018-03-05 20:02:09 - [MESSAGE][PASSED] - Object 'Object Repository/CuPaDl/Loading_indicator' is visible

2018-03-05 20:02:10 - [MESSAGE][PASSED] - Object 'Object Repository/CuPaDl/Loading_indicator' is NOT visible

2018-03-05 20:02:11 - [MESSAGE][PASSED] - Delayed 1 second(s)

2018-03-05 20:02:11 - [MESSAGE][PASSED] - cupakeysDl.chngstruct.changestructure is PASSED

2018-03-05 20:02:11 - [TEST_STEP][PASSED] - Statement - (step++): null

2018-03-05 20:02:11 - [TEST_STEP][PASSED] - cupakeysDl.sclstruct.scalestructure: cupakeysDl.sclstruct.scalestructure is PASSED

2018-03-05 20:02:14 - [MESSAGE][WARNING] - Object 'Object Repository/CuPaDl/Structure/Resize_Structure_bottomright' is not visible after 3 second(s)

2018-03-05 20:02:14 - [MESSAGE][PASSED] - Object: 'Object Repository/CuPaDl/Structure/Resize_Structure' is clicked on

2018-03-05 20:02:14 - [MESSAGE][WARNING] - Timeout '0' is invalid. Using default page load timeout: '30'

2018-03-05 20:02:14 - [MESSAGE][PASSED] - Object 'Object Repository/CuPaDl/Structure/Resize_Structure_bottomright' is visible

2018-03-05 20:02:15 - [MESSAGE][PASSED] - Delayed 1 second(s)

2018-03-05 20:02:15 - [MESSAGE][PASSED] - Current viewport's left (x) position is 0

2018-03-05 20:02:15 - [MESSAGE][PASSED] - Current viewport's top (y) position is 54

2018-03-05 20:02:15 - [MESSAGE][PASSED] - Dragged object with id 'Object Repository/CuPaDl/Structure/Resize_Structure_bottomright' by offset distance x = -225 and y = -171 successfully

2018-03-05 20:02:19 - [MESSAGE][WARNING] - Object 'Object Repository/CuPaDl/Loading_indicator' is not visible after 3 second(s)

2018-03-05 20:02:20 - [MESSAGE][PASSED] - Delayed 1 second(s)

2018-03-05 20:02:20 - [MESSAGE][PASSED] - cupakeysDl.sclstruct.scalestructure is PASSED

2018-03-05 20:02:20 - [TEST_STEP][PASSED] - Statement - (step++): null

2018-03-05 20:02:20 - [TEST_STEP][PASSED] - Statement - iconmap += CustomKeywords.cupakeysDl.iconad.iconadd("racing", LoadTimeCorrector, step, run, device, timeStamp, iconcount): cupakeysDl.iconad.iconadd is PASSED

2018-03-05 20:02:20 - [MESSAGE][PASSED] - Object: 'Object Repository/CuPaDl/Icons/Icon' is clicked on

2018-03-05 20:02:20 - [MESSAGE][PASSED] - Object 'Object Repository/CuPaDl/Icons/Icon_racing' is visible

2018-03-05 20:02:20 - [MESSAGE][PASSED] - Object: 'Object Repository/CuPaDl/Icons/Icon_racing' is clicked on

2018-03-05 20:02:21 - [MESSAGE][PASSED] - Delayed 1 second(s)

2018-03-05 20:02:22 - [MESSAGE][PASSED] - Object: 'Object Repository/CuPaDl/Icons/Icon_racing' is clicked on

2018-03-05 20:02:22 - [MESSAGE][PASSED] - Object 'Object Repository/CuPaDl/Loading_indicator' is visible

2018-03-05 20:02:25 - [MESSAGE][PASSED] - Object 'Object Repository/CuPaDl/Loading_indicator' is NOT visible

2018-03-05 20:02:25 - [MESSAGE][WARNING] - Timeout '0' is invalid. Using default page load timeout: '30'

2018-03-05 20:02:25 - [MESSAGE][PASSED] - Width of element 'Object Repository/CuPaDl/Icons/Reposition_icon' is '40'

2018-03-05 20:02:25 - [MESSAGE][PASSED] - Height of element 'Object Repository/CuPaDl/Icons/Reposition_icon' is '40'.

2018-03-05 20:02:26 - [MESSAGE][PASSED] - Delayed 1 second(s)

2018-03-05 20:02:26 - [MESSAGE][PASSED] - cupakeysDl.iconad.iconadd is PASSED

2018-03-05 20:02:26 - [TEST_STEP][PASSED] - Statement - (step++): null

2018-03-05 20:02:26 - [TEST_STEP][PASSED] - Statement - (iconcount++): null

2018-03-05 20:02:26 - [TEST_STEP][PASSED] - cupakeysDl.iconres.iconresize: cupakeysDl.iconres.iconresize is PASSED

2018-03-05 20:02:26 - [MESSAGE][PASSED] - Object 'Object Repository/CuPaDl/Icons/Reposition_icon' is visible

2018-03-05 20:02:26 - [MESSAGE][PASSED] - Current viewport's left (x) position is 0

2018-03-05 20:02:26 - [MESSAGE][PASSED] - Current viewport's top (y) position is 54

2018-03-05 20:02:26 - [MESSAGE][PASSED] - Dragged object with id 'Object Repository/CuPaDl/Icons/Resize_icon_bottomright' by offset distance x = -125 and y = -71 successfully

2018-03-05 20:02:29 - [MESSAGE][PASSED] - Object 'Object Repository/CuPaDl/Loading_indicator' is visible

2018-03-05 20:02:30 - [MESSAGE][PASSED] - Object 'Object Repository/CuPaDl/Loading_indicator' is NOT visible

2018-03-05 20:02:31 - [MESSAGE][PASSED] - Delayed 1 second(s)

2018-03-05 20:02:31 - [MESSAGE][PASSED] - cupakeysDl.iconres.iconresize is PASSED

2018-03-05 20:02:31 - [TEST_STEP][PASSED] - Statement - (step++): null

2018-03-05 20:02:31 - [TEST_STEP][PASSED] - cupakeysDl.slink.svlink: cupakeysDl.slink.svlink is PASSED

2018-03-05 20:02:31 - [MESSAGE][PASSED] - Scroll to object 'Object Repository/CuPaDl/Save/Save' successfully

2018-03-05 20:02:32 - [MESSAGE][PASSED] - Object: 'Object Repository/CuPaDl/Save/Save' is clicked on

2018-03-05 20:02:32 - [MESSAGE][WARNING] - Timeout '0' is invalid. Using default page load timeout: '30'

2018-03-05 20:02:33 - [MESSAGE][PASSED] - Object 'Object Repository/CuPaDl/Save/CopyLink' is visible

2018-03-05 20:02:33 - [MESSAGE][PASSED] - Object: 'Object Repository/CuPaDl/Save/CopyLink' is clicked on

2018-03-05 20:02:34 - [MESSAGE][PASSED] - Delayed 1 second(s)

2018-03-05 20:02:34 - [MESSAGE][PASSED] - Object: 'Object Repository/CuPaDl/Save/Close' is clicked on

2018-03-05 20:02:35 - [MESSAGE][PASSED] - Delayed 1 second(s)

2018-03-05 20:02:35 - [MESSAGE][PASSED] - cupakeysDl.slink.svlink is PASSED

2018-03-05 20:02:35 - [TEST_STEP][PASSED] - cupakeysDl.endsession.finishsession: cupakeysDl.endsession.finishsession is PASSED

2018-03-05 20:02:38 - [MESSAGE][PASSED] - Delayed 3 second(s)

2018-03-05 20:02:39 - [MESSAGE][PASSED] - Browser is closed

2018-03-05 20:02:39 - [MESSAGE][PASSED] - cupakeysDl.endsession.finishsession is PASSED]]></system-out>
         <system-err><![CDATA[]]></system-err>
      </testcase>
      <testcase name="Test Cases/CuPaStefanie/4" classname="Test Cases/CuPaStefanie/4" status="PASSED">
         <system-out><![CDATA[2018-03-05 20:02:39 - [TEST_CASE][PASSED] - Test Cases/CuPaStefanie/4: Test Cases/CuPaStefanie/4

2018-03-05 20:02:39 - [TEST_STEP][PASSED] - Statement - timeStamp = new java.text.SimpleDateFormat(dd.MM.yyyy_HH_mm_ss).format(java.util.Calendar.getInstance().getTime()): null

2018-03-05 20:02:39 - [TEST_STEP][PASSED] - Statement - timeStampScreenshot = new java.text.SimpleDateFormat(dd.MM.yyyy).format(java.util.Calendar.getInstance().getTime()): null

2018-03-05 20:02:39 - [TEST_STEP][PASSED] - Statement - iconmap = [:]: null

2018-03-05 20:02:39 - [TEST_STEP][PASSED] - Statement - txtmap = [:]: null

2018-03-05 20:02:39 - [TEST_STEP][PASSED] - Statement - signmap = [:]: null

2018-03-05 20:02:39 - [TEST_STEP][PASSED] - cupakeysDl.initStart.initialStart: cupakeysDl.initStart.initialStart is PASSED

2018-03-05 20:02:41 - [MESSAGE][PASSED] - Browser is opened with url: ''

2018-03-05 20:02:44 - [MESSAGE][PASSED] - Delayed 3 second(s)

2018-03-05 20:02:47 - [MESSAGE][PASSED] - Navigate to 'https://d16a4dsnr8a0k1.cloudfront.net/en/2455233.html?price=150.00%20%E2%82%AC&partName=wilsonPartName&vin=wilsonVin&modelCode=XP11&paint=P0A94&modelDescription=wilsonModelDescription&additionalEquipment=wilsonAdditionalEquipment' successfully

2018-03-05 20:02:47 - [MESSAGE][PASSED] - Object 'Object Repository/CuPaDl/Loading_indicator' is visible

2018-03-05 20:02:56 - [MESSAGE][PASSED] - Object 'Object Repository/CuPaDl/Loading_indicator' is NOT visible

2018-03-05 20:02:57 - [MESSAGE][PASSED] - Delayed 1 second(s)

2018-03-05 20:02:57 - [MESSAGE][PASSED] - cupakeysDl.initStart.initialStart is PASSED

2018-03-05 20:02:57 - [TEST_STEP][PASSED] - Statement - (step++): null

2018-03-05 20:02:57 - [TEST_STEP][PASSED] - cupakeysDl.color.changecolor: cupakeysDl.color.changecolor is PASSED

2018-03-05 20:02:57 - [MESSAGE][PASSED] - Object 'Object Repository/CuPaDl/Color/Color' is visible

2018-03-05 20:02:57 - [MESSAGE][PASSED] - Object: 'Object Repository/CuPaDl/Color/Color' is clicked on

2018-03-05 20:02:58 - [MESSAGE][PASSED] - Delayed 1 second(s)

2018-03-05 20:02:58 - [MESSAGE][PASSED] - Object 'Object Repository/CuPaDl/Color/Color_nightlightblue' is visible

2018-03-05 20:02:58 - [MESSAGE][PASSED] - Object: 'Object Repository/CuPaDl/Color/Color_nightlightblue' is clicked on

2018-03-05 20:02:58 - [MESSAGE][WARNING] - Timeout '0' is invalid. Using default page load timeout: '30'

2018-03-05 20:02:58 - [MESSAGE][PASSED] - Object 'Object Repository/CuPaDl/Color/Color_nightlightblue' is visible

2018-03-05 20:02:59 - [MESSAGE][PASSED] - Delayed 1 second(s)

2018-03-05 20:03:00 - [MESSAGE][PASSED] - Object: 'Object Repository/CuPaDl/Color/Color_nightlightblue' is clicked on

2018-03-05 20:03:00 - [MESSAGE][PASSED] - Object 'Object Repository/CuPaDl/Loading_indicator' is visible

2018-03-05 20:03:03 - [MESSAGE][PASSED] - Object 'Object Repository/CuPaDl/Loading_indicator' is NOT visible

2018-03-05 20:03:04 - [MESSAGE][PASSED] - Delayed 1 second(s)

2018-03-05 20:03:04 - [MESSAGE][PASSED] - cupakeysDl.color.changecolor is PASSED

2018-03-05 20:03:04 - [TEST_STEP][PASSED] - Statement - (step++): null

2018-03-05 20:03:04 - [TEST_STEP][PASSED] - cupakeysDl.chngstruct.changestructure: cupakeysDl.chngstruct.changestructure is PASSED

2018-03-05 20:03:04 - [MESSAGE][PASSED] - Object: 'Object Repository/CuPaDl/Structure/Structure' is clicked on

2018-03-05 20:03:04 - [MESSAGE][WARNING] - Timeout '0' is invalid. Using default page load timeout: '30'

2018-03-05 20:03:04 - [MESSAGE][PASSED] - Object 'Object Repository/CuPaDl/Structure/Structure_Hahnentritt' is visible

2018-03-05 20:03:04 - [MESSAGE][PASSED] - Object 'Object Repository/CuPaDl/Structure/Structure_chess' is visible

2018-03-05 20:03:04 - [MESSAGE][PASSED] - Object: 'Object Repository/CuPaDl/Structure/Structure_chess' is clicked on

2018-03-05 20:03:06 - [MESSAGE][PASSED] - Object 'Object Repository/CuPaDl/Loading_indicator' is visible

2018-03-05 20:03:08 - [MESSAGE][PASSED] - Object 'Object Repository/CuPaDl/Loading_indicator' is NOT visible

2018-03-05 20:03:09 - [MESSAGE][PASSED] - Delayed 1 second(s)

2018-03-05 20:03:09 - [MESSAGE][PASSED] - cupakeysDl.chngstruct.changestructure is PASSED

2018-03-05 20:03:09 - [TEST_STEP][PASSED] - Statement - (step++): null

2018-03-05 20:03:09 - [TEST_STEP][PASSED] - cupakeysDl.sclstruct.scalestructure: cupakeysDl.sclstruct.scalestructure is PASSED

2018-03-05 20:03:12 - [MESSAGE][WARNING] - Object 'Object Repository/CuPaDl/Structure/Resize_Structure_bottomright' is not visible after 3 second(s)

2018-03-05 20:03:12 - [MESSAGE][PASSED] - Object: 'Object Repository/CuPaDl/Structure/Resize_Structure' is clicked on

2018-03-05 20:03:12 - [MESSAGE][WARNING] - Timeout '0' is invalid. Using default page load timeout: '30'

2018-03-05 20:03:12 - [MESSAGE][PASSED] - Object 'Object Repository/CuPaDl/Structure/Resize_Structure_bottomright' is visible

2018-03-05 20:03:13 - [MESSAGE][PASSED] - Delayed 1 second(s)

2018-03-05 20:03:13 - [MESSAGE][PASSED] - Current viewport's left (x) position is 0

2018-03-05 20:03:13 - [MESSAGE][PASSED] - Current viewport's top (y) position is 54

2018-03-05 20:03:13 - [MESSAGE][PASSED] - Dragged object with id 'Object Repository/CuPaDl/Structure/Resize_Structure_bottomright' by offset distance x = 225 and y = 279 successfully

2018-03-05 20:03:15 - [MESSAGE][PASSED] - Object 'Object Repository/CuPaDl/Loading_indicator' is visible

2018-03-05 20:03:16 - [MESSAGE][PASSED] - Object 'Object Repository/CuPaDl/Loading_indicator' is NOT visible

2018-03-05 20:03:17 - [MESSAGE][PASSED] - Delayed 1 second(s)

2018-03-05 20:03:17 - [MESSAGE][PASSED] - cupakeysDl.sclstruct.scalestructure is PASSED

2018-03-05 20:03:17 - [TEST_STEP][PASSED] - Statement - (step++): null

2018-03-05 20:03:17 - [TEST_STEP][PASSED] - Statement - iconmap += CustomKeywords.cupakeysDl.iconad.iconadd("racing", LoadTimeCorrector, step, run, device, timeStamp, iconcount): cupakeysDl.iconad.iconadd is PASSED

2018-03-05 20:03:18 - [MESSAGE][PASSED] - Object: 'Object Repository/CuPaDl/Icons/Icon' is clicked on

2018-03-05 20:03:18 - [MESSAGE][PASSED] - Object 'Object Repository/CuPaDl/Icons/Icon_racing' is visible

2018-03-05 20:03:18 - [MESSAGE][PASSED] - Object: 'Object Repository/CuPaDl/Icons/Icon_racing' is clicked on

2018-03-05 20:03:19 - [MESSAGE][PASSED] - Delayed 1 second(s)

2018-03-05 20:03:20 - [MESSAGE][PASSED] - Object: 'Object Repository/CuPaDl/Icons/Icon_racing' is clicked on

2018-03-05 20:03:20 - [MESSAGE][PASSED] - Object 'Object Repository/CuPaDl/Loading_indicator' is visible

2018-03-05 20:03:24 - [MESSAGE][PASSED] - Object 'Object Repository/CuPaDl/Loading_indicator' is NOT visible

2018-03-05 20:03:24 - [MESSAGE][WARNING] - Timeout '0' is invalid. Using default page load timeout: '30'

2018-03-05 20:03:24 - [MESSAGE][PASSED] - Width of element 'Object Repository/CuPaDl/Icons/Reposition_icon' is '40'

2018-03-05 20:03:24 - [MESSAGE][PASSED] - Height of element 'Object Repository/CuPaDl/Icons/Reposition_icon' is '40'.

2018-03-05 20:03:25 - [MESSAGE][PASSED] - Delayed 1 second(s)

2018-03-05 20:03:25 - [MESSAGE][PASSED] - cupakeysDl.iconad.iconadd is PASSED

2018-03-05 20:03:25 - [TEST_STEP][PASSED] - Statement - (step++): null

2018-03-05 20:03:25 - [TEST_STEP][PASSED] - Statement - (iconcount++): null

2018-03-05 20:03:25 - [TEST_STEP][PASSED] - cupakeysDl.iconres.iconresize: cupakeysDl.iconres.iconresize is PASSED

2018-03-05 20:03:25 - [MESSAGE][PASSED] - Object 'Object Repository/CuPaDl/Icons/Reposition_icon' is visible

2018-03-05 20:03:25 - [MESSAGE][PASSED] - Current viewport's left (x) position is 0

2018-03-05 20:03:25 - [MESSAGE][PASSED] - Current viewport's top (y) position is 54

2018-03-05 20:03:25 - [MESSAGE][PASSED] - Dragged object with id 'Object Repository/CuPaDl/Icons/Resize_icon_bottomright' by offset distance x = 125 and y = 179 successfully

2018-03-05 20:03:27 - [MESSAGE][PASSED] - Object 'Object Repository/CuPaDl/Loading_indicator' is visible

2018-03-05 20:03:28 - [MESSAGE][PASSED] - Object 'Object Repository/CuPaDl/Loading_indicator' is NOT visible

2018-03-05 20:03:29 - [MESSAGE][PASSED] - Delayed 1 second(s)

2018-03-05 20:03:29 - [MESSAGE][PASSED] - cupakeysDl.iconres.iconresize is PASSED

2018-03-05 20:03:29 - [TEST_STEP][PASSED] - Statement - (step++): null

2018-03-05 20:03:29 - [TEST_STEP][PASSED] - cupakeysDl.slink.svlink: cupakeysDl.slink.svlink is PASSED

2018-03-05 20:03:29 - [MESSAGE][PASSED] - Scroll to object 'Object Repository/CuPaDl/Save/Save' successfully

2018-03-05 20:03:29 - [MESSAGE][PASSED] - Object: 'Object Repository/CuPaDl/Save/Save' is clicked on

2018-03-05 20:03:29 - [MESSAGE][WARNING] - Timeout '0' is invalid. Using default page load timeout: '30'

2018-03-05 20:03:31 - [MESSAGE][PASSED] - Object 'Object Repository/CuPaDl/Save/CopyLink' is visible

2018-03-05 20:03:31 - [MESSAGE][PASSED] - Object: 'Object Repository/CuPaDl/Save/CopyLink' is clicked on

2018-03-05 20:03:32 - [MESSAGE][PASSED] - Delayed 1 second(s)

2018-03-05 20:03:32 - [MESSAGE][PASSED] - Object: 'Object Repository/CuPaDl/Save/Close' is clicked on

2018-03-05 20:03:33 - [MESSAGE][PASSED] - Delayed 1 second(s)

2018-03-05 20:03:33 - [MESSAGE][PASSED] - cupakeysDl.slink.svlink is PASSED

2018-03-05 20:03:33 - [TEST_STEP][PASSED] - cupakeysDl.endsession.finishsession: cupakeysDl.endsession.finishsession is PASSED

2018-03-05 20:03:36 - [MESSAGE][PASSED] - Delayed 3 second(s)

2018-03-05 20:03:36 - [MESSAGE][PASSED] - Browser is closed

2018-03-05 20:03:36 - [MESSAGE][PASSED] - cupakeysDl.endsession.finishsession is PASSED]]></system-out>
         <system-err><![CDATA[]]></system-err>
      </testcase>
      <testcase name="Test Cases/CuPaStefanie/5" classname="Test Cases/CuPaStefanie/5" status="PASSED">
         <system-out><![CDATA[2018-03-05 20:03:36 - [TEST_CASE][PASSED] - Test Cases/CuPaStefanie/5: Test Cases/CuPaStefanie/5

2018-03-05 20:03:36 - [TEST_STEP][PASSED] - Statement - timeStamp = new java.text.SimpleDateFormat(dd.MM.yyyy_HH_mm_ss).format(java.util.Calendar.getInstance().getTime()): null

2018-03-05 20:03:36 - [TEST_STEP][PASSED] - Statement - timeStampScreenshot = new java.text.SimpleDateFormat(dd.MM.yyyy).format(java.util.Calendar.getInstance().getTime()): null

2018-03-05 20:03:36 - [TEST_STEP][PASSED] - Statement - iconmap = [:]: null

2018-03-05 20:03:36 - [TEST_STEP][PASSED] - Statement - txtmap = [:]: null

2018-03-05 20:03:36 - [TEST_STEP][PASSED] - Statement - signmap = [:]: null

2018-03-05 20:03:36 - [TEST_STEP][PASSED] - cupakeysDl.initStart.initialStart: cupakeysDl.initStart.initialStart is PASSED

2018-03-05 20:03:38 - [MESSAGE][PASSED] - Browser is opened with url: ''

2018-03-05 20:03:41 - [MESSAGE][PASSED] - Delayed 3 second(s)

2018-03-05 20:03:48 - [MESSAGE][PASSED] - Navigate to 'https://d16a4dsnr8a0k1.cloudfront.net/en/2455233.html?price=150.00%20%E2%82%AC&partName=wilsonPartName&vin=wilsonVin&modelCode=XP11&paint=P0A94&modelDescription=wilsonModelDescription&additionalEquipment=wilsonAdditionalEquipment' successfully

2018-03-05 20:03:48 - [MESSAGE][PASSED] - Object 'Object Repository/CuPaDl/Loading_indicator' is visible

2018-03-05 20:03:58 - [MESSAGE][PASSED] - Object 'Object Repository/CuPaDl/Loading_indicator' is NOT visible

2018-03-05 20:03:59 - [MESSAGE][PASSED] - Delayed 1 second(s)

2018-03-05 20:03:59 - [MESSAGE][PASSED] - cupakeysDl.initStart.initialStart is PASSED

2018-03-05 20:03:59 - [TEST_STEP][PASSED] - Statement - (step++): null

2018-03-05 20:03:59 - [TEST_STEP][PASSED] - cupakeysDl.color.changecolor: cupakeysDl.color.changecolor is PASSED

2018-03-05 20:03:59 - [MESSAGE][PASSED] - Object 'Object Repository/CuPaDl/Color/Color' is visible

2018-03-05 20:03:59 - [MESSAGE][PASSED] - Object: 'Object Repository/CuPaDl/Color/Color' is clicked on

2018-03-05 20:04:00 - [MESSAGE][PASSED] - Delayed 1 second(s)

2018-03-05 20:04:00 - [MESSAGE][PASSED] - Object 'Object Repository/CuPaDl/Color/Color_solartsorange' is visible

2018-03-05 20:04:00 - [MESSAGE][PASSED] - Object: 'Object Repository/CuPaDl/Color/Color_solartsorange' is clicked on

2018-03-05 20:04:00 - [MESSAGE][WARNING] - Timeout '0' is invalid. Using default page load timeout: '30'

2018-03-05 20:04:00 - [MESSAGE][PASSED] - Object 'Object Repository/CuPaDl/Color/Color_solartsorange' is visible

2018-03-05 20:04:01 - [MESSAGE][PASSED] - Delayed 1 second(s)

2018-03-05 20:04:02 - [MESSAGE][PASSED] - Object: 'Object Repository/CuPaDl/Color/Color_solartsorange' is clicked on

2018-03-05 20:04:02 - [MESSAGE][PASSED] - Object 'Object Repository/CuPaDl/Loading_indicator' is visible

2018-03-05 20:04:05 - [MESSAGE][PASSED] - Object 'Object Repository/CuPaDl/Loading_indicator' is NOT visible

2018-03-05 20:04:06 - [MESSAGE][PASSED] - Delayed 1 second(s)

2018-03-05 20:04:06 - [MESSAGE][PASSED] - cupakeysDl.color.changecolor is PASSED

2018-03-05 20:04:06 - [TEST_STEP][PASSED] - Statement - (step++): null

2018-03-05 20:04:06 - [TEST_STEP][PASSED] - cupakeysDl.chngstruct.changestructure: cupakeysDl.chngstruct.changestructure is PASSED

2018-03-05 20:04:06 - [MESSAGE][PASSED] - Object: 'Object Repository/CuPaDl/Structure/Structure' is clicked on

2018-03-05 20:04:06 - [MESSAGE][WARNING] - Timeout '0' is invalid. Using default page load timeout: '30'

2018-03-05 20:04:06 - [MESSAGE][PASSED] - Object 'Object Repository/CuPaDl/Structure/Structure_Hahnentritt' is visible

2018-03-05 20:04:06 - [MESSAGE][PASSED] - Object 'Object Repository/CuPaDl/Structure/Structure_angles' is visible

2018-03-05 20:04:06 - [MESSAGE][PASSED] - Object: 'Object Repository/CuPaDl/Structure/Structure_angles' is clicked on

2018-03-05 20:04:07 - [MESSAGE][PASSED] - Object 'Object Repository/CuPaDl/Loading_indicator' is visible

2018-03-05 20:04:12 - [MESSAGE][PASSED] - Object 'Object Repository/CuPaDl/Loading_indicator' is NOT visible

2018-03-05 20:04:13 - [MESSAGE][PASSED] - Delayed 1 second(s)

2018-03-05 20:04:13 - [MESSAGE][PASSED] - cupakeysDl.chngstruct.changestructure is PASSED

2018-03-05 20:04:13 - [TEST_STEP][PASSED] - Statement - (step++): null

2018-03-05 20:04:13 - [TEST_STEP][PASSED] - cupakeysDl.sclstruct.scalestructure: cupakeysDl.sclstruct.scalestructure is PASSED

2018-03-05 20:04:16 - [MESSAGE][WARNING] - Object 'Object Repository/CuPaDl/Structure/Resize_Structure_bottomright' is not visible after 3 second(s)

2018-03-05 20:04:16 - [MESSAGE][PASSED] - Object: 'Object Repository/CuPaDl/Structure/Resize_Structure' is clicked on

2018-03-05 20:04:16 - [MESSAGE][WARNING] - Timeout '0' is invalid. Using default page load timeout: '30'

2018-03-05 20:04:16 - [MESSAGE][PASSED] - Object 'Object Repository/CuPaDl/Structure/Resize_Structure_bottomright' is visible

2018-03-05 20:04:17 - [MESSAGE][PASSED] - Delayed 1 second(s)

2018-03-05 20:04:17 - [MESSAGE][PASSED] - Current viewport's left (x) position is 0

2018-03-05 20:04:17 - [MESSAGE][PASSED] - Current viewport's top (y) position is 54

2018-03-05 20:04:17 - [MESSAGE][PASSED] - Dragged object with id 'Object Repository/CuPaDl/Structure/Resize_Structure_bottomright' by offset distance x = -225 and y = -171 successfully

2018-03-05 20:04:18 - [MESSAGE][PASSED] - Object 'Object Repository/CuPaDl/Loading_indicator' is visible

2018-03-05 20:04:23 - [MESSAGE][PASSED] - Object 'Object Repository/CuPaDl/Loading_indicator' is NOT visible

2018-03-05 20:04:24 - [MESSAGE][PASSED] - Delayed 1 second(s)

2018-03-05 20:04:24 - [MESSAGE][PASSED] - cupakeysDl.sclstruct.scalestructure is PASSED

2018-03-05 20:04:24 - [TEST_STEP][PASSED] - Statement - (step++): null

2018-03-05 20:04:24 - [TEST_STEP][PASSED] - Statement - iconmap += CustomKeywords.cupakeysDl.iconad.iconadd("compass", LoadTimeCorrector, step, run, device, timeStamp, iconcount): cupakeysDl.iconad.iconadd is PASSED

2018-03-05 20:04:24 - [MESSAGE][PASSED] - Object: 'Object Repository/CuPaDl/Icons/Icon' is clicked on

2018-03-05 20:04:25 - [MESSAGE][PASSED] - Object 'Object Repository/CuPaDl/Icons/Icon_compass' is visible

2018-03-05 20:04:25 - [MESSAGE][PASSED] - Object: 'Object Repository/CuPaDl/Icons/Icon_compass' is clicked on

2018-03-05 20:04:26 - [MESSAGE][PASSED] - Delayed 1 second(s)

2018-03-05 20:04:26 - [MESSAGE][PASSED] - Object: 'Object Repository/CuPaDl/Icons/Icon_compass' is clicked on

2018-03-05 20:04:26 - [MESSAGE][PASSED] - Object 'Object Repository/CuPaDl/Loading_indicator' is visible

2018-03-05 20:04:36 - [MESSAGE][PASSED] - Object 'Object Repository/CuPaDl/Loading_indicator' is NOT visible

2018-03-05 20:04:36 - [MESSAGE][WARNING] - Timeout '0' is invalid. Using default page load timeout: '30'

2018-03-05 20:04:36 - [MESSAGE][PASSED] - Width of element 'Object Repository/CuPaDl/Icons/Reposition_icon' is '40'

2018-03-05 20:04:36 - [MESSAGE][PASSED] - Height of element 'Object Repository/CuPaDl/Icons/Reposition_icon' is '40'.

2018-03-05 20:04:37 - [MESSAGE][PASSED] - Delayed 1 second(s)

2018-03-05 20:04:37 - [MESSAGE][PASSED] - cupakeysDl.iconad.iconadd is PASSED

2018-03-05 20:04:37 - [TEST_STEP][PASSED] - Statement - (step++): null

2018-03-05 20:04:37 - [TEST_STEP][PASSED] - Statement - (iconcount++): null

2018-03-05 20:04:37 - [TEST_STEP][PASSED] - cupakeysDl.iconres.iconresize: cupakeysDl.iconres.iconresize is PASSED

2018-03-05 20:04:37 - [MESSAGE][PASSED] - Object 'Object Repository/CuPaDl/Icons/Reposition_icon' is visible

2018-03-05 20:04:37 - [MESSAGE][PASSED] - Current viewport's left (x) position is 0

2018-03-05 20:04:37 - [MESSAGE][PASSED] - Current viewport's top (y) position is 54

2018-03-05 20:04:38 - [MESSAGE][PASSED] - Dragged object with id 'Object Repository/CuPaDl/Icons/Resize_icon_bottomright' by offset distance x = -125 and y = -71 successfully

2018-03-05 20:04:39 - [MESSAGE][PASSED] - Object 'Object Repository/CuPaDl/Loading_indicator' is visible

2018-03-05 20:04:44 - [MESSAGE][PASSED] - Object 'Object Repository/CuPaDl/Loading_indicator' is NOT visible

2018-03-05 20:04:45 - [MESSAGE][PASSED] - Delayed 1 second(s)

2018-03-05 20:04:45 - [MESSAGE][PASSED] - cupakeysDl.iconres.iconresize is PASSED

2018-03-05 20:04:45 - [TEST_STEP][PASSED] - Statement - (step++): null

2018-03-05 20:04:45 - [TEST_STEP][PASSED] - cupakeysDl.slink.svlink: cupakeysDl.slink.svlink is PASSED

2018-03-05 20:04:45 - [MESSAGE][PASSED] - Scroll to object 'Object Repository/CuPaDl/Save/Save' successfully

2018-03-05 20:04:45 - [MESSAGE][PASSED] - Object: 'Object Repository/CuPaDl/Save/Save' is clicked on

2018-03-05 20:04:45 - [MESSAGE][WARNING] - Timeout '0' is invalid. Using default page load timeout: '30'

2018-03-05 20:04:47 - [MESSAGE][PASSED] - Object 'Object Repository/CuPaDl/Save/CopyLink' is visible

2018-03-05 20:04:47 - [MESSAGE][PASSED] - Object: 'Object Repository/CuPaDl/Save/CopyLink' is clicked on

2018-03-05 20:04:48 - [MESSAGE][PASSED] - Delayed 1 second(s)

2018-03-05 20:04:48 - [MESSAGE][PASSED] - Object: 'Object Repository/CuPaDl/Save/Close' is clicked on

2018-03-05 20:04:49 - [MESSAGE][PASSED] - Delayed 1 second(s)

2018-03-05 20:04:49 - [MESSAGE][PASSED] - cupakeysDl.slink.svlink is PASSED

2018-03-05 20:04:49 - [TEST_STEP][PASSED] - cupakeysDl.endsession.finishsession: cupakeysDl.endsession.finishsession is PASSED

2018-03-05 20:04:52 - [MESSAGE][PASSED] - Delayed 3 second(s)

2018-03-05 20:04:53 - [MESSAGE][PASSED] - Browser is closed

2018-03-05 20:04:53 - [MESSAGE][PASSED] - cupakeysDl.endsession.finishsession is PASSED]]></system-out>
         <system-err><![CDATA[]]></system-err>
      </testcase>
      <testcase name="Test Cases/CuPaStefanie/6" classname="Test Cases/CuPaStefanie/6" status="PASSED">
         <system-out><![CDATA[2018-03-05 20:04:53 - [TEST_CASE][PASSED] - Test Cases/CuPaStefanie/6: Test Cases/CuPaStefanie/6

2018-03-05 20:04:53 - [TEST_STEP][PASSED] - Statement - timeStamp = new java.text.SimpleDateFormat(dd.MM.yyyy_HH_mm_ss).format(java.util.Calendar.getInstance().getTime()): null

2018-03-05 20:04:53 - [TEST_STEP][PASSED] - Statement - timeStampScreenshot = new java.text.SimpleDateFormat(dd.MM.yyyy).format(java.util.Calendar.getInstance().getTime()): null

2018-03-05 20:04:53 - [TEST_STEP][PASSED] - Statement - iconmap = [:]: null

2018-03-05 20:04:53 - [TEST_STEP][PASSED] - Statement - txtmap = [:]: null

2018-03-05 20:04:53 - [TEST_STEP][PASSED] - Statement - signmap = [:]: null

2018-03-05 20:04:53 - [TEST_STEP][PASSED] - cupakeysDl.initStart.initialStart: cupakeysDl.initStart.initialStart is PASSED

2018-03-05 20:04:55 - [MESSAGE][PASSED] - Browser is opened with url: ''

2018-03-05 20:04:58 - [MESSAGE][PASSED] - Delayed 3 second(s)

2018-03-05 20:05:02 - [MESSAGE][PASSED] - Navigate to 'https://d16a4dsnr8a0k1.cloudfront.net/en/2455233.html?price=150.00%20%E2%82%AC&partName=wilsonPartName&vin=wilsonVin&modelCode=XP11&paint=P0A94&modelDescription=wilsonModelDescription&additionalEquipment=wilsonAdditionalEquipment' successfully

2018-03-05 20:05:02 - [MESSAGE][PASSED] - Object 'Object Repository/CuPaDl/Loading_indicator' is visible

2018-03-05 20:05:11 - [MESSAGE][PASSED] - Object 'Object Repository/CuPaDl/Loading_indicator' is NOT visible

2018-03-05 20:05:13 - [MESSAGE][PASSED] - Delayed 1 second(s)

2018-03-05 20:05:13 - [MESSAGE][PASSED] - cupakeysDl.initStart.initialStart is PASSED

2018-03-05 20:05:13 - [TEST_STEP][PASSED] - Statement - (step++): null

2018-03-05 20:05:13 - [TEST_STEP][PASSED] - cupakeysDl.color.changecolor: cupakeysDl.color.changecolor is PASSED

2018-03-05 20:05:13 - [MESSAGE][PASSED] - Object 'Object Repository/CuPaDl/Color/Color' is visible

2018-03-05 20:05:13 - [MESSAGE][PASSED] - Object: 'Object Repository/CuPaDl/Color/Color' is clicked on

2018-03-05 20:05:14 - [MESSAGE][PASSED] - Delayed 1 second(s)

2018-03-05 20:05:14 - [MESSAGE][PASSED] - Object 'Object Repository/CuPaDl/Color/Color_solartsorange' is visible

2018-03-05 20:05:14 - [MESSAGE][PASSED] - Object: 'Object Repository/CuPaDl/Color/Color_solartsorange' is clicked on

2018-03-05 20:05:14 - [MESSAGE][WARNING] - Timeout '0' is invalid. Using default page load timeout: '30'

2018-03-05 20:05:14 - [MESSAGE][PASSED] - Object 'Object Repository/CuPaDl/Color/Color_solartsorange' is visible

2018-03-05 20:05:15 - [MESSAGE][PASSED] - Delayed 1 second(s)

2018-03-05 20:05:15 - [MESSAGE][PASSED] - Object: 'Object Repository/CuPaDl/Color/Color_solartsorange' is clicked on

2018-03-05 20:05:19 - [MESSAGE][WARNING] - Object 'Object Repository/CuPaDl/Loading_indicator' is not visible after 3 second(s)

2018-03-05 20:05:20 - [MESSAGE][PASSED] - Delayed 1 second(s)

2018-03-05 20:05:20 - [MESSAGE][PASSED] - cupakeysDl.color.changecolor is PASSED

2018-03-05 20:05:20 - [TEST_STEP][PASSED] - Statement - (step++): null

2018-03-05 20:05:20 - [TEST_STEP][PASSED] - cupakeysDl.chngstruct.changestructure: cupakeysDl.chngstruct.changestructure is PASSED

2018-03-05 20:05:20 - [MESSAGE][PASSED] - Object: 'Object Repository/CuPaDl/Structure/Structure' is clicked on

2018-03-05 20:05:20 - [MESSAGE][WARNING] - Timeout '0' is invalid. Using default page load timeout: '30'

2018-03-05 20:05:20 - [MESSAGE][PASSED] - Object 'Object Repository/CuPaDl/Structure/Structure_Hahnentritt' is visible

2018-03-05 20:05:20 - [MESSAGE][PASSED] - Object 'Object Repository/CuPaDl/Structure/Structure_angles' is visible

2018-03-05 20:05:20 - [MESSAGE][PASSED] - Object: 'Object Repository/CuPaDl/Structure/Structure_angles' is clicked on

2018-03-05 20:05:21 - [MESSAGE][PASSED] - Object 'Object Repository/CuPaDl/Loading_indicator' is visible

2018-03-05 20:05:26 - [MESSAGE][PASSED] - Object 'Object Repository/CuPaDl/Loading_indicator' is NOT visible

2018-03-05 20:05:27 - [MESSAGE][PASSED] - Delayed 1 second(s)

2018-03-05 20:05:27 - [MESSAGE][PASSED] - cupakeysDl.chngstruct.changestructure is PASSED

2018-03-05 20:05:27 - [TEST_STEP][PASSED] - Statement - (step++): null

2018-03-05 20:05:27 - [TEST_STEP][PASSED] - cupakeysDl.sclstruct.scalestructure: cupakeysDl.sclstruct.scalestructure is PASSED

2018-03-05 20:05:30 - [MESSAGE][WARNING] - Object 'Object Repository/CuPaDl/Structure/Resize_Structure_bottomright' is not visible after 3 second(s)

2018-03-05 20:05:30 - [MESSAGE][PASSED] - Object: 'Object Repository/CuPaDl/Structure/Resize_Structure' is clicked on

2018-03-05 20:05:30 - [MESSAGE][WARNING] - Timeout '0' is invalid. Using default page load timeout: '30'

2018-03-05 20:05:30 - [MESSAGE][PASSED] - Object 'Object Repository/CuPaDl/Structure/Resize_Structure_bottomright' is visible

2018-03-05 20:05:31 - [MESSAGE][PASSED] - Delayed 1 second(s)

2018-03-05 20:05:31 - [MESSAGE][PASSED] - Current viewport's left (x) position is 0

2018-03-05 20:05:31 - [MESSAGE][PASSED] - Current viewport's top (y) position is 54

2018-03-05 20:05:31 - [MESSAGE][PASSED] - Dragged object with id 'Object Repository/CuPaDl/Structure/Resize_Structure_bottomright' by offset distance x = 225 and y = 279 successfully

2018-03-05 20:05:32 - [MESSAGE][PASSED] - Object 'Object Repository/CuPaDl/Loading_indicator' is visible

2018-03-05 20:05:36 - [MESSAGE][PASSED] - Object 'Object Repository/CuPaDl/Loading_indicator' is NOT visible

2018-03-05 20:05:37 - [MESSAGE][PASSED] - Delayed 1 second(s)

2018-03-05 20:05:37 - [MESSAGE][PASSED] - cupakeysDl.sclstruct.scalestructure is PASSED

2018-03-05 20:05:37 - [TEST_STEP][PASSED] - Statement - (step++): null

2018-03-05 20:05:37 - [TEST_STEP][PASSED] - Statement - iconmap += CustomKeywords.cupakeysDl.iconad.iconadd("compass", LoadTimeCorrector, step, run, device, timeStamp, iconcount): cupakeysDl.iconad.iconadd is PASSED

2018-03-05 20:05:37 - [MESSAGE][PASSED] - Object: 'Object Repository/CuPaDl/Icons/Icon' is clicked on

2018-03-05 20:05:37 - [MESSAGE][PASSED] - Object 'Object Repository/CuPaDl/Icons/Icon_compass' is visible

2018-03-05 20:05:37 - [MESSAGE][PASSED] - Object: 'Object Repository/CuPaDl/Icons/Icon_compass' is clicked on

2018-03-05 20:05:38 - [MESSAGE][PASSED] - Delayed 1 second(s)

2018-03-05 20:05:39 - [MESSAGE][PASSED] - Object: 'Object Repository/CuPaDl/Icons/Icon_compass' is clicked on

2018-03-05 20:05:39 - [MESSAGE][PASSED] - Object 'Object Repository/CuPaDl/Loading_indicator' is visible

2018-03-05 20:05:46 - [MESSAGE][PASSED] - Object 'Object Repository/CuPaDl/Loading_indicator' is NOT visible

2018-03-05 20:05:46 - [MESSAGE][WARNING] - Timeout '0' is invalid. Using default page load timeout: '30'

2018-03-05 20:05:47 - [MESSAGE][PASSED] - Width of element 'Object Repository/CuPaDl/Icons/Reposition_icon' is '40'

2018-03-05 20:05:47 - [MESSAGE][PASSED] - Height of element 'Object Repository/CuPaDl/Icons/Reposition_icon' is '40'.

2018-03-05 20:05:48 - [MESSAGE][PASSED] - Delayed 1 second(s)

2018-03-05 20:05:48 - [MESSAGE][PASSED] - cupakeysDl.iconad.iconadd is PASSED

2018-03-05 20:05:48 - [TEST_STEP][PASSED] - Statement - (step++): null

2018-03-05 20:05:48 - [TEST_STEP][PASSED] - Statement - (iconcount++): null

2018-03-05 20:05:48 - [TEST_STEP][PASSED] - cupakeysDl.iconres.iconresize: cupakeysDl.iconres.iconresize is PASSED

2018-03-05 20:05:48 - [MESSAGE][PASSED] - Object 'Object Repository/CuPaDl/Icons/Reposition_icon' is visible

2018-03-05 20:05:48 - [MESSAGE][PASSED] - Current viewport's left (x) position is 0

2018-03-05 20:05:48 - [MESSAGE][PASSED] - Current viewport's top (y) position is 54

2018-03-05 20:05:48 - [MESSAGE][PASSED] - Dragged object with id 'Object Repository/CuPaDl/Icons/Resize_icon_bottomright' by offset distance x = 125 and y = 179 successfully

2018-03-05 20:05:49 - [MESSAGE][PASSED] - Object 'Object Repository/CuPaDl/Loading_indicator' is visible

2018-03-05 20:05:53 - [MESSAGE][PASSED] - Object 'Object Repository/CuPaDl/Loading_indicator' is NOT visible

2018-03-05 20:05:54 - [MESSAGE][PASSED] - Delayed 1 second(s)

2018-03-05 20:05:54 - [MESSAGE][PASSED] - cupakeysDl.iconres.iconresize is PASSED

2018-03-05 20:05:54 - [TEST_STEP][PASSED] - Statement - (step++): null

2018-03-05 20:05:54 - [TEST_STEP][PASSED] - cupakeysDl.slink.svlink: cupakeysDl.slink.svlink is PASSED

2018-03-05 20:05:54 - [MESSAGE][PASSED] - Scroll to object 'Object Repository/CuPaDl/Save/Save' successfully

2018-03-05 20:05:54 - [MESSAGE][PASSED] - Object: 'Object Repository/CuPaDl/Save/Save' is clicked on

2018-03-05 20:05:54 - [MESSAGE][WARNING] - Timeout '0' is invalid. Using default page load timeout: '30'

2018-03-05 20:05:56 - [MESSAGE][PASSED] - Object 'Object Repository/CuPaDl/Save/CopyLink' is visible

2018-03-05 20:05:56 - [MESSAGE][PASSED] - Object: 'Object Repository/CuPaDl/Save/CopyLink' is clicked on

2018-03-05 20:05:57 - [MESSAGE][PASSED] - Delayed 1 second(s)

2018-03-05 20:05:57 - [MESSAGE][PASSED] - Object: 'Object Repository/CuPaDl/Save/Close' is clicked on

2018-03-05 20:05:58 - [MESSAGE][PASSED] - Delayed 1 second(s)

2018-03-05 20:05:58 - [MESSAGE][PASSED] - cupakeysDl.slink.svlink is PASSED

2018-03-05 20:05:58 - [TEST_STEP][PASSED] - cupakeysDl.endsession.finishsession: cupakeysDl.endsession.finishsession is PASSED

2018-03-05 20:06:01 - [MESSAGE][PASSED] - Delayed 3 second(s)

2018-03-05 20:06:02 - [MESSAGE][PASSED] - Browser is closed

2018-03-05 20:06:02 - [MESSAGE][PASSED] - cupakeysDl.endsession.finishsession is PASSED]]></system-out>
         <system-err><![CDATA[]]></system-err>
      </testcase>
      <testcase name="Test Cases/CuPaStefanie/7" classname="Test Cases/CuPaStefanie/7" status="FAILED">
         <failure type="FAILED" message="Unable to drag and drop by offset distance (Root cause: com.kms.katalon.core.webui.exception.WebElementNotFoundException: Web element with id: 'Object Repository/CuPaDl/Icons/Resize_icon_bottomright' located by 'By.xpath: //*[@id=&quot;pages-index&quot;]/div[1]/div[2]/div[1]/div[3]/div/div/div[1]/div[6]' not found)"/>
         <system-out><![CDATA[2018-03-05 20:06:02 - [TEST_CASE][FAILED] - Test Cases/CuPaStefanie/7: Test Cases/CuPaStefanie/7 FAILED because (of) Unable to drag and drop by offset distance (Root cause: com.kms.katalon.core.webui.exception.WebElementNotFoundException: Web element with id: 'Object Repository/CuPaDl/Icons/Resize_icon_bottomright' located by 'By.xpath: //*[@id="pages-index"]/div[1]/div[2]/div[1]/div[3]/div/div/div[1]/div[6]' not found)

2018-03-05 20:06:02 - [TEST_STEP][PASSED] - Statement - timeStamp = new java.text.SimpleDateFormat(dd.MM.yyyy_HH_mm_ss).format(java.util.Calendar.getInstance().getTime()): null

2018-03-05 20:06:02 - [TEST_STEP][PASSED] - Statement - timeStampScreenshot = new java.text.SimpleDateFormat(dd.MM.yyyy).format(java.util.Calendar.getInstance().getTime()): null

2018-03-05 20:06:02 - [TEST_STEP][PASSED] - Statement - iconmap = [:]: null

2018-03-05 20:06:02 - [TEST_STEP][PASSED] - Statement - txtmap = [:]: null

2018-03-05 20:06:02 - [TEST_STEP][PASSED] - Statement - signmap = [:]: null

2018-03-05 20:06:02 - [TEST_STEP][PASSED] - cupakeysDl.initStart.initialStart: cupakeysDl.initStart.initialStart is PASSED

2018-03-05 20:06:04 - [MESSAGE][PASSED] - Browser is opened with url: ''

2018-03-05 20:06:07 - [MESSAGE][PASSED] - Delayed 3 second(s)

2018-03-05 20:06:08 - [MESSAGE][PASSED] - Navigate to 'https://d16a4dsnr8a0k1.cloudfront.net/en/2455233.html?price=150.00%20%E2%82%AC&partName=wilsonPartName&vin=wilsonVin&modelCode=XP11&paint=P0A94&modelDescription=wilsonModelDescription&additionalEquipment=wilsonAdditionalEquipment' successfully

2018-03-05 20:06:08 - [MESSAGE][PASSED] - Object 'Object Repository/CuPaDl/Loading_indicator' is visible

2018-03-05 20:06:19 - [MESSAGE][PASSED] - Object 'Object Repository/CuPaDl/Loading_indicator' is NOT visible

2018-03-05 20:06:20 - [MESSAGE][PASSED] - Delayed 1 second(s)

2018-03-05 20:06:20 - [MESSAGE][PASSED] - cupakeysDl.initStart.initialStart is PASSED

2018-03-05 20:06:20 - [TEST_STEP][PASSED] - Statement - (step++): null

2018-03-05 20:06:20 - [TEST_STEP][PASSED] - cupakeysDl.color.changecolor: cupakeysDl.color.changecolor is PASSED

2018-03-05 20:06:20 - [MESSAGE][PASSED] - Object 'Object Repository/CuPaDl/Color/Color' is visible

2018-03-05 20:06:20 - [MESSAGE][PASSED] - Object: 'Object Repository/CuPaDl/Color/Color' is clicked on

2018-03-05 20:06:21 - [MESSAGE][PASSED] - Delayed 1 second(s)

2018-03-05 20:06:21 - [MESSAGE][PASSED] - Object 'Object Repository/CuPaDl/Color/Color_electricblue' is visible

2018-03-05 20:06:21 - [MESSAGE][PASSED] - Object: 'Object Repository/CuPaDl/Color/Color_electricblue' is clicked on

2018-03-05 20:06:21 - [MESSAGE][WARNING] - Timeout '0' is invalid. Using default page load timeout: '30'

2018-03-05 20:06:21 - [MESSAGE][PASSED] - Object 'Object Repository/CuPaDl/Color/Color_electricblue' is visible

2018-03-05 20:06:22 - [MESSAGE][PASSED] - Delayed 1 second(s)

2018-03-05 20:06:23 - [MESSAGE][PASSED] - Object: 'Object Repository/CuPaDl/Color/Color_electricblue' is clicked on

2018-03-05 20:06:23 - [MESSAGE][PASSED] - Object 'Object Repository/CuPaDl/Loading_indicator' is visible

2018-03-05 20:06:26 - [MESSAGE][PASSED] - Object 'Object Repository/CuPaDl/Loading_indicator' is NOT visible

2018-03-05 20:06:27 - [MESSAGE][PASSED] - Delayed 1 second(s)

2018-03-05 20:06:27 - [MESSAGE][PASSED] - cupakeysDl.color.changecolor is PASSED

2018-03-05 20:06:27 - [TEST_STEP][PASSED] - Statement - (step++): null

2018-03-05 20:06:27 - [TEST_STEP][PASSED] - cupakeysDl.chngstruct.changestructure: cupakeysDl.chngstruct.changestructure is PASSED

2018-03-05 20:06:27 - [MESSAGE][PASSED] - Object: 'Object Repository/CuPaDl/Structure/Structure' is clicked on

2018-03-05 20:06:27 - [MESSAGE][WARNING] - Timeout '0' is invalid. Using default page load timeout: '30'

2018-03-05 20:06:27 - [MESSAGE][PASSED] - Object 'Object Repository/CuPaDl/Structure/Structure_Hahnentritt' is visible

2018-03-05 20:06:27 - [MESSAGE][PASSED] - Object 'Object Repository/CuPaDl/Structure/Structure_quadrops' is visible

2018-03-05 20:06:27 - [MESSAGE][PASSED] - Object: 'Object Repository/CuPaDl/Structure/Structure_quadrops' is clicked on

2018-03-05 20:06:28 - [MESSAGE][PASSED] - Object 'Object Repository/CuPaDl/Loading_indicator' is visible

2018-03-05 20:06:38 - [MESSAGE][PASSED] - Object 'Object Repository/CuPaDl/Loading_indicator' is NOT visible

2018-03-05 20:06:39 - [MESSAGE][PASSED] - Delayed 1 second(s)

2018-03-05 20:06:39 - [MESSAGE][PASSED] - cupakeysDl.chngstruct.changestructure is PASSED

2018-03-05 20:06:39 - [TEST_STEP][PASSED] - Statement - (step++): null

2018-03-05 20:06:39 - [TEST_STEP][PASSED] - cupakeysDl.sclstruct.scalestructure: cupakeysDl.sclstruct.scalestructure is PASSED

2018-03-05 20:06:42 - [MESSAGE][WARNING] - Object 'Object Repository/CuPaDl/Structure/Resize_Structure_bottomright' is not visible after 3 second(s)

2018-03-05 20:06:42 - [MESSAGE][PASSED] - Object: 'Object Repository/CuPaDl/Structure/Resize_Structure' is clicked on

2018-03-05 20:06:42 - [MESSAGE][WARNING] - Timeout '0' is invalid. Using default page load timeout: '30'

2018-03-05 20:06:42 - [MESSAGE][PASSED] - Object 'Object Repository/CuPaDl/Structure/Resize_Structure_bottomright' is visible

2018-03-05 20:06:43 - [MESSAGE][PASSED] - Delayed 1 second(s)

2018-03-05 20:06:43 - [MESSAGE][PASSED] - Current viewport's left (x) position is 0

2018-03-05 20:06:43 - [MESSAGE][PASSED] - Current viewport's top (y) position is 54

2018-03-05 20:06:43 - [MESSAGE][PASSED] - Dragged object with id 'Object Repository/CuPaDl/Structure/Resize_Structure_bottomright' by offset distance x = -225 and y = -171 successfully

2018-03-05 20:06:44 - [MESSAGE][PASSED] - Object 'Object Repository/CuPaDl/Loading_indicator' is visible

2018-03-05 20:07:09 - [MESSAGE][PASSED] - Object 'Object Repository/CuPaDl/Loading_indicator' is NOT visible

2018-03-05 20:07:10 - [MESSAGE][PASSED] - Delayed 1 second(s)

2018-03-05 20:07:10 - [MESSAGE][PASSED] - cupakeysDl.sclstruct.scalestructure is PASSED

2018-03-05 20:07:10 - [TEST_STEP][PASSED] - Statement - (step++): null

2018-03-05 20:07:10 - [TEST_STEP][PASSED] - Statement - iconmap += CustomKeywords.cupakeysDl.iconad.iconadd("pin", LoadTimeCorrector, step, run, device, timeStamp, iconcount): cupakeysDl.iconad.iconadd is PASSED

2018-03-05 20:07:10 - [MESSAGE][PASSED] - Object: 'Object Repository/CuPaDl/Icons/Icon' is clicked on

2018-03-05 20:07:10 - [MESSAGE][PASSED] - Object 'Object Repository/CuPaDl/Icons/Icon_pin' is visible

2018-03-05 20:07:10 - [MESSAGE][PASSED] - Object: 'Object Repository/CuPaDl/Icons/Icon_pin' is clicked on

2018-03-05 20:07:11 - [MESSAGE][PASSED] - Delayed 1 second(s)

2018-03-05 20:07:11 - [MESSAGE][PASSED] - Object: 'Object Repository/CuPaDl/Icons/Icon_pin' is clicked on

2018-03-05 20:07:11 - [MESSAGE][PASSED] - Object 'Object Repository/CuPaDl/Loading_indicator' is visible

2018-03-05 20:07:41 - [MESSAGE][WARNING] - Object 'Object Repository/CuPaDl/Loading_indicator' is visible after 30 second(s)

2018-03-05 20:07:41 - [MESSAGE][WARNING] - Timeout '0' is invalid. Using default page load timeout: '30'

2018-03-05 20:07:41 - [MESSAGE][PASSED] - Width of element 'Object Repository/CuPaDl/Icons/Reposition_icon' is '0'

2018-03-05 20:07:41 - [MESSAGE][PASSED] - Height of element 'Object Repository/CuPaDl/Icons/Reposition_icon' is '0'.

2018-03-05 20:07:42 - [MESSAGE][PASSED] - Delayed 1 second(s)

2018-03-05 20:07:42 - [MESSAGE][PASSED] - cupakeysDl.iconad.iconadd is PASSED

2018-03-05 20:07:42 - [TEST_STEP][PASSED] - Statement - (step++): null

2018-03-05 20:07:42 - [TEST_STEP][PASSED] - Statement - (iconcount++): null

2018-03-05 20:07:42 - [TEST_STEP][FAILED] - cupakeysDl.iconres.iconresize: Unable to drag and drop by offset distance (Root cause: com.kms.katalon.core.webui.exception.WebElementNotFoundException: Web element with id: 'Object Repository/CuPaDl/Icons/Resize_icon_bottomright' located by 'By.xpath: //*[@id="pages-index"]/div[1]/div[2]/div[1]/div[3]/div/div/div[1]/div[6]' not found)

2018-03-05 20:07:45 - [MESSAGE][WARNING] - Object 'Object Repository/CuPaDl/Icons/Reposition_icon' is not visible after 3 second(s)

2018-03-05 20:07:45 - [MESSAGE][PASSED] - Object: 'Object Repository/CuPaDl/Icons/Resize_icon' is clicked on

2018-03-05 20:07:45 - [MESSAGE][WARNING] - Timeout '0' is invalid. Using default page load timeout: '30'

2018-03-05 20:08:16 - [MESSAGE][WARNING] - Web element with id: 'Object Repository/CuPaDl/Icons/Reposition_icon' located by 'By.xpath: //*[@id="pages-index"]/div[1]/div[2]/div[1]/div[3]/div/div/div[3]/img' not found

2018-03-05 20:08:17 - [MESSAGE][PASSED] - Delayed 1 second(s)

2018-03-05 20:08:17 - [MESSAGE][PASSED] - Current viewport's left (x) position is 0

2018-03-05 20:08:17 - [MESSAGE][PASSED] - Current viewport's top (y) position is 54

2018-03-05 20:08:48 - [MESSAGE][FAILED] - Unable to drag and drop by offset distance (Root cause: com.kms.katalon.core.webui.exception.WebElementNotFoundException: Web element with id: 'Object Repository/CuPaDl/Icons/Resize_icon_bottomright' located by 'By.xpath: //*[@id="pages-index"]/div[1]/div[2]/div[1]/div[3]/div/div/div[1]/div[6]' not found)

2018-03-05 20:08:48 - [MESSAGE][FAILED] - Unable to drag and drop by offset distance (Root cause: com.kms.katalon.core.webui.exception.WebElementNotFoundException: Web element with id: 'Object Repository/CuPaDl/Icons/Resize_icon_bottomright' located by 'By.xpath: //*[@id="pages-index"]/div[1]/div[2]/div[1]/div[3]/div/div/div[1]/div[6]' not found)]]></system-out>
         <system-err><![CDATA[2018-03-05 20:06:02 - [TEST_CASE][FAILED] - Test Cases/CuPaStefanie/7: Test Cases/CuPaStefanie/7 FAILED because (of) Unable to drag and drop by offset distance (Root cause: com.kms.katalon.core.webui.exception.WebElementNotFoundException: Web element with id: 'Object Repository/CuPaDl/Icons/Resize_icon_bottomright' located by 'By.xpath: //*[@id="pages-index"]/div[1]/div[2]/div[1]/div[3]/div/div/div[1]/div[6]' not found)]]></system-err>
      </testcase>
      <testcase name="Test Cases/CuPaStefanie/8" classname="Test Cases/CuPaStefanie/8" status="PASSED">
         <system-out><![CDATA[2018-03-05 20:08:48 - [TEST_CASE][PASSED] - Test Cases/CuPaStefanie/8: Test Cases/CuPaStefanie/8

2018-03-05 20:08:48 - [TEST_STEP][PASSED] - Statement - timeStamp = new java.text.SimpleDateFormat(dd.MM.yyyy_HH_mm_ss).format(java.util.Calendar.getInstance().getTime()): null

2018-03-05 20:08:48 - [TEST_STEP][PASSED] - Statement - timeStampScreenshot = new java.text.SimpleDateFormat(dd.MM.yyyy).format(java.util.Calendar.getInstance().getTime()): null

2018-03-05 20:08:48 - [TEST_STEP][PASSED] - Statement - iconmap = [:]: null

2018-03-05 20:08:48 - [TEST_STEP][PASSED] - Statement - txtmap = [:]: null

2018-03-05 20:08:48 - [TEST_STEP][PASSED] - Statement - signmap = [:]: null

2018-03-05 20:08:48 - [TEST_STEP][PASSED] - cupakeysDl.initStart.initialStart: cupakeysDl.initStart.initialStart is PASSED

2018-03-05 20:08:48 - [MESSAGE][WARNING] - A browser is already opened. Closing browser and opening a new one

2018-03-05 20:08:50 - [MESSAGE][PASSED] - Browser is opened with url: ''

2018-03-05 20:08:53 - [MESSAGE][PASSED] - Delayed 3 second(s)

2018-03-05 20:08:55 - [MESSAGE][PASSED] - Navigate to 'https://d16a4dsnr8a0k1.cloudfront.net/en/2455233.html?price=150.00%20%E2%82%AC&partName=wilsonPartName&vin=wilsonVin&modelCode=XP11&paint=P0A94&modelDescription=wilsonModelDescription&additionalEquipment=wilsonAdditionalEquipment' successfully

2018-03-05 20:08:55 - [MESSAGE][PASSED] - Object 'Object Repository/CuPaDl/Loading_indicator' is visible

2018-03-05 20:09:05 - [MESSAGE][PASSED] - Object 'Object Repository/CuPaDl/Loading_indicator' is NOT visible

2018-03-05 20:09:06 - [MESSAGE][PASSED] - Delayed 1 second(s)

2018-03-05 20:09:06 - [MESSAGE][PASSED] - cupakeysDl.initStart.initialStart is PASSED

2018-03-05 20:09:06 - [TEST_STEP][PASSED] - Statement - (step++): null

2018-03-05 20:09:06 - [TEST_STEP][PASSED] - cupakeysDl.color.changecolor: cupakeysDl.color.changecolor is PASSED

2018-03-05 20:09:06 - [MESSAGE][PASSED] - Object 'Object Repository/CuPaDl/Color/Color' is visible

2018-03-05 20:09:06 - [MESSAGE][PASSED] - Object: 'Object Repository/CuPaDl/Color/Color' is clicked on

2018-03-05 20:09:07 - [MESSAGE][PASSED] - Delayed 1 second(s)

2018-03-05 20:09:07 - [MESSAGE][PASSED] - Object 'Object Repository/CuPaDl/Color/Color_electricblue' is visible

2018-03-05 20:09:07 - [MESSAGE][PASSED] - Object: 'Object Repository/CuPaDl/Color/Color_electricblue' is clicked on

2018-03-05 20:09:07 - [MESSAGE][WARNING] - Timeout '0' is invalid. Using default page load timeout: '30'

2018-03-05 20:09:07 - [MESSAGE][PASSED] - Object 'Object Repository/CuPaDl/Color/Color_electricblue' is visible

2018-03-05 20:09:08 - [MESSAGE][PASSED] - Delayed 1 second(s)

2018-03-05 20:09:09 - [MESSAGE][PASSED] - Object: 'Object Repository/CuPaDl/Color/Color_electricblue' is clicked on

2018-03-05 20:09:12 - [MESSAGE][WARNING] - Object 'Object Repository/CuPaDl/Loading_indicator' is not visible after 3 second(s)

2018-03-05 20:09:13 - [MESSAGE][PASSED] - Delayed 1 second(s)

2018-03-05 20:09:13 - [MESSAGE][PASSED] - cupakeysDl.color.changecolor is PASSED

2018-03-05 20:09:13 - [TEST_STEP][PASSED] - Statement - (step++): null

2018-03-05 20:09:13 - [TEST_STEP][PASSED] - cupakeysDl.chngstruct.changestructure: cupakeysDl.chngstruct.changestructure is PASSED

2018-03-05 20:09:13 - [MESSAGE][PASSED] - Object: 'Object Repository/CuPaDl/Structure/Structure' is clicked on

2018-03-05 20:09:13 - [MESSAGE][WARNING] - Timeout '0' is invalid. Using default page load timeout: '30'

2018-03-05 20:09:13 - [MESSAGE][PASSED] - Object 'Object Repository/CuPaDl/Structure/Structure_Hahnentritt' is visible

2018-03-05 20:09:13 - [MESSAGE][PASSED] - Object 'Object Repository/CuPaDl/Structure/Structure_quadrops' is visible

2018-03-05 20:09:13 - [MESSAGE][PASSED] - Object: 'Object Repository/CuPaDl/Structure/Structure_quadrops' is clicked on

2018-03-05 20:09:13 - [MESSAGE][PASSED] - Object 'Object Repository/CuPaDl/Loading_indicator' is visible

2018-03-05 20:09:24 - [MESSAGE][PASSED] - Object 'Object Repository/CuPaDl/Loading_indicator' is NOT visible

2018-03-05 20:09:25 - [MESSAGE][PASSED] - Delayed 1 second(s)

2018-03-05 20:09:25 - [MESSAGE][PASSED] - cupakeysDl.chngstruct.changestructure is PASSED

2018-03-05 20:09:25 - [TEST_STEP][PASSED] - Statement - (step++): null

2018-03-05 20:09:25 - [TEST_STEP][PASSED] - cupakeysDl.sclstruct.scalestructure: cupakeysDl.sclstruct.scalestructure is PASSED

2018-03-05 20:09:28 - [MESSAGE][WARNING] - Object 'Object Repository/CuPaDl/Structure/Resize_Structure_bottomright' is not visible after 3 second(s)

2018-03-05 20:09:28 - [MESSAGE][PASSED] - Object: 'Object Repository/CuPaDl/Structure/Resize_Structure' is clicked on

2018-03-05 20:09:28 - [MESSAGE][WARNING] - Timeout '0' is invalid. Using default page load timeout: '30'

2018-03-05 20:09:28 - [MESSAGE][PASSED] - Object 'Object Repository/CuPaDl/Structure/Resize_Structure_bottomright' is visible

2018-03-05 20:09:29 - [MESSAGE][PASSED] - Delayed 1 second(s)

2018-03-05 20:09:29 - [MESSAGE][PASSED] - Current viewport's left (x) position is 0

2018-03-05 20:09:29 - [MESSAGE][PASSED] - Current viewport's top (y) position is 54

2018-03-05 20:09:29 - [MESSAGE][PASSED] - Dragged object with id 'Object Repository/CuPaDl/Structure/Resize_Structure_bottomright' by offset distance x = 225 and y = 279 successfully

2018-03-05 20:09:30 - [MESSAGE][PASSED] - Object 'Object Repository/CuPaDl/Loading_indicator' is visible

2018-03-05 20:09:39 - [MESSAGE][PASSED] - Object 'Object Repository/CuPaDl/Loading_indicator' is NOT visible

2018-03-05 20:09:40 - [MESSAGE][PASSED] - Delayed 1 second(s)

2018-03-05 20:09:40 - [MESSAGE][PASSED] - cupakeysDl.sclstruct.scalestructure is PASSED

2018-03-05 20:09:40 - [TEST_STEP][PASSED] - Statement - (step++): null

2018-03-05 20:09:40 - [TEST_STEP][PASSED] - Statement - iconmap += CustomKeywords.cupakeysDl.iconad.iconadd("pin", LoadTimeCorrector, step, run, device, timeStamp, iconcount): cupakeysDl.iconad.iconadd is PASSED

2018-03-05 20:09:40 - [MESSAGE][PASSED] - Object: 'Object Repository/CuPaDl/Icons/Icon' is clicked on

2018-03-05 20:09:40 - [MESSAGE][PASSED] - Object 'Object Repository/CuPaDl/Icons/Icon_pin' is visible

2018-03-05 20:09:40 - [MESSAGE][PASSED] - Object: 'Object Repository/CuPaDl/Icons/Icon_pin' is clicked on

2018-03-05 20:09:41 - [MESSAGE][PASSED] - Delayed 1 second(s)

2018-03-05 20:09:41 - [MESSAGE][PASSED] - Object: 'Object Repository/CuPaDl/Icons/Icon_pin' is clicked on

2018-03-05 20:09:41 - [MESSAGE][PASSED] - Object 'Object Repository/CuPaDl/Loading_indicator' is visible

2018-03-05 20:10:03 - [MESSAGE][PASSED] - Object 'Object Repository/CuPaDl/Loading_indicator' is NOT visible

2018-03-05 20:10:03 - [MESSAGE][WARNING] - Timeout '0' is invalid. Using default page load timeout: '30'

2018-03-05 20:10:03 - [MESSAGE][PASSED] - Width of element 'Object Repository/CuPaDl/Icons/Reposition_icon' is '40'

2018-03-05 20:10:03 - [MESSAGE][PASSED] - Height of element 'Object Repository/CuPaDl/Icons/Reposition_icon' is '40'.

2018-03-05 20:10:04 - [MESSAGE][PASSED] - Delayed 1 second(s)

2018-03-05 20:10:04 - [MESSAGE][PASSED] - cupakeysDl.iconad.iconadd is PASSED

2018-03-05 20:10:04 - [TEST_STEP][PASSED] - Statement - (step++): null

2018-03-05 20:10:04 - [TEST_STEP][PASSED] - Statement - (iconcount++): null

2018-03-05 20:10:04 - [TEST_STEP][PASSED] - cupakeysDl.iconres.iconresize: cupakeysDl.iconres.iconresize is PASSED

2018-03-05 20:10:04 - [MESSAGE][PASSED] - Object 'Object Repository/CuPaDl/Icons/Reposition_icon' is visible

2018-03-05 20:10:04 - [MESSAGE][PASSED] - Current viewport's left (x) position is 0

2018-03-05 20:10:04 - [MESSAGE][PASSED] - Current viewport's top (y) position is 54

2018-03-05 20:10:04 - [MESSAGE][PASSED] - Dragged object with id 'Object Repository/CuPaDl/Icons/Resize_icon_bottomright' by offset distance x = 125 and y = 179 successfully

2018-03-05 20:10:05 - [MESSAGE][PASSED] - Object 'Object Repository/CuPaDl/Loading_indicator' is visible

2018-03-05 20:10:16 - [MESSAGE][PASSED] - Object 'Object Repository/CuPaDl/Loading_indicator' is NOT visible

2018-03-05 20:10:17 - [MESSAGE][PASSED] - Delayed 1 second(s)

2018-03-05 20:10:17 - [MESSAGE][PASSED] - cupakeysDl.iconres.iconresize is PASSED

2018-03-05 20:10:17 - [TEST_STEP][PASSED] - Statement - (step++): null

2018-03-05 20:10:17 - [TEST_STEP][PASSED] - cupakeysDl.slink.svlink: cupakeysDl.slink.svlink is PASSED

2018-03-05 20:10:17 - [MESSAGE][PASSED] - Scroll to object 'Object Repository/CuPaDl/Save/Save' successfully

2018-03-05 20:10:17 - [MESSAGE][PASSED] - Object: 'Object Repository/CuPaDl/Save/Save' is clicked on

2018-03-05 20:10:17 - [MESSAGE][WARNING] - Timeout '0' is invalid. Using default page load timeout: '30'

2018-03-05 20:10:20 - [MESSAGE][PASSED] - Object 'Object Repository/CuPaDl/Save/CopyLink' is visible

2018-03-05 20:10:20 - [MESSAGE][PASSED] - Object: 'Object Repository/CuPaDl/Save/CopyLink' is clicked on

2018-03-05 20:10:21 - [MESSAGE][PASSED] - Delayed 1 second(s)

2018-03-05 20:10:21 - [MESSAGE][PASSED] - Object: 'Object Repository/CuPaDl/Save/Close' is clicked on

2018-03-05 20:10:22 - [MESSAGE][PASSED] - Delayed 1 second(s)

2018-03-05 20:10:22 - [MESSAGE][PASSED] - cupakeysDl.slink.svlink is PASSED

2018-03-05 20:10:22 - [TEST_STEP][PASSED] - cupakeysDl.endsession.finishsession: cupakeysDl.endsession.finishsession is PASSED

2018-03-05 20:10:25 - [MESSAGE][PASSED] - Delayed 3 second(s)

2018-03-05 20:10:25 - [MESSAGE][PASSED] - Browser is closed

2018-03-05 20:10:25 - [MESSAGE][PASSED] - cupakeysDl.endsession.finishsession is PASSED]]></system-out>
         <system-err><![CDATA[]]></system-err>
      </testcase>
      <testcase name="Test Cases/CuPaStefanie/9" classname="Test Cases/CuPaStefanie/9" status="PASSED">
         <system-out><![CDATA[2018-03-05 20:10:25 - [TEST_CASE][PASSED] - Test Cases/CuPaStefanie/9: Test Cases/CuPaStefanie/9

2018-03-05 20:10:26 - [TEST_STEP][PASSED] - Statement - timeStamp = new java.text.SimpleDateFormat(dd.MM.yyyy_HH_mm_ss).format(java.util.Calendar.getInstance().getTime()): null

2018-03-05 20:10:26 - [TEST_STEP][PASSED] - Statement - timeStampScreenshot = new java.text.SimpleDateFormat(dd.MM.yyyy).format(java.util.Calendar.getInstance().getTime()): null

2018-03-05 20:10:26 - [TEST_STEP][PASSED] - Statement - iconmap = [:]: null

2018-03-05 20:10:26 - [TEST_STEP][PASSED] - Statement - txtmap = [:]: null

2018-03-05 20:10:26 - [TEST_STEP][PASSED] - Statement - signmap = [:]: null

2018-03-05 20:10:26 - [TEST_STEP][PASSED] - cupakeysDl.initStart.initialStart: cupakeysDl.initStart.initialStart is PASSED

2018-03-05 20:10:28 - [MESSAGE][PASSED] - Browser is opened with url: ''

2018-03-05 20:10:31 - [MESSAGE][PASSED] - Delayed 3 second(s)

2018-03-05 20:10:32 - [MESSAGE][PASSED] - Navigate to 'https://d16a4dsnr8a0k1.cloudfront.net/en/2455233.html?price=150.00%20%E2%82%AC&partName=wilsonPartName&vin=wilsonVin&modelCode=XP11&paint=P0A94&modelDescription=wilsonModelDescription&additionalEquipment=wilsonAdditionalEquipment' successfully

2018-03-05 20:10:32 - [MESSAGE][PASSED] - Object 'Object Repository/CuPaDl/Loading_indicator' is visible

2018-03-05 20:10:42 - [MESSAGE][PASSED] - Object 'Object Repository/CuPaDl/Loading_indicator' is NOT visible

2018-03-05 20:10:43 - [MESSAGE][PASSED] - Delayed 1 second(s)

2018-03-05 20:10:43 - [MESSAGE][PASSED] - cupakeysDl.initStart.initialStart is PASSED

2018-03-05 20:10:43 - [TEST_STEP][PASSED] - Statement - (step++): null

2018-03-05 20:10:43 - [TEST_STEP][PASSED] - cupakeysDl.color.changecolor: cupakeysDl.color.changecolor is PASSED

2018-03-05 20:10:43 - [MESSAGE][PASSED] - Object 'Object Repository/CuPaDl/Color/Color' is visible

2018-03-05 20:10:44 - [MESSAGE][PASSED] - Object: 'Object Repository/CuPaDl/Color/Color' is clicked on

2018-03-05 20:10:45 - [MESSAGE][PASSED] - Delayed 1 second(s)

2018-03-05 20:10:45 - [MESSAGE][PASSED] - Object 'Object Repository/CuPaDl/Color/Color_rebelgreen' is visible

2018-03-05 20:10:45 - [MESSAGE][PASSED] - Object: 'Object Repository/CuPaDl/Color/Color_rebelgreen' is clicked on

2018-03-05 20:10:45 - [MESSAGE][WARNING] - Timeout '0' is invalid. Using default page load timeout: '30'

2018-03-05 20:10:45 - [MESSAGE][PASSED] - Object 'Object Repository/CuPaDl/Color/Color_rebelgreen' is visible

2018-03-05 20:10:46 - [MESSAGE][PASSED] - Delayed 1 second(s)

2018-03-05 20:10:46 - [MESSAGE][PASSED] - Object: 'Object Repository/CuPaDl/Color/Color_rebelgreen' is clicked on

2018-03-05 20:10:50 - [MESSAGE][WARNING] - Object 'Object Repository/CuPaDl/Loading_indicator' is not visible after 3 second(s)

2018-03-05 20:10:51 - [MESSAGE][PASSED] - Delayed 1 second(s)

2018-03-05 20:10:51 - [MESSAGE][PASSED] - cupakeysDl.color.changecolor is PASSED

2018-03-05 20:10:51 - [TEST_STEP][PASSED] - Statement - (step++): null

2018-03-05 20:10:51 - [TEST_STEP][PASSED] - cupakeysDl.chngstruct.changestructure: cupakeysDl.chngstruct.changestructure is PASSED

2018-03-05 20:10:51 - [MESSAGE][PASSED] - Object: 'Object Repository/CuPaDl/Structure/Structure' is clicked on

2018-03-05 20:10:51 - [MESSAGE][WARNING] - Timeout '0' is invalid. Using default page load timeout: '30'

2018-03-05 20:10:51 - [MESSAGE][PASSED] - Object 'Object Repository/CuPaDl/Structure/Structure_Hahnentritt' is visible

2018-03-05 20:10:51 - [MESSAGE][PASSED] - Object 'Object Repository/CuPaDl/Structure/Structure_dots' is visible

2018-03-05 20:10:51 - [MESSAGE][PASSED] - Object: 'Object Repository/CuPaDl/Structure/Structure_dots' is clicked on

2018-03-05 20:10:52 - [MESSAGE][PASSED] - Object 'Object Repository/CuPaDl/Loading_indicator' is visible

2018-03-05 20:10:58 - [MESSAGE][PASSED] - Object 'Object Repository/CuPaDl/Loading_indicator' is NOT visible

2018-03-05 20:10:59 - [MESSAGE][PASSED] - Delayed 1 second(s)

2018-03-05 20:10:59 - [MESSAGE][PASSED] - cupakeysDl.chngstruct.changestructure is PASSED

2018-03-05 20:10:59 - [TEST_STEP][PASSED] - Statement - (step++): null

2018-03-05 20:10:59 - [TEST_STEP][PASSED] - cupakeysDl.sclstruct.scalestructure: cupakeysDl.sclstruct.scalestructure is PASSED

2018-03-05 20:11:02 - [MESSAGE][WARNING] - Object 'Object Repository/CuPaDl/Structure/Resize_Structure_bottomright' is not visible after 3 second(s)

2018-03-05 20:11:02 - [MESSAGE][PASSED] - Object: 'Object Repository/CuPaDl/Structure/Resize_Structure' is clicked on

2018-03-05 20:11:02 - [MESSAGE][WARNING] - Timeout '0' is invalid. Using default page load timeout: '30'

2018-03-05 20:11:02 - [MESSAGE][PASSED] - Object 'Object Repository/CuPaDl/Structure/Resize_Structure_bottomright' is visible

2018-03-05 20:11:03 - [MESSAGE][PASSED] - Delayed 1 second(s)

2018-03-05 20:11:03 - [MESSAGE][PASSED] - Current viewport's left (x) position is 0

2018-03-05 20:11:03 - [MESSAGE][PASSED] - Current viewport's top (y) position is 54

2018-03-05 20:11:03 - [MESSAGE][PASSED] - Dragged object with id 'Object Repository/CuPaDl/Structure/Resize_Structure_bottomright' by offset distance x = -225 and y = -171 successfully

2018-03-05 20:11:04 - [MESSAGE][PASSED] - Object 'Object Repository/CuPaDl/Loading_indicator' is visible

2018-03-05 20:11:12 - [MESSAGE][PASSED] - Object 'Object Repository/CuPaDl/Loading_indicator' is NOT visible

2018-03-05 20:11:13 - [MESSAGE][PASSED] - Delayed 1 second(s)

2018-03-05 20:11:13 - [MESSAGE][PASSED] - cupakeysDl.sclstruct.scalestructure is PASSED

2018-03-05 20:11:13 - [TEST_STEP][PASSED] - Statement - (step++): null

2018-03-05 20:11:13 - [TEST_STEP][PASSED] - Statement - iconmap += CustomKeywords.cupakeysDl.iconad.iconadd("paperplane", LoadTimeCorrector, step, run, device, timeStamp, iconcount): cupakeysDl.iconad.iconadd is PASSED

2018-03-05 20:11:13 - [MESSAGE][PASSED] - Object: 'Object Repository/CuPaDl/Icons/Icon' is clicked on

2018-03-05 20:11:14 - [MESSAGE][PASSED] - Object 'Object Repository/CuPaDl/Icons/Icon_paperplane' is visible

2018-03-05 20:11:14 - [MESSAGE][PASSED] - Object: 'Object Repository/CuPaDl/Icons/Icon_paperplane' is clicked on

2018-03-05 20:11:15 - [MESSAGE][PASSED] - Delayed 1 second(s)

2018-03-05 20:11:15 - [MESSAGE][PASSED] - Object: 'Object Repository/CuPaDl/Icons/Icon_paperplane' is clicked on

2018-03-05 20:11:15 - [MESSAGE][PASSED] - Object 'Object Repository/CuPaDl/Loading_indicator' is visible

2018-03-05 20:11:42 - [MESSAGE][PASSED] - Object 'Object Repository/CuPaDl/Loading_indicator' is NOT visible

2018-03-05 20:11:42 - [MESSAGE][WARNING] - Timeout '0' is invalid. Using default page load timeout: '30'

2018-03-05 20:11:42 - [MESSAGE][PASSED] - Width of element 'Object Repository/CuPaDl/Icons/Reposition_icon' is '40'

2018-03-05 20:11:42 - [MESSAGE][PASSED] - Height of element 'Object Repository/CuPaDl/Icons/Reposition_icon' is '40'.

2018-03-05 20:11:43 - [MESSAGE][PASSED] - Delayed 1 second(s)

2018-03-05 20:11:43 - [MESSAGE][PASSED] - cupakeysDl.iconad.iconadd is PASSED

2018-03-05 20:11:43 - [TEST_STEP][PASSED] - Statement - (step++): null

2018-03-05 20:11:43 - [TEST_STEP][PASSED] - Statement - (iconcount++): null

2018-03-05 20:11:43 - [TEST_STEP][PASSED] - cupakeysDl.iconres.iconresize: cupakeysDl.iconres.iconresize is PASSED

2018-03-05 20:11:43 - [MESSAGE][PASSED] - Object 'Object Repository/CuPaDl/Icons/Reposition_icon' is visible

2018-03-05 20:11:43 - [MESSAGE][PASSED] - Current viewport's left (x) position is 0

2018-03-05 20:11:43 - [MESSAGE][PASSED] - Current viewport's top (y) position is 54

2018-03-05 20:11:43 - [MESSAGE][PASSED] - Dragged object with id 'Object Repository/CuPaDl/Icons/Resize_icon_bottomright' by offset distance x = -125 and y = -71 successfully

2018-03-05 20:11:44 - [MESSAGE][PASSED] - Object 'Object Repository/CuPaDl/Loading_indicator' is visible

2018-03-05 20:11:58 - [MESSAGE][PASSED] - Object 'Object Repository/CuPaDl/Loading_indicator' is NOT visible

2018-03-05 20:11:59 - [MESSAGE][PASSED] - Delayed 1 second(s)

2018-03-05 20:11:59 - [MESSAGE][PASSED] - cupakeysDl.iconres.iconresize is PASSED

2018-03-05 20:11:59 - [TEST_STEP][PASSED] - Statement - (step++): null

2018-03-05 20:11:59 - [TEST_STEP][PASSED] - cupakeysDl.slink.svlink: cupakeysDl.slink.svlink is PASSED

2018-03-05 20:11:59 - [MESSAGE][PASSED] - Scroll to object 'Object Repository/CuPaDl/Save/Save' successfully

2018-03-05 20:11:59 - [MESSAGE][PASSED] - Object: 'Object Repository/CuPaDl/Save/Save' is clicked on

2018-03-05 20:11:59 - [MESSAGE][WARNING] - Timeout '0' is invalid. Using default page load timeout: '30'

2018-03-05 20:12:01 - [MESSAGE][PASSED] - Object 'Object Repository/CuPaDl/Save/CopyLink' is visible

2018-03-05 20:12:01 - [MESSAGE][PASSED] - Object: 'Object Repository/CuPaDl/Save/CopyLink' is clicked on

2018-03-05 20:12:02 - [MESSAGE][PASSED] - Delayed 1 second(s)

2018-03-05 20:12:02 - [MESSAGE][PASSED] - Object: 'Object Repository/CuPaDl/Save/Close' is clicked on

2018-03-05 20:12:03 - [MESSAGE][PASSED] - Delayed 1 second(s)

2018-03-05 20:12:03 - [MESSAGE][PASSED] - cupakeysDl.slink.svlink is PASSED

2018-03-05 20:12:03 - [TEST_STEP][PASSED] - cupakeysDl.endsession.finishsession: cupakeysDl.endsession.finishsession is PASSED

2018-03-05 20:12:06 - [MESSAGE][PASSED] - Delayed 3 second(s)

2018-03-05 20:12:06 - [MESSAGE][PASSED] - Browser is closed

2018-03-05 20:12:06 - [MESSAGE][PASSED] - cupakeysDl.endsession.finishsession is PASSED]]></system-out>
         <system-err><![CDATA[]]></system-err>
      </testcase>
      <testcase name="Test Cases/CuPaStefanie/10" classname="Test Cases/CuPaStefanie/10" status="PASSED">
         <system-out><![CDATA[2018-03-05 20:12:06 - [TEST_CASE][PASSED] - Test Cases/CuPaStefanie/10: Test Cases/CuPaStefanie/10

2018-03-05 20:12:07 - [TEST_STEP][PASSED] - Statement - timeStamp = new java.text.SimpleDateFormat(dd.MM.yyyy_HH_mm_ss).format(java.util.Calendar.getInstance().getTime()): null

2018-03-05 20:12:07 - [TEST_STEP][PASSED] - Statement - timeStampScreenshot = new java.text.SimpleDateFormat(dd.MM.yyyy).format(java.util.Calendar.getInstance().getTime()): null

2018-03-05 20:12:07 - [TEST_STEP][PASSED] - Statement - ps = new java.io.PrintStream((((timeStamp + _Run) + run) + .txt)): null

2018-03-05 20:12:07 - [TEST_STEP][PASSED] - Statement - iconmap = [:]: null

2018-03-05 20:12:07 - [TEST_STEP][PASSED] - Statement - txtmap = [:]: null

2018-03-05 20:12:07 - [TEST_STEP][PASSED] - Statement - signmap = [:]: null

2018-03-05 20:12:07 - [TEST_STEP][PASSED] - cupakeysDl.initStart.initialStart: cupakeysDl.initStart.initialStart is PASSED

2018-03-05 20:12:09 - [MESSAGE][PASSED] - Browser is opened with url: ''

2018-03-05 20:12:12 - [MESSAGE][PASSED] - Delayed 3 second(s)

2018-03-05 20:12:14 - [MESSAGE][PASSED] - Navigate to 'https://d16a4dsnr8a0k1.cloudfront.net/en/2455233.html?price=150.00%20%E2%82%AC&partName=wilsonPartName&vin=wilsonVin&modelCode=XP11&paint=P0A94&modelDescription=wilsonModelDescription&additionalEquipment=wilsonAdditionalEquipment' successfully

2018-03-05 20:12:14 - [MESSAGE][PASSED] - Object 'Object Repository/CuPaDl/Loading_indicator' is visible

2018-03-05 20:12:23 - [MESSAGE][PASSED] - Object 'Object Repository/CuPaDl/Loading_indicator' is NOT visible

2018-03-05 20:12:24 - [MESSAGE][PASSED] - Delayed 1 second(s)

2018-03-05 20:12:24 - [MESSAGE][PASSED] - cupakeysDl.initStart.initialStart is PASSED

2018-03-05 20:12:24 - [TEST_STEP][PASSED] - Statement - (step++): null

2018-03-05 20:12:24 - [TEST_STEP][PASSED] - cupakeysDl.color.changecolor: cupakeysDl.color.changecolor is PASSED

2018-03-05 20:12:24 - [MESSAGE][PASSED] - Object 'Object Repository/CuPaDl/Color/Color' is visible

2018-03-05 20:12:24 - [MESSAGE][PASSED] - Object: 'Object Repository/CuPaDl/Color/Color' is clicked on

2018-03-05 20:12:25 - [MESSAGE][PASSED] - Delayed 1 second(s)

2018-03-05 20:12:25 - [MESSAGE][PASSED] - Object 'Object Repository/CuPaDl/Color/Color_rebelgreen' is visible

2018-03-05 20:12:25 - [MESSAGE][PASSED] - Object: 'Object Repository/CuPaDl/Color/Color_rebelgreen' is clicked on

2018-03-05 20:12:25 - [MESSAGE][WARNING] - Timeout '0' is invalid. Using default page load timeout: '30'

2018-03-05 20:12:25 - [MESSAGE][PASSED] - Object 'Object Repository/CuPaDl/Color/Color_rebelgreen' is visible

2018-03-05 20:12:26 - [MESSAGE][PASSED] - Delayed 1 second(s)

2018-03-05 20:12:27 - [MESSAGE][PASSED] - Object: 'Object Repository/CuPaDl/Color/Color_rebelgreen' is clicked on

2018-03-05 20:12:27 - [MESSAGE][PASSED] - Object 'Object Repository/CuPaDl/Loading_indicator' is visible

2018-03-05 20:12:30 - [MESSAGE][PASSED] - Object 'Object Repository/CuPaDl/Loading_indicator' is NOT visible

2018-03-05 20:12:31 - [MESSAGE][PASSED] - Delayed 1 second(s)

2018-03-05 20:12:31 - [MESSAGE][PASSED] - cupakeysDl.color.changecolor is PASSED

2018-03-05 20:12:31 - [TEST_STEP][PASSED] - Statement - (step++): null

2018-03-05 20:12:31 - [TEST_STEP][PASSED] - cupakeysDl.chngstruct.changestructure: cupakeysDl.chngstruct.changestructure is PASSED

2018-03-05 20:12:31 - [MESSAGE][PASSED] - Object: 'Object Repository/CuPaDl/Structure/Structure' is clicked on

2018-03-05 20:12:31 - [MESSAGE][WARNING] - Timeout '0' is invalid. Using default page load timeout: '30'

2018-03-05 20:12:31 - [MESSAGE][PASSED] - Object 'Object Repository/CuPaDl/Structure/Structure_Hahnentritt' is visible

2018-03-05 20:12:31 - [MESSAGE][PASSED] - Object 'Object Repository/CuPaDl/Structure/Structure_dots' is visible

2018-03-05 20:12:31 - [MESSAGE][PASSED] - Object: 'Object Repository/CuPaDl/Structure/Structure_dots' is clicked on

2018-03-05 20:12:32 - [MESSAGE][PASSED] - Object 'Object Repository/CuPaDl/Loading_indicator' is visible

2018-03-05 20:12:38 - [MESSAGE][PASSED] - Object 'Object Repository/CuPaDl/Loading_indicator' is NOT visible

2018-03-05 20:12:39 - [MESSAGE][PASSED] - Delayed 1 second(s)

2018-03-05 20:12:39 - [MESSAGE][PASSED] - cupakeysDl.chngstruct.changestructure is PASSED

2018-03-05 20:12:39 - [TEST_STEP][PASSED] - Statement - (step++): null

2018-03-05 20:12:39 - [TEST_STEP][PASSED] - cupakeysDl.sclstruct.scalestructure: cupakeysDl.sclstruct.scalestructure is PASSED

2018-03-05 20:12:42 - [MESSAGE][WARNING] - Object 'Object Repository/CuPaDl/Structure/Resize_Structure_bottomright' is not visible after 3 second(s)

2018-03-05 20:12:42 - [MESSAGE][PASSED] - Object: 'Object Repository/CuPaDl/Structure/Resize_Structure' is clicked on

2018-03-05 20:12:42 - [MESSAGE][WARNING] - Timeout '0' is invalid. Using default page load timeout: '30'

2018-03-05 20:12:42 - [MESSAGE][PASSED] - Object 'Object Repository/CuPaDl/Structure/Resize_Structure_bottomright' is visible

2018-03-05 20:12:43 - [MESSAGE][PASSED] - Delayed 1 second(s)

2018-03-05 20:12:43 - [MESSAGE][PASSED] - Current viewport's left (x) position is 0

2018-03-05 20:12:43 - [MESSAGE][PASSED] - Current viewport's top (y) position is 54

2018-03-05 20:12:43 - [MESSAGE][PASSED] - Dragged object with id 'Object Repository/CuPaDl/Structure/Resize_Structure_bottomright' by offset distance x = 225 and y = 279 successfully

2018-03-05 20:12:44 - [MESSAGE][PASSED] - Object 'Object Repository/CuPaDl/Loading_indicator' is visible

2018-03-05 20:12:49 - [MESSAGE][PASSED] - Object 'Object Repository/CuPaDl/Loading_indicator' is NOT visible

2018-03-05 20:12:50 - [MESSAGE][PASSED] - Delayed 1 second(s)

2018-03-05 20:12:50 - [MESSAGE][PASSED] - cupakeysDl.sclstruct.scalestructure is PASSED

2018-03-05 20:12:50 - [TEST_STEP][PASSED] - Statement - (step++): null

2018-03-05 20:12:50 - [TEST_STEP][PASSED] - Statement - iconmap += CustomKeywords.cupakeysDl.iconad.iconadd("paperplane", LoadTimeCorrector, step, run, device, timeStamp, iconcount): cupakeysDl.iconad.iconadd is PASSED

2018-03-05 20:12:50 - [MESSAGE][PASSED] - Object: 'Object Repository/CuPaDl/Icons/Icon' is clicked on

2018-03-05 20:12:50 - [MESSAGE][PASSED] - Object 'Object Repository/CuPaDl/Icons/Icon_paperplane' is visible

2018-03-05 20:12:50 - [MESSAGE][PASSED] - Object: 'Object Repository/CuPaDl/Icons/Icon_paperplane' is clicked on

2018-03-05 20:12:51 - [MESSAGE][PASSED] - Delayed 1 second(s)

2018-03-05 20:12:51 - [MESSAGE][PASSED] - Object: 'Object Repository/CuPaDl/Icons/Icon_paperplane' is clicked on

2018-03-05 20:12:51 - [MESSAGE][PASSED] - Object 'Object Repository/CuPaDl/Loading_indicator' is visible

2018-03-05 20:12:59 - [MESSAGE][PASSED] - Object 'Object Repository/CuPaDl/Loading_indicator' is NOT visible

2018-03-05 20:12:59 - [MESSAGE][WARNING] - Timeout '0' is invalid. Using default page load timeout: '30'

2018-03-05 20:13:00 - [MESSAGE][PASSED] - Width of element 'Object Repository/CuPaDl/Icons/Reposition_icon' is '40'

2018-03-05 20:13:00 - [MESSAGE][PASSED] - Height of element 'Object Repository/CuPaDl/Icons/Reposition_icon' is '40'.

2018-03-05 20:13:01 - [MESSAGE][PASSED] - Delayed 1 second(s)

2018-03-05 20:13:01 - [MESSAGE][PASSED] - cupakeysDl.iconad.iconadd is PASSED

2018-03-05 20:13:01 - [TEST_STEP][PASSED] - Statement - (step++): null

2018-03-05 20:13:01 - [TEST_STEP][PASSED] - Statement - (iconcount++): null

2018-03-05 20:13:01 - [TEST_STEP][PASSED] - cupakeysDl.iconres.iconresize: cupakeysDl.iconres.iconresize is PASSED

2018-03-05 20:13:01 - [MESSAGE][PASSED] - Object 'Object Repository/CuPaDl/Icons/Reposition_icon' is visible

2018-03-05 20:13:01 - [MESSAGE][PASSED] - Current viewport's left (x) position is 0

2018-03-05 20:13:01 - [MESSAGE][PASSED] - Current viewport's top (y) position is 54

2018-03-05 20:13:01 - [MESSAGE][PASSED] - Dragged object with id 'Object Repository/CuPaDl/Icons/Resize_icon_bottomright' by offset distance x = 125 and y = 179 successfully

2018-03-05 20:13:02 - [MESSAGE][PASSED] - Object 'Object Repository/CuPaDl/Loading_indicator' is visible

2018-03-05 20:13:06 - [MESSAGE][PASSED] - Object 'Object Repository/CuPaDl/Loading_indicator' is NOT visible

2018-03-05 20:13:07 - [MESSAGE][PASSED] - Delayed 1 second(s)

2018-03-05 20:13:07 - [MESSAGE][PASSED] - cupakeysDl.iconres.iconresize is PASSED

2018-03-05 20:13:07 - [TEST_STEP][PASSED] - Statement - (step++): null

2018-03-05 20:13:07 - [TEST_STEP][PASSED] - cupakeysDl.slink.svlink: cupakeysDl.slink.svlink is PASSED

2018-03-05 20:13:07 - [MESSAGE][PASSED] - Scroll to object 'Object Repository/CuPaDl/Save/Save' successfully

2018-03-05 20:13:08 - [MESSAGE][PASSED] - Object: 'Object Repository/CuPaDl/Save/Save' is clicked on

2018-03-05 20:13:08 - [MESSAGE][WARNING] - Timeout '0' is invalid. Using default page load timeout: '30'

2018-03-05 20:13:09 - [MESSAGE][PASSED] - Object 'Object Repository/CuPaDl/Save/CopyLink' is visible

2018-03-05 20:13:09 - [MESSAGE][PASSED] - Object: 'Object Repository/CuPaDl/Save/CopyLink' is clicked on

2018-03-05 20:13:10 - [MESSAGE][PASSED] - Delayed 1 second(s)

2018-03-05 20:13:10 - [MESSAGE][PASSED] - Object: 'Object Repository/CuPaDl/Save/Close' is clicked on

2018-03-05 20:13:11 - [MESSAGE][PASSED] - Delayed 1 second(s)

2018-03-05 20:13:11 - [MESSAGE][PASSED] - cupakeysDl.slink.svlink is PASSED

2018-03-05 20:13:11 - [TEST_STEP][PASSED] - cupakeysDl.endsession.finishsession: cupakeysDl.endsession.finishsession is PASSED

2018-03-05 20:13:14 - [MESSAGE][PASSED] - Delayed 3 second(s)

2018-03-05 20:13:15 - [MESSAGE][PASSED] - Browser is closed

2018-03-05 20:13:15 - [MESSAGE][PASSED] - cupakeysDl.endsession.finishsession is PASSED]]></system-out>
         <system-err><![CDATA[]]></system-err>
      </testcase>
      <testcase name="Test Cases/CuPaStefanie/11" classname="Test Cases/CuPaStefanie/11" status="PASSED">
         <system-out><![CDATA[2018-03-05 20:13:15 - [TEST_CASE][PASSED] - Test Cases/CuPaStefanie/11: Test Cases/CuPaStefanie/11

2018-03-05 20:13:15 - [TEST_STEP][PASSED] - Statement - timeStamp = new java.text.SimpleDateFormat(dd.MM.yyyy_HH_mm_ss).format(java.util.Calendar.getInstance().getTime()): null

2018-03-05 20:13:15 - [TEST_STEP][PASSED] - Statement - timeStampScreenshot = new java.text.SimpleDateFormat(dd.MM.yyyy).format(java.util.Calendar.getInstance().getTime()): null

2018-03-05 20:13:15 - [TEST_STEP][PASSED] - Statement - iconmap = [:]: null

2018-03-05 20:13:15 - [TEST_STEP][PASSED] - Statement - txtmap = [:]: null

2018-03-05 20:13:15 - [TEST_STEP][PASSED] - Statement - signmap = [:]: null

2018-03-05 20:13:15 - [TEST_STEP][PASSED] - cupakeysDl.initStart.initialStart: cupakeysDl.initStart.initialStart is PASSED

2018-03-05 20:13:17 - [MESSAGE][PASSED] - Browser is opened with url: ''

2018-03-05 20:13:20 - [MESSAGE][PASSED] - Delayed 3 second(s)

2018-03-05 20:13:21 - [MESSAGE][PASSED] - Navigate to 'https://d16a4dsnr8a0k1.cloudfront.net/en/2455233.html?price=150.00%20%E2%82%AC&partName=wilsonPartName&vin=wilsonVin&modelCode=XP11&paint=P0A94&modelDescription=wilsonModelDescription&additionalEquipment=wilsonAdditionalEquipment' successfully

2018-03-05 20:13:21 - [MESSAGE][PASSED] - Object 'Object Repository/CuPaDl/Loading_indicator' is visible

2018-03-05 20:13:31 - [MESSAGE][PASSED] - Object 'Object Repository/CuPaDl/Loading_indicator' is NOT visible

2018-03-05 20:13:32 - [MESSAGE][PASSED] - Delayed 1 second(s)

2018-03-05 20:13:32 - [MESSAGE][PASSED] - cupakeysDl.initStart.initialStart is PASSED

2018-03-05 20:13:32 - [TEST_STEP][PASSED] - Statement - (step++): null

2018-03-05 20:13:32 - [TEST_STEP][PASSED] - cupakeysDl.color.changecolor: cupakeysDl.color.changecolor is PASSED

2018-03-05 20:13:32 - [MESSAGE][PASSED] - Object 'Object Repository/CuPaDl/Color/Color' is visible

2018-03-05 20:13:32 - [MESSAGE][PASSED] - Object: 'Object Repository/CuPaDl/Color/Color' is clicked on

2018-03-05 20:13:33 - [MESSAGE][PASSED] - Delayed 1 second(s)

2018-03-05 20:13:33 - [MESSAGE][PASSED] - Object 'Object Repository/CuPaDl/Color/Color_passionred' is visible

2018-03-05 20:13:33 - [MESSAGE][PASSED] - Object: 'Object Repository/CuPaDl/Color/Color_passionred' is clicked on

2018-03-05 20:13:33 - [MESSAGE][WARNING] - Timeout '0' is invalid. Using default page load timeout: '30'

2018-03-05 20:13:33 - [MESSAGE][PASSED] - Object 'Object Repository/CuPaDl/Color/Color_passionred' is visible

2018-03-05 20:13:34 - [MESSAGE][PASSED] - Delayed 1 second(s)

2018-03-05 20:13:35 - [MESSAGE][PASSED] - Object: 'Object Repository/CuPaDl/Color/Color_passionred' is clicked on

2018-03-05 20:13:35 - [MESSAGE][PASSED] - Object 'Object Repository/CuPaDl/Loading_indicator' is visible

2018-03-05 20:13:38 - [MESSAGE][PASSED] - Object 'Object Repository/CuPaDl/Loading_indicator' is NOT visible

2018-03-05 20:13:39 - [MESSAGE][PASSED] - Delayed 1 second(s)

2018-03-05 20:13:39 - [MESSAGE][PASSED] - cupakeysDl.color.changecolor is PASSED

2018-03-05 20:13:39 - [TEST_STEP][PASSED] - Statement - (step++): null

2018-03-05 20:13:39 - [TEST_STEP][PASSED] - cupakeysDl.chngstruct.changestructure: cupakeysDl.chngstruct.changestructure is PASSED

2018-03-05 20:13:39 - [MESSAGE][PASSED] - Object: 'Object Repository/CuPaDl/Structure/Structure' is clicked on

2018-03-05 20:13:39 - [MESSAGE][WARNING] - Timeout '0' is invalid. Using default page load timeout: '30'

2018-03-05 20:13:39 - [MESSAGE][PASSED] - Object 'Object Repository/CuPaDl/Structure/Structure_Hahnentritt' is visible

2018-03-05 20:13:39 - [MESSAGE][PASSED] - Object 'Object Repository/CuPaDl/Structure/Structure_hahnentritt' is visible

2018-03-05 20:13:39 - [MESSAGE][PASSED] - Object: 'Object Repository/CuPaDl/Structure/Structure_hahnentritt' is clicked on

2018-03-05 20:13:40 - [MESSAGE][PASSED] - Object 'Object Repository/CuPaDl/Loading_indicator' is visible

2018-03-05 20:13:43 - [MESSAGE][PASSED] - Object 'Object Repository/CuPaDl/Loading_indicator' is NOT visible

2018-03-05 20:13:44 - [MESSAGE][PASSED] - Delayed 1 second(s)

2018-03-05 20:13:44 - [MESSAGE][PASSED] - cupakeysDl.chngstruct.changestructure is PASSED

2018-03-05 20:13:44 - [TEST_STEP][PASSED] - Statement - (step++): null

2018-03-05 20:13:44 - [TEST_STEP][PASSED] - cupakeysDl.sclstruct.scalestructure: cupakeysDl.sclstruct.scalestructure is PASSED

2018-03-05 20:13:47 - [MESSAGE][WARNING] - Object 'Object Repository/CuPaDl/Structure/Resize_Structure_bottomright' is not visible after 3 second(s)

2018-03-05 20:13:47 - [MESSAGE][PASSED] - Object: 'Object Repository/CuPaDl/Structure/Resize_Structure' is clicked on

2018-03-05 20:13:47 - [MESSAGE][WARNING] - Timeout '0' is invalid. Using default page load timeout: '30'

2018-03-05 20:13:47 - [MESSAGE][PASSED] - Object 'Object Repository/CuPaDl/Structure/Resize_Structure_bottomright' is visible

2018-03-05 20:13:48 - [MESSAGE][PASSED] - Delayed 1 second(s)

2018-03-05 20:13:48 - [MESSAGE][PASSED] - Current viewport's left (x) position is 0

2018-03-05 20:13:48 - [MESSAGE][PASSED] - Current viewport's top (y) position is 54

2018-03-05 20:13:48 - [MESSAGE][PASSED] - Dragged object with id 'Object Repository/CuPaDl/Structure/Resize_Structure_bottomright' by offset distance x = -225 and y = -171 successfully

2018-03-05 20:13:50 - [MESSAGE][PASSED] - Object 'Object Repository/CuPaDl/Loading_indicator' is visible

2018-03-05 20:13:51 - [MESSAGE][PASSED] - Object 'Object Repository/CuPaDl/Loading_indicator' is NOT visible

2018-03-05 20:13:52 - [MESSAGE][PASSED] - Delayed 1 second(s)

2018-03-05 20:13:52 - [MESSAGE][PASSED] - cupakeysDl.sclstruct.scalestructure is PASSED

2018-03-05 20:13:52 - [TEST_STEP][PASSED] - Statement - (step++): null

2018-03-05 20:13:52 - [TEST_STEP][PASSED] - Statement - iconmap += CustomKeywords.cupakeysDl.iconad.iconadd("paperplaneline", LoadTimeCorrector, step, run, device, timeStamp, iconcount): cupakeysDl.iconad.iconadd is PASSED

2018-03-05 20:13:52 - [MESSAGE][PASSED] - Object: 'Object Repository/CuPaDl/Icons/Icon' is clicked on

2018-03-05 20:13:52 - [MESSAGE][PASSED] - Object 'Object Repository/CuPaDl/Icons/Icon_paperplaneline' is visible

2018-03-05 20:13:53 - [MESSAGE][PASSED] - Object: 'Object Repository/CuPaDl/Icons/Icon_paperplaneline' is clicked on

2018-03-05 20:13:54 - [MESSAGE][PASSED] - Delayed 1 second(s)

2018-03-05 20:13:55 - [MESSAGE][PASSED] - Object: 'Object Repository/CuPaDl/Icons/Icon_paperplaneline' is clicked on

2018-03-05 20:13:55 - [MESSAGE][PASSED] - Object 'Object Repository/CuPaDl/Loading_indicator' is visible

2018-03-05 20:13:58 - [MESSAGE][PASSED] - Object 'Object Repository/CuPaDl/Loading_indicator' is NOT visible

2018-03-05 20:13:58 - [MESSAGE][WARNING] - Timeout '0' is invalid. Using default page load timeout: '30'

2018-03-05 20:13:58 - [MESSAGE][PASSED] - Width of element 'Object Repository/CuPaDl/Icons/Reposition_icon' is '40'

2018-03-05 20:13:58 - [MESSAGE][PASSED] - Height of element 'Object Repository/CuPaDl/Icons/Reposition_icon' is '40'.

2018-03-05 20:13:59 - [MESSAGE][PASSED] - Delayed 1 second(s)

2018-03-05 20:13:59 - [MESSAGE][PASSED] - cupakeysDl.iconad.iconadd is PASSED

2018-03-05 20:13:59 - [TEST_STEP][PASSED] - Statement - (step++): null

2018-03-05 20:13:59 - [TEST_STEP][PASSED] - Statement - (iconcount++): null

2018-03-05 20:13:59 - [TEST_STEP][PASSED] - cupakeysDl.iconres.iconresize: cupakeysDl.iconres.iconresize is PASSED

2018-03-05 20:13:59 - [MESSAGE][PASSED] - Object 'Object Repository/CuPaDl/Icons/Reposition_icon' is visible

2018-03-05 20:13:59 - [MESSAGE][PASSED] - Current viewport's left (x) position is 0

2018-03-05 20:13:59 - [MESSAGE][PASSED] - Current viewport's top (y) position is 54

2018-03-05 20:13:59 - [MESSAGE][PASSED] - Dragged object with id 'Object Repository/CuPaDl/Icons/Resize_icon_bottomright' by offset distance x = -125 and y = -71 successfully

2018-03-05 20:14:01 - [MESSAGE][PASSED] - Object 'Object Repository/CuPaDl/Loading_indicator' is visible

2018-03-05 20:14:02 - [MESSAGE][PASSED] - Object 'Object Repository/CuPaDl/Loading_indicator' is NOT visible

2018-03-05 20:14:03 - [MESSAGE][PASSED] - Delayed 1 second(s)

2018-03-05 20:14:03 - [MESSAGE][PASSED] - cupakeysDl.iconres.iconresize is PASSED

2018-03-05 20:14:03 - [TEST_STEP][PASSED] - Statement - (step++): null

2018-03-05 20:14:03 - [TEST_STEP][PASSED] - cupakeysDl.slink.svlink: cupakeysDl.slink.svlink is PASSED

2018-03-05 20:14:03 - [MESSAGE][PASSED] - Scroll to object 'Object Repository/CuPaDl/Save/Save' successfully

2018-03-05 20:14:03 - [MESSAGE][PASSED] - Object: 'Object Repository/CuPaDl/Save/Save' is clicked on

2018-03-05 20:14:03 - [MESSAGE][WARNING] - Timeout '0' is invalid. Using default page load timeout: '30'

2018-03-05 20:14:05 - [MESSAGE][PASSED] - Object 'Object Repository/CuPaDl/Save/CopyLink' is visible

2018-03-05 20:14:05 - [MESSAGE][PASSED] - Object: 'Object Repository/CuPaDl/Save/CopyLink' is clicked on

2018-03-05 20:14:06 - [MESSAGE][PASSED] - Delayed 1 second(s)

2018-03-05 20:14:06 - [MESSAGE][PASSED] - Object: 'Object Repository/CuPaDl/Save/Close' is clicked on

2018-03-05 20:14:07 - [MESSAGE][PASSED] - Delayed 1 second(s)

2018-03-05 20:14:07 - [MESSAGE][PASSED] - cupakeysDl.slink.svlink is PASSED

2018-03-05 20:14:07 - [TEST_STEP][PASSED] - cupakeysDl.endsession.finishsession: cupakeysDl.endsession.finishsession is PASSED

2018-03-05 20:14:10 - [MESSAGE][PASSED] - Delayed 3 second(s)

2018-03-05 20:14:11 - [MESSAGE][PASSED] - Browser is closed

2018-03-05 20:14:11 - [MESSAGE][PASSED] - cupakeysDl.endsession.finishsession is PASSED]]></system-out>
         <system-err><![CDATA[]]></system-err>
      </testcase>
      <testcase name="Test Cases/CuPaStefanie/12" classname="Test Cases/CuPaStefanie/12" status="PASSED">
         <system-out><![CDATA[2018-03-05 20:14:11 - [TEST_CASE][PASSED] - Test Cases/CuPaStefanie/12: Test Cases/CuPaStefanie/12

2018-03-05 20:14:11 - [TEST_STEP][PASSED] - Statement - timeStamp = new java.text.SimpleDateFormat(dd.MM.yyyy_HH_mm_ss).format(java.util.Calendar.getInstance().getTime()): null

2018-03-05 20:14:11 - [TEST_STEP][PASSED] - Statement - timeStampScreenshot = new java.text.SimpleDateFormat(dd.MM.yyyy).format(java.util.Calendar.getInstance().getTime()): null

2018-03-05 20:14:11 - [TEST_STEP][PASSED] - Statement - iconmap = [:]: null

2018-03-05 20:14:11 - [TEST_STEP][PASSED] - Statement - txtmap = [:]: null

2018-03-05 20:14:11 - [TEST_STEP][PASSED] - Statement - signmap = [:]: null

2018-03-05 20:14:11 - [TEST_STEP][PASSED] - cupakeysDl.initStart.initialStart: cupakeysDl.initStart.initialStart is PASSED

2018-03-05 20:14:13 - [MESSAGE][PASSED] - Browser is opened with url: ''

2018-03-05 20:14:16 - [MESSAGE][PASSED] - Delayed 3 second(s)

2018-03-05 20:14:18 - [MESSAGE][PASSED] - Navigate to 'https://d16a4dsnr8a0k1.cloudfront.net/en/2455233.html?price=150.00%20%E2%82%AC&partName=wilsonPartName&vin=wilsonVin&modelCode=XP11&paint=P0A94&modelDescription=wilsonModelDescription&additionalEquipment=wilsonAdditionalEquipment' successfully

2018-03-05 20:14:18 - [MESSAGE][PASSED] - Object 'Object Repository/CuPaDl/Loading_indicator' is visible

2018-03-05 20:14:28 - [MESSAGE][PASSED] - Object 'Object Repository/CuPaDl/Loading_indicator' is NOT visible

2018-03-05 20:14:29 - [MESSAGE][PASSED] - Delayed 1 second(s)

2018-03-05 20:14:29 - [MESSAGE][PASSED] - cupakeysDl.initStart.initialStart is PASSED

2018-03-05 20:14:29 - [TEST_STEP][PASSED] - Statement - (step++): null

2018-03-05 20:14:29 - [TEST_STEP][PASSED] - cupakeysDl.color.changecolor: cupakeysDl.color.changecolor is PASSED

2018-03-05 20:14:29 - [MESSAGE][PASSED] - Object 'Object Repository/CuPaDl/Color/Color' is visible

2018-03-05 20:14:29 - [MESSAGE][PASSED] - Object: 'Object Repository/CuPaDl/Color/Color' is clicked on

2018-03-05 20:14:30 - [MESSAGE][PASSED] - Delayed 1 second(s)

2018-03-05 20:14:30 - [MESSAGE][PASSED] - Object 'Object Repository/CuPaDl/Color/Color_passionred' is visible

2018-03-05 20:14:30 - [MESSAGE][PASSED] - Object: 'Object Repository/CuPaDl/Color/Color_passionred' is clicked on

2018-03-05 20:14:30 - [MESSAGE][WARNING] - Timeout '0' is invalid. Using default page load timeout: '30'

2018-03-05 20:14:30 - [MESSAGE][PASSED] - Object 'Object Repository/CuPaDl/Color/Color_passionred' is visible

2018-03-05 20:14:31 - [MESSAGE][PASSED] - Delayed 1 second(s)

2018-03-05 20:14:31 - [MESSAGE][PASSED] - Object: 'Object Repository/CuPaDl/Color/Color_passionred' is clicked on

2018-03-05 20:14:31 - [MESSAGE][PASSED] - Object 'Object Repository/CuPaDl/Loading_indicator' is visible

2018-03-05 20:14:34 - [MESSAGE][PASSED] - Object 'Object Repository/CuPaDl/Loading_indicator' is NOT visible

2018-03-05 20:14:35 - [MESSAGE][PASSED] - Delayed 1 second(s)

2018-03-05 20:14:35 - [MESSAGE][PASSED] - cupakeysDl.color.changecolor is PASSED

2018-03-05 20:14:35 - [TEST_STEP][PASSED] - Statement - (step++): null

2018-03-05 20:14:35 - [TEST_STEP][PASSED] - cupakeysDl.chngstruct.changestructure: cupakeysDl.chngstruct.changestructure is PASSED

2018-03-05 20:14:35 - [MESSAGE][PASSED] - Object: 'Object Repository/CuPaDl/Structure/Structure' is clicked on

2018-03-05 20:14:35 - [MESSAGE][WARNING] - Timeout '0' is invalid. Using default page load timeout: '30'

2018-03-05 20:14:36 - [MESSAGE][PASSED] - Object 'Object Repository/CuPaDl/Structure/Structure_Hahnentritt' is visible

2018-03-05 20:14:36 - [MESSAGE][PASSED] - Object 'Object Repository/CuPaDl/Structure/Structure_hahnentritt' is visible

2018-03-05 20:14:36 - [MESSAGE][PASSED] - Object: 'Object Repository/CuPaDl/Structure/Structure_hahnentritt' is clicked on

2018-03-05 20:14:38 - [MESSAGE][PASSED] - Object 'Object Repository/CuPaDl/Loading_indicator' is visible

2018-03-05 20:14:39 - [MESSAGE][PASSED] - Object 'Object Repository/CuPaDl/Loading_indicator' is NOT visible

2018-03-05 20:14:40 - [MESSAGE][PASSED] - Delayed 1 second(s)

2018-03-05 20:14:40 - [MESSAGE][PASSED] - cupakeysDl.chngstruct.changestructure is PASSED

2018-03-05 20:14:40 - [TEST_STEP][PASSED] - Statement - (step++): null

2018-03-05 20:14:40 - [TEST_STEP][PASSED] - cupakeysDl.sclstruct.scalestructure: cupakeysDl.sclstruct.scalestructure is PASSED

2018-03-05 20:14:43 - [MESSAGE][WARNING] - Object 'Object Repository/CuPaDl/Structure/Resize_Structure_bottomright' is not visible after 3 second(s)

2018-03-05 20:14:43 - [MESSAGE][PASSED] - Object: 'Object Repository/CuPaDl/Structure/Resize_Structure' is clicked on

2018-03-05 20:14:43 - [MESSAGE][WARNING] - Timeout '0' is invalid. Using default page load timeout: '30'

2018-03-05 20:14:43 - [MESSAGE][PASSED] - Object 'Object Repository/CuPaDl/Structure/Resize_Structure_bottomright' is visible

2018-03-05 20:14:44 - [MESSAGE][PASSED] - Delayed 1 second(s)

2018-03-05 20:14:44 - [MESSAGE][PASSED] - Current viewport's left (x) position is 0

2018-03-05 20:14:44 - [MESSAGE][PASSED] - Current viewport's top (y) position is 54

2018-03-05 20:14:44 - [MESSAGE][PASSED] - Dragged object with id 'Object Repository/CuPaDl/Structure/Resize_Structure_bottomright' by offset distance x = 225 and y = 279 successfully

2018-03-05 20:14:47 - [MESSAGE][WARNING] - Object 'Object Repository/CuPaDl/Loading_indicator' is not visible after 3 second(s)

2018-03-05 20:14:48 - [MESSAGE][PASSED] - Delayed 1 second(s)

2018-03-05 20:14:48 - [MESSAGE][PASSED] - cupakeysDl.sclstruct.scalestructure is PASSED

2018-03-05 20:14:48 - [TEST_STEP][PASSED] - Statement - (step++): null

2018-03-05 20:14:48 - [TEST_STEP][PASSED] - Statement - iconmap += CustomKeywords.cupakeysDl.iconad.iconadd("paperplaneline", LoadTimeCorrector, step, run, device, timeStamp, iconcount): cupakeysDl.iconad.iconadd is PASSED

2018-03-05 20:14:48 - [MESSAGE][PASSED] - Object: 'Object Repository/CuPaDl/Icons/Icon' is clicked on

2018-03-05 20:14:49 - [MESSAGE][PASSED] - Object 'Object Repository/CuPaDl/Icons/Icon_paperplaneline' is visible

2018-03-05 20:14:49 - [MESSAGE][PASSED] - Object: 'Object Repository/CuPaDl/Icons/Icon_paperplaneline' is clicked on

2018-03-05 20:14:50 - [MESSAGE][PASSED] - Delayed 1 second(s)

2018-03-05 20:14:51 - [MESSAGE][PASSED] - Object: 'Object Repository/CuPaDl/Icons/Icon_paperplaneline' is clicked on

2018-03-05 20:14:51 - [MESSAGE][PASSED] - Object 'Object Repository/CuPaDl/Loading_indicator' is visible

2018-03-05 20:14:54 - [MESSAGE][PASSED] - Object 'Object Repository/CuPaDl/Loading_indicator' is NOT visible

2018-03-05 20:14:54 - [MESSAGE][WARNING] - Timeout '0' is invalid. Using default page load timeout: '30'

2018-03-05 20:14:54 - [MESSAGE][PASSED] - Width of element 'Object Repository/CuPaDl/Icons/Reposition_icon' is '40'

2018-03-05 20:14:54 - [MESSAGE][PASSED] - Height of element 'Object Repository/CuPaDl/Icons/Reposition_icon' is '40'.

2018-03-05 20:14:55 - [MESSAGE][PASSED] - Delayed 1 second(s)

2018-03-05 20:14:55 - [MESSAGE][PASSED] - cupakeysDl.iconad.iconadd is PASSED

2018-03-05 20:14:55 - [TEST_STEP][PASSED] - Statement - (step++): null

2018-03-05 20:14:55 - [TEST_STEP][PASSED] - Statement - (iconcount++): null

2018-03-05 20:14:55 - [TEST_STEP][PASSED] - cupakeysDl.iconres.iconresize: cupakeysDl.iconres.iconresize is PASSED

2018-03-05 20:14:55 - [MESSAGE][PASSED] - Object 'Object Repository/CuPaDl/Icons/Reposition_icon' is visible

2018-03-05 20:14:55 - [MESSAGE][PASSED] - Current viewport's left (x) position is 0

2018-03-05 20:14:55 - [MESSAGE][PASSED] - Current viewport's top (y) position is 54

2018-03-05 20:14:55 - [MESSAGE][PASSED] - Dragged object with id 'Object Repository/CuPaDl/Icons/Resize_icon_bottomright' by offset distance x = 125 and y = 179 successfully

2018-03-05 20:14:57 - [MESSAGE][PASSED] - Object 'Object Repository/CuPaDl/Loading_indicator' is visible

2018-03-05 20:14:58 - [MESSAGE][PASSED] - Object 'Object Repository/CuPaDl/Loading_indicator' is NOT visible

2018-03-05 20:14:59 - [MESSAGE][PASSED] - Delayed 1 second(s)

2018-03-05 20:14:59 - [MESSAGE][PASSED] - cupakeysDl.iconres.iconresize is PASSED

2018-03-05 20:14:59 - [TEST_STEP][PASSED] - Statement - (step++): null

2018-03-05 20:14:59 - [TEST_STEP][PASSED] - cupakeysDl.slink.svlink: cupakeysDl.slink.svlink is PASSED

2018-03-05 20:14:59 - [MESSAGE][PASSED] - Scroll to object 'Object Repository/CuPaDl/Save/Save' successfully

2018-03-05 20:14:59 - [MESSAGE][PASSED] - Object: 'Object Repository/CuPaDl/Save/Save' is clicked on

2018-03-05 20:14:59 - [MESSAGE][WARNING] - Timeout '0' is invalid. Using default page load timeout: '30'

2018-03-05 20:15:02 - [MESSAGE][PASSED] - Object 'Object Repository/CuPaDl/Save/CopyLink' is visible

2018-03-05 20:15:02 - [MESSAGE][PASSED] - Object: 'Object Repository/CuPaDl/Save/CopyLink' is clicked on

2018-03-05 20:15:03 - [MESSAGE][PASSED] - Delayed 1 second(s)

2018-03-05 20:15:03 - [MESSAGE][PASSED] - Object: 'Object Repository/CuPaDl/Save/Close' is clicked on

2018-03-05 20:15:04 - [MESSAGE][PASSED] - Delayed 1 second(s)

2018-03-05 20:15:04 - [MESSAGE][PASSED] - cupakeysDl.slink.svlink is PASSED

2018-03-05 20:15:04 - [TEST_STEP][PASSED] - cupakeysDl.endsession.finishsession: cupakeysDl.endsession.finishsession is PASSED

2018-03-05 20:15:07 - [MESSAGE][PASSED] - Delayed 3 second(s)

2018-03-05 20:15:07 - [MESSAGE][PASSED] - Browser is closed

2018-03-05 20:15:07 - [MESSAGE][PASSED] - cupakeysDl.endsession.finishsession is PASSED]]></system-out>
         <system-err><![CDATA[]]></system-err>
      </testcase>
      <testcase name="Test Cases/CuPaStefanie/13" classname="Test Cases/CuPaStefanie/13" status="PASSED">
         <system-out><![CDATA[2018-03-05 20:15:07 - [TEST_CASE][PASSED] - Test Cases/CuPaStefanie/13: Test Cases/CuPaStefanie/13

2018-03-05 20:15:08 - [TEST_STEP][PASSED] - Statement - timeStamp = new java.text.SimpleDateFormat(dd.MM.yyyy).format(java.util.Calendar.getInstance().getTime()): null

2018-03-05 20:15:08 - [TEST_STEP][PASSED] - Statement - timeStampScreenshot = new java.text.SimpleDateFormat(dd.MM.yyyy).format(java.util.Calendar.getInstance().getTime()): null

2018-03-05 20:15:08 - [TEST_STEP][PASSED] - Statement - iconmap = [:]: null

2018-03-05 20:15:08 - [TEST_STEP][PASSED] - Statement - txtmap = [:]: null

2018-03-05 20:15:08 - [TEST_STEP][PASSED] - Statement - signmap = [:]: null

2018-03-05 20:15:08 - [TEST_STEP][PASSED] - cupakeysDl.initStart.initialStart: cupakeysDl.initStart.initialStart is PASSED

2018-03-05 20:15:10 - [MESSAGE][PASSED] - Browser is opened with url: ''

2018-03-05 20:15:13 - [MESSAGE][PASSED] - Delayed 3 second(s)

2018-03-05 20:15:14 - [MESSAGE][PASSED] - Navigate to 'https://d16a4dsnr8a0k1.cloudfront.net/en/2455233.html?price=150.00%20%E2%82%AC&partName=wilsonPartName&vin=wilsonVin&modelCode=XP11&paint=P0A94&modelDescription=wilsonModelDescription&additionalEquipment=wilsonAdditionalEquipment' successfully

2018-03-05 20:15:14 - [MESSAGE][PASSED] - Object 'Object Repository/CuPaDl/Loading_indicator' is visible

2018-03-05 20:15:24 - [MESSAGE][PASSED] - Object 'Object Repository/CuPaDl/Loading_indicator' is NOT visible

2018-03-05 20:15:25 - [MESSAGE][PASSED] - Delayed 1 second(s)

2018-03-05 20:15:25 - [MESSAGE][PASSED] - cupakeysDl.initStart.initialStart is PASSED

2018-03-05 20:15:25 - [TEST_STEP][PASSED] - Statement - (step++): null

2018-03-05 20:15:25 - [TEST_STEP][PASSED] - cupakeysDl.color.changecolor: cupakeysDl.color.changecolor is PASSED

2018-03-05 20:15:26 - [MESSAGE][PASSED] - Object 'Object Repository/CuPaDl/Color/Color' is visible

2018-03-05 20:15:26 - [MESSAGE][PASSED] - Object: 'Object Repository/CuPaDl/Color/Color' is clicked on

2018-03-05 20:15:27 - [MESSAGE][PASSED] - Delayed 1 second(s)

2018-03-05 20:15:27 - [MESSAGE][PASSED] - Object 'Object Repository/CuPaDl/Color/Color_nightlightblue' is visible

2018-03-05 20:15:27 - [MESSAGE][PASSED] - Object: 'Object Repository/CuPaDl/Color/Color_nightlightblue' is clicked on

2018-03-05 20:15:27 - [MESSAGE][WARNING] - Timeout '0' is invalid. Using default page load timeout: '30'

2018-03-05 20:15:27 - [MESSAGE][PASSED] - Object 'Object Repository/CuPaDl/Color/Color_nightlightblue' is visible

2018-03-05 20:15:28 - [MESSAGE][PASSED] - Delayed 1 second(s)

2018-03-05 20:15:28 - [MESSAGE][PASSED] - Object: 'Object Repository/CuPaDl/Color/Color_nightlightblue' is clicked on

2018-03-05 20:15:28 - [MESSAGE][PASSED] - Object 'Object Repository/CuPaDl/Loading_indicator' is visible

2018-03-05 20:15:31 - [MESSAGE][PASSED] - Object 'Object Repository/CuPaDl/Loading_indicator' is NOT visible

2018-03-05 20:15:32 - [MESSAGE][PASSED] - Delayed 1 second(s)

2018-03-05 20:15:32 - [MESSAGE][PASSED] - cupakeysDl.color.changecolor is PASSED

2018-03-05 20:15:32 - [TEST_STEP][PASSED] - Statement - (step++): null

2018-03-05 20:15:32 - [TEST_STEP][PASSED] - cupakeysDl.chngstruct.changestructure: cupakeysDl.chngstruct.changestructure is PASSED

2018-03-05 20:15:32 - [MESSAGE][PASSED] - Object: 'Object Repository/CuPaDl/Structure/Structure' is clicked on

2018-03-05 20:15:32 - [MESSAGE][WARNING] - Timeout '0' is invalid. Using default page load timeout: '30'

2018-03-05 20:15:33 - [MESSAGE][PASSED] - Object 'Object Repository/CuPaDl/Structure/Structure_Hahnentritt' is visible

2018-03-05 20:15:35 - [MESSAGE][WARNING] - Object 'Object Repository/CuPaDl/Structure/Structure_fade' is not visible after 2 second(s)

2018-03-05 20:15:35 - [MESSAGE][PASSED] - Object: 'Object Repository/CuPaDl/MenuScroll/ObjectsScrollRight' is clicked on

2018-03-05 20:15:37 - [MESSAGE][PASSED] - Delayed 2 second(s)

2018-03-05 20:15:37 - [MESSAGE][PASSED] - Object: 'Object Repository/CuPaDl/Structure/Structure_fade' is clicked on

2018-03-05 20:15:38 - [MESSAGE][PASSED] - Object 'Object Repository/CuPaDl/Loading_indicator' is visible

2018-03-05 20:15:47 - [MESSAGE][PASSED] - Object 'Object Repository/CuPaDl/Loading_indicator' is NOT visible

2018-03-05 20:15:48 - [MESSAGE][PASSED] - Delayed 1 second(s)

2018-03-05 20:15:48 - [MESSAGE][PASSED] - cupakeysDl.chngstruct.changestructure is PASSED

2018-03-05 20:15:48 - [TEST_STEP][PASSED] - Statement - (step++): null

2018-03-05 20:15:48 - [TEST_STEP][PASSED] - cupakeysDl.sclstruct.scalestructure: cupakeysDl.sclstruct.scalestructure is PASSED

2018-03-05 20:15:51 - [MESSAGE][WARNING] - Object 'Object Repository/CuPaDl/Structure/Resize_Structure_bottomright' is not visible after 3 second(s)

2018-03-05 20:15:51 - [MESSAGE][PASSED] - Object: 'Object Repository/CuPaDl/Structure/Resize_Structure' is clicked on

2018-03-05 20:15:51 - [MESSAGE][WARNING] - Timeout '0' is invalid. Using default page load timeout: '30'

2018-03-05 20:15:51 - [MESSAGE][PASSED] - Object 'Object Repository/CuPaDl/Structure/Resize_Structure_bottomright' is visible

2018-03-05 20:15:52 - [MESSAGE][PASSED] - Delayed 1 second(s)

2018-03-05 20:15:52 - [MESSAGE][PASSED] - Current viewport's left (x) position is 0

2018-03-05 20:15:52 - [MESSAGE][PASSED] - Current viewport's top (y) position is 54

2018-03-05 20:15:53 - [MESSAGE][PASSED] - Dragged object with id 'Object Repository/CuPaDl/Structure/Resize_Structure_bottomright' by offset distance x = -225 and y = -171 successfully

2018-03-05 20:15:54 - [MESSAGE][PASSED] - Object 'Object Repository/CuPaDl/Loading_indicator' is visible

2018-03-05 20:16:24 - [MESSAGE][WARNING] - Object 'Object Repository/CuPaDl/Loading_indicator' is visible after 30 second(s)

2018-03-05 20:16:25 - [MESSAGE][PASSED] - Delayed 1 second(s)

2018-03-05 20:16:25 - [MESSAGE][PASSED] - cupakeysDl.sclstruct.scalestructure is PASSED

2018-03-05 20:16:25 - [TEST_STEP][PASSED] - Statement - (step++): null

2018-03-05 20:16:25 - [TEST_STEP][PASSED] - Statement - iconmap += CustomKeywords.cupakeysDl.iconad.iconadd("heart", LoadTimeCorrector, step, run, device, timeStamp, iconcount): cupakeysDl.iconad.iconadd is PASSED

2018-03-05 20:16:25 - [MESSAGE][PASSED] - Object: 'Object Repository/CuPaDl/Icons/Icon' is clicked on

2018-03-05 20:16:25 - [MESSAGE][PASSED] - Object 'Object Repository/CuPaDl/Icons/Icon_heart' is visible

2018-03-05 20:16:25 - [MESSAGE][PASSED] - Object: 'Object Repository/CuPaDl/Icons/Icon_heart' is clicked on

2018-03-05 20:16:26 - [MESSAGE][PASSED] - Delayed 1 second(s)

2018-03-05 20:16:26 - [MESSAGE][PASSED] - Object: 'Object Repository/CuPaDl/Icons/Icon_heart' is clicked on

2018-03-05 20:16:26 - [MESSAGE][PASSED] - Object 'Object Repository/CuPaDl/Loading_indicator' is visible

2018-03-05 20:16:39 - [MESSAGE][PASSED] - Object 'Object Repository/CuPaDl/Loading_indicator' is NOT visible

2018-03-05 20:16:39 - [MESSAGE][WARNING] - Timeout '0' is invalid. Using default page load timeout: '30'

2018-03-05 20:16:39 - [MESSAGE][PASSED] - Width of element 'Object Repository/CuPaDl/Icons/Reposition_icon' is '40'

2018-03-05 20:16:39 - [MESSAGE][PASSED] - Height of element 'Object Repository/CuPaDl/Icons/Reposition_icon' is '40'.

2018-03-05 20:16:40 - [MESSAGE][PASSED] - Delayed 1 second(s)

2018-03-05 20:16:40 - [MESSAGE][PASSED] - cupakeysDl.iconad.iconadd is PASSED

2018-03-05 20:16:40 - [TEST_STEP][PASSED] - Statement - (step++): null

2018-03-05 20:16:40 - [TEST_STEP][PASSED] - Statement - (iconcount++): null

2018-03-05 20:16:40 - [TEST_STEP][PASSED] - cupakeysDl.iconres.iconresize: cupakeysDl.iconres.iconresize is PASSED

2018-03-05 20:16:40 - [MESSAGE][PASSED] - Object 'Object Repository/CuPaDl/Icons/Reposition_icon' is visible

2018-03-05 20:16:40 - [MESSAGE][PASSED] - Current viewport's left (x) position is 0

2018-03-05 20:16:40 - [MESSAGE][PASSED] - Current viewport's top (y) position is 54

2018-03-05 20:16:40 - [MESSAGE][PASSED] - Dragged object with id 'Object Repository/CuPaDl/Icons/Resize_icon_bottomright' by offset distance x = -125 and y = -71 successfully

2018-03-05 20:16:41 - [MESSAGE][PASSED] - Object 'Object Repository/CuPaDl/Loading_indicator' is visible

2018-03-05 20:16:52 - [MESSAGE][PASSED] - Object 'Object Repository/CuPaDl/Loading_indicator' is NOT visible

2018-03-05 20:16:53 - [MESSAGE][PASSED] - Delayed 1 second(s)

2018-03-05 20:16:53 - [MESSAGE][PASSED] - cupakeysDl.iconres.iconresize is PASSED

2018-03-05 20:16:53 - [TEST_STEP][PASSED] - Statement - (step++): null

2018-03-05 20:16:53 - [TEST_STEP][PASSED] - cupakeysDl.slink.svlink: cupakeysDl.slink.svlink is PASSED

2018-03-05 20:16:53 - [MESSAGE][PASSED] - Scroll to object 'Object Repository/CuPaDl/Save/Save' successfully

2018-03-05 20:16:53 - [MESSAGE][PASSED] - Object: 'Object Repository/CuPaDl/Save/Save' is clicked on

2018-03-05 20:16:53 - [MESSAGE][WARNING] - Timeout '0' is invalid. Using default page load timeout: '30'

2018-03-05 20:16:55 - [MESSAGE][PASSED] - Object 'Object Repository/CuPaDl/Save/CopyLink' is visible

2018-03-05 20:16:55 - [MESSAGE][PASSED] - Object: 'Object Repository/CuPaDl/Save/CopyLink' is clicked on

2018-03-05 20:16:56 - [MESSAGE][PASSED] - Delayed 1 second(s)

2018-03-05 20:16:56 - [MESSAGE][PASSED] - Object: 'Object Repository/CuPaDl/Save/Close' is clicked on

2018-03-05 20:16:57 - [MESSAGE][PASSED] - Delayed 1 second(s)

2018-03-05 20:16:57 - [MESSAGE][PASSED] - cupakeysDl.slink.svlink is PASSED

2018-03-05 20:16:57 - [TEST_STEP][PASSED] - cupakeysDl.endsession.finishsession: cupakeysDl.endsession.finishsession is PASSED

2018-03-05 20:17:00 - [MESSAGE][PASSED] - Delayed 3 second(s)

2018-03-05 20:17:00 - [MESSAGE][PASSED] - Browser is closed

2018-03-05 20:17:00 - [MESSAGE][PASSED] - cupakeysDl.endsession.finishsession is PASSED]]></system-out>
         <system-err><![CDATA[]]></system-err>
      </testcase>
      <testcase name="Test Cases/CuPaStefanie/14" classname="Test Cases/CuPaStefanie/14" status="PASSED">
         <system-out><![CDATA[2018-03-05 20:17:00 - [TEST_CASE][PASSED] - Test Cases/CuPaStefanie/14: Test Cases/CuPaStefanie/14

2018-03-05 20:17:01 - [TEST_STEP][PASSED] - Statement - timeStamp = new java.text.SimpleDateFormat(dd.MM.yyyy).format(java.util.Calendar.getInstance().getTime()): null

2018-03-05 20:17:01 - [TEST_STEP][PASSED] - Statement - timeStampScreenshot = new java.text.SimpleDateFormat(dd.MM.yyyy).format(java.util.Calendar.getInstance().getTime()): null

2018-03-05 20:17:01 - [TEST_STEP][PASSED] - Statement - iconmap = [:]: null

2018-03-05 20:17:01 - [TEST_STEP][PASSED] - Statement - txtmap = [:]: null

2018-03-05 20:17:01 - [TEST_STEP][PASSED] - Statement - signmap = [:]: null

2018-03-05 20:17:01 - [TEST_STEP][PASSED] - cupakeysDl.initStart.initialStart: cupakeysDl.initStart.initialStart is PASSED

2018-03-05 20:17:02 - [MESSAGE][PASSED] - Browser is opened with url: ''

2018-03-05 20:17:05 - [MESSAGE][PASSED] - Delayed 3 second(s)

2018-03-05 20:17:07 - [MESSAGE][PASSED] - Navigate to 'https://d16a4dsnr8a0k1.cloudfront.net/en/2455233.html?price=150.00%20%E2%82%AC&partName=wilsonPartName&vin=wilsonVin&modelCode=XP11&paint=P0A94&modelDescription=wilsonModelDescription&additionalEquipment=wilsonAdditionalEquipment' successfully

2018-03-05 20:17:07 - [MESSAGE][PASSED] - Object 'Object Repository/CuPaDl/Loading_indicator' is visible

2018-03-05 20:17:15 - [MESSAGE][PASSED] - Object 'Object Repository/CuPaDl/Loading_indicator' is NOT visible

2018-03-05 20:17:16 - [MESSAGE][PASSED] - Delayed 1 second(s)

2018-03-05 20:17:16 - [MESSAGE][PASSED] - cupakeysDl.initStart.initialStart is PASSED

2018-03-05 20:17:16 - [TEST_STEP][PASSED] - Statement - (step++): null

2018-03-05 20:17:16 - [TEST_STEP][PASSED] - cupakeysDl.color.changecolor: cupakeysDl.color.changecolor is PASSED

2018-03-05 20:17:16 - [MESSAGE][PASSED] - Object 'Object Repository/CuPaDl/Color/Color' is visible

2018-03-05 20:17:16 - [MESSAGE][PASSED] - Object: 'Object Repository/CuPaDl/Color/Color' is clicked on

2018-03-05 20:17:17 - [MESSAGE][PASSED] - Delayed 1 second(s)

2018-03-05 20:17:17 - [MESSAGE][PASSED] - Object 'Object Repository/CuPaDl/Color/Color_nightlightblue' is visible

2018-03-05 20:17:17 - [MESSAGE][PASSED] - Object: 'Object Repository/CuPaDl/Color/Color_nightlightblue' is clicked on

2018-03-05 20:17:17 - [MESSAGE][WARNING] - Timeout '0' is invalid. Using default page load timeout: '30'

2018-03-05 20:17:17 - [MESSAGE][PASSED] - Object 'Object Repository/CuPaDl/Color/Color_nightlightblue' is visible

2018-03-05 20:17:18 - [MESSAGE][PASSED] - Delayed 1 second(s)

2018-03-05 20:17:18 - [MESSAGE][PASSED] - Object: 'Object Repository/CuPaDl/Color/Color_nightlightblue' is clicked on

2018-03-05 20:17:18 - [MESSAGE][PASSED] - Object 'Object Repository/CuPaDl/Loading_indicator' is visible

2018-03-05 20:17:20 - [MESSAGE][PASSED] - Object 'Object Repository/CuPaDl/Loading_indicator' is NOT visible

2018-03-05 20:17:21 - [MESSAGE][PASSED] - Delayed 1 second(s)

2018-03-05 20:17:21 - [MESSAGE][PASSED] - cupakeysDl.color.changecolor is PASSED

2018-03-05 20:17:21 - [TEST_STEP][PASSED] - Statement - (step++): null

2018-03-05 20:17:21 - [TEST_STEP][PASSED] - cupakeysDl.chngstruct.changestructure: cupakeysDl.chngstruct.changestructure is PASSED

2018-03-05 20:17:21 - [MESSAGE][PASSED] - Object: 'Object Repository/CuPaDl/Structure/Structure' is clicked on

2018-03-05 20:17:21 - [MESSAGE][WARNING] - Timeout '0' is invalid. Using default page load timeout: '30'

2018-03-05 20:17:21 - [MESSAGE][PASSED] - Object 'Object Repository/CuPaDl/Structure/Structure_Hahnentritt' is visible

2018-03-05 20:17:23 - [MESSAGE][WARNING] - Object 'Object Repository/CuPaDl/Structure/Structure_fade' is not visible after 2 second(s)

2018-03-05 20:17:23 - [MESSAGE][PASSED] - Object: 'Object Repository/CuPaDl/MenuScroll/ObjectsScrollRight' is clicked on

2018-03-05 20:17:25 - [MESSAGE][PASSED] - Delayed 2 second(s)

2018-03-05 20:17:26 - [MESSAGE][PASSED] - Object: 'Object Repository/CuPaDl/Structure/Structure_fade' is clicked on

2018-03-05 20:17:27 - [MESSAGE][PASSED] - Object 'Object Repository/CuPaDl/Loading_indicator' is visible

2018-03-05 20:17:35 - [MESSAGE][PASSED] - Object 'Object Repository/CuPaDl/Loading_indicator' is NOT visible

2018-03-05 20:17:36 - [MESSAGE][PASSED] - Delayed 1 second(s)

2018-03-05 20:17:36 - [MESSAGE][PASSED] - cupakeysDl.chngstruct.changestructure is PASSED

2018-03-05 20:17:36 - [TEST_STEP][PASSED] - Statement - (step++): null

2018-03-05 20:17:36 - [TEST_STEP][PASSED] - cupakeysDl.sclstruct.scalestructure: cupakeysDl.sclstruct.scalestructure is PASSED

2018-03-05 20:17:39 - [MESSAGE][WARNING] - Object 'Object Repository/CuPaDl/Structure/Resize_Structure_bottomright' is not visible after 3 second(s)

2018-03-05 20:17:39 - [MESSAGE][PASSED] - Object: 'Object Repository/CuPaDl/Structure/Resize_Structure' is clicked on

2018-03-05 20:17:39 - [MESSAGE][WARNING] - Timeout '0' is invalid. Using default page load timeout: '30'

2018-03-05 20:17:39 - [MESSAGE][PASSED] - Object 'Object Repository/CuPaDl/Structure/Resize_Structure_bottomright' is visible

2018-03-05 20:17:40 - [MESSAGE][PASSED] - Delayed 1 second(s)

2018-03-05 20:17:40 - [MESSAGE][PASSED] - Current viewport's left (x) position is 0

2018-03-05 20:17:40 - [MESSAGE][PASSED] - Current viewport's top (y) position is 54

2018-03-05 20:17:40 - [MESSAGE][PASSED] - Dragged object with id 'Object Repository/CuPaDl/Structure/Resize_Structure_bottomright' by offset distance x = 225 and y = 279 successfully

2018-03-05 20:17:41 - [MESSAGE][PASSED] - Object 'Object Repository/CuPaDl/Loading_indicator' is visible

2018-03-05 20:17:48 - [MESSAGE][PASSED] - Object 'Object Repository/CuPaDl/Loading_indicator' is NOT visible

2018-03-05 20:17:49 - [MESSAGE][PASSED] - Delayed 1 second(s)

2018-03-05 20:17:49 - [MESSAGE][PASSED] - cupakeysDl.sclstruct.scalestructure is PASSED

2018-03-05 20:17:49 - [TEST_STEP][PASSED] - Statement - (step++): null

2018-03-05 20:17:49 - [TEST_STEP][PASSED] - Statement - iconmap += CustomKeywords.cupakeysDl.iconad.iconadd("heart", LoadTimeCorrector, step, run, device, timeStamp, iconcount): cupakeysDl.iconad.iconadd is PASSED

2018-03-05 20:17:49 - [MESSAGE][PASSED] - Object: 'Object Repository/CuPaDl/Icons/Icon' is clicked on

2018-03-05 20:17:49 - [MESSAGE][PASSED] - Object 'Object Repository/CuPaDl/Icons/Icon_heart' is visible

2018-03-05 20:17:49 - [MESSAGE][PASSED] - Object: 'Object Repository/CuPaDl/Icons/Icon_heart' is clicked on

2018-03-05 20:17:50 - [MESSAGE][PASSED] - Delayed 1 second(s)

2018-03-05 20:17:50 - [MESSAGE][PASSED] - Object: 'Object Repository/CuPaDl/Icons/Icon_heart' is clicked on

2018-03-05 20:17:50 - [MESSAGE][PASSED] - Object 'Object Repository/CuPaDl/Loading_indicator' is visible

2018-03-05 20:17:56 - [MESSAGE][PASSED] - Object 'Object Repository/CuPaDl/Loading_indicator' is NOT visible

2018-03-05 20:17:56 - [MESSAGE][WARNING] - Timeout '0' is invalid. Using default page load timeout: '30'

2018-03-05 20:17:57 - [MESSAGE][PASSED] - Width of element 'Object Repository/CuPaDl/Icons/Reposition_icon' is '40'

2018-03-05 20:17:57 - [MESSAGE][PASSED] - Height of element 'Object Repository/CuPaDl/Icons/Reposition_icon' is '40'.

2018-03-05 20:17:58 - [MESSAGE][PASSED] - Delayed 1 second(s)

2018-03-05 20:17:58 - [MESSAGE][PASSED] - cupakeysDl.iconad.iconadd is PASSED

2018-03-05 20:17:58 - [TEST_STEP][PASSED] - Statement - (step++): null

2018-03-05 20:17:58 - [TEST_STEP][PASSED] - Statement - (iconcount++): null

2018-03-05 20:17:58 - [TEST_STEP][PASSED] - cupakeysDl.iconres.iconresize: cupakeysDl.iconres.iconresize is PASSED

2018-03-05 20:17:58 - [MESSAGE][PASSED] - Object 'Object Repository/CuPaDl/Icons/Reposition_icon' is visible

2018-03-05 20:17:58 - [MESSAGE][PASSED] - Current viewport's left (x) position is 0

2018-03-05 20:17:58 - [MESSAGE][PASSED] - Current viewport's top (y) position is 54

2018-03-05 20:17:58 - [MESSAGE][PASSED] - Dragged object with id 'Object Repository/CuPaDl/Icons/Resize_icon_bottomright' by offset distance x = 125 and y = 179 successfully

2018-03-05 20:17:59 - [MESSAGE][PASSED] - Object 'Object Repository/CuPaDl/Loading_indicator' is visible

2018-03-05 20:18:01 - [MESSAGE][PASSED] - Object 'Object Repository/CuPaDl/Loading_indicator' is NOT visible

2018-03-05 20:18:02 - [MESSAGE][PASSED] - Delayed 1 second(s)

2018-03-05 20:18:02 - [MESSAGE][PASSED] - cupakeysDl.iconres.iconresize is PASSED

2018-03-05 20:18:02 - [TEST_STEP][PASSED] - Statement - (step++): null

2018-03-05 20:18:02 - [TEST_STEP][PASSED] - cupakeysDl.slink.svlink: cupakeysDl.slink.svlink is PASSED

2018-03-05 20:18:02 - [MESSAGE][PASSED] - Scroll to object 'Object Repository/CuPaDl/Save/Save' successfully

2018-03-05 20:18:02 - [MESSAGE][PASSED] - Object: 'Object Repository/CuPaDl/Save/Save' is clicked on

2018-03-05 20:18:02 - [MESSAGE][WARNING] - Timeout '0' is invalid. Using default page load timeout: '30'

2018-03-05 20:18:04 - [MESSAGE][PASSED] - Object 'Object Repository/CuPaDl/Save/CopyLink' is visible

2018-03-05 20:18:04 - [MESSAGE][PASSED] - Object: 'Object Repository/CuPaDl/Save/CopyLink' is clicked on

2018-03-05 20:18:05 - [MESSAGE][PASSED] - Delayed 1 second(s)

2018-03-05 20:18:05 - [MESSAGE][PASSED] - Object: 'Object Repository/CuPaDl/Save/Close' is clicked on

2018-03-05 20:18:06 - [MESSAGE][PASSED] - Delayed 1 second(s)

2018-03-05 20:18:06 - [MESSAGE][PASSED] - cupakeysDl.slink.svlink is PASSED

2018-03-05 20:18:06 - [TEST_STEP][PASSED] - cupakeysDl.endsession.finishsession: cupakeysDl.endsession.finishsession is PASSED

2018-03-05 20:18:09 - [MESSAGE][PASSED] - Delayed 3 second(s)

2018-03-05 20:18:10 - [MESSAGE][PASSED] - Browser is closed

2018-03-05 20:18:10 - [MESSAGE][PASSED] - cupakeysDl.endsession.finishsession is PASSED]]></system-out>
         <system-err><![CDATA[]]></system-err>
      </testcase>
      <testcase name="Test Cases/CuPaStefanie/15" classname="Test Cases/CuPaStefanie/15" status="PASSED">
         <system-out><![CDATA[2018-03-05 20:18:10 - [TEST_CASE][PASSED] - Test Cases/CuPaStefanie/15: Test Cases/CuPaStefanie/15

2018-03-05 20:18:10 - [TEST_STEP][PASSED] - Statement - timeStamp = new java.text.SimpleDateFormat(dd.MM.yyyy).format(java.util.Calendar.getInstance().getTime()): null

2018-03-05 20:18:10 - [TEST_STEP][PASSED] - Statement - timeStampScreenshot = new java.text.SimpleDateFormat(dd.MM.yyyy).format(java.util.Calendar.getInstance().getTime()): null

2018-03-05 20:18:10 - [TEST_STEP][PASSED] - Statement - iconmap = [:]: null

2018-03-05 20:18:10 - [TEST_STEP][PASSED] - Statement - txtmap = [:]: null

2018-03-05 20:18:10 - [TEST_STEP][PASSED] - Statement - signmap = [:]: null

2018-03-05 20:18:10 - [TEST_STEP][PASSED] - cupakeysDl.initStart.initialStart: cupakeysDl.initStart.initialStart is PASSED

2018-03-05 20:18:12 - [MESSAGE][PASSED] - Browser is opened with url: ''

2018-03-05 20:18:15 - [MESSAGE][PASSED] - Delayed 3 second(s)

2018-03-05 20:18:16 - [MESSAGE][PASSED] - Navigate to 'https://d16a4dsnr8a0k1.cloudfront.net/en/2455233.html?price=150.00%20%E2%82%AC&partName=wilsonPartName&vin=wilsonVin&modelCode=XP11&paint=P0A94&modelDescription=wilsonModelDescription&additionalEquipment=wilsonAdditionalEquipment' successfully

2018-03-05 20:18:16 - [MESSAGE][PASSED] - Object 'Object Repository/CuPaDl/Loading_indicator' is visible

2018-03-05 20:18:24 - [MESSAGE][PASSED] - Object 'Object Repository/CuPaDl/Loading_indicator' is NOT visible

2018-03-05 20:18:25 - [MESSAGE][PASSED] - Delayed 1 second(s)

2018-03-05 20:18:25 - [MESSAGE][PASSED] - cupakeysDl.initStart.initialStart is PASSED

2018-03-05 20:18:25 - [TEST_STEP][PASSED] - Statement - (step++): null

2018-03-05 20:18:25 - [TEST_STEP][PASSED] - cupakeysDl.color.changecolor: cupakeysDl.color.changecolor is PASSED

2018-03-05 20:18:25 - [MESSAGE][PASSED] - Object 'Object Repository/CuPaDl/Color/Color' is visible

2018-03-05 20:18:25 - [MESSAGE][PASSED] - Object: 'Object Repository/CuPaDl/Color/Color' is clicked on

2018-03-05 20:18:26 - [MESSAGE][PASSED] - Delayed 1 second(s)

2018-03-05 20:18:26 - [MESSAGE][PASSED] - Object 'Object Repository/CuPaDl/Color/Color_jetblack' is visible

2018-03-05 20:18:26 - [MESSAGE][PASSED] - Object: 'Object Repository/CuPaDl/Color/Color_jetblack' is clicked on

2018-03-05 20:18:26 - [MESSAGE][WARNING] - Timeout '0' is invalid. Using default page load timeout: '30'

2018-03-05 20:18:26 - [MESSAGE][PASSED] - Object 'Object Repository/CuPaDl/Color/Color_jetblack' is visible

2018-03-05 20:18:27 - [MESSAGE][PASSED] - Delayed 1 second(s)

2018-03-05 20:18:28 - [MESSAGE][PASSED] - Object: 'Object Repository/CuPaDl/Color/Color_jetblack' is clicked on

2018-03-05 20:18:31 - [MESSAGE][WARNING] - Object 'Object Repository/CuPaDl/Loading_indicator' is not visible after 3 second(s)

2018-03-05 20:18:32 - [MESSAGE][PASSED] - Delayed 1 second(s)

2018-03-05 20:18:32 - [MESSAGE][PASSED] - cupakeysDl.color.changecolor is PASSED

2018-03-05 20:18:32 - [TEST_STEP][PASSED] - Statement - (step++): null

2018-03-05 20:18:32 - [TEST_STEP][PASSED] - cupakeysDl.chngstruct.changestructure: cupakeysDl.chngstruct.changestructure is PASSED

2018-03-05 20:18:32 - [MESSAGE][PASSED] - Object: 'Object Repository/CuPaDl/Structure/Structure' is clicked on

2018-03-05 20:18:32 - [MESSAGE][WARNING] - Timeout '0' is invalid. Using default page load timeout: '30'

2018-03-05 20:18:32 - [MESSAGE][PASSED] - Object 'Object Repository/CuPaDl/Structure/Structure_Hahnentritt' is visible

2018-03-05 20:18:34 - [MESSAGE][WARNING] - Object 'Object Repository/CuPaDl/Structure/Structure_ring' is not visible after 2 second(s)

2018-03-05 20:18:34 - [MESSAGE][PASSED] - Object: 'Object Repository/CuPaDl/MenuScroll/ObjectsScrollRight' is clicked on

2018-03-05 20:18:36 - [MESSAGE][PASSED] - Delayed 2 second(s)

2018-03-05 20:18:36 - [MESSAGE][PASSED] - Object: 'Object Repository/CuPaDl/Structure/Structure_ring' is clicked on

2018-03-05 20:18:38 - [MESSAGE][PASSED] - Object 'Object Repository/CuPaDl/Loading_indicator' is visible

2018-03-05 20:18:39 - [MESSAGE][PASSED] - Object 'Object Repository/CuPaDl/Loading_indicator' is NOT visible

2018-03-05 20:18:40 - [MESSAGE][PASSED] - Delayed 1 second(s)

2018-03-05 20:18:40 - [MESSAGE][PASSED] - cupakeysDl.chngstruct.changestructure is PASSED

2018-03-05 20:18:40 - [TEST_STEP][PASSED] - Statement - (step++): null

2018-03-05 20:18:40 - [TEST_STEP][PASSED] - cupakeysDl.sclstruct.scalestructure: cupakeysDl.sclstruct.scalestructure is PASSED

2018-03-05 20:18:43 - [MESSAGE][WARNING] - Object 'Object Repository/CuPaDl/Structure/Resize_Structure_bottomright' is not visible after 3 second(s)

2018-03-05 20:18:43 - [MESSAGE][PASSED] - Object: 'Object Repository/CuPaDl/Structure/Resize_Structure' is clicked on

2018-03-05 20:18:43 - [MESSAGE][WARNING] - Timeout '0' is invalid. Using default page load timeout: '30'

2018-03-05 20:18:43 - [MESSAGE][PASSED] - Object 'Object Repository/CuPaDl/Structure/Resize_Structure_bottomright' is visible

2018-03-05 20:18:44 - [MESSAGE][PASSED] - Delayed 1 second(s)

2018-03-05 20:18:44 - [MESSAGE][PASSED] - Current viewport's left (x) position is 0

2018-03-05 20:18:44 - [MESSAGE][PASSED] - Current viewport's top (y) position is 54

2018-03-05 20:18:44 - [MESSAGE][PASSED] - Dragged object with id 'Object Repository/CuPaDl/Structure/Resize_Structure_bottomright' by offset distance x = -225 and y = -171 successfully

2018-03-05 20:18:46 - [MESSAGE][PASSED] - Object 'Object Repository/CuPaDl/Loading_indicator' is visible

2018-03-05 20:18:47 - [MESSAGE][PASSED] - Object 'Object Repository/CuPaDl/Loading_indicator' is NOT visible

2018-03-05 20:18:48 - [MESSAGE][PASSED] - Delayed 1 second(s)

2018-03-05 20:18:48 - [MESSAGE][PASSED] - cupakeysDl.sclstruct.scalestructure is PASSED

2018-03-05 20:18:48 - [TEST_STEP][PASSED] - Statement - (step++): null

2018-03-05 20:18:48 - [TEST_STEP][PASSED] - Statement - iconmap += CustomKeywords.cupakeysDl.iconad.iconadd("minicooper", LoadTimeCorrector, step, run, device, timeStamp, iconcount): cupakeysDl.iconad.iconadd is PASSED

2018-03-05 20:18:48 - [MESSAGE][PASSED] - Object: 'Object Repository/CuPaDl/Icons/Icon' is clicked on

2018-03-05 20:18:48 - [MESSAGE][PASSED] - Object 'Object Repository/CuPaDl/Icons/Icon_minicooper' is visible

2018-03-05 20:18:48 - [MESSAGE][PASSED] - Object: 'Object Repository/CuPaDl/Icons/Icon_minicooper' is clicked on

2018-03-05 20:18:49 - [MESSAGE][PASSED] - Delayed 1 second(s)

2018-03-05 20:18:50 - [MESSAGE][PASSED] - Object: 'Object Repository/CuPaDl/Icons/Icon_minicooper' is clicked on

2018-03-05 20:18:50 - [MESSAGE][PASSED] - Object 'Object Repository/CuPaDl/Loading_indicator' is visible

2018-03-05 20:18:53 - [MESSAGE][PASSED] - Object 'Object Repository/CuPaDl/Loading_indicator' is NOT visible

2018-03-05 20:18:53 - [MESSAGE][WARNING] - Timeout '0' is invalid. Using default page load timeout: '30'

2018-03-05 20:18:53 - [MESSAGE][PASSED] - Width of element 'Object Repository/CuPaDl/Icons/Reposition_icon' is '40'

2018-03-05 20:18:53 - [MESSAGE][PASSED] - Height of element 'Object Repository/CuPaDl/Icons/Reposition_icon' is '40'.

2018-03-05 20:18:54 - [MESSAGE][PASSED] - Delayed 1 second(s)

2018-03-05 20:18:54 - [MESSAGE][PASSED] - cupakeysDl.iconad.iconadd is PASSED

2018-03-05 20:18:54 - [TEST_STEP][PASSED] - Statement - (step++): null

2018-03-05 20:18:54 - [TEST_STEP][PASSED] - Statement - (iconcount++): null

2018-03-05 20:18:54 - [TEST_STEP][PASSED] - cupakeysDl.iconres.iconresize: cupakeysDl.iconres.iconresize is PASSED

2018-03-05 20:18:54 - [MESSAGE][PASSED] - Object 'Object Repository/CuPaDl/Icons/Reposition_icon' is visible

2018-03-05 20:18:54 - [MESSAGE][PASSED] - Current viewport's left (x) position is 0

2018-03-05 20:18:54 - [MESSAGE][PASSED] - Current viewport's top (y) position is 54

2018-03-05 20:18:55 - [MESSAGE][PASSED] - Dragged object with id 'Object Repository/CuPaDl/Icons/Resize_icon_bottomright' by offset distance x = -125 and y = -71 successfully

2018-03-05 20:18:55 - [MESSAGE][PASSED] - Object 'Object Repository/CuPaDl/Loading_indicator' is visible

2018-03-05 20:18:57 - [MESSAGE][PASSED] - Object 'Object Repository/CuPaDl/Loading_indicator' is NOT visible

2018-03-05 20:18:58 - [MESSAGE][PASSED] - Delayed 1 second(s)

2018-03-05 20:18:58 - [MESSAGE][PASSED] - cupakeysDl.iconres.iconresize is PASSED

2018-03-05 20:18:58 - [TEST_STEP][PASSED] - Statement - (step++): null

2018-03-05 20:18:58 - [TEST_STEP][PASSED] - cupakeysDl.slink.svlink: cupakeysDl.slink.svlink is PASSED

2018-03-05 20:18:58 - [MESSAGE][PASSED] - Scroll to object 'Object Repository/CuPaDl/Save/Save' successfully

2018-03-05 20:18:58 - [MESSAGE][PASSED] - Object: 'Object Repository/CuPaDl/Save/Save' is clicked on

2018-03-05 20:18:58 - [MESSAGE][WARNING] - Timeout '0' is invalid. Using default page load timeout: '30'

2018-03-05 20:19:00 - [MESSAGE][PASSED] - Object 'Object Repository/CuPaDl/Save/CopyLink' is visible

2018-03-05 20:19:00 - [MESSAGE][PASSED] - Object: 'Object Repository/CuPaDl/Save/CopyLink' is clicked on

2018-03-05 20:19:01 - [MESSAGE][PASSED] - Delayed 1 second(s)

2018-03-05 20:19:01 - [MESSAGE][PASSED] - Object: 'Object Repository/CuPaDl/Save/Close' is clicked on

2018-03-05 20:19:02 - [MESSAGE][PASSED] - Delayed 1 second(s)

2018-03-05 20:19:02 - [MESSAGE][PASSED] - cupakeysDl.slink.svlink is PASSED

2018-03-05 20:19:02 - [TEST_STEP][PASSED] - cupakeysDl.endsession.finishsession: cupakeysDl.endsession.finishsession is PASSED

2018-03-05 20:19:05 - [MESSAGE][PASSED] - Delayed 3 second(s)

2018-03-05 20:19:06 - [MESSAGE][PASSED] - Browser is closed

2018-03-05 20:19:06 - [MESSAGE][PASSED] - cupakeysDl.endsession.finishsession is PASSED]]></system-out>
         <system-err><![CDATA[]]></system-err>
      </testcase>
      <testcase name="Test Cases/CuPaStefanie/16" classname="Test Cases/CuPaStefanie/16" status="PASSED">
         <system-out><![CDATA[2018-03-05 20:19:06 - [TEST_CASE][PASSED] - Test Cases/CuPaStefanie/16: Test Cases/CuPaStefanie/16

2018-03-05 20:19:06 - [TEST_STEP][PASSED] - Statement - timeStamp = new java.text.SimpleDateFormat(dd.MM.yyyy).format(java.util.Calendar.getInstance().getTime()): null

2018-03-05 20:19:06 - [TEST_STEP][PASSED] - Statement - timeStampScreenshot = new java.text.SimpleDateFormat(dd.MM.yyyy).format(java.util.Calendar.getInstance().getTime()): null

2018-03-05 20:19:06 - [TEST_STEP][PASSED] - Statement - iconmap = [:]: null

2018-03-05 20:19:06 - [TEST_STEP][PASSED] - Statement - txtmap = [:]: null

2018-03-05 20:19:06 - [TEST_STEP][PASSED] - Statement - signmap = [:]: null

2018-03-05 20:19:06 - [TEST_STEP][PASSED] - cupakeysDl.initStart.initialStart: cupakeysDl.initStart.initialStart is PASSED

2018-03-05 20:19:08 - [MESSAGE][PASSED] - Browser is opened with url: ''

2018-03-05 20:19:11 - [MESSAGE][PASSED] - Delayed 3 second(s)

2018-03-05 20:19:12 - [MESSAGE][PASSED] - Navigate to 'https://d16a4dsnr8a0k1.cloudfront.net/en/2455233.html?price=150.00%20%E2%82%AC&partName=wilsonPartName&vin=wilsonVin&modelCode=XP11&paint=P0A94&modelDescription=wilsonModelDescription&additionalEquipment=wilsonAdditionalEquipment' successfully

2018-03-05 20:19:12 - [MESSAGE][PASSED] - Object 'Object Repository/CuPaDl/Loading_indicator' is visible

2018-03-05 20:19:20 - [MESSAGE][PASSED] - Object 'Object Repository/CuPaDl/Loading_indicator' is NOT visible

2018-03-05 20:19:21 - [MESSAGE][PASSED] - Delayed 1 second(s)

2018-03-05 20:19:21 - [MESSAGE][PASSED] - cupakeysDl.initStart.initialStart is PASSED

2018-03-05 20:19:21 - [TEST_STEP][PASSED] - Statement - (step++): null

2018-03-05 20:19:21 - [TEST_STEP][PASSED] - cupakeysDl.color.changecolor: cupakeysDl.color.changecolor is PASSED

2018-03-05 20:19:21 - [MESSAGE][PASSED] - Object 'Object Repository/CuPaDl/Color/Color' is visible

2018-03-05 20:19:21 - [MESSAGE][PASSED] - Object: 'Object Repository/CuPaDl/Color/Color' is clicked on

2018-03-05 20:19:22 - [MESSAGE][PASSED] - Delayed 1 second(s)

2018-03-05 20:19:22 - [MESSAGE][PASSED] - Object 'Object Repository/CuPaDl/Color/Color_jetblack' is visible

2018-03-05 20:19:22 - [MESSAGE][PASSED] - Object: 'Object Repository/CuPaDl/Color/Color_jetblack' is clicked on

2018-03-05 20:19:22 - [MESSAGE][WARNING] - Timeout '0' is invalid. Using default page load timeout: '30'

2018-03-05 20:19:22 - [MESSAGE][PASSED] - Object 'Object Repository/CuPaDl/Color/Color_jetblack' is visible

2018-03-05 20:19:23 - [MESSAGE][PASSED] - Delayed 1 second(s)

2018-03-05 20:19:24 - [MESSAGE][PASSED] - Object: 'Object Repository/CuPaDl/Color/Color_jetblack' is clicked on

2018-03-05 20:19:24 - [MESSAGE][PASSED] - Object 'Object Repository/CuPaDl/Loading_indicator' is visible

2018-03-05 20:19:26 - [MESSAGE][PASSED] - Object 'Object Repository/CuPaDl/Loading_indicator' is NOT visible

2018-03-05 20:19:27 - [MESSAGE][PASSED] - Delayed 1 second(s)

2018-03-05 20:19:27 - [MESSAGE][PASSED] - cupakeysDl.color.changecolor is PASSED

2018-03-05 20:19:27 - [TEST_STEP][PASSED] - Statement - (step++): null

2018-03-05 20:19:27 - [TEST_STEP][PASSED] - cupakeysDl.chngstruct.changestructure: cupakeysDl.chngstruct.changestructure is PASSED

2018-03-05 20:19:27 - [MESSAGE][PASSED] - Object: 'Object Repository/CuPaDl/Structure/Structure' is clicked on

2018-03-05 20:19:27 - [MESSAGE][WARNING] - Timeout '0' is invalid. Using default page load timeout: '30'

2018-03-05 20:19:27 - [MESSAGE][PASSED] - Object 'Object Repository/CuPaDl/Structure/Structure_Hahnentritt' is visible

2018-03-05 20:19:29 - [MESSAGE][WARNING] - Object 'Object Repository/CuPaDl/Structure/Structure_ring' is not visible after 2 second(s)

2018-03-05 20:19:29 - [MESSAGE][PASSED] - Object: 'Object Repository/CuPaDl/MenuScroll/ObjectsScrollRight' is clicked on

2018-03-05 20:19:31 - [MESSAGE][PASSED] - Delayed 2 second(s)

2018-03-05 20:19:31 - [MESSAGE][PASSED] - Object: 'Object Repository/CuPaDl/Structure/Structure_ring' is clicked on

2018-03-05 20:19:33 - [MESSAGE][PASSED] - Object 'Object Repository/CuPaDl/Loading_indicator' is visible

2018-03-05 20:19:34 - [MESSAGE][PASSED] - Object 'Object Repository/CuPaDl/Loading_indicator' is NOT visible

2018-03-05 20:19:35 - [MESSAGE][PASSED] - Delayed 1 second(s)

2018-03-05 20:19:35 - [MESSAGE][PASSED] - cupakeysDl.chngstruct.changestructure is PASSED

2018-03-05 20:19:35 - [TEST_STEP][PASSED] - Statement - (step++): null

2018-03-05 20:19:35 - [TEST_STEP][PASSED] - cupakeysDl.sclstruct.scalestructure: cupakeysDl.sclstruct.scalestructure is PASSED

2018-03-05 20:19:38 - [MESSAGE][WARNING] - Object 'Object Repository/CuPaDl/Structure/Resize_Structure_bottomright' is not visible after 3 second(s)

2018-03-05 20:19:38 - [MESSAGE][PASSED] - Object: 'Object Repository/CuPaDl/Structure/Resize_Structure' is clicked on

2018-03-05 20:19:38 - [MESSAGE][WARNING] - Timeout '0' is invalid. Using default page load timeout: '30'

2018-03-05 20:19:38 - [MESSAGE][PASSED] - Object 'Object Repository/CuPaDl/Structure/Resize_Structure_bottomright' is visible

2018-03-05 20:19:39 - [MESSAGE][PASSED] - Delayed 1 second(s)

2018-03-05 20:19:39 - [MESSAGE][PASSED] - Current viewport's left (x) position is 0

2018-03-05 20:19:39 - [MESSAGE][PASSED] - Current viewport's top (y) position is 54

2018-03-05 20:19:39 - [MESSAGE][PASSED] - Dragged object with id 'Object Repository/CuPaDl/Structure/Resize_Structure_bottomright' by offset distance x = 225 and y = 279 successfully

2018-03-05 20:19:41 - [MESSAGE][PASSED] - Object 'Object Repository/CuPaDl/Loading_indicator' is visible

2018-03-05 20:19:42 - [MESSAGE][PASSED] - Object 'Object Repository/CuPaDl/Loading_indicator' is NOT visible

2018-03-05 20:19:43 - [MESSAGE][PASSED] - Delayed 1 second(s)

2018-03-05 20:19:43 - [MESSAGE][PASSED] - cupakeysDl.sclstruct.scalestructure is PASSED

2018-03-05 20:19:43 - [TEST_STEP][PASSED] - Statement - (step++): null

2018-03-05 20:19:43 - [TEST_STEP][PASSED] - Statement - iconmap += CustomKeywords.cupakeysDl.iconad.iconadd("minicooper", LoadTimeCorrector, step, run, device, timeStamp, iconcount): cupakeysDl.iconad.iconadd is PASSED

2018-03-05 20:19:43 - [MESSAGE][PASSED] - Object: 'Object Repository/CuPaDl/Icons/Icon' is clicked on

2018-03-05 20:19:43 - [MESSAGE][PASSED] - Object 'Object Repository/CuPaDl/Icons/Icon_minicooper' is visible

2018-03-05 20:19:43 - [MESSAGE][PASSED] - Object: 'Object Repository/CuPaDl/Icons/Icon_minicooper' is clicked on

2018-03-05 20:19:44 - [MESSAGE][PASSED] - Delayed 1 second(s)

2018-03-05 20:19:45 - [MESSAGE][PASSED] - Object: 'Object Repository/CuPaDl/Icons/Icon_minicooper' is clicked on

2018-03-05 20:19:45 - [MESSAGE][PASSED] - Object 'Object Repository/CuPaDl/Loading_indicator' is visible

2018-03-05 20:19:48 - [MESSAGE][PASSED] - Object 'Object Repository/CuPaDl/Loading_indicator' is NOT visible

2018-03-05 20:19:48 - [MESSAGE][WARNING] - Timeout '0' is invalid. Using default page load timeout: '30'

2018-03-05 20:19:48 - [MESSAGE][PASSED] - Width of element 'Object Repository/CuPaDl/Icons/Reposition_icon' is '40'

2018-03-05 20:19:48 - [MESSAGE][PASSED] - Height of element 'Object Repository/CuPaDl/Icons/Reposition_icon' is '40'.

2018-03-05 20:19:49 - [MESSAGE][PASSED] - Delayed 1 second(s)

2018-03-05 20:19:49 - [MESSAGE][PASSED] - cupakeysDl.iconad.iconadd is PASSED

2018-03-05 20:19:49 - [TEST_STEP][PASSED] - Statement - (step++): null

2018-03-05 20:19:49 - [TEST_STEP][PASSED] - Statement - (iconcount++): null

2018-03-05 20:19:49 - [TEST_STEP][PASSED] - cupakeysDl.iconres.iconresize: cupakeysDl.iconres.iconresize is PASSED

2018-03-05 20:19:49 - [MESSAGE][PASSED] - Object 'Object Repository/CuPaDl/Icons/Reposition_icon' is visible

2018-03-05 20:19:49 - [MESSAGE][PASSED] - Current viewport's left (x) position is 0

2018-03-05 20:19:49 - [MESSAGE][PASSED] - Current viewport's top (y) position is 54

2018-03-05 20:19:49 - [MESSAGE][PASSED] - Dragged object with id 'Object Repository/CuPaDl/Icons/Resize_icon_bottomright' by offset distance x = 125 and y = 179 successfully

2018-03-05 20:19:52 - [MESSAGE][WARNING] - Object 'Object Repository/CuPaDl/Loading_indicator' is not visible after 3 second(s)

2018-03-05 20:19:53 - [MESSAGE][PASSED] - Delayed 1 second(s)

2018-03-05 20:19:53 - [MESSAGE][PASSED] - cupakeysDl.iconres.iconresize is PASSED

2018-03-05 20:19:53 - [TEST_STEP][PASSED] - Statement - (step++): null

2018-03-05 20:19:53 - [TEST_STEP][PASSED] - cupakeysDl.slink.svlink: cupakeysDl.slink.svlink is PASSED

2018-03-05 20:19:53 - [MESSAGE][PASSED] - Scroll to object 'Object Repository/CuPaDl/Save/Save' successfully

2018-03-05 20:19:53 - [MESSAGE][PASSED] - Object: 'Object Repository/CuPaDl/Save/Save' is clicked on

2018-03-05 20:19:53 - [MESSAGE][WARNING] - Timeout '0' is invalid. Using default page load timeout: '30'

2018-03-05 20:19:55 - [MESSAGE][PASSED] - Object 'Object Repository/CuPaDl/Save/CopyLink' is visible

2018-03-05 20:19:55 - [MESSAGE][PASSED] - Object: 'Object Repository/CuPaDl/Save/CopyLink' is clicked on

2018-03-05 20:19:56 - [MESSAGE][PASSED] - Delayed 1 second(s)

2018-03-05 20:19:56 - [MESSAGE][PASSED] - Object: 'Object Repository/CuPaDl/Save/Close' is clicked on

2018-03-05 20:19:57 - [MESSAGE][PASSED] - Delayed 1 second(s)

2018-03-05 20:19:57 - [MESSAGE][PASSED] - cupakeysDl.slink.svlink is PASSED

2018-03-05 20:19:57 - [TEST_STEP][PASSED] - cupakeysDl.endsession.finishsession: cupakeysDl.endsession.finishsession is PASSED

2018-03-05 20:20:00 - [MESSAGE][PASSED] - Delayed 3 second(s)

2018-03-05 20:20:01 - [MESSAGE][PASSED] - Browser is closed

2018-03-05 20:20:01 - [MESSAGE][PASSED] - cupakeysDl.endsession.finishsession is PASSED]]></system-out>
         <system-err><![CDATA[]]></system-err>
      </testcase>
      <testcase name="Test Cases/CuPaStefanie/17" classname="Test Cases/CuPaStefanie/17" status="PASSED">
         <system-out><![CDATA[2018-03-05 20:20:01 - [TEST_CASE][PASSED] - Test Cases/CuPaStefanie/17: Test Cases/CuPaStefanie/17

2018-03-05 20:20:01 - [TEST_STEP][PASSED] - Statement - timeStamp = new java.text.SimpleDateFormat(dd.MM.yyyy).format(java.util.Calendar.getInstance().getTime()): null

2018-03-05 20:20:01 - [TEST_STEP][PASSED] - Statement - timeStampScreenshot = new java.text.SimpleDateFormat(dd.MM.yyyy).format(java.util.Calendar.getInstance().getTime()): null

2018-03-05 20:20:01 - [TEST_STEP][PASSED] - Statement - iconmap = [:]: null

2018-03-05 20:20:01 - [TEST_STEP][PASSED] - Statement - txtmap = [:]: null

2018-03-05 20:20:01 - [TEST_STEP][PASSED] - Statement - signmap = [:]: null

2018-03-05 20:20:01 - [TEST_STEP][PASSED] - cupakeysDl.initStart.initialStart: cupakeysDl.initStart.initialStart is PASSED

2018-03-05 20:20:03 - [MESSAGE][PASSED] - Browser is opened with url: ''

2018-03-05 20:20:06 - [MESSAGE][PASSED] - Delayed 3 second(s)

2018-03-05 20:20:07 - [MESSAGE][PASSED] - Navigate to 'https://d16a4dsnr8a0k1.cloudfront.net/en/2455233.html?price=150.00%20%E2%82%AC&partName=wilsonPartName&vin=wilsonVin&modelCode=XP11&paint=P0A94&modelDescription=wilsonModelDescription&additionalEquipment=wilsonAdditionalEquipment' successfully

2018-03-05 20:20:07 - [MESSAGE][PASSED] - Object 'Object Repository/CuPaDl/Loading_indicator' is visible

2018-03-05 20:20:15 - [MESSAGE][PASSED] - Object 'Object Repository/CuPaDl/Loading_indicator' is NOT visible

2018-03-05 20:20:16 - [MESSAGE][PASSED] - Delayed 1 second(s)

2018-03-05 20:20:16 - [MESSAGE][PASSED] - cupakeysDl.initStart.initialStart is PASSED

2018-03-05 20:20:16 - [TEST_STEP][PASSED] - Statement - (step++): null

2018-03-05 20:20:16 - [TEST_STEP][PASSED] - cupakeysDl.color.changecolor: cupakeysDl.color.changecolor is PASSED

2018-03-05 20:20:16 - [MESSAGE][PASSED] - Object 'Object Repository/CuPaDl/Color/Color' is visible

2018-03-05 20:20:16 - [MESSAGE][PASSED] - Object: 'Object Repository/CuPaDl/Color/Color' is clicked on

2018-03-05 20:20:17 - [MESSAGE][PASSED] - Delayed 1 second(s)

2018-03-05 20:20:17 - [MESSAGE][PASSED] - Object 'Object Repository/CuPaDl/Color/Color_moonwalkgrey' is visible

2018-03-05 20:20:17 - [MESSAGE][PASSED] - Object: 'Object Repository/CuPaDl/Color/Color_moonwalkgrey' is clicked on

2018-03-05 20:20:17 - [MESSAGE][WARNING] - Timeout '0' is invalid. Using default page load timeout: '30'

2018-03-05 20:20:17 - [MESSAGE][PASSED] - Object 'Object Repository/CuPaDl/Color/Color_moonwalkgrey' is visible

2018-03-05 20:20:18 - [MESSAGE][PASSED] - Delayed 1 second(s)

2018-03-05 20:20:18 - [MESSAGE][PASSED] - Object: 'Object Repository/CuPaDl/Color/Color_moonwalkgrey' is clicked on

2018-03-05 20:20:18 - [MESSAGE][PASSED] - Object 'Object Repository/CuPaDl/Loading_indicator' is visible

2018-03-05 20:20:21 - [MESSAGE][PASSED] - Object 'Object Repository/CuPaDl/Loading_indicator' is NOT visible

2018-03-05 20:20:22 - [MESSAGE][PASSED] - Delayed 1 second(s)

2018-03-05 20:20:22 - [MESSAGE][PASSED] - cupakeysDl.color.changecolor is PASSED

2018-03-05 20:20:22 - [TEST_STEP][PASSED] - Statement - (step++): null

2018-03-05 20:20:22 - [TEST_STEP][PASSED] - cupakeysDl.chngstruct.changestructure: cupakeysDl.chngstruct.changestructure is PASSED

2018-03-05 20:20:22 - [MESSAGE][PASSED] - Object: 'Object Repository/CuPaDl/Structure/Structure' is clicked on

2018-03-05 20:20:22 - [MESSAGE][WARNING] - Timeout '0' is invalid. Using default page load timeout: '30'

2018-03-05 20:20:22 - [MESSAGE][PASSED] - Object 'Object Repository/CuPaDl/Structure/Structure_Hahnentritt' is visible

2018-03-05 20:20:22 - [MESSAGE][PASSED] - Object 'Object Repository/CuPaDl/Structure/Structure_fadedots' is visible

2018-03-05 20:20:22 - [MESSAGE][PASSED] - Object: 'Object Repository/CuPaDl/Structure/Structure_fadedots' is clicked on

2018-03-05 20:20:23 - [MESSAGE][PASSED] - Object 'Object Repository/CuPaDl/Loading_indicator' is visible

2018-03-05 20:20:28 - [MESSAGE][PASSED] - Object 'Object Repository/CuPaDl/Loading_indicator' is NOT visible

2018-03-05 20:20:29 - [MESSAGE][PASSED] - Delayed 1 second(s)

2018-03-05 20:20:29 - [MESSAGE][PASSED] - cupakeysDl.chngstruct.changestructure is PASSED

2018-03-05 20:20:29 - [TEST_STEP][PASSED] - Statement - (step++): null

2018-03-05 20:20:29 - [TEST_STEP][PASSED] - cupakeysDl.sclstruct.scalestructure: cupakeysDl.sclstruct.scalestructure is PASSED

2018-03-05 20:20:32 - [MESSAGE][WARNING] - Object 'Object Repository/CuPaDl/Structure/Resize_Structure_bottomright' is not visible after 3 second(s)

2018-03-05 20:20:32 - [MESSAGE][PASSED] - Object: 'Object Repository/CuPaDl/Structure/Resize_Structure' is clicked on

2018-03-05 20:20:32 - [MESSAGE][WARNING] - Timeout '0' is invalid. Using default page load timeout: '30'

2018-03-05 20:20:32 - [MESSAGE][PASSED] - Object 'Object Repository/CuPaDl/Structure/Resize_Structure_bottomright' is visible

2018-03-05 20:20:33 - [MESSAGE][PASSED] - Delayed 1 second(s)

2018-03-05 20:20:33 - [MESSAGE][PASSED] - Current viewport's left (x) position is 0

2018-03-05 20:20:33 - [MESSAGE][PASSED] - Current viewport's top (y) position is 54

2018-03-05 20:20:33 - [MESSAGE][PASSED] - Dragged object with id 'Object Repository/CuPaDl/Structure/Resize_Structure_bottomright' by offset distance x = -225 and y = -171 successfully

2018-03-05 20:20:34 - [MESSAGE][PASSED] - Object 'Object Repository/CuPaDl/Loading_indicator' is visible

2018-03-05 20:20:37 - [MESSAGE][PASSED] - Object 'Object Repository/CuPaDl/Loading_indicator' is NOT visible

2018-03-05 20:20:38 - [MESSAGE][PASSED] - Delayed 1 second(s)

2018-03-05 20:20:38 - [MESSAGE][PASSED] - cupakeysDl.sclstruct.scalestructure is PASSED

2018-03-05 20:20:38 - [TEST_STEP][PASSED] - Statement - (step++): null

2018-03-05 20:20:38 - [TEST_STEP][PASSED] - Statement - iconmap += CustomKeywords.cupakeysDl.iconad.iconadd("laurelwreath", LoadTimeCorrector, step, run, device, timeStamp, iconcount): cupakeysDl.iconad.iconadd is PASSED

2018-03-05 20:20:39 - [MESSAGE][PASSED] - Object: 'Object Repository/CuPaDl/Icons/Icon' is clicked on

2018-03-05 20:20:39 - [MESSAGE][PASSED] - Object 'Object Repository/CuPaDl/Icons/Icon_laurelwreath' is visible

2018-03-05 20:20:39 - [MESSAGE][PASSED] - Object: 'Object Repository/CuPaDl/Icons/Icon_laurelwreath' is clicked on

2018-03-05 20:20:40 - [MESSAGE][PASSED] - Delayed 1 second(s)

2018-03-05 20:20:40 - [MESSAGE][PASSED] - Object: 'Object Repository/CuPaDl/Icons/Icon_laurelwreath' is clicked on

2018-03-05 20:20:40 - [MESSAGE][PASSED] - Object 'Object Repository/CuPaDl/Loading_indicator' is visible

2018-03-05 20:20:47 - [MESSAGE][PASSED] - Object 'Object Repository/CuPaDl/Loading_indicator' is NOT visible

2018-03-05 20:20:47 - [MESSAGE][WARNING] - Timeout '0' is invalid. Using default page load timeout: '30'

2018-03-05 20:20:47 - [MESSAGE][PASSED] - Width of element 'Object Repository/CuPaDl/Icons/Reposition_icon' is '40'

2018-03-05 20:20:47 - [MESSAGE][PASSED] - Height of element 'Object Repository/CuPaDl/Icons/Reposition_icon' is '40'.

2018-03-05 20:20:48 - [MESSAGE][PASSED] - Delayed 1 second(s)

2018-03-05 20:20:48 - [MESSAGE][PASSED] - cupakeysDl.iconad.iconadd is PASSED

2018-03-05 20:20:48 - [TEST_STEP][PASSED] - Statement - (step++): null

2018-03-05 20:20:48 - [TEST_STEP][PASSED] - Statement - (iconcount++): null

2018-03-05 20:20:48 - [TEST_STEP][PASSED] - cupakeysDl.iconres.iconresize: cupakeysDl.iconres.iconresize is PASSED

2018-03-05 20:20:48 - [MESSAGE][PASSED] - Object 'Object Repository/CuPaDl/Icons/Reposition_icon' is visible

2018-03-05 20:20:48 - [MESSAGE][PASSED] - Current viewport's left (x) position is 0

2018-03-05 20:20:48 - [MESSAGE][PASSED] - Current viewport's top (y) position is 54

2018-03-05 20:20:48 - [MESSAGE][PASSED] - Dragged object with id 'Object Repository/CuPaDl/Icons/Resize_icon_bottomright' by offset distance x = -125 and y = -71 successfully

2018-03-05 20:20:49 - [MESSAGE][PASSED] - Object 'Object Repository/CuPaDl/Loading_indicator' is visible

2018-03-05 20:20:53 - [MESSAGE][PASSED] - Object 'Object Repository/CuPaDl/Loading_indicator' is NOT visible

2018-03-05 20:20:54 - [MESSAGE][PASSED] - Delayed 1 second(s)

2018-03-05 20:20:54 - [MESSAGE][PASSED] - cupakeysDl.iconres.iconresize is PASSED

2018-03-05 20:20:54 - [TEST_STEP][PASSED] - Statement - (step++): null

2018-03-05 20:20:54 - [TEST_STEP][PASSED] - cupakeysDl.slink.svlink: cupakeysDl.slink.svlink is PASSED

2018-03-05 20:20:54 - [MESSAGE][PASSED] - Scroll to object 'Object Repository/CuPaDl/Save/Save' successfully

2018-03-05 20:20:54 - [MESSAGE][PASSED] - Object: 'Object Repository/CuPaDl/Save/Save' is clicked on

2018-03-05 20:20:54 - [MESSAGE][WARNING] - Timeout '0' is invalid. Using default page load timeout: '30'

2018-03-05 20:20:56 - [MESSAGE][PASSED] - Object 'Object Repository/CuPaDl/Save/CopyLink' is visible

2018-03-05 20:20:56 - [MESSAGE][PASSED] - Object: 'Object Repository/CuPaDl/Save/CopyLink' is clicked on

2018-03-05 20:20:57 - [MESSAGE][PASSED] - Delayed 1 second(s)

2018-03-05 20:20:57 - [MESSAGE][PASSED] - Object: 'Object Repository/CuPaDl/Save/Close' is clicked on

2018-03-05 20:20:58 - [MESSAGE][PASSED] - Delayed 1 second(s)

2018-03-05 20:20:58 - [MESSAGE][PASSED] - cupakeysDl.slink.svlink is PASSED

2018-03-05 20:20:58 - [TEST_STEP][PASSED] - cupakeysDl.endsession.finishsession: cupakeysDl.endsession.finishsession is PASSED

2018-03-05 20:21:01 - [MESSAGE][PASSED] - Delayed 3 second(s)

2018-03-05 20:21:01 - [MESSAGE][PASSED] - Browser is closed

2018-03-05 20:21:01 - [MESSAGE][PASSED] - cupakeysDl.endsession.finishsession is PASSED]]></system-out>
         <system-err><![CDATA[]]></system-err>
      </testcase>
      <testcase name="Test Cases/CuPaStefanie/18" classname="Test Cases/CuPaStefanie/18" status="PASSED">
         <system-out><![CDATA[2018-03-05 20:21:01 - [TEST_CASE][PASSED] - Test Cases/CuPaStefanie/18: Test Cases/CuPaStefanie/18

2018-03-05 20:21:02 - [TEST_STEP][PASSED] - Statement - timeStamp = new java.text.SimpleDateFormat(dd.MM.yyyy).format(java.util.Calendar.getInstance().getTime()): null

2018-03-05 20:21:02 - [TEST_STEP][PASSED] - Statement - timeStampScreenshot = new java.text.SimpleDateFormat(dd.MM.yyyy).format(java.util.Calendar.getInstance().getTime()): null

2018-03-05 20:21:02 - [TEST_STEP][PASSED] - Statement - iconmap = [:]: null

2018-03-05 20:21:02 - [TEST_STEP][PASSED] - Statement - txtmap = [:]: null

2018-03-05 20:21:02 - [TEST_STEP][PASSED] - Statement - signmap = [:]: null

2018-03-05 20:21:02 - [TEST_STEP][PASSED] - cupakeysDl.initStart.initialStart: cupakeysDl.initStart.initialStart is PASSED

2018-03-05 20:21:04 - [MESSAGE][PASSED] - Browser is opened with url: ''

2018-03-05 20:21:07 - [MESSAGE][PASSED] - Delayed 3 second(s)

2018-03-05 20:21:08 - [MESSAGE][PASSED] - Navigate to 'https://d16a4dsnr8a0k1.cloudfront.net/en/2455233.html?price=150.00%20%E2%82%AC&partName=wilsonPartName&vin=wilsonVin&modelCode=XP11&paint=P0A94&modelDescription=wilsonModelDescription&additionalEquipment=wilsonAdditionalEquipment' successfully

2018-03-05 20:21:08 - [MESSAGE][PASSED] - Object 'Object Repository/CuPaDl/Loading_indicator' is visible

2018-03-05 20:21:16 - [MESSAGE][PASSED] - Object 'Object Repository/CuPaDl/Loading_indicator' is NOT visible

2018-03-05 20:21:17 - [MESSAGE][PASSED] - Delayed 1 second(s)

2018-03-05 20:21:17 - [MESSAGE][PASSED] - cupakeysDl.initStart.initialStart is PASSED

2018-03-05 20:21:17 - [TEST_STEP][PASSED] - Statement - (step++): null

2018-03-05 20:21:17 - [TEST_STEP][PASSED] - cupakeysDl.color.changecolor: cupakeysDl.color.changecolor is PASSED

2018-03-05 20:21:17 - [MESSAGE][PASSED] - Object 'Object Repository/CuPaDl/Color/Color' is visible

2018-03-05 20:21:17 - [MESSAGE][PASSED] - Object: 'Object Repository/CuPaDl/Color/Color' is clicked on

2018-03-05 20:21:18 - [MESSAGE][PASSED] - Delayed 1 second(s)

2018-03-05 20:21:18 - [MESSAGE][PASSED] - Object 'Object Repository/CuPaDl/Color/Color_moonwalkgrey' is visible

2018-03-05 20:21:18 - [MESSAGE][PASSED] - Object: 'Object Repository/CuPaDl/Color/Color_moonwalkgrey' is clicked on

2018-03-05 20:21:18 - [MESSAGE][WARNING] - Timeout '0' is invalid. Using default page load timeout: '30'

2018-03-05 20:21:18 - [MESSAGE][PASSED] - Object 'Object Repository/CuPaDl/Color/Color_moonwalkgrey' is visible

2018-03-05 20:21:19 - [MESSAGE][PASSED] - Delayed 1 second(s)

2018-03-05 20:21:20 - [MESSAGE][PASSED] - Object: 'Object Repository/CuPaDl/Color/Color_moonwalkgrey' is clicked on

2018-03-05 20:21:20 - [MESSAGE][PASSED] - Object 'Object Repository/CuPaDl/Loading_indicator' is visible

2018-03-05 20:21:22 - [MESSAGE][PASSED] - Object 'Object Repository/CuPaDl/Loading_indicator' is NOT visible

2018-03-05 20:21:23 - [MESSAGE][PASSED] - Delayed 1 second(s)

2018-03-05 20:21:23 - [MESSAGE][PASSED] - cupakeysDl.color.changecolor is PASSED

2018-03-05 20:21:23 - [TEST_STEP][PASSED] - Statement - (step++): null

2018-03-05 20:21:23 - [TEST_STEP][PASSED] - cupakeysDl.chngstruct.changestructure: cupakeysDl.chngstruct.changestructure is PASSED

2018-03-05 20:21:23 - [MESSAGE][PASSED] - Object: 'Object Repository/CuPaDl/Structure/Structure' is clicked on

2018-03-05 20:21:23 - [MESSAGE][WARNING] - Timeout '0' is invalid. Using default page load timeout: '30'

2018-03-05 20:21:23 - [MESSAGE][PASSED] - Object 'Object Repository/CuPaDl/Structure/Structure_Hahnentritt' is visible

2018-03-05 20:21:23 - [MESSAGE][PASSED] - Object 'Object Repository/CuPaDl/Structure/Structure_fadedots' is visible

2018-03-05 20:21:23 - [MESSAGE][PASSED] - Object: 'Object Repository/CuPaDl/Structure/Structure_fadedots' is clicked on

2018-03-05 20:21:24 - [MESSAGE][PASSED] - Object 'Object Repository/CuPaDl/Loading_indicator' is visible

2018-03-05 20:21:28 - [MESSAGE][PASSED] - Object 'Object Repository/CuPaDl/Loading_indicator' is NOT visible

2018-03-05 20:21:29 - [MESSAGE][PASSED] - Delayed 1 second(s)

2018-03-05 20:21:29 - [MESSAGE][PASSED] - cupakeysDl.chngstruct.changestructure is PASSED

2018-03-05 20:21:29 - [TEST_STEP][PASSED] - Statement - (step++): null

2018-03-05 20:21:29 - [TEST_STEP][PASSED] - cupakeysDl.sclstruct.scalestructure: cupakeysDl.sclstruct.scalestructure is PASSED

2018-03-05 20:21:32 - [MESSAGE][WARNING] - Object 'Object Repository/CuPaDl/Structure/Resize_Structure_bottomright' is not visible after 3 second(s)

2018-03-05 20:21:32 - [MESSAGE][PASSED] - Object: 'Object Repository/CuPaDl/Structure/Resize_Structure' is clicked on

2018-03-05 20:21:32 - [MESSAGE][WARNING] - Timeout '0' is invalid. Using default page load timeout: '30'

2018-03-05 20:21:32 - [MESSAGE][PASSED] - Object 'Object Repository/CuPaDl/Structure/Resize_Structure_bottomright' is visible

2018-03-05 20:21:33 - [MESSAGE][PASSED] - Delayed 1 second(s)

2018-03-05 20:21:33 - [MESSAGE][PASSED] - Current viewport's left (x) position is 0

2018-03-05 20:21:33 - [MESSAGE][PASSED] - Current viewport's top (y) position is 54

2018-03-05 20:21:34 - [MESSAGE][PASSED] - Dragged object with id 'Object Repository/CuPaDl/Structure/Resize_Structure_bottomright' by offset distance x = 225 and y = 279 successfully

2018-03-05 20:21:35 - [MESSAGE][PASSED] - Object 'Object Repository/CuPaDl/Loading_indicator' is visible

2018-03-05 20:21:38 - [MESSAGE][PASSED] - Object 'Object Repository/CuPaDl/Loading_indicator' is NOT visible

2018-03-05 20:21:39 - [MESSAGE][PASSED] - Delayed 1 second(s)

2018-03-05 20:21:39 - [MESSAGE][PASSED] - cupakeysDl.sclstruct.scalestructure is PASSED

2018-03-05 20:21:39 - [TEST_STEP][PASSED] - Statement - (step++): null

2018-03-05 20:21:39 - [TEST_STEP][PASSED] - Statement - iconmap += CustomKeywords.cupakeysDl.iconad.iconadd("laurelwreath", LoadTimeCorrector, step, run, device, timeStamp, iconcount): cupakeysDl.iconad.iconadd is PASSED

2018-03-05 20:21:39 - [MESSAGE][PASSED] - Object: 'Object Repository/CuPaDl/Icons/Icon' is clicked on

2018-03-05 20:21:39 - [MESSAGE][PASSED] - Object 'Object Repository/CuPaDl/Icons/Icon_laurelwreath' is visible

2018-03-05 20:21:39 - [MESSAGE][PASSED] - Object: 'Object Repository/CuPaDl/Icons/Icon_laurelwreath' is clicked on

2018-03-05 20:21:40 - [MESSAGE][PASSED] - Delayed 1 second(s)

2018-03-05 20:21:40 - [MESSAGE][PASSED] - Object: 'Object Repository/CuPaDl/Icons/Icon_laurelwreath' is clicked on

2018-03-05 20:21:40 - [MESSAGE][PASSED] - Object 'Object Repository/CuPaDl/Loading_indicator' is visible

2018-03-05 20:21:47 - [MESSAGE][PASSED] - Object 'Object Repository/CuPaDl/Loading_indicator' is NOT visible

2018-03-05 20:21:47 - [MESSAGE][WARNING] - Timeout '0' is invalid. Using default page load timeout: '30'

2018-03-05 20:21:47 - [MESSAGE][PASSED] - Width of element 'Object Repository/CuPaDl/Icons/Reposition_icon' is '40'

2018-03-05 20:21:47 - [MESSAGE][PASSED] - Height of element 'Object Repository/CuPaDl/Icons/Reposition_icon' is '40'.

2018-03-05 20:21:48 - [MESSAGE][PASSED] - Delayed 1 second(s)

2018-03-05 20:21:48 - [MESSAGE][PASSED] - cupakeysDl.iconad.iconadd is PASSED

2018-03-05 20:21:48 - [TEST_STEP][PASSED] - Statement - (step++): null

2018-03-05 20:21:48 - [TEST_STEP][PASSED] - Statement - (iconcount++): null

2018-03-05 20:21:48 - [TEST_STEP][PASSED] - cupakeysDl.iconres.iconresize: cupakeysDl.iconres.iconresize is PASSED

2018-03-05 20:21:48 - [MESSAGE][PASSED] - Object 'Object Repository/CuPaDl/Icons/Reposition_icon' is visible

2018-03-05 20:21:48 - [MESSAGE][PASSED] - Current viewport's left (x) position is 0

2018-03-05 20:21:48 - [MESSAGE][PASSED] - Current viewport's top (y) position is 54

2018-03-05 20:21:48 - [MESSAGE][PASSED] - Dragged object with id 'Object Repository/CuPaDl/Icons/Resize_icon_bottomright' by offset distance x = 125 and y = 179 successfully

2018-03-05 20:21:49 - [MESSAGE][PASSED] - Object 'Object Repository/CuPaDl/Loading_indicator' is visible

2018-03-05 20:21:52 - [MESSAGE][PASSED] - Object 'Object Repository/CuPaDl/Loading_indicator' is NOT visible

2018-03-05 20:21:53 - [MESSAGE][PASSED] - Delayed 1 second(s)

2018-03-05 20:21:53 - [MESSAGE][PASSED] - cupakeysDl.iconres.iconresize is PASSED

2018-03-05 20:21:53 - [TEST_STEP][PASSED] - Statement - (step++): null

2018-03-05 20:21:53 - [TEST_STEP][PASSED] - cupakeysDl.slink.svlink: cupakeysDl.slink.svlink is PASSED

2018-03-05 20:21:53 - [MESSAGE][PASSED] - Scroll to object 'Object Repository/CuPaDl/Save/Save' successfully

2018-03-05 20:21:53 - [MESSAGE][PASSED] - Object: 'Object Repository/CuPaDl/Save/Save' is clicked on

2018-03-05 20:21:53 - [MESSAGE][WARNING] - Timeout '0' is invalid. Using default page load timeout: '30'

2018-03-05 20:21:55 - [MESSAGE][PASSED] - Object 'Object Repository/CuPaDl/Save/CopyLink' is visible

2018-03-05 20:21:55 - [MESSAGE][PASSED] - Object: 'Object Repository/CuPaDl/Save/CopyLink' is clicked on

2018-03-05 20:21:56 - [MESSAGE][PASSED] - Delayed 1 second(s)

2018-03-05 20:21:56 - [MESSAGE][PASSED] - Object: 'Object Repository/CuPaDl/Save/Close' is clicked on

2018-03-05 20:21:57 - [MESSAGE][PASSED] - Delayed 1 second(s)

2018-03-05 20:21:57 - [MESSAGE][PASSED] - cupakeysDl.slink.svlink is PASSED

2018-03-05 20:21:57 - [TEST_STEP][PASSED] - cupakeysDl.endsession.finishsession: cupakeysDl.endsession.finishsession is PASSED

2018-03-05 20:22:00 - [MESSAGE][PASSED] - Delayed 3 second(s)

2018-03-05 20:22:00 - [MESSAGE][PASSED] - Browser is closed

2018-03-05 20:22:00 - [MESSAGE][PASSED] - cupakeysDl.endsession.finishsession is PASSED]]></system-out>
         <system-err><![CDATA[]]></system-err>
      </testcase>
      <testcase name="Test Cases/CuPaStefanie/19" classname="Test Cases/CuPaStefanie/19" status="PASSED">
         <system-out><![CDATA[2018-03-05 20:22:00 - [TEST_CASE][PASSED] - Test Cases/CuPaStefanie/19: Test Cases/CuPaStefanie/19

2018-03-05 20:22:01 - [TEST_STEP][PASSED] - Statement - timeStamp = new java.text.SimpleDateFormat(dd.MM.yyyy).format(java.util.Calendar.getInstance().getTime()): null

2018-03-05 20:22:01 - [TEST_STEP][PASSED] - Statement - timeStampScreenshot = new java.text.SimpleDateFormat(dd.MM.yyyy).format(java.util.Calendar.getInstance().getTime()): null

2018-03-05 20:22:01 - [TEST_STEP][PASSED] - Statement - iconmap = [:]: null

2018-03-05 20:22:01 - [TEST_STEP][PASSED] - Statement - txtmap = [:]: null

2018-03-05 20:22:01 - [TEST_STEP][PASSED] - Statement - signmap = [:]: null

2018-03-05 20:22:01 - [TEST_STEP][PASSED] - cupakeysDl.initStart.initialStart: cupakeysDl.initStart.initialStart is PASSED

2018-03-05 20:22:02 - [MESSAGE][PASSED] - Browser is opened with url: ''

2018-03-05 20:22:05 - [MESSAGE][PASSED] - Delayed 3 second(s)

2018-03-05 20:22:08 - [MESSAGE][PASSED] - Navigate to 'https://d16a4dsnr8a0k1.cloudfront.net/en/2455233.html?price=150.00%20%E2%82%AC&partName=wilsonPartName&vin=wilsonVin&modelCode=XP11&paint=P0A94&modelDescription=wilsonModelDescription&additionalEquipment=wilsonAdditionalEquipment' successfully

2018-03-05 20:22:08 - [MESSAGE][PASSED] - Object 'Object Repository/CuPaDl/Loading_indicator' is visible

2018-03-05 20:22:16 - [MESSAGE][PASSED] - Object 'Object Repository/CuPaDl/Loading_indicator' is NOT visible

2018-03-05 20:22:17 - [MESSAGE][PASSED] - Delayed 1 second(s)

2018-03-05 20:22:17 - [MESSAGE][PASSED] - cupakeysDl.initStart.initialStart is PASSED

2018-03-05 20:22:17 - [TEST_STEP][PASSED] - Statement - (step++): null

2018-03-05 20:22:17 - [TEST_STEP][PASSED] - cupakeysDl.color.changecolor: cupakeysDl.color.changecolor is PASSED

2018-03-05 20:22:18 - [MESSAGE][PASSED] - Object 'Object Repository/CuPaDl/Color/Color' is visible

2018-03-05 20:22:18 - [MESSAGE][PASSED] - Object: 'Object Repository/CuPaDl/Color/Color' is clicked on

2018-03-05 20:22:19 - [MESSAGE][PASSED] - Delayed 1 second(s)

2018-03-05 20:22:19 - [MESSAGE][PASSED] - Object 'Object Repository/CuPaDl/Color/Color_thundergrey' is visible

2018-03-05 20:22:19 - [MESSAGE][PASSED] - Object: 'Object Repository/CuPaDl/Color/Color_thundergrey' is clicked on

2018-03-05 20:22:19 - [MESSAGE][WARNING] - Timeout '0' is invalid. Using default page load timeout: '30'

2018-03-05 20:22:19 - [MESSAGE][PASSED] - Object 'Object Repository/CuPaDl/Color/Color_thundergrey' is visible

2018-03-05 20:22:20 - [MESSAGE][PASSED] - Delayed 1 second(s)

2018-03-05 20:22:20 - [MESSAGE][PASSED] - Object: 'Object Repository/CuPaDl/Color/Color_thundergrey' is clicked on

2018-03-05 20:22:20 - [MESSAGE][PASSED] - Object 'Object Repository/CuPaDl/Loading_indicator' is visible

2018-03-05 20:22:22 - [MESSAGE][PASSED] - Object 'Object Repository/CuPaDl/Loading_indicator' is NOT visible

2018-03-05 20:22:23 - [MESSAGE][PASSED] - Delayed 1 second(s)

2018-03-05 20:22:23 - [MESSAGE][PASSED] - cupakeysDl.color.changecolor is PASSED

2018-03-05 20:22:23 - [TEST_STEP][PASSED] - Statement - (step++): null

2018-03-05 20:22:23 - [TEST_STEP][PASSED] - cupakeysDl.chngstruct.changestructure: cupakeysDl.chngstruct.changestructure is PASSED

2018-03-05 20:22:23 - [MESSAGE][PASSED] - Object: 'Object Repository/CuPaDl/Structure/Structure' is clicked on

2018-03-05 20:22:23 - [MESSAGE][WARNING] - Timeout '0' is invalid. Using default page load timeout: '30'

2018-03-05 20:22:23 - [MESSAGE][PASSED] - Object 'Object Repository/CuPaDl/Structure/Structure_Hahnentritt' is visible

2018-03-05 20:22:23 - [MESSAGE][PASSED] - Object 'Object Repository/CuPaDl/Structure/Structure_fadehahnentritt' is visible

2018-03-05 20:22:23 - [MESSAGE][PASSED] - Object: 'Object Repository/CuPaDl/Structure/Structure_fadehahnentritt' is clicked on

2018-03-05 20:22:25 - [MESSAGE][PASSED] - Object 'Object Repository/CuPaDl/Loading_indicator' is visible

2018-03-05 20:22:26 - [MESSAGE][PASSED] - Object 'Object Repository/CuPaDl/Loading_indicator' is NOT visible

2018-03-05 20:22:27 - [MESSAGE][PASSED] - Delayed 1 second(s)

2018-03-05 20:22:27 - [MESSAGE][PASSED] - cupakeysDl.chngstruct.changestructure is PASSED

2018-03-05 20:22:27 - [TEST_STEP][PASSED] - Statement - (step++): null

2018-03-05 20:22:27 - [TEST_STEP][PASSED] - cupakeysDl.sclstruct.scalestructure: cupakeysDl.sclstruct.scalestructure is PASSED

2018-03-05 20:22:30 - [MESSAGE][WARNING] - Object 'Object Repository/CuPaDl/Structure/Resize_Structure_bottomright' is not visible after 3 second(s)

2018-03-05 20:22:31 - [MESSAGE][PASSED] - Object: 'Object Repository/CuPaDl/Structure/Resize_Structure' is clicked on

2018-03-05 20:22:31 - [MESSAGE][WARNING] - Timeout '0' is invalid. Using default page load timeout: '30'

2018-03-05 20:22:31 - [MESSAGE][PASSED] - Object 'Object Repository/CuPaDl/Structure/Resize_Structure_bottomright' is visible

2018-03-05 20:22:32 - [MESSAGE][PASSED] - Delayed 1 second(s)

2018-03-05 20:22:32 - [MESSAGE][PASSED] - Current viewport's left (x) position is 0

2018-03-05 20:22:32 - [MESSAGE][PASSED] - Current viewport's top (y) position is 54

2018-03-05 20:22:32 - [MESSAGE][PASSED] - Dragged object with id 'Object Repository/CuPaDl/Structure/Resize_Structure_bottomright' by offset distance x = -225 and y = -171 successfully

2018-03-05 20:22:33 - [MESSAGE][PASSED] - Object 'Object Repository/CuPaDl/Loading_indicator' is visible

2018-03-05 20:22:34 - [MESSAGE][PASSED] - Object 'Object Repository/CuPaDl/Loading_indicator' is NOT visible

2018-03-05 20:22:35 - [MESSAGE][PASSED] - Delayed 1 second(s)

2018-03-05 20:22:35 - [MESSAGE][PASSED] - cupakeysDl.sclstruct.scalestructure is PASSED

2018-03-05 20:22:35 - [TEST_STEP][PASSED] - Statement - (step++): null

2018-03-05 20:22:35 - [TEST_STEP][PASSED] - Statement - iconmap += CustomKeywords.cupakeysDl.iconad.iconadd("helmet", LoadTimeCorrector, step, run, device, timeStamp, iconcount): cupakeysDl.iconad.iconadd is PASSED

2018-03-05 20:22:35 - [MESSAGE][PASSED] - Object: 'Object Repository/CuPaDl/Icons/Icon' is clicked on

2018-03-05 20:22:35 - [MESSAGE][PASSED] - Object 'Object Repository/CuPaDl/Icons/Icon_helmet' is visible

2018-03-05 20:22:35 - [MESSAGE][PASSED] - Object: 'Object Repository/CuPaDl/Icons/Icon_helmet' is clicked on

2018-03-05 20:22:36 - [MESSAGE][PASSED] - Delayed 1 second(s)

2018-03-05 20:22:37 - [MESSAGE][PASSED] - Object: 'Object Repository/CuPaDl/Icons/Icon_helmet' is clicked on

2018-03-05 20:22:37 - [MESSAGE][PASSED] - Object 'Object Repository/CuPaDl/Loading_indicator' is visible

2018-03-05 20:22:40 - [MESSAGE][PASSED] - Object 'Object Repository/CuPaDl/Loading_indicator' is NOT visible

2018-03-05 20:22:40 - [MESSAGE][WARNING] - Timeout '0' is invalid. Using default page load timeout: '30'

2018-03-05 20:22:40 - [MESSAGE][PASSED] - Width of element 'Object Repository/CuPaDl/Icons/Reposition_icon' is '40'

2018-03-05 20:22:40 - [MESSAGE][PASSED] - Height of element 'Object Repository/CuPaDl/Icons/Reposition_icon' is '40'.

2018-03-05 20:22:41 - [MESSAGE][PASSED] - Delayed 1 second(s)

2018-03-05 20:22:41 - [MESSAGE][PASSED] - cupakeysDl.iconad.iconadd is PASSED

2018-03-05 20:22:41 - [TEST_STEP][PASSED] - Statement - (step++): null

2018-03-05 20:22:41 - [TEST_STEP][PASSED] - Statement - (iconcount++): null

2018-03-05 20:22:41 - [TEST_STEP][PASSED] - cupakeysDl.iconres.iconresize: cupakeysDl.iconres.iconresize is PASSED

2018-03-05 20:22:41 - [MESSAGE][PASSED] - Object 'Object Repository/CuPaDl/Icons/Reposition_icon' is visible

2018-03-05 20:22:41 - [MESSAGE][PASSED] - Current viewport's left (x) position is 0

2018-03-05 20:22:41 - [MESSAGE][PASSED] - Current viewport's top (y) position is 54

2018-03-05 20:22:41 - [MESSAGE][PASSED] - Dragged object with id 'Object Repository/CuPaDl/Icons/Resize_icon_bottomright' by offset distance x = -125 and y = -71 successfully

2018-03-05 20:22:44 - [MESSAGE][WARNING] - Object 'Object Repository/CuPaDl/Loading_indicator' is not visible after 3 second(s)

2018-03-05 20:22:45 - [MESSAGE][PASSED] - Delayed 1 second(s)

2018-03-05 20:22:45 - [MESSAGE][PASSED] - cupakeysDl.iconres.iconresize is PASSED

2018-03-05 20:22:45 - [TEST_STEP][PASSED] - Statement - (step++): null

2018-03-05 20:22:45 - [TEST_STEP][PASSED] - cupakeysDl.slink.svlink: cupakeysDl.slink.svlink is PASSED

2018-03-05 20:22:45 - [MESSAGE][PASSED] - Scroll to object 'Object Repository/CuPaDl/Save/Save' successfully

2018-03-05 20:22:46 - [MESSAGE][PASSED] - Object: 'Object Repository/CuPaDl/Save/Save' is clicked on

2018-03-05 20:22:46 - [MESSAGE][WARNING] - Timeout '0' is invalid. Using default page load timeout: '30'

2018-03-05 20:22:48 - [MESSAGE][PASSED] - Object 'Object Repository/CuPaDl/Save/CopyLink' is visible

2018-03-05 20:22:48 - [MESSAGE][PASSED] - Object: 'Object Repository/CuPaDl/Save/CopyLink' is clicked on

2018-03-05 20:22:49 - [MESSAGE][PASSED] - Delayed 1 second(s)

2018-03-05 20:22:49 - [MESSAGE][PASSED] - Object: 'Object Repository/CuPaDl/Save/Close' is clicked on

2018-03-05 20:22:50 - [MESSAGE][PASSED] - Delayed 1 second(s)

2018-03-05 20:22:50 - [MESSAGE][PASSED] - cupakeysDl.slink.svlink is PASSED

2018-03-05 20:22:50 - [TEST_STEP][PASSED] - cupakeysDl.endsession.finishsession: cupakeysDl.endsession.finishsession is PASSED

2018-03-05 20:22:53 - [MESSAGE][PASSED] - Delayed 3 second(s)

2018-03-05 20:22:54 - [MESSAGE][PASSED] - Browser is closed

2018-03-05 20:22:54 - [MESSAGE][PASSED] - cupakeysDl.endsession.finishsession is PASSED]]></system-out>
         <system-err><![CDATA[]]></system-err>
      </testcase>
      <testcase name="Test Cases/CuPaStefanie/20" classname="Test Cases/CuPaStefanie/20" status="PASSED">
         <system-out><![CDATA[2018-03-05 20:22:54 - [TEST_CASE][PASSED] - Test Cases/CuPaStefanie/20: Test Cases/CuPaStefanie/20

2018-03-05 20:22:54 - [TEST_STEP][PASSED] - Statement - timeStamp = new java.text.SimpleDateFormat(dd.MM.yyyy).format(java.util.Calendar.getInstance().getTime()): null

2018-03-05 20:22:54 - [TEST_STEP][PASSED] - Statement - timeStampScreenshot = new java.text.SimpleDateFormat(dd.MM.yyyy).format(java.util.Calendar.getInstance().getTime()): null

2018-03-05 20:22:54 - [TEST_STEP][PASSED] - Statement - iconmap = [:]: null

2018-03-05 20:22:54 - [TEST_STEP][PASSED] - Statement - txtmap = [:]: null

2018-03-05 20:22:54 - [TEST_STEP][PASSED] - Statement - signmap = [:]: null

2018-03-05 20:22:54 - [TEST_STEP][PASSED] - cupakeysDl.initStart.initialStart: cupakeysDl.initStart.initialStart is PASSED

2018-03-05 20:22:56 - [MESSAGE][PASSED] - Browser is opened with url: ''

2018-03-05 20:22:59 - [MESSAGE][PASSED] - Delayed 3 second(s)

2018-03-05 20:23:00 - [MESSAGE][PASSED] - Navigate to 'https://d16a4dsnr8a0k1.cloudfront.net/en/2455233.html?price=150.00%20%E2%82%AC&partName=wilsonPartName&vin=wilsonVin&modelCode=XP11&paint=P0A94&modelDescription=wilsonModelDescription&additionalEquipment=wilsonAdditionalEquipment' successfully

2018-03-05 20:23:00 - [MESSAGE][PASSED] - Object 'Object Repository/CuPaDl/Loading_indicator' is visible

2018-03-05 20:23:08 - [MESSAGE][PASSED] - Object 'Object Repository/CuPaDl/Loading_indicator' is NOT visible

2018-03-05 20:23:09 - [MESSAGE][PASSED] - Delayed 1 second(s)

2018-03-05 20:23:09 - [MESSAGE][PASSED] - cupakeysDl.initStart.initialStart is PASSED

2018-03-05 20:23:09 - [TEST_STEP][PASSED] - Statement - (step++): null

2018-03-05 20:23:09 - [TEST_STEP][PASSED] - cupakeysDl.color.changecolor: cupakeysDl.color.changecolor is PASSED

2018-03-05 20:23:09 - [MESSAGE][PASSED] - Object 'Object Repository/CuPaDl/Color/Color' is visible

2018-03-05 20:23:09 - [MESSAGE][PASSED] - Object: 'Object Repository/CuPaDl/Color/Color' is clicked on

2018-03-05 20:23:10 - [MESSAGE][PASSED] - Delayed 1 second(s)

2018-03-05 20:23:10 - [MESSAGE][PASSED] - Object 'Object Repository/CuPaDl/Color/Color_thundergrey' is visible

2018-03-05 20:23:10 - [MESSAGE][PASSED] - Object: 'Object Repository/CuPaDl/Color/Color_thundergrey' is clicked on

2018-03-05 20:23:10 - [MESSAGE][WARNING] - Timeout '0' is invalid. Using default page load timeout: '30'

2018-03-05 20:23:10 - [MESSAGE][PASSED] - Object 'Object Repository/CuPaDl/Color/Color_thundergrey' is visible

2018-03-05 20:23:11 - [MESSAGE][PASSED] - Delayed 1 second(s)

2018-03-05 20:23:11 - [MESSAGE][PASSED] - Object: 'Object Repository/CuPaDl/Color/Color_thundergrey' is clicked on

2018-03-05 20:23:15 - [MESSAGE][WARNING] - Object 'Object Repository/CuPaDl/Loading_indicator' is not visible after 3 second(s)

2018-03-05 20:23:16 - [MESSAGE][PASSED] - Delayed 1 second(s)

2018-03-05 20:23:16 - [MESSAGE][PASSED] - cupakeysDl.color.changecolor is PASSED

2018-03-05 20:23:16 - [TEST_STEP][PASSED] - Statement - (step++): null

2018-03-05 20:23:16 - [TEST_STEP][PASSED] - cupakeysDl.chngstruct.changestructure: cupakeysDl.chngstruct.changestructure is PASSED

2018-03-05 20:23:16 - [MESSAGE][PASSED] - Object: 'Object Repository/CuPaDl/Structure/Structure' is clicked on

2018-03-05 20:23:16 - [MESSAGE][WARNING] - Timeout '0' is invalid. Using default page load timeout: '30'

2018-03-05 20:23:16 - [MESSAGE][PASSED] - Object 'Object Repository/CuPaDl/Structure/Structure_Hahnentritt' is visible

2018-03-05 20:23:16 - [MESSAGE][PASSED] - Object 'Object Repository/CuPaDl/Structure/Structure_fadehahnentritt' is visible

2018-03-05 20:23:16 - [MESSAGE][PASSED] - Object: 'Object Repository/CuPaDl/Structure/Structure_fadehahnentritt' is clicked on

2018-03-05 20:23:18 - [MESSAGE][PASSED] - Object 'Object Repository/CuPaDl/Loading_indicator' is visible

2018-03-05 20:23:19 - [MESSAGE][PASSED] - Object 'Object Repository/CuPaDl/Loading_indicator' is NOT visible

2018-03-05 20:23:20 - [MESSAGE][PASSED] - Delayed 1 second(s)

2018-03-05 20:23:20 - [MESSAGE][PASSED] - cupakeysDl.chngstruct.changestructure is PASSED

2018-03-05 20:23:20 - [TEST_STEP][PASSED] - Statement - (step++): null

2018-03-05 20:23:20 - [TEST_STEP][PASSED] - cupakeysDl.sclstruct.scalestructure: cupakeysDl.sclstruct.scalestructure is PASSED

2018-03-05 20:23:23 - [MESSAGE][WARNING] - Object 'Object Repository/CuPaDl/Structure/Resize_Structure_bottomright' is not visible after 3 second(s)

2018-03-05 20:23:23 - [MESSAGE][PASSED] - Object: 'Object Repository/CuPaDl/Structure/Resize_Structure' is clicked on

2018-03-05 20:23:23 - [MESSAGE][WARNING] - Timeout '0' is invalid. Using default page load timeout: '30'

2018-03-05 20:23:23 - [MESSAGE][PASSED] - Object 'Object Repository/CuPaDl/Structure/Resize_Structure_bottomright' is visible

2018-03-05 20:23:24 - [MESSAGE][PASSED] - Delayed 1 second(s)

2018-03-05 20:23:24 - [MESSAGE][PASSED] - Current viewport's left (x) position is 0

2018-03-05 20:23:24 - [MESSAGE][PASSED] - Current viewport's top (y) position is 54

2018-03-05 20:23:24 - [MESSAGE][PASSED] - Dragged object with id 'Object Repository/CuPaDl/Structure/Resize_Structure_bottomright' by offset distance x = 225 and y = 279 successfully

2018-03-05 20:23:28 - [MESSAGE][WARNING] - Object 'Object Repository/CuPaDl/Loading_indicator' is not visible after 3 second(s)

2018-03-05 20:23:29 - [MESSAGE][PASSED] - Delayed 1 second(s)

2018-03-05 20:23:29 - [MESSAGE][PASSED] - cupakeysDl.sclstruct.scalestructure is PASSED

2018-03-05 20:23:29 - [TEST_STEP][PASSED] - Statement - (step++): null

2018-03-05 20:23:29 - [TEST_STEP][PASSED] - Statement - iconmap += CustomKeywords.cupakeysDl.iconad.iconadd("helmet", LoadTimeCorrector, step, run, device, timeStamp, iconcount): cupakeysDl.iconad.iconadd is PASSED

2018-03-05 20:23:29 - [MESSAGE][PASSED] - Object: 'Object Repository/CuPaDl/Icons/Icon' is clicked on

2018-03-05 20:23:29 - [MESSAGE][PASSED] - Object 'Object Repository/CuPaDl/Icons/Icon_helmet' is visible

2018-03-05 20:23:29 - [MESSAGE][PASSED] - Object: 'Object Repository/CuPaDl/Icons/Icon_helmet' is clicked on

2018-03-05 20:23:30 - [MESSAGE][PASSED] - Delayed 1 second(s)

2018-03-05 20:23:31 - [MESSAGE][PASSED] - Object: 'Object Repository/CuPaDl/Icons/Icon_helmet' is clicked on

2018-03-05 20:23:31 - [MESSAGE][PASSED] - Object 'Object Repository/CuPaDl/Loading_indicator' is visible

2018-03-05 20:23:33 - [MESSAGE][PASSED] - Object 'Object Repository/CuPaDl/Loading_indicator' is NOT visible

2018-03-05 20:23:33 - [MESSAGE][WARNING] - Timeout '0' is invalid. Using default page load timeout: '30'

2018-03-05 20:23:33 - [MESSAGE][PASSED] - Width of element 'Object Repository/CuPaDl/Icons/Reposition_icon' is '40'

2018-03-05 20:23:33 - [MESSAGE][PASSED] - Height of element 'Object Repository/CuPaDl/Icons/Reposition_icon' is '40'.

2018-03-05 20:23:34 - [MESSAGE][PASSED] - Delayed 1 second(s)

2018-03-05 20:23:34 - [MESSAGE][PASSED] - cupakeysDl.iconad.iconadd is PASSED

2018-03-05 20:23:34 - [TEST_STEP][PASSED] - Statement - (step++): null

2018-03-05 20:23:34 - [TEST_STEP][PASSED] - Statement - (iconcount++): null

2018-03-05 20:23:34 - [TEST_STEP][PASSED] - cupakeysDl.iconres.iconresize: cupakeysDl.iconres.iconresize is PASSED

2018-03-05 20:23:34 - [MESSAGE][PASSED] - Object 'Object Repository/CuPaDl/Icons/Reposition_icon' is visible

2018-03-05 20:23:34 - [MESSAGE][PASSED] - Current viewport's left (x) position is 0

2018-03-05 20:23:34 - [MESSAGE][PASSED] - Current viewport's top (y) position is 54

2018-03-05 20:23:34 - [MESSAGE][PASSED] - Dragged object with id 'Object Repository/CuPaDl/Icons/Resize_icon_bottomright' by offset distance x = 125 and y = 179 successfully

2018-03-05 20:23:36 - [MESSAGE][PASSED] - Object 'Object Repository/CuPaDl/Loading_indicator' is visible

2018-03-05 20:23:37 - [MESSAGE][PASSED] - Object 'Object Repository/CuPaDl/Loading_indicator' is NOT visible

2018-03-05 20:23:38 - [MESSAGE][PASSED] - Delayed 1 second(s)

2018-03-05 20:23:38 - [MESSAGE][PASSED] - cupakeysDl.iconres.iconresize is PASSED

2018-03-05 20:23:38 - [TEST_STEP][PASSED] - Statement - (step++): null

2018-03-05 20:23:38 - [TEST_STEP][PASSED] - cupakeysDl.slink.svlink: cupakeysDl.slink.svlink is PASSED

2018-03-05 20:23:38 - [MESSAGE][PASSED] - Scroll to object 'Object Repository/CuPaDl/Save/Save' successfully

2018-03-05 20:23:38 - [MESSAGE][PASSED] - Object: 'Object Repository/CuPaDl/Save/Save' is clicked on

2018-03-05 20:23:38 - [MESSAGE][WARNING] - Timeout '0' is invalid. Using default page load timeout: '30'

2018-03-05 20:23:40 - [MESSAGE][PASSED] - Object 'Object Repository/CuPaDl/Save/CopyLink' is visible

2018-03-05 20:23:40 - [MESSAGE][PASSED] - Object: 'Object Repository/CuPaDl/Save/CopyLink' is clicked on

2018-03-05 20:23:41 - [MESSAGE][PASSED] - Delayed 1 second(s)

2018-03-05 20:23:41 - [MESSAGE][PASSED] - Object: 'Object Repository/CuPaDl/Save/Close' is clicked on

2018-03-05 20:23:42 - [MESSAGE][PASSED] - Delayed 1 second(s)

2018-03-05 20:23:42 - [MESSAGE][PASSED] - cupakeysDl.slink.svlink is PASSED

2018-03-05 20:23:42 - [TEST_STEP][PASSED] - cupakeysDl.endsession.finishsession: cupakeysDl.endsession.finishsession is PASSED

2018-03-05 20:23:45 - [MESSAGE][PASSED] - Delayed 3 second(s)

2018-03-05 20:23:46 - [MESSAGE][PASSED] - Browser is closed

2018-03-05 20:23:46 - [MESSAGE][PASSED] - cupakeysDl.endsession.finishsession is PASSED]]></system-out>
         <system-err><![CDATA[]]></system-err>
      </testcase>
      <testcase name="Test Cases/CuPaStefanie/21" classname="Test Cases/CuPaStefanie/21" status="PASSED">
         <system-out><![CDATA[2018-03-05 20:23:46 - [TEST_CASE][PASSED] - Test Cases/CuPaStefanie/21: Test Cases/CuPaStefanie/21

2018-03-05 20:23:46 - [TEST_STEP][PASSED] - Statement - timeStamp = new java.text.SimpleDateFormat(dd.MM.yyyy).format(java.util.Calendar.getInstance().getTime()): null

2018-03-05 20:23:46 - [TEST_STEP][PASSED] - Statement - timeStampScreenshot = new java.text.SimpleDateFormat(dd.MM.yyyy).format(java.util.Calendar.getInstance().getTime()): null

2018-03-05 20:23:46 - [TEST_STEP][PASSED] - Statement - iconmap = [:]: null

2018-03-05 20:23:46 - [TEST_STEP][PASSED] - Statement - txtmap = [:]: null

2018-03-05 20:23:46 - [TEST_STEP][PASSED] - Statement - signmap = [:]: null

2018-03-05 20:23:46 - [TEST_STEP][PASSED] - cupakeysDl.initStart.initialStart: cupakeysDl.initStart.initialStart is PASSED

2018-03-05 20:23:48 - [MESSAGE][PASSED] - Browser is opened with url: ''

2018-03-05 20:23:51 - [MESSAGE][PASSED] - Delayed 3 second(s)

2018-03-05 20:23:52 - [MESSAGE][PASSED] - Navigate to 'https://d16a4dsnr8a0k1.cloudfront.net/en/2455233.html?price=150.00%20%E2%82%AC&partName=wilsonPartName&vin=wilsonVin&modelCode=XP11&paint=P0A94&modelDescription=wilsonModelDescription&additionalEquipment=wilsonAdditionalEquipment' successfully

2018-03-05 20:23:52 - [MESSAGE][PASSED] - Object 'Object Repository/CuPaDl/Loading_indicator' is visible

2018-03-05 20:24:00 - [MESSAGE][PASSED] - Object 'Object Repository/CuPaDl/Loading_indicator' is NOT visible

2018-03-05 20:24:01 - [MESSAGE][PASSED] - Delayed 1 second(s)

2018-03-05 20:24:01 - [MESSAGE][PASSED] - cupakeysDl.initStart.initialStart is PASSED

2018-03-05 20:24:01 - [TEST_STEP][PASSED] - Statement - (step++): null

2018-03-05 20:24:01 - [TEST_STEP][PASSED] - cupakeysDl.color.changecolor: cupakeysDl.color.changecolor is PASSED

2018-03-05 20:24:01 - [MESSAGE][PASSED] - Object 'Object Repository/CuPaDl/Color/Color' is visible

2018-03-05 20:24:01 - [MESSAGE][PASSED] - Object: 'Object Repository/CuPaDl/Color/Color' is clicked on

2018-03-05 20:24:02 - [MESSAGE][PASSED] - Delayed 1 second(s)

2018-03-05 20:24:02 - [MESSAGE][PASSED] - Object 'Object Repository/CuPaDl/Color/Color_lapisblue' is visible

2018-03-05 20:24:03 - [MESSAGE][PASSED] - Object: 'Object Repository/CuPaDl/Color/Color_lapisblue' is clicked on

2018-03-05 20:24:03 - [MESSAGE][WARNING] - Timeout '0' is invalid. Using default page load timeout: '30'

2018-03-05 20:24:03 - [MESSAGE][PASSED] - Object 'Object Repository/CuPaDl/Color/Color_lapisblue' is visible

2018-03-05 20:24:04 - [MESSAGE][PASSED] - Delayed 1 second(s)

2018-03-05 20:24:04 - [MESSAGE][PASSED] - Object: 'Object Repository/CuPaDl/Color/Color_lapisblue' is clicked on

2018-03-05 20:24:04 - [MESSAGE][PASSED] - Object 'Object Repository/CuPaDl/Loading_indicator' is visible

2018-03-05 20:24:06 - [MESSAGE][PASSED] - Object 'Object Repository/CuPaDl/Loading_indicator' is NOT visible

2018-03-05 20:24:07 - [MESSAGE][PASSED] - Delayed 1 second(s)

2018-03-05 20:24:07 - [MESSAGE][PASSED] - cupakeysDl.color.changecolor is PASSED

2018-03-05 20:24:07 - [TEST_STEP][PASSED] - Statement - (step++): null

2018-03-05 20:24:07 - [TEST_STEP][PASSED] - cupakeysDl.chngstruct.changestructure: cupakeysDl.chngstruct.changestructure is PASSED

2018-03-05 20:24:07 - [MESSAGE][PASSED] - Object: 'Object Repository/CuPaDl/Structure/Structure' is clicked on

2018-03-05 20:24:07 - [MESSAGE][WARNING] - Timeout '0' is invalid. Using default page load timeout: '30'

2018-03-05 20:24:07 - [MESSAGE][PASSED] - Object 'Object Repository/CuPaDl/Structure/Structure_Hahnentritt' is visible

2018-03-05 20:24:07 - [MESSAGE][PASSED] - Object 'Object Repository/CuPaDl/Structure/Structure_fadedotscircular' is visible

2018-03-05 20:24:07 - [MESSAGE][PASSED] - Object: 'Object Repository/CuPaDl/Structure/Structure_fadedotscircular' is clicked on

2018-03-05 20:24:08 - [MESSAGE][PASSED] - Object 'Object Repository/CuPaDl/Loading_indicator' is visible

2018-03-05 20:24:11 - [MESSAGE][PASSED] - Object 'Object Repository/CuPaDl/Loading_indicator' is NOT visible

2018-03-05 20:24:12 - [MESSAGE][PASSED] - Delayed 1 second(s)

2018-03-05 20:24:12 - [MESSAGE][PASSED] - cupakeysDl.chngstruct.changestructure is PASSED

2018-03-05 20:24:12 - [TEST_STEP][PASSED] - Statement - (step++): null

2018-03-05 20:24:12 - [TEST_STEP][PASSED] - cupakeysDl.sclstruct.scalestructure: cupakeysDl.sclstruct.scalestructure is PASSED

2018-03-05 20:24:15 - [MESSAGE][WARNING] - Object 'Object Repository/CuPaDl/Structure/Resize_Structure_bottomright' is not visible after 3 second(s)

2018-03-05 20:24:15 - [MESSAGE][PASSED] - Object: 'Object Repository/CuPaDl/Structure/Resize_Structure' is clicked on

2018-03-05 20:24:15 - [MESSAGE][WARNING] - Timeout '0' is invalid. Using default page load timeout: '30'

2018-03-05 20:24:15 - [MESSAGE][PASSED] - Object 'Object Repository/CuPaDl/Structure/Resize_Structure_bottomright' is visible

2018-03-05 20:24:16 - [MESSAGE][PASSED] - Delayed 1 second(s)

2018-03-05 20:24:16 - [MESSAGE][PASSED] - Current viewport's left (x) position is 0

2018-03-05 20:24:16 - [MESSAGE][PASSED] - Current viewport's top (y) position is 54

2018-03-05 20:24:16 - [MESSAGE][PASSED] - Dragged object with id 'Object Repository/CuPaDl/Structure/Resize_Structure_bottomright' by offset distance x = -225 and y = -171 successfully

2018-03-05 20:24:16 - [MESSAGE][PASSED] - Object 'Object Repository/CuPaDl/Loading_indicator' is visible

2018-03-05 20:24:19 - [MESSAGE][PASSED] - Object 'Object Repository/CuPaDl/Loading_indicator' is NOT visible

2018-03-05 20:24:20 - [MESSAGE][PASSED] - Delayed 1 second(s)

2018-03-05 20:24:20 - [MESSAGE][PASSED] - cupakeysDl.sclstruct.scalestructure is PASSED

2018-03-05 20:24:20 - [TEST_STEP][PASSED] - Statement - (step++): null

2018-03-05 20:24:20 - [TEST_STEP][PASSED] - Statement - iconmap += CustomKeywords.cupakeysDl.iconad.iconadd("longboard", LoadTimeCorrector, step, run, device, timeStamp, iconcount): cupakeysDl.iconad.iconadd is PASSED

2018-03-05 20:24:20 - [MESSAGE][PASSED] - Object: 'Object Repository/CuPaDl/Icons/Icon' is clicked on

2018-03-05 20:24:20 - [MESSAGE][PASSED] - Object 'Object Repository/CuPaDl/Icons/Icon_longboard' is visible

2018-03-05 20:24:20 - [MESSAGE][PASSED] - Object: 'Object Repository/CuPaDl/Icons/Icon_longboard' is clicked on

2018-03-05 20:24:21 - [MESSAGE][PASSED] - Delayed 1 second(s)

2018-03-05 20:24:21 - [MESSAGE][PASSED] - Object: 'Object Repository/CuPaDl/Icons/Icon_longboard' is clicked on

2018-03-05 20:24:21 - [MESSAGE][PASSED] - Object 'Object Repository/CuPaDl/Loading_indicator' is visible

2018-03-05 20:24:30 - [MESSAGE][PASSED] - Object 'Object Repository/CuPaDl/Loading_indicator' is NOT visible

2018-03-05 20:24:30 - [MESSAGE][WARNING] - Timeout '0' is invalid. Using default page load timeout: '30'

2018-03-05 20:24:31 - [MESSAGE][PASSED] - Width of element 'Object Repository/CuPaDl/Icons/Reposition_icon' is '40'

2018-03-05 20:24:31 - [MESSAGE][PASSED] - Height of element 'Object Repository/CuPaDl/Icons/Reposition_icon' is '40'.

2018-03-05 20:24:32 - [MESSAGE][PASSED] - Delayed 1 second(s)

2018-03-05 20:24:32 - [MESSAGE][PASSED] - cupakeysDl.iconad.iconadd is PASSED

2018-03-05 20:24:32 - [TEST_STEP][PASSED] - Statement - (step++): null

2018-03-05 20:24:32 - [TEST_STEP][PASSED] - Statement - (iconcount++): null

2018-03-05 20:24:32 - [TEST_STEP][PASSED] - cupakeysDl.iconres.iconresize: cupakeysDl.iconres.iconresize is PASSED

2018-03-05 20:24:32 - [MESSAGE][PASSED] - Object 'Object Repository/CuPaDl/Icons/Reposition_icon' is visible

2018-03-05 20:24:32 - [MESSAGE][PASSED] - Current viewport's left (x) position is 0

2018-03-05 20:24:32 - [MESSAGE][PASSED] - Current viewport's top (y) position is 54

2018-03-05 20:24:32 - [MESSAGE][PASSED] - Dragged object with id 'Object Repository/CuPaDl/Icons/Resize_icon_bottomright' by offset distance x = -125 and y = -71 successfully

2018-03-05 20:24:33 - [MESSAGE][PASSED] - Object 'Object Repository/CuPaDl/Loading_indicator' is visible

2018-03-05 20:24:39 - [MESSAGE][PASSED] - Object 'Object Repository/CuPaDl/Loading_indicator' is NOT visible

2018-03-05 20:24:40 - [MESSAGE][PASSED] - Delayed 1 second(s)

2018-03-05 20:24:40 - [MESSAGE][PASSED] - cupakeysDl.iconres.iconresize is PASSED

2018-03-05 20:24:40 - [TEST_STEP][PASSED] - Statement - (step++): null

2018-03-05 20:24:40 - [TEST_STEP][PASSED] - cupakeysDl.slink.svlink: cupakeysDl.slink.svlink is PASSED

2018-03-05 20:24:40 - [MESSAGE][PASSED] - Scroll to object 'Object Repository/CuPaDl/Save/Save' successfully

2018-03-05 20:24:40 - [MESSAGE][PASSED] - Object: 'Object Repository/CuPaDl/Save/Save' is clicked on

2018-03-05 20:24:40 - [MESSAGE][WARNING] - Timeout '0' is invalid. Using default page load timeout: '30'

2018-03-05 20:24:42 - [MESSAGE][PASSED] - Object 'Object Repository/CuPaDl/Save/CopyLink' is visible

2018-03-05 20:24:42 - [MESSAGE][PASSED] - Object: 'Object Repository/CuPaDl/Save/CopyLink' is clicked on

2018-03-05 20:24:43 - [MESSAGE][PASSED] - Delayed 1 second(s)

2018-03-05 20:24:43 - [MESSAGE][PASSED] - Object: 'Object Repository/CuPaDl/Save/Close' is clicked on

2018-03-05 20:24:44 - [MESSAGE][PASSED] - Delayed 1 second(s)

2018-03-05 20:24:44 - [MESSAGE][PASSED] - cupakeysDl.slink.svlink is PASSED

2018-03-05 20:24:44 - [TEST_STEP][PASSED] - cupakeysDl.endsession.finishsession: cupakeysDl.endsession.finishsession is PASSED

2018-03-05 20:24:47 - [MESSAGE][PASSED] - Delayed 3 second(s)

2018-03-05 20:24:47 - [MESSAGE][PASSED] - Browser is closed

2018-03-05 20:24:47 - [MESSAGE][PASSED] - cupakeysDl.endsession.finishsession is PASSED]]></system-out>
         <system-err><![CDATA[]]></system-err>
      </testcase>
      <testcase name="Test Cases/CuPaStefanie/22" classname="Test Cases/CuPaStefanie/22" status="PASSED">
         <system-out><![CDATA[2018-03-05 20:24:47 - [TEST_CASE][PASSED] - Test Cases/CuPaStefanie/22: Test Cases/CuPaStefanie/22

2018-03-05 20:24:47 - [TEST_STEP][PASSED] - Statement - timeStamp = new java.text.SimpleDateFormat(dd.MM.yyyy).format(java.util.Calendar.getInstance().getTime()): null

2018-03-05 20:24:47 - [TEST_STEP][PASSED] - Statement - timeStampScreenshot = new java.text.SimpleDateFormat(dd.MM.yyyy).format(java.util.Calendar.getInstance().getTime()): null

2018-03-05 20:24:47 - [TEST_STEP][PASSED] - Statement - iconmap = [:]: null

2018-03-05 20:24:47 - [TEST_STEP][PASSED] - Statement - txtmap = [:]: null

2018-03-05 20:24:47 - [TEST_STEP][PASSED] - Statement - signmap = [:]: null

2018-03-05 20:24:47 - [TEST_STEP][PASSED] - cupakeysDl.initStart.initialStart: cupakeysDl.initStart.initialStart is PASSED

2018-03-05 20:24:49 - [MESSAGE][PASSED] - Browser is opened with url: ''

2018-03-05 20:24:52 - [MESSAGE][PASSED] - Delayed 3 second(s)

2018-03-05 20:24:54 - [MESSAGE][PASSED] - Navigate to 'https://d16a4dsnr8a0k1.cloudfront.net/en/2455233.html?price=150.00%20%E2%82%AC&partName=wilsonPartName&vin=wilsonVin&modelCode=XP11&paint=P0A94&modelDescription=wilsonModelDescription&additionalEquipment=wilsonAdditionalEquipment' successfully

2018-03-05 20:24:54 - [MESSAGE][PASSED] - Object 'Object Repository/CuPaDl/Loading_indicator' is visible

2018-03-05 20:25:02 - [MESSAGE][PASSED] - Object 'Object Repository/CuPaDl/Loading_indicator' is NOT visible

2018-03-05 20:25:03 - [MESSAGE][PASSED] - Delayed 1 second(s)

2018-03-05 20:25:03 - [MESSAGE][PASSED] - cupakeysDl.initStart.initialStart is PASSED

2018-03-05 20:25:03 - [TEST_STEP][PASSED] - Statement - (step++): null

2018-03-05 20:25:03 - [TEST_STEP][PASSED] - cupakeysDl.color.changecolor: cupakeysDl.color.changecolor is PASSED

2018-03-05 20:25:03 - [MESSAGE][PASSED] - Object 'Object Repository/CuPaDl/Color/Color' is visible

2018-03-05 20:25:03 - [MESSAGE][PASSED] - Object: 'Object Repository/CuPaDl/Color/Color' is clicked on

2018-03-05 20:25:04 - [MESSAGE][PASSED] - Delayed 1 second(s)

2018-03-05 20:25:04 - [MESSAGE][PASSED] - Object 'Object Repository/CuPaDl/Color/Color_lapisblue' is visible

2018-03-05 20:25:04 - [MESSAGE][PASSED] - Object: 'Object Repository/CuPaDl/Color/Color_lapisblue' is clicked on

2018-03-05 20:25:04 - [MESSAGE][WARNING] - Timeout '0' is invalid. Using default page load timeout: '30'

2018-03-05 20:25:04 - [MESSAGE][PASSED] - Object 'Object Repository/CuPaDl/Color/Color_lapisblue' is visible

2018-03-05 20:25:05 - [MESSAGE][PASSED] - Delayed 1 second(s)

2018-03-05 20:25:05 - [MESSAGE][PASSED] - Object: 'Object Repository/CuPaDl/Color/Color_lapisblue' is clicked on

2018-03-05 20:25:05 - [MESSAGE][PASSED] - Object 'Object Repository/CuPaDl/Loading_indicator' is visible

2018-03-05 20:25:08 - [MESSAGE][PASSED] - Object 'Object Repository/CuPaDl/Loading_indicator' is NOT visible

2018-03-05 20:25:09 - [MESSAGE][PASSED] - Delayed 1 second(s)

2018-03-05 20:25:09 - [MESSAGE][PASSED] - cupakeysDl.color.changecolor is PASSED

2018-03-05 20:25:09 - [TEST_STEP][PASSED] - Statement - (step++): null

2018-03-05 20:25:09 - [TEST_STEP][PASSED] - cupakeysDl.chngstruct.changestructure: cupakeysDl.chngstruct.changestructure is PASSED

2018-03-05 20:25:09 - [MESSAGE][PASSED] - Object: 'Object Repository/CuPaDl/Structure/Structure' is clicked on

2018-03-05 20:25:09 - [MESSAGE][WARNING] - Timeout '0' is invalid. Using default page load timeout: '30'

2018-03-05 20:25:09 - [MESSAGE][PASSED] - Object 'Object Repository/CuPaDl/Structure/Structure_Hahnentritt' is visible

2018-03-05 20:25:09 - [MESSAGE][PASSED] - Object 'Object Repository/CuPaDl/Structure/Structure_fadedotscircular' is visible

2018-03-05 20:25:09 - [MESSAGE][PASSED] - Object: 'Object Repository/CuPaDl/Structure/Structure_fadedotscircular' is clicked on

2018-03-05 20:25:10 - [MESSAGE][PASSED] - Object 'Object Repository/CuPaDl/Loading_indicator' is visible

2018-03-05 20:25:12 - [MESSAGE][PASSED] - Object 'Object Repository/CuPaDl/Loading_indicator' is NOT visible

2018-03-05 20:25:13 - [MESSAGE][PASSED] - Delayed 1 second(s)

2018-03-05 20:25:13 - [MESSAGE][PASSED] - cupakeysDl.chngstruct.changestructure is PASSED

2018-03-05 20:25:13 - [TEST_STEP][PASSED] - Statement - (step++): null

2018-03-05 20:25:13 - [TEST_STEP][PASSED] - cupakeysDl.sclstruct.scalestructure: cupakeysDl.sclstruct.scalestructure is PASSED

2018-03-05 20:25:17 - [MESSAGE][WARNING] - Object 'Object Repository/CuPaDl/Structure/Resize_Structure_bottomright' is not visible after 3 second(s)

2018-03-05 20:25:17 - [MESSAGE][PASSED] - Object: 'Object Repository/CuPaDl/Structure/Resize_Structure' is clicked on

2018-03-05 20:25:17 - [MESSAGE][WARNING] - Timeout '0' is invalid. Using default page load timeout: '30'

2018-03-05 20:25:17 - [MESSAGE][PASSED] - Object 'Object Repository/CuPaDl/Structure/Resize_Structure_bottomright' is visible

2018-03-05 20:25:18 - [MESSAGE][PASSED] - Delayed 1 second(s)

2018-03-05 20:25:18 - [MESSAGE][PASSED] - Current viewport's left (x) position is 0

2018-03-05 20:25:18 - [MESSAGE][PASSED] - Current viewport's top (y) position is 54

2018-03-05 20:25:18 - [MESSAGE][PASSED] - Dragged object with id 'Object Repository/CuPaDl/Structure/Resize_Structure_bottomright' by offset distance x = 225 and y = 279 successfully

2018-03-05 20:25:20 - [MESSAGE][PASSED] - Object 'Object Repository/CuPaDl/Loading_indicator' is visible

2018-03-05 20:25:21 - [MESSAGE][PASSED] - Object 'Object Repository/CuPaDl/Loading_indicator' is NOT visible

2018-03-05 20:25:22 - [MESSAGE][PASSED] - Delayed 1 second(s)

2018-03-05 20:25:22 - [MESSAGE][PASSED] - cupakeysDl.sclstruct.scalestructure is PASSED

2018-03-05 20:25:22 - [TEST_STEP][PASSED] - Statement - (step++): null

2018-03-05 20:25:22 - [TEST_STEP][PASSED] - Statement - iconmap += CustomKeywords.cupakeysDl.iconad.iconadd("longboard", LoadTimeCorrector, step, run, device, timeStamp, iconcount): cupakeysDl.iconad.iconadd is PASSED

2018-03-05 20:25:22 - [MESSAGE][PASSED] - Object: 'Object Repository/CuPaDl/Icons/Icon' is clicked on

2018-03-05 20:25:22 - [MESSAGE][PASSED] - Object 'Object Repository/CuPaDl/Icons/Icon_longboard' is visible

2018-03-05 20:25:22 - [MESSAGE][PASSED] - Object: 'Object Repository/CuPaDl/Icons/Icon_longboard' is clicked on

2018-03-05 20:25:23 - [MESSAGE][PASSED] - Delayed 1 second(s)

2018-03-05 20:25:23 - [MESSAGE][PASSED] - Object: 'Object Repository/CuPaDl/Icons/Icon_longboard' is clicked on

2018-03-05 20:25:23 - [MESSAGE][PASSED] - Object 'Object Repository/CuPaDl/Loading_indicator' is visible

2018-03-05 20:25:32 - [MESSAGE][PASSED] - Object 'Object Repository/CuPaDl/Loading_indicator' is NOT visible

2018-03-05 20:25:32 - [MESSAGE][WARNING] - Timeout '0' is invalid. Using default page load timeout: '30'

2018-03-05 20:25:32 - [MESSAGE][PASSED] - Width of element 'Object Repository/CuPaDl/Icons/Reposition_icon' is '40'

2018-03-05 20:25:32 - [MESSAGE][PASSED] - Height of element 'Object Repository/CuPaDl/Icons/Reposition_icon' is '40'.

2018-03-05 20:25:33 - [MESSAGE][PASSED] - Delayed 1 second(s)

2018-03-05 20:25:33 - [MESSAGE][PASSED] - cupakeysDl.iconad.iconadd is PASSED

2018-03-05 20:25:33 - [TEST_STEP][PASSED] - Statement - (step++): null

2018-03-05 20:25:33 - [TEST_STEP][PASSED] - Statement - (iconcount++): null

2018-03-05 20:25:33 - [TEST_STEP][PASSED] - cupakeysDl.iconres.iconresize: cupakeysDl.iconres.iconresize is PASSED

2018-03-05 20:25:33 - [MESSAGE][PASSED] - Object 'Object Repository/CuPaDl/Icons/Reposition_icon' is visible

2018-03-05 20:25:33 - [MESSAGE][PASSED] - Current viewport's left (x) position is 0

2018-03-05 20:25:33 - [MESSAGE][PASSED] - Current viewport's top (y) position is 54

2018-03-05 20:25:33 - [MESSAGE][PASSED] - Dragged object with id 'Object Repository/CuPaDl/Icons/Resize_icon_bottomright' by offset distance x = 125 and y = 179 successfully

2018-03-05 20:25:34 - [MESSAGE][PASSED] - Object 'Object Repository/CuPaDl/Loading_indicator' is visible

2018-03-05 20:25:39 - [MESSAGE][PASSED] - Object 'Object Repository/CuPaDl/Loading_indicator' is NOT visible

2018-03-05 20:25:40 - [MESSAGE][PASSED] - Delayed 1 second(s)

2018-03-05 20:25:40 - [MESSAGE][PASSED] - cupakeysDl.iconres.iconresize is PASSED

2018-03-05 20:25:40 - [TEST_STEP][PASSED] - Statement - (step++): null

2018-03-05 20:25:40 - [TEST_STEP][PASSED] - cupakeysDl.slink.svlink: cupakeysDl.slink.svlink is PASSED

2018-03-05 20:25:40 - [MESSAGE][PASSED] - Scroll to object 'Object Repository/CuPaDl/Save/Save' successfully

2018-03-05 20:25:41 - [MESSAGE][PASSED] - Object: 'Object Repository/CuPaDl/Save/Save' is clicked on

2018-03-05 20:25:41 - [MESSAGE][WARNING] - Timeout '0' is invalid. Using default page load timeout: '30'

2018-03-05 20:25:42 - [MESSAGE][PASSED] - Object 'Object Repository/CuPaDl/Save/CopyLink' is visible

2018-03-05 20:25:42 - [MESSAGE][PASSED] - Object: 'Object Repository/CuPaDl/Save/CopyLink' is clicked on

2018-03-05 20:25:43 - [MESSAGE][PASSED] - Delayed 1 second(s)

2018-03-05 20:25:43 - [MESSAGE][PASSED] - Object: 'Object Repository/CuPaDl/Save/Close' is clicked on

2018-03-05 20:25:44 - [MESSAGE][PASSED] - Delayed 1 second(s)

2018-03-05 20:25:44 - [MESSAGE][PASSED] - cupakeysDl.slink.svlink is PASSED

2018-03-05 20:25:44 - [TEST_STEP][PASSED] - cupakeysDl.endsession.finishsession: cupakeysDl.endsession.finishsession is PASSED

2018-03-05 20:25:47 - [MESSAGE][PASSED] - Delayed 3 second(s)

2018-03-05 20:25:48 - [MESSAGE][PASSED] - Browser is closed

2018-03-05 20:25:48 - [MESSAGE][PASSED] - cupakeysDl.endsession.finishsession is PASSED]]></system-out>
         <system-err><![CDATA[]]></system-err>
      </testcase>
      <testcase name="Test Cases/CuPaStefanie/23" classname="Test Cases/CuPaStefanie/23" status="PASSED">
         <system-out><![CDATA[2018-03-05 20:25:48 - [TEST_CASE][PASSED] - Test Cases/CuPaStefanie/23: Test Cases/CuPaStefanie/23

2018-03-05 20:25:48 - [TEST_STEP][PASSED] - Statement - timeStamp = new java.text.SimpleDateFormat(dd.MM.yyyy).format(java.util.Calendar.getInstance().getTime()): null

2018-03-05 20:25:48 - [TEST_STEP][PASSED] - Statement - timeStampScreenshot = new java.text.SimpleDateFormat(dd.MM.yyyy).format(java.util.Calendar.getInstance().getTime()): null

2018-03-05 20:25:48 - [TEST_STEP][PASSED] - Statement - iconmap = [:]: null

2018-03-05 20:25:48 - [TEST_STEP][PASSED] - Statement - txtmap = [:]: null

2018-03-05 20:25:48 - [TEST_STEP][PASSED] - Statement - signmap = [:]: null

2018-03-05 20:25:48 - [TEST_STEP][PASSED] - cupakeysDl.initStart.initialStart: cupakeysDl.initStart.initialStart is PASSED

2018-03-05 20:25:50 - [MESSAGE][PASSED] - Browser is opened with url: ''

2018-03-05 20:25:53 - [MESSAGE][PASSED] - Delayed 3 second(s)

2018-03-05 20:25:54 - [MESSAGE][PASSED] - Navigate to 'https://d16a4dsnr8a0k1.cloudfront.net/en/2455233.html?price=150.00%20%E2%82%AC&partName=wilsonPartName&vin=wilsonVin&modelCode=XP11&paint=P0A94&modelDescription=wilsonModelDescription&additionalEquipment=wilsonAdditionalEquipment' successfully

2018-03-05 20:25:54 - [MESSAGE][PASSED] - Object 'Object Repository/CuPaDl/Loading_indicator' is visible

2018-03-05 20:26:02 - [MESSAGE][PASSED] - Object 'Object Repository/CuPaDl/Loading_indicator' is NOT visible

2018-03-05 20:26:03 - [MESSAGE][PASSED] - Delayed 1 second(s)

2018-03-05 20:26:03 - [MESSAGE][PASSED] - cupakeysDl.initStart.initialStart is PASSED

2018-03-05 20:26:03 - [TEST_STEP][PASSED] - Statement - (step++): null

2018-03-05 20:26:03 - [TEST_STEP][PASSED] - cupakeysDl.color.changecolor: cupakeysDl.color.changecolor is PASSED

2018-03-05 20:26:03 - [MESSAGE][PASSED] - Object 'Object Repository/CuPaDl/Color/Color' is visible

2018-03-05 20:26:03 - [MESSAGE][PASSED] - Object: 'Object Repository/CuPaDl/Color/Color' is clicked on

2018-03-05 20:26:04 - [MESSAGE][PASSED] - Delayed 1 second(s)

2018-03-05 20:26:04 - [MESSAGE][PASSED] - Object 'Object Repository/CuPaDl/Color/Color_caribeanaqua' is visible

2018-03-05 20:26:04 - [MESSAGE][PASSED] - Object: 'Object Repository/CuPaDl/Color/Color_caribeanaqua' is clicked on

2018-03-05 20:26:04 - [MESSAGE][WARNING] - Timeout '0' is invalid. Using default page load timeout: '30'

2018-03-05 20:26:04 - [MESSAGE][PASSED] - Object 'Object Repository/CuPaDl/Color/Color_caribeanaqua' is visible

2018-03-05 20:26:05 - [MESSAGE][PASSED] - Delayed 1 second(s)

2018-03-05 20:26:05 - [MESSAGE][PASSED] - Object: 'Object Repository/CuPaDl/Color/Color_caribeanaqua' is clicked on

2018-03-05 20:26:08 - [MESSAGE][WARNING] - Object 'Object Repository/CuPaDl/Loading_indicator' is not visible after 3 second(s)

2018-03-05 20:26:09 - [MESSAGE][PASSED] - Delayed 1 second(s)

2018-03-05 20:26:09 - [MESSAGE][PASSED] - cupakeysDl.color.changecolor is PASSED

2018-03-05 20:26:09 - [TEST_STEP][PASSED] - Statement - (step++): null

2018-03-05 20:26:09 - [TEST_STEP][PASSED] - cupakeysDl.chngstruct.changestructure: cupakeysDl.chngstruct.changestructure is PASSED

2018-03-05 20:26:09 - [MESSAGE][PASSED] - Object: 'Object Repository/CuPaDl/Structure/Structure' is clicked on

2018-03-05 20:26:09 - [MESSAGE][WARNING] - Timeout '0' is invalid. Using default page load timeout: '30'

2018-03-05 20:26:09 - [MESSAGE][PASSED] - Object 'Object Repository/CuPaDl/Structure/Structure_Hahnentritt' is visible

2018-03-05 20:26:09 - [MESSAGE][PASSED] - Object 'Object Repository/CuPaDl/Structure/Structure_fadechessboard' is visible

2018-03-05 20:26:10 - [MESSAGE][PASSED] - Object: 'Object Repository/CuPaDl/Structure/Structure_fadechessboard' is clicked on

2018-03-05 20:26:11 - [MESSAGE][PASSED] - Object 'Object Repository/CuPaDl/Loading_indicator' is visible

2018-03-05 20:26:12 - [MESSAGE][PASSED] - Object 'Object Repository/CuPaDl/Loading_indicator' is NOT visible

2018-03-05 20:26:13 - [MESSAGE][PASSED] - Delayed 1 second(s)

2018-03-05 20:26:13 - [MESSAGE][PASSED] - cupakeysDl.chngstruct.changestructure is PASSED

2018-03-05 20:26:13 - [TEST_STEP][PASSED] - Statement - (step++): null

2018-03-05 20:26:13 - [TEST_STEP][PASSED] - cupakeysDl.sclstruct.scalestructure: cupakeysDl.sclstruct.scalestructure is PASSED

2018-03-05 20:26:16 - [MESSAGE][WARNING] - Object 'Object Repository/CuPaDl/Structure/Resize_Structure_bottomright' is not visible after 3 second(s)

2018-03-05 20:26:16 - [MESSAGE][PASSED] - Object: 'Object Repository/CuPaDl/Structure/Resize_Structure' is clicked on

2018-03-05 20:26:16 - [MESSAGE][WARNING] - Timeout '0' is invalid. Using default page load timeout: '30'

2018-03-05 20:26:16 - [MESSAGE][PASSED] - Object 'Object Repository/CuPaDl/Structure/Resize_Structure_bottomright' is visible

2018-03-05 20:26:17 - [MESSAGE][PASSED] - Delayed 1 second(s)

2018-03-05 20:26:17 - [MESSAGE][PASSED] - Current viewport's left (x) position is 0

2018-03-05 20:26:17 - [MESSAGE][PASSED] - Current viewport's top (y) position is 54

2018-03-05 20:26:17 - [MESSAGE][PASSED] - Dragged object with id 'Object Repository/CuPaDl/Structure/Resize_Structure_bottomright' by offset distance x = -225 and y = -171 successfully

2018-03-05 20:26:19 - [MESSAGE][PASSED] - Object 'Object Repository/CuPaDl/Loading_indicator' is visible

2018-03-05 20:26:20 - [MESSAGE][PASSED] - Object 'Object Repository/CuPaDl/Loading_indicator' is NOT visible

2018-03-05 20:26:21 - [MESSAGE][PASSED] - Delayed 1 second(s)

2018-03-05 20:26:21 - [MESSAGE][PASSED] - cupakeysDl.sclstruct.scalestructure is PASSED

2018-03-05 20:26:21 - [TEST_STEP][PASSED] - Statement - (step++): null

2018-03-05 20:26:21 - [TEST_STEP][PASSED] - Statement - iconmap += CustomKeywords.cupakeysDl.iconad.iconadd("surf", LoadTimeCorrector, step, run, device, timeStamp, iconcount): cupakeysDl.iconad.iconadd is PASSED

2018-03-05 20:26:21 - [MESSAGE][PASSED] - Object: 'Object Repository/CuPaDl/Icons/Icon' is clicked on

2018-03-05 20:26:21 - [MESSAGE][PASSED] - Object 'Object Repository/CuPaDl/Icons/Icon_surf' is visible

2018-03-05 20:26:21 - [MESSAGE][PASSED] - Object: 'Object Repository/CuPaDl/Icons/Icon_surf' is clicked on

2018-03-05 20:26:22 - [MESSAGE][PASSED] - Delayed 1 second(s)

2018-03-05 20:26:23 - [MESSAGE][PASSED] - Object: 'Object Repository/CuPaDl/Icons/Icon_surf' is clicked on

2018-03-05 20:26:23 - [MESSAGE][PASSED] - Object 'Object Repository/CuPaDl/Loading_indicator' is visible

2018-03-05 20:26:26 - [MESSAGE][PASSED] - Object 'Object Repository/CuPaDl/Loading_indicator' is NOT visible

2018-03-05 20:26:26 - [MESSAGE][WARNING] - Timeout '0' is invalid. Using default page load timeout: '30'

2018-03-05 20:26:26 - [MESSAGE][PASSED] - Width of element 'Object Repository/CuPaDl/Icons/Reposition_icon' is '40'

2018-03-05 20:26:26 - [MESSAGE][PASSED] - Height of element 'Object Repository/CuPaDl/Icons/Reposition_icon' is '40'.

2018-03-05 20:26:27 - [MESSAGE][PASSED] - Delayed 1 second(s)

2018-03-05 20:26:27 - [MESSAGE][PASSED] - cupakeysDl.iconad.iconadd is PASSED

2018-03-05 20:26:27 - [TEST_STEP][PASSED] - Statement - (step++): null

2018-03-05 20:26:27 - [TEST_STEP][PASSED] - Statement - (iconcount++): null

2018-03-05 20:26:27 - [TEST_STEP][PASSED] - cupakeysDl.iconres.iconresize: cupakeysDl.iconres.iconresize is PASSED

2018-03-05 20:26:27 - [MESSAGE][PASSED] - Object 'Object Repository/CuPaDl/Icons/Reposition_icon' is visible

2018-03-05 20:26:27 - [MESSAGE][PASSED] - Current viewport's left (x) position is 0

2018-03-05 20:26:27 - [MESSAGE][PASSED] - Current viewport's top (y) position is 54

2018-03-05 20:26:27 - [MESSAGE][PASSED] - Dragged object with id 'Object Repository/CuPaDl/Icons/Resize_icon_bottomright' by offset distance x = -125 and y = -71 successfully

2018-03-05 20:26:28 - [MESSAGE][PASSED] - Object 'Object Repository/CuPaDl/Loading_indicator' is visible

2018-03-05 20:26:30 - [MESSAGE][PASSED] - Object 'Object Repository/CuPaDl/Loading_indicator' is NOT visible

2018-03-05 20:26:31 - [MESSAGE][PASSED] - Delayed 1 second(s)

2018-03-05 20:26:31 - [MESSAGE][PASSED] - cupakeysDl.iconres.iconresize is PASSED

2018-03-05 20:26:31 - [TEST_STEP][PASSED] - Statement - (step++): null

2018-03-05 20:26:31 - [TEST_STEP][PASSED] - cupakeysDl.slink.svlink: cupakeysDl.slink.svlink is PASSED

2018-03-05 20:26:31 - [MESSAGE][PASSED] - Scroll to object 'Object Repository/CuPaDl/Save/Save' successfully

2018-03-05 20:26:32 - [MESSAGE][PASSED] - Object: 'Object Repository/CuPaDl/Save/Save' is clicked on

2018-03-05 20:26:32 - [MESSAGE][WARNING] - Timeout '0' is invalid. Using default page load timeout: '30'

2018-03-05 20:26:33 - [MESSAGE][PASSED] - Object 'Object Repository/CuPaDl/Save/CopyLink' is visible

2018-03-05 20:26:33 - [MESSAGE][PASSED] - Object: 'Object Repository/CuPaDl/Save/CopyLink' is clicked on

2018-03-05 20:26:34 - [MESSAGE][PASSED] - Delayed 1 second(s)

2018-03-05 20:26:34 - [MESSAGE][PASSED] - Object: 'Object Repository/CuPaDl/Save/Close' is clicked on

2018-03-05 20:26:35 - [MESSAGE][PASSED] - Delayed 1 second(s)

2018-03-05 20:26:35 - [MESSAGE][PASSED] - cupakeysDl.slink.svlink is PASSED

2018-03-05 20:26:35 - [TEST_STEP][PASSED] - cupakeysDl.endsession.finishsession: cupakeysDl.endsession.finishsession is PASSED

2018-03-05 20:26:38 - [MESSAGE][PASSED] - Delayed 3 second(s)

2018-03-05 20:26:38 - [MESSAGE][PASSED] - Browser is closed

2018-03-05 20:26:38 - [MESSAGE][PASSED] - cupakeysDl.endsession.finishsession is PASSED]]></system-out>
         <system-err><![CDATA[]]></system-err>
      </testcase>
      <testcase name="Test Cases/CuPaStefanie/24" classname="Test Cases/CuPaStefanie/24" status="PASSED">
         <system-out><![CDATA[2018-03-05 20:26:38 - [TEST_CASE][PASSED] - Test Cases/CuPaStefanie/24: Test Cases/CuPaStefanie/24

2018-03-05 20:26:38 - [TEST_STEP][PASSED] - Statement - timeStamp = new java.text.SimpleDateFormat(dd.MM.yyyy).format(java.util.Calendar.getInstance().getTime()): null

2018-03-05 20:26:38 - [TEST_STEP][PASSED] - Statement - timeStampScreenshot = new java.text.SimpleDateFormat(dd.MM.yyyy).format(java.util.Calendar.getInstance().getTime()): null

2018-03-05 20:26:38 - [TEST_STEP][PASSED] - Statement - iconmap = [:]: null

2018-03-05 20:26:38 - [TEST_STEP][PASSED] - Statement - txtmap = [:]: null

2018-03-05 20:26:38 - [TEST_STEP][PASSED] - Statement - signmap = [:]: null

2018-03-05 20:26:38 - [TEST_STEP][PASSED] - cupakeysDl.initStart.initialStart: cupakeysDl.initStart.initialStart is PASSED

2018-03-05 20:26:40 - [MESSAGE][PASSED] - Browser is opened with url: ''

2018-03-05 20:26:43 - [MESSAGE][PASSED] - Delayed 3 second(s)

2018-03-05 20:26:45 - [MESSAGE][PASSED] - Navigate to 'https://d16a4dsnr8a0k1.cloudfront.net/en/2455233.html?price=150.00%20%E2%82%AC&partName=wilsonPartName&vin=wilsonVin&modelCode=XP11&paint=P0A94&modelDescription=wilsonModelDescription&additionalEquipment=wilsonAdditionalEquipment' successfully

2018-03-05 20:26:45 - [MESSAGE][PASSED] - Object 'Object Repository/CuPaDl/Loading_indicator' is visible

2018-03-05 20:26:53 - [MESSAGE][PASSED] - Object 'Object Repository/CuPaDl/Loading_indicator' is NOT visible

2018-03-05 20:26:54 - [MESSAGE][PASSED] - Delayed 1 second(s)

2018-03-05 20:26:54 - [MESSAGE][PASSED] - cupakeysDl.initStart.initialStart is PASSED

2018-03-05 20:26:54 - [TEST_STEP][PASSED] - Statement - (step++): null

2018-03-05 20:26:54 - [TEST_STEP][PASSED] - cupakeysDl.color.changecolor: cupakeysDl.color.changecolor is PASSED

2018-03-05 20:26:54 - [MESSAGE][PASSED] - Object 'Object Repository/CuPaDl/Color/Color' is visible

2018-03-05 20:26:54 - [MESSAGE][PASSED] - Object: 'Object Repository/CuPaDl/Color/Color' is clicked on

2018-03-05 20:26:55 - [MESSAGE][PASSED] - Delayed 1 second(s)

2018-03-05 20:26:55 - [MESSAGE][PASSED] - Object 'Object Repository/CuPaDl/Color/Color_caribeanaqua' is visible

2018-03-05 20:26:55 - [MESSAGE][PASSED] - Object: 'Object Repository/CuPaDl/Color/Color_caribeanaqua' is clicked on

2018-03-05 20:26:55 - [MESSAGE][WARNING] - Timeout '0' is invalid. Using default page load timeout: '30'

2018-03-05 20:26:55 - [MESSAGE][PASSED] - Object 'Object Repository/CuPaDl/Color/Color_caribeanaqua' is visible

2018-03-05 20:26:56 - [MESSAGE][PASSED] - Delayed 1 second(s)

2018-03-05 20:26:57 - [MESSAGE][PASSED] - Object: 'Object Repository/CuPaDl/Color/Color_caribeanaqua' is clicked on

2018-03-05 20:26:57 - [MESSAGE][PASSED] - Object 'Object Repository/CuPaDl/Loading_indicator' is visible

2018-03-05 20:26:59 - [MESSAGE][PASSED] - Object 'Object Repository/CuPaDl/Loading_indicator' is NOT visible

2018-03-05 20:27:00 - [MESSAGE][PASSED] - Delayed 1 second(s)

2018-03-05 20:27:00 - [MESSAGE][PASSED] - cupakeysDl.color.changecolor is PASSED

2018-03-05 20:27:00 - [TEST_STEP][PASSED] - Statement - (step++): null

2018-03-05 20:27:00 - [TEST_STEP][PASSED] - cupakeysDl.chngstruct.changestructure: cupakeysDl.chngstruct.changestructure is PASSED

2018-03-05 20:27:00 - [MESSAGE][PASSED] - Object: 'Object Repository/CuPaDl/Structure/Structure' is clicked on

2018-03-05 20:27:00 - [MESSAGE][WARNING] - Timeout '0' is invalid. Using default page load timeout: '30'

2018-03-05 20:27:00 - [MESSAGE][PASSED] - Object 'Object Repository/CuPaDl/Structure/Structure_Hahnentritt' is visible

2018-03-05 20:27:00 - [MESSAGE][PASSED] - Object 'Object Repository/CuPaDl/Structure/Structure_fadechessboard' is visible

2018-03-05 20:27:00 - [MESSAGE][PASSED] - Object: 'Object Repository/CuPaDl/Structure/Structure_fadechessboard' is clicked on

2018-03-05 20:27:02 - [MESSAGE][PASSED] - Object 'Object Repository/CuPaDl/Loading_indicator' is visible

2018-03-05 20:27:03 - [MESSAGE][PASSED] - Object 'Object Repository/CuPaDl/Loading_indicator' is NOT visible

2018-03-05 20:27:04 - [MESSAGE][PASSED] - Delayed 1 second(s)

2018-03-05 20:27:04 - [MESSAGE][PASSED] - cupakeysDl.chngstruct.changestructure is PASSED

2018-03-05 20:27:04 - [TEST_STEP][PASSED] - Statement - (step++): null

2018-03-05 20:27:04 - [TEST_STEP][PASSED] - cupakeysDl.sclstruct.scalestructure: cupakeysDl.sclstruct.scalestructure is PASSED

2018-03-05 20:27:07 - [MESSAGE][WARNING] - Object 'Object Repository/CuPaDl/Structure/Resize_Structure_bottomright' is not visible after 3 second(s)

2018-03-05 20:27:07 - [MESSAGE][PASSED] - Object: 'Object Repository/CuPaDl/Structure/Resize_Structure' is clicked on

2018-03-05 20:27:07 - [MESSAGE][WARNING] - Timeout '0' is invalid. Using default page load timeout: '30'

2018-03-05 20:27:07 - [MESSAGE][PASSED] - Object 'Object Repository/CuPaDl/Structure/Resize_Structure_bottomright' is visible

2018-03-05 20:27:08 - [MESSAGE][PASSED] - Delayed 1 second(s)

2018-03-05 20:27:08 - [MESSAGE][PASSED] - Current viewport's left (x) position is 0

2018-03-05 20:27:08 - [MESSAGE][PASSED] - Current viewport's top (y) position is 54

2018-03-05 20:27:08 - [MESSAGE][PASSED] - Dragged object with id 'Object Repository/CuPaDl/Structure/Resize_Structure_bottomright' by offset distance x = 225 and y = 279 successfully

2018-03-05 20:27:09 - [MESSAGE][PASSED] - Object 'Object Repository/CuPaDl/Loading_indicator' is visible

2018-03-05 20:27:10 - [MESSAGE][PASSED] - Object 'Object Repository/CuPaDl/Loading_indicator' is NOT visible

2018-03-05 20:27:11 - [MESSAGE][PASSED] - Delayed 1 second(s)

2018-03-05 20:27:11 - [MESSAGE][PASSED] - cupakeysDl.sclstruct.scalestructure is PASSED

2018-03-05 20:27:11 - [TEST_STEP][PASSED] - Statement - (step++): null

2018-03-05 20:27:11 - [TEST_STEP][PASSED] - Statement - iconmap += CustomKeywords.cupakeysDl.iconad.iconadd("surf", LoadTimeCorrector, step, run, device, timeStamp, iconcount): cupakeysDl.iconad.iconadd is PASSED

2018-03-05 20:27:11 - [MESSAGE][PASSED] - Object: 'Object Repository/CuPaDl/Icons/Icon' is clicked on

2018-03-05 20:27:11 - [MESSAGE][PASSED] - Object 'Object Repository/CuPaDl/Icons/Icon_surf' is visible

2018-03-05 20:27:11 - [MESSAGE][PASSED] - Object: 'Object Repository/CuPaDl/Icons/Icon_surf' is clicked on

2018-03-05 20:27:12 - [MESSAGE][PASSED] - Delayed 1 second(s)

2018-03-05 20:27:13 - [MESSAGE][PASSED] - Object: 'Object Repository/CuPaDl/Icons/Icon_surf' is clicked on

2018-03-05 20:27:13 - [MESSAGE][PASSED] - Object 'Object Repository/CuPaDl/Loading_indicator' is visible

2018-03-05 20:27:17 - [MESSAGE][PASSED] - Object 'Object Repository/CuPaDl/Loading_indicator' is NOT visible

2018-03-05 20:27:17 - [MESSAGE][WARNING] - Timeout '0' is invalid. Using default page load timeout: '30'

2018-03-05 20:27:17 - [MESSAGE][PASSED] - Width of element 'Object Repository/CuPaDl/Icons/Reposition_icon' is '40'

2018-03-05 20:27:17 - [MESSAGE][PASSED] - Height of element 'Object Repository/CuPaDl/Icons/Reposition_icon' is '40'.

2018-03-05 20:27:18 - [MESSAGE][PASSED] - Delayed 1 second(s)

2018-03-05 20:27:18 - [MESSAGE][PASSED] - cupakeysDl.iconad.iconadd is PASSED

2018-03-05 20:27:18 - [TEST_STEP][PASSED] - Statement - (step++): null

2018-03-05 20:27:18 - [TEST_STEP][PASSED] - Statement - (iconcount++): null

2018-03-05 20:27:18 - [TEST_STEP][PASSED] - cupakeysDl.iconres.iconresize: cupakeysDl.iconres.iconresize is PASSED

2018-03-05 20:27:18 - [MESSAGE][PASSED] - Object 'Object Repository/CuPaDl/Icons/Reposition_icon' is visible

2018-03-05 20:27:18 - [MESSAGE][PASSED] - Current viewport's left (x) position is 0

2018-03-05 20:27:18 - [MESSAGE][PASSED] - Current viewport's top (y) position is 54

2018-03-05 20:27:18 - [MESSAGE][PASSED] - Dragged object with id 'Object Repository/CuPaDl/Icons/Resize_icon_bottomright' by offset distance x = 125 and y = 179 successfully

2018-03-05 20:27:19 - [MESSAGE][PASSED] - Object 'Object Repository/CuPaDl/Loading_indicator' is visible

2018-03-05 20:27:20 - [MESSAGE][PASSED] - Object 'Object Repository/CuPaDl/Loading_indicator' is NOT visible

2018-03-05 20:27:21 - [MESSAGE][PASSED] - Delayed 1 second(s)

2018-03-05 20:27:21 - [MESSAGE][PASSED] - cupakeysDl.iconres.iconresize is PASSED

2018-03-05 20:27:21 - [TEST_STEP][PASSED] - Statement - (step++): null

2018-03-05 20:27:21 - [TEST_STEP][PASSED] - cupakeysDl.slink.svlink: cupakeysDl.slink.svlink is PASSED

2018-03-05 20:27:22 - [MESSAGE][PASSED] - Scroll to object 'Object Repository/CuPaDl/Save/Save' successfully

2018-03-05 20:27:22 - [MESSAGE][PASSED] - Object: 'Object Repository/CuPaDl/Save/Save' is clicked on

2018-03-05 20:27:22 - [MESSAGE][WARNING] - Timeout '0' is invalid. Using default page load timeout: '30'

2018-03-05 20:27:23 - [MESSAGE][PASSED] - Object 'Object Repository/CuPaDl/Save/CopyLink' is visible

2018-03-05 20:27:23 - [MESSAGE][PASSED] - Object: 'Object Repository/CuPaDl/Save/CopyLink' is clicked on

2018-03-05 20:27:24 - [MESSAGE][PASSED] - Delayed 1 second(s)

2018-03-05 20:27:25 - [MESSAGE][PASSED] - Object: 'Object Repository/CuPaDl/Save/Close' is clicked on

2018-03-05 20:27:26 - [MESSAGE][PASSED] - Delayed 1 second(s)

2018-03-05 20:27:26 - [MESSAGE][PASSED] - cupakeysDl.slink.svlink is PASSED

2018-03-05 20:27:26 - [TEST_STEP][PASSED] - cupakeysDl.endsession.finishsession: cupakeysDl.endsession.finishsession is PASSED

2018-03-05 20:27:29 - [MESSAGE][PASSED] - Delayed 3 second(s)

2018-03-05 20:27:29 - [MESSAGE][PASSED] - Browser is closed

2018-03-05 20:27:29 - [MESSAGE][PASSED] - cupakeysDl.endsession.finishsession is PASSED]]></system-out>
         <system-err><![CDATA[]]></system-err>
      </testcase>
      <testcase name="Test Cases/CuPaStefanie/25" classname="Test Cases/CuPaStefanie/25" status="PASSED">
         <system-out><![CDATA[2018-03-05 20:27:29 - [TEST_CASE][PASSED] - Test Cases/CuPaStefanie/25: Test Cases/CuPaStefanie/25

2018-03-05 20:27:29 - [TEST_STEP][PASSED] - Statement - timeStamp = new java.text.SimpleDateFormat(dd.MM.yyyy).format(java.util.Calendar.getInstance().getTime()): null

2018-03-05 20:27:29 - [TEST_STEP][PASSED] - Statement - timeStampScreenshot = new java.text.SimpleDateFormat(dd.MM.yyyy).format(java.util.Calendar.getInstance().getTime()): null

2018-03-05 20:27:29 - [TEST_STEP][PASSED] - Statement - iconmap = [:]: null

2018-03-05 20:27:29 - [TEST_STEP][PASSED] - Statement - txtmap = [:]: null

2018-03-05 20:27:29 - [TEST_STEP][PASSED] - Statement - signmap = [:]: null

2018-03-05 20:27:29 - [TEST_STEP][PASSED] - cupakeysDl.initStart.initialStart: cupakeysDl.initStart.initialStart is PASSED

2018-03-05 20:27:31 - [MESSAGE][PASSED] - Browser is opened with url: ''

2018-03-05 20:27:34 - [MESSAGE][PASSED] - Delayed 3 second(s)

2018-03-05 20:27:38 - [MESSAGE][PASSED] - Navigate to 'https://d16a4dsnr8a0k1.cloudfront.net/en/2455233.html?price=150.00%20%E2%82%AC&partName=wilsonPartName&vin=wilsonVin&modelCode=XP11&paint=P0A94&modelDescription=wilsonModelDescription&additionalEquipment=wilsonAdditionalEquipment' successfully

2018-03-05 20:27:38 - [MESSAGE][PASSED] - Object 'Object Repository/CuPaDl/Loading_indicator' is visible

2018-03-05 20:27:46 - [MESSAGE][PASSED] - Object 'Object Repository/CuPaDl/Loading_indicator' is NOT visible

2018-03-05 20:27:47 - [MESSAGE][PASSED] - Delayed 1 second(s)

2018-03-05 20:27:47 - [MESSAGE][PASSED] - cupakeysDl.initStart.initialStart is PASSED

2018-03-05 20:27:47 - [TEST_STEP][PASSED] - Statement - (step++): null

2018-03-05 20:27:47 - [TEST_STEP][PASSED] - cupakeysDl.color.changecolor: cupakeysDl.color.changecolor is PASSED

2018-03-05 20:27:47 - [MESSAGE][PASSED] - Object 'Object Repository/CuPaDl/Color/Color' is visible

2018-03-05 20:27:47 - [MESSAGE][PASSED] - Object: 'Object Repository/CuPaDl/Color/Color' is clicked on

2018-03-05 20:27:48 - [MESSAGE][PASSED] - Delayed 1 second(s)

2018-03-05 20:27:48 - [MESSAGE][PASSED] - Object 'Object Repository/CuPaDl/Color/Color_jetblack' is visible

2018-03-05 20:27:48 - [MESSAGE][PASSED] - Object: 'Object Repository/CuPaDl/Color/Color_jetblack' is clicked on

2018-03-05 20:27:48 - [MESSAGE][WARNING] - Timeout '0' is invalid. Using default page load timeout: '30'

2018-03-05 20:27:48 - [MESSAGE][PASSED] - Object 'Object Repository/CuPaDl/Color/Color_jetblack' is visible

2018-03-05 20:27:49 - [MESSAGE][PASSED] - Delayed 1 second(s)

2018-03-05 20:27:49 - [MESSAGE][PASSED] - Object: 'Object Repository/CuPaDl/Color/Color_jetblack' is clicked on

2018-03-05 20:27:49 - [MESSAGE][PASSED] - Object 'Object Repository/CuPaDl/Loading_indicator' is visible

2018-03-05 20:27:52 - [MESSAGE][PASSED] - Object 'Object Repository/CuPaDl/Loading_indicator' is NOT visible

2018-03-05 20:27:53 - [MESSAGE][PASSED] - Delayed 1 second(s)

2018-03-05 20:27:53 - [MESSAGE][PASSED] - cupakeysDl.color.changecolor is PASSED

2018-03-05 20:27:53 - [TEST_STEP][PASSED] - Statement - (step++): null

2018-03-05 20:27:53 - [TEST_STEP][PASSED] - cupakeysDl.chngstruct.changestructure: cupakeysDl.chngstruct.changestructure is PASSED

2018-03-05 20:27:53 - [MESSAGE][PASSED] - Object: 'Object Repository/CuPaDl/Structure/Structure' is clicked on

2018-03-05 20:27:53 - [MESSAGE][WARNING] - Timeout '0' is invalid. Using default page load timeout: '30'

2018-03-05 20:27:53 - [MESSAGE][PASSED] - Object 'Object Repository/CuPaDl/Structure/Structure_Hahnentritt' is visible

2018-03-05 20:27:53 - [MESSAGE][PASSED] - Object 'Object Repository/CuPaDl/Structure/Structure_fadeangel' is visible

2018-03-05 20:27:53 - [MESSAGE][PASSED] - Object: 'Object Repository/CuPaDl/Structure/Structure_fadeangel' is clicked on

2018-03-05 20:27:54 - [MESSAGE][PASSED] - Object 'Object Repository/CuPaDl/Loading_indicator' is visible

2018-03-05 20:27:58 - [MESSAGE][PASSED] - Object 'Object Repository/CuPaDl/Loading_indicator' is NOT visible

2018-03-05 20:27:59 - [MESSAGE][PASSED] - Delayed 1 second(s)

2018-03-05 20:27:59 - [MESSAGE][PASSED] - cupakeysDl.chngstruct.changestructure is PASSED

2018-03-05 20:27:59 - [TEST_STEP][PASSED] - Statement - (step++): null

2018-03-05 20:27:59 - [TEST_STEP][PASSED] - cupakeysDl.sclstruct.scalestructure: cupakeysDl.sclstruct.scalestructure is PASSED

2018-03-05 20:28:02 - [MESSAGE][WARNING] - Object 'Object Repository/CuPaDl/Structure/Resize_Structure_bottomright' is not visible after 3 second(s)

2018-03-05 20:28:02 - [MESSAGE][PASSED] - Object: 'Object Repository/CuPaDl/Structure/Resize_Structure' is clicked on

2018-03-05 20:28:02 - [MESSAGE][WARNING] - Timeout '0' is invalid. Using default page load timeout: '30'

2018-03-05 20:28:02 - [MESSAGE][PASSED] - Object 'Object Repository/CuPaDl/Structure/Resize_Structure_bottomright' is visible

2018-03-05 20:28:03 - [MESSAGE][PASSED] - Delayed 1 second(s)

2018-03-05 20:28:03 - [MESSAGE][PASSED] - Current viewport's left (x) position is 0

2018-03-05 20:28:03 - [MESSAGE][PASSED] - Current viewport's top (y) position is 54

2018-03-05 20:28:03 - [MESSAGE][PASSED] - Dragged object with id 'Object Repository/CuPaDl/Structure/Resize_Structure_bottomright' by offset distance x = -225 and y = -171 successfully

2018-03-05 20:28:04 - [MESSAGE][PASSED] - Object 'Object Repository/CuPaDl/Loading_indicator' is visible

2018-03-05 20:28:07 - [MESSAGE][PASSED] - Object 'Object Repository/CuPaDl/Loading_indicator' is NOT visible

2018-03-05 20:28:08 - [MESSAGE][PASSED] - Delayed 1 second(s)

2018-03-05 20:28:08 - [MESSAGE][PASSED] - cupakeysDl.sclstruct.scalestructure is PASSED

2018-03-05 20:28:08 - [TEST_STEP][PASSED] - Statement - (step++): null

2018-03-05 20:28:08 - [TEST_STEP][PASSED] - Statement - iconmap += CustomKeywords.cupakeysDl.iconad.iconadd("snow", LoadTimeCorrector, step, run, device, timeStamp, iconcount): cupakeysDl.iconad.iconadd is PASSED

2018-03-05 20:28:08 - [MESSAGE][PASSED] - Object: 'Object Repository/CuPaDl/Icons/Icon' is clicked on

2018-03-05 20:28:08 - [MESSAGE][PASSED] - Object 'Object Repository/CuPaDl/Icons/Icon_snow' is visible

2018-03-05 20:28:08 - [MESSAGE][PASSED] - Object: 'Object Repository/CuPaDl/Icons/Icon_snow' is clicked on

2018-03-05 20:28:09 - [MESSAGE][PASSED] - Delayed 1 second(s)

2018-03-05 20:28:09 - [MESSAGE][PASSED] - Object: 'Object Repository/CuPaDl/Icons/Icon_snow' is clicked on

2018-03-05 20:28:09 - [MESSAGE][PASSED] - Object 'Object Repository/CuPaDl/Loading_indicator' is visible

2018-03-05 20:28:17 - [MESSAGE][PASSED] - Object 'Object Repository/CuPaDl/Loading_indicator' is NOT visible

2018-03-05 20:28:17 - [MESSAGE][WARNING] - Timeout '0' is invalid. Using default page load timeout: '30'

2018-03-05 20:28:17 - [MESSAGE][PASSED] - Width of element 'Object Repository/CuPaDl/Icons/Reposition_icon' is '40'

2018-03-05 20:28:17 - [MESSAGE][PASSED] - Height of element 'Object Repository/CuPaDl/Icons/Reposition_icon' is '40'.

2018-03-05 20:28:18 - [MESSAGE][PASSED] - Delayed 1 second(s)

2018-03-05 20:28:18 - [MESSAGE][PASSED] - cupakeysDl.iconad.iconadd is PASSED

2018-03-05 20:28:18 - [TEST_STEP][PASSED] - Statement - (step++): null

2018-03-05 20:28:18 - [TEST_STEP][PASSED] - Statement - (iconcount++): null

2018-03-05 20:28:18 - [TEST_STEP][PASSED] - cupakeysDl.iconres.iconresize: cupakeysDl.iconres.iconresize is PASSED

2018-03-05 20:28:18 - [MESSAGE][PASSED] - Object 'Object Repository/CuPaDl/Icons/Reposition_icon' is visible

2018-03-05 20:28:18 - [MESSAGE][PASSED] - Current viewport's left (x) position is 0

2018-03-05 20:28:18 - [MESSAGE][PASSED] - Current viewport's top (y) position is 54

2018-03-05 20:28:18 - [MESSAGE][PASSED] - Dragged object with id 'Object Repository/CuPaDl/Icons/Resize_icon_bottomright' by offset distance x = -125 and y = -71 successfully

2018-03-05 20:28:19 - [MESSAGE][PASSED] - Object 'Object Repository/CuPaDl/Loading_indicator' is visible

2018-03-05 20:28:22 - [MESSAGE][PASSED] - Object 'Object Repository/CuPaDl/Loading_indicator' is NOT visible

2018-03-05 20:28:23 - [MESSAGE][PASSED] - Delayed 1 second(s)

2018-03-05 20:28:23 - [MESSAGE][PASSED] - cupakeysDl.iconres.iconresize is PASSED

2018-03-05 20:28:23 - [TEST_STEP][PASSED] - Statement - (step++): null

2018-03-05 20:28:23 - [TEST_STEP][PASSED] - cupakeysDl.slink.svlink: cupakeysDl.slink.svlink is PASSED

2018-03-05 20:28:23 - [MESSAGE][PASSED] - Scroll to object 'Object Repository/CuPaDl/Save/Save' successfully

2018-03-05 20:28:23 - [MESSAGE][PASSED] - Object: 'Object Repository/CuPaDl/Save/Save' is clicked on

2018-03-05 20:28:23 - [MESSAGE][WARNING] - Timeout '0' is invalid. Using default page load timeout: '30'

2018-03-05 20:28:25 - [MESSAGE][PASSED] - Object 'Object Repository/CuPaDl/Save/CopyLink' is visible

2018-03-05 20:28:25 - [MESSAGE][PASSED] - Object: 'Object Repository/CuPaDl/Save/CopyLink' is clicked on

2018-03-05 20:28:26 - [MESSAGE][PASSED] - Delayed 1 second(s)

2018-03-05 20:28:26 - [MESSAGE][PASSED] - Object: 'Object Repository/CuPaDl/Save/Close' is clicked on

2018-03-05 20:28:27 - [MESSAGE][PASSED] - Delayed 1 second(s)

2018-03-05 20:28:27 - [MESSAGE][PASSED] - cupakeysDl.slink.svlink is PASSED

2018-03-05 20:28:27 - [TEST_STEP][PASSED] - cupakeysDl.endsession.finishsession: cupakeysDl.endsession.finishsession is PASSED

2018-03-05 20:28:30 - [MESSAGE][PASSED] - Delayed 3 second(s)

2018-03-05 20:28:31 - [MESSAGE][PASSED] - Browser is closed

2018-03-05 20:28:31 - [MESSAGE][PASSED] - cupakeysDl.endsession.finishsession is PASSED]]></system-out>
         <system-err><![CDATA[]]></system-err>
      </testcase>
      <testcase name="Test Cases/CuPaStefanie/26" classname="Test Cases/CuPaStefanie/26" status="PASSED">
         <system-out><![CDATA[2018-03-05 20:28:31 - [TEST_CASE][PASSED] - Test Cases/CuPaStefanie/26: Test Cases/CuPaStefanie/26

2018-03-05 20:28:31 - [TEST_STEP][PASSED] - Statement - timeStamp = new java.text.SimpleDateFormat(dd.MM.yyyy).format(java.util.Calendar.getInstance().getTime()): null

2018-03-05 20:28:31 - [TEST_STEP][PASSED] - Statement - timeStampScreenshot = new java.text.SimpleDateFormat(dd.MM.yyyy).format(java.util.Calendar.getInstance().getTime()): null

2018-03-05 20:28:31 - [TEST_STEP][PASSED] - Statement - iconmap = [:]: null

2018-03-05 20:28:31 - [TEST_STEP][PASSED] - Statement - txtmap = [:]: null

2018-03-05 20:28:31 - [TEST_STEP][PASSED] - Statement - signmap = [:]: null

2018-03-05 20:28:31 - [TEST_STEP][PASSED] - cupakeysDl.initStart.initialStart: cupakeysDl.initStart.initialStart is PASSED

2018-03-05 20:28:33 - [MESSAGE][PASSED] - Browser is opened with url: ''

2018-03-05 20:28:36 - [MESSAGE][PASSED] - Delayed 3 second(s)

2018-03-05 20:28:37 - [MESSAGE][PASSED] - Navigate to 'https://d16a4dsnr8a0k1.cloudfront.net/en/2455233.html?price=150.00%20%E2%82%AC&partName=wilsonPartName&vin=wilsonVin&modelCode=XP11&paint=P0A94&modelDescription=wilsonModelDescription&additionalEquipment=wilsonAdditionalEquipment' successfully

2018-03-05 20:28:37 - [MESSAGE][PASSED] - Object 'Object Repository/CuPaDl/Loading_indicator' is visible

2018-03-05 20:28:45 - [MESSAGE][PASSED] - Object 'Object Repository/CuPaDl/Loading_indicator' is NOT visible

2018-03-05 20:28:46 - [MESSAGE][PASSED] - Delayed 1 second(s)

2018-03-05 20:28:46 - [MESSAGE][PASSED] - cupakeysDl.initStart.initialStart is PASSED

2018-03-05 20:28:46 - [TEST_STEP][PASSED] - Statement - (step++): null

2018-03-05 20:28:46 - [TEST_STEP][PASSED] - cupakeysDl.color.changecolor: cupakeysDl.color.changecolor is PASSED

2018-03-05 20:28:46 - [MESSAGE][PASSED] - Object 'Object Repository/CuPaDl/Color/Color' is visible

2018-03-05 20:28:46 - [MESSAGE][PASSED] - Object: 'Object Repository/CuPaDl/Color/Color' is clicked on

2018-03-05 20:28:47 - [MESSAGE][PASSED] - Delayed 1 second(s)

2018-03-05 20:28:47 - [MESSAGE][PASSED] - Object 'Object Repository/CuPaDl/Color/Color_jetblack' is visible

2018-03-05 20:28:47 - [MESSAGE][PASSED] - Object: 'Object Repository/CuPaDl/Color/Color_jetblack' is clicked on

2018-03-05 20:28:47 - [MESSAGE][WARNING] - Timeout '0' is invalid. Using default page load timeout: '30'

2018-03-05 20:28:47 - [MESSAGE][PASSED] - Object 'Object Repository/CuPaDl/Color/Color_jetblack' is visible

2018-03-05 20:28:48 - [MESSAGE][PASSED] - Delayed 1 second(s)

2018-03-05 20:28:48 - [MESSAGE][PASSED] - Object: 'Object Repository/CuPaDl/Color/Color_jetblack' is clicked on

2018-03-05 20:28:48 - [MESSAGE][PASSED] - Object 'Object Repository/CuPaDl/Loading_indicator' is visible

2018-03-05 20:28:51 - [MESSAGE][PASSED] - Object 'Object Repository/CuPaDl/Loading_indicator' is NOT visible

2018-03-05 20:28:52 - [MESSAGE][PASSED] - Delayed 1 second(s)

2018-03-05 20:28:52 - [MESSAGE][PASSED] - cupakeysDl.color.changecolor is PASSED

2018-03-05 20:28:52 - [TEST_STEP][PASSED] - Statement - (step++): null

2018-03-05 20:28:52 - [TEST_STEP][PASSED] - cupakeysDl.chngstruct.changestructure: cupakeysDl.chngstruct.changestructure is PASSED

2018-03-05 20:28:52 - [MESSAGE][PASSED] - Object: 'Object Repository/CuPaDl/Structure/Structure' is clicked on

2018-03-05 20:28:52 - [MESSAGE][WARNING] - Timeout '0' is invalid. Using default page load timeout: '30'

2018-03-05 20:28:52 - [MESSAGE][PASSED] - Object 'Object Repository/CuPaDl/Structure/Structure_Hahnentritt' is visible

2018-03-05 20:28:52 - [MESSAGE][PASSED] - Object 'Object Repository/CuPaDl/Structure/Structure_fadeangel' is visible

2018-03-05 20:28:52 - [MESSAGE][PASSED] - Object: 'Object Repository/CuPaDl/Structure/Structure_fadeangel' is clicked on

2018-03-05 20:28:53 - [MESSAGE][PASSED] - Object 'Object Repository/CuPaDl/Loading_indicator' is visible

2018-03-05 20:28:57 - [MESSAGE][PASSED] - Object 'Object Repository/CuPaDl/Loading_indicator' is NOT visible

2018-03-05 20:28:58 - [MESSAGE][PASSED] - Delayed 1 second(s)

2018-03-05 20:28:58 - [MESSAGE][PASSED] - cupakeysDl.chngstruct.changestructure is PASSED

2018-03-05 20:28:58 - [TEST_STEP][PASSED] - Statement - (step++): null

2018-03-05 20:28:58 - [TEST_STEP][PASSED] - cupakeysDl.sclstruct.scalestructure: cupakeysDl.sclstruct.scalestructure is PASSED

2018-03-05 20:29:01 - [MESSAGE][WARNING] - Object 'Object Repository/CuPaDl/Structure/Resize_Structure_bottomright' is not visible after 3 second(s)

2018-03-05 20:29:01 - [MESSAGE][PASSED] - Object: 'Object Repository/CuPaDl/Structure/Resize_Structure' is clicked on

2018-03-05 20:29:01 - [MESSAGE][WARNING] - Timeout '0' is invalid. Using default page load timeout: '30'

2018-03-05 20:29:01 - [MESSAGE][PASSED] - Object 'Object Repository/CuPaDl/Structure/Resize_Structure_bottomright' is visible

2018-03-05 20:29:02 - [MESSAGE][PASSED] - Delayed 1 second(s)

2018-03-05 20:29:02 - [MESSAGE][PASSED] - Current viewport's left (x) position is 0

2018-03-05 20:29:02 - [MESSAGE][PASSED] - Current viewport's top (y) position is 54

2018-03-05 20:29:02 - [MESSAGE][PASSED] - Dragged object with id 'Object Repository/CuPaDl/Structure/Resize_Structure_bottomright' by offset distance x = 225 and y = 279 successfully

2018-03-05 20:29:03 - [MESSAGE][PASSED] - Object 'Object Repository/CuPaDl/Loading_indicator' is visible

2018-03-05 20:29:06 - [MESSAGE][PASSED] - Object 'Object Repository/CuPaDl/Loading_indicator' is NOT visible

2018-03-05 20:29:07 - [MESSAGE][PASSED] - Delayed 1 second(s)

2018-03-05 20:29:07 - [MESSAGE][PASSED] - cupakeysDl.sclstruct.scalestructure is PASSED

2018-03-05 20:29:07 - [TEST_STEP][PASSED] - Statement - (step++): null

2018-03-05 20:29:07 - [TEST_STEP][PASSED] - Statement - iconmap += CustomKeywords.cupakeysDl.iconad.iconadd("snow", LoadTimeCorrector, step, run, device, timeStamp, iconcount): cupakeysDl.iconad.iconadd is PASSED

2018-03-05 20:29:07 - [MESSAGE][PASSED] - Object: 'Object Repository/CuPaDl/Icons/Icon' is clicked on

2018-03-05 20:29:07 - [MESSAGE][PASSED] - Object 'Object Repository/CuPaDl/Icons/Icon_snow' is visible

2018-03-05 20:29:07 - [MESSAGE][PASSED] - Object: 'Object Repository/CuPaDl/Icons/Icon_snow' is clicked on

2018-03-05 20:29:08 - [MESSAGE][PASSED] - Delayed 1 second(s)

2018-03-05 20:29:08 - [MESSAGE][PASSED] - Object: 'Object Repository/CuPaDl/Icons/Icon_snow' is clicked on

2018-03-05 20:29:08 - [MESSAGE][PASSED] - Object 'Object Repository/CuPaDl/Loading_indicator' is visible

2018-03-05 20:29:15 - [MESSAGE][PASSED] - Object 'Object Repository/CuPaDl/Loading_indicator' is NOT visible

2018-03-05 20:29:15 - [MESSAGE][WARNING] - Timeout '0' is invalid. Using default page load timeout: '30'

2018-03-05 20:29:15 - [MESSAGE][PASSED] - Width of element 'Object Repository/CuPaDl/Icons/Reposition_icon' is '40'

2018-03-05 20:29:15 - [MESSAGE][PASSED] - Height of element 'Object Repository/CuPaDl/Icons/Reposition_icon' is '40'.

2018-03-05 20:29:16 - [MESSAGE][PASSED] - Delayed 1 second(s)

2018-03-05 20:29:16 - [MESSAGE][PASSED] - cupakeysDl.iconad.iconadd is PASSED

2018-03-05 20:29:16 - [TEST_STEP][PASSED] - Statement - (step++): null

2018-03-05 20:29:16 - [TEST_STEP][PASSED] - Statement - (iconcount++): null

2018-03-05 20:29:16 - [TEST_STEP][PASSED] - cupakeysDl.iconres.iconresize: cupakeysDl.iconres.iconresize is PASSED

2018-03-05 20:29:16 - [MESSAGE][PASSED] - Object 'Object Repository/CuPaDl/Icons/Reposition_icon' is visible

2018-03-05 20:29:16 - [MESSAGE][PASSED] - Current viewport's left (x) position is 0

2018-03-05 20:29:16 - [MESSAGE][PASSED] - Current viewport's top (y) position is 54

2018-03-05 20:29:16 - [MESSAGE][PASSED] - Dragged object with id 'Object Repository/CuPaDl/Icons/Resize_icon_bottomright' by offset distance x = 125 and y = 179 successfully

2018-03-05 20:29:17 - [MESSAGE][PASSED] - Object 'Object Repository/CuPaDl/Loading_indicator' is visible

2018-03-05 20:29:20 - [MESSAGE][PASSED] - Object 'Object Repository/CuPaDl/Loading_indicator' is NOT visible

2018-03-05 20:29:21 - [MESSAGE][PASSED] - Delayed 1 second(s)

2018-03-05 20:29:21 - [MESSAGE][PASSED] - cupakeysDl.iconres.iconresize is PASSED

2018-03-05 20:29:21 - [TEST_STEP][PASSED] - Statement - (step++): null

2018-03-05 20:29:21 - [TEST_STEP][PASSED] - cupakeysDl.slink.svlink: cupakeysDl.slink.svlink is PASSED

2018-03-05 20:29:21 - [MESSAGE][PASSED] - Scroll to object 'Object Repository/CuPaDl/Save/Save' successfully

2018-03-05 20:29:21 - [MESSAGE][PASSED] - Object: 'Object Repository/CuPaDl/Save/Save' is clicked on

2018-03-05 20:29:21 - [MESSAGE][WARNING] - Timeout '0' is invalid. Using default page load timeout: '30'

2018-03-05 20:29:23 - [MESSAGE][PASSED] - Object 'Object Repository/CuPaDl/Save/CopyLink' is visible

2018-03-05 20:29:23 - [MESSAGE][PASSED] - Object: 'Object Repository/CuPaDl/Save/CopyLink' is clicked on

2018-03-05 20:29:24 - [MESSAGE][PASSED] - Delayed 1 second(s)

2018-03-05 20:29:24 - [MESSAGE][PASSED] - Object: 'Object Repository/CuPaDl/Save/Close' is clicked on

2018-03-05 20:29:25 - [MESSAGE][PASSED] - Delayed 1 second(s)

2018-03-05 20:29:25 - [MESSAGE][PASSED] - cupakeysDl.slink.svlink is PASSED

2018-03-05 20:29:25 - [TEST_STEP][PASSED] - cupakeysDl.endsession.finishsession: cupakeysDl.endsession.finishsession is PASSED

2018-03-05 20:29:28 - [MESSAGE][PASSED] - Delayed 3 second(s)

2018-03-05 20:29:28 - [MESSAGE][PASSED] - Browser is closed

2018-03-05 20:29:28 - [MESSAGE][PASSED] - cupakeysDl.endsession.finishsession is PASSED]]></system-out>
         <system-err><![CDATA[]]></system-err>
      </testcase>
      <testcase name="Test Cases/CuPaStefanie/27" classname="Test Cases/CuPaStefanie/27" status="PASSED">
         <system-out><![CDATA[2018-03-05 20:29:28 - [TEST_CASE][PASSED] - Test Cases/CuPaStefanie/27: Test Cases/CuPaStefanie/27

2018-03-05 20:29:29 - [TEST_STEP][PASSED] - Statement - timeStamp = new java.text.SimpleDateFormat(dd.MM.yyyy).format(java.util.Calendar.getInstance().getTime()): null

2018-03-05 20:29:29 - [TEST_STEP][PASSED] - Statement - timeStampScreenshot = new java.text.SimpleDateFormat(dd.MM.yyyy).format(java.util.Calendar.getInstance().getTime()): null

2018-03-05 20:29:29 - [TEST_STEP][PASSED] - Statement - iconmap = [:]: null

2018-03-05 20:29:29 - [TEST_STEP][PASSED] - Statement - txtmap = [:]: null

2018-03-05 20:29:29 - [TEST_STEP][PASSED] - Statement - signmap = [:]: null

2018-03-05 20:29:29 - [TEST_STEP][PASSED] - cupakeysDl.initStart.initialStart: cupakeysDl.initStart.initialStart is PASSED

2018-03-05 20:29:31 - [MESSAGE][PASSED] - Browser is opened with url: ''

2018-03-05 20:29:34 - [MESSAGE][PASSED] - Delayed 3 second(s)

2018-03-05 20:29:35 - [MESSAGE][PASSED] - Navigate to 'https://d16a4dsnr8a0k1.cloudfront.net/en/2455233.html?price=150.00%20%E2%82%AC&partName=wilsonPartName&vin=wilsonVin&modelCode=XP11&paint=P0A94&modelDescription=wilsonModelDescription&additionalEquipment=wilsonAdditionalEquipment' successfully

2018-03-05 20:29:35 - [MESSAGE][PASSED] - Object 'Object Repository/CuPaDl/Loading_indicator' is visible

2018-03-05 20:29:43 - [MESSAGE][PASSED] - Object 'Object Repository/CuPaDl/Loading_indicator' is NOT visible

2018-03-05 20:29:44 - [MESSAGE][PASSED] - Delayed 1 second(s)

2018-03-05 20:29:44 - [MESSAGE][PASSED] - cupakeysDl.initStart.initialStart is PASSED

2018-03-05 20:29:44 - [TEST_STEP][PASSED] - Statement - (step++): null

2018-03-05 20:29:44 - [TEST_STEP][PASSED] - cupakeysDl.color.changecolor: cupakeysDl.color.changecolor is PASSED

2018-03-05 20:29:44 - [MESSAGE][PASSED] - Object 'Object Repository/CuPaDl/Color/Color' is visible

2018-03-05 20:29:44 - [MESSAGE][PASSED] - Object: 'Object Repository/CuPaDl/Color/Color' is clicked on

2018-03-05 20:29:45 - [MESSAGE][PASSED] - Delayed 1 second(s)

2018-03-05 20:29:45 - [MESSAGE][PASSED] - Object 'Object Repository/CuPaDl/Color/Color_moonwalkgrey' is visible

2018-03-05 20:29:45 - [MESSAGE][PASSED] - Object: 'Object Repository/CuPaDl/Color/Color_moonwalkgrey' is clicked on

2018-03-05 20:29:45 - [MESSAGE][WARNING] - Timeout '0' is invalid. Using default page load timeout: '30'

2018-03-05 20:29:45 - [MESSAGE][PASSED] - Object 'Object Repository/CuPaDl/Color/Color_moonwalkgrey' is visible

2018-03-05 20:29:46 - [MESSAGE][PASSED] - Delayed 1 second(s)

2018-03-05 20:29:47 - [MESSAGE][PASSED] - Object: 'Object Repository/CuPaDl/Color/Color_moonwalkgrey' is clicked on

2018-03-05 20:29:47 - [MESSAGE][PASSED] - Object 'Object Repository/CuPaDl/Loading_indicator' is visible

2018-03-05 20:29:49 - [MESSAGE][PASSED] - Object 'Object Repository/CuPaDl/Loading_indicator' is NOT visible

2018-03-05 20:29:50 - [MESSAGE][PASSED] - Delayed 1 second(s)

2018-03-05 20:29:50 - [MESSAGE][PASSED] - cupakeysDl.color.changecolor is PASSED

2018-03-05 20:29:50 - [TEST_STEP][PASSED] - Statement - (step++): null

2018-03-05 20:29:50 - [TEST_STEP][PASSED] - cupakeysDl.chngstruct.changestructure: cupakeysDl.chngstruct.changestructure is PASSED

2018-03-05 20:29:50 - [MESSAGE][PASSED] - Object: 'Object Repository/CuPaDl/Structure/Structure' is clicked on

2018-03-05 20:29:50 - [MESSAGE][WARNING] - Timeout '0' is invalid. Using default page load timeout: '30'

2018-03-05 20:29:50 - [MESSAGE][PASSED] - Object 'Object Repository/CuPaDl/Structure/Structure_Hahnentritt' is visible

2018-03-05 20:29:50 - [MESSAGE][PASSED] - Object 'Object Repository/CuPaDl/Structure/Structure_fadequadrop' is visible

2018-03-05 20:29:50 - [MESSAGE][PASSED] - Object: 'Object Repository/CuPaDl/Structure/Structure_fadequadrop' is clicked on

2018-03-05 20:29:51 - [MESSAGE][PASSED] - Object 'Object Repository/CuPaDl/Loading_indicator' is visible

2018-03-05 20:29:56 - [MESSAGE][PASSED] - Object 'Object Repository/CuPaDl/Loading_indicator' is NOT visible

2018-03-05 20:29:57 - [MESSAGE][PASSED] - Delayed 1 second(s)

2018-03-05 20:29:57 - [MESSAGE][PASSED] - cupakeysDl.chngstruct.changestructure is PASSED

2018-03-05 20:29:57 - [TEST_STEP][PASSED] - Statement - (step++): null

2018-03-05 20:29:57 - [TEST_STEP][PASSED] - cupakeysDl.sclstruct.scalestructure: cupakeysDl.sclstruct.scalestructure is PASSED

2018-03-05 20:30:00 - [MESSAGE][WARNING] - Object 'Object Repository/CuPaDl/Structure/Resize_Structure_bottomright' is not visible after 3 second(s)

2018-03-05 20:30:00 - [MESSAGE][PASSED] - Object: 'Object Repository/CuPaDl/Structure/Resize_Structure' is clicked on

2018-03-05 20:30:00 - [MESSAGE][WARNING] - Timeout '0' is invalid. Using default page load timeout: '30'

2018-03-05 20:30:00 - [MESSAGE][PASSED] - Object 'Object Repository/CuPaDl/Structure/Resize_Structure_bottomright' is visible

2018-03-05 20:30:01 - [MESSAGE][PASSED] - Delayed 1 second(s)

2018-03-05 20:30:01 - [MESSAGE][PASSED] - Current viewport's left (x) position is 0

2018-03-05 20:30:01 - [MESSAGE][PASSED] - Current viewport's top (y) position is 54

2018-03-05 20:30:01 - [MESSAGE][PASSED] - Dragged object with id 'Object Repository/CuPaDl/Structure/Resize_Structure_bottomright' by offset distance x = -225 and y = -171 successfully

2018-03-05 20:30:02 - [MESSAGE][PASSED] - Object 'Object Repository/CuPaDl/Loading_indicator' is visible

2018-03-05 20:30:06 - [MESSAGE][PASSED] - Object 'Object Repository/CuPaDl/Loading_indicator' is NOT visible

2018-03-05 20:30:07 - [MESSAGE][PASSED] - Delayed 1 second(s)

2018-03-05 20:30:07 - [MESSAGE][PASSED] - cupakeysDl.sclstruct.scalestructure is PASSED

2018-03-05 20:30:07 - [TEST_STEP][PASSED] - Statement - (step++): null

2018-03-05 20:30:07 - [TEST_STEP][PASSED] - Statement - iconmap += CustomKeywords.cupakeysDl.iconad.iconadd("hangloose", LoadTimeCorrector, step, run, device, timeStamp, iconcount): cupakeysDl.iconad.iconadd is PASSED

2018-03-05 20:30:08 - [MESSAGE][PASSED] - Object: 'Object Repository/CuPaDl/Icons/Icon' is clicked on

2018-03-05 20:30:10 - [MESSAGE][WARNING] - Object 'Object Repository/CuPaDl/Icons/Icon_hangloose' is not visible after 2 second(s)

2018-03-05 20:30:10 - [MESSAGE][PASSED] - Object: 'Object Repository/CuPaDl/MenuScroll/ObjectsScrollRight' is clicked on

2018-03-05 20:30:12 - [MESSAGE][PASSED] - Delayed 2 second(s)

2018-03-05 20:30:12 - [MESSAGE][PASSED] - Object: 'Object Repository/CuPaDl/Icons/Icon_hangloose' is clicked on

2018-03-05 20:30:13 - [MESSAGE][PASSED] - Delayed 1 second(s)

2018-03-05 20:30:13 - [MESSAGE][PASSED] - Object: 'Object Repository/CuPaDl/Icons/Icon_hangloose' is clicked on

2018-03-05 20:30:13 - [MESSAGE][PASSED] - Object 'Object Repository/CuPaDl/Loading_indicator' is visible

2018-03-05 20:30:24 - [MESSAGE][PASSED] - Object 'Object Repository/CuPaDl/Loading_indicator' is NOT visible

2018-03-05 20:30:24 - [MESSAGE][WARNING] - Timeout '0' is invalid. Using default page load timeout: '30'

2018-03-05 20:30:24 - [MESSAGE][PASSED] - Width of element 'Object Repository/CuPaDl/Icons/Reposition_icon' is '40'

2018-03-05 20:30:24 - [MESSAGE][PASSED] - Height of element 'Object Repository/CuPaDl/Icons/Reposition_icon' is '40'.

2018-03-05 20:30:25 - [MESSAGE][PASSED] - Delayed 1 second(s)

2018-03-05 20:30:25 - [MESSAGE][PASSED] - cupakeysDl.iconad.iconadd is PASSED

2018-03-05 20:30:25 - [TEST_STEP][PASSED] - Statement - (step++): null

2018-03-05 20:30:25 - [TEST_STEP][PASSED] - Statement - (iconcount++): null

2018-03-05 20:30:25 - [TEST_STEP][PASSED] - cupakeysDl.iconres.iconresize: cupakeysDl.iconres.iconresize is PASSED

2018-03-05 20:30:25 - [MESSAGE][PASSED] - Object 'Object Repository/CuPaDl/Icons/Reposition_icon' is visible

2018-03-05 20:30:25 - [MESSAGE][PASSED] - Current viewport's left (x) position is 0

2018-03-05 20:30:25 - [MESSAGE][PASSED] - Current viewport's top (y) position is 54

2018-03-05 20:30:25 - [MESSAGE][PASSED] - Dragged object with id 'Object Repository/CuPaDl/Icons/Resize_icon_bottomright' by offset distance x = -125 and y = -71 successfully

2018-03-05 20:30:26 - [MESSAGE][PASSED] - Object 'Object Repository/CuPaDl/Loading_indicator' is visible

2018-03-05 20:30:33 - [MESSAGE][PASSED] - Object 'Object Repository/CuPaDl/Loading_indicator' is NOT visible

2018-03-05 20:30:34 - [MESSAGE][PASSED] - Delayed 1 second(s)

2018-03-05 20:30:34 - [MESSAGE][PASSED] - cupakeysDl.iconres.iconresize is PASSED

2018-03-05 20:30:34 - [TEST_STEP][PASSED] - Statement - (step++): null

2018-03-05 20:30:34 - [TEST_STEP][PASSED] - cupakeysDl.slink.svlink: cupakeysDl.slink.svlink is PASSED

2018-03-05 20:30:34 - [MESSAGE][PASSED] - Scroll to object 'Object Repository/CuPaDl/Save/Save' successfully

2018-03-05 20:30:34 - [MESSAGE][PASSED] - Object: 'Object Repository/CuPaDl/Save/Save' is clicked on

2018-03-05 20:30:34 - [MESSAGE][WARNING] - Timeout '0' is invalid. Using default page load timeout: '30'

2018-03-05 20:30:36 - [MESSAGE][PASSED] - Object 'Object Repository/CuPaDl/Save/CopyLink' is visible

2018-03-05 20:30:36 - [MESSAGE][PASSED] - Object: 'Object Repository/CuPaDl/Save/CopyLink' is clicked on

2018-03-05 20:30:37 - [MESSAGE][PASSED] - Delayed 1 second(s)

2018-03-05 20:30:37 - [MESSAGE][PASSED] - Object: 'Object Repository/CuPaDl/Save/Close' is clicked on

2018-03-05 20:30:38 - [MESSAGE][PASSED] - Delayed 1 second(s)

2018-03-05 20:30:38 - [MESSAGE][PASSED] - cupakeysDl.slink.svlink is PASSED

2018-03-05 20:30:38 - [TEST_STEP][PASSED] - cupakeysDl.endsession.finishsession: cupakeysDl.endsession.finishsession is PASSED

2018-03-05 20:30:41 - [MESSAGE][PASSED] - Delayed 3 second(s)

2018-03-05 20:30:42 - [MESSAGE][PASSED] - Browser is closed

2018-03-05 20:30:42 - [MESSAGE][PASSED] - cupakeysDl.endsession.finishsession is PASSED]]></system-out>
         <system-err><![CDATA[]]></system-err>
      </testcase>
      <testcase name="Test Cases/CuPaStefanie/28" classname="Test Cases/CuPaStefanie/28" status="PASSED">
         <system-out><![CDATA[2018-03-05 20:30:42 - [TEST_CASE][PASSED] - Test Cases/CuPaStefanie/28: Test Cases/CuPaStefanie/28

2018-03-05 20:30:42 - [TEST_STEP][PASSED] - Statement - timeStamp = new java.text.SimpleDateFormat(dd.MM.yyyy).format(java.util.Calendar.getInstance().getTime()): null

2018-03-05 20:30:42 - [TEST_STEP][PASSED] - Statement - timeStampScreenshot = new java.text.SimpleDateFormat(dd.MM.yyyy).format(java.util.Calendar.getInstance().getTime()): null

2018-03-05 20:30:42 - [TEST_STEP][PASSED] - Statement - iconmap = [:]: null

2018-03-05 20:30:42 - [TEST_STEP][PASSED] - Statement - txtmap = [:]: null

2018-03-05 20:30:42 - [TEST_STEP][PASSED] - Statement - signmap = [:]: null

2018-03-05 20:30:42 - [TEST_STEP][PASSED] - cupakeysDl.initStart.initialStart: cupakeysDl.initStart.initialStart is PASSED

2018-03-05 20:30:44 - [MESSAGE][PASSED] - Browser is opened with url: ''

2018-03-05 20:30:47 - [MESSAGE][PASSED] - Delayed 3 second(s)

2018-03-05 20:30:48 - [MESSAGE][PASSED] - Navigate to 'https://d16a4dsnr8a0k1.cloudfront.net/en/2455233.html?price=150.00%20%E2%82%AC&partName=wilsonPartName&vin=wilsonVin&modelCode=XP11&paint=P0A94&modelDescription=wilsonModelDescription&additionalEquipment=wilsonAdditionalEquipment' successfully

2018-03-05 20:30:48 - [MESSAGE][PASSED] - Object 'Object Repository/CuPaDl/Loading_indicator' is visible

2018-03-05 20:30:56 - [MESSAGE][PASSED] - Object 'Object Repository/CuPaDl/Loading_indicator' is NOT visible

2018-03-05 20:30:57 - [MESSAGE][PASSED] - Delayed 1 second(s)

2018-03-05 20:30:57 - [MESSAGE][PASSED] - cupakeysDl.initStart.initialStart is PASSED

2018-03-05 20:30:57 - [TEST_STEP][PASSED] - Statement - (step++): null

2018-03-05 20:30:57 - [TEST_STEP][PASSED] - cupakeysDl.color.changecolor: cupakeysDl.color.changecolor is PASSED

2018-03-05 20:30:57 - [MESSAGE][PASSED] - Object 'Object Repository/CuPaDl/Color/Color' is visible

2018-03-05 20:30:57 - [MESSAGE][PASSED] - Object: 'Object Repository/CuPaDl/Color/Color' is clicked on

2018-03-05 20:30:58 - [MESSAGE][PASSED] - Delayed 1 second(s)

2018-03-05 20:30:58 - [MESSAGE][PASSED] - Object 'Object Repository/CuPaDl/Color/Color_moonwalkgrey' is visible

2018-03-05 20:30:58 - [MESSAGE][PASSED] - Object: 'Object Repository/CuPaDl/Color/Color_moonwalkgrey' is clicked on

2018-03-05 20:30:58 - [MESSAGE][WARNING] - Timeout '0' is invalid. Using default page load timeout: '30'

2018-03-05 20:30:58 - [MESSAGE][PASSED] - Object 'Object Repository/CuPaDl/Color/Color_moonwalkgrey' is visible

2018-03-05 20:30:59 - [MESSAGE][PASSED] - Delayed 1 second(s)

2018-03-05 20:31:00 - [MESSAGE][PASSED] - Object: 'Object Repository/CuPaDl/Color/Color_moonwalkgrey' is clicked on

2018-03-05 20:31:03 - [MESSAGE][WARNING] - Object 'Object Repository/CuPaDl/Loading_indicator' is not visible after 3 second(s)

2018-03-05 20:31:04 - [MESSAGE][PASSED] - Delayed 1 second(s)

2018-03-05 20:31:04 - [MESSAGE][PASSED] - cupakeysDl.color.changecolor is PASSED

2018-03-05 20:31:04 - [TEST_STEP][PASSED] - Statement - (step++): null

2018-03-05 20:31:04 - [TEST_STEP][PASSED] - cupakeysDl.chngstruct.changestructure: cupakeysDl.chngstruct.changestructure is PASSED

2018-03-05 20:31:04 - [MESSAGE][PASSED] - Object: 'Object Repository/CuPaDl/Structure/Structure' is clicked on

2018-03-05 20:31:04 - [MESSAGE][WARNING] - Timeout '0' is invalid. Using default page load timeout: '30'

2018-03-05 20:31:04 - [MESSAGE][PASSED] - Object 'Object Repository/CuPaDl/Structure/Structure_Hahnentritt' is visible

2018-03-05 20:31:04 - [MESSAGE][PASSED] - Object 'Object Repository/CuPaDl/Structure/Structure_fadequadrop' is visible

2018-03-05 20:31:04 - [MESSAGE][PASSED] - Object: 'Object Repository/CuPaDl/Structure/Structure_fadequadrop' is clicked on

2018-03-05 20:31:05 - [MESSAGE][PASSED] - Object 'Object Repository/CuPaDl/Loading_indicator' is visible

2018-03-05 20:31:10 - [MESSAGE][PASSED] - Object 'Object Repository/CuPaDl/Loading_indicator' is NOT visible

2018-03-05 20:31:11 - [MESSAGE][PASSED] - Delayed 1 second(s)

2018-03-05 20:31:11 - [MESSAGE][PASSED] - cupakeysDl.chngstruct.changestructure is PASSED

2018-03-05 20:31:11 - [TEST_STEP][PASSED] - Statement - (step++): null

2018-03-05 20:31:11 - [TEST_STEP][PASSED] - cupakeysDl.sclstruct.scalestructure: cupakeysDl.sclstruct.scalestructure is PASSED

2018-03-05 20:31:15 - [MESSAGE][WARNING] - Object 'Object Repository/CuPaDl/Structure/Resize_Structure_bottomright' is not visible after 3 second(s)

2018-03-05 20:31:15 - [MESSAGE][PASSED] - Object: 'Object Repository/CuPaDl/Structure/Resize_Structure' is clicked on

2018-03-05 20:31:15 - [MESSAGE][WARNING] - Timeout '0' is invalid. Using default page load timeout: '30'

2018-03-05 20:31:15 - [MESSAGE][PASSED] - Object 'Object Repository/CuPaDl/Structure/Resize_Structure_bottomright' is visible

2018-03-05 20:31:16 - [MESSAGE][PASSED] - Delayed 1 second(s)

2018-03-05 20:31:16 - [MESSAGE][PASSED] - Current viewport's left (x) position is 0

2018-03-05 20:31:16 - [MESSAGE][PASSED] - Current viewport's top (y) position is 54

2018-03-05 20:31:16 - [MESSAGE][PASSED] - Dragged object with id 'Object Repository/CuPaDl/Structure/Resize_Structure_bottomright' by offset distance x = 225 and y = 279 successfully

2018-03-05 20:31:17 - [MESSAGE][PASSED] - Object 'Object Repository/CuPaDl/Loading_indicator' is visible

2018-03-05 20:31:20 - [MESSAGE][PASSED] - Object 'Object Repository/CuPaDl/Loading_indicator' is NOT visible

2018-03-05 20:31:21 - [MESSAGE][PASSED] - Delayed 1 second(s)

2018-03-05 20:31:21 - [MESSAGE][PASSED] - cupakeysDl.sclstruct.scalestructure is PASSED

2018-03-05 20:31:21 - [TEST_STEP][PASSED] - Statement - (step++): null

2018-03-05 20:31:21 - [TEST_STEP][PASSED] - Statement - iconmap += CustomKeywords.cupakeysDl.iconad.iconadd("hangloose", LoadTimeCorrector, step, run, device, timeStamp, iconcount): cupakeysDl.iconad.iconadd is PASSED

2018-03-05 20:31:21 - [MESSAGE][PASSED] - Object: 'Object Repository/CuPaDl/Icons/Icon' is clicked on

2018-03-05 20:31:24 - [MESSAGE][WARNING] - Object 'Object Repository/CuPaDl/Icons/Icon_hangloose' is not visible after 2 second(s)

2018-03-05 20:31:24 - [MESSAGE][PASSED] - Object: 'Object Repository/CuPaDl/MenuScroll/ObjectsScrollRight' is clicked on

2018-03-05 20:31:26 - [MESSAGE][PASSED] - Delayed 2 second(s)

2018-03-05 20:31:26 - [MESSAGE][PASSED] - Object: 'Object Repository/CuPaDl/Icons/Icon_hangloose' is clicked on

2018-03-05 20:31:27 - [MESSAGE][PASSED] - Delayed 1 second(s)

2018-03-05 20:31:27 - [MESSAGE][PASSED] - Object: 'Object Repository/CuPaDl/Icons/Icon_hangloose' is clicked on

2018-03-05 20:31:27 - [MESSAGE][PASSED] - Object 'Object Repository/CuPaDl/Loading_indicator' is visible

2018-03-05 20:31:38 - [MESSAGE][PASSED] - Object 'Object Repository/CuPaDl/Loading_indicator' is NOT visible

2018-03-05 20:31:38 - [MESSAGE][WARNING] - Timeout '0' is invalid. Using default page load timeout: '30'

2018-03-05 20:31:38 - [MESSAGE][PASSED] - Width of element 'Object Repository/CuPaDl/Icons/Reposition_icon' is '40'

2018-03-05 20:31:38 - [MESSAGE][PASSED] - Height of element 'Object Repository/CuPaDl/Icons/Reposition_icon' is '40'.

2018-03-05 20:31:39 - [MESSAGE][PASSED] - Delayed 1 second(s)

2018-03-05 20:31:39 - [MESSAGE][PASSED] - cupakeysDl.iconad.iconadd is PASSED

2018-03-05 20:31:39 - [TEST_STEP][PASSED] - Statement - (step++): null

2018-03-05 20:31:39 - [TEST_STEP][PASSED] - Statement - (iconcount++): null

2018-03-05 20:31:39 - [TEST_STEP][PASSED] - cupakeysDl.iconres.iconresize: cupakeysDl.iconres.iconresize is PASSED

2018-03-05 20:31:39 - [MESSAGE][PASSED] - Object 'Object Repository/CuPaDl/Icons/Reposition_icon' is visible

2018-03-05 20:31:39 - [MESSAGE][PASSED] - Current viewport's left (x) position is 0

2018-03-05 20:31:39 - [MESSAGE][PASSED] - Current viewport's top (y) position is 54

2018-03-05 20:31:39 - [MESSAGE][PASSED] - Dragged object with id 'Object Repository/CuPaDl/Icons/Resize_icon_bottomright' by offset distance x = 125 and y = 179 successfully

2018-03-05 20:31:40 - [MESSAGE][PASSED] - Object 'Object Repository/CuPaDl/Loading_indicator' is visible

2018-03-05 20:31:46 - [MESSAGE][PASSED] - Object 'Object Repository/CuPaDl/Loading_indicator' is NOT visible

2018-03-05 20:31:47 - [MESSAGE][PASSED] - Delayed 1 second(s)

2018-03-05 20:31:47 - [MESSAGE][PASSED] - cupakeysDl.iconres.iconresize is PASSED

2018-03-05 20:31:47 - [TEST_STEP][PASSED] - Statement - (step++): null

2018-03-05 20:31:47 - [TEST_STEP][PASSED] - cupakeysDl.slink.svlink: cupakeysDl.slink.svlink is PASSED

2018-03-05 20:31:47 - [MESSAGE][PASSED] - Scroll to object 'Object Repository/CuPaDl/Save/Save' successfully

2018-03-05 20:31:47 - [MESSAGE][PASSED] - Object: 'Object Repository/CuPaDl/Save/Save' is clicked on

2018-03-05 20:31:47 - [MESSAGE][WARNING] - Timeout '0' is invalid. Using default page load timeout: '30'

2018-03-05 20:31:49 - [MESSAGE][PASSED] - Object 'Object Repository/CuPaDl/Save/CopyLink' is visible

2018-03-05 20:31:49 - [MESSAGE][PASSED] - Object: 'Object Repository/CuPaDl/Save/CopyLink' is clicked on

2018-03-05 20:31:50 - [MESSAGE][PASSED] - Delayed 1 second(s)

2018-03-05 20:31:50 - [MESSAGE][PASSED] - Object: 'Object Repository/CuPaDl/Save/Close' is clicked on

2018-03-05 20:31:51 - [MESSAGE][PASSED] - Delayed 1 second(s)

2018-03-05 20:31:51 - [MESSAGE][PASSED] - cupakeysDl.slink.svlink is PASSED

2018-03-05 20:31:51 - [TEST_STEP][PASSED] - cupakeysDl.endsession.finishsession: cupakeysDl.endsession.finishsession is PASSED

2018-03-05 20:31:54 - [MESSAGE][PASSED] - Delayed 3 second(s)

2018-03-05 20:31:54 - [MESSAGE][PASSED] - Browser is closed

2018-03-05 20:31:54 - [MESSAGE][PASSED] - cupakeysDl.endsession.finishsession is PASSED]]></system-out>
         <system-err><![CDATA[]]></system-err>
      </testcase>
      <testcase name="Test Cases/CuPaStefanie/29" classname="Test Cases/CuPaStefanie/29" status="FAILED">
         <failure type="FAILED" message="Unable to click on object 'Object Repository/CuPaDl/Icons/Icon_wave' (Root cause: org.openqa.selenium.ElementNotVisibleException: element not visible
  (Session info: headless chrome=64.0.3282.186)
  (Driver info: chromedriver=2.35.528161 (5b82f2d2aae0ca24b877009200ced9065a772e73),platform=Windows NT 10.0.16299 x86_64) (WARNING: The server did not provide any stacktrace information)
Command duration or timeout: 0 milliseconds
Build info: version: '3.7.1', revision: '8a0099a', time: '2017-11-06T21:07:36.161Z'
System info: host: 'DESKTOP-47R6KV7', ip: '192.168.100.78', os.name: 'Windows 10', os.arch: 'amd64', os.version: '10.0', java.version: '1.8.0_102'
Driver info: com.kms.katalon.selenium.driver.CChromeDriver
Capabilities {acceptInsecureCerts: false, acceptSslCerts: false, applicationCacheEnabled: false, browserConnectionEnabled: false, browserName: chrome, chrome: {chromedriverVersion: 2.35.528161 (5b82f2d2aae0ca..., userDataDir: C:\Users\MEGAPO~1\AppData\L...}, cssSelectorsEnabled: true, databaseEnabled: false, handlesAlerts: true, hasTouchScreen: false, javascriptEnabled: true, locationContextEnabled: true, mobileEmulationEnabled: false, nativeEvents: true, networkConnectionEnabled: false, pageLoadStrategy: normal, platform: XP, platformName: XP, rotatable: false, setWindowRect: true, takesHeapSnapshot: true, takesScreenshot: true, unexpectedAlertBehaviour: , unhandledPromptBehavior: , version: 64.0.3282.186, webStorageEnabled: true}
Session ID: e3a1c40aaf9bc735225d1600015c126a)"/>
         <system-out><![CDATA[2018-03-05 20:31:54 - [TEST_CASE][FAILED] - Test Cases/CuPaStefanie/29: Test Cases/CuPaStefanie/29 FAILED because (of) Unable to click on object 'Object Repository/CuPaDl/Icons/Icon_wave' (Root cause: org.openqa.selenium.ElementNotVisibleException: element not visible
  (Session info: headless chrome=64.0.3282.186)
  (Driver info: chromedriver=2.35.528161 (5b82f2d2aae0ca24b877009200ced9065a772e73),platform=Windows NT 10.0.16299 x86_64) (WARNING: The server did not provide any stacktrace information)
Command duration or timeout: 0 milliseconds
Build info: version: '3.7.1', revision: '8a0099a', time: '2017-11-06T21:07:36.161Z'
System info: host: 'DESKTOP-47R6KV7', ip: '192.168.100.78', os.name: 'Windows 10', os.arch: 'amd64', os.version: '10.0', java.version: '1.8.0_102'
Driver info: com.kms.katalon.selenium.driver.CChromeDriver
Capabilities {acceptInsecureCerts: false, acceptSslCerts: false, applicationCacheEnabled: false, browserConnectionEnabled: false, browserName: chrome, chrome: {chromedriverVersion: 2.35.528161 (5b82f2d2aae0ca..., userDataDir: C:\Users\MEGAPO~1\AppData\L...}, cssSelectorsEnabled: true, databaseEnabled: false, handlesAlerts: true, hasTouchScreen: false, javascriptEnabled: true, locationContextEnabled: true, mobileEmulationEnabled: false, nativeEvents: true, networkConnectionEnabled: false, pageLoadStrategy: normal, platform: XP, platformName: XP, rotatable: false, setWindowRect: true, takesHeapSnapshot: true, takesScreenshot: true, unexpectedAlertBehaviour: , unhandledPromptBehavior: , version: 64.0.3282.186, webStorageEnabled: true}
Session ID: e3a1c40aaf9bc735225d1600015c126a)

2018-03-05 20:31:55 - [TEST_STEP][PASSED] - Statement - timeStamp = new java.text.SimpleDateFormat(dd.MM.yyyy).format(java.util.Calendar.getInstance().getTime()): null

2018-03-05 20:31:55 - [TEST_STEP][PASSED] - Statement - timeStampScreenshot = new java.text.SimpleDateFormat(dd.MM.yyyy).format(java.util.Calendar.getInstance().getTime()): null

2018-03-05 20:31:55 - [TEST_STEP][PASSED] - Statement - iconmap = [:]: null

2018-03-05 20:31:55 - [TEST_STEP][PASSED] - Statement - txtmap = [:]: null

2018-03-05 20:31:55 - [TEST_STEP][PASSED] - Statement - signmap = [:]: null

2018-03-05 20:31:55 - [TEST_STEP][PASSED] - cupakeysDl.initStart.initialStart: cupakeysDl.initStart.initialStart is PASSED

2018-03-05 20:31:56 - [MESSAGE][PASSED] - Browser is opened with url: ''

2018-03-05 20:31:59 - [MESSAGE][PASSED] - Delayed 3 second(s)

2018-03-05 20:32:02 - [MESSAGE][PASSED] - Navigate to 'https://d16a4dsnr8a0k1.cloudfront.net/en/2455233.html?price=150.00%20%E2%82%AC&partName=wilsonPartName&vin=wilsonVin&modelCode=XP11&paint=P0A94&modelDescription=wilsonModelDescription&additionalEquipment=wilsonAdditionalEquipment' successfully

2018-03-05 20:32:02 - [MESSAGE][PASSED] - Object 'Object Repository/CuPaDl/Loading_indicator' is visible

2018-03-05 20:32:10 - [MESSAGE][PASSED] - Object 'Object Repository/CuPaDl/Loading_indicator' is NOT visible

2018-03-05 20:32:11 - [MESSAGE][PASSED] - Delayed 1 second(s)

2018-03-05 20:32:11 - [MESSAGE][PASSED] - cupakeysDl.initStart.initialStart is PASSED

2018-03-05 20:32:11 - [TEST_STEP][PASSED] - Statement - (step++): null

2018-03-05 20:32:11 - [TEST_STEP][PASSED] - cupakeysDl.color.changecolor: cupakeysDl.color.changecolor is PASSED

2018-03-05 20:32:11 - [MESSAGE][PASSED] - Object 'Object Repository/CuPaDl/Color/Color' is visible

2018-03-05 20:32:12 - [MESSAGE][PASSED] - Object: 'Object Repository/CuPaDl/Color/Color' is clicked on

2018-03-05 20:32:13 - [MESSAGE][PASSED] - Delayed 1 second(s)

2018-03-05 20:32:13 - [MESSAGE][PASSED] - Object 'Object Repository/CuPaDl/Color/Color_thundergrey' is visible

2018-03-05 20:32:13 - [MESSAGE][PASSED] - Object: 'Object Repository/CuPaDl/Color/Color_thundergrey' is clicked on

2018-03-05 20:32:13 - [MESSAGE][WARNING] - Timeout '0' is invalid. Using default page load timeout: '30'

2018-03-05 20:32:13 - [MESSAGE][PASSED] - Object 'Object Repository/CuPaDl/Color/Color_thundergrey' is visible

2018-03-05 20:32:14 - [MESSAGE][PASSED] - Delayed 1 second(s)

2018-03-05 20:32:14 - [MESSAGE][PASSED] - Object: 'Object Repository/CuPaDl/Color/Color_thundergrey' is clicked on

2018-03-05 20:32:14 - [MESSAGE][PASSED] - Object 'Object Repository/CuPaDl/Loading_indicator' is visible

2018-03-05 20:32:16 - [MESSAGE][PASSED] - Object 'Object Repository/CuPaDl/Loading_indicator' is NOT visible

2018-03-05 20:32:17 - [MESSAGE][PASSED] - Delayed 1 second(s)

2018-03-05 20:32:17 - [MESSAGE][PASSED] - cupakeysDl.color.changecolor is PASSED

2018-03-05 20:32:17 - [TEST_STEP][PASSED] - Statement - (step++): null

2018-03-05 20:32:17 - [TEST_STEP][PASSED] - cupakeysDl.chngstruct.changestructure: cupakeysDl.chngstruct.changestructure is PASSED

2018-03-05 20:32:17 - [MESSAGE][PASSED] - Object: 'Object Repository/CuPaDl/Structure/Structure' is clicked on

2018-03-05 20:32:17 - [MESSAGE][WARNING] - Timeout '0' is invalid. Using default page load timeout: '30'

2018-03-05 20:32:17 - [MESSAGE][PASSED] - Object 'Object Repository/CuPaDl/Structure/Structure_Hahnentritt' is visible

2018-03-05 20:32:19 - [MESSAGE][WARNING] - Object 'Object Repository/CuPaDl/Structure/Structure_fadedrop' is not visible after 2 second(s)

2018-03-05 20:32:19 - [MESSAGE][PASSED] - Object: 'Object Repository/CuPaDl/MenuScroll/ObjectsScrollRight' is clicked on

2018-03-05 20:32:21 - [MESSAGE][PASSED] - Delayed 2 second(s)

2018-03-05 20:32:21 - [MESSAGE][PASSED] - Object: 'Object Repository/CuPaDl/Structure/Structure_fadedrop' is clicked on

2018-03-05 20:32:23 - [MESSAGE][PASSED] - Object 'Object Repository/CuPaDl/Loading_indicator' is visible

2018-03-05 20:32:30 - [MESSAGE][PASSED] - Object 'Object Repository/CuPaDl/Loading_indicator' is NOT visible

2018-03-05 20:32:31 - [MESSAGE][PASSED] - Delayed 1 second(s)

2018-03-05 20:32:31 - [MESSAGE][PASSED] - cupakeysDl.chngstruct.changestructure is PASSED

2018-03-05 20:32:31 - [TEST_STEP][PASSED] - Statement - (step++): null

2018-03-05 20:32:31 - [TEST_STEP][PASSED] - cupakeysDl.sclstruct.scalestructure: cupakeysDl.sclstruct.scalestructure is PASSED

2018-03-05 20:32:34 - [MESSAGE][WARNING] - Object 'Object Repository/CuPaDl/Structure/Resize_Structure_bottomright' is not visible after 3 second(s)

2018-03-05 20:32:34 - [MESSAGE][PASSED] - Object: 'Object Repository/CuPaDl/Structure/Resize_Structure' is clicked on

2018-03-05 20:32:34 - [MESSAGE][WARNING] - Timeout '0' is invalid. Using default page load timeout: '30'

2018-03-05 20:32:34 - [MESSAGE][PASSED] - Object 'Object Repository/CuPaDl/Structure/Resize_Structure_bottomright' is visible

2018-03-05 20:32:35 - [MESSAGE][PASSED] - Delayed 1 second(s)

2018-03-05 20:32:35 - [MESSAGE][PASSED] - Current viewport's left (x) position is 0

2018-03-05 20:32:35 - [MESSAGE][PASSED] - Current viewport's top (y) position is 54

2018-03-05 20:32:35 - [MESSAGE][PASSED] - Dragged object with id 'Object Repository/CuPaDl/Structure/Resize_Structure_bottomright' by offset distance x = -225 and y = -171 successfully

2018-03-05 20:32:36 - [MESSAGE][PASSED] - Object 'Object Repository/CuPaDl/Loading_indicator' is visible

2018-03-05 20:32:43 - [MESSAGE][PASSED] - Object 'Object Repository/CuPaDl/Loading_indicator' is NOT visible

2018-03-05 20:32:44 - [MESSAGE][PASSED] - Delayed 1 second(s)

2018-03-05 20:32:44 - [MESSAGE][PASSED] - cupakeysDl.sclstruct.scalestructure is PASSED

2018-03-05 20:32:44 - [TEST_STEP][PASSED] - Statement - (step++): null

2018-03-05 20:32:44 - [TEST_STEP][FAILED] - Statement - iconmap += CustomKeywords.cupakeysDl.iconad.iconadd("wave", LoadTimeCorrector, step, run, device, timeStamp, iconcount): Unable to click on object 'Object Repository/CuPaDl/Icons/Icon_wave' (Root cause: org.openqa.selenium.ElementNotVisibleException: element not visible
  (Session info: headless chrome=64.0.3282.186)
  (Driver info: chromedriver=2.35.528161 (5b82f2d2aae0ca24b877009200ced9065a772e73),platform=Windows NT 10.0.16299 x86_64) (WARNING: The server did not provide any stacktrace information)
Command duration or timeout: 0 milliseconds
Build info: version: '3.7.1', revision: '8a0099a', time: '2017-11-06T21:07:36.161Z'
System info: host: 'DESKTOP-47R6KV7', ip: '192.168.100.78', os.name: 'Windows 10', os.arch: 'amd64', os.version: '10.0', java.version: '1.8.0_102'
Driver info: com.kms.katalon.selenium.driver.CChromeDriver
Capabilities {acceptInsecureCerts: false, acceptSslCerts: false, applicationCacheEnabled: false, browserConnectionEnabled: false, browserName: chrome, chrome: {chromedriverVersion: 2.35.528161 (5b82f2d2aae0ca..., userDataDir: C:\Users\MEGAPO~1\AppData\L...}, cssSelectorsEnabled: true, databaseEnabled: false, handlesAlerts: true, hasTouchScreen: false, javascriptEnabled: true, locationContextEnabled: true, mobileEmulationEnabled: false, nativeEvents: true, networkConnectionEnabled: false, pageLoadStrategy: normal, platform: XP, platformName: XP, rotatable: false, setWindowRect: true, takesHeapSnapshot: true, takesScreenshot: true, unexpectedAlertBehaviour: , unhandledPromptBehavior: , version: 64.0.3282.186, webStorageEnabled: true}
Session ID: e3a1c40aaf9bc735225d1600015c126a)

2018-03-05 20:32:45 - [MESSAGE][PASSED] - Object: 'Object Repository/CuPaDl/Icons/Icon' is clicked on

2018-03-05 20:32:45 - [MESSAGE][PASSED] - Object 'Object Repository/CuPaDl/Icons/Icon_wave' is visible

2018-03-05 20:32:45 - [MESSAGE][PASSED] - Object: 'Object Repository/CuPaDl/Icons/Icon_wave' is clicked on

2018-03-05 20:32:46 - [MESSAGE][PASSED] - Delayed 1 second(s)

2018-03-05 20:32:46 - [MESSAGE][FAILED] - Unable to click on object 'Object Repository/CuPaDl/Icons/Icon_wave' (Root cause: org.openqa.selenium.ElementNotVisibleException: element not visible
  (Session info: headless chrome=64.0.3282.186)
  (Driver info: chromedriver=2.35.528161 (5b82f2d2aae0ca24b877009200ced9065a772e73),platform=Windows NT 10.0.16299 x86_64) (WARNING: The server did not provide any stacktrace information)
Command duration or timeout: 0 milliseconds
Build info: version: '3.7.1', revision: '8a0099a', time: '2017-11-06T21:07:36.161Z'
System info: host: 'DESKTOP-47R6KV7', ip: '192.168.100.78', os.name: 'Windows 10', os.arch: 'amd64', os.version: '10.0', java.version: '1.8.0_102'
Driver info: com.kms.katalon.selenium.driver.CChromeDriver
Capabilities {acceptInsecureCerts: false, acceptSslCerts: false, applicationCacheEnabled: false, browserConnectionEnabled: false, browserName: chrome, chrome: {chromedriverVersion: 2.35.528161 (5b82f2d2aae0ca..., userDataDir: C:\Users\MEGAPO~1\AppData\L...}, cssSelectorsEnabled: true, databaseEnabled: false, handlesAlerts: true, hasTouchScreen: false, javascriptEnabled: true, locationContextEnabled: true, mobileEmulationEnabled: false, nativeEvents: true, networkConnectionEnabled: false, pageLoadStrategy: normal, platform: XP, platformName: XP, rotatable: false, setWindowRect: true, takesHeapSnapshot: true, takesScreenshot: true, unexpectedAlertBehaviour: , unhandledPromptBehavior: , version: 64.0.3282.186, webStorageEnabled: true}
Session ID: e3a1c40aaf9bc735225d1600015c126a)

2018-03-05 20:32:46 - [MESSAGE][FAILED] - Unable to click on object 'Object Repository/CuPaDl/Icons/Icon_wave' (Root cause: org.openqa.selenium.ElementNotVisibleException: element not visible
  (Session info: headless chrome=64.0.3282.186)
  (Driver info: chromedriver=2.35.528161 (5b82f2d2aae0ca24b877009200ced9065a772e73),platform=Windows NT 10.0.16299 x86_64) (WARNING: The server did not provide any stacktrace information)
Command duration or timeout: 0 milliseconds
Build info: version: '3.7.1', revision: '8a0099a', time: '2017-11-06T21:07:36.161Z'
System info: host: 'DESKTOP-47R6KV7', ip: '192.168.100.78', os.name: 'Windows 10', os.arch: 'amd64', os.version: '10.0', java.version: '1.8.0_102'
Driver info: com.kms.katalon.selenium.driver.CChromeDriver
Capabilities {acceptInsecureCerts: false, acceptSslCerts: false, applicationCacheEnabled: false, browserConnectionEnabled: false, browserName: chrome, chrome: {chromedriverVersion: 2.35.528161 (5b82f2d2aae0ca..., userDataDir: C:\Users\MEGAPO~1\AppData\L...}, cssSelectorsEnabled: true, databaseEnabled: false, handlesAlerts: true, hasTouchScreen: false, javascriptEnabled: true, locationContextEnabled: true, mobileEmulationEnabled: false, nativeEvents: true, networkConnectionEnabled: false, pageLoadStrategy: normal, platform: XP, platformName: XP, rotatable: false, setWindowRect: true, takesHeapSnapshot: true, takesScreenshot: true, unexpectedAlertBehaviour: , unhandledPromptBehavior: , version: 64.0.3282.186, webStorageEnabled: true}
Session ID: e3a1c40aaf9bc735225d1600015c126a)]]></system-out>
         <system-err><![CDATA[2018-03-05 20:31:54 - [TEST_CASE][FAILED] - Test Cases/CuPaStefanie/29: Test Cases/CuPaStefanie/29 FAILED because (of) Unable to click on object 'Object Repository/CuPaDl/Icons/Icon_wave' (Root cause: org.openqa.selenium.ElementNotVisibleException: element not visible
  (Session info: headless chrome=64.0.3282.186)
  (Driver info: chromedriver=2.35.528161 (5b82f2d2aae0ca24b877009200ced9065a772e73),platform=Windows NT 10.0.16299 x86_64) (WARNING: The server did not provide any stacktrace information)
Command duration or timeout: 0 milliseconds
Build info: version: '3.7.1', revision: '8a0099a', time: '2017-11-06T21:07:36.161Z'
System info: host: 'DESKTOP-47R6KV7', ip: '192.168.100.78', os.name: 'Windows 10', os.arch: 'amd64', os.version: '10.0', java.version: '1.8.0_102'
Driver info: com.kms.katalon.selenium.driver.CChromeDriver
Capabilities {acceptInsecureCerts: false, acceptSslCerts: false, applicationCacheEnabled: false, browserConnectionEnabled: false, browserName: chrome, chrome: {chromedriverVersion: 2.35.528161 (5b82f2d2aae0ca..., userDataDir: C:\Users\MEGAPO~1\AppData\L...}, cssSelectorsEnabled: true, databaseEnabled: false, handlesAlerts: true, hasTouchScreen: false, javascriptEnabled: true, locationContextEnabled: true, mobileEmulationEnabled: false, nativeEvents: true, networkConnectionEnabled: false, pageLoadStrategy: normal, platform: XP, platformName: XP, rotatable: false, setWindowRect: true, takesHeapSnapshot: true, takesScreenshot: true, unexpectedAlertBehaviour: , unhandledPromptBehavior: , version: 64.0.3282.186, webStorageEnabled: true}
Session ID: e3a1c40aaf9bc735225d1600015c126a)]]></system-err>
      </testcase>
      <testcase name="Test Cases/CuPaStefanie/30" classname="Test Cases/CuPaStefanie/30" status="FAILED">
         <failure type="FAILED" message="Unable to click on object 'Object Repository/CuPaDl/Icons/Icon_wave' (Root cause: org.openqa.selenium.ElementNotVisibleException: element not visible
  (Session info: headless chrome=64.0.3282.186)
  (Driver info: chromedriver=2.35.528161 (5b82f2d2aae0ca24b877009200ced9065a772e73),platform=Windows NT 10.0.16299 x86_64) (WARNING: The server did not provide any stacktrace information)
Command duration or timeout: 0 milliseconds
Build info: version: '3.7.1', revision: '8a0099a', time: '2017-11-06T21:07:36.161Z'
System info: host: 'DESKTOP-47R6KV7', ip: '192.168.100.78', os.name: 'Windows 10', os.arch: 'amd64', os.version: '10.0', java.version: '1.8.0_102'
Driver info: com.kms.katalon.selenium.driver.CChromeDriver
Capabilities {acceptInsecureCerts: false, acceptSslCerts: false, applicationCacheEnabled: false, browserConnectionEnabled: false, browserName: chrome, chrome: {chromedriverVersion: 2.35.528161 (5b82f2d2aae0ca..., userDataDir: C:\Users\MEGAPO~1\AppData\L...}, cssSelectorsEnabled: true, databaseEnabled: false, handlesAlerts: true, hasTouchScreen: false, javascriptEnabled: true, locationContextEnabled: true, mobileEmulationEnabled: false, nativeEvents: true, networkConnectionEnabled: false, pageLoadStrategy: normal, platform: XP, platformName: XP, rotatable: false, setWindowRect: true, takesHeapSnapshot: true, takesScreenshot: true, unexpectedAlertBehaviour: , unhandledPromptBehavior: , version: 64.0.3282.186, webStorageEnabled: true}
Session ID: 20cec7a40f6847788ed1d3a86b8b7db0)"/>
         <system-out><![CDATA[2018-03-05 20:32:46 - [TEST_CASE][FAILED] - Test Cases/CuPaStefanie/30: Test Cases/CuPaStefanie/30 FAILED because (of) Unable to click on object 'Object Repository/CuPaDl/Icons/Icon_wave' (Root cause: org.openqa.selenium.ElementNotVisibleException: element not visible
  (Session info: headless chrome=64.0.3282.186)
  (Driver info: chromedriver=2.35.528161 (5b82f2d2aae0ca24b877009200ced9065a772e73),platform=Windows NT 10.0.16299 x86_64) (WARNING: The server did not provide any stacktrace information)
Command duration or timeout: 0 milliseconds
Build info: version: '3.7.1', revision: '8a0099a', time: '2017-11-06T21:07:36.161Z'
System info: host: 'DESKTOP-47R6KV7', ip: '192.168.100.78', os.name: 'Windows 10', os.arch: 'amd64', os.version: '10.0', java.version: '1.8.0_102'
Driver info: com.kms.katalon.selenium.driver.CChromeDriver
Capabilities {acceptInsecureCerts: false, acceptSslCerts: false, applicationCacheEnabled: false, browserConnectionEnabled: false, browserName: chrome, chrome: {chromedriverVersion: 2.35.528161 (5b82f2d2aae0ca..., userDataDir: C:\Users\MEGAPO~1\AppData\L...}, cssSelectorsEnabled: true, databaseEnabled: false, handlesAlerts: true, hasTouchScreen: false, javascriptEnabled: true, locationContextEnabled: true, mobileEmulationEnabled: false, nativeEvents: true, networkConnectionEnabled: false, pageLoadStrategy: normal, platform: XP, platformName: XP, rotatable: false, setWindowRect: true, takesHeapSnapshot: true, takesScreenshot: true, unexpectedAlertBehaviour: , unhandledPromptBehavior: , version: 64.0.3282.186, webStorageEnabled: true}
Session ID: 20cec7a40f6847788ed1d3a86b8b7db0)

2018-03-05 20:32:46 - [TEST_STEP][PASSED] - Statement - timeStamp = new java.text.SimpleDateFormat(dd.MM.yyyy).format(java.util.Calendar.getInstance().getTime()): null

2018-03-05 20:32:46 - [TEST_STEP][PASSED] - Statement - timeStampScreenshot = new java.text.SimpleDateFormat(dd.MM.yyyy).format(java.util.Calendar.getInstance().getTime()): null

2018-03-05 20:32:46 - [TEST_STEP][PASSED] - Statement - iconmap = [:]: null

2018-03-05 20:32:46 - [TEST_STEP][PASSED] - Statement - txtmap = [:]: null

2018-03-05 20:32:46 - [TEST_STEP][PASSED] - Statement - signmap = [:]: null

2018-03-05 20:32:46 - [TEST_STEP][PASSED] - cupakeysDl.initStart.initialStart: cupakeysDl.initStart.initialStart is PASSED

2018-03-05 20:32:46 - [MESSAGE][WARNING] - A browser is already opened. Closing browser and opening a new one

2018-03-05 20:32:48 - [MESSAGE][PASSED] - Browser is opened with url: ''

2018-03-05 20:32:51 - [MESSAGE][PASSED] - Delayed 3 second(s)

2018-03-05 20:32:53 - [MESSAGE][PASSED] - Navigate to 'https://d16a4dsnr8a0k1.cloudfront.net/en/2455233.html?price=150.00%20%E2%82%AC&partName=wilsonPartName&vin=wilsonVin&modelCode=XP11&paint=P0A94&modelDescription=wilsonModelDescription&additionalEquipment=wilsonAdditionalEquipment' successfully

2018-03-05 20:32:53 - [MESSAGE][PASSED] - Object 'Object Repository/CuPaDl/Loading_indicator' is visible

2018-03-05 20:33:01 - [MESSAGE][PASSED] - Object 'Object Repository/CuPaDl/Loading_indicator' is NOT visible

2018-03-05 20:33:02 - [MESSAGE][PASSED] - Delayed 1 second(s)

2018-03-05 20:33:02 - [MESSAGE][PASSED] - cupakeysDl.initStart.initialStart is PASSED

2018-03-05 20:33:02 - [TEST_STEP][PASSED] - Statement - (step++): null

2018-03-05 20:33:02 - [TEST_STEP][PASSED] - cupakeysDl.color.changecolor: cupakeysDl.color.changecolor is PASSED

2018-03-05 20:33:02 - [MESSAGE][PASSED] - Object 'Object Repository/CuPaDl/Color/Color' is visible

2018-03-05 20:33:02 - [MESSAGE][PASSED] - Object: 'Object Repository/CuPaDl/Color/Color' is clicked on

2018-03-05 20:33:03 - [MESSAGE][PASSED] - Delayed 1 second(s)

2018-03-05 20:33:03 - [MESSAGE][PASSED] - Object 'Object Repository/CuPaDl/Color/Color_thundergrey' is visible

2018-03-05 20:33:03 - [MESSAGE][PASSED] - Object: 'Object Repository/CuPaDl/Color/Color_thundergrey' is clicked on

2018-03-05 20:33:03 - [MESSAGE][WARNING] - Timeout '0' is invalid. Using default page load timeout: '30'

2018-03-05 20:33:03 - [MESSAGE][PASSED] - Object 'Object Repository/CuPaDl/Color/Color_thundergrey' is visible

2018-03-05 20:33:04 - [MESSAGE][PASSED] - Delayed 1 second(s)

2018-03-05 20:33:05 - [MESSAGE][PASSED] - Object: 'Object Repository/CuPaDl/Color/Color_thundergrey' is clicked on

2018-03-05 20:33:05 - [MESSAGE][PASSED] - Object 'Object Repository/CuPaDl/Loading_indicator' is visible

2018-03-05 20:33:07 - [MESSAGE][PASSED] - Object 'Object Repository/CuPaDl/Loading_indicator' is NOT visible

2018-03-05 20:33:08 - [MESSAGE][PASSED] - Delayed 1 second(s)

2018-03-05 20:33:08 - [MESSAGE][PASSED] - cupakeysDl.color.changecolor is PASSED

2018-03-05 20:33:08 - [TEST_STEP][PASSED] - Statement - (step++): null

2018-03-05 20:33:08 - [TEST_STEP][PASSED] - cupakeysDl.chngstruct.changestructure: cupakeysDl.chngstruct.changestructure is PASSED

2018-03-05 20:33:08 - [MESSAGE][PASSED] - Object: 'Object Repository/CuPaDl/Structure/Structure' is clicked on

2018-03-05 20:33:08 - [MESSAGE][WARNING] - Timeout '0' is invalid. Using default page load timeout: '30'

2018-03-05 20:33:08 - [MESSAGE][PASSED] - Object 'Object Repository/CuPaDl/Structure/Structure_Hahnentritt' is visible

2018-03-05 20:33:10 - [MESSAGE][WARNING] - Object 'Object Repository/CuPaDl/Structure/Structure_fadedrop' is not visible after 2 second(s)

2018-03-05 20:33:10 - [MESSAGE][PASSED] - Object: 'Object Repository/CuPaDl/MenuScroll/ObjectsScrollRight' is clicked on

2018-03-05 20:33:12 - [MESSAGE][PASSED] - Delayed 2 second(s)

2018-03-05 20:33:12 - [MESSAGE][PASSED] - Object: 'Object Repository/CuPaDl/Structure/Structure_fadedrop' is clicked on

2018-03-05 20:33:13 - [MESSAGE][PASSED] - Object 'Object Repository/CuPaDl/Loading_indicator' is visible

2018-03-05 20:33:20 - [MESSAGE][PASSED] - Object 'Object Repository/CuPaDl/Loading_indicator' is NOT visible

2018-03-05 20:33:21 - [MESSAGE][PASSED] - Delayed 1 second(s)

2018-03-05 20:33:21 - [MESSAGE][PASSED] - cupakeysDl.chngstruct.changestructure is PASSED

2018-03-05 20:33:21 - [TEST_STEP][PASSED] - Statement - (step++): null

2018-03-05 20:33:21 - [TEST_STEP][PASSED] - cupakeysDl.sclstruct.scalestructure: cupakeysDl.sclstruct.scalestructure is PASSED

2018-03-05 20:33:25 - [MESSAGE][WARNING] - Object 'Object Repository/CuPaDl/Structure/Resize_Structure_bottomright' is not visible after 3 second(s)

2018-03-05 20:33:25 - [MESSAGE][PASSED] - Object: 'Object Repository/CuPaDl/Structure/Resize_Structure' is clicked on

2018-03-05 20:33:25 - [MESSAGE][WARNING] - Timeout '0' is invalid. Using default page load timeout: '30'

2018-03-05 20:33:25 - [MESSAGE][PASSED] - Object 'Object Repository/CuPaDl/Structure/Resize_Structure_bottomright' is visible

2018-03-05 20:33:26 - [MESSAGE][PASSED] - Delayed 1 second(s)

2018-03-05 20:33:26 - [MESSAGE][PASSED] - Current viewport's left (x) position is 0

2018-03-05 20:33:26 - [MESSAGE][PASSED] - Current viewport's top (y) position is 54

2018-03-05 20:33:26 - [MESSAGE][PASSED] - Dragged object with id 'Object Repository/CuPaDl/Structure/Resize_Structure_bottomright' by offset distance x = 225 and y = 279 successfully

2018-03-05 20:33:26 - [MESSAGE][PASSED] - Object 'Object Repository/CuPaDl/Loading_indicator' is visible

2018-03-05 20:33:32 - [MESSAGE][PASSED] - Object 'Object Repository/CuPaDl/Loading_indicator' is NOT visible

2018-03-05 20:33:33 - [MESSAGE][PASSED] - Delayed 1 second(s)

2018-03-05 20:33:33 - [MESSAGE][PASSED] - cupakeysDl.sclstruct.scalestructure is PASSED

2018-03-05 20:33:33 - [TEST_STEP][PASSED] - Statement - (step++): null

2018-03-05 20:33:33 - [TEST_STEP][FAILED] - Statement - iconmap += CustomKeywords.cupakeysDl.iconad.iconadd("wave", LoadTimeCorrector, step, run, device, timeStamp, iconcount): Unable to click on object 'Object Repository/CuPaDl/Icons/Icon_wave' (Root cause: org.openqa.selenium.ElementNotVisibleException: element not visible
  (Session info: headless chrome=64.0.3282.186)
  (Driver info: chromedriver=2.35.528161 (5b82f2d2aae0ca24b877009200ced9065a772e73),platform=Windows NT 10.0.16299 x86_64) (WARNING: The server did not provide any stacktrace information)
Command duration or timeout: 0 milliseconds
Build info: version: '3.7.1', revision: '8a0099a', time: '2017-11-06T21:07:36.161Z'
System info: host: 'DESKTOP-47R6KV7', ip: '192.168.100.78', os.name: 'Windows 10', os.arch: 'amd64', os.version: '10.0', java.version: '1.8.0_102'
Driver info: com.kms.katalon.selenium.driver.CChromeDriver
Capabilities {acceptInsecureCerts: false, acceptSslCerts: false, applicationCacheEnabled: false, browserConnectionEnabled: false, browserName: chrome, chrome: {chromedriverVersion: 2.35.528161 (5b82f2d2aae0ca..., userDataDir: C:\Users\MEGAPO~1\AppData\L...}, cssSelectorsEnabled: true, databaseEnabled: false, handlesAlerts: true, hasTouchScreen: false, javascriptEnabled: true, locationContextEnabled: true, mobileEmulationEnabled: false, nativeEvents: true, networkConnectionEnabled: false, pageLoadStrategy: normal, platform: XP, platformName: XP, rotatable: false, setWindowRect: true, takesHeapSnapshot: true, takesScreenshot: true, unexpectedAlertBehaviour: , unhandledPromptBehavior: , version: 64.0.3282.186, webStorageEnabled: true}
Session ID: 20cec7a40f6847788ed1d3a86b8b7db0)

2018-03-05 20:33:34 - [MESSAGE][PASSED] - Object: 'Object Repository/CuPaDl/Icons/Icon' is clicked on

2018-03-05 20:33:34 - [MESSAGE][PASSED] - Object 'Object Repository/CuPaDl/Icons/Icon_wave' is visible

2018-03-05 20:33:34 - [MESSAGE][PASSED] - Object: 'Object Repository/CuPaDl/Icons/Icon_wave' is clicked on

2018-03-05 20:33:35 - [MESSAGE][PASSED] - Delayed 1 second(s)

2018-03-05 20:33:35 - [MESSAGE][FAILED] - Unable to click on object 'Object Repository/CuPaDl/Icons/Icon_wave' (Root cause: org.openqa.selenium.ElementNotVisibleException: element not visible
  (Session info: headless chrome=64.0.3282.186)
  (Driver info: chromedriver=2.35.528161 (5b82f2d2aae0ca24b877009200ced9065a772e73),platform=Windows NT 10.0.16299 x86_64) (WARNING: The server did not provide any stacktrace information)
Command duration or timeout: 0 milliseconds
Build info: version: '3.7.1', revision: '8a0099a', time: '2017-11-06T21:07:36.161Z'
System info: host: 'DESKTOP-47R6KV7', ip: '192.168.100.78', os.name: 'Windows 10', os.arch: 'amd64', os.version: '10.0', java.version: '1.8.0_102'
Driver info: com.kms.katalon.selenium.driver.CChromeDriver
Capabilities {acceptInsecureCerts: false, acceptSslCerts: false, applicationCacheEnabled: false, browserConnectionEnabled: false, browserName: chrome, chrome: {chromedriverVersion: 2.35.528161 (5b82f2d2aae0ca..., userDataDir: C:\Users\MEGAPO~1\AppData\L...}, cssSelectorsEnabled: true, databaseEnabled: false, handlesAlerts: true, hasTouchScreen: false, javascriptEnabled: true, locationContextEnabled: true, mobileEmulationEnabled: false, nativeEvents: true, networkConnectionEnabled: false, pageLoadStrategy: normal, platform: XP, platformName: XP, rotatable: false, setWindowRect: true, takesHeapSnapshot: true, takesScreenshot: true, unexpectedAlertBehaviour: , unhandledPromptBehavior: , version: 64.0.3282.186, webStorageEnabled: true}
Session ID: 20cec7a40f6847788ed1d3a86b8b7db0)

2018-03-05 20:33:35 - [MESSAGE][FAILED] - Unable to click on object 'Object Repository/CuPaDl/Icons/Icon_wave' (Root cause: org.openqa.selenium.ElementNotVisibleException: element not visible
  (Session info: headless chrome=64.0.3282.186)
  (Driver info: chromedriver=2.35.528161 (5b82f2d2aae0ca24b877009200ced9065a772e73),platform=Windows NT 10.0.16299 x86_64) (WARNING: The server did not provide any stacktrace information)
Command duration or timeout: 0 milliseconds
Build info: version: '3.7.1', revision: '8a0099a', time: '2017-11-06T21:07:36.161Z'
System info: host: 'DESKTOP-47R6KV7', ip: '192.168.100.78', os.name: 'Windows 10', os.arch: 'amd64', os.version: '10.0', java.version: '1.8.0_102'
Driver info: com.kms.katalon.selenium.driver.CChromeDriver
Capabilities {acceptInsecureCerts: false, acceptSslCerts: false, applicationCacheEnabled: false, browserConnectionEnabled: false, browserName: chrome, chrome: {chromedriverVersion: 2.35.528161 (5b82f2d2aae0ca..., userDataDir: C:\Users\MEGAPO~1\AppData\L...}, cssSelectorsEnabled: true, databaseEnabled: false, handlesAlerts: true, hasTouchScreen: false, javascriptEnabled: true, locationContextEnabled: true, mobileEmulationEnabled: false, nativeEvents: true, networkConnectionEnabled: false, pageLoadStrategy: normal, platform: XP, platformName: XP, rotatable: false, setWindowRect: true, takesHeapSnapshot: true, takesScreenshot: true, unexpectedAlertBehaviour: , unhandledPromptBehavior: , version: 64.0.3282.186, webStorageEnabled: true}
Session ID: 20cec7a40f6847788ed1d3a86b8b7db0)]]></system-out>
         <system-err><![CDATA[2018-03-05 20:32:46 - [TEST_CASE][FAILED] - Test Cases/CuPaStefanie/30: Test Cases/CuPaStefanie/30 FAILED because (of) Unable to click on object 'Object Repository/CuPaDl/Icons/Icon_wave' (Root cause: org.openqa.selenium.ElementNotVisibleException: element not visible
  (Session info: headless chrome=64.0.3282.186)
  (Driver info: chromedriver=2.35.528161 (5b82f2d2aae0ca24b877009200ced9065a772e73),platform=Windows NT 10.0.16299 x86_64) (WARNING: The server did not provide any stacktrace information)
Command duration or timeout: 0 milliseconds
Build info: version: '3.7.1', revision: '8a0099a', time: '2017-11-06T21:07:36.161Z'
System info: host: 'DESKTOP-47R6KV7', ip: '192.168.100.78', os.name: 'Windows 10', os.arch: 'amd64', os.version: '10.0', java.version: '1.8.0_102'
Driver info: com.kms.katalon.selenium.driver.CChromeDriver
Capabilities {acceptInsecureCerts: false, acceptSslCerts: false, applicationCacheEnabled: false, browserConnectionEnabled: false, browserName: chrome, chrome: {chromedriverVersion: 2.35.528161 (5b82f2d2aae0ca..., userDataDir: C:\Users\MEGAPO~1\AppData\L...}, cssSelectorsEnabled: true, databaseEnabled: false, handlesAlerts: true, hasTouchScreen: false, javascriptEnabled: true, locationContextEnabled: true, mobileEmulationEnabled: false, nativeEvents: true, networkConnectionEnabled: false, pageLoadStrategy: normal, platform: XP, platformName: XP, rotatable: false, setWindowRect: true, takesHeapSnapshot: true, takesScreenshot: true, unexpectedAlertBehaviour: , unhandledPromptBehavior: , version: 64.0.3282.186, webStorageEnabled: true}
Session ID: 20cec7a40f6847788ed1d3a86b8b7db0)]]></system-err>
      </testcase>
      <testcase name="Test Cases/CuPaStefanie/31" classname="Test Cases/CuPaStefanie/31" status="PASSED">
         <system-out><![CDATA[2018-03-05 20:33:35 - [TEST_CASE][PASSED] - Test Cases/CuPaStefanie/31: Test Cases/CuPaStefanie/31

2018-03-05 20:33:35 - [TEST_STEP][PASSED] - Statement - timeStamp = new java.text.SimpleDateFormat(dd.MM.yyyy).format(java.util.Calendar.getInstance().getTime()): null

2018-03-05 20:33:35 - [TEST_STEP][PASSED] - Statement - timeStampScreenshot = new java.text.SimpleDateFormat(dd.MM.yyyy).format(java.util.Calendar.getInstance().getTime()): null

2018-03-05 20:33:35 - [TEST_STEP][PASSED] - Statement - iconmap = [:]: null

2018-03-05 20:33:35 - [TEST_STEP][PASSED] - Statement - txtmap = [:]: null

2018-03-05 20:33:35 - [TEST_STEP][PASSED] - Statement - signmap = [:]: null

2018-03-05 20:33:35 - [TEST_STEP][PASSED] - cupakeysDl.initStart.initialStart: cupakeysDl.initStart.initialStart is PASSED

2018-03-05 20:33:35 - [MESSAGE][WARNING] - A browser is already opened. Closing browser and opening a new one

2018-03-05 20:33:37 - [MESSAGE][PASSED] - Browser is opened with url: ''

2018-03-05 20:33:40 - [MESSAGE][PASSED] - Delayed 3 second(s)

2018-03-05 20:33:42 - [MESSAGE][PASSED] - Navigate to 'https://d16a4dsnr8a0k1.cloudfront.net/en/2455233.html?price=150.00%20%E2%82%AC&partName=wilsonPartName&vin=wilsonVin&modelCode=XP11&paint=P0A94&modelDescription=wilsonModelDescription&additionalEquipment=wilsonAdditionalEquipment' successfully

2018-03-05 20:33:42 - [MESSAGE][PASSED] - Object 'Object Repository/CuPaDl/Loading_indicator' is visible

2018-03-05 20:33:50 - [MESSAGE][PASSED] - Object 'Object Repository/CuPaDl/Loading_indicator' is NOT visible

2018-03-05 20:33:51 - [MESSAGE][PASSED] - Delayed 1 second(s)

2018-03-05 20:33:51 - [MESSAGE][PASSED] - cupakeysDl.initStart.initialStart is PASSED

2018-03-05 20:33:51 - [TEST_STEP][PASSED] - Statement - (step++): null

2018-03-05 20:33:51 - [TEST_STEP][PASSED] - cupakeysDl.color.changecolor: cupakeysDl.color.changecolor is PASSED

2018-03-05 20:33:51 - [MESSAGE][PASSED] - Object 'Object Repository/CuPaDl/Color/Color' is visible

2018-03-05 20:33:51 - [MESSAGE][PASSED] - Object: 'Object Repository/CuPaDl/Color/Color' is clicked on

2018-03-05 20:33:52 - [MESSAGE][PASSED] - Delayed 1 second(s)

2018-03-05 20:33:52 - [MESSAGE][PASSED] - Object 'Object Repository/CuPaDl/Color/Color_lapisblue' is visible

2018-03-05 20:33:52 - [MESSAGE][PASSED] - Object: 'Object Repository/CuPaDl/Color/Color_lapisblue' is clicked on

2018-03-05 20:33:52 - [MESSAGE][WARNING] - Timeout '0' is invalid. Using default page load timeout: '30'

2018-03-05 20:33:52 - [MESSAGE][PASSED] - Object 'Object Repository/CuPaDl/Color/Color_lapisblue' is visible

2018-03-05 20:33:53 - [MESSAGE][PASSED] - Delayed 1 second(s)

2018-03-05 20:33:53 - [MESSAGE][PASSED] - Object: 'Object Repository/CuPaDl/Color/Color_lapisblue' is clicked on

2018-03-05 20:33:56 - [MESSAGE][WARNING] - Object 'Object Repository/CuPaDl/Loading_indicator' is not visible after 3 second(s)

2018-03-05 20:33:57 - [MESSAGE][PASSED] - Delayed 1 second(s)

2018-03-05 20:33:57 - [MESSAGE][PASSED] - cupakeysDl.color.changecolor is PASSED

2018-03-05 20:33:57 - [TEST_STEP][PASSED] - Statement - (step++): null

2018-03-05 20:33:57 - [TEST_STEP][PASSED] - Statement - iconmap += CustomKeywords.cupakeysDl.iconad.iconadd("america", LoadTimeCorrector, step, run, device, timeStamp, iconcount): cupakeysDl.iconad.iconadd is PASSED

2018-03-05 20:33:57 - [MESSAGE][PASSED] - Object: 'Object Repository/CuPaDl/Icons/Icon' is clicked on

2018-03-05 20:34:00 - [MESSAGE][WARNING] - Object 'Object Repository/CuPaDl/Icons/Icon_america' is not visible after 2 second(s)

2018-03-05 20:34:00 - [MESSAGE][PASSED] - Object: 'Object Repository/CuPaDl/MenuScroll/ObjectsScrollRight' is clicked on

2018-03-05 20:34:02 - [MESSAGE][PASSED] - Delayed 2 second(s)

2018-03-05 20:34:02 - [MESSAGE][PASSED] - Object: 'Object Repository/CuPaDl/Icons/Icon_america' is clicked on

2018-03-05 20:34:03 - [MESSAGE][PASSED] - Delayed 1 second(s)

2018-03-05 20:34:03 - [MESSAGE][PASSED] - Object: 'Object Repository/CuPaDl/Icons/Icon_america' is clicked on

2018-03-05 20:34:06 - [MESSAGE][WARNING] - Object 'Object Repository/CuPaDl/Loading_indicator' is not visible after 3 second(s)

2018-03-05 20:34:06 - [MESSAGE][WARNING] - Timeout '0' is invalid. Using default page load timeout: '30'

2018-03-05 20:34:06 - [MESSAGE][PASSED] - Width of element 'Object Repository/CuPaDl/Icons/Reposition_icon' is '40'

2018-03-05 20:34:06 - [MESSAGE][PASSED] - Height of element 'Object Repository/CuPaDl/Icons/Reposition_icon' is '40'.

2018-03-05 20:34:07 - [MESSAGE][PASSED] - Delayed 1 second(s)

2018-03-05 20:34:07 - [MESSAGE][PASSED] - cupakeysDl.iconad.iconadd is PASSED

2018-03-05 20:34:07 - [TEST_STEP][PASSED] - Statement - (step++): null

2018-03-05 20:34:07 - [TEST_STEP][PASSED] - Statement - (iconcount++): null

2018-03-05 20:34:07 - [TEST_STEP][PASSED] - cupakeysDl.iconres.iconresize: cupakeysDl.iconres.iconresize is PASSED

2018-03-05 20:34:07 - [MESSAGE][PASSED] - Object 'Object Repository/CuPaDl/Icons/Reposition_icon' is visible

2018-03-05 20:34:07 - [MESSAGE][PASSED] - Current viewport's left (x) position is 0

2018-03-05 20:34:07 - [MESSAGE][PASSED] - Current viewport's top (y) position is 54

2018-03-05 20:34:08 - [MESSAGE][PASSED] - Dragged object with id 'Object Repository/CuPaDl/Icons/Resize_icon_bottomright' by offset distance x = -125 and y = -71 successfully

2018-03-05 20:34:09 - [MESSAGE][PASSED] - Object 'Object Repository/CuPaDl/Loading_indicator' is visible

2018-03-05 20:34:10 - [MESSAGE][PASSED] - Object 'Object Repository/CuPaDl/Loading_indicator' is NOT visible

2018-03-05 20:34:11 - [MESSAGE][PASSED] - Delayed 1 second(s)

2018-03-05 20:34:11 - [MESSAGE][PASSED] - cupakeysDl.iconres.iconresize is PASSED

2018-03-05 20:34:11 - [TEST_STEP][PASSED] - Statement - (step++): null

2018-03-05 20:34:11 - [TEST_STEP][PASSED] - cupakeysDl.slink.svlink: cupakeysDl.slink.svlink is PASSED

2018-03-05 20:34:11 - [MESSAGE][PASSED] - Scroll to object 'Object Repository/CuPaDl/Save/Save' successfully

2018-03-05 20:34:11 - [MESSAGE][PASSED] - Object: 'Object Repository/CuPaDl/Save/Save' is clicked on

2018-03-05 20:34:11 - [MESSAGE][WARNING] - Timeout '0' is invalid. Using default page load timeout: '30'

2018-03-05 20:34:13 - [MESSAGE][PASSED] - Object 'Object Repository/CuPaDl/Save/CopyLink' is visible

2018-03-05 20:34:13 - [MESSAGE][PASSED] - Object: 'Object Repository/CuPaDl/Save/CopyLink' is clicked on

2018-03-05 20:34:14 - [MESSAGE][PASSED] - Delayed 1 second(s)

2018-03-05 20:34:14 - [MESSAGE][PASSED] - Object: 'Object Repository/CuPaDl/Save/Close' is clicked on

2018-03-05 20:34:15 - [MESSAGE][PASSED] - Delayed 1 second(s)

2018-03-05 20:34:15 - [MESSAGE][PASSED] - cupakeysDl.slink.svlink is PASSED

2018-03-05 20:34:15 - [TEST_STEP][PASSED] - cupakeysDl.endsession.finishsession: cupakeysDl.endsession.finishsession is PASSED

2018-03-05 20:34:18 - [MESSAGE][PASSED] - Delayed 3 second(s)

2018-03-05 20:34:18 - [MESSAGE][PASSED] - Browser is closed

2018-03-05 20:34:18 - [MESSAGE][PASSED] - cupakeysDl.endsession.finishsession is PASSED]]></system-out>
         <system-err><![CDATA[]]></system-err>
      </testcase>
      <testcase name="Test Cases/CuPaStefanie/32" classname="Test Cases/CuPaStefanie/32" status="PASSED">
         <system-out><![CDATA[2018-03-05 20:34:18 - [TEST_CASE][PASSED] - Test Cases/CuPaStefanie/32: Test Cases/CuPaStefanie/32

2018-03-05 20:34:19 - [TEST_STEP][PASSED] - Statement - timeStamp = new java.text.SimpleDateFormat(dd.MM.yyyy).format(java.util.Calendar.getInstance().getTime()): null

2018-03-05 20:34:19 - [TEST_STEP][PASSED] - Statement - timeStampScreenshot = new java.text.SimpleDateFormat(dd.MM.yyyy).format(java.util.Calendar.getInstance().getTime()): null

2018-03-05 20:34:19 - [TEST_STEP][PASSED] - Statement - iconmap = [:]: null

2018-03-05 20:34:19 - [TEST_STEP][PASSED] - Statement - txtmap = [:]: null

2018-03-05 20:34:19 - [TEST_STEP][PASSED] - Statement - signmap = [:]: null

2018-03-05 20:34:19 - [TEST_STEP][PASSED] - cupakeysDl.initStart.initialStart: cupakeysDl.initStart.initialStart is PASSED

2018-03-05 20:34:21 - [MESSAGE][PASSED] - Browser is opened with url: ''

2018-03-05 20:34:24 - [MESSAGE][PASSED] - Delayed 3 second(s)

2018-03-05 20:34:25 - [MESSAGE][PASSED] - Navigate to 'https://d16a4dsnr8a0k1.cloudfront.net/en/2455233.html?price=150.00%20%E2%82%AC&partName=wilsonPartName&vin=wilsonVin&modelCode=XP11&paint=P0A94&modelDescription=wilsonModelDescription&additionalEquipment=wilsonAdditionalEquipment' successfully

2018-03-05 20:34:25 - [MESSAGE][PASSED] - Object 'Object Repository/CuPaDl/Loading_indicator' is visible

2018-03-05 20:34:33 - [MESSAGE][PASSED] - Object 'Object Repository/CuPaDl/Loading_indicator' is NOT visible

2018-03-05 20:34:34 - [MESSAGE][PASSED] - Delayed 1 second(s)

2018-03-05 20:34:34 - [MESSAGE][PASSED] - cupakeysDl.initStart.initialStart is PASSED

2018-03-05 20:34:34 - [TEST_STEP][PASSED] - Statement - (step++): null

2018-03-05 20:34:34 - [TEST_STEP][PASSED] - cupakeysDl.color.changecolor: cupakeysDl.color.changecolor is PASSED

2018-03-05 20:34:34 - [MESSAGE][PASSED] - Object 'Object Repository/CuPaDl/Color/Color' is visible

2018-03-05 20:34:34 - [MESSAGE][PASSED] - Object: 'Object Repository/CuPaDl/Color/Color' is clicked on

2018-03-05 20:34:35 - [MESSAGE][PASSED] - Delayed 1 second(s)

2018-03-05 20:34:35 - [MESSAGE][PASSED] - Object 'Object Repository/CuPaDl/Color/Color_lapisblue' is visible

2018-03-05 20:34:35 - [MESSAGE][PASSED] - Object: 'Object Repository/CuPaDl/Color/Color_lapisblue' is clicked on

2018-03-05 20:34:35 - [MESSAGE][WARNING] - Timeout '0' is invalid. Using default page load timeout: '30'

2018-03-05 20:34:35 - [MESSAGE][PASSED] - Object 'Object Repository/CuPaDl/Color/Color_lapisblue' is visible

2018-03-05 20:34:36 - [MESSAGE][PASSED] - Delayed 1 second(s)

2018-03-05 20:34:37 - [MESSAGE][PASSED] - Object: 'Object Repository/CuPaDl/Color/Color_lapisblue' is clicked on

2018-03-05 20:34:37 - [MESSAGE][PASSED] - Object 'Object Repository/CuPaDl/Loading_indicator' is visible

2018-03-05 20:34:39 - [MESSAGE][PASSED] - Object 'Object Repository/CuPaDl/Loading_indicator' is NOT visible

2018-03-05 20:34:40 - [MESSAGE][PASSED] - Delayed 1 second(s)

2018-03-05 20:34:40 - [MESSAGE][PASSED] - cupakeysDl.color.changecolor is PASSED

2018-03-05 20:34:40 - [TEST_STEP][PASSED] - Statement - (step++): null

2018-03-05 20:34:40 - [TEST_STEP][PASSED] - Statement - iconmap += CustomKeywords.cupakeysDl.iconad.iconadd("america", LoadTimeCorrector, step, run, device, timeStamp, iconcount): cupakeysDl.iconad.iconadd is PASSED

2018-03-05 20:34:40 - [MESSAGE][PASSED] - Object: 'Object Repository/CuPaDl/Icons/Icon' is clicked on

2018-03-05 20:34:42 - [MESSAGE][WARNING] - Object 'Object Repository/CuPaDl/Icons/Icon_america' is not visible after 2 second(s)

2018-03-05 20:34:42 - [MESSAGE][PASSED] - Object: 'Object Repository/CuPaDl/MenuScroll/ObjectsScrollRight' is clicked on

2018-03-05 20:34:44 - [MESSAGE][PASSED] - Delayed 2 second(s)

2018-03-05 20:34:44 - [MESSAGE][PASSED] - Object: 'Object Repository/CuPaDl/Icons/Icon_america' is clicked on

2018-03-05 20:34:45 - [MESSAGE][PASSED] - Delayed 1 second(s)

2018-03-05 20:34:45 - [MESSAGE][PASSED] - Object: 'Object Repository/CuPaDl/Icons/Icon_america' is clicked on

2018-03-05 20:34:45 - [MESSAGE][PASSED] - Object 'Object Repository/CuPaDl/Loading_indicator' is visible

2018-03-05 20:34:48 - [MESSAGE][PASSED] - Object 'Object Repository/CuPaDl/Loading_indicator' is NOT visible

2018-03-05 20:34:48 - [MESSAGE][WARNING] - Timeout '0' is invalid. Using default page load timeout: '30'

2018-03-05 20:34:48 - [MESSAGE][PASSED] - Width of element 'Object Repository/CuPaDl/Icons/Reposition_icon' is '40'

2018-03-05 20:34:48 - [MESSAGE][PASSED] - Height of element 'Object Repository/CuPaDl/Icons/Reposition_icon' is '40'.

2018-03-05 20:34:49 - [MESSAGE][PASSED] - Delayed 1 second(s)

2018-03-05 20:34:49 - [MESSAGE][PASSED] - cupakeysDl.iconad.iconadd is PASSED

2018-03-05 20:34:49 - [TEST_STEP][PASSED] - Statement - (step++): null

2018-03-05 20:34:49 - [TEST_STEP][PASSED] - Statement - (iconcount++): null

2018-03-05 20:34:49 - [TEST_STEP][PASSED] - cupakeysDl.iconres.iconresize: cupakeysDl.iconres.iconresize is PASSED

2018-03-05 20:34:49 - [MESSAGE][PASSED] - Object 'Object Repository/CuPaDl/Icons/Reposition_icon' is visible

2018-03-05 20:34:49 - [MESSAGE][PASSED] - Current viewport's left (x) position is 0

2018-03-05 20:34:49 - [MESSAGE][PASSED] - Current viewport's top (y) position is 54

2018-03-05 20:34:49 - [MESSAGE][PASSED] - Dragged object with id 'Object Repository/CuPaDl/Icons/Resize_icon_bottomright' by offset distance x = 125 and y = 179 successfully

2018-03-05 20:34:50 - [MESSAGE][PASSED] - Object 'Object Repository/CuPaDl/Loading_indicator' is visible

2018-03-05 20:34:51 - [MESSAGE][PASSED] - Object 'Object Repository/CuPaDl/Loading_indicator' is NOT visible

2018-03-05 20:34:52 - [MESSAGE][PASSED] - Delayed 1 second(s)

2018-03-05 20:34:52 - [MESSAGE][PASSED] - cupakeysDl.iconres.iconresize is PASSED

2018-03-05 20:34:52 - [TEST_STEP][PASSED] - Statement - (step++): null

2018-03-05 20:34:52 - [TEST_STEP][PASSED] - cupakeysDl.slink.svlink: cupakeysDl.slink.svlink is PASSED

2018-03-05 20:34:52 - [MESSAGE][PASSED] - Scroll to object 'Object Repository/CuPaDl/Save/Save' successfully

2018-03-05 20:34:52 - [MESSAGE][PASSED] - Object: 'Object Repository/CuPaDl/Save/Save' is clicked on

2018-03-05 20:34:52 - [MESSAGE][WARNING] - Timeout '0' is invalid. Using default page load timeout: '30'

2018-03-05 20:34:54 - [MESSAGE][PASSED] - Object 'Object Repository/CuPaDl/Save/CopyLink' is visible

2018-03-05 20:34:54 - [MESSAGE][PASSED] - Object: 'Object Repository/CuPaDl/Save/CopyLink' is clicked on

2018-03-05 20:34:55 - [MESSAGE][PASSED] - Delayed 1 second(s)

2018-03-05 20:34:55 - [MESSAGE][PASSED] - Object: 'Object Repository/CuPaDl/Save/Close' is clicked on

2018-03-05 20:34:56 - [MESSAGE][PASSED] - Delayed 1 second(s)

2018-03-05 20:34:56 - [MESSAGE][PASSED] - cupakeysDl.slink.svlink is PASSED

2018-03-05 20:34:56 - [TEST_STEP][PASSED] - cupakeysDl.endsession.finishsession: cupakeysDl.endsession.finishsession is PASSED

2018-03-05 20:34:59 - [MESSAGE][PASSED] - Delayed 3 second(s)

2018-03-05 20:35:00 - [MESSAGE][PASSED] - Browser is closed

2018-03-05 20:35:00 - [MESSAGE][PASSED] - cupakeysDl.endsession.finishsession is PASSED]]></system-out>
         <system-err><![CDATA[]]></system-err>
      </testcase>
      <testcase name="Test Cases/CuPaStefanie/33" classname="Test Cases/CuPaStefanie/33" status="PASSED">
         <system-out><![CDATA[2018-03-05 20:35:00 - [TEST_CASE][PASSED] - Test Cases/CuPaStefanie/33: Test Cases/CuPaStefanie/33

2018-03-05 20:35:00 - [TEST_STEP][PASSED] - Statement - timeStamp = new java.text.SimpleDateFormat(dd.MM.yyyy).format(java.util.Calendar.getInstance().getTime()): null

2018-03-05 20:35:00 - [TEST_STEP][PASSED] - Statement - timeStampScreenshot = new java.text.SimpleDateFormat(dd.MM.yyyy).format(java.util.Calendar.getInstance().getTime()): null

2018-03-05 20:35:00 - [TEST_STEP][PASSED] - Statement - iconmap = [:]: null

2018-03-05 20:35:00 - [TEST_STEP][PASSED] - Statement - txtmap = [:]: null

2018-03-05 20:35:00 - [TEST_STEP][PASSED] - Statement - signmap = [:]: null

2018-03-05 20:35:00 - [TEST_STEP][PASSED] - cupakeysDl.initStart.initialStart: cupakeysDl.initStart.initialStart is PASSED

2018-03-05 20:35:02 - [MESSAGE][PASSED] - Browser is opened with url: ''

2018-03-05 20:35:05 - [MESSAGE][PASSED] - Delayed 3 second(s)

2018-03-05 20:35:06 - [MESSAGE][PASSED] - Navigate to 'https://d16a4dsnr8a0k1.cloudfront.net/en/2455233.html?price=150.00%20%E2%82%AC&partName=wilsonPartName&vin=wilsonVin&modelCode=XP11&paint=P0A94&modelDescription=wilsonModelDescription&additionalEquipment=wilsonAdditionalEquipment' successfully

2018-03-05 20:35:06 - [MESSAGE][PASSED] - Object 'Object Repository/CuPaDl/Loading_indicator' is visible

2018-03-05 20:35:14 - [MESSAGE][PASSED] - Object 'Object Repository/CuPaDl/Loading_indicator' is NOT visible

2018-03-05 20:35:15 - [MESSAGE][PASSED] - Delayed 1 second(s)

2018-03-05 20:35:15 - [MESSAGE][PASSED] - cupakeysDl.initStart.initialStart is PASSED

2018-03-05 20:35:15 - [TEST_STEP][PASSED] - Statement - (step++): null

2018-03-05 20:35:15 - [TEST_STEP][PASSED] - cupakeysDl.color.changecolor: cupakeysDl.color.changecolor is PASSED

2018-03-05 20:35:15 - [MESSAGE][PASSED] - Object 'Object Repository/CuPaDl/Color/Color' is visible

2018-03-05 20:35:15 - [MESSAGE][PASSED] - Object: 'Object Repository/CuPaDl/Color/Color' is clicked on

2018-03-05 20:35:16 - [MESSAGE][PASSED] - Delayed 1 second(s)

2018-03-05 20:35:16 - [MESSAGE][PASSED] - Object 'Object Repository/CuPaDl/Color/Color_passionred' is visible

2018-03-05 20:35:16 - [MESSAGE][PASSED] - Object: 'Object Repository/CuPaDl/Color/Color_passionred' is clicked on

2018-03-05 20:35:16 - [MESSAGE][WARNING] - Timeout '0' is invalid. Using default page load timeout: '30'

2018-03-05 20:35:16 - [MESSAGE][PASSED] - Object 'Object Repository/CuPaDl/Color/Color_passionred' is visible

2018-03-05 20:35:17 - [MESSAGE][PASSED] - Delayed 1 second(s)

2018-03-05 20:35:17 - [MESSAGE][PASSED] - Object: 'Object Repository/CuPaDl/Color/Color_passionred' is clicked on

2018-03-05 20:35:19 - [MESSAGE][PASSED] - Object 'Object Repository/CuPaDl/Loading_indicator' is visible

2018-03-05 20:35:20 - [MESSAGE][PASSED] - Object 'Object Repository/CuPaDl/Loading_indicator' is NOT visible

2018-03-05 20:35:21 - [MESSAGE][PASSED] - Delayed 1 second(s)

2018-03-05 20:35:21 - [MESSAGE][PASSED] - cupakeysDl.color.changecolor is PASSED

2018-03-05 20:35:21 - [TEST_STEP][PASSED] - Statement - (step++): null

2018-03-05 20:35:21 - [TEST_STEP][PASSED] - Statement - iconmap += CustomKeywords.cupakeysDl.iconad.iconadd("australia", LoadTimeCorrector, step, run, device, timeStamp, iconcount): cupakeysDl.iconad.iconadd is PASSED

2018-03-05 20:35:21 - [MESSAGE][PASSED] - Object: 'Object Repository/CuPaDl/Icons/Icon' is clicked on

2018-03-05 20:35:23 - [MESSAGE][WARNING] - Object 'Object Repository/CuPaDl/Icons/Icon_australia' is not visible after 2 second(s)

2018-03-05 20:35:23 - [MESSAGE][PASSED] - Object: 'Object Repository/CuPaDl/MenuScroll/ObjectsScrollRight' is clicked on

2018-03-05 20:35:25 - [MESSAGE][PASSED] - Delayed 2 second(s)

2018-03-05 20:35:25 - [MESSAGE][PASSED] - Object: 'Object Repository/CuPaDl/Icons/Icon_australia' is clicked on

2018-03-05 20:35:26 - [MESSAGE][PASSED] - Delayed 1 second(s)

2018-03-05 20:35:27 - [MESSAGE][PASSED] - Object: 'Object Repository/CuPaDl/Icons/Icon_australia' is clicked on

2018-03-05 20:35:27 - [MESSAGE][PASSED] - Object 'Object Repository/CuPaDl/Loading_indicator' is visible

2018-03-05 20:35:29 - [MESSAGE][PASSED] - Object 'Object Repository/CuPaDl/Loading_indicator' is NOT visible

2018-03-05 20:35:29 - [MESSAGE][WARNING] - Timeout '0' is invalid. Using default page load timeout: '30'

2018-03-05 20:35:29 - [MESSAGE][PASSED] - Width of element 'Object Repository/CuPaDl/Icons/Reposition_icon' is '40'

2018-03-05 20:35:29 - [MESSAGE][PASSED] - Height of element 'Object Repository/CuPaDl/Icons/Reposition_icon' is '40'.

2018-03-05 20:35:30 - [MESSAGE][PASSED] - Delayed 1 second(s)

2018-03-05 20:35:30 - [MESSAGE][PASSED] - cupakeysDl.iconad.iconadd is PASSED

2018-03-05 20:35:30 - [TEST_STEP][PASSED] - Statement - (step++): null

2018-03-05 20:35:30 - [TEST_STEP][PASSED] - Statement - (iconcount++): null

2018-03-05 20:35:30 - [TEST_STEP][PASSED] - cupakeysDl.iconres.iconresize: cupakeysDl.iconres.iconresize is PASSED

2018-03-05 20:35:30 - [MESSAGE][PASSED] - Object 'Object Repository/CuPaDl/Icons/Reposition_icon' is visible

2018-03-05 20:35:30 - [MESSAGE][PASSED] - Current viewport's left (x) position is 0

2018-03-05 20:35:30 - [MESSAGE][PASSED] - Current viewport's top (y) position is 54

2018-03-05 20:35:30 - [MESSAGE][PASSED] - Dragged object with id 'Object Repository/CuPaDl/Icons/Resize_icon_bottomright' by offset distance x = -125 and y = -71 successfully

2018-03-05 20:35:32 - [MESSAGE][PASSED] - Object 'Object Repository/CuPaDl/Loading_indicator' is visible

2018-03-05 20:35:33 - [MESSAGE][PASSED] - Object 'Object Repository/CuPaDl/Loading_indicator' is NOT visible

2018-03-05 20:35:34 - [MESSAGE][PASSED] - Delayed 1 second(s)

2018-03-05 20:35:34 - [MESSAGE][PASSED] - cupakeysDl.iconres.iconresize is PASSED

2018-03-05 20:35:34 - [TEST_STEP][PASSED] - Statement - (step++): null

2018-03-05 20:35:34 - [TEST_STEP][PASSED] - cupakeysDl.slink.svlink: cupakeysDl.slink.svlink is PASSED

2018-03-05 20:35:34 - [MESSAGE][PASSED] - Scroll to object 'Object Repository/CuPaDl/Save/Save' successfully

2018-03-05 20:35:34 - [MESSAGE][PASSED] - Object: 'Object Repository/CuPaDl/Save/Save' is clicked on

2018-03-05 20:35:34 - [MESSAGE][WARNING] - Timeout '0' is invalid. Using default page load timeout: '30'

2018-03-05 20:35:36 - [MESSAGE][PASSED] - Object 'Object Repository/CuPaDl/Save/CopyLink' is visible

2018-03-05 20:35:36 - [MESSAGE][PASSED] - Object: 'Object Repository/CuPaDl/Save/CopyLink' is clicked on

2018-03-05 20:35:37 - [MESSAGE][PASSED] - Delayed 1 second(s)

2018-03-05 20:35:37 - [MESSAGE][PASSED] - Object: 'Object Repository/CuPaDl/Save/Close' is clicked on

2018-03-05 20:35:38 - [MESSAGE][PASSED] - Delayed 1 second(s)

2018-03-05 20:35:38 - [MESSAGE][PASSED] - cupakeysDl.slink.svlink is PASSED

2018-03-05 20:35:38 - [TEST_STEP][PASSED] - cupakeysDl.endsession.finishsession: cupakeysDl.endsession.finishsession is PASSED

2018-03-05 20:35:41 - [MESSAGE][PASSED] - Delayed 3 second(s)

2018-03-05 20:35:41 - [MESSAGE][PASSED] - Browser is closed

2018-03-05 20:35:41 - [MESSAGE][PASSED] - cupakeysDl.endsession.finishsession is PASSED]]></system-out>
         <system-err><![CDATA[]]></system-err>
      </testcase>
      <testcase name="Test Cases/CuPaStefanie/34" classname="Test Cases/CuPaStefanie/34" status="PASSED">
         <system-out><![CDATA[2018-03-05 20:35:41 - [TEST_CASE][PASSED] - Test Cases/CuPaStefanie/34: Test Cases/CuPaStefanie/34

2018-03-05 20:35:41 - [TEST_STEP][PASSED] - Statement - timeStamp = new java.text.SimpleDateFormat(dd.MM.yyyy).format(java.util.Calendar.getInstance().getTime()): null

2018-03-05 20:35:41 - [TEST_STEP][PASSED] - Statement - timeStampScreenshot = new java.text.SimpleDateFormat(dd.MM.yyyy).format(java.util.Calendar.getInstance().getTime()): null

2018-03-05 20:35:41 - [TEST_STEP][PASSED] - Statement - iconmap = [:]: null

2018-03-05 20:35:41 - [TEST_STEP][PASSED] - Statement - txtmap = [:]: null

2018-03-05 20:35:41 - [TEST_STEP][PASSED] - Statement - signmap = [:]: null

2018-03-05 20:35:41 - [TEST_STEP][PASSED] - cupakeysDl.initStart.initialStart: cupakeysDl.initStart.initialStart is PASSED

2018-03-05 20:35:43 - [MESSAGE][PASSED] - Browser is opened with url: ''

2018-03-05 20:35:46 - [MESSAGE][PASSED] - Delayed 3 second(s)

2018-03-05 20:35:48 - [MESSAGE][PASSED] - Navigate to 'https://d16a4dsnr8a0k1.cloudfront.net/en/2455233.html?price=150.00%20%E2%82%AC&partName=wilsonPartName&vin=wilsonVin&modelCode=XP11&paint=P0A94&modelDescription=wilsonModelDescription&additionalEquipment=wilsonAdditionalEquipment' successfully

2018-03-05 20:35:48 - [MESSAGE][PASSED] - Object 'Object Repository/CuPaDl/Loading_indicator' is visible

2018-03-05 20:35:56 - [MESSAGE][PASSED] - Object 'Object Repository/CuPaDl/Loading_indicator' is NOT visible

2018-03-05 20:35:57 - [MESSAGE][PASSED] - Delayed 1 second(s)

2018-03-05 20:35:57 - [MESSAGE][PASSED] - cupakeysDl.initStart.initialStart is PASSED

2018-03-05 20:35:57 - [TEST_STEP][PASSED] - Statement - (step++): null

2018-03-05 20:35:57 - [TEST_STEP][PASSED] - cupakeysDl.color.changecolor: cupakeysDl.color.changecolor is PASSED

2018-03-05 20:35:57 - [MESSAGE][PASSED] - Object 'Object Repository/CuPaDl/Color/Color' is visible

2018-03-05 20:35:57 - [MESSAGE][PASSED] - Object: 'Object Repository/CuPaDl/Color/Color' is clicked on

2018-03-05 20:35:58 - [MESSAGE][PASSED] - Delayed 1 second(s)

2018-03-05 20:35:58 - [MESSAGE][PASSED] - Object 'Object Repository/CuPaDl/Color/Color_jetblack' is visible

2018-03-05 20:35:58 - [MESSAGE][PASSED] - Object: 'Object Repository/CuPaDl/Color/Color_jetblack' is clicked on

2018-03-05 20:35:58 - [MESSAGE][WARNING] - Timeout '0' is invalid. Using default page load timeout: '30'

2018-03-05 20:35:58 - [MESSAGE][PASSED] - Object 'Object Repository/CuPaDl/Color/Color_jetblack' is visible

2018-03-05 20:35:59 - [MESSAGE][PASSED] - Delayed 1 second(s)

2018-03-05 20:35:59 - [MESSAGE][PASSED] - Object: 'Object Repository/CuPaDl/Color/Color_jetblack' is clicked on

2018-03-05 20:35:59 - [MESSAGE][PASSED] - Object 'Object Repository/CuPaDl/Loading_indicator' is visible

2018-03-05 20:36:01 - [MESSAGE][PASSED] - Object 'Object Repository/CuPaDl/Loading_indicator' is NOT visible

2018-03-05 20:36:02 - [MESSAGE][PASSED] - Delayed 1 second(s)

2018-03-05 20:36:02 - [MESSAGE][PASSED] - cupakeysDl.color.changecolor is PASSED

2018-03-05 20:36:02 - [TEST_STEP][PASSED] - Statement - (step++): null

2018-03-05 20:36:02 - [TEST_STEP][PASSED] - Statement - iconmap += CustomKeywords.cupakeysDl.iconad.iconadd("australia", LoadTimeCorrector, step, run, device, timeStamp, iconcount): cupakeysDl.iconad.iconadd is PASSED

2018-03-05 20:36:03 - [MESSAGE][PASSED] - Object: 'Object Repository/CuPaDl/Icons/Icon' is clicked on

2018-03-05 20:36:05 - [MESSAGE][WARNING] - Object 'Object Repository/CuPaDl/Icons/Icon_australia' is not visible after 2 second(s)

2018-03-05 20:36:05 - [MESSAGE][PASSED] - Object: 'Object Repository/CuPaDl/MenuScroll/ObjectsScrollRight' is clicked on

2018-03-05 20:36:07 - [MESSAGE][PASSED] - Delayed 2 second(s)

2018-03-05 20:36:07 - [MESSAGE][PASSED] - Object: 'Object Repository/CuPaDl/Icons/Icon_australia' is clicked on

2018-03-05 20:36:08 - [MESSAGE][PASSED] - Delayed 1 second(s)

2018-03-05 20:36:08 - [MESSAGE][PASSED] - Object: 'Object Repository/CuPaDl/Icons/Icon_australia' is clicked on

2018-03-05 20:36:08 - [MESSAGE][PASSED] - Object 'Object Repository/CuPaDl/Loading_indicator' is visible

2018-03-05 20:36:10 - [MESSAGE][PASSED] - Object 'Object Repository/CuPaDl/Loading_indicator' is NOT visible

2018-03-05 20:36:10 - [MESSAGE][WARNING] - Timeout '0' is invalid. Using default page load timeout: '30'

2018-03-05 20:36:10 - [MESSAGE][PASSED] - Width of element 'Object Repository/CuPaDl/Icons/Reposition_icon' is '40'

2018-03-05 20:36:10 - [MESSAGE][PASSED] - Height of element 'Object Repository/CuPaDl/Icons/Reposition_icon' is '40'.

2018-03-05 20:36:11 - [MESSAGE][PASSED] - Delayed 1 second(s)

2018-03-05 20:36:11 - [MESSAGE][PASSED] - cupakeysDl.iconad.iconadd is PASSED

2018-03-05 20:36:11 - [TEST_STEP][PASSED] - Statement - (step++): null

2018-03-05 20:36:11 - [TEST_STEP][PASSED] - Statement - (iconcount++): null

2018-03-05 20:36:11 - [TEST_STEP][PASSED] - cupakeysDl.iconres.iconresize: cupakeysDl.iconres.iconresize is PASSED

2018-03-05 20:36:11 - [MESSAGE][PASSED] - Object 'Object Repository/CuPaDl/Icons/Reposition_icon' is visible

2018-03-05 20:36:11 - [MESSAGE][PASSED] - Current viewport's left (x) position is 0

2018-03-05 20:36:11 - [MESSAGE][PASSED] - Current viewport's top (y) position is 54

2018-03-05 20:36:12 - [MESSAGE][PASSED] - Dragged object with id 'Object Repository/CuPaDl/Icons/Resize_icon_bottomright' by offset distance x = 125 and y = 179 successfully

2018-03-05 20:36:13 - [MESSAGE][PASSED] - Object 'Object Repository/CuPaDl/Loading_indicator' is visible

2018-03-05 20:36:14 - [MESSAGE][PASSED] - Object 'Object Repository/CuPaDl/Loading_indicator' is NOT visible

2018-03-05 20:36:15 - [MESSAGE][PASSED] - Delayed 1 second(s)

2018-03-05 20:36:15 - [MESSAGE][PASSED] - cupakeysDl.iconres.iconresize is PASSED

2018-03-05 20:36:15 - [TEST_STEP][PASSED] - Statement - (step++): null

2018-03-05 20:36:15 - [TEST_STEP][PASSED] - cupakeysDl.slink.svlink: cupakeysDl.slink.svlink is PASSED

2018-03-05 20:36:15 - [MESSAGE][PASSED] - Scroll to object 'Object Repository/CuPaDl/Save/Save' successfully

2018-03-05 20:36:15 - [MESSAGE][PASSED] - Object: 'Object Repository/CuPaDl/Save/Save' is clicked on

2018-03-05 20:36:15 - [MESSAGE][WARNING] - Timeout '0' is invalid. Using default page load timeout: '30'

2018-03-05 20:36:16 - [MESSAGE][PASSED] - Object 'Object Repository/CuPaDl/Save/CopyLink' is visible

2018-03-05 20:36:16 - [MESSAGE][PASSED] - Object: 'Object Repository/CuPaDl/Save/CopyLink' is clicked on

2018-03-05 20:36:17 - [MESSAGE][PASSED] - Delayed 1 second(s)

2018-03-05 20:36:17 - [MESSAGE][PASSED] - Object: 'Object Repository/CuPaDl/Save/Close' is clicked on

2018-03-05 20:36:18 - [MESSAGE][PASSED] - Delayed 1 second(s)

2018-03-05 20:36:18 - [MESSAGE][PASSED] - cupakeysDl.slink.svlink is PASSED

2018-03-05 20:36:18 - [TEST_STEP][PASSED] - cupakeysDl.endsession.finishsession: cupakeysDl.endsession.finishsession is PASSED

2018-03-05 20:36:21 - [MESSAGE][PASSED] - Delayed 3 second(s)

2018-03-05 20:36:22 - [MESSAGE][PASSED] - Browser is closed

2018-03-05 20:36:22 - [MESSAGE][PASSED] - cupakeysDl.endsession.finishsession is PASSED]]></system-out>
         <system-err><![CDATA[]]></system-err>
      </testcase>
      <testcase name="Test Cases/CuPaStefanie/35" classname="Test Cases/CuPaStefanie/35" status="FAILED">
         <failure type="FAILED" message="Unable to drag and drop by offset distance (Root cause: com.kms.katalon.core.webui.exception.WebElementNotFoundException: Web element with id: 'Object Repository/CuPaDl/Icons/Resize_icon_bottomright' located by 'By.xpath: //*[@id=&quot;pages-index&quot;]/div[1]/div[2]/div[1]/div[3]/div/div/div[1]/div[6]' not found)"/>
         <system-out><![CDATA[2018-03-05 20:36:22 - [TEST_CASE][FAILED] - Test Cases/CuPaStefanie/35: Test Cases/CuPaStefanie/35 FAILED because (of) Unable to drag and drop by offset distance (Root cause: com.kms.katalon.core.webui.exception.WebElementNotFoundException: Web element with id: 'Object Repository/CuPaDl/Icons/Resize_icon_bottomright' located by 'By.xpath: //*[@id="pages-index"]/div[1]/div[2]/div[1]/div[3]/div/div/div[1]/div[6]' not found)

2018-03-05 20:36:22 - [TEST_STEP][PASSED] - Statement - timeStamp = new java.text.SimpleDateFormat(dd.MM.yyyy).format(java.util.Calendar.getInstance().getTime()): null

2018-03-05 20:36:22 - [TEST_STEP][PASSED] - Statement - timeStampScreenshot = new java.text.SimpleDateFormat(dd.MM.yyyy).format(java.util.Calendar.getInstance().getTime()): null

2018-03-05 20:36:22 - [TEST_STEP][PASSED] - Statement - iconmap = [:]: null

2018-03-05 20:36:22 - [TEST_STEP][PASSED] - Statement - txtmap = [:]: null

2018-03-05 20:36:22 - [TEST_STEP][PASSED] - Statement - signmap = [:]: null

2018-03-05 20:36:22 - [TEST_STEP][PASSED] - cupakeysDl.initStart.initialStart: cupakeysDl.initStart.initialStart is PASSED

2018-03-05 20:36:24 - [MESSAGE][PASSED] - Browser is opened with url: ''

2018-03-05 20:36:27 - [MESSAGE][PASSED] - Delayed 3 second(s)

2018-03-05 20:36:28 - [MESSAGE][PASSED] - Navigate to 'https://d16a4dsnr8a0k1.cloudfront.net/en/2455233.html?price=150.00%20%E2%82%AC&partName=wilsonPartName&vin=wilsonVin&modelCode=XP11&paint=P0A94&modelDescription=wilsonModelDescription&additionalEquipment=wilsonAdditionalEquipment' successfully

2018-03-05 20:36:28 - [MESSAGE][PASSED] - Object 'Object Repository/CuPaDl/Loading_indicator' is visible

2018-03-05 20:36:36 - [MESSAGE][PASSED] - Object 'Object Repository/CuPaDl/Loading_indicator' is NOT visible

2018-03-05 20:36:37 - [MESSAGE][PASSED] - Delayed 1 second(s)

2018-03-05 20:36:37 - [MESSAGE][PASSED] - cupakeysDl.initStart.initialStart is PASSED

2018-03-05 20:36:37 - [TEST_STEP][PASSED] - Statement - (step++): null

2018-03-05 20:36:37 - [TEST_STEP][PASSED] - cupakeysDl.color.changecolor: cupakeysDl.color.changecolor is PASSED

2018-03-05 20:36:37 - [MESSAGE][PASSED] - Object 'Object Repository/CuPaDl/Color/Color' is visible

2018-03-05 20:36:37 - [MESSAGE][PASSED] - Object: 'Object Repository/CuPaDl/Color/Color' is clicked on

2018-03-05 20:36:38 - [MESSAGE][PASSED] - Delayed 1 second(s)

2018-03-05 20:36:38 - [MESSAGE][PASSED] - Object 'Object Repository/CuPaDl/Color/Color_nightlightblue' is visible

2018-03-05 20:36:38 - [MESSAGE][PASSED] - Object: 'Object Repository/CuPaDl/Color/Color_nightlightblue' is clicked on

2018-03-05 20:36:38 - [MESSAGE][WARNING] - Timeout '0' is invalid. Using default page load timeout: '30'

2018-03-05 20:36:38 - [MESSAGE][PASSED] - Object 'Object Repository/CuPaDl/Color/Color_nightlightblue' is visible

2018-03-05 20:36:39 - [MESSAGE][PASSED] - Delayed 1 second(s)

2018-03-05 20:36:40 - [MESSAGE][PASSED] - Object: 'Object Repository/CuPaDl/Color/Color_nightlightblue' is clicked on

2018-03-05 20:36:43 - [MESSAGE][WARNING] - Object 'Object Repository/CuPaDl/Loading_indicator' is not visible after 3 second(s)

2018-03-05 20:36:44 - [MESSAGE][PASSED] - Delayed 1 second(s)

2018-03-05 20:36:44 - [MESSAGE][PASSED] - cupakeysDl.color.changecolor is PASSED

2018-03-05 20:36:44 - [TEST_STEP][PASSED] - Statement - (step++): null

2018-03-05 20:36:44 - [TEST_STEP][PASSED] - Statement - iconmap += CustomKeywords.cupakeysDl.iconad.iconadd("londoncircle", LoadTimeCorrector, step, run, device, timeStamp, iconcount): cupakeysDl.iconad.iconadd is PASSED

2018-03-05 20:36:44 - [MESSAGE][PASSED] - Object: 'Object Repository/CuPaDl/Icons/Icon' is clicked on

2018-03-05 20:36:46 - [MESSAGE][WARNING] - Object 'Object Repository/CuPaDl/Icons/Icon_londoncircle' is not visible after 2 second(s)

2018-03-05 20:36:46 - [MESSAGE][PASSED] - Object: 'Object Repository/CuPaDl/MenuScroll/ObjectsScrollRight' is clicked on

2018-03-05 20:36:48 - [MESSAGE][PASSED] - Delayed 2 second(s)

2018-03-05 20:36:48 - [MESSAGE][PASSED] - Object: 'Object Repository/CuPaDl/Icons/Icon_londoncircle' is clicked on

2018-03-05 20:36:49 - [MESSAGE][PASSED] - Delayed 1 second(s)

2018-03-05 20:36:49 - [MESSAGE][PASSED] - Object: 'Object Repository/CuPaDl/Icons/Icon_londoncircle' is clicked on

2018-03-05 20:36:49 - [MESSAGE][PASSED] - Object 'Object Repository/CuPaDl/Loading_indicator' is visible

2018-03-05 20:37:19 - [MESSAGE][WARNING] - Object 'Object Repository/CuPaDl/Loading_indicator' is visible after 30 second(s)

2018-03-05 20:37:19 - [MESSAGE][WARNING] - Timeout '0' is invalid. Using default page load timeout: '30'

2018-03-05 20:37:19 - [MESSAGE][PASSED] - Width of element 'Object Repository/CuPaDl/Icons/Reposition_icon' is '0'

2018-03-05 20:37:20 - [MESSAGE][PASSED] - Height of element 'Object Repository/CuPaDl/Icons/Reposition_icon' is '0'.

2018-03-05 20:37:21 - [MESSAGE][PASSED] - Delayed 1 second(s)

2018-03-05 20:37:21 - [MESSAGE][PASSED] - cupakeysDl.iconad.iconadd is PASSED

2018-03-05 20:37:21 - [TEST_STEP][PASSED] - Statement - (step++): null

2018-03-05 20:37:21 - [TEST_STEP][PASSED] - Statement - (iconcount++): null

2018-03-05 20:37:21 - [TEST_STEP][FAILED] - cupakeysDl.iconres.iconresize: Unable to drag and drop by offset distance (Root cause: com.kms.katalon.core.webui.exception.WebElementNotFoundException: Web element with id: 'Object Repository/CuPaDl/Icons/Resize_icon_bottomright' located by 'By.xpath: //*[@id="pages-index"]/div[1]/div[2]/div[1]/div[3]/div/div/div[1]/div[6]' not found)

2018-03-05 20:37:24 - [MESSAGE][WARNING] - Object 'Object Repository/CuPaDl/Icons/Reposition_icon' is not visible after 3 second(s)

2018-03-05 20:37:24 - [MESSAGE][PASSED] - Object: 'Object Repository/CuPaDl/Icons/Resize_icon' is clicked on

2018-03-05 20:37:24 - [MESSAGE][WARNING] - Timeout '0' is invalid. Using default page load timeout: '30'

2018-03-05 20:37:55 - [MESSAGE][WARNING] - Web element with id: 'Object Repository/CuPaDl/Icons/Reposition_icon' located by 'By.xpath: //*[@id="pages-index"]/div[1]/div[2]/div[1]/div[3]/div/div/div[3]/img' not found

2018-03-05 20:37:56 - [MESSAGE][PASSED] - Delayed 1 second(s)

2018-03-05 20:37:56 - [MESSAGE][PASSED] - Current viewport's left (x) position is 0

2018-03-05 20:37:56 - [MESSAGE][PASSED] - Current viewport's top (y) position is 54

2018-03-05 20:38:27 - [MESSAGE][FAILED] - Unable to drag and drop by offset distance (Root cause: com.kms.katalon.core.webui.exception.WebElementNotFoundException: Web element with id: 'Object Repository/CuPaDl/Icons/Resize_icon_bottomright' located by 'By.xpath: //*[@id="pages-index"]/div[1]/div[2]/div[1]/div[3]/div/div/div[1]/div[6]' not found)

2018-03-05 20:38:27 - [MESSAGE][FAILED] - Unable to drag and drop by offset distance (Root cause: com.kms.katalon.core.webui.exception.WebElementNotFoundException: Web element with id: 'Object Repository/CuPaDl/Icons/Resize_icon_bottomright' located by 'By.xpath: //*[@id="pages-index"]/div[1]/div[2]/div[1]/div[3]/div/div/div[1]/div[6]' not found)]]></system-out>
         <system-err><![CDATA[2018-03-05 20:36:22 - [TEST_CASE][FAILED] - Test Cases/CuPaStefanie/35: Test Cases/CuPaStefanie/35 FAILED because (of) Unable to drag and drop by offset distance (Root cause: com.kms.katalon.core.webui.exception.WebElementNotFoundException: Web element with id: 'Object Repository/CuPaDl/Icons/Resize_icon_bottomright' located by 'By.xpath: //*[@id="pages-index"]/div[1]/div[2]/div[1]/div[3]/div/div/div[1]/div[6]' not found)]]></system-err>
      </testcase>
      <testcase name="Test Cases/CuPaStefanie/36" classname="Test Cases/CuPaStefanie/36" status="FAILED">
         <failure type="FAILED" message="Unable to drag and drop by offset distance (Root cause: com.kms.katalon.core.webui.exception.WebElementNotFoundException: Web element with id: 'Object Repository/CuPaDl/Icons/Resize_icon_bottomright' located by 'By.xpath: //*[@id=&quot;pages-index&quot;]/div[1]/div[2]/div[1]/div[3]/div/div/div[1]/div[6]' not found)"/>
         <system-out><![CDATA[2018-03-05 20:38:27 - [TEST_CASE][FAILED] - Test Cases/CuPaStefanie/36: Test Cases/CuPaStefanie/36 FAILED because (of) Unable to drag and drop by offset distance (Root cause: com.kms.katalon.core.webui.exception.WebElementNotFoundException: Web element with id: 'Object Repository/CuPaDl/Icons/Resize_icon_bottomright' located by 'By.xpath: //*[@id="pages-index"]/div[1]/div[2]/div[1]/div[3]/div/div/div[1]/div[6]' not found)

2018-03-05 20:38:27 - [TEST_STEP][PASSED] - Statement - timeStamp = new java.text.SimpleDateFormat(dd.MM.yyyy).format(java.util.Calendar.getInstance().getTime()): null

2018-03-05 20:38:27 - [TEST_STEP][PASSED] - Statement - timeStampScreenshot = new java.text.SimpleDateFormat(dd.MM.yyyy).format(java.util.Calendar.getInstance().getTime()): null

2018-03-05 20:38:27 - [TEST_STEP][PASSED] - Statement - iconmap = [:]: null

2018-03-05 20:38:27 - [TEST_STEP][PASSED] - Statement - txtmap = [:]: null

2018-03-05 20:38:27 - [TEST_STEP][PASSED] - Statement - signmap = [:]: null

2018-03-05 20:38:27 - [TEST_STEP][PASSED] - cupakeysDl.initStart.initialStart: cupakeysDl.initStart.initialStart is PASSED

2018-03-05 20:38:27 - [MESSAGE][WARNING] - A browser is already opened. Closing browser and opening a new one

2018-03-05 20:38:29 - [MESSAGE][PASSED] - Browser is opened with url: ''

2018-03-05 20:38:32 - [MESSAGE][PASSED] - Delayed 3 second(s)

2018-03-05 20:38:34 - [MESSAGE][PASSED] - Navigate to 'https://d16a4dsnr8a0k1.cloudfront.net/en/2455233.html?price=150.00%20%E2%82%AC&partName=wilsonPartName&vin=wilsonVin&modelCode=XP11&paint=P0A94&modelDescription=wilsonModelDescription&additionalEquipment=wilsonAdditionalEquipment' successfully

2018-03-05 20:38:34 - [MESSAGE][PASSED] - Object 'Object Repository/CuPaDl/Loading_indicator' is visible

2018-03-05 20:38:42 - [MESSAGE][PASSED] - Object 'Object Repository/CuPaDl/Loading_indicator' is NOT visible

2018-03-05 20:38:43 - [MESSAGE][PASSED] - Delayed 1 second(s)

2018-03-05 20:38:43 - [MESSAGE][PASSED] - cupakeysDl.initStart.initialStart is PASSED

2018-03-05 20:38:43 - [TEST_STEP][PASSED] - Statement - (step++): null

2018-03-05 20:38:43 - [TEST_STEP][PASSED] - cupakeysDl.color.changecolor: cupakeysDl.color.changecolor is PASSED

2018-03-05 20:38:43 - [MESSAGE][PASSED] - Object 'Object Repository/CuPaDl/Color/Color' is visible

2018-03-05 20:38:43 - [MESSAGE][PASSED] - Object: 'Object Repository/CuPaDl/Color/Color' is clicked on

2018-03-05 20:38:44 - [MESSAGE][PASSED] - Delayed 1 second(s)

2018-03-05 20:38:44 - [MESSAGE][PASSED] - Object 'Object Repository/CuPaDl/Color/Color_moonwalkgrey' is visible

2018-03-05 20:38:45 - [MESSAGE][PASSED] - Object: 'Object Repository/CuPaDl/Color/Color_moonwalkgrey' is clicked on

2018-03-05 20:38:45 - [MESSAGE][WARNING] - Timeout '0' is invalid. Using default page load timeout: '30'

2018-03-05 20:38:45 - [MESSAGE][PASSED] - Object 'Object Repository/CuPaDl/Color/Color_moonwalkgrey' is visible

2018-03-05 20:38:46 - [MESSAGE][PASSED] - Delayed 1 second(s)

2018-03-05 20:38:46 - [MESSAGE][PASSED] - Object: 'Object Repository/CuPaDl/Color/Color_moonwalkgrey' is clicked on

2018-03-05 20:38:46 - [MESSAGE][PASSED] - Object 'Object Repository/CuPaDl/Loading_indicator' is visible

2018-03-05 20:38:48 - [MESSAGE][PASSED] - Object 'Object Repository/CuPaDl/Loading_indicator' is NOT visible

2018-03-05 20:38:49 - [MESSAGE][PASSED] - Delayed 1 second(s)

2018-03-05 20:38:49 - [MESSAGE][PASSED] - cupakeysDl.color.changecolor is PASSED

2018-03-05 20:38:49 - [TEST_STEP][PASSED] - Statement - (step++): null

2018-03-05 20:38:49 - [TEST_STEP][PASSED] - Statement - iconmap += CustomKeywords.cupakeysDl.iconad.iconadd("londoncircle", LoadTimeCorrector, step, run, device, timeStamp, iconcount): cupakeysDl.iconad.iconadd is PASSED

2018-03-05 20:38:49 - [MESSAGE][PASSED] - Object: 'Object Repository/CuPaDl/Icons/Icon' is clicked on

2018-03-05 20:38:51 - [MESSAGE][WARNING] - Object 'Object Repository/CuPaDl/Icons/Icon_londoncircle' is not visible after 2 second(s)

2018-03-05 20:38:51 - [MESSAGE][PASSED] - Object: 'Object Repository/CuPaDl/MenuScroll/ObjectsScrollRight' is clicked on

2018-03-05 20:38:53 - [MESSAGE][PASSED] - Delayed 2 second(s)

2018-03-05 20:38:53 - [MESSAGE][PASSED] - Object: 'Object Repository/CuPaDl/Icons/Icon_londoncircle' is clicked on

2018-03-05 20:38:54 - [MESSAGE][PASSED] - Delayed 1 second(s)

2018-03-05 20:38:54 - [MESSAGE][PASSED] - Object: 'Object Repository/CuPaDl/Icons/Icon_londoncircle' is clicked on

2018-03-05 20:38:54 - [MESSAGE][PASSED] - Object 'Object Repository/CuPaDl/Loading_indicator' is visible

2018-03-05 20:39:25 - [MESSAGE][WARNING] - Object 'Object Repository/CuPaDl/Loading_indicator' is visible after 30 second(s)

2018-03-05 20:39:25 - [MESSAGE][WARNING] - Timeout '0' is invalid. Using default page load timeout: '30'

2018-03-05 20:39:25 - [MESSAGE][PASSED] - Width of element 'Object Repository/CuPaDl/Icons/Reposition_icon' is '0'

2018-03-05 20:39:25 - [MESSAGE][PASSED] - Height of element 'Object Repository/CuPaDl/Icons/Reposition_icon' is '0'.

2018-03-05 20:39:26 - [MESSAGE][PASSED] - Delayed 1 second(s)

2018-03-05 20:39:26 - [MESSAGE][PASSED] - cupakeysDl.iconad.iconadd is PASSED

2018-03-05 20:39:26 - [TEST_STEP][PASSED] - Statement - (step++): null

2018-03-05 20:39:26 - [TEST_STEP][PASSED] - Statement - (iconcount++): null

2018-03-05 20:39:26 - [TEST_STEP][FAILED] - cupakeysDl.iconres.iconresize: Unable to drag and drop by offset distance (Root cause: com.kms.katalon.core.webui.exception.WebElementNotFoundException: Web element with id: 'Object Repository/CuPaDl/Icons/Resize_icon_bottomright' located by 'By.xpath: //*[@id="pages-index"]/div[1]/div[2]/div[1]/div[3]/div/div/div[1]/div[6]' not found)

2018-03-05 20:39:29 - [MESSAGE][WARNING] - Object 'Object Repository/CuPaDl/Icons/Reposition_icon' is not visible after 3 second(s)

2018-03-05 20:39:29 - [MESSAGE][PASSED] - Object: 'Object Repository/CuPaDl/Icons/Resize_icon' is clicked on

2018-03-05 20:39:29 - [MESSAGE][WARNING] - Timeout '0' is invalid. Using default page load timeout: '30'

2018-03-05 20:40:00 - [MESSAGE][WARNING] - Web element with id: 'Object Repository/CuPaDl/Icons/Reposition_icon' located by 'By.xpath: //*[@id="pages-index"]/div[1]/div[2]/div[1]/div[3]/div/div/div[3]/img' not found

2018-03-05 20:40:01 - [MESSAGE][PASSED] - Delayed 1 second(s)

2018-03-05 20:40:01 - [MESSAGE][PASSED] - Current viewport's left (x) position is 0

2018-03-05 20:40:01 - [MESSAGE][PASSED] - Current viewport's top (y) position is 54

2018-03-05 20:40:32 - [MESSAGE][FAILED] - Unable to drag and drop by offset distance (Root cause: com.kms.katalon.core.webui.exception.WebElementNotFoundException: Web element with id: 'Object Repository/CuPaDl/Icons/Resize_icon_bottomright' located by 'By.xpath: //*[@id="pages-index"]/div[1]/div[2]/div[1]/div[3]/div/div/div[1]/div[6]' not found)

2018-03-05 20:40:32 - [MESSAGE][FAILED] - Unable to drag and drop by offset distance (Root cause: com.kms.katalon.core.webui.exception.WebElementNotFoundException: Web element with id: 'Object Repository/CuPaDl/Icons/Resize_icon_bottomright' located by 'By.xpath: //*[@id="pages-index"]/div[1]/div[2]/div[1]/div[3]/div/div/div[1]/div[6]' not found)]]></system-out>
         <system-err><![CDATA[2018-03-05 20:38:27 - [TEST_CASE][FAILED] - Test Cases/CuPaStefanie/36: Test Cases/CuPaStefanie/36 FAILED because (of) Unable to drag and drop by offset distance (Root cause: com.kms.katalon.core.webui.exception.WebElementNotFoundException: Web element with id: 'Object Repository/CuPaDl/Icons/Resize_icon_bottomright' located by 'By.xpath: //*[@id="pages-index"]/div[1]/div[2]/div[1]/div[3]/div/div/div[1]/div[6]' not found)]]></system-err>
      </testcase>
      <testcase name="Test Cases/CuPaStefanie/37" classname="Test Cases/CuPaStefanie/37" status="PASSED">
         <system-out><![CDATA[2018-03-05 20:40:32 - [TEST_CASE][PASSED] - Test Cases/CuPaStefanie/37: Test Cases/CuPaStefanie/37

2018-03-05 20:40:32 - [TEST_STEP][PASSED] - Statement - timeStamp = new java.text.SimpleDateFormat(dd.MM.yyyy).format(java.util.Calendar.getInstance().getTime()): null

2018-03-05 20:40:32 - [TEST_STEP][PASSED] - Statement - timeStampScreenshot = new java.text.SimpleDateFormat(dd.MM.yyyy).format(java.util.Calendar.getInstance().getTime()): null

2018-03-05 20:40:32 - [TEST_STEP][PASSED] - Statement - iconmap = [:]: null

2018-03-05 20:40:32 - [TEST_STEP][PASSED] - Statement - txtmap = [:]: null

2018-03-05 20:40:32 - [TEST_STEP][PASSED] - Statement - signmap = [:]: null

2018-03-05 20:40:32 - [TEST_STEP][PASSED] - cupakeysDl.initStart.initialStart: cupakeysDl.initStart.initialStart is PASSED

2018-03-05 20:40:32 - [MESSAGE][WARNING] - A browser is already opened. Closing browser and opening a new one

2018-03-05 20:40:35 - [MESSAGE][PASSED] - Browser is opened with url: ''

2018-03-05 20:40:38 - [MESSAGE][PASSED] - Delayed 3 second(s)

2018-03-05 20:40:40 - [MESSAGE][PASSED] - Navigate to 'https://d16a4dsnr8a0k1.cloudfront.net/en/2455233.html?price=150.00%20%E2%82%AC&partName=wilsonPartName&vin=wilsonVin&modelCode=XP11&paint=P0A94&modelDescription=wilsonModelDescription&additionalEquipment=wilsonAdditionalEquipment' successfully

2018-03-05 20:40:40 - [MESSAGE][PASSED] - Object 'Object Repository/CuPaDl/Loading_indicator' is visible

2018-03-05 20:40:47 - [MESSAGE][PASSED] - Object 'Object Repository/CuPaDl/Loading_indicator' is NOT visible

2018-03-05 20:40:48 - [MESSAGE][PASSED] - Delayed 1 second(s)

2018-03-05 20:40:48 - [MESSAGE][PASSED] - cupakeysDl.initStart.initialStart is PASSED

2018-03-05 20:40:48 - [TEST_STEP][PASSED] - Statement - (step++): null

2018-03-05 20:40:48 - [TEST_STEP][PASSED] - cupakeysDl.color.changecolor: cupakeysDl.color.changecolor is PASSED

2018-03-05 20:40:48 - [MESSAGE][PASSED] - Object 'Object Repository/CuPaDl/Color/Color' is visible

2018-03-05 20:40:48 - [MESSAGE][PASSED] - Object: 'Object Repository/CuPaDl/Color/Color' is clicked on

2018-03-05 20:40:49 - [MESSAGE][PASSED] - Delayed 1 second(s)

2018-03-05 20:40:49 - [MESSAGE][PASSED] - Object 'Object Repository/CuPaDl/Color/Color_solartsorange' is visible

2018-03-05 20:40:49 - [MESSAGE][PASSED] - Object: 'Object Repository/CuPaDl/Color/Color_solartsorange' is clicked on

2018-03-05 20:40:49 - [MESSAGE][WARNING] - Timeout '0' is invalid. Using default page load timeout: '30'

2018-03-05 20:40:49 - [MESSAGE][PASSED] - Object 'Object Repository/CuPaDl/Color/Color_solartsorange' is visible

2018-03-05 20:40:50 - [MESSAGE][PASSED] - Delayed 1 second(s)

2018-03-05 20:40:50 - [MESSAGE][PASSED] - Object: 'Object Repository/CuPaDl/Color/Color_solartsorange' is clicked on

2018-03-05 20:40:50 - [MESSAGE][PASSED] - Object 'Object Repository/CuPaDl/Loading_indicator' is visible

2018-03-05 20:40:53 - [MESSAGE][PASSED] - Object 'Object Repository/CuPaDl/Loading_indicator' is NOT visible

2018-03-05 20:40:54 - [MESSAGE][PASSED] - Delayed 1 second(s)

2018-03-05 20:40:54 - [MESSAGE][PASSED] - cupakeysDl.color.changecolor is PASSED

2018-03-05 20:40:54 - [TEST_STEP][PASSED] - Statement - (step++): null

2018-03-05 20:40:54 - [TEST_STEP][PASSED] - Statement - iconmap += CustomKeywords.cupakeysDl.iconad.iconadd("mountain", LoadTimeCorrector, step, run, device, timeStamp, iconcount): cupakeysDl.iconad.iconadd is PASSED

2018-03-05 20:40:54 - [MESSAGE][PASSED] - Object: 'Object Repository/CuPaDl/Icons/Icon' is clicked on

2018-03-05 20:40:56 - [MESSAGE][WARNING] - Object 'Object Repository/CuPaDl/Icons/Icon_mountain' is not visible after 2 second(s)

2018-03-05 20:40:56 - [MESSAGE][PASSED] - Object: 'Object Repository/CuPaDl/MenuScroll/ObjectsScrollRight' is clicked on

2018-03-05 20:40:58 - [MESSAGE][PASSED] - Delayed 2 second(s)

2018-03-05 20:40:58 - [MESSAGE][PASSED] - Object: 'Object Repository/CuPaDl/Icons/Icon_mountain' is clicked on

2018-03-05 20:40:59 - [MESSAGE][PASSED] - Delayed 1 second(s)

2018-03-05 20:41:00 - [MESSAGE][PASSED] - Object: 'Object Repository/CuPaDl/Icons/Icon_mountain' is clicked on

2018-03-05 20:41:00 - [MESSAGE][PASSED] - Object 'Object Repository/CuPaDl/Loading_indicator' is visible

2018-03-05 20:41:03 - [MESSAGE][PASSED] - Object 'Object Repository/CuPaDl/Loading_indicator' is NOT visible

2018-03-05 20:41:03 - [MESSAGE][WARNING] - Timeout '0' is invalid. Using default page load timeout: '30'

2018-03-05 20:41:03 - [MESSAGE][PASSED] - Width of element 'Object Repository/CuPaDl/Icons/Reposition_icon' is '40'

2018-03-05 20:41:03 - [MESSAGE][PASSED] - Height of element 'Object Repository/CuPaDl/Icons/Reposition_icon' is '40'.

2018-03-05 20:41:04 - [MESSAGE][PASSED] - Delayed 1 second(s)

2018-03-05 20:41:04 - [MESSAGE][PASSED] - cupakeysDl.iconad.iconadd is PASSED

2018-03-05 20:41:04 - [TEST_STEP][PASSED] - Statement - (step++): null

2018-03-05 20:41:04 - [TEST_STEP][PASSED] - Statement - (iconcount++): null

2018-03-05 20:41:04 - [TEST_STEP][PASSED] - cupakeysDl.iconres.iconresize: cupakeysDl.iconres.iconresize is PASSED

2018-03-05 20:41:04 - [MESSAGE][PASSED] - Object 'Object Repository/CuPaDl/Icons/Reposition_icon' is visible

2018-03-05 20:41:04 - [MESSAGE][PASSED] - Current viewport's left (x) position is 0

2018-03-05 20:41:04 - [MESSAGE][PASSED] - Current viewport's top (y) position is 54

2018-03-05 20:41:04 - [MESSAGE][PASSED] - Dragged object with id 'Object Repository/CuPaDl/Icons/Resize_icon_bottomright' by offset distance x = -125 and y = -71 successfully

2018-03-05 20:41:05 - [MESSAGE][PASSED] - Object 'Object Repository/CuPaDl/Loading_indicator' is visible

2018-03-05 20:41:06 - [MESSAGE][PASSED] - Object 'Object Repository/CuPaDl/Loading_indicator' is NOT visible

2018-03-05 20:41:07 - [MESSAGE][PASSED] - Delayed 1 second(s)

2018-03-05 20:41:07 - [MESSAGE][PASSED] - cupakeysDl.iconres.iconresize is PASSED

2018-03-05 20:41:07 - [TEST_STEP][PASSED] - Statement - (step++): null

2018-03-05 20:41:07 - [TEST_STEP][PASSED] - cupakeysDl.slink.svlink: cupakeysDl.slink.svlink is PASSED

2018-03-05 20:41:07 - [MESSAGE][PASSED] - Scroll to object 'Object Repository/CuPaDl/Save/Save' successfully

2018-03-05 20:41:07 - [MESSAGE][PASSED] - Object: 'Object Repository/CuPaDl/Save/Save' is clicked on

2018-03-05 20:41:07 - [MESSAGE][WARNING] - Timeout '0' is invalid. Using default page load timeout: '30'

2018-03-05 20:41:09 - [MESSAGE][PASSED] - Object 'Object Repository/CuPaDl/Save/CopyLink' is visible

2018-03-05 20:41:09 - [MESSAGE][PASSED] - Object: 'Object Repository/CuPaDl/Save/CopyLink' is clicked on

2018-03-05 20:41:10 - [MESSAGE][PASSED] - Delayed 1 second(s)

2018-03-05 20:41:10 - [MESSAGE][PASSED] - Object: 'Object Repository/CuPaDl/Save/Close' is clicked on

2018-03-05 20:41:11 - [MESSAGE][PASSED] - Delayed 1 second(s)

2018-03-05 20:41:11 - [MESSAGE][PASSED] - cupakeysDl.slink.svlink is PASSED

2018-03-05 20:41:11 - [TEST_STEP][PASSED] - cupakeysDl.endsession.finishsession: cupakeysDl.endsession.finishsession is PASSED

2018-03-05 20:41:14 - [MESSAGE][PASSED] - Delayed 3 second(s)

2018-03-05 20:41:15 - [MESSAGE][PASSED] - Browser is closed

2018-03-05 20:41:15 - [MESSAGE][PASSED] - cupakeysDl.endsession.finishsession is PASSED]]></system-out>
         <system-err><![CDATA[]]></system-err>
      </testcase>
      <testcase name="Test Cases/CuPaStefanie/38" classname="Test Cases/CuPaStefanie/38" status="PASSED">
         <system-out><![CDATA[2018-03-05 20:41:15 - [TEST_CASE][PASSED] - Test Cases/CuPaStefanie/38: Test Cases/CuPaStefanie/38

2018-03-05 20:41:15 - [TEST_STEP][PASSED] - Statement - timeStamp = new java.text.SimpleDateFormat(dd.MM.yyyy).format(java.util.Calendar.getInstance().getTime()): null

2018-03-05 20:41:15 - [TEST_STEP][PASSED] - Statement - timeStampScreenshot = new java.text.SimpleDateFormat(dd.MM.yyyy).format(java.util.Calendar.getInstance().getTime()): null

2018-03-05 20:41:15 - [TEST_STEP][PASSED] - Statement - iconmap = [:]: null

2018-03-05 20:41:15 - [TEST_STEP][PASSED] - Statement - txtmap = [:]: null

2018-03-05 20:41:15 - [TEST_STEP][PASSED] - Statement - signmap = [:]: null

2018-03-05 20:41:15 - [TEST_STEP][PASSED] - cupakeysDl.initStart.initialStart: cupakeysDl.initStart.initialStart is PASSED

2018-03-05 20:41:17 - [MESSAGE][PASSED] - Browser is opened with url: ''

2018-03-05 20:41:20 - [MESSAGE][PASSED] - Delayed 3 second(s)

2018-03-05 20:41:21 - [MESSAGE][PASSED] - Navigate to 'https://d16a4dsnr8a0k1.cloudfront.net/en/2455233.html?price=150.00%20%E2%82%AC&partName=wilsonPartName&vin=wilsonVin&modelCode=XP11&paint=P0A94&modelDescription=wilsonModelDescription&additionalEquipment=wilsonAdditionalEquipment' successfully

2018-03-05 20:41:21 - [MESSAGE][PASSED] - Object 'Object Repository/CuPaDl/Loading_indicator' is visible

2018-03-05 20:41:29 - [MESSAGE][PASSED] - Object 'Object Repository/CuPaDl/Loading_indicator' is NOT visible

2018-03-05 20:41:30 - [MESSAGE][PASSED] - Delayed 1 second(s)

2018-03-05 20:41:30 - [MESSAGE][PASSED] - cupakeysDl.initStart.initialStart is PASSED

2018-03-05 20:41:30 - [TEST_STEP][PASSED] - Statement - (step++): null

2018-03-05 20:41:30 - [TEST_STEP][PASSED] - cupakeysDl.color.changecolor: cupakeysDl.color.changecolor is PASSED

2018-03-05 20:41:30 - [MESSAGE][PASSED] - Object 'Object Repository/CuPaDl/Color/Color' is visible

2018-03-05 20:41:30 - [MESSAGE][PASSED] - Object: 'Object Repository/CuPaDl/Color/Color' is clicked on

2018-03-05 20:41:31 - [MESSAGE][PASSED] - Delayed 1 second(s)

2018-03-05 20:41:31 - [MESSAGE][PASSED] - Object 'Object Repository/CuPaDl/Color/Color_thundergrey' is visible

2018-03-05 20:41:31 - [MESSAGE][PASSED] - Object: 'Object Repository/CuPaDl/Color/Color_thundergrey' is clicked on

2018-03-05 20:41:31 - [MESSAGE][WARNING] - Timeout '0' is invalid. Using default page load timeout: '30'

2018-03-05 20:41:31 - [MESSAGE][PASSED] - Object 'Object Repository/CuPaDl/Color/Color_thundergrey' is visible

2018-03-05 20:41:32 - [MESSAGE][PASSED] - Delayed 1 second(s)

2018-03-05 20:41:32 - [MESSAGE][PASSED] - Object: 'Object Repository/CuPaDl/Color/Color_thundergrey' is clicked on

2018-03-05 20:41:32 - [MESSAGE][PASSED] - Object 'Object Repository/CuPaDl/Loading_indicator' is visible

2018-03-05 20:41:34 - [MESSAGE][PASSED] - Object 'Object Repository/CuPaDl/Loading_indicator' is NOT visible

2018-03-05 20:41:35 - [MESSAGE][PASSED] - Delayed 1 second(s)

2018-03-05 20:41:35 - [MESSAGE][PASSED] - cupakeysDl.color.changecolor is PASSED

2018-03-05 20:41:35 - [TEST_STEP][PASSED] - Statement - (step++): null

2018-03-05 20:41:35 - [TEST_STEP][PASSED] - Statement - iconmap += CustomKeywords.cupakeysDl.iconad.iconadd("mountain", LoadTimeCorrector, step, run, device, timeStamp, iconcount): cupakeysDl.iconad.iconadd is PASSED

2018-03-05 20:41:35 - [MESSAGE][PASSED] - Object: 'Object Repository/CuPaDl/Icons/Icon' is clicked on

2018-03-05 20:41:38 - [MESSAGE][WARNING] - Object 'Object Repository/CuPaDl/Icons/Icon_mountain' is not visible after 2 second(s)

2018-03-05 20:41:38 - [MESSAGE][PASSED] - Object: 'Object Repository/CuPaDl/MenuScroll/ObjectsScrollRight' is clicked on

2018-03-05 20:41:40 - [MESSAGE][PASSED] - Delayed 2 second(s)

2018-03-05 20:41:40 - [MESSAGE][PASSED] - Object: 'Object Repository/CuPaDl/Icons/Icon_mountain' is clicked on

2018-03-05 20:41:41 - [MESSAGE][PASSED] - Delayed 1 second(s)

2018-03-05 20:41:41 - [MESSAGE][PASSED] - Object: 'Object Repository/CuPaDl/Icons/Icon_mountain' is clicked on

2018-03-05 20:41:45 - [MESSAGE][WARNING] - Object 'Object Repository/CuPaDl/Loading_indicator' is not visible after 3 second(s)

2018-03-05 20:41:45 - [MESSAGE][WARNING] - Timeout '0' is invalid. Using default page load timeout: '30'

2018-03-05 20:41:45 - [MESSAGE][PASSED] - Width of element 'Object Repository/CuPaDl/Icons/Reposition_icon' is '40'

2018-03-05 20:41:45 - [MESSAGE][PASSED] - Height of element 'Object Repository/CuPaDl/Icons/Reposition_icon' is '40'.

2018-03-05 20:41:46 - [MESSAGE][PASSED] - Delayed 1 second(s)

2018-03-05 20:41:46 - [MESSAGE][PASSED] - cupakeysDl.iconad.iconadd is PASSED

2018-03-05 20:41:46 - [TEST_STEP][PASSED] - Statement - (step++): null

2018-03-05 20:41:46 - [TEST_STEP][PASSED] - Statement - (iconcount++): null

2018-03-05 20:41:46 - [TEST_STEP][PASSED] - cupakeysDl.iconres.iconresize: cupakeysDl.iconres.iconresize is PASSED

2018-03-05 20:41:46 - [MESSAGE][PASSED] - Object 'Object Repository/CuPaDl/Icons/Reposition_icon' is visible

2018-03-05 20:41:46 - [MESSAGE][PASSED] - Current viewport's left (x) position is 0

2018-03-05 20:41:46 - [MESSAGE][PASSED] - Current viewport's top (y) position is 54

2018-03-05 20:41:46 - [MESSAGE][PASSED] - Dragged object with id 'Object Repository/CuPaDl/Icons/Resize_icon_bottomright' by offset distance x = 125 and y = 179 successfully

2018-03-05 20:41:49 - [MESSAGE][WARNING] - Object 'Object Repository/CuPaDl/Loading_indicator' is not visible after 3 second(s)

2018-03-05 20:41:50 - [MESSAGE][PASSED] - Delayed 1 second(s)

2018-03-05 20:41:50 - [MESSAGE][PASSED] - cupakeysDl.iconres.iconresize is PASSED

2018-03-05 20:41:50 - [TEST_STEP][PASSED] - Statement - (step++): null

2018-03-05 20:41:50 - [TEST_STEP][PASSED] - cupakeysDl.slink.svlink: cupakeysDl.slink.svlink is PASSED

2018-03-05 20:41:50 - [MESSAGE][PASSED] - Scroll to object 'Object Repository/CuPaDl/Save/Save' successfully

2018-03-05 20:41:50 - [MESSAGE][PASSED] - Object: 'Object Repository/CuPaDl/Save/Save' is clicked on

2018-03-05 20:41:50 - [MESSAGE][WARNING] - Timeout '0' is invalid. Using default page load timeout: '30'

2018-03-05 20:41:52 - [MESSAGE][PASSED] - Object 'Object Repository/CuPaDl/Save/CopyLink' is visible

2018-03-05 20:41:52 - [MESSAGE][PASSED] - Object: 'Object Repository/CuPaDl/Save/CopyLink' is clicked on

2018-03-05 20:41:53 - [MESSAGE][PASSED] - Delayed 1 second(s)

2018-03-05 20:41:53 - [MESSAGE][PASSED] - Object: 'Object Repository/CuPaDl/Save/Close' is clicked on

2018-03-05 20:41:54 - [MESSAGE][PASSED] - Delayed 1 second(s)

2018-03-05 20:41:54 - [MESSAGE][PASSED] - cupakeysDl.slink.svlink is PASSED

2018-03-05 20:41:54 - [TEST_STEP][PASSED] - cupakeysDl.endsession.finishsession: cupakeysDl.endsession.finishsession is PASSED

2018-03-05 20:41:57 - [MESSAGE][PASSED] - Delayed 3 second(s)

2018-03-05 20:41:57 - [MESSAGE][PASSED] - Browser is closed

2018-03-05 20:41:57 - [MESSAGE][PASSED] - cupakeysDl.endsession.finishsession is PASSED]]></system-out>
         <system-err><![CDATA[]]></system-err>
      </testcase>
      <testcase name="Test Cases/CuPaStefanie/39" classname="Test Cases/CuPaStefanie/39" status="PASSED">
         <system-out><![CDATA[2018-03-05 20:41:57 - [TEST_CASE][PASSED] - Test Cases/CuPaStefanie/39: Test Cases/CuPaStefanie/39

2018-03-05 20:41:58 - [TEST_STEP][PASSED] - Statement - timeStamp = new java.text.SimpleDateFormat(dd.MM.yyyy).format(java.util.Calendar.getInstance().getTime()): null

2018-03-05 20:41:58 - [TEST_STEP][PASSED] - Statement - timeStampScreenshot = new java.text.SimpleDateFormat(dd.MM.yyyy).format(java.util.Calendar.getInstance().getTime()): null

2018-03-05 20:41:58 - [TEST_STEP][PASSED] - Statement - iconmap = [:]: null

2018-03-05 20:41:58 - [TEST_STEP][PASSED] - Statement - txtmap = [:]: null

2018-03-05 20:41:58 - [TEST_STEP][PASSED] - Statement - signmap = [:]: null

2018-03-05 20:41:58 - [TEST_STEP][PASSED] - cupakeysDl.initStart.initialStart: cupakeysDl.initStart.initialStart is PASSED

2018-03-05 20:42:00 - [MESSAGE][PASSED] - Browser is opened with url: ''

2018-03-05 20:42:03 - [MESSAGE][PASSED] - Delayed 3 second(s)

2018-03-05 20:42:04 - [MESSAGE][PASSED] - Navigate to 'https://d16a4dsnr8a0k1.cloudfront.net/en/2455233.html?price=150.00%20%E2%82%AC&partName=wilsonPartName&vin=wilsonVin&modelCode=XP11&paint=P0A94&modelDescription=wilsonModelDescription&additionalEquipment=wilsonAdditionalEquipment' successfully

2018-03-05 20:42:04 - [MESSAGE][PASSED] - Object 'Object Repository/CuPaDl/Loading_indicator' is visible

2018-03-05 20:42:12 - [MESSAGE][PASSED] - Object 'Object Repository/CuPaDl/Loading_indicator' is NOT visible

2018-03-05 20:42:13 - [MESSAGE][PASSED] - Delayed 1 second(s)

2018-03-05 20:42:13 - [MESSAGE][PASSED] - cupakeysDl.initStart.initialStart is PASSED

2018-03-05 20:42:13 - [TEST_STEP][PASSED] - Statement - (step++): null

2018-03-05 20:42:13 - [TEST_STEP][PASSED] - cupakeysDl.color.changecolor: cupakeysDl.color.changecolor is PASSED

2018-03-05 20:42:13 - [MESSAGE][PASSED] - Object 'Object Repository/CuPaDl/Color/Color' is visible

2018-03-05 20:42:13 - [MESSAGE][PASSED] - Object: 'Object Repository/CuPaDl/Color/Color' is clicked on

2018-03-05 20:42:14 - [MESSAGE][PASSED] - Delayed 1 second(s)

2018-03-05 20:42:14 - [MESSAGE][PASSED] - Object 'Object Repository/CuPaDl/Color/Color_electricblue' is visible

2018-03-05 20:42:14 - [MESSAGE][PASSED] - Object: 'Object Repository/CuPaDl/Color/Color_electricblue' is clicked on

2018-03-05 20:42:14 - [MESSAGE][WARNING] - Timeout '0' is invalid. Using default page load timeout: '30'

2018-03-05 20:42:14 - [MESSAGE][PASSED] - Object 'Object Repository/CuPaDl/Color/Color_electricblue' is visible

2018-03-05 20:42:15 - [MESSAGE][PASSED] - Delayed 1 second(s)

2018-03-05 20:42:15 - [MESSAGE][PASSED] - Object: 'Object Repository/CuPaDl/Color/Color_electricblue' is clicked on

2018-03-05 20:42:18 - [MESSAGE][WARNING] - Object 'Object Repository/CuPaDl/Loading_indicator' is not visible after 3 second(s)

2018-03-05 20:42:19 - [MESSAGE][PASSED] - Delayed 1 second(s)

2018-03-05 20:42:19 - [MESSAGE][PASSED] - cupakeysDl.color.changecolor is PASSED

2018-03-05 20:42:19 - [TEST_STEP][PASSED] - Statement - (step++): null

2018-03-05 20:42:19 - [TEST_STEP][PASSED] - Statement - iconmap += CustomKeywords.cupakeysDl.iconad.iconadd("simplecompass", LoadTimeCorrector, step, run, device, timeStamp, iconcount): cupakeysDl.iconad.iconadd is PASSED

2018-03-05 20:42:20 - [MESSAGE][PASSED] - Object: 'Object Repository/CuPaDl/Icons/Icon' is clicked on

2018-03-05 20:42:22 - [MESSAGE][WARNING] - Object 'Object Repository/CuPaDl/Icons/Icon_simplecompass' is not visible after 2 second(s)

2018-03-05 20:42:22 - [MESSAGE][PASSED] - Object: 'Object Repository/CuPaDl/MenuScroll/ObjectsScrollRight' is clicked on

2018-03-05 20:42:24 - [MESSAGE][PASSED] - Delayed 2 second(s)

2018-03-05 20:42:24 - [MESSAGE][PASSED] - Object: 'Object Repository/CuPaDl/Icons/Icon_simplecompass' is clicked on

2018-03-05 20:42:25 - [MESSAGE][PASSED] - Delayed 1 second(s)

2018-03-05 20:42:25 - [MESSAGE][PASSED] - Object: 'Object Repository/CuPaDl/Icons/Icon_simplecompass' is clicked on

2018-03-05 20:42:26 - [MESSAGE][PASSED] - Object 'Object Repository/CuPaDl/Loading_indicator' is visible

2018-03-05 20:42:28 - [MESSAGE][PASSED] - Object 'Object Repository/CuPaDl/Loading_indicator' is NOT visible

2018-03-05 20:42:28 - [MESSAGE][WARNING] - Timeout '0' is invalid. Using default page load timeout: '30'

2018-03-05 20:42:28 - [MESSAGE][PASSED] - Width of element 'Object Repository/CuPaDl/Icons/Reposition_icon' is '40'

2018-03-05 20:42:28 - [MESSAGE][PASSED] - Height of element 'Object Repository/CuPaDl/Icons/Reposition_icon' is '40'.

2018-03-05 20:42:29 - [MESSAGE][PASSED] - Delayed 1 second(s)

2018-03-05 20:42:29 - [MESSAGE][PASSED] - cupakeysDl.iconad.iconadd is PASSED

2018-03-05 20:42:29 - [TEST_STEP][PASSED] - Statement - (step++): null

2018-03-05 20:42:29 - [TEST_STEP][PASSED] - Statement - (iconcount++): null

2018-03-05 20:42:29 - [TEST_STEP][PASSED] - cupakeysDl.iconres.iconresize: cupakeysDl.iconres.iconresize is PASSED

2018-03-05 20:42:29 - [MESSAGE][PASSED] - Object 'Object Repository/CuPaDl/Icons/Reposition_icon' is visible

2018-03-05 20:42:29 - [MESSAGE][PASSED] - Current viewport's left (x) position is 0

2018-03-05 20:42:29 - [MESSAGE][PASSED] - Current viewport's top (y) position is 54

2018-03-05 20:42:29 - [MESSAGE][PASSED] - Dragged object with id 'Object Repository/CuPaDl/Icons/Resize_icon_bottomright' by offset distance x = -125 and y = -71 successfully

2018-03-05 20:42:30 - [MESSAGE][PASSED] - Object 'Object Repository/CuPaDl/Loading_indicator' is visible

2018-03-05 20:42:31 - [MESSAGE][PASSED] - Object 'Object Repository/CuPaDl/Loading_indicator' is NOT visible

2018-03-05 20:42:32 - [MESSAGE][PASSED] - Delayed 1 second(s)

2018-03-05 20:42:32 - [MESSAGE][PASSED] - cupakeysDl.iconres.iconresize is PASSED

2018-03-05 20:42:32 - [TEST_STEP][PASSED] - Statement - (step++): null

2018-03-05 20:42:32 - [TEST_STEP][PASSED] - cupakeysDl.slink.svlink: cupakeysDl.slink.svlink is PASSED

2018-03-05 20:42:32 - [MESSAGE][PASSED] - Scroll to object 'Object Repository/CuPaDl/Save/Save' successfully

2018-03-05 20:42:33 - [MESSAGE][PASSED] - Object: 'Object Repository/CuPaDl/Save/Save' is clicked on

2018-03-05 20:42:33 - [MESSAGE][WARNING] - Timeout '0' is invalid. Using default page load timeout: '30'

2018-03-05 20:42:34 - [MESSAGE][PASSED] - Object 'Object Repository/CuPaDl/Save/CopyLink' is visible

2018-03-05 20:42:34 - [MESSAGE][PASSED] - Object: 'Object Repository/CuPaDl/Save/CopyLink' is clicked on

2018-03-05 20:42:35 - [MESSAGE][PASSED] - Delayed 1 second(s)

2018-03-05 20:42:35 - [MESSAGE][PASSED] - Object: 'Object Repository/CuPaDl/Save/Close' is clicked on

2018-03-05 20:42:36 - [MESSAGE][PASSED] - Delayed 1 second(s)

2018-03-05 20:42:36 - [MESSAGE][PASSED] - cupakeysDl.slink.svlink is PASSED

2018-03-05 20:42:36 - [TEST_STEP][PASSED] - cupakeysDl.endsession.finishsession: cupakeysDl.endsession.finishsession is PASSED

2018-03-05 20:42:39 - [MESSAGE][PASSED] - Delayed 3 second(s)

2018-03-05 20:42:40 - [MESSAGE][PASSED] - Browser is closed

2018-03-05 20:42:40 - [MESSAGE][PASSED] - cupakeysDl.endsession.finishsession is PASSED]]></system-out>
         <system-err><![CDATA[]]></system-err>
      </testcase>
      <testcase name="Test Cases/CuPaStefanie/40" classname="Test Cases/CuPaStefanie/40" status="PASSED">
         <system-out><![CDATA[2018-03-05 20:42:40 - [TEST_CASE][PASSED] - Test Cases/CuPaStefanie/40: Test Cases/CuPaStefanie/40

2018-03-05 20:42:40 - [TEST_STEP][PASSED] - Statement - timeStamp = new java.text.SimpleDateFormat(dd.MM.yyyy).format(java.util.Calendar.getInstance().getTime()): null

2018-03-05 20:42:40 - [TEST_STEP][PASSED] - Statement - timeStampScreenshot = new java.text.SimpleDateFormat(dd.MM.yyyy).format(java.util.Calendar.getInstance().getTime()): null

2018-03-05 20:42:40 - [TEST_STEP][PASSED] - Statement - iconmap = [:]: null

2018-03-05 20:42:40 - [TEST_STEP][PASSED] - Statement - txtmap = [:]: null

2018-03-05 20:42:40 - [TEST_STEP][PASSED] - Statement - signmap = [:]: null

2018-03-05 20:42:40 - [TEST_STEP][PASSED] - cupakeysDl.initStart.initialStart: cupakeysDl.initStart.initialStart is PASSED

2018-03-05 20:42:42 - [MESSAGE][PASSED] - Browser is opened with url: ''

2018-03-05 20:42:45 - [MESSAGE][PASSED] - Delayed 3 second(s)

2018-03-05 20:42:47 - [MESSAGE][PASSED] - Navigate to 'https://d16a4dsnr8a0k1.cloudfront.net/en/2455233.html?price=150.00%20%E2%82%AC&partName=wilsonPartName&vin=wilsonVin&modelCode=XP11&paint=P0A94&modelDescription=wilsonModelDescription&additionalEquipment=wilsonAdditionalEquipment' successfully

2018-03-05 20:42:47 - [MESSAGE][PASSED] - Object 'Object Repository/CuPaDl/Loading_indicator' is visible

2018-03-05 20:42:54 - [MESSAGE][PASSED] - Object 'Object Repository/CuPaDl/Loading_indicator' is NOT visible

2018-03-05 20:42:55 - [MESSAGE][PASSED] - Delayed 1 second(s)

2018-03-05 20:42:55 - [MESSAGE][PASSED] - cupakeysDl.initStart.initialStart is PASSED

2018-03-05 20:42:55 - [TEST_STEP][PASSED] - Statement - (step++): null

2018-03-05 20:42:55 - [TEST_STEP][PASSED] - cupakeysDl.color.changecolor: cupakeysDl.color.changecolor is PASSED

2018-03-05 20:42:55 - [MESSAGE][PASSED] - Object 'Object Repository/CuPaDl/Color/Color' is visible

2018-03-05 20:42:55 - [MESSAGE][PASSED] - Object: 'Object Repository/CuPaDl/Color/Color' is clicked on

2018-03-05 20:42:56 - [MESSAGE][PASSED] - Delayed 1 second(s)

2018-03-05 20:42:56 - [MESSAGE][PASSED] - Object 'Object Repository/CuPaDl/Color/Color_lapisblue' is visible

2018-03-05 20:42:56 - [MESSAGE][PASSED] - Object: 'Object Repository/CuPaDl/Color/Color_lapisblue' is clicked on

2018-03-05 20:42:56 - [MESSAGE][WARNING] - Timeout '0' is invalid. Using default page load timeout: '30'

2018-03-05 20:42:56 - [MESSAGE][PASSED] - Object 'Object Repository/CuPaDl/Color/Color_lapisblue' is visible

2018-03-05 20:42:57 - [MESSAGE][PASSED] - Delayed 1 second(s)

2018-03-05 20:42:57 - [MESSAGE][PASSED] - Object: 'Object Repository/CuPaDl/Color/Color_lapisblue' is clicked on

2018-03-05 20:42:57 - [MESSAGE][PASSED] - Object 'Object Repository/CuPaDl/Loading_indicator' is visible

2018-03-05 20:43:00 - [MESSAGE][PASSED] - Object 'Object Repository/CuPaDl/Loading_indicator' is NOT visible

2018-03-05 20:43:01 - [MESSAGE][PASSED] - Delayed 1 second(s)

2018-03-05 20:43:01 - [MESSAGE][PASSED] - cupakeysDl.color.changecolor is PASSED

2018-03-05 20:43:01 - [TEST_STEP][PASSED] - Statement - (step++): null

2018-03-05 20:43:01 - [TEST_STEP][PASSED] - Statement - iconmap += CustomKeywords.cupakeysDl.iconad.iconadd("simplecompass", LoadTimeCorrector, step, run, device, timeStamp, iconcount): cupakeysDl.iconad.iconadd is PASSED

2018-03-05 20:43:01 - [MESSAGE][PASSED] - Object: 'Object Repository/CuPaDl/Icons/Icon' is clicked on

2018-03-05 20:43:03 - [MESSAGE][WARNING] - Object 'Object Repository/CuPaDl/Icons/Icon_simplecompass' is not visible after 2 second(s)

2018-03-05 20:43:03 - [MESSAGE][PASSED] - Object: 'Object Repository/CuPaDl/MenuScroll/ObjectsScrollRight' is clicked on

2018-03-05 20:43:05 - [MESSAGE][PASSED] - Delayed 2 second(s)

2018-03-05 20:43:05 - [MESSAGE][PASSED] - Object: 'Object Repository/CuPaDl/Icons/Icon_simplecompass' is clicked on

2018-03-05 20:43:06 - [MESSAGE][PASSED] - Delayed 1 second(s)

2018-03-05 20:43:06 - [MESSAGE][PASSED] - Object: 'Object Repository/CuPaDl/Icons/Icon_simplecompass' is clicked on

2018-03-05 20:43:06 - [MESSAGE][PASSED] - Object 'Object Repository/CuPaDl/Loading_indicator' is visible

2018-03-05 20:43:09 - [MESSAGE][PASSED] - Object 'Object Repository/CuPaDl/Loading_indicator' is NOT visible

2018-03-05 20:43:09 - [MESSAGE][WARNING] - Timeout '0' is invalid. Using default page load timeout: '30'

2018-03-05 20:43:09 - [MESSAGE][PASSED] - Width of element 'Object Repository/CuPaDl/Icons/Reposition_icon' is '40'

2018-03-05 20:43:09 - [MESSAGE][PASSED] - Height of element 'Object Repository/CuPaDl/Icons/Reposition_icon' is '40'.

2018-03-05 20:43:10 - [MESSAGE][PASSED] - Delayed 1 second(s)

2018-03-05 20:43:10 - [MESSAGE][PASSED] - cupakeysDl.iconad.iconadd is PASSED

2018-03-05 20:43:10 - [TEST_STEP][PASSED] - Statement - (step++): null

2018-03-05 20:43:10 - [TEST_STEP][PASSED] - Statement - (iconcount++): null

2018-03-05 20:43:10 - [TEST_STEP][PASSED] - cupakeysDl.iconres.iconresize: cupakeysDl.iconres.iconresize is PASSED

2018-03-05 20:43:10 - [MESSAGE][PASSED] - Object 'Object Repository/CuPaDl/Icons/Reposition_icon' is visible

2018-03-05 20:43:10 - [MESSAGE][PASSED] - Current viewport's left (x) position is 0

2018-03-05 20:43:10 - [MESSAGE][PASSED] - Current viewport's top (y) position is 54

2018-03-05 20:43:10 - [MESSAGE][PASSED] - Dragged object with id 'Object Repository/CuPaDl/Icons/Resize_icon_bottomright' by offset distance x = 125 and y = 179 successfully

2018-03-05 20:43:12 - [MESSAGE][PASSED] - Object 'Object Repository/CuPaDl/Loading_indicator' is visible

2018-03-05 20:43:13 - [MESSAGE][PASSED] - Object 'Object Repository/CuPaDl/Loading_indicator' is NOT visible

2018-03-05 20:43:14 - [MESSAGE][PASSED] - Delayed 1 second(s)

2018-03-05 20:43:14 - [MESSAGE][PASSED] - cupakeysDl.iconres.iconresize is PASSED

2018-03-05 20:43:14 - [TEST_STEP][PASSED] - Statement - (step++): null

2018-03-05 20:43:14 - [TEST_STEP][PASSED] - cupakeysDl.slink.svlink: cupakeysDl.slink.svlink is PASSED

2018-03-05 20:43:14 - [MESSAGE][PASSED] - Scroll to object 'Object Repository/CuPaDl/Save/Save' successfully

2018-03-05 20:43:14 - [MESSAGE][PASSED] - Object: 'Object Repository/CuPaDl/Save/Save' is clicked on

2018-03-05 20:43:14 - [MESSAGE][WARNING] - Timeout '0' is invalid. Using default page load timeout: '30'

2018-03-05 20:43:15 - [MESSAGE][PASSED] - Object 'Object Repository/CuPaDl/Save/CopyLink' is visible

2018-03-05 20:43:15 - [MESSAGE][PASSED] - Object: 'Object Repository/CuPaDl/Save/CopyLink' is clicked on

2018-03-05 20:43:16 - [MESSAGE][PASSED] - Delayed 1 second(s)

2018-03-05 20:43:17 - [MESSAGE][PASSED] - Object: 'Object Repository/CuPaDl/Save/Close' is clicked on

2018-03-05 20:43:18 - [MESSAGE][PASSED] - Delayed 1 second(s)

2018-03-05 20:43:18 - [MESSAGE][PASSED] - cupakeysDl.slink.svlink is PASSED

2018-03-05 20:43:18 - [TEST_STEP][PASSED] - cupakeysDl.endsession.finishsession: cupakeysDl.endsession.finishsession is PASSED

2018-03-05 20:43:21 - [MESSAGE][PASSED] - Delayed 3 second(s)

2018-03-05 20:43:21 - [MESSAGE][PASSED] - Browser is closed

2018-03-05 20:43:21 - [MESSAGE][PASSED] - cupakeysDl.endsession.finishsession is PASSED]]></system-out>
         <system-err><![CDATA[]]></system-err>
      </testcase>
      <testcase name="Test Cases/CuPaStefanie/41" classname="Test Cases/CuPaStefanie/41" status="FAILED">
         <failure type="FAILED" message="Unable to click on object 'Object Repository/CuPaDl/Icons/Icon_worldmap' (Root cause: org.openqa.selenium.ElementNotVisibleException: element not visible
  (Session info: headless chrome=64.0.3282.186)
  (Driver info: chromedriver=2.35.528161 (5b82f2d2aae0ca24b877009200ced9065a772e73),platform=Windows NT 10.0.16299 x86_64) (WARNING: The server did not provide any stacktrace information)
Command duration or timeout: 0 milliseconds
Build info: version: '3.7.1', revision: '8a0099a', time: '2017-11-06T21:07:36.161Z'
System info: host: 'DESKTOP-47R6KV7', ip: '192.168.100.78', os.name: 'Windows 10', os.arch: 'amd64', os.version: '10.0', java.version: '1.8.0_102'
Driver info: com.kms.katalon.selenium.driver.CChromeDriver
Capabilities {acceptInsecureCerts: false, acceptSslCerts: false, applicationCacheEnabled: false, browserConnectionEnabled: false, browserName: chrome, chrome: {chromedriverVersion: 2.35.528161 (5b82f2d2aae0ca..., userDataDir: C:\Users\MEGAPO~1\AppData\L...}, cssSelectorsEnabled: true, databaseEnabled: false, handlesAlerts: true, hasTouchScreen: false, javascriptEnabled: true, locationContextEnabled: true, mobileEmulationEnabled: false, nativeEvents: true, networkConnectionEnabled: false, pageLoadStrategy: normal, platform: XP, platformName: XP, rotatable: false, setWindowRect: true, takesHeapSnapshot: true, takesScreenshot: true, unexpectedAlertBehaviour: , unhandledPromptBehavior: , version: 64.0.3282.186, webStorageEnabled: true}
Session ID: ccb19a59898188cbd8f7c780d6a702eb)"/>
         <system-out><![CDATA[2018-03-05 20:43:21 - [TEST_CASE][FAILED] - Test Cases/CuPaStefanie/41: Test Cases/CuPaStefanie/41 FAILED because (of) Unable to click on object 'Object Repository/CuPaDl/Icons/Icon_worldmap' (Root cause: org.openqa.selenium.ElementNotVisibleException: element not visible
  (Session info: headless chrome=64.0.3282.186)
  (Driver info: chromedriver=2.35.528161 (5b82f2d2aae0ca24b877009200ced9065a772e73),platform=Windows NT 10.0.16299 x86_64) (WARNING: The server did not provide any stacktrace information)
Command duration or timeout: 0 milliseconds
Build info: version: '3.7.1', revision: '8a0099a', time: '2017-11-06T21:07:36.161Z'
System info: host: 'DESKTOP-47R6KV7', ip: '192.168.100.78', os.name: 'Windows 10', os.arch: 'amd64', os.version: '10.0', java.version: '1.8.0_102'
Driver info: com.kms.katalon.selenium.driver.CChromeDriver
Capabilities {acceptInsecureCerts: false, acceptSslCerts: false, applicationCacheEnabled: false, browserConnectionEnabled: false, browserName: chrome, chrome: {chromedriverVersion: 2.35.528161 (5b82f2d2aae0ca..., userDataDir: C:\Users\MEGAPO~1\AppData\L...}, cssSelectorsEnabled: true, databaseEnabled: false, handlesAlerts: true, hasTouchScreen: false, javascriptEnabled: true, locationContextEnabled: true, mobileEmulationEnabled: false, nativeEvents: true, networkConnectionEnabled: false, pageLoadStrategy: normal, platform: XP, platformName: XP, rotatable: false, setWindowRect: true, takesHeapSnapshot: true, takesScreenshot: true, unexpectedAlertBehaviour: , unhandledPromptBehavior: , version: 64.0.3282.186, webStorageEnabled: true}
Session ID: ccb19a59898188cbd8f7c780d6a702eb)

2018-03-05 20:43:21 - [TEST_STEP][PASSED] - Statement - timeStamp = new java.text.SimpleDateFormat(dd.MM.yyyy).format(java.util.Calendar.getInstance().getTime()): null

2018-03-05 20:43:21 - [TEST_STEP][PASSED] - Statement - timeStampScreenshot = new java.text.SimpleDateFormat(dd.MM.yyyy).format(java.util.Calendar.getInstance().getTime()): null

2018-03-05 20:43:21 - [TEST_STEP][PASSED] - Statement - iconmap = [:]: null

2018-03-05 20:43:21 - [TEST_STEP][PASSED] - Statement - txtmap = [:]: null

2018-03-05 20:43:21 - [TEST_STEP][PASSED] - Statement - signmap = [:]: null

2018-03-05 20:43:21 - [TEST_STEP][PASSED] - cupakeysDl.initStart.initialStart: cupakeysDl.initStart.initialStart is PASSED

2018-03-05 20:43:23 - [MESSAGE][PASSED] - Browser is opened with url: ''

2018-03-05 20:43:26 - [MESSAGE][PASSED] - Delayed 3 second(s)

2018-03-05 20:43:28 - [MESSAGE][PASSED] - Navigate to 'https://d16a4dsnr8a0k1.cloudfront.net/en/2455233.html?price=150.00%20%E2%82%AC&partName=wilsonPartName&vin=wilsonVin&modelCode=XP11&paint=P0A94&modelDescription=wilsonModelDescription&additionalEquipment=wilsonAdditionalEquipment' successfully

2018-03-05 20:43:28 - [MESSAGE][PASSED] - Object 'Object Repository/CuPaDl/Loading_indicator' is visible

2018-03-05 20:43:35 - [MESSAGE][PASSED] - Object 'Object Repository/CuPaDl/Loading_indicator' is NOT visible

2018-03-05 20:43:36 - [MESSAGE][PASSED] - Delayed 1 second(s)

2018-03-05 20:43:36 - [MESSAGE][PASSED] - cupakeysDl.initStart.initialStart is PASSED

2018-03-05 20:43:36 - [TEST_STEP][PASSED] - Statement - (step++): null

2018-03-05 20:43:36 - [TEST_STEP][PASSED] - cupakeysDl.color.changecolor: cupakeysDl.color.changecolor is PASSED

2018-03-05 20:43:36 - [MESSAGE][PASSED] - Object 'Object Repository/CuPaDl/Color/Color' is visible

2018-03-05 20:43:36 - [MESSAGE][PASSED] - Object: 'Object Repository/CuPaDl/Color/Color' is clicked on

2018-03-05 20:43:37 - [MESSAGE][PASSED] - Delayed 1 second(s)

2018-03-05 20:43:37 - [MESSAGE][PASSED] - Object 'Object Repository/CuPaDl/Color/Color_rebelgreen' is visible

2018-03-05 20:43:37 - [MESSAGE][PASSED] - Object: 'Object Repository/CuPaDl/Color/Color_rebelgreen' is clicked on

2018-03-05 20:43:37 - [MESSAGE][WARNING] - Timeout '0' is invalid. Using default page load timeout: '30'

2018-03-05 20:43:37 - [MESSAGE][PASSED] - Object 'Object Repository/CuPaDl/Color/Color_rebelgreen' is visible

2018-03-05 20:43:38 - [MESSAGE][PASSED] - Delayed 1 second(s)

2018-03-05 20:43:39 - [MESSAGE][PASSED] - Object: 'Object Repository/CuPaDl/Color/Color_rebelgreen' is clicked on

2018-03-05 20:43:42 - [MESSAGE][WARNING] - Object 'Object Repository/CuPaDl/Loading_indicator' is not visible after 3 second(s)

2018-03-05 20:43:43 - [MESSAGE][PASSED] - Delayed 1 second(s)

2018-03-05 20:43:43 - [MESSAGE][PASSED] - cupakeysDl.color.changecolor is PASSED

2018-03-05 20:43:43 - [TEST_STEP][PASSED] - Statement - (step++): null

2018-03-05 20:43:43 - [TEST_STEP][FAILED] - Statement - iconmap += CustomKeywords.cupakeysDl.iconad.iconadd("worldmap", LoadTimeCorrector, step, run, device, timeStamp, iconcount): Unable to click on object 'Object Repository/CuPaDl/Icons/Icon_worldmap' (Root cause: org.openqa.selenium.ElementNotVisibleException: element not visible
  (Session info: headless chrome=64.0.3282.186)
  (Driver info: chromedriver=2.35.528161 (5b82f2d2aae0ca24b877009200ced9065a772e73),platform=Windows NT 10.0.16299 x86_64) (WARNING: The server did not provide any stacktrace information)
Command duration or timeout: 0 milliseconds
Build info: version: '3.7.1', revision: '8a0099a', time: '2017-11-06T21:07:36.161Z'
System info: host: 'DESKTOP-47R6KV7', ip: '192.168.100.78', os.name: 'Windows 10', os.arch: 'amd64', os.version: '10.0', java.version: '1.8.0_102'
Driver info: com.kms.katalon.selenium.driver.CChromeDriver
Capabilities {acceptInsecureCerts: false, acceptSslCerts: false, applicationCacheEnabled: false, browserConnectionEnabled: false, browserName: chrome, chrome: {chromedriverVersion: 2.35.528161 (5b82f2d2aae0ca..., userDataDir: C:\Users\MEGAPO~1\AppData\L...}, cssSelectorsEnabled: true, databaseEnabled: false, handlesAlerts: true, hasTouchScreen: false, javascriptEnabled: true, locationContextEnabled: true, mobileEmulationEnabled: false, nativeEvents: true, networkConnectionEnabled: false, pageLoadStrategy: normal, platform: XP, platformName: XP, rotatable: false, setWindowRect: true, takesHeapSnapshot: true, takesScreenshot: true, unexpectedAlertBehaviour: , unhandledPromptBehavior: , version: 64.0.3282.186, webStorageEnabled: true}
Session ID: ccb19a59898188cbd8f7c780d6a702eb)

2018-03-05 20:43:43 - [MESSAGE][PASSED] - Object: 'Object Repository/CuPaDl/Icons/Icon' is clicked on

2018-03-05 20:43:45 - [MESSAGE][WARNING] - Object 'Object Repository/CuPaDl/Icons/Icon_worldmap' is not visible after 2 second(s)

2018-03-05 20:43:45 - [MESSAGE][PASSED] - Object: 'Object Repository/CuPaDl/MenuScroll/ObjectsScrollRight' is clicked on

2018-03-05 20:43:47 - [MESSAGE][PASSED] - Delayed 2 second(s)

2018-03-05 20:43:47 - [MESSAGE][FAILED] - Unable to click on object 'Object Repository/CuPaDl/Icons/Icon_worldmap' (Root cause: org.openqa.selenium.ElementNotVisibleException: element not visible
  (Session info: headless chrome=64.0.3282.186)
  (Driver info: chromedriver=2.35.528161 (5b82f2d2aae0ca24b877009200ced9065a772e73),platform=Windows NT 10.0.16299 x86_64) (WARNING: The server did not provide any stacktrace information)
Command duration or timeout: 0 milliseconds
Build info: version: '3.7.1', revision: '8a0099a', time: '2017-11-06T21:07:36.161Z'
System info: host: 'DESKTOP-47R6KV7', ip: '192.168.100.78', os.name: 'Windows 10', os.arch: 'amd64', os.version: '10.0', java.version: '1.8.0_102'
Driver info: com.kms.katalon.selenium.driver.CChromeDriver
Capabilities {acceptInsecureCerts: false, acceptSslCerts: false, applicationCacheEnabled: false, browserConnectionEnabled: false, browserName: chrome, chrome: {chromedriverVersion: 2.35.528161 (5b82f2d2aae0ca..., userDataDir: C:\Users\MEGAPO~1\AppData\L...}, cssSelectorsEnabled: true, databaseEnabled: false, handlesAlerts: true, hasTouchScreen: false, javascriptEnabled: true, locationContextEnabled: true, mobileEmulationEnabled: false, nativeEvents: true, networkConnectionEnabled: false, pageLoadStrategy: normal, platform: XP, platformName: XP, rotatable: false, setWindowRect: true, takesHeapSnapshot: true, takesScreenshot: true, unexpectedAlertBehaviour: , unhandledPromptBehavior: , version: 64.0.3282.186, webStorageEnabled: true}
Session ID: ccb19a59898188cbd8f7c780d6a702eb)

2018-03-05 20:43:47 - [MESSAGE][FAILED] - Unable to click on object 'Object Repository/CuPaDl/Icons/Icon_worldmap' (Root cause: org.openqa.selenium.ElementNotVisibleException: element not visible
  (Session info: headless chrome=64.0.3282.186)
  (Driver info: chromedriver=2.35.528161 (5b82f2d2aae0ca24b877009200ced9065a772e73),platform=Windows NT 10.0.16299 x86_64) (WARNING: The server did not provide any stacktrace information)
Command duration or timeout: 0 milliseconds
Build info: version: '3.7.1', revision: '8a0099a', time: '2017-11-06T21:07:36.161Z'
System info: host: 'DESKTOP-47R6KV7', ip: '192.168.100.78', os.name: 'Windows 10', os.arch: 'amd64', os.version: '10.0', java.version: '1.8.0_102'
Driver info: com.kms.katalon.selenium.driver.CChromeDriver
Capabilities {acceptInsecureCerts: false, acceptSslCerts: false, applicationCacheEnabled: false, browserConnectionEnabled: false, browserName: chrome, chrome: {chromedriverVersion: 2.35.528161 (5b82f2d2aae0ca..., userDataDir: C:\Users\MEGAPO~1\AppData\L...}, cssSelectorsEnabled: true, databaseEnabled: false, handlesAlerts: true, hasTouchScreen: false, javascriptEnabled: true, locationContextEnabled: true, mobileEmulationEnabled: false, nativeEvents: true, networkConnectionEnabled: false, pageLoadStrategy: normal, platform: XP, platformName: XP, rotatable: false, setWindowRect: true, takesHeapSnapshot: true, takesScreenshot: true, unexpectedAlertBehaviour: , unhandledPromptBehavior: , version: 64.0.3282.186, webStorageEnabled: true}
Session ID: ccb19a59898188cbd8f7c780d6a702eb)]]></system-out>
         <system-err><![CDATA[2018-03-05 20:43:21 - [TEST_CASE][FAILED] - Test Cases/CuPaStefanie/41: Test Cases/CuPaStefanie/41 FAILED because (of) Unable to click on object 'Object Repository/CuPaDl/Icons/Icon_worldmap' (Root cause: org.openqa.selenium.ElementNotVisibleException: element not visible
  (Session info: headless chrome=64.0.3282.186)
  (Driver info: chromedriver=2.35.528161 (5b82f2d2aae0ca24b877009200ced9065a772e73),platform=Windows NT 10.0.16299 x86_64) (WARNING: The server did not provide any stacktrace information)
Command duration or timeout: 0 milliseconds
Build info: version: '3.7.1', revision: '8a0099a', time: '2017-11-06T21:07:36.161Z'
System info: host: 'DESKTOP-47R6KV7', ip: '192.168.100.78', os.name: 'Windows 10', os.arch: 'amd64', os.version: '10.0', java.version: '1.8.0_102'
Driver info: com.kms.katalon.selenium.driver.CChromeDriver
Capabilities {acceptInsecureCerts: false, acceptSslCerts: false, applicationCacheEnabled: false, browserConnectionEnabled: false, browserName: chrome, chrome: {chromedriverVersion: 2.35.528161 (5b82f2d2aae0ca..., userDataDir: C:\Users\MEGAPO~1\AppData\L...}, cssSelectorsEnabled: true, databaseEnabled: false, handlesAlerts: true, hasTouchScreen: false, javascriptEnabled: true, locationContextEnabled: true, mobileEmulationEnabled: false, nativeEvents: true, networkConnectionEnabled: false, pageLoadStrategy: normal, platform: XP, platformName: XP, rotatable: false, setWindowRect: true, takesHeapSnapshot: true, takesScreenshot: true, unexpectedAlertBehaviour: , unhandledPromptBehavior: , version: 64.0.3282.186, webStorageEnabled: true}
Session ID: ccb19a59898188cbd8f7c780d6a702eb)]]></system-err>
      </testcase>
      <testcase name="Test Cases/CuPaStefanie/42" classname="Test Cases/CuPaStefanie/42" status="FAILED">
         <failure type="FAILED" message="Unable to wait for object to be visible (Root cause: java.lang.IllegalArgumentException: Object is null)"/>
         <system-out><![CDATA[2018-03-05 20:43:47 - [TEST_CASE][FAILED] - Test Cases/CuPaStefanie/42: Test Cases/CuPaStefanie/42 FAILED because (of) Unable to wait for object to be visible (Root cause: java.lang.IllegalArgumentException: Object is null)

2018-03-05 20:43:47 - [TEST_STEP][PASSED] - Statement - timeStamp = new java.text.SimpleDateFormat(dd.MM.yyyy).format(java.util.Calendar.getInstance().getTime()): null

2018-03-05 20:43:47 - [TEST_STEP][PASSED] - Statement - timeStampScreenshot = new java.text.SimpleDateFormat(dd.MM.yyyy).format(java.util.Calendar.getInstance().getTime()): null

2018-03-05 20:43:47 - [TEST_STEP][PASSED] - Statement - iconmap = [:]: null

2018-03-05 20:43:47 - [TEST_STEP][PASSED] - Statement - txtmap = [:]: null

2018-03-05 20:43:47 - [TEST_STEP][PASSED] - Statement - signmap = [:]: null

2018-03-05 20:43:47 - [TEST_STEP][PASSED] - cupakeysDl.initStart.initialStart: cupakeysDl.initStart.initialStart is PASSED

2018-03-05 20:43:47 - [MESSAGE][WARNING] - A browser is already opened. Closing browser and opening a new one

2018-03-05 20:43:50 - [MESSAGE][PASSED] - Browser is opened with url: ''

2018-03-05 20:43:53 - [MESSAGE][PASSED] - Delayed 3 second(s)

2018-03-05 20:43:54 - [MESSAGE][PASSED] - Navigate to 'https://d16a4dsnr8a0k1.cloudfront.net/en/2455233.html?price=150.00%20%E2%82%AC&partName=wilsonPartName&vin=wilsonVin&modelCode=XP11&paint=P0A94&modelDescription=wilsonModelDescription&additionalEquipment=wilsonAdditionalEquipment' successfully

2018-03-05 20:43:54 - [MESSAGE][PASSED] - Object 'Object Repository/CuPaDl/Loading_indicator' is visible

2018-03-05 20:44:01 - [MESSAGE][PASSED] - Object 'Object Repository/CuPaDl/Loading_indicator' is NOT visible

2018-03-05 20:44:02 - [MESSAGE][PASSED] - Delayed 1 second(s)

2018-03-05 20:44:02 - [MESSAGE][PASSED] - cupakeysDl.initStart.initialStart is PASSED

2018-03-05 20:44:02 - [TEST_STEP][PASSED] - Statement - (step++): null

2018-03-05 20:44:02 - [TEST_STEP][FAILED] - cupakeysDl.color.changecolor: Unable to wait for object to be visible (Root cause: java.lang.IllegalArgumentException: Object is null)

2018-03-05 20:44:02 - [MESSAGE][PASSED] - Object 'Object Repository/CuPaDl/Color/Color' is visible

2018-03-05 20:44:03 - [MESSAGE][PASSED] - Object: 'Object Repository/CuPaDl/Color/Color' is clicked on

2018-03-05 20:44:04 - [MESSAGE][PASSED] - Delayed 1 second(s)

2018-03-05 20:44:04 - [MESSAGE][WARNING] - Test object with id 'Object Repository/CuPaDl/Color/Color_caribeanblue' does not exist

2018-03-05 20:44:04 - [MESSAGE][WARNING] - Test object with id 'Object Repository/' does not exist

2018-03-05 20:44:04 - [MESSAGE][FAILED] - Unable to wait for object to be visible (Root cause: java.lang.IllegalArgumentException: Object is null)

2018-03-05 20:44:04 - [MESSAGE][FAILED] - Unable to wait for object to be visible (Root cause: java.lang.IllegalArgumentException: Object is null)]]></system-out>
         <system-err><![CDATA[2018-03-05 20:43:47 - [TEST_CASE][FAILED] - Test Cases/CuPaStefanie/42: Test Cases/CuPaStefanie/42 FAILED because (of) Unable to wait for object to be visible (Root cause: java.lang.IllegalArgumentException: Object is null)]]></system-err>
      </testcase>
      <system-out><![CDATA[2018-03-05 19:59:01 - [TEST_SUITE][FAILED] - CuPa: Test Cases/CuPaStefanie/7 FAILED because (of) Unable to drag and drop by offset distance (Root cause: com.kms.katalon.core.webui.exception.WebElementNotFoundException: Web element with id: 'Object Repository/CuPaDl/Icons/Resize_icon_bottomright' located by 'By.xpath: //*[@id="pages-index"]/div[1]/div[2]/div[1]/div[3]/div/div/div[1]/div[6]' not found)]]></system-out>
      <system-err><![CDATA[2018-03-05 19:59:01 - [TEST_SUITE][FAILED] - CuPa: Test Cases/CuPaStefanie/7 FAILED because (of) Unable to drag and drop by offset distance (Root cause: com.kms.katalon.core.webui.exception.WebElementNotFoundException: Web element with id: 'Object Repository/CuPaDl/Icons/Resize_icon_bottomright' located by 'By.xpath: //*[@id="pages-index"]/div[1]/div[2]/div[1]/div[3]/div/div/div[1]/div[6]' not found)]]></system-err>
   </testsuite>
</testsuites>
