<?xml version="1.0" encoding="UTF-8"?>
<testsuites name="CuPa" time="2253" tests="32" failures="10" errors="1">
   <testsuite name="CuPa" tests="32" failures="10" errors="1" time="2253" timestamp="2018-03-05 15:17:13" hostname="Megapoort - DESKTOP-47R6KV7.localdomain" id="Test Suites/CuPa">
      <properties>
         <property name="deviceName" value=""/>
         <property name="devicePlatform" value=""/>
         <property name="logFolder" value="D:\\Project\\DS5.2.1\\Reports\\CuPa\\20180305_151711"/>
         <property name="logFiles" value="D:\\Project\\DS5.2.1\\Reports\\CuPa\\20180305_151711\\execution0.log"/>
         <property name="attachments" value=""/>
         <property name="hostName" value="Megapoort - DESKTOP-47R6KV7.localdomain"/>
         <property name="os" value="Windows 10 64bit"/>
         <property name="katalonVersion" value="5.3.1.1"/>
         <property name="browser" value="Chrome 64.0.3282.186"/>
         <property name="hostAddress" value="192.168.100.78"/>
         <property name="sessionId" value="852f32f019274dc8f27a2550381653e2"/>
         <property name="seleniumVersion" value="3.7.1"/>
         <property name="proxyInformation" value="ProxyInformation{proxyOption=NO_PROXY, proxyServerType=HTTP, password=, proxyServerAddress=, proxyServerPort=0}"/>
         <property name="platform" value="Windows 10"/>
      </properties>
      <testcase name="Test Cases/CuPaStefanie/0" classname="Test Cases/CuPaStefanie/0" status="ERROR">
         <error type="ERROR" message="Test Cases/CuPaStefanie/0 FAILED because (of) Variable 'run' is not defined for test case."/>
         <system-out><![CDATA[2018-03-05 15:17:13 - [TEST_CASE][ERROR] - Test Cases/CuPaStefanie/0: Test Cases/CuPaStefanie/0 FAILED because (of) Variable 'run' is not defined for test case.

2018-03-05 15:17:13 - [TEST_STEP][PASSED] - Statement - timeStamp = new java.text.SimpleDateFormat(dd.MM.yyyy).format(java.util.Calendar.getInstance().getTime()): null

2018-03-05 15:17:13 - [TEST_STEP][PASSED] - Statement - timeStampScreenshot = new java.text.SimpleDateFormat(dd.MM.yyyy).format(java.util.Calendar.getInstance().getTime()): null

2018-03-05 15:17:13 - [TEST_STEP][PASSED] - Statement - ps = new java.io.PrintStream((((timeStamp + _Run) + run) + .txt)): null]]></system-out>
         <system-err><![CDATA[2018-03-05 15:17:13 - [TEST_CASE][ERROR] - Test Cases/CuPaStefanie/0: Test Cases/CuPaStefanie/0 FAILED because (of) Variable 'run' is not defined for test case.]]></system-err>
      </testcase>
      <testcase name="Test Cases/CuPaStefanie/1" classname="Test Cases/CuPaStefanie/1" status="PASSED">
         <system-out><![CDATA[2018-03-05 15:17:13 - [TEST_CASE][PASSED] - Test Cases/CuPaStefanie/1: Test Cases/CuPaStefanie/1

2018-03-05 15:17:14 - [TEST_STEP][PASSED] - Statement - timeStamp = new java.text.SimpleDateFormat(dd.MM.yyyy).format(java.util.Calendar.getInstance().getTime()): null

2018-03-05 15:17:14 - [TEST_STEP][PASSED] - Statement - timeStampScreenshot = new java.text.SimpleDateFormat(dd.MM.yyyy).format(java.util.Calendar.getInstance().getTime()): null

2018-03-05 15:17:14 - [TEST_STEP][PASSED] - Statement - iconmap = [:]: null

2018-03-05 15:17:14 - [TEST_STEP][PASSED] - Statement - txtmap = [:]: null

2018-03-05 15:17:14 - [TEST_STEP][PASSED] - Statement - signmap = [:]: null

2018-03-05 15:17:14 - [TEST_STEP][PASSED] - cupakeysDl.initStart.initialStart: cupakeysDl.initStart.initialStart is PASSED

2018-03-05 15:17:16 - [MESSAGE][PASSED] - Browser is opened with url: ''

2018-03-05 15:17:20 - [MESSAGE][PASSED] - Delayed 3 second(s)

2018-03-05 15:17:22 - [MESSAGE][PASSED] - Navigate to 'https://d16a4dsnr8a0k1.cloudfront.net/en/2455233.html?price=150.00%20%E2%82%AC&partName=wilsonPartName&vin=wilsonVin&modelCode=XP11&paint=P0A94&modelDescription=wilsonModelDescription&additionalEquipment=wilsonAdditionalEquipment' successfully

2018-03-05 15:17:22 - [MESSAGE][PASSED] - Object 'Object Repository/CuPaDl/Loading_indicator' is visible

2018-03-05 15:17:28 - [MESSAGE][PASSED] - Object 'Object Repository/CuPaDl/Loading_indicator' is NOT visible

2018-03-05 15:17:29 - [MESSAGE][PASSED] - Delayed 1 second(s)

2018-03-05 15:17:29 - [MESSAGE][PASSED] - cupakeysDl.initStart.initialStart is PASSED

2018-03-05 15:17:29 - [TEST_STEP][PASSED] - Statement - (step++): null

2018-03-05 15:17:29 - [TEST_STEP][PASSED] - cupakeysDl.color.changecolor: cupakeysDl.color.changecolor is PASSED

2018-03-05 15:17:29 - [MESSAGE][PASSED] - Object 'Object Repository/CuPaDl/Color/Color' is visible

2018-03-05 15:17:29 - [MESSAGE][PASSED] - Object: 'Object Repository/CuPaDl/Color/Color' is clicked on

2018-03-05 15:17:29 - [MESSAGE][WARNING] - Timeout '0' is invalid. Using default page load timeout: '30'

2018-03-05 15:17:29 - [MESSAGE][PASSED] - Object 'Object Repository/CuPaDl/Color/Color_passionred' is visible

2018-03-05 15:17:30 - [MESSAGE][PASSED] - Delayed 1 second(s)

2018-03-05 15:17:30 - [MESSAGE][PASSED] - Object: 'Object Repository/CuPaDl/Color/Color_passionred' is clicked on

2018-03-05 15:17:33 - [MESSAGE][WARNING] - Object 'Object Repository/CuPaDl/Loading_indicator' is not visible after 3 second(s)

2018-03-05 15:17:34 - [MESSAGE][PASSED] - Delayed 1 second(s)

2018-03-05 15:17:34 - [MESSAGE][PASSED] - cupakeysDl.color.changecolor is PASSED

2018-03-05 15:17:34 - [TEST_STEP][PASSED] - Statement - (step++): null

2018-03-05 15:17:34 - [TEST_STEP][PASSED] - cupakeysDl.chngstruct.changestructure: cupakeysDl.chngstruct.changestructure is PASSED

2018-03-05 15:17:34 - [MESSAGE][PASSED] - Object: 'Object Repository/CuPaDl/Structure/Structure' is clicked on

2018-03-05 15:17:34 - [MESSAGE][WARNING] - Timeout '0' is invalid. Using default page load timeout: '30'

2018-03-05 15:17:34 - [MESSAGE][PASSED] - Object 'Object Repository/CuPaDl/Structure/Structure_Hahnentritt' is visible

2018-03-05 15:17:35 - [MESSAGE][PASSED] - Delayed 1 second(s)

2018-03-05 15:17:35 - [MESSAGE][PASSED] - Object: 'Object Repository/CuPaDl/Structure/Structure_drops' is clicked on

2018-03-05 15:17:36 - [MESSAGE][PASSED] - Object 'Object Repository/CuPaDl/Loading_indicator' is visible

2018-03-05 15:17:42 - [MESSAGE][PASSED] - Object 'Object Repository/CuPaDl/Loading_indicator' is NOT visible

2018-03-05 15:17:43 - [MESSAGE][PASSED] - Delayed 1 second(s)

2018-03-05 15:17:43 - [MESSAGE][PASSED] - cupakeysDl.chngstruct.changestructure is PASSED

2018-03-05 15:17:43 - [TEST_STEP][PASSED] - Statement - (step++): null

2018-03-05 15:17:43 - [TEST_STEP][PASSED] - cupakeysDl.sclstruct.scalestructure: cupakeysDl.sclstruct.scalestructure is PASSED

2018-03-05 15:17:46 - [MESSAGE][WARNING] - Object 'Object Repository/CuPaDl/Structure/Resize_Structure_bottomright' is not visible after 3 second(s)

2018-03-05 15:17:46 - [MESSAGE][PASSED] - Object: 'Object Repository/CuPaDl/Structure/Resize_Structure' is clicked on

2018-03-05 15:17:46 - [MESSAGE][WARNING] - Timeout '0' is invalid. Using default page load timeout: '30'

2018-03-05 15:17:46 - [MESSAGE][PASSED] - Object 'Object Repository/CuPaDl/Structure/Resize_Structure_bottomright' is visible

2018-03-05 15:17:47 - [MESSAGE][PASSED] - Delayed 1 second(s)

2018-03-05 15:17:47 - [MESSAGE][PASSED] - Current viewport's left (x) position is 0

2018-03-05 15:17:47 - [MESSAGE][PASSED] - Current viewport's top (y) position is 54

2018-03-05 15:17:47 - [MESSAGE][PASSED] - Dragged object with id 'Object Repository/CuPaDl/Structure/Resize_Structure_bottomright' by offset distance x = -225 and y = -171 successfully

2018-03-05 15:17:48 - [MESSAGE][PASSED] - Object 'Object Repository/CuPaDl/Loading_indicator' is visible

2018-03-05 15:18:13 - [MESSAGE][PASSED] - Object 'Object Repository/CuPaDl/Loading_indicator' is NOT visible

2018-03-05 15:18:14 - [MESSAGE][PASSED] - Delayed 1 second(s)

2018-03-05 15:18:14 - [MESSAGE][PASSED] - cupakeysDl.sclstruct.scalestructure is PASSED

2018-03-05 15:18:14 - [TEST_STEP][PASSED] - Statement - (step++): null

2018-03-05 15:18:14 - [TEST_STEP][PASSED] - Statement - iconmap += CustomKeywords.cupakeysDl.iconad.iconadd("unionjack", LoadTimeCorrector, step, run, device, timeStamp, iconcount): cupakeysDl.iconad.iconadd is PASSED

2018-03-05 15:18:14 - [MESSAGE][PASSED] - Object: 'Object Repository/CuPaDl/Icons/Icon' is clicked on

2018-03-05 15:18:14 - [MESSAGE][WARNING] - Timeout '0' is invalid. Using default page load timeout: '30'

2018-03-05 15:18:14 - [MESSAGE][PASSED] - Object 'Object Repository/CuPaDl/Icons/Icon_unionjack' is visible

2018-03-05 15:18:15 - [MESSAGE][PASSED] - Delayed 1 second(s)

2018-03-05 15:18:15 - [MESSAGE][PASSED] - Object: 'Object Repository/CuPaDl/Icons/Icon_unionjack' is clicked on

2018-03-05 15:18:16 - [MESSAGE][PASSED] - Object 'Object Repository/CuPaDl/Loading_indicator' is visible

2018-03-05 15:18:18 - [MESSAGE][PASSED] - Object 'Object Repository/CuPaDl/Loading_indicator' is NOT visible

2018-03-05 15:18:18 - [MESSAGE][WARNING] - Timeout '0' is invalid. Using default page load timeout: '30'

2018-03-05 15:18:18 - [MESSAGE][PASSED] - Width of element 'Object Repository/CuPaDl/Icons/Reposition_icon' is '40'

2018-03-05 15:18:18 - [MESSAGE][PASSED] - Height of element 'Object Repository/CuPaDl/Icons/Reposition_icon' is '40'.

2018-03-05 15:18:19 - [MESSAGE][PASSED] - Delayed 1 second(s)

2018-03-05 15:18:19 - [MESSAGE][PASSED] - cupakeysDl.iconad.iconadd is PASSED

2018-03-05 15:18:19 - [TEST_STEP][PASSED] - Statement - (step++): null

2018-03-05 15:18:19 - [TEST_STEP][PASSED] - Statement - (iconcount++): null

2018-03-05 15:18:19 - [TEST_STEP][PASSED] - cupakeysDl.iconres.iconresize: cupakeysDl.iconres.iconresize is PASSED

2018-03-05 15:18:19 - [MESSAGE][PASSED] - Object 'Object Repository/CuPaDl/Icons/Reposition_icon' is visible

2018-03-05 15:18:19 - [MESSAGE][PASSED] - Current viewport's left (x) position is 0

2018-03-05 15:18:19 - [MESSAGE][PASSED] - Current viewport's top (y) position is 54

2018-03-05 15:18:19 - [MESSAGE][PASSED] - Dragged object with id 'Object Repository/CuPaDl/Icons/Resize_icon_bottomright' by offset distance x = -125 and y = -71 successfully

2018-03-05 15:18:20 - [MESSAGE][PASSED] - Object 'Object Repository/CuPaDl/Loading_indicator' is visible

2018-03-05 15:18:35 - [MESSAGE][PASSED] - Object 'Object Repository/CuPaDl/Loading_indicator' is NOT visible

2018-03-05 15:18:36 - [MESSAGE][PASSED] - Delayed 1 second(s)

2018-03-05 15:18:36 - [MESSAGE][PASSED] - cupakeysDl.iconres.iconresize is PASSED

2018-03-05 15:18:36 - [TEST_STEP][PASSED] - Statement - (step++): null

2018-03-05 15:18:36 - [TEST_STEP][PASSED] - cupakeysDl.slink.svlink: cupakeysDl.slink.svlink is PASSED

2018-03-05 15:18:36 - [MESSAGE][PASSED] - Scroll to object 'Object Repository/CuPaDl/Save/Save' successfully

2018-03-05 15:18:36 - [MESSAGE][PASSED] - Object: 'Object Repository/CuPaDl/Save/Save' is clicked on

2018-03-05 15:18:36 - [MESSAGE][WARNING] - Timeout '0' is invalid. Using default page load timeout: '30'

2018-03-05 15:18:36 - [MESSAGE][PASSED] - Object 'Object Repository/CuPaDl/Save/CopyLink' is visible

2018-03-05 15:18:36 - [MESSAGE][PASSED] - Object: 'Object Repository/CuPaDl/Save/CopyLink' is clicked on

2018-03-05 15:18:37 - [MESSAGE][PASSED] - Delayed 1 second(s)

2018-03-05 15:18:37 - [MESSAGE][PASSED] - Object: 'Object Repository/CuPaDl/Save/Close' is clicked on

2018-03-05 15:18:38 - [MESSAGE][PASSED] - Delayed 1 second(s)

2018-03-05 15:18:39 - [MESSAGE][PASSED] - cupakeysDl.slink.svlink is PASSED

2018-03-05 15:18:39 - [TEST_STEP][PASSED] - cupakeysDl.endsession.finishsession: cupakeysDl.endsession.finishsession is PASSED

2018-03-05 15:18:42 - [MESSAGE][PASSED] - Delayed 3 second(s)

2018-03-05 15:18:42 - [MESSAGE][PASSED] - Browser is closed

2018-03-05 15:18:42 - [MESSAGE][PASSED] - cupakeysDl.endsession.finishsession is PASSED]]></system-out>
         <system-err><![CDATA[]]></system-err>
      </testcase>
      <testcase name="Test Cases/CuPaStefanie/2" classname="Test Cases/CuPaStefanie/2" status="PASSED">
         <system-out><![CDATA[2018-03-05 15:18:42 - [TEST_CASE][PASSED] - Test Cases/CuPaStefanie/2: Test Cases/CuPaStefanie/2

2018-03-05 15:18:42 - [TEST_STEP][PASSED] - Statement - timeStamp = new java.text.SimpleDateFormat(dd.MM.yyyy).format(java.util.Calendar.getInstance().getTime()): null

2018-03-05 15:18:42 - [TEST_STEP][PASSED] - Statement - timeStampScreenshot = new java.text.SimpleDateFormat(dd.MM.yyyy).format(java.util.Calendar.getInstance().getTime()): null

2018-03-05 15:18:42 - [TEST_STEP][PASSED] - Statement - iconmap = [:]: null

2018-03-05 15:18:42 - [TEST_STEP][PASSED] - Statement - txtmap = [:]: null

2018-03-05 15:18:42 - [TEST_STEP][PASSED] - Statement - signmap = [:]: null

2018-03-05 15:18:42 - [TEST_STEP][PASSED] - cupakeysDl.initStart.initialStart: cupakeysDl.initStart.initialStart is PASSED

2018-03-05 15:18:44 - [MESSAGE][PASSED] - Browser is opened with url: ''

2018-03-05 15:18:47 - [MESSAGE][PASSED] - Delayed 3 second(s)

2018-03-05 15:18:49 - [MESSAGE][PASSED] - Navigate to 'https://d16a4dsnr8a0k1.cloudfront.net/en/2455233.html?price=150.00%20%E2%82%AC&partName=wilsonPartName&vin=wilsonVin&modelCode=XP11&paint=P0A94&modelDescription=wilsonModelDescription&additionalEquipment=wilsonAdditionalEquipment' successfully

2018-03-05 15:18:49 - [MESSAGE][PASSED] - Object 'Object Repository/CuPaDl/Loading_indicator' is visible

2018-03-05 15:18:54 - [MESSAGE][PASSED] - Object 'Object Repository/CuPaDl/Loading_indicator' is NOT visible

2018-03-05 15:18:55 - [MESSAGE][PASSED] - Delayed 1 second(s)

2018-03-05 15:18:55 - [MESSAGE][PASSED] - cupakeysDl.initStart.initialStart is PASSED

2018-03-05 15:18:55 - [TEST_STEP][PASSED] - Statement - (step++): null

2018-03-05 15:18:55 - [TEST_STEP][PASSED] - cupakeysDl.color.changecolor: cupakeysDl.color.changecolor is PASSED

2018-03-05 15:18:55 - [MESSAGE][PASSED] - Object 'Object Repository/CuPaDl/Color/Color' is visible

2018-03-05 15:18:55 - [MESSAGE][PASSED] - Object: 'Object Repository/CuPaDl/Color/Color' is clicked on

2018-03-05 15:18:55 - [MESSAGE][WARNING] - Timeout '0' is invalid. Using default page load timeout: '30'

2018-03-05 15:18:55 - [MESSAGE][PASSED] - Object 'Object Repository/CuPaDl/Color/Color_passionred' is visible

2018-03-05 15:18:56 - [MESSAGE][PASSED] - Delayed 1 second(s)

2018-03-05 15:18:56 - [MESSAGE][PASSED] - Object: 'Object Repository/CuPaDl/Color/Color_passionred' is clicked on

2018-03-05 15:18:59 - [MESSAGE][WARNING] - Object 'Object Repository/CuPaDl/Loading_indicator' is not visible after 3 second(s)

2018-03-05 15:19:00 - [MESSAGE][PASSED] - Delayed 1 second(s)

2018-03-05 15:19:00 - [MESSAGE][PASSED] - cupakeysDl.color.changecolor is PASSED

2018-03-05 15:19:00 - [TEST_STEP][PASSED] - Statement - (step++): null

2018-03-05 15:19:00 - [TEST_STEP][PASSED] - cupakeysDl.chngstruct.changestructure: cupakeysDl.chngstruct.changestructure is PASSED

2018-03-05 15:19:01 - [MESSAGE][PASSED] - Object: 'Object Repository/CuPaDl/Structure/Structure' is clicked on

2018-03-05 15:19:01 - [MESSAGE][WARNING] - Timeout '0' is invalid. Using default page load timeout: '30'

2018-03-05 15:19:01 - [MESSAGE][PASSED] - Object 'Object Repository/CuPaDl/Structure/Structure_Hahnentritt' is visible

2018-03-05 15:19:02 - [MESSAGE][PASSED] - Delayed 1 second(s)

2018-03-05 15:19:02 - [MESSAGE][PASSED] - Object: 'Object Repository/CuPaDl/Structure/Structure_drops' is clicked on

2018-03-05 15:19:03 - [MESSAGE][PASSED] - Object 'Object Repository/CuPaDl/Loading_indicator' is visible

2018-03-05 15:19:08 - [MESSAGE][PASSED] - Object 'Object Repository/CuPaDl/Loading_indicator' is NOT visible

2018-03-05 15:19:09 - [MESSAGE][PASSED] - Delayed 1 second(s)

2018-03-05 15:19:09 - [MESSAGE][PASSED] - cupakeysDl.chngstruct.changestructure is PASSED

2018-03-05 15:19:09 - [TEST_STEP][PASSED] - Statement - (step++): null

2018-03-05 15:19:09 - [TEST_STEP][PASSED] - cupakeysDl.sclstruct.scalestructure: cupakeysDl.sclstruct.scalestructure is PASSED

2018-03-05 15:19:12 - [MESSAGE][WARNING] - Object 'Object Repository/CuPaDl/Structure/Resize_Structure_bottomright' is not visible after 3 second(s)

2018-03-05 15:19:12 - [MESSAGE][PASSED] - Object: 'Object Repository/CuPaDl/Structure/Resize_Structure' is clicked on

2018-03-05 15:19:12 - [MESSAGE][WARNING] - Timeout '0' is invalid. Using default page load timeout: '30'

2018-03-05 15:19:12 - [MESSAGE][PASSED] - Object 'Object Repository/CuPaDl/Structure/Resize_Structure_bottomright' is visible

2018-03-05 15:19:13 - [MESSAGE][PASSED] - Delayed 1 second(s)

2018-03-05 15:19:13 - [MESSAGE][PASSED] - Current viewport's left (x) position is 0

2018-03-05 15:19:13 - [MESSAGE][PASSED] - Current viewport's top (y) position is 54

2018-03-05 15:19:13 - [MESSAGE][PASSED] - Dragged object with id 'Object Repository/CuPaDl/Structure/Resize_Structure_bottomright' by offset distance x = 225 and y = 279 successfully

2018-03-05 15:19:14 - [MESSAGE][PASSED] - Object 'Object Repository/CuPaDl/Loading_indicator' is visible

2018-03-05 15:19:18 - [MESSAGE][PASSED] - Object 'Object Repository/CuPaDl/Loading_indicator' is NOT visible

2018-03-05 15:19:19 - [MESSAGE][PASSED] - Delayed 1 second(s)

2018-03-05 15:19:19 - [MESSAGE][PASSED] - cupakeysDl.sclstruct.scalestructure is PASSED

2018-03-05 15:19:19 - [TEST_STEP][PASSED] - Statement - (step++): null

2018-03-05 15:19:19 - [TEST_STEP][PASSED] - Statement - iconmap += CustomKeywords.cupakeysDl.iconad.iconadd("unionjack", LoadTimeCorrector, step, run, device, timeStamp, iconcount): cupakeysDl.iconad.iconadd is PASSED

2018-03-05 15:19:19 - [MESSAGE][PASSED] - Object: 'Object Repository/CuPaDl/Icons/Icon' is clicked on

2018-03-05 15:19:19 - [MESSAGE][WARNING] - Timeout '0' is invalid. Using default page load timeout: '30'

2018-03-05 15:19:19 - [MESSAGE][PASSED] - Object 'Object Repository/CuPaDl/Icons/Icon_unionjack' is visible

2018-03-05 15:19:20 - [MESSAGE][PASSED] - Delayed 1 second(s)

2018-03-05 15:19:20 - [MESSAGE][PASSED] - Object: 'Object Repository/CuPaDl/Icons/Icon_unionjack' is clicked on

2018-03-05 15:19:21 - [MESSAGE][PASSED] - Object 'Object Repository/CuPaDl/Loading_indicator' is visible

2018-03-05 15:19:23 - [MESSAGE][PASSED] - Object 'Object Repository/CuPaDl/Loading_indicator' is NOT visible

2018-03-05 15:19:23 - [MESSAGE][WARNING] - Timeout '0' is invalid. Using default page load timeout: '30'

2018-03-05 15:19:23 - [MESSAGE][PASSED] - Width of element 'Object Repository/CuPaDl/Icons/Reposition_icon' is '40'

2018-03-05 15:19:23 - [MESSAGE][PASSED] - Height of element 'Object Repository/CuPaDl/Icons/Reposition_icon' is '40'.

2018-03-05 15:19:24 - [MESSAGE][PASSED] - Delayed 1 second(s)

2018-03-05 15:19:24 - [MESSAGE][PASSED] - cupakeysDl.iconad.iconadd is PASSED

2018-03-05 15:19:24 - [TEST_STEP][PASSED] - Statement - (step++): null

2018-03-05 15:19:24 - [TEST_STEP][PASSED] - Statement - (iconcount++): null

2018-03-05 15:19:24 - [TEST_STEP][PASSED] - cupakeysDl.iconres.iconresize: cupakeysDl.iconres.iconresize is PASSED

2018-03-05 15:19:24 - [MESSAGE][PASSED] - Object 'Object Repository/CuPaDl/Icons/Reposition_icon' is visible

2018-03-05 15:19:24 - [MESSAGE][PASSED] - Current viewport's left (x) position is 0

2018-03-05 15:19:24 - [MESSAGE][PASSED] - Current viewport's top (y) position is 54

2018-03-05 15:19:24 - [MESSAGE][PASSED] - Dragged object with id 'Object Repository/CuPaDl/Icons/Resize_icon_bottomright' by offset distance x = 125 and y = 179 successfully

2018-03-05 15:19:25 - [MESSAGE][PASSED] - Object 'Object Repository/CuPaDl/Loading_indicator' is visible

2018-03-05 15:19:26 - [MESSAGE][PASSED] - Object 'Object Repository/CuPaDl/Loading_indicator' is NOT visible

2018-03-05 15:19:27 - [MESSAGE][PASSED] - Delayed 1 second(s)

2018-03-05 15:19:27 - [MESSAGE][PASSED] - cupakeysDl.iconres.iconresize is PASSED

2018-03-05 15:19:27 - [TEST_STEP][PASSED] - Statement - (step++): null

2018-03-05 15:19:27 - [TEST_STEP][PASSED] - cupakeysDl.slink.svlink: cupakeysDl.slink.svlink is PASSED

2018-03-05 15:19:27 - [MESSAGE][PASSED] - Scroll to object 'Object Repository/CuPaDl/Save/Save' successfully

2018-03-05 15:19:27 - [MESSAGE][PASSED] - Object: 'Object Repository/CuPaDl/Save/Save' is clicked on

2018-03-05 15:19:27 - [MESSAGE][WARNING] - Timeout '0' is invalid. Using default page load timeout: '30'

2018-03-05 15:19:28 - [MESSAGE][PASSED] - Object 'Object Repository/CuPaDl/Save/CopyLink' is visible

2018-03-05 15:19:28 - [MESSAGE][PASSED] - Object: 'Object Repository/CuPaDl/Save/CopyLink' is clicked on

2018-03-05 15:19:29 - [MESSAGE][PASSED] - Delayed 1 second(s)

2018-03-05 15:19:29 - [MESSAGE][PASSED] - Object: 'Object Repository/CuPaDl/Save/Close' is clicked on

2018-03-05 15:19:30 - [MESSAGE][PASSED] - Delayed 1 second(s)

2018-03-05 15:19:30 - [MESSAGE][PASSED] - cupakeysDl.slink.svlink is PASSED

2018-03-05 15:19:30 - [TEST_STEP][PASSED] - cupakeysDl.endsession.finishsession: cupakeysDl.endsession.finishsession is PASSED

2018-03-05 15:19:33 - [MESSAGE][PASSED] - Delayed 3 second(s)

2018-03-05 15:19:33 - [MESSAGE][PASSED] - Browser is closed

2018-03-05 15:19:33 - [MESSAGE][PASSED] - cupakeysDl.endsession.finishsession is PASSED]]></system-out>
         <system-err><![CDATA[]]></system-err>
      </testcase>
      <testcase name="Test Cases/CuPaStefanie/3" classname="Test Cases/CuPaStefanie/3" status="PASSED">
         <system-out><![CDATA[2018-03-05 15:19:33 - [TEST_CASE][PASSED] - Test Cases/CuPaStefanie/3: Test Cases/CuPaStefanie/3

2018-03-05 15:19:34 - [TEST_STEP][PASSED] - Statement - timeStamp = new java.text.SimpleDateFormat(dd.MM.yyyy_HH_mm_ss).format(java.util.Calendar.getInstance().getTime()): null

2018-03-05 15:19:34 - [TEST_STEP][PASSED] - Statement - timeStampScreenshot = new java.text.SimpleDateFormat(dd.MM.yyyy).format(java.util.Calendar.getInstance().getTime()): null

2018-03-05 15:19:34 - [TEST_STEP][PASSED] - Statement - iconmap = [:]: null

2018-03-05 15:19:34 - [TEST_STEP][PASSED] - Statement - txtmap = [:]: null

2018-03-05 15:19:34 - [TEST_STEP][PASSED] - Statement - signmap = [:]: null

2018-03-05 15:19:34 - [TEST_STEP][PASSED] - cupakeysDl.initStart.initialStart: cupakeysDl.initStart.initialStart is PASSED

2018-03-05 15:19:36 - [MESSAGE][PASSED] - Browser is opened with url: ''

2018-03-05 15:19:39 - [MESSAGE][PASSED] - Delayed 3 second(s)

2018-03-05 15:19:40 - [MESSAGE][PASSED] - Navigate to 'https://d16a4dsnr8a0k1.cloudfront.net/en/2455233.html?price=150.00%20%E2%82%AC&partName=wilsonPartName&vin=wilsonVin&modelCode=XP11&paint=P0A94&modelDescription=wilsonModelDescription&additionalEquipment=wilsonAdditionalEquipment' successfully

2018-03-05 15:19:40 - [MESSAGE][PASSED] - Object 'Object Repository/CuPaDl/Loading_indicator' is visible

2018-03-05 15:19:45 - [MESSAGE][PASSED] - Object 'Object Repository/CuPaDl/Loading_indicator' is NOT visible

2018-03-05 15:19:46 - [MESSAGE][PASSED] - Delayed 1 second(s)

2018-03-05 15:19:46 - [MESSAGE][PASSED] - cupakeysDl.initStart.initialStart is PASSED

2018-03-05 15:19:46 - [TEST_STEP][PASSED] - Statement - (step++): null

2018-03-05 15:19:46 - [TEST_STEP][PASSED] - cupakeysDl.color.changecolor: cupakeysDl.color.changecolor is PASSED

2018-03-05 15:19:46 - [MESSAGE][PASSED] - Object 'Object Repository/CuPaDl/Color/Color' is visible

2018-03-05 15:19:46 - [MESSAGE][PASSED] - Object: 'Object Repository/CuPaDl/Color/Color' is clicked on

2018-03-05 15:19:46 - [MESSAGE][WARNING] - Timeout '0' is invalid. Using default page load timeout: '30'

2018-03-05 15:19:46 - [MESSAGE][PASSED] - Object 'Object Repository/CuPaDl/Color/Color_nightlightblue' is visible

2018-03-05 15:19:47 - [MESSAGE][PASSED] - Delayed 1 second(s)

2018-03-05 15:19:47 - [MESSAGE][PASSED] - Object: 'Object Repository/CuPaDl/Color/Color_nightlightblue' is clicked on

2018-03-05 15:19:50 - [MESSAGE][WARNING] - Object 'Object Repository/CuPaDl/Loading_indicator' is not visible after 3 second(s)

2018-03-05 15:19:51 - [MESSAGE][PASSED] - Delayed 1 second(s)

2018-03-05 15:19:51 - [MESSAGE][PASSED] - cupakeysDl.color.changecolor is PASSED

2018-03-05 15:19:51 - [TEST_STEP][PASSED] - Statement - (step++): null

2018-03-05 15:19:51 - [TEST_STEP][PASSED] - cupakeysDl.chngstruct.changestructure: cupakeysDl.chngstruct.changestructure is PASSED

2018-03-05 15:19:51 - [MESSAGE][PASSED] - Object: 'Object Repository/CuPaDl/Structure/Structure' is clicked on

2018-03-05 15:19:51 - [MESSAGE][WARNING] - Timeout '0' is invalid. Using default page load timeout: '30'

2018-03-05 15:19:51 - [MESSAGE][PASSED] - Object 'Object Repository/CuPaDl/Structure/Structure_Hahnentritt' is visible

2018-03-05 15:19:52 - [MESSAGE][PASSED] - Delayed 1 second(s)

2018-03-05 15:19:52 - [MESSAGE][PASSED] - Object: 'Object Repository/CuPaDl/Structure/Structure_chess' is clicked on

2018-03-05 15:19:53 - [MESSAGE][PASSED] - Object 'Object Repository/CuPaDl/Loading_indicator' is visible

2018-03-05 15:19:54 - [MESSAGE][PASSED] - Object 'Object Repository/CuPaDl/Loading_indicator' is NOT visible

2018-03-05 15:19:55 - [MESSAGE][PASSED] - Delayed 1 second(s)

2018-03-05 15:19:55 - [MESSAGE][PASSED] - cupakeysDl.chngstruct.changestructure is PASSED

2018-03-05 15:19:55 - [TEST_STEP][PASSED] - Statement - (step++): null

2018-03-05 15:19:55 - [TEST_STEP][PASSED] - cupakeysDl.sclstruct.scalestructure: cupakeysDl.sclstruct.scalestructure is PASSED

2018-03-05 15:19:58 - [MESSAGE][WARNING] - Object 'Object Repository/CuPaDl/Structure/Resize_Structure_bottomright' is not visible after 3 second(s)

2018-03-05 15:19:58 - [MESSAGE][PASSED] - Object: 'Object Repository/CuPaDl/Structure/Resize_Structure' is clicked on

2018-03-05 15:19:58 - [MESSAGE][WARNING] - Timeout '0' is invalid. Using default page load timeout: '30'

2018-03-05 15:19:58 - [MESSAGE][PASSED] - Object 'Object Repository/CuPaDl/Structure/Resize_Structure_bottomright' is visible

2018-03-05 15:19:59 - [MESSAGE][PASSED] - Delayed 1 second(s)

2018-03-05 15:19:59 - [MESSAGE][PASSED] - Current viewport's left (x) position is 0

2018-03-05 15:19:59 - [MESSAGE][PASSED] - Current viewport's top (y) position is 54

2018-03-05 15:20:00 - [MESSAGE][PASSED] - Dragged object with id 'Object Repository/CuPaDl/Structure/Resize_Structure_bottomright' by offset distance x = -225 and y = -171 successfully

2018-03-05 15:20:03 - [MESSAGE][WARNING] - Object 'Object Repository/CuPaDl/Loading_indicator' is not visible after 3 second(s)

2018-03-05 15:20:04 - [MESSAGE][PASSED] - Delayed 1 second(s)

2018-03-05 15:20:04 - [MESSAGE][PASSED] - cupakeysDl.sclstruct.scalestructure is PASSED

2018-03-05 15:20:04 - [TEST_STEP][PASSED] - Statement - (step++): null

2018-03-05 15:20:04 - [TEST_STEP][PASSED] - Statement - iconmap += CustomKeywords.cupakeysDl.iconad.iconadd("racing", LoadTimeCorrector, step, run, device, timeStamp, iconcount): cupakeysDl.iconad.iconadd is PASSED

2018-03-05 15:20:04 - [MESSAGE][PASSED] - Object: 'Object Repository/CuPaDl/Icons/Icon' is clicked on

2018-03-05 15:20:04 - [MESSAGE][WARNING] - Timeout '0' is invalid. Using default page load timeout: '30'

2018-03-05 15:20:04 - [MESSAGE][PASSED] - Object 'Object Repository/CuPaDl/Icons/Icon_racing' is visible

2018-03-05 15:20:05 - [MESSAGE][PASSED] - Delayed 1 second(s)

2018-03-05 15:20:05 - [MESSAGE][PASSED] - Object: 'Object Repository/CuPaDl/Icons/Icon_racing' is clicked on

2018-03-05 15:20:06 - [MESSAGE][PASSED] - Object 'Object Repository/CuPaDl/Loading_indicator' is visible

2018-03-05 15:20:07 - [MESSAGE][PASSED] - Object 'Object Repository/CuPaDl/Loading_indicator' is NOT visible

2018-03-05 15:20:07 - [MESSAGE][WARNING] - Timeout '0' is invalid. Using default page load timeout: '30'

2018-03-05 15:20:07 - [MESSAGE][PASSED] - Width of element 'Object Repository/CuPaDl/Icons/Reposition_icon' is '40'

2018-03-05 15:20:07 - [MESSAGE][PASSED] - Height of element 'Object Repository/CuPaDl/Icons/Reposition_icon' is '40'.

2018-03-05 15:20:08 - [MESSAGE][PASSED] - Delayed 1 second(s)

2018-03-05 15:20:08 - [MESSAGE][PASSED] - cupakeysDl.iconad.iconadd is PASSED

2018-03-05 15:20:08 - [TEST_STEP][PASSED] - Statement - (step++): null

2018-03-05 15:20:08 - [TEST_STEP][PASSED] - Statement - (iconcount++): null

2018-03-05 15:20:08 - [TEST_STEP][PASSED] - cupakeysDl.iconres.iconresize: cupakeysDl.iconres.iconresize is PASSED

2018-03-05 15:20:08 - [MESSAGE][PASSED] - Object 'Object Repository/CuPaDl/Icons/Reposition_icon' is visible

2018-03-05 15:20:08 - [MESSAGE][PASSED] - Current viewport's left (x) position is 0

2018-03-05 15:20:08 - [MESSAGE][PASSED] - Current viewport's top (y) position is 54

2018-03-05 15:20:08 - [MESSAGE][PASSED] - Dragged object with id 'Object Repository/CuPaDl/Icons/Resize_icon_bottomright' by offset distance x = -125 and y = -71 successfully

2018-03-05 15:20:11 - [MESSAGE][WARNING] - Object 'Object Repository/CuPaDl/Loading_indicator' is not visible after 3 second(s)

2018-03-05 15:20:12 - [MESSAGE][PASSED] - Delayed 1 second(s)

2018-03-05 15:20:12 - [MESSAGE][PASSED] - cupakeysDl.iconres.iconresize is PASSED

2018-03-05 15:20:12 - [TEST_STEP][PASSED] - Statement - (step++): null

2018-03-05 15:20:12 - [TEST_STEP][PASSED] - cupakeysDl.slink.svlink: cupakeysDl.slink.svlink is PASSED

2018-03-05 15:20:12 - [MESSAGE][PASSED] - Scroll to object 'Object Repository/CuPaDl/Save/Save' successfully

2018-03-05 15:20:12 - [MESSAGE][PASSED] - Object: 'Object Repository/CuPaDl/Save/Save' is clicked on

2018-03-05 15:20:12 - [MESSAGE][WARNING] - Timeout '0' is invalid. Using default page load timeout: '30'

2018-03-05 15:20:14 - [MESSAGE][PASSED] - Object 'Object Repository/CuPaDl/Save/CopyLink' is visible

2018-03-05 15:20:14 - [MESSAGE][PASSED] - Object: 'Object Repository/CuPaDl/Save/CopyLink' is clicked on

2018-03-05 15:20:15 - [MESSAGE][PASSED] - Delayed 1 second(s)

2018-03-05 15:20:15 - [MESSAGE][PASSED] - Object: 'Object Repository/CuPaDl/Save/Close' is clicked on

2018-03-05 15:20:16 - [MESSAGE][PASSED] - Delayed 1 second(s)

2018-03-05 15:20:16 - [MESSAGE][PASSED] - cupakeysDl.slink.svlink is PASSED

2018-03-05 15:20:16 - [TEST_STEP][PASSED] - cupakeysDl.endsession.finishsession: cupakeysDl.endsession.finishsession is PASSED

2018-03-05 15:20:19 - [MESSAGE][PASSED] - Delayed 3 second(s)

2018-03-05 15:20:19 - [MESSAGE][PASSED] - Browser is closed

2018-03-05 15:20:19 - [MESSAGE][PASSED] - cupakeysDl.endsession.finishsession is PASSED]]></system-out>
         <system-err><![CDATA[]]></system-err>
      </testcase>
      <testcase name="Test Cases/CuPaStefanie/4" classname="Test Cases/CuPaStefanie/4" status="PASSED">
         <system-out><![CDATA[2018-03-05 15:20:19 - [TEST_CASE][PASSED] - Test Cases/CuPaStefanie/4: Test Cases/CuPaStefanie/4

2018-03-05 15:20:19 - [TEST_STEP][PASSED] - Statement - timeStamp = new java.text.SimpleDateFormat(dd.MM.yyyy_HH_mm_ss).format(java.util.Calendar.getInstance().getTime()): null

2018-03-05 15:20:19 - [TEST_STEP][PASSED] - Statement - timeStampScreenshot = new java.text.SimpleDateFormat(dd.MM.yyyy).format(java.util.Calendar.getInstance().getTime()): null

2018-03-05 15:20:19 - [TEST_STEP][PASSED] - Statement - iconmap = [:]: null

2018-03-05 15:20:19 - [TEST_STEP][PASSED] - Statement - txtmap = [:]: null

2018-03-05 15:20:19 - [TEST_STEP][PASSED] - Statement - signmap = [:]: null

2018-03-05 15:20:19 - [TEST_STEP][PASSED] - cupakeysDl.initStart.initialStart: cupakeysDl.initStart.initialStart is PASSED

2018-03-05 15:20:21 - [MESSAGE][PASSED] - Browser is opened with url: ''

2018-03-05 15:20:24 - [MESSAGE][PASSED] - Delayed 3 second(s)

2018-03-05 15:20:27 - [MESSAGE][PASSED] - Navigate to 'https://d16a4dsnr8a0k1.cloudfront.net/en/2455233.html?price=150.00%20%E2%82%AC&partName=wilsonPartName&vin=wilsonVin&modelCode=XP11&paint=P0A94&modelDescription=wilsonModelDescription&additionalEquipment=wilsonAdditionalEquipment' successfully

2018-03-05 15:20:27 - [MESSAGE][PASSED] - Object 'Object Repository/CuPaDl/Loading_indicator' is visible

2018-03-05 15:20:32 - [MESSAGE][PASSED] - Object 'Object Repository/CuPaDl/Loading_indicator' is NOT visible

2018-03-05 15:20:33 - [MESSAGE][PASSED] - Delayed 1 second(s)

2018-03-05 15:20:33 - [MESSAGE][PASSED] - cupakeysDl.initStart.initialStart is PASSED

2018-03-05 15:20:33 - [TEST_STEP][PASSED] - Statement - (step++): null

2018-03-05 15:20:33 - [TEST_STEP][PASSED] - cupakeysDl.color.changecolor: cupakeysDl.color.changecolor is PASSED

2018-03-05 15:20:33 - [MESSAGE][PASSED] - Object 'Object Repository/CuPaDl/Color/Color' is visible

2018-03-05 15:20:33 - [MESSAGE][PASSED] - Object: 'Object Repository/CuPaDl/Color/Color' is clicked on

2018-03-05 15:20:33 - [MESSAGE][WARNING] - Timeout '0' is invalid. Using default page load timeout: '30'

2018-03-05 15:20:33 - [MESSAGE][PASSED] - Object 'Object Repository/CuPaDl/Color/Color_nightlightblue' is visible

2018-03-05 15:20:34 - [MESSAGE][PASSED] - Delayed 1 second(s)

2018-03-05 15:20:34 - [MESSAGE][PASSED] - Object: 'Object Repository/CuPaDl/Color/Color_nightlightblue' is clicked on

2018-03-05 15:20:37 - [MESSAGE][WARNING] - Object 'Object Repository/CuPaDl/Loading_indicator' is not visible after 3 second(s)

2018-03-05 15:20:38 - [MESSAGE][PASSED] - Delayed 1 second(s)

2018-03-05 15:20:38 - [MESSAGE][PASSED] - cupakeysDl.color.changecolor is PASSED

2018-03-05 15:20:38 - [TEST_STEP][PASSED] - Statement - (step++): null

2018-03-05 15:20:38 - [TEST_STEP][PASSED] - cupakeysDl.chngstruct.changestructure: cupakeysDl.chngstruct.changestructure is PASSED

2018-03-05 15:20:39 - [MESSAGE][PASSED] - Object: 'Object Repository/CuPaDl/Structure/Structure' is clicked on

2018-03-05 15:20:39 - [MESSAGE][WARNING] - Timeout '0' is invalid. Using default page load timeout: '30'

2018-03-05 15:20:39 - [MESSAGE][PASSED] - Object 'Object Repository/CuPaDl/Structure/Structure_Hahnentritt' is visible

2018-03-05 15:20:40 - [MESSAGE][PASSED] - Delayed 1 second(s)

2018-03-05 15:20:40 - [MESSAGE][PASSED] - Object: 'Object Repository/CuPaDl/Structure/Structure_chess' is clicked on

2018-03-05 15:20:41 - [MESSAGE][PASSED] - Object 'Object Repository/CuPaDl/Loading_indicator' is visible

2018-03-05 15:20:42 - [MESSAGE][PASSED] - Object 'Object Repository/CuPaDl/Loading_indicator' is NOT visible

2018-03-05 15:20:43 - [MESSAGE][PASSED] - Delayed 1 second(s)

2018-03-05 15:20:43 - [MESSAGE][PASSED] - cupakeysDl.chngstruct.changestructure is PASSED

2018-03-05 15:20:43 - [TEST_STEP][PASSED] - Statement - (step++): null

2018-03-05 15:20:43 - [TEST_STEP][PASSED] - cupakeysDl.sclstruct.scalestructure: cupakeysDl.sclstruct.scalestructure is PASSED

2018-03-05 15:20:46 - [MESSAGE][WARNING] - Object 'Object Repository/CuPaDl/Structure/Resize_Structure_bottomright' is not visible after 3 second(s)

2018-03-05 15:20:46 - [MESSAGE][PASSED] - Object: 'Object Repository/CuPaDl/Structure/Resize_Structure' is clicked on

2018-03-05 15:20:46 - [MESSAGE][WARNING] - Timeout '0' is invalid. Using default page load timeout: '30'

2018-03-05 15:20:46 - [MESSAGE][PASSED] - Object 'Object Repository/CuPaDl/Structure/Resize_Structure_bottomright' is visible

2018-03-05 15:20:47 - [MESSAGE][PASSED] - Delayed 1 second(s)

2018-03-05 15:20:47 - [MESSAGE][PASSED] - Current viewport's left (x) position is 0

2018-03-05 15:20:47 - [MESSAGE][PASSED] - Current viewport's top (y) position is 54

2018-03-05 15:20:47 - [MESSAGE][PASSED] - Dragged object with id 'Object Repository/CuPaDl/Structure/Resize_Structure_bottomright' by offset distance x = 225 and y = 279 successfully

2018-03-05 15:20:50 - [MESSAGE][WARNING] - Object 'Object Repository/CuPaDl/Loading_indicator' is not visible after 3 second(s)

2018-03-05 15:20:51 - [MESSAGE][PASSED] - Delayed 1 second(s)

2018-03-05 15:20:51 - [MESSAGE][PASSED] - cupakeysDl.sclstruct.scalestructure is PASSED

2018-03-05 15:20:51 - [TEST_STEP][PASSED] - Statement - (step++): null

2018-03-05 15:20:51 - [TEST_STEP][PASSED] - Statement - iconmap += CustomKeywords.cupakeysDl.iconad.iconadd("racing", LoadTimeCorrector, step, run, device, timeStamp, iconcount): cupakeysDl.iconad.iconadd is PASSED

2018-03-05 15:20:51 - [MESSAGE][PASSED] - Object: 'Object Repository/CuPaDl/Icons/Icon' is clicked on

2018-03-05 15:20:51 - [MESSAGE][WARNING] - Timeout '0' is invalid. Using default page load timeout: '30'

2018-03-05 15:20:51 - [MESSAGE][PASSED] - Object 'Object Repository/CuPaDl/Icons/Icon_racing' is visible

2018-03-05 15:20:52 - [MESSAGE][PASSED] - Delayed 1 second(s)

2018-03-05 15:20:52 - [MESSAGE][PASSED] - Object: 'Object Repository/CuPaDl/Icons/Icon_racing' is clicked on

2018-03-05 15:20:53 - [MESSAGE][PASSED] - Object 'Object Repository/CuPaDl/Loading_indicator' is visible

2018-03-05 15:20:54 - [MESSAGE][PASSED] - Object 'Object Repository/CuPaDl/Loading_indicator' is NOT visible

2018-03-05 15:20:54 - [MESSAGE][WARNING] - Timeout '0' is invalid. Using default page load timeout: '30'

2018-03-05 15:20:54 - [MESSAGE][PASSED] - Width of element 'Object Repository/CuPaDl/Icons/Reposition_icon' is '40'

2018-03-05 15:20:54 - [MESSAGE][PASSED] - Height of element 'Object Repository/CuPaDl/Icons/Reposition_icon' is '40'.

2018-03-05 15:20:55 - [MESSAGE][PASSED] - Delayed 1 second(s)

2018-03-05 15:20:55 - [MESSAGE][PASSED] - cupakeysDl.iconad.iconadd is PASSED

2018-03-05 15:20:55 - [TEST_STEP][PASSED] - Statement - (step++): null

2018-03-05 15:20:55 - [TEST_STEP][PASSED] - Statement - (iconcount++): null

2018-03-05 15:20:55 - [TEST_STEP][PASSED] - cupakeysDl.iconres.iconresize: cupakeysDl.iconres.iconresize is PASSED

2018-03-05 15:20:55 - [MESSAGE][PASSED] - Object 'Object Repository/CuPaDl/Icons/Reposition_icon' is visible

2018-03-05 15:20:55 - [MESSAGE][PASSED] - Current viewport's left (x) position is 0

2018-03-05 15:20:55 - [MESSAGE][PASSED] - Current viewport's top (y) position is 54

2018-03-05 15:20:56 - [MESSAGE][PASSED] - Dragged object with id 'Object Repository/CuPaDl/Icons/Resize_icon_bottomright' by offset distance x = 125 and y = 179 successfully

2018-03-05 15:20:59 - [MESSAGE][WARNING] - Object 'Object Repository/CuPaDl/Loading_indicator' is not visible after 3 second(s)

2018-03-05 15:21:00 - [MESSAGE][PASSED] - Delayed 1 second(s)

2018-03-05 15:21:00 - [MESSAGE][PASSED] - cupakeysDl.iconres.iconresize is PASSED

2018-03-05 15:21:00 - [TEST_STEP][PASSED] - Statement - (step++): null

2018-03-05 15:21:00 - [TEST_STEP][PASSED] - cupakeysDl.slink.svlink: cupakeysDl.slink.svlink is PASSED

2018-03-05 15:21:00 - [MESSAGE][PASSED] - Scroll to object 'Object Repository/CuPaDl/Save/Save' successfully

2018-03-05 15:21:00 - [MESSAGE][PASSED] - Object: 'Object Repository/CuPaDl/Save/Save' is clicked on

2018-03-05 15:21:00 - [MESSAGE][WARNING] - Timeout '0' is invalid. Using default page load timeout: '30'

2018-03-05 15:21:00 - [MESSAGE][PASSED] - Object 'Object Repository/CuPaDl/Save/CopyLink' is visible

2018-03-05 15:21:00 - [MESSAGE][PASSED] - Object: 'Object Repository/CuPaDl/Save/CopyLink' is clicked on

2018-03-05 15:21:01 - [MESSAGE][PASSED] - Delayed 1 second(s)

2018-03-05 15:21:01 - [MESSAGE][PASSED] - Object: 'Object Repository/CuPaDl/Save/Close' is clicked on

2018-03-05 15:21:02 - [MESSAGE][PASSED] - Delayed 1 second(s)

2018-03-05 15:21:02 - [MESSAGE][PASSED] - cupakeysDl.slink.svlink is PASSED

2018-03-05 15:21:02 - [TEST_STEP][PASSED] - cupakeysDl.endsession.finishsession: cupakeysDl.endsession.finishsession is PASSED

2018-03-05 15:21:05 - [MESSAGE][PASSED] - Delayed 3 second(s)

2018-03-05 15:21:06 - [MESSAGE][PASSED] - Browser is closed

2018-03-05 15:21:06 - [MESSAGE][PASSED] - cupakeysDl.endsession.finishsession is PASSED]]></system-out>
         <system-err><![CDATA[]]></system-err>
      </testcase>
      <testcase name="Test Cases/CuPaStefanie/5" classname="Test Cases/CuPaStefanie/5" status="PASSED">
         <system-out><![CDATA[2018-03-05 15:21:06 - [TEST_CASE][PASSED] - Test Cases/CuPaStefanie/5: Test Cases/CuPaStefanie/5

2018-03-05 15:21:06 - [TEST_STEP][PASSED] - Statement - timeStamp = new java.text.SimpleDateFormat(dd.MM.yyyy_HH_mm_ss).format(java.util.Calendar.getInstance().getTime()): null

2018-03-05 15:21:06 - [TEST_STEP][PASSED] - Statement - timeStampScreenshot = new java.text.SimpleDateFormat(dd.MM.yyyy).format(java.util.Calendar.getInstance().getTime()): null

2018-03-05 15:21:06 - [TEST_STEP][PASSED] - Statement - iconmap = [:]: null

2018-03-05 15:21:06 - [TEST_STEP][PASSED] - Statement - txtmap = [:]: null

2018-03-05 15:21:06 - [TEST_STEP][PASSED] - Statement - signmap = [:]: null

2018-03-05 15:21:06 - [TEST_STEP][PASSED] - cupakeysDl.initStart.initialStart: cupakeysDl.initStart.initialStart is PASSED

2018-03-05 15:21:08 - [MESSAGE][PASSED] - Browser is opened with url: ''

2018-03-05 15:21:11 - [MESSAGE][PASSED] - Delayed 3 second(s)

2018-03-05 15:21:12 - [MESSAGE][PASSED] - Navigate to 'https://d16a4dsnr8a0k1.cloudfront.net/en/2455233.html?price=150.00%20%E2%82%AC&partName=wilsonPartName&vin=wilsonVin&modelCode=XP11&paint=P0A94&modelDescription=wilsonModelDescription&additionalEquipment=wilsonAdditionalEquipment' successfully

2018-03-05 15:21:12 - [MESSAGE][PASSED] - Object 'Object Repository/CuPaDl/Loading_indicator' is visible

2018-03-05 15:21:18 - [MESSAGE][PASSED] - Object 'Object Repository/CuPaDl/Loading_indicator' is NOT visible

2018-03-05 15:21:19 - [MESSAGE][PASSED] - Delayed 1 second(s)

2018-03-05 15:21:19 - [MESSAGE][PASSED] - cupakeysDl.initStart.initialStart is PASSED

2018-03-05 15:21:19 - [TEST_STEP][PASSED] - Statement - (step++): null

2018-03-05 15:21:19 - [TEST_STEP][PASSED] - cupakeysDl.color.changecolor: cupakeysDl.color.changecolor is PASSED

2018-03-05 15:21:19 - [MESSAGE][PASSED] - Object 'Object Repository/CuPaDl/Color/Color' is visible

2018-03-05 15:21:19 - [MESSAGE][PASSED] - Object: 'Object Repository/CuPaDl/Color/Color' is clicked on

2018-03-05 15:21:19 - [MESSAGE][WARNING] - Timeout '0' is invalid. Using default page load timeout: '30'

2018-03-05 15:21:19 - [MESSAGE][PASSED] - Object 'Object Repository/CuPaDl/Color/Color_solartsorange' is visible

2018-03-05 15:21:20 - [MESSAGE][PASSED] - Delayed 1 second(s)

2018-03-05 15:21:20 - [MESSAGE][PASSED] - Object: 'Object Repository/CuPaDl/Color/Color_solartsorange' is clicked on

2018-03-05 15:21:23 - [MESSAGE][WARNING] - Object 'Object Repository/CuPaDl/Loading_indicator' is not visible after 3 second(s)

2018-03-05 15:21:24 - [MESSAGE][PASSED] - Delayed 1 second(s)

2018-03-05 15:21:24 - [MESSAGE][PASSED] - cupakeysDl.color.changecolor is PASSED

2018-03-05 15:21:24 - [TEST_STEP][PASSED] - Statement - (step++): null

2018-03-05 15:21:24 - [TEST_STEP][PASSED] - cupakeysDl.chngstruct.changestructure: cupakeysDl.chngstruct.changestructure is PASSED

2018-03-05 15:21:24 - [MESSAGE][PASSED] - Object: 'Object Repository/CuPaDl/Structure/Structure' is clicked on

2018-03-05 15:21:24 - [MESSAGE][WARNING] - Timeout '0' is invalid. Using default page load timeout: '30'

2018-03-05 15:21:24 - [MESSAGE][PASSED] - Object 'Object Repository/CuPaDl/Structure/Structure_Hahnentritt' is visible

2018-03-05 15:21:25 - [MESSAGE][PASSED] - Delayed 1 second(s)

2018-03-05 15:21:25 - [MESSAGE][PASSED] - Object: 'Object Repository/CuPaDl/Structure/Structure_angles' is clicked on

2018-03-05 15:21:26 - [MESSAGE][PASSED] - Object 'Object Repository/CuPaDl/Loading_indicator' is visible

2018-03-05 15:21:30 - [MESSAGE][PASSED] - Object 'Object Repository/CuPaDl/Loading_indicator' is NOT visible

2018-03-05 15:21:31 - [MESSAGE][PASSED] - Delayed 1 second(s)

2018-03-05 15:21:31 - [MESSAGE][PASSED] - cupakeysDl.chngstruct.changestructure is PASSED

2018-03-05 15:21:31 - [TEST_STEP][PASSED] - Statement - (step++): null

2018-03-05 15:21:31 - [TEST_STEP][PASSED] - cupakeysDl.sclstruct.scalestructure: cupakeysDl.sclstruct.scalestructure is PASSED

2018-03-05 15:21:34 - [MESSAGE][WARNING] - Object 'Object Repository/CuPaDl/Structure/Resize_Structure_bottomright' is not visible after 3 second(s)

2018-03-05 15:21:34 - [MESSAGE][PASSED] - Object: 'Object Repository/CuPaDl/Structure/Resize_Structure' is clicked on

2018-03-05 15:21:34 - [MESSAGE][WARNING] - Timeout '0' is invalid. Using default page load timeout: '30'

2018-03-05 15:21:34 - [MESSAGE][PASSED] - Object 'Object Repository/CuPaDl/Structure/Resize_Structure_bottomright' is visible

2018-03-05 15:21:35 - [MESSAGE][PASSED] - Delayed 1 second(s)

2018-03-05 15:21:35 - [MESSAGE][PASSED] - Current viewport's left (x) position is 0

2018-03-05 15:21:35 - [MESSAGE][PASSED] - Current viewport's top (y) position is 54

2018-03-05 15:21:35 - [MESSAGE][PASSED] - Dragged object with id 'Object Repository/CuPaDl/Structure/Resize_Structure_bottomright' by offset distance x = -225 and y = -171 successfully

2018-03-05 15:21:36 - [MESSAGE][PASSED] - Object 'Object Repository/CuPaDl/Loading_indicator' is visible

2018-03-05 15:21:40 - [MESSAGE][PASSED] - Object 'Object Repository/CuPaDl/Loading_indicator' is NOT visible

2018-03-05 15:21:41 - [MESSAGE][PASSED] - Delayed 1 second(s)

2018-03-05 15:21:41 - [MESSAGE][PASSED] - cupakeysDl.sclstruct.scalestructure is PASSED

2018-03-05 15:21:41 - [TEST_STEP][PASSED] - Statement - (step++): null

2018-03-05 15:21:41 - [TEST_STEP][PASSED] - Statement - iconmap += CustomKeywords.cupakeysDl.iconad.iconadd("compass", LoadTimeCorrector, step, run, device, timeStamp, iconcount): cupakeysDl.iconad.iconadd is PASSED

2018-03-05 15:21:41 - [MESSAGE][PASSED] - Object: 'Object Repository/CuPaDl/Icons/Icon' is clicked on

2018-03-05 15:21:41 - [MESSAGE][WARNING] - Timeout '0' is invalid. Using default page load timeout: '30'

2018-03-05 15:21:41 - [MESSAGE][PASSED] - Object 'Object Repository/CuPaDl/Icons/Icon_compass' is visible

2018-03-05 15:21:42 - [MESSAGE][PASSED] - Delayed 1 second(s)

2018-03-05 15:21:42 - [MESSAGE][PASSED] - Object: 'Object Repository/CuPaDl/Icons/Icon_compass' is clicked on

2018-03-05 15:21:43 - [MESSAGE][PASSED] - Object 'Object Repository/CuPaDl/Loading_indicator' is visible

2018-03-05 15:21:48 - [MESSAGE][PASSED] - Object 'Object Repository/CuPaDl/Loading_indicator' is NOT visible

2018-03-05 15:21:48 - [MESSAGE][WARNING] - Timeout '0' is invalid. Using default page load timeout: '30'

2018-03-05 15:21:48 - [MESSAGE][PASSED] - Width of element 'Object Repository/CuPaDl/Icons/Reposition_icon' is '40'

2018-03-05 15:21:48 - [MESSAGE][PASSED] - Height of element 'Object Repository/CuPaDl/Icons/Reposition_icon' is '40'.

2018-03-05 15:21:49 - [MESSAGE][PASSED] - Delayed 1 second(s)

2018-03-05 15:21:49 - [MESSAGE][PASSED] - cupakeysDl.iconad.iconadd is PASSED

2018-03-05 15:21:49 - [TEST_STEP][PASSED] - Statement - (step++): null

2018-03-05 15:21:49 - [TEST_STEP][PASSED] - Statement - (iconcount++): null

2018-03-05 15:21:49 - [TEST_STEP][PASSED] - cupakeysDl.iconres.iconresize: cupakeysDl.iconres.iconresize is PASSED

2018-03-05 15:21:49 - [MESSAGE][PASSED] - Object 'Object Repository/CuPaDl/Icons/Reposition_icon' is visible

2018-03-05 15:21:49 - [MESSAGE][PASSED] - Current viewport's left (x) position is 0

2018-03-05 15:21:49 - [MESSAGE][PASSED] - Current viewport's top (y) position is 54

2018-03-05 15:21:49 - [MESSAGE][PASSED] - Dragged object with id 'Object Repository/CuPaDl/Icons/Resize_icon_bottomright' by offset distance x = -125 and y = -71 successfully

2018-03-05 15:21:50 - [MESSAGE][PASSED] - Object 'Object Repository/CuPaDl/Loading_indicator' is visible

2018-03-05 15:21:54 - [MESSAGE][PASSED] - Object 'Object Repository/CuPaDl/Loading_indicator' is NOT visible

2018-03-05 15:21:55 - [MESSAGE][PASSED] - Delayed 1 second(s)

2018-03-05 15:21:55 - [MESSAGE][PASSED] - cupakeysDl.iconres.iconresize is PASSED

2018-03-05 15:21:55 - [TEST_STEP][PASSED] - Statement - (step++): null

2018-03-05 15:21:55 - [TEST_STEP][PASSED] - cupakeysDl.slink.svlink: cupakeysDl.slink.svlink is PASSED

2018-03-05 15:21:55 - [MESSAGE][PASSED] - Scroll to object 'Object Repository/CuPaDl/Save/Save' successfully

2018-03-05 15:21:55 - [MESSAGE][PASSED] - Object: 'Object Repository/CuPaDl/Save/Save' is clicked on

2018-03-05 15:21:55 - [MESSAGE][WARNING] - Timeout '0' is invalid. Using default page load timeout: '30'

2018-03-05 15:21:56 - [MESSAGE][PASSED] - Object 'Object Repository/CuPaDl/Save/CopyLink' is visible

2018-03-05 15:21:56 - [MESSAGE][PASSED] - Object: 'Object Repository/CuPaDl/Save/CopyLink' is clicked on

2018-03-05 15:21:57 - [MESSAGE][PASSED] - Delayed 1 second(s)

2018-03-05 15:21:57 - [MESSAGE][PASSED] - Object: 'Object Repository/CuPaDl/Save/Close' is clicked on

2018-03-05 15:21:58 - [MESSAGE][PASSED] - Delayed 1 second(s)

2018-03-05 15:21:58 - [MESSAGE][PASSED] - cupakeysDl.slink.svlink is PASSED

2018-03-05 15:21:58 - [TEST_STEP][PASSED] - cupakeysDl.endsession.finishsession: cupakeysDl.endsession.finishsession is PASSED

2018-03-05 15:22:01 - [MESSAGE][PASSED] - Delayed 3 second(s)

2018-03-05 15:22:01 - [MESSAGE][PASSED] - Browser is closed

2018-03-05 15:22:01 - [MESSAGE][PASSED] - cupakeysDl.endsession.finishsession is PASSED]]></system-out>
         <system-err><![CDATA[]]></system-err>
      </testcase>
      <testcase name="Test Cases/CuPaStefanie/6" classname="Test Cases/CuPaStefanie/6" status="PASSED">
         <system-out><![CDATA[2018-03-05 15:22:01 - [TEST_CASE][PASSED] - Test Cases/CuPaStefanie/6: Test Cases/CuPaStefanie/6

2018-03-05 15:22:01 - [TEST_STEP][PASSED] - Statement - timeStamp = new java.text.SimpleDateFormat(dd.MM.yyyy_HH_mm_ss).format(java.util.Calendar.getInstance().getTime()): null

2018-03-05 15:22:01 - [TEST_STEP][PASSED] - Statement - timeStampScreenshot = new java.text.SimpleDateFormat(dd.MM.yyyy).format(java.util.Calendar.getInstance().getTime()): null

2018-03-05 15:22:01 - [TEST_STEP][PASSED] - Statement - iconmap = [:]: null

2018-03-05 15:22:01 - [TEST_STEP][PASSED] - Statement - txtmap = [:]: null

2018-03-05 15:22:01 - [TEST_STEP][PASSED] - Statement - signmap = [:]: null

2018-03-05 15:22:01 - [TEST_STEP][PASSED] - cupakeysDl.initStart.initialStart: cupakeysDl.initStart.initialStart is PASSED

2018-03-05 15:22:03 - [MESSAGE][PASSED] - Browser is opened with url: ''

2018-03-05 15:22:06 - [MESSAGE][PASSED] - Delayed 3 second(s)

2018-03-05 15:22:08 - [MESSAGE][PASSED] - Navigate to 'https://d16a4dsnr8a0k1.cloudfront.net/en/2455233.html?price=150.00%20%E2%82%AC&partName=wilsonPartName&vin=wilsonVin&modelCode=XP11&paint=P0A94&modelDescription=wilsonModelDescription&additionalEquipment=wilsonAdditionalEquipment' successfully

2018-03-05 15:22:08 - [MESSAGE][PASSED] - Object 'Object Repository/CuPaDl/Loading_indicator' is visible

2018-03-05 15:22:13 - [MESSAGE][PASSED] - Object 'Object Repository/CuPaDl/Loading_indicator' is NOT visible

2018-03-05 15:22:14 - [MESSAGE][PASSED] - Delayed 1 second(s)

2018-03-05 15:22:14 - [MESSAGE][PASSED] - cupakeysDl.initStart.initialStart is PASSED

2018-03-05 15:22:14 - [TEST_STEP][PASSED] - Statement - (step++): null

2018-03-05 15:22:14 - [TEST_STEP][PASSED] - cupakeysDl.color.changecolor: cupakeysDl.color.changecolor is PASSED

2018-03-05 15:22:14 - [MESSAGE][PASSED] - Object 'Object Repository/CuPaDl/Color/Color' is visible

2018-03-05 15:22:14 - [MESSAGE][PASSED] - Object: 'Object Repository/CuPaDl/Color/Color' is clicked on

2018-03-05 15:22:14 - [MESSAGE][WARNING] - Timeout '0' is invalid. Using default page load timeout: '30'

2018-03-05 15:22:14 - [MESSAGE][PASSED] - Object 'Object Repository/CuPaDl/Color/Color_solartsorange' is visible

2018-03-05 15:22:15 - [MESSAGE][PASSED] - Delayed 1 second(s)

2018-03-05 15:22:15 - [MESSAGE][PASSED] - Object: 'Object Repository/CuPaDl/Color/Color_solartsorange' is clicked on

2018-03-05 15:22:18 - [MESSAGE][WARNING] - Object 'Object Repository/CuPaDl/Loading_indicator' is not visible after 3 second(s)

2018-03-05 15:22:19 - [MESSAGE][PASSED] - Delayed 1 second(s)

2018-03-05 15:22:19 - [MESSAGE][PASSED] - cupakeysDl.color.changecolor is PASSED

2018-03-05 15:22:19 - [TEST_STEP][PASSED] - Statement - (step++): null

2018-03-05 15:22:19 - [TEST_STEP][PASSED] - cupakeysDl.chngstruct.changestructure: cupakeysDl.chngstruct.changestructure is PASSED

2018-03-05 15:22:19 - [MESSAGE][PASSED] - Object: 'Object Repository/CuPaDl/Structure/Structure' is clicked on

2018-03-05 15:22:19 - [MESSAGE][WARNING] - Timeout '0' is invalid. Using default page load timeout: '30'

2018-03-05 15:22:19 - [MESSAGE][PASSED] - Object 'Object Repository/CuPaDl/Structure/Structure_Hahnentritt' is visible

2018-03-05 15:22:20 - [MESSAGE][PASSED] - Delayed 1 second(s)

2018-03-05 15:22:20 - [MESSAGE][PASSED] - Object: 'Object Repository/CuPaDl/Structure/Structure_angles' is clicked on

2018-03-05 15:22:21 - [MESSAGE][PASSED] - Object 'Object Repository/CuPaDl/Loading_indicator' is visible

2018-03-05 15:22:25 - [MESSAGE][PASSED] - Object 'Object Repository/CuPaDl/Loading_indicator' is NOT visible

2018-03-05 15:22:26 - [MESSAGE][PASSED] - Delayed 1 second(s)

2018-03-05 15:22:26 - [MESSAGE][PASSED] - cupakeysDl.chngstruct.changestructure is PASSED

2018-03-05 15:22:26 - [TEST_STEP][PASSED] - Statement - (step++): null

2018-03-05 15:22:26 - [TEST_STEP][PASSED] - cupakeysDl.sclstruct.scalestructure: cupakeysDl.sclstruct.scalestructure is PASSED

2018-03-05 15:22:29 - [MESSAGE][WARNING] - Object 'Object Repository/CuPaDl/Structure/Resize_Structure_bottomright' is not visible after 3 second(s)

2018-03-05 15:22:29 - [MESSAGE][PASSED] - Object: 'Object Repository/CuPaDl/Structure/Resize_Structure' is clicked on

2018-03-05 15:22:29 - [MESSAGE][WARNING] - Timeout '0' is invalid. Using default page load timeout: '30'

2018-03-05 15:22:29 - [MESSAGE][PASSED] - Object 'Object Repository/CuPaDl/Structure/Resize_Structure_bottomright' is visible

2018-03-05 15:22:30 - [MESSAGE][PASSED] - Delayed 1 second(s)

2018-03-05 15:22:30 - [MESSAGE][PASSED] - Current viewport's left (x) position is 0

2018-03-05 15:22:30 - [MESSAGE][PASSED] - Current viewport's top (y) position is 54

2018-03-05 15:22:30 - [MESSAGE][PASSED] - Dragged object with id 'Object Repository/CuPaDl/Structure/Resize_Structure_bottomright' by offset distance x = 225 and y = 279 successfully

2018-03-05 15:22:31 - [MESSAGE][PASSED] - Object 'Object Repository/CuPaDl/Loading_indicator' is visible

2018-03-05 15:22:34 - [MESSAGE][PASSED] - Object 'Object Repository/CuPaDl/Loading_indicator' is NOT visible

2018-03-05 15:22:35 - [MESSAGE][PASSED] - Delayed 1 second(s)

2018-03-05 15:22:35 - [MESSAGE][PASSED] - cupakeysDl.sclstruct.scalestructure is PASSED

2018-03-05 15:22:35 - [TEST_STEP][PASSED] - Statement - (step++): null

2018-03-05 15:22:35 - [TEST_STEP][PASSED] - Statement - iconmap += CustomKeywords.cupakeysDl.iconad.iconadd("compass", LoadTimeCorrector, step, run, device, timeStamp, iconcount): cupakeysDl.iconad.iconadd is PASSED

2018-03-05 15:22:35 - [MESSAGE][PASSED] - Object: 'Object Repository/CuPaDl/Icons/Icon' is clicked on

2018-03-05 15:22:35 - [MESSAGE][WARNING] - Timeout '0' is invalid. Using default page load timeout: '30'

2018-03-05 15:22:35 - [MESSAGE][PASSED] - Object 'Object Repository/CuPaDl/Icons/Icon_compass' is visible

2018-03-05 15:22:36 - [MESSAGE][PASSED] - Delayed 1 second(s)

2018-03-05 15:22:36 - [MESSAGE][PASSED] - Object: 'Object Repository/CuPaDl/Icons/Icon_compass' is clicked on

2018-03-05 15:22:37 - [MESSAGE][PASSED] - Object 'Object Repository/CuPaDl/Loading_indicator' is visible

2018-03-05 15:22:39 - [MESSAGE][PASSED] - Object 'Object Repository/CuPaDl/Loading_indicator' is NOT visible

2018-03-05 15:22:39 - [MESSAGE][WARNING] - Timeout '0' is invalid. Using default page load timeout: '30'

2018-03-05 15:22:39 - [MESSAGE][PASSED] - Width of element 'Object Repository/CuPaDl/Icons/Reposition_icon' is '40'

2018-03-05 15:22:39 - [MESSAGE][PASSED] - Height of element 'Object Repository/CuPaDl/Icons/Reposition_icon' is '40'.

2018-03-05 15:22:40 - [MESSAGE][PASSED] - Delayed 1 second(s)

2018-03-05 15:22:40 - [MESSAGE][PASSED] - cupakeysDl.iconad.iconadd is PASSED

2018-03-05 15:22:40 - [TEST_STEP][PASSED] - Statement - (step++): null

2018-03-05 15:22:40 - [TEST_STEP][PASSED] - Statement - (iconcount++): null

2018-03-05 15:22:40 - [TEST_STEP][PASSED] - cupakeysDl.iconres.iconresize: cupakeysDl.iconres.iconresize is PASSED

2018-03-05 15:22:41 - [MESSAGE][PASSED] - Object 'Object Repository/CuPaDl/Icons/Reposition_icon' is visible

2018-03-05 15:22:41 - [MESSAGE][PASSED] - Current viewport's left (x) position is 0

2018-03-05 15:22:41 - [MESSAGE][PASSED] - Current viewport's top (y) position is 54

2018-03-05 15:22:41 - [MESSAGE][PASSED] - Dragged object with id 'Object Repository/CuPaDl/Icons/Resize_icon_bottomright' by offset distance x = 125 and y = 179 successfully

2018-03-05 15:22:42 - [MESSAGE][PASSED] - Object 'Object Repository/CuPaDl/Loading_indicator' is visible

2018-03-05 15:22:44 - [MESSAGE][PASSED] - Object 'Object Repository/CuPaDl/Loading_indicator' is NOT visible

2018-03-05 15:22:45 - [MESSAGE][PASSED] - Delayed 1 second(s)

2018-03-05 15:22:45 - [MESSAGE][PASSED] - cupakeysDl.iconres.iconresize is PASSED

2018-03-05 15:22:45 - [TEST_STEP][PASSED] - Statement - (step++): null

2018-03-05 15:22:45 - [TEST_STEP][PASSED] - cupakeysDl.slink.svlink: cupakeysDl.slink.svlink is PASSED

2018-03-05 15:22:45 - [MESSAGE][PASSED] - Scroll to object 'Object Repository/CuPaDl/Save/Save' successfully

2018-03-05 15:22:45 - [MESSAGE][PASSED] - Object: 'Object Repository/CuPaDl/Save/Save' is clicked on

2018-03-05 15:22:45 - [MESSAGE][WARNING] - Timeout '0' is invalid. Using default page load timeout: '30'

2018-03-05 15:22:46 - [MESSAGE][PASSED] - Object 'Object Repository/CuPaDl/Save/CopyLink' is visible

2018-03-05 15:22:46 - [MESSAGE][PASSED] - Object: 'Object Repository/CuPaDl/Save/CopyLink' is clicked on

2018-03-05 15:22:47 - [MESSAGE][PASSED] - Delayed 1 second(s)

2018-03-05 15:22:47 - [MESSAGE][PASSED] - Object: 'Object Repository/CuPaDl/Save/Close' is clicked on

2018-03-05 15:22:48 - [MESSAGE][PASSED] - Delayed 1 second(s)

2018-03-05 15:22:48 - [MESSAGE][PASSED] - cupakeysDl.slink.svlink is PASSED

2018-03-05 15:22:48 - [TEST_STEP][PASSED] - cupakeysDl.endsession.finishsession: cupakeysDl.endsession.finishsession is PASSED

2018-03-05 15:22:51 - [MESSAGE][PASSED] - Delayed 3 second(s)

2018-03-05 15:22:52 - [MESSAGE][PASSED] - Browser is closed

2018-03-05 15:22:52 - [MESSAGE][PASSED] - cupakeysDl.endsession.finishsession is PASSED]]></system-out>
         <system-err><![CDATA[]]></system-err>
      </testcase>
      <testcase name="Test Cases/CuPaStefanie/7" classname="Test Cases/CuPaStefanie/7" status="PASSED">
         <system-out><![CDATA[2018-03-05 15:22:52 - [TEST_CASE][PASSED] - Test Cases/CuPaStefanie/7: Test Cases/CuPaStefanie/7

2018-03-05 15:22:52 - [TEST_STEP][PASSED] - Statement - timeStamp = new java.text.SimpleDateFormat(dd.MM.yyyy_HH_mm_ss).format(java.util.Calendar.getInstance().getTime()): null

2018-03-05 15:22:52 - [TEST_STEP][PASSED] - Statement - timeStampScreenshot = new java.text.SimpleDateFormat(dd.MM.yyyy).format(java.util.Calendar.getInstance().getTime()): null

2018-03-05 15:22:52 - [TEST_STEP][PASSED] - Statement - iconmap = [:]: null

2018-03-05 15:22:52 - [TEST_STEP][PASSED] - Statement - txtmap = [:]: null

2018-03-05 15:22:52 - [TEST_STEP][PASSED] - Statement - signmap = [:]: null

2018-03-05 15:22:52 - [TEST_STEP][PASSED] - cupakeysDl.initStart.initialStart: cupakeysDl.initStart.initialStart is PASSED

2018-03-05 15:22:54 - [MESSAGE][PASSED] - Browser is opened with url: ''

2018-03-05 15:22:57 - [MESSAGE][PASSED] - Delayed 3 second(s)

2018-03-05 15:23:01 - [MESSAGE][PASSED] - Navigate to 'https://d16a4dsnr8a0k1.cloudfront.net/en/2455233.html?price=150.00%20%E2%82%AC&partName=wilsonPartName&vin=wilsonVin&modelCode=XP11&paint=P0A94&modelDescription=wilsonModelDescription&additionalEquipment=wilsonAdditionalEquipment' successfully

2018-03-05 15:23:01 - [MESSAGE][PASSED] - Object 'Object Repository/CuPaDl/Loading_indicator' is visible

2018-03-05 15:23:06 - [MESSAGE][PASSED] - Object 'Object Repository/CuPaDl/Loading_indicator' is NOT visible

2018-03-05 15:23:07 - [MESSAGE][PASSED] - Delayed 1 second(s)

2018-03-05 15:23:07 - [MESSAGE][PASSED] - cupakeysDl.initStart.initialStart is PASSED

2018-03-05 15:23:07 - [TEST_STEP][PASSED] - Statement - (step++): null

2018-03-05 15:23:07 - [TEST_STEP][PASSED] - cupakeysDl.color.changecolor: cupakeysDl.color.changecolor is PASSED

2018-03-05 15:23:07 - [MESSAGE][PASSED] - Object 'Object Repository/CuPaDl/Color/Color' is visible

2018-03-05 15:23:07 - [MESSAGE][PASSED] - Object: 'Object Repository/CuPaDl/Color/Color' is clicked on

2018-03-05 15:23:07 - [MESSAGE][WARNING] - Timeout '0' is invalid. Using default page load timeout: '30'

2018-03-05 15:23:07 - [MESSAGE][PASSED] - Object 'Object Repository/CuPaDl/Color/Color_electricblue' is visible

2018-03-05 15:23:08 - [MESSAGE][PASSED] - Delayed 1 second(s)

2018-03-05 15:23:08 - [MESSAGE][PASSED] - Object: 'Object Repository/CuPaDl/Color/Color_electricblue' is clicked on

2018-03-05 15:23:11 - [MESSAGE][WARNING] - Object 'Object Repository/CuPaDl/Loading_indicator' is not visible after 3 second(s)

2018-03-05 15:23:13 - [MESSAGE][PASSED] - Delayed 1 second(s)

2018-03-05 15:23:13 - [MESSAGE][PASSED] - cupakeysDl.color.changecolor is PASSED

2018-03-05 15:23:13 - [TEST_STEP][PASSED] - Statement - (step++): null

2018-03-05 15:23:13 - [TEST_STEP][PASSED] - cupakeysDl.chngstruct.changestructure: cupakeysDl.chngstruct.changestructure is PASSED

2018-03-05 15:23:13 - [MESSAGE][PASSED] - Object: 'Object Repository/CuPaDl/Structure/Structure' is clicked on

2018-03-05 15:23:13 - [MESSAGE][WARNING] - Timeout '0' is invalid. Using default page load timeout: '30'

2018-03-05 15:23:13 - [MESSAGE][PASSED] - Object 'Object Repository/CuPaDl/Structure/Structure_Hahnentritt' is visible

2018-03-05 15:23:14 - [MESSAGE][PASSED] - Delayed 1 second(s)

2018-03-05 15:23:14 - [MESSAGE][PASSED] - Object: 'Object Repository/CuPaDl/Structure/Structure_quadrops' is clicked on

2018-03-05 15:23:15 - [MESSAGE][PASSED] - Object 'Object Repository/CuPaDl/Loading_indicator' is visible

2018-03-05 15:23:22 - [MESSAGE][PASSED] - Object 'Object Repository/CuPaDl/Loading_indicator' is NOT visible

2018-03-05 15:23:23 - [MESSAGE][PASSED] - Delayed 1 second(s)

2018-03-05 15:23:23 - [MESSAGE][PASSED] - cupakeysDl.chngstruct.changestructure is PASSED

2018-03-05 15:23:23 - [TEST_STEP][PASSED] - Statement - (step++): null

2018-03-05 15:23:23 - [TEST_STEP][PASSED] - cupakeysDl.sclstruct.scalestructure: cupakeysDl.sclstruct.scalestructure is PASSED

2018-03-05 15:23:26 - [MESSAGE][WARNING] - Object 'Object Repository/CuPaDl/Structure/Resize_Structure_bottomright' is not visible after 3 second(s)

2018-03-05 15:23:27 - [MESSAGE][PASSED] - Object: 'Object Repository/CuPaDl/Structure/Resize_Structure' is clicked on

2018-03-05 15:23:27 - [MESSAGE][WARNING] - Timeout '0' is invalid. Using default page load timeout: '30'

2018-03-05 15:23:27 - [MESSAGE][PASSED] - Object 'Object Repository/CuPaDl/Structure/Resize_Structure_bottomright' is visible

2018-03-05 15:23:28 - [MESSAGE][PASSED] - Delayed 1 second(s)

2018-03-05 15:23:28 - [MESSAGE][PASSED] - Current viewport's left (x) position is 0

2018-03-05 15:23:28 - [MESSAGE][PASSED] - Current viewport's top (y) position is 54

2018-03-05 15:23:28 - [MESSAGE][PASSED] - Dragged object with id 'Object Repository/CuPaDl/Structure/Resize_Structure_bottomright' by offset distance x = -225 and y = -171 successfully

2018-03-05 15:23:29 - [MESSAGE][PASSED] - Object 'Object Repository/CuPaDl/Loading_indicator' is visible

2018-03-05 15:23:50 - [MESSAGE][PASSED] - Object 'Object Repository/CuPaDl/Loading_indicator' is NOT visible

2018-03-05 15:23:51 - [MESSAGE][PASSED] - Delayed 1 second(s)

2018-03-05 15:23:51 - [MESSAGE][PASSED] - cupakeysDl.sclstruct.scalestructure is PASSED

2018-03-05 15:23:51 - [TEST_STEP][PASSED] - Statement - (step++): null

2018-03-05 15:23:51 - [TEST_STEP][PASSED] - Statement - iconmap += CustomKeywords.cupakeysDl.iconad.iconadd("pin", LoadTimeCorrector, step, run, device, timeStamp, iconcount): cupakeysDl.iconad.iconadd is PASSED

2018-03-05 15:23:51 - [MESSAGE][PASSED] - Object: 'Object Repository/CuPaDl/Icons/Icon' is clicked on

2018-03-05 15:23:51 - [MESSAGE][WARNING] - Timeout '0' is invalid. Using default page load timeout: '30'

2018-03-05 15:23:51 - [MESSAGE][PASSED] - Object 'Object Repository/CuPaDl/Icons/Icon_pin' is visible

2018-03-05 15:23:52 - [MESSAGE][PASSED] - Delayed 1 second(s)

2018-03-05 15:23:52 - [MESSAGE][PASSED] - Object: 'Object Repository/CuPaDl/Icons/Icon_pin' is clicked on

2018-03-05 15:23:53 - [MESSAGE][PASSED] - Object 'Object Repository/CuPaDl/Loading_indicator' is visible

2018-03-05 15:24:14 - [MESSAGE][PASSED] - Object 'Object Repository/CuPaDl/Loading_indicator' is NOT visible

2018-03-05 15:24:14 - [MESSAGE][WARNING] - Timeout '0' is invalid. Using default page load timeout: '30'

2018-03-05 15:24:14 - [MESSAGE][PASSED] - Width of element 'Object Repository/CuPaDl/Icons/Reposition_icon' is '40'

2018-03-05 15:24:14 - [MESSAGE][PASSED] - Height of element 'Object Repository/CuPaDl/Icons/Reposition_icon' is '40'.

2018-03-05 15:24:15 - [MESSAGE][PASSED] - Delayed 1 second(s)

2018-03-05 15:24:15 - [MESSAGE][PASSED] - cupakeysDl.iconad.iconadd is PASSED

2018-03-05 15:24:15 - [TEST_STEP][PASSED] - Statement - (step++): null

2018-03-05 15:24:15 - [TEST_STEP][PASSED] - Statement - (iconcount++): null

2018-03-05 15:24:15 - [TEST_STEP][PASSED] - cupakeysDl.iconres.iconresize: cupakeysDl.iconres.iconresize is PASSED

2018-03-05 15:24:15 - [MESSAGE][PASSED] - Object 'Object Repository/CuPaDl/Icons/Reposition_icon' is visible

2018-03-05 15:24:15 - [MESSAGE][PASSED] - Current viewport's left (x) position is 0

2018-03-05 15:24:15 - [MESSAGE][PASSED] - Current viewport's top (y) position is 54

2018-03-05 15:24:15 - [MESSAGE][PASSED] - Dragged object with id 'Object Repository/CuPaDl/Icons/Resize_icon_bottomright' by offset distance x = -125 and y = -71 successfully

2018-03-05 15:24:16 - [MESSAGE][PASSED] - Object 'Object Repository/CuPaDl/Loading_indicator' is visible

2018-03-05 15:24:36 - [MESSAGE][PASSED] - Object 'Object Repository/CuPaDl/Loading_indicator' is NOT visible

2018-03-05 15:24:37 - [MESSAGE][PASSED] - Delayed 1 second(s)

2018-03-05 15:24:37 - [MESSAGE][PASSED] - cupakeysDl.iconres.iconresize is PASSED

2018-03-05 15:24:37 - [TEST_STEP][PASSED] - Statement - (step++): null

2018-03-05 15:24:37 - [TEST_STEP][PASSED] - cupakeysDl.slink.svlink: cupakeysDl.slink.svlink is PASSED

2018-03-05 15:24:37 - [MESSAGE][PASSED] - Scroll to object 'Object Repository/CuPaDl/Save/Save' successfully

2018-03-05 15:24:37 - [MESSAGE][PASSED] - Object: 'Object Repository/CuPaDl/Save/Save' is clicked on

2018-03-05 15:24:37 - [MESSAGE][WARNING] - Timeout '0' is invalid. Using default page load timeout: '30'

2018-03-05 15:24:38 - [MESSAGE][PASSED] - Object 'Object Repository/CuPaDl/Save/CopyLink' is visible

2018-03-05 15:24:38 - [MESSAGE][PASSED] - Object: 'Object Repository/CuPaDl/Save/CopyLink' is clicked on

2018-03-05 15:24:39 - [MESSAGE][PASSED] - Delayed 1 second(s)

2018-03-05 15:24:39 - [MESSAGE][PASSED] - Object: 'Object Repository/CuPaDl/Save/Close' is clicked on

2018-03-05 15:24:40 - [MESSAGE][PASSED] - Delayed 1 second(s)

2018-03-05 15:24:40 - [MESSAGE][PASSED] - cupakeysDl.slink.svlink is PASSED

2018-03-05 15:24:40 - [TEST_STEP][PASSED] - cupakeysDl.endsession.finishsession: cupakeysDl.endsession.finishsession is PASSED

2018-03-05 15:24:43 - [MESSAGE][PASSED] - Delayed 3 second(s)

2018-03-05 15:24:44 - [MESSAGE][PASSED] - Browser is closed

2018-03-05 15:24:44 - [MESSAGE][PASSED] - cupakeysDl.endsession.finishsession is PASSED]]></system-out>
         <system-err><![CDATA[]]></system-err>
      </testcase>
      <testcase name="Test Cases/CuPaStefanie/8" classname="Test Cases/CuPaStefanie/8" status="PASSED">
         <system-out><![CDATA[2018-03-05 15:24:44 - [TEST_CASE][PASSED] - Test Cases/CuPaStefanie/8: Test Cases/CuPaStefanie/8

2018-03-05 15:24:44 - [TEST_STEP][PASSED] - Statement - timeStamp = new java.text.SimpleDateFormat(dd.MM.yyyy_HH_mm_ss).format(java.util.Calendar.getInstance().getTime()): null

2018-03-05 15:24:44 - [TEST_STEP][PASSED] - Statement - timeStampScreenshot = new java.text.SimpleDateFormat(dd.MM.yyyy).format(java.util.Calendar.getInstance().getTime()): null

2018-03-05 15:24:44 - [TEST_STEP][PASSED] - Statement - iconmap = [:]: null

2018-03-05 15:24:44 - [TEST_STEP][PASSED] - Statement - txtmap = [:]: null

2018-03-05 15:24:44 - [TEST_STEP][PASSED] - Statement - signmap = [:]: null

2018-03-05 15:24:44 - [TEST_STEP][PASSED] - cupakeysDl.initStart.initialStart: cupakeysDl.initStart.initialStart is PASSED

2018-03-05 15:24:46 - [MESSAGE][PASSED] - Browser is opened with url: ''

2018-03-05 15:24:49 - [MESSAGE][PASSED] - Delayed 3 second(s)

2018-03-05 15:24:50 - [MESSAGE][PASSED] - Navigate to 'https://d16a4dsnr8a0k1.cloudfront.net/en/2455233.html?price=150.00%20%E2%82%AC&partName=wilsonPartName&vin=wilsonVin&modelCode=XP11&paint=P0A94&modelDescription=wilsonModelDescription&additionalEquipment=wilsonAdditionalEquipment' successfully

2018-03-05 15:24:50 - [MESSAGE][PASSED] - Object 'Object Repository/CuPaDl/Loading_indicator' is visible

2018-03-05 15:24:55 - [MESSAGE][PASSED] - Object 'Object Repository/CuPaDl/Loading_indicator' is NOT visible

2018-03-05 15:24:56 - [MESSAGE][PASSED] - Delayed 1 second(s)

2018-03-05 15:24:56 - [MESSAGE][PASSED] - cupakeysDl.initStart.initialStart is PASSED

2018-03-05 15:24:56 - [TEST_STEP][PASSED] - Statement - (step++): null

2018-03-05 15:24:56 - [TEST_STEP][PASSED] - cupakeysDl.color.changecolor: cupakeysDl.color.changecolor is PASSED

2018-03-05 15:24:56 - [MESSAGE][PASSED] - Object 'Object Repository/CuPaDl/Color/Color' is visible

2018-03-05 15:24:56 - [MESSAGE][PASSED] - Object: 'Object Repository/CuPaDl/Color/Color' is clicked on

2018-03-05 15:24:56 - [MESSAGE][WARNING] - Timeout '0' is invalid. Using default page load timeout: '30'

2018-03-05 15:24:56 - [MESSAGE][PASSED] - Object 'Object Repository/CuPaDl/Color/Color_electricblue' is visible

2018-03-05 15:24:57 - [MESSAGE][PASSED] - Delayed 1 second(s)

2018-03-05 15:24:57 - [MESSAGE][PASSED] - Object: 'Object Repository/CuPaDl/Color/Color_electricblue' is clicked on

2018-03-05 15:25:00 - [MESSAGE][WARNING] - Object 'Object Repository/CuPaDl/Loading_indicator' is not visible after 3 second(s)

2018-03-05 15:25:01 - [MESSAGE][PASSED] - Delayed 1 second(s)

2018-03-05 15:25:01 - [MESSAGE][PASSED] - cupakeysDl.color.changecolor is PASSED

2018-03-05 15:25:01 - [TEST_STEP][PASSED] - Statement - (step++): null

2018-03-05 15:25:01 - [TEST_STEP][PASSED] - cupakeysDl.chngstruct.changestructure: cupakeysDl.chngstruct.changestructure is PASSED

2018-03-05 15:25:02 - [MESSAGE][PASSED] - Object: 'Object Repository/CuPaDl/Structure/Structure' is clicked on

2018-03-05 15:25:02 - [MESSAGE][WARNING] - Timeout '0' is invalid. Using default page load timeout: '30'

2018-03-05 15:25:02 - [MESSAGE][PASSED] - Object 'Object Repository/CuPaDl/Structure/Structure_Hahnentritt' is visible

2018-03-05 15:25:03 - [MESSAGE][PASSED] - Delayed 1 second(s)

2018-03-05 15:25:03 - [MESSAGE][PASSED] - Object: 'Object Repository/CuPaDl/Structure/Structure_quadrops' is clicked on

2018-03-05 15:25:04 - [MESSAGE][PASSED] - Object 'Object Repository/CuPaDl/Loading_indicator' is visible

2018-03-05 15:25:11 - [MESSAGE][PASSED] - Object 'Object Repository/CuPaDl/Loading_indicator' is NOT visible

2018-03-05 15:25:12 - [MESSAGE][PASSED] - Delayed 1 second(s)

2018-03-05 15:25:12 - [MESSAGE][PASSED] - cupakeysDl.chngstruct.changestructure is PASSED

2018-03-05 15:25:12 - [TEST_STEP][PASSED] - Statement - (step++): null

2018-03-05 15:25:12 - [TEST_STEP][PASSED] - cupakeysDl.sclstruct.scalestructure: cupakeysDl.sclstruct.scalestructure is PASSED

2018-03-05 15:25:15 - [MESSAGE][WARNING] - Object 'Object Repository/CuPaDl/Structure/Resize_Structure_bottomright' is not visible after 3 second(s)

2018-03-05 15:25:15 - [MESSAGE][PASSED] - Object: 'Object Repository/CuPaDl/Structure/Resize_Structure' is clicked on

2018-03-05 15:25:15 - [MESSAGE][WARNING] - Timeout '0' is invalid. Using default page load timeout: '30'

2018-03-05 15:25:16 - [MESSAGE][PASSED] - Object 'Object Repository/CuPaDl/Structure/Resize_Structure_bottomright' is visible

2018-03-05 15:25:17 - [MESSAGE][PASSED] - Delayed 1 second(s)

2018-03-05 15:25:17 - [MESSAGE][PASSED] - Current viewport's left (x) position is 0

2018-03-05 15:25:17 - [MESSAGE][PASSED] - Current viewport's top (y) position is 54

2018-03-05 15:25:17 - [MESSAGE][PASSED] - Dragged object with id 'Object Repository/CuPaDl/Structure/Resize_Structure_bottomright' by offset distance x = 225 and y = 279 successfully

2018-03-05 15:25:18 - [MESSAGE][PASSED] - Object 'Object Repository/CuPaDl/Loading_indicator' is visible

2018-03-05 15:25:24 - [MESSAGE][PASSED] - Object 'Object Repository/CuPaDl/Loading_indicator' is NOT visible

2018-03-05 15:25:25 - [MESSAGE][PASSED] - Delayed 1 second(s)

2018-03-05 15:25:25 - [MESSAGE][PASSED] - cupakeysDl.sclstruct.scalestructure is PASSED

2018-03-05 15:25:25 - [TEST_STEP][PASSED] - Statement - (step++): null

2018-03-05 15:25:25 - [TEST_STEP][PASSED] - Statement - iconmap += CustomKeywords.cupakeysDl.iconad.iconadd("pin", LoadTimeCorrector, step, run, device, timeStamp, iconcount): cupakeysDl.iconad.iconadd is PASSED

2018-03-05 15:25:25 - [MESSAGE][PASSED] - Object: 'Object Repository/CuPaDl/Icons/Icon' is clicked on

2018-03-05 15:25:25 - [MESSAGE][WARNING] - Timeout '0' is invalid. Using default page load timeout: '30'

2018-03-05 15:25:25 - [MESSAGE][PASSED] - Object 'Object Repository/CuPaDl/Icons/Icon_pin' is visible

2018-03-05 15:25:26 - [MESSAGE][PASSED] - Delayed 1 second(s)

2018-03-05 15:25:26 - [MESSAGE][PASSED] - Object: 'Object Repository/CuPaDl/Icons/Icon_pin' is clicked on

2018-03-05 15:25:27 - [MESSAGE][PASSED] - Object 'Object Repository/CuPaDl/Loading_indicator' is visible

2018-03-05 15:25:36 - [MESSAGE][PASSED] - Object 'Object Repository/CuPaDl/Loading_indicator' is NOT visible

2018-03-05 15:25:36 - [MESSAGE][WARNING] - Timeout '0' is invalid. Using default page load timeout: '30'

2018-03-05 15:25:36 - [MESSAGE][PASSED] - Width of element 'Object Repository/CuPaDl/Icons/Reposition_icon' is '40'

2018-03-05 15:25:36 - [MESSAGE][PASSED] - Height of element 'Object Repository/CuPaDl/Icons/Reposition_icon' is '40'.

2018-03-05 15:25:37 - [MESSAGE][PASSED] - Delayed 1 second(s)

2018-03-05 15:25:37 - [MESSAGE][PASSED] - cupakeysDl.iconad.iconadd is PASSED

2018-03-05 15:25:37 - [TEST_STEP][PASSED] - Statement - (step++): null

2018-03-05 15:25:37 - [TEST_STEP][PASSED] - Statement - (iconcount++): null

2018-03-05 15:25:37 - [TEST_STEP][PASSED] - cupakeysDl.iconres.iconresize: cupakeysDl.iconres.iconresize is PASSED

2018-03-05 15:25:37 - [MESSAGE][PASSED] - Object 'Object Repository/CuPaDl/Icons/Reposition_icon' is visible

2018-03-05 15:25:37 - [MESSAGE][PASSED] - Current viewport's left (x) position is 0

2018-03-05 15:25:37 - [MESSAGE][PASSED] - Current viewport's top (y) position is 54

2018-03-05 15:25:37 - [MESSAGE][PASSED] - Dragged object with id 'Object Repository/CuPaDl/Icons/Resize_icon_bottomright' by offset distance x = 125 and y = 179 successfully

2018-03-05 15:25:38 - [MESSAGE][PASSED] - Object 'Object Repository/CuPaDl/Loading_indicator' is visible

2018-03-05 15:25:46 - [MESSAGE][PASSED] - Object 'Object Repository/CuPaDl/Loading_indicator' is NOT visible

2018-03-05 15:25:47 - [MESSAGE][PASSED] - Delayed 1 second(s)

2018-03-05 15:25:47 - [MESSAGE][PASSED] - cupakeysDl.iconres.iconresize is PASSED

2018-03-05 15:25:47 - [TEST_STEP][PASSED] - Statement - (step++): null

2018-03-05 15:25:47 - [TEST_STEP][PASSED] - cupakeysDl.slink.svlink: cupakeysDl.slink.svlink is PASSED

2018-03-05 15:25:48 - [MESSAGE][PASSED] - Scroll to object 'Object Repository/CuPaDl/Save/Save' successfully

2018-03-05 15:25:48 - [MESSAGE][PASSED] - Object: 'Object Repository/CuPaDl/Save/Save' is clicked on

2018-03-05 15:25:48 - [MESSAGE][WARNING] - Timeout '0' is invalid. Using default page load timeout: '30'

2018-03-05 15:25:49 - [MESSAGE][PASSED] - Object 'Object Repository/CuPaDl/Save/CopyLink' is visible

2018-03-05 15:25:49 - [MESSAGE][PASSED] - Object: 'Object Repository/CuPaDl/Save/CopyLink' is clicked on

2018-03-05 15:25:50 - [MESSAGE][PASSED] - Delayed 1 second(s)

2018-03-05 15:25:50 - [MESSAGE][PASSED] - Object: 'Object Repository/CuPaDl/Save/Close' is clicked on

2018-03-05 15:25:51 - [MESSAGE][PASSED] - Delayed 1 second(s)

2018-03-05 15:25:51 - [MESSAGE][PASSED] - cupakeysDl.slink.svlink is PASSED

2018-03-05 15:25:51 - [TEST_STEP][PASSED] - cupakeysDl.endsession.finishsession: cupakeysDl.endsession.finishsession is PASSED

2018-03-05 15:25:54 - [MESSAGE][PASSED] - Delayed 3 second(s)

2018-03-05 15:25:55 - [MESSAGE][PASSED] - Browser is closed

2018-03-05 15:25:55 - [MESSAGE][PASSED] - cupakeysDl.endsession.finishsession is PASSED]]></system-out>
         <system-err><![CDATA[]]></system-err>
      </testcase>
      <testcase name="Test Cases/CuPaStefanie/9" classname="Test Cases/CuPaStefanie/9" status="PASSED">
         <system-out><![CDATA[2018-03-05 15:25:55 - [TEST_CASE][PASSED] - Test Cases/CuPaStefanie/9: Test Cases/CuPaStefanie/9

2018-03-05 15:25:55 - [TEST_STEP][PASSED] - Statement - timeStamp = new java.text.SimpleDateFormat(dd.MM.yyyy_HH_mm_ss).format(java.util.Calendar.getInstance().getTime()): null

2018-03-05 15:25:55 - [TEST_STEP][PASSED] - Statement - timeStampScreenshot = new java.text.SimpleDateFormat(dd.MM.yyyy).format(java.util.Calendar.getInstance().getTime()): null

2018-03-05 15:25:55 - [TEST_STEP][PASSED] - Statement - iconmap = [:]: null

2018-03-05 15:25:55 - [TEST_STEP][PASSED] - Statement - txtmap = [:]: null

2018-03-05 15:25:55 - [TEST_STEP][PASSED] - Statement - signmap = [:]: null

2018-03-05 15:25:55 - [TEST_STEP][PASSED] - cupakeysDl.initStart.initialStart: cupakeysDl.initStart.initialStart is PASSED

2018-03-05 15:25:57 - [MESSAGE][PASSED] - Browser is opened with url: ''

2018-03-05 15:26:00 - [MESSAGE][PASSED] - Delayed 3 second(s)

2018-03-05 15:26:01 - [MESSAGE][PASSED] - Navigate to 'https://d16a4dsnr8a0k1.cloudfront.net/en/2455233.html?price=150.00%20%E2%82%AC&partName=wilsonPartName&vin=wilsonVin&modelCode=XP11&paint=P0A94&modelDescription=wilsonModelDescription&additionalEquipment=wilsonAdditionalEquipment' successfully

2018-03-05 15:26:01 - [MESSAGE][PASSED] - Object 'Object Repository/CuPaDl/Loading_indicator' is visible

2018-03-05 15:26:06 - [MESSAGE][PASSED] - Object 'Object Repository/CuPaDl/Loading_indicator' is NOT visible

2018-03-05 15:26:07 - [MESSAGE][PASSED] - Delayed 1 second(s)

2018-03-05 15:26:07 - [MESSAGE][PASSED] - cupakeysDl.initStart.initialStart is PASSED

2018-03-05 15:26:07 - [TEST_STEP][PASSED] - Statement - (step++): null

2018-03-05 15:26:07 - [TEST_STEP][PASSED] - cupakeysDl.color.changecolor: cupakeysDl.color.changecolor is PASSED

2018-03-05 15:26:07 - [MESSAGE][PASSED] - Object 'Object Repository/CuPaDl/Color/Color' is visible

2018-03-05 15:26:07 - [MESSAGE][PASSED] - Object: 'Object Repository/CuPaDl/Color/Color' is clicked on

2018-03-05 15:26:07 - [MESSAGE][WARNING] - Timeout '0' is invalid. Using default page load timeout: '30'

2018-03-05 15:26:07 - [MESSAGE][PASSED] - Object 'Object Repository/CuPaDl/Color/Color_rebelgreen' is visible

2018-03-05 15:26:08 - [MESSAGE][PASSED] - Delayed 1 second(s)

2018-03-05 15:26:08 - [MESSAGE][PASSED] - Object: 'Object Repository/CuPaDl/Color/Color_rebelgreen' is clicked on

2018-03-05 15:26:11 - [MESSAGE][WARNING] - Object 'Object Repository/CuPaDl/Loading_indicator' is not visible after 3 second(s)

2018-03-05 15:26:12 - [MESSAGE][PASSED] - Delayed 1 second(s)

2018-03-05 15:26:12 - [MESSAGE][PASSED] - cupakeysDl.color.changecolor is PASSED

2018-03-05 15:26:12 - [TEST_STEP][PASSED] - Statement - (step++): null

2018-03-05 15:26:12 - [TEST_STEP][PASSED] - cupakeysDl.chngstruct.changestructure: cupakeysDl.chngstruct.changestructure is PASSED

2018-03-05 15:26:13 - [MESSAGE][PASSED] - Object: 'Object Repository/CuPaDl/Structure/Structure' is clicked on

2018-03-05 15:26:13 - [MESSAGE][WARNING] - Timeout '0' is invalid. Using default page load timeout: '30'

2018-03-05 15:26:13 - [MESSAGE][PASSED] - Object 'Object Repository/CuPaDl/Structure/Structure_Hahnentritt' is visible

2018-03-05 15:26:14 - [MESSAGE][PASSED] - Delayed 1 second(s)

2018-03-05 15:26:14 - [MESSAGE][PASSED] - Object: 'Object Repository/CuPaDl/Structure/Structure_dots' is clicked on

2018-03-05 15:26:15 - [MESSAGE][PASSED] - Object 'Object Repository/CuPaDl/Loading_indicator' is visible

2018-03-05 15:26:19 - [MESSAGE][PASSED] - Object 'Object Repository/CuPaDl/Loading_indicator' is NOT visible

2018-03-05 15:26:20 - [MESSAGE][PASSED] - Delayed 1 second(s)

2018-03-05 15:26:20 - [MESSAGE][PASSED] - cupakeysDl.chngstruct.changestructure is PASSED

2018-03-05 15:26:20 - [TEST_STEP][PASSED] - Statement - (step++): null

2018-03-05 15:26:20 - [TEST_STEP][PASSED] - cupakeysDl.sclstruct.scalestructure: cupakeysDl.sclstruct.scalestructure is PASSED

2018-03-05 15:26:23 - [MESSAGE][WARNING] - Object 'Object Repository/CuPaDl/Structure/Resize_Structure_bottomright' is not visible after 3 second(s)

2018-03-05 15:26:23 - [MESSAGE][PASSED] - Object: 'Object Repository/CuPaDl/Structure/Resize_Structure' is clicked on

2018-03-05 15:26:23 - [MESSAGE][WARNING] - Timeout '0' is invalid. Using default page load timeout: '30'

2018-03-05 15:26:23 - [MESSAGE][PASSED] - Object 'Object Repository/CuPaDl/Structure/Resize_Structure_bottomright' is visible

2018-03-05 15:26:24 - [MESSAGE][PASSED] - Delayed 1 second(s)

2018-03-05 15:26:24 - [MESSAGE][PASSED] - Current viewport's left (x) position is 0

2018-03-05 15:26:24 - [MESSAGE][PASSED] - Current viewport's top (y) position is 54

2018-03-05 15:26:24 - [MESSAGE][PASSED] - Dragged object with id 'Object Repository/CuPaDl/Structure/Resize_Structure_bottomright' by offset distance x = -225 and y = -171 successfully

2018-03-05 15:26:25 - [MESSAGE][PASSED] - Object 'Object Repository/CuPaDl/Loading_indicator' is visible

2018-03-05 15:26:31 - [MESSAGE][PASSED] - Object 'Object Repository/CuPaDl/Loading_indicator' is NOT visible

2018-03-05 15:26:32 - [MESSAGE][PASSED] - Delayed 1 second(s)

2018-03-05 15:26:32 - [MESSAGE][PASSED] - cupakeysDl.sclstruct.scalestructure is PASSED

2018-03-05 15:26:32 - [TEST_STEP][PASSED] - Statement - (step++): null

2018-03-05 15:26:32 - [TEST_STEP][PASSED] - Statement - iconmap += CustomKeywords.cupakeysDl.iconad.iconadd("paperplane", LoadTimeCorrector, step, run, device, timeStamp, iconcount): cupakeysDl.iconad.iconadd is PASSED

2018-03-05 15:26:32 - [MESSAGE][PASSED] - Object: 'Object Repository/CuPaDl/Icons/Icon' is clicked on

2018-03-05 15:26:32 - [MESSAGE][WARNING] - Timeout '0' is invalid. Using default page load timeout: '30'

2018-03-05 15:26:32 - [MESSAGE][PASSED] - Object 'Object Repository/CuPaDl/Icons/Icon_paperplane' is visible

2018-03-05 15:26:33 - [MESSAGE][PASSED] - Delayed 1 second(s)

2018-03-05 15:26:33 - [MESSAGE][PASSED] - Object: 'Object Repository/CuPaDl/Icons/Icon_paperplane' is clicked on

2018-03-05 15:26:34 - [MESSAGE][PASSED] - Object 'Object Repository/CuPaDl/Loading_indicator' is visible

2018-03-05 15:26:45 - [MESSAGE][PASSED] - Object 'Object Repository/CuPaDl/Loading_indicator' is NOT visible

2018-03-05 15:26:45 - [MESSAGE][WARNING] - Timeout '0' is invalid. Using default page load timeout: '30'

2018-03-05 15:26:45 - [MESSAGE][PASSED] - Width of element 'Object Repository/CuPaDl/Icons/Reposition_icon' is '40'

2018-03-05 15:26:45 - [MESSAGE][PASSED] - Height of element 'Object Repository/CuPaDl/Icons/Reposition_icon' is '40'.

2018-03-05 15:26:46 - [MESSAGE][PASSED] - Delayed 1 second(s)

2018-03-05 15:26:46 - [MESSAGE][PASSED] - cupakeysDl.iconad.iconadd is PASSED

2018-03-05 15:26:46 - [TEST_STEP][PASSED] - Statement - (step++): null

2018-03-05 15:26:46 - [TEST_STEP][PASSED] - Statement - (iconcount++): null

2018-03-05 15:26:46 - [TEST_STEP][PASSED] - cupakeysDl.iconres.iconresize: cupakeysDl.iconres.iconresize is PASSED

2018-03-05 15:26:46 - [MESSAGE][PASSED] - Object 'Object Repository/CuPaDl/Icons/Reposition_icon' is visible

2018-03-05 15:26:46 - [MESSAGE][PASSED] - Current viewport's left (x) position is 0

2018-03-05 15:26:46 - [MESSAGE][PASSED] - Current viewport's top (y) position is 54

2018-03-05 15:26:46 - [MESSAGE][PASSED] - Dragged object with id 'Object Repository/CuPaDl/Icons/Resize_icon_bottomright' by offset distance x = -125 and y = -71 successfully

2018-03-05 15:26:47 - [MESSAGE][PASSED] - Object 'Object Repository/CuPaDl/Loading_indicator' is visible

2018-03-05 15:26:52 - [MESSAGE][PASSED] - Object 'Object Repository/CuPaDl/Loading_indicator' is NOT visible

2018-03-05 15:26:53 - [MESSAGE][PASSED] - Delayed 1 second(s)

2018-03-05 15:26:53 - [MESSAGE][PASSED] - cupakeysDl.iconres.iconresize is PASSED

2018-03-05 15:26:53 - [TEST_STEP][PASSED] - Statement - (step++): null

2018-03-05 15:26:53 - [TEST_STEP][PASSED] - cupakeysDl.slink.svlink: cupakeysDl.slink.svlink is PASSED

2018-03-05 15:26:53 - [MESSAGE][PASSED] - Scroll to object 'Object Repository/CuPaDl/Save/Save' successfully

2018-03-05 15:26:53 - [MESSAGE][PASSED] - Object: 'Object Repository/CuPaDl/Save/Save' is clicked on

2018-03-05 15:26:53 - [MESSAGE][WARNING] - Timeout '0' is invalid. Using default page load timeout: '30'

2018-03-05 15:26:55 - [MESSAGE][PASSED] - Object 'Object Repository/CuPaDl/Save/CopyLink' is visible

2018-03-05 15:26:55 - [MESSAGE][PASSED] - Object: 'Object Repository/CuPaDl/Save/CopyLink' is clicked on

2018-03-05 15:26:56 - [MESSAGE][PASSED] - Delayed 1 second(s)

2018-03-05 15:26:56 - [MESSAGE][PASSED] - Object: 'Object Repository/CuPaDl/Save/Close' is clicked on

2018-03-05 15:26:57 - [MESSAGE][PASSED] - Delayed 1 second(s)

2018-03-05 15:26:57 - [MESSAGE][PASSED] - cupakeysDl.slink.svlink is PASSED

2018-03-05 15:26:57 - [TEST_STEP][PASSED] - cupakeysDl.endsession.finishsession: cupakeysDl.endsession.finishsession is PASSED

2018-03-05 15:27:00 - [MESSAGE][PASSED] - Delayed 3 second(s)

2018-03-05 15:27:01 - [MESSAGE][PASSED] - Browser is closed

2018-03-05 15:27:01 - [MESSAGE][PASSED] - cupakeysDl.endsession.finishsession is PASSED]]></system-out>
         <system-err><![CDATA[]]></system-err>
      </testcase>
      <testcase name="Test Cases/CuPaStefanie/10" classname="Test Cases/CuPaStefanie/10" status="PASSED">
         <system-out><![CDATA[2018-03-05 15:27:01 - [TEST_CASE][PASSED] - Test Cases/CuPaStefanie/10: Test Cases/CuPaStefanie/10

2018-03-05 15:27:01 - [TEST_STEP][PASSED] - Statement - timeStamp = new java.text.SimpleDateFormat(dd.MM.yyyy_HH_mm_ss).format(java.util.Calendar.getInstance().getTime()): null

2018-03-05 15:27:01 - [TEST_STEP][PASSED] - Statement - timeStampScreenshot = new java.text.SimpleDateFormat(dd.MM.yyyy).format(java.util.Calendar.getInstance().getTime()): null

2018-03-05 15:27:01 - [TEST_STEP][PASSED] - Statement - ps = new java.io.PrintStream((((timeStamp + _Run) + run) + .txt)): null

2018-03-05 15:27:01 - [TEST_STEP][PASSED] - Statement - iconmap = [:]: null

2018-03-05 15:27:01 - [TEST_STEP][PASSED] - Statement - txtmap = [:]: null

2018-03-05 15:27:01 - [TEST_STEP][PASSED] - Statement - signmap = [:]: null

2018-03-05 15:27:01 - [TEST_STEP][PASSED] - cupakeysDl.initStart.initialStart: cupakeysDl.initStart.initialStart is PASSED

2018-03-05 15:27:03 - [MESSAGE][PASSED] - Browser is opened with url: ''

2018-03-05 15:27:06 - [MESSAGE][PASSED] - Delayed 3 second(s)

2018-03-05 15:27:07 - [MESSAGE][PASSED] - Navigate to 'https://d16a4dsnr8a0k1.cloudfront.net/en/2455233.html?price=150.00%20%E2%82%AC&partName=wilsonPartName&vin=wilsonVin&modelCode=XP11&paint=P0A94&modelDescription=wilsonModelDescription&additionalEquipment=wilsonAdditionalEquipment' successfully

2018-03-05 15:27:07 - [MESSAGE][PASSED] - Object 'Object Repository/CuPaDl/Loading_indicator' is visible

2018-03-05 15:27:12 - [MESSAGE][PASSED] - Object 'Object Repository/CuPaDl/Loading_indicator' is NOT visible

2018-03-05 15:27:13 - [MESSAGE][PASSED] - Delayed 1 second(s)

2018-03-05 15:27:13 - [MESSAGE][PASSED] - cupakeysDl.initStart.initialStart is PASSED

2018-03-05 15:27:13 - [TEST_STEP][PASSED] - Statement - (step++): null

2018-03-05 15:27:13 - [TEST_STEP][PASSED] - cupakeysDl.color.changecolor: cupakeysDl.color.changecolor is PASSED

2018-03-05 15:27:13 - [MESSAGE][PASSED] - Object 'Object Repository/CuPaDl/Color/Color' is visible

2018-03-05 15:27:13 - [MESSAGE][PASSED] - Object: 'Object Repository/CuPaDl/Color/Color' is clicked on

2018-03-05 15:27:13 - [MESSAGE][WARNING] - Timeout '0' is invalid. Using default page load timeout: '30'

2018-03-05 15:27:13 - [MESSAGE][PASSED] - Object 'Object Repository/CuPaDl/Color/Color_rebelgreen' is visible

2018-03-05 15:27:14 - [MESSAGE][PASSED] - Delayed 1 second(s)

2018-03-05 15:27:14 - [MESSAGE][PASSED] - Object: 'Object Repository/CuPaDl/Color/Color_rebelgreen' is clicked on

2018-03-05 15:27:17 - [MESSAGE][WARNING] - Object 'Object Repository/CuPaDl/Loading_indicator' is not visible after 3 second(s)

2018-03-05 15:27:18 - [MESSAGE][PASSED] - Delayed 1 second(s)

2018-03-05 15:27:18 - [MESSAGE][PASSED] - cupakeysDl.color.changecolor is PASSED

2018-03-05 15:27:18 - [TEST_STEP][PASSED] - Statement - (step++): null

2018-03-05 15:27:18 - [TEST_STEP][PASSED] - cupakeysDl.chngstruct.changestructure: cupakeysDl.chngstruct.changestructure is PASSED

2018-03-05 15:27:18 - [MESSAGE][PASSED] - Object: 'Object Repository/CuPaDl/Structure/Structure' is clicked on

2018-03-05 15:27:18 - [MESSAGE][WARNING] - Timeout '0' is invalid. Using default page load timeout: '30'

2018-03-05 15:27:18 - [MESSAGE][PASSED] - Object 'Object Repository/CuPaDl/Structure/Structure_Hahnentritt' is visible

2018-03-05 15:27:19 - [MESSAGE][PASSED] - Delayed 1 second(s)

2018-03-05 15:27:20 - [MESSAGE][PASSED] - Object: 'Object Repository/CuPaDl/Structure/Structure_dots' is clicked on

2018-03-05 15:27:21 - [MESSAGE][PASSED] - Object 'Object Repository/CuPaDl/Loading_indicator' is visible

2018-03-05 15:27:25 - [MESSAGE][PASSED] - Object 'Object Repository/CuPaDl/Loading_indicator' is NOT visible

2018-03-05 15:27:26 - [MESSAGE][PASSED] - Delayed 1 second(s)

2018-03-05 15:27:26 - [MESSAGE][PASSED] - cupakeysDl.chngstruct.changestructure is PASSED

2018-03-05 15:27:26 - [TEST_STEP][PASSED] - Statement - (step++): null

2018-03-05 15:27:26 - [TEST_STEP][PASSED] - cupakeysDl.sclstruct.scalestructure: cupakeysDl.sclstruct.scalestructure is PASSED

2018-03-05 15:27:29 - [MESSAGE][WARNING] - Object 'Object Repository/CuPaDl/Structure/Resize_Structure_bottomright' is not visible after 3 second(s)

2018-03-05 15:27:29 - [MESSAGE][PASSED] - Object: 'Object Repository/CuPaDl/Structure/Resize_Structure' is clicked on

2018-03-05 15:27:29 - [MESSAGE][WARNING] - Timeout '0' is invalid. Using default page load timeout: '30'

2018-03-05 15:27:29 - [MESSAGE][PASSED] - Object 'Object Repository/CuPaDl/Structure/Resize_Structure_bottomright' is visible

2018-03-05 15:27:30 - [MESSAGE][PASSED] - Delayed 1 second(s)

2018-03-05 15:27:30 - [MESSAGE][PASSED] - Current viewport's left (x) position is 0

2018-03-05 15:27:30 - [MESSAGE][PASSED] - Current viewport's top (y) position is 54

2018-03-05 15:27:30 - [MESSAGE][PASSED] - Dragged object with id 'Object Repository/CuPaDl/Structure/Resize_Structure_bottomright' by offset distance x = 225 and y = 279 successfully

2018-03-05 15:27:31 - [MESSAGE][PASSED] - Object 'Object Repository/CuPaDl/Loading_indicator' is visible

2018-03-05 15:27:35 - [MESSAGE][PASSED] - Object 'Object Repository/CuPaDl/Loading_indicator' is NOT visible

2018-03-05 15:27:36 - [MESSAGE][PASSED] - Delayed 1 second(s)

2018-03-05 15:27:36 - [MESSAGE][PASSED] - cupakeysDl.sclstruct.scalestructure is PASSED

2018-03-05 15:27:36 - [TEST_STEP][PASSED] - Statement - (step++): null

2018-03-05 15:27:36 - [TEST_STEP][PASSED] - Statement - iconmap += CustomKeywords.cupakeysDl.iconad.iconadd("paperplane", LoadTimeCorrector, step, run, device, timeStamp, iconcount): cupakeysDl.iconad.iconadd is PASSED

2018-03-05 15:27:36 - [MESSAGE][PASSED] - Object: 'Object Repository/CuPaDl/Icons/Icon' is clicked on

2018-03-05 15:27:36 - [MESSAGE][WARNING] - Timeout '0' is invalid. Using default page load timeout: '30'

2018-03-05 15:27:36 - [MESSAGE][PASSED] - Object 'Object Repository/CuPaDl/Icons/Icon_paperplane' is visible

2018-03-05 15:27:37 - [MESSAGE][PASSED] - Delayed 1 second(s)

2018-03-05 15:27:37 - [MESSAGE][PASSED] - Object: 'Object Repository/CuPaDl/Icons/Icon_paperplane' is clicked on

2018-03-05 15:27:38 - [MESSAGE][PASSED] - Object 'Object Repository/CuPaDl/Loading_indicator' is visible

2018-03-05 15:27:41 - [MESSAGE][PASSED] - Object 'Object Repository/CuPaDl/Loading_indicator' is NOT visible

2018-03-05 15:27:41 - [MESSAGE][WARNING] - Timeout '0' is invalid. Using default page load timeout: '30'

2018-03-05 15:27:41 - [MESSAGE][PASSED] - Width of element 'Object Repository/CuPaDl/Icons/Reposition_icon' is '40'

2018-03-05 15:27:41 - [MESSAGE][PASSED] - Height of element 'Object Repository/CuPaDl/Icons/Reposition_icon' is '40'.

2018-03-05 15:27:42 - [MESSAGE][PASSED] - Delayed 1 second(s)

2018-03-05 15:27:42 - [MESSAGE][PASSED] - cupakeysDl.iconad.iconadd is PASSED

2018-03-05 15:27:42 - [TEST_STEP][PASSED] - Statement - (step++): null

2018-03-05 15:27:42 - [TEST_STEP][PASSED] - Statement - (iconcount++): null

2018-03-05 15:27:42 - [TEST_STEP][PASSED] - cupakeysDl.iconres.iconresize: cupakeysDl.iconres.iconresize is PASSED

2018-03-05 15:27:42 - [MESSAGE][PASSED] - Object 'Object Repository/CuPaDl/Icons/Reposition_icon' is visible

2018-03-05 15:27:42 - [MESSAGE][PASSED] - Current viewport's left (x) position is 0

2018-03-05 15:27:42 - [MESSAGE][PASSED] - Current viewport's top (y) position is 54

2018-03-05 15:27:42 - [MESSAGE][PASSED] - Dragged object with id 'Object Repository/CuPaDl/Icons/Resize_icon_bottomright' by offset distance x = 125 and y = 179 successfully

2018-03-05 15:27:43 - [MESSAGE][PASSED] - Object 'Object Repository/CuPaDl/Loading_indicator' is visible

2018-03-05 15:27:46 - [MESSAGE][PASSED] - Object 'Object Repository/CuPaDl/Loading_indicator' is NOT visible

2018-03-05 15:27:47 - [MESSAGE][PASSED] - Delayed 1 second(s)

2018-03-05 15:27:47 - [MESSAGE][PASSED] - cupakeysDl.iconres.iconresize is PASSED

2018-03-05 15:27:47 - [TEST_STEP][PASSED] - Statement - (step++): null

2018-03-05 15:27:47 - [TEST_STEP][PASSED] - cupakeysDl.slink.svlink: cupakeysDl.slink.svlink is PASSED

2018-03-05 15:27:47 - [MESSAGE][PASSED] - Scroll to object 'Object Repository/CuPaDl/Save/Save' successfully

2018-03-05 15:27:47 - [MESSAGE][PASSED] - Object: 'Object Repository/CuPaDl/Save/Save' is clicked on

2018-03-05 15:27:47 - [MESSAGE][WARNING] - Timeout '0' is invalid. Using default page load timeout: '30'

2018-03-05 15:27:48 - [MESSAGE][PASSED] - Object 'Object Repository/CuPaDl/Save/CopyLink' is visible

2018-03-05 15:27:48 - [MESSAGE][PASSED] - Object: 'Object Repository/CuPaDl/Save/CopyLink' is clicked on

2018-03-05 15:27:49 - [MESSAGE][PASSED] - Delayed 1 second(s)

2018-03-05 15:27:49 - [MESSAGE][PASSED] - Object: 'Object Repository/CuPaDl/Save/Close' is clicked on

2018-03-05 15:27:50 - [MESSAGE][PASSED] - Delayed 1 second(s)

2018-03-05 15:27:50 - [MESSAGE][PASSED] - cupakeysDl.slink.svlink is PASSED

2018-03-05 15:27:50 - [TEST_STEP][PASSED] - cupakeysDl.endsession.finishsession: cupakeysDl.endsession.finishsession is PASSED

2018-03-05 15:27:53 - [MESSAGE][PASSED] - Delayed 3 second(s)

2018-03-05 15:27:54 - [MESSAGE][PASSED] - Browser is closed

2018-03-05 15:27:54 - [MESSAGE][PASSED] - cupakeysDl.endsession.finishsession is PASSED]]></system-out>
         <system-err><![CDATA[]]></system-err>
      </testcase>
      <testcase name="Test Cases/CuPaStefanie/11" classname="Test Cases/CuPaStefanie/11" status="PASSED">
         <system-out><![CDATA[2018-03-05 15:27:54 - [TEST_CASE][PASSED] - Test Cases/CuPaStefanie/11: Test Cases/CuPaStefanie/11

2018-03-05 15:27:54 - [TEST_STEP][PASSED] - Statement - timeStamp = new java.text.SimpleDateFormat(dd.MM.yyyy_HH_mm_ss).format(java.util.Calendar.getInstance().getTime()): null

2018-03-05 15:27:54 - [TEST_STEP][PASSED] - Statement - timeStampScreenshot = new java.text.SimpleDateFormat(dd.MM.yyyy).format(java.util.Calendar.getInstance().getTime()): null

2018-03-05 15:27:54 - [TEST_STEP][PASSED] - Statement - iconmap = [:]: null

2018-03-05 15:27:54 - [TEST_STEP][PASSED] - Statement - txtmap = [:]: null

2018-03-05 15:27:54 - [TEST_STEP][PASSED] - Statement - signmap = [:]: null

2018-03-05 15:27:54 - [TEST_STEP][PASSED] - cupakeysDl.initStart.initialStart: cupakeysDl.initStart.initialStart is PASSED

2018-03-05 15:27:56 - [MESSAGE][PASSED] - Browser is opened with url: ''

2018-03-05 15:27:59 - [MESSAGE][PASSED] - Delayed 3 second(s)

2018-03-05 15:28:00 - [MESSAGE][PASSED] - Navigate to 'https://d16a4dsnr8a0k1.cloudfront.net/en/2455233.html?price=150.00%20%E2%82%AC&partName=wilsonPartName&vin=wilsonVin&modelCode=XP11&paint=P0A94&modelDescription=wilsonModelDescription&additionalEquipment=wilsonAdditionalEquipment' successfully

2018-03-05 15:28:00 - [MESSAGE][PASSED] - Object 'Object Repository/CuPaDl/Loading_indicator' is visible

2018-03-05 15:28:05 - [MESSAGE][PASSED] - Object 'Object Repository/CuPaDl/Loading_indicator' is NOT visible

2018-03-05 15:28:06 - [MESSAGE][PASSED] - Delayed 1 second(s)

2018-03-05 15:28:06 - [MESSAGE][PASSED] - cupakeysDl.initStart.initialStart is PASSED

2018-03-05 15:28:06 - [TEST_STEP][PASSED] - Statement - (step++): null

2018-03-05 15:28:06 - [TEST_STEP][PASSED] - cupakeysDl.color.changecolor: cupakeysDl.color.changecolor is PASSED

2018-03-05 15:28:06 - [MESSAGE][PASSED] - Object 'Object Repository/CuPaDl/Color/Color' is visible

2018-03-05 15:28:06 - [MESSAGE][PASSED] - Object: 'Object Repository/CuPaDl/Color/Color' is clicked on

2018-03-05 15:28:06 - [MESSAGE][WARNING] - Timeout '0' is invalid. Using default page load timeout: '30'

2018-03-05 15:28:06 - [MESSAGE][PASSED] - Object 'Object Repository/CuPaDl/Color/Color_passionred' is visible

2018-03-05 15:28:07 - [MESSAGE][PASSED] - Delayed 1 second(s)

2018-03-05 15:28:07 - [MESSAGE][PASSED] - Object: 'Object Repository/CuPaDl/Color/Color_passionred' is clicked on

2018-03-05 15:28:10 - [MESSAGE][WARNING] - Object 'Object Repository/CuPaDl/Loading_indicator' is not visible after 3 second(s)

2018-03-05 15:28:11 - [MESSAGE][PASSED] - Delayed 1 second(s)

2018-03-05 15:28:11 - [MESSAGE][PASSED] - cupakeysDl.color.changecolor is PASSED

2018-03-05 15:28:11 - [TEST_STEP][PASSED] - Statement - (step++): null

2018-03-05 15:28:11 - [TEST_STEP][PASSED] - cupakeysDl.chngstruct.changestructure: cupakeysDl.chngstruct.changestructure is PASSED

2018-03-05 15:28:11 - [MESSAGE][PASSED] - Object: 'Object Repository/CuPaDl/Structure/Structure' is clicked on

2018-03-05 15:28:11 - [MESSAGE][WARNING] - Timeout '0' is invalid. Using default page load timeout: '30'

2018-03-05 15:28:11 - [MESSAGE][PASSED] - Object 'Object Repository/CuPaDl/Structure/Structure_Hahnentritt' is visible

2018-03-05 15:28:12 - [MESSAGE][PASSED] - Delayed 1 second(s)

2018-03-05 15:28:12 - [MESSAGE][PASSED] - Object: 'Object Repository/CuPaDl/Structure/Structure_hahnentritt' is clicked on

2018-03-05 15:28:14 - [MESSAGE][PASSED] - Object 'Object Repository/CuPaDl/Loading_indicator' is visible

2018-03-05 15:28:15 - [MESSAGE][PASSED] - Object 'Object Repository/CuPaDl/Loading_indicator' is NOT visible

2018-03-05 15:28:16 - [MESSAGE][PASSED] - Delayed 1 second(s)

2018-03-05 15:28:16 - [MESSAGE][PASSED] - cupakeysDl.chngstruct.changestructure is PASSED

2018-03-05 15:28:16 - [TEST_STEP][PASSED] - Statement - (step++): null

2018-03-05 15:28:16 - [TEST_STEP][PASSED] - cupakeysDl.sclstruct.scalestructure: cupakeysDl.sclstruct.scalestructure is PASSED

2018-03-05 15:28:19 - [MESSAGE][WARNING] - Object 'Object Repository/CuPaDl/Structure/Resize_Structure_bottomright' is not visible after 3 second(s)

2018-03-05 15:28:19 - [MESSAGE][PASSED] - Object: 'Object Repository/CuPaDl/Structure/Resize_Structure' is clicked on

2018-03-05 15:28:19 - [MESSAGE][WARNING] - Timeout '0' is invalid. Using default page load timeout: '30'

2018-03-05 15:28:19 - [MESSAGE][PASSED] - Object 'Object Repository/CuPaDl/Structure/Resize_Structure_bottomright' is visible

2018-03-05 15:28:20 - [MESSAGE][PASSED] - Delayed 1 second(s)

2018-03-05 15:28:20 - [MESSAGE][PASSED] - Current viewport's left (x) position is 0

2018-03-05 15:28:20 - [MESSAGE][PASSED] - Current viewport's top (y) position is 54

2018-03-05 15:28:20 - [MESSAGE][PASSED] - Dragged object with id 'Object Repository/CuPaDl/Structure/Resize_Structure_bottomright' by offset distance x = -225 and y = -171 successfully

2018-03-05 15:28:23 - [MESSAGE][WARNING] - Object 'Object Repository/CuPaDl/Loading_indicator' is not visible after 3 second(s)

2018-03-05 15:28:24 - [MESSAGE][PASSED] - Delayed 1 second(s)

2018-03-05 15:28:24 - [MESSAGE][PASSED] - cupakeysDl.sclstruct.scalestructure is PASSED

2018-03-05 15:28:24 - [TEST_STEP][PASSED] - Statement - (step++): null

2018-03-05 15:28:24 - [TEST_STEP][PASSED] - Statement - iconmap += CustomKeywords.cupakeysDl.iconad.iconadd("paperplaneline", LoadTimeCorrector, step, run, device, timeStamp, iconcount): cupakeysDl.iconad.iconadd is PASSED

2018-03-05 15:28:24 - [MESSAGE][PASSED] - Object: 'Object Repository/CuPaDl/Icons/Icon' is clicked on

2018-03-05 15:28:24 - [MESSAGE][WARNING] - Timeout '0' is invalid. Using default page load timeout: '30'

2018-03-05 15:28:24 - [MESSAGE][PASSED] - Object 'Object Repository/CuPaDl/Icons/Icon_paperplaneline' is visible

2018-03-05 15:28:25 - [MESSAGE][PASSED] - Delayed 1 second(s)

2018-03-05 15:28:25 - [MESSAGE][PASSED] - Object: 'Object Repository/CuPaDl/Icons/Icon_paperplaneline' is clicked on

2018-03-05 15:28:26 - [MESSAGE][PASSED] - Object 'Object Repository/CuPaDl/Loading_indicator' is visible

2018-03-05 15:28:27 - [MESSAGE][PASSED] - Object 'Object Repository/CuPaDl/Loading_indicator' is NOT visible

2018-03-05 15:28:27 - [MESSAGE][WARNING] - Timeout '0' is invalid. Using default page load timeout: '30'

2018-03-05 15:28:27 - [MESSAGE][PASSED] - Width of element 'Object Repository/CuPaDl/Icons/Reposition_icon' is '40'

2018-03-05 15:28:27 - [MESSAGE][PASSED] - Height of element 'Object Repository/CuPaDl/Icons/Reposition_icon' is '40'.

2018-03-05 15:28:28 - [MESSAGE][PASSED] - Delayed 1 second(s)

2018-03-05 15:28:28 - [MESSAGE][PASSED] - cupakeysDl.iconad.iconadd is PASSED

2018-03-05 15:28:28 - [TEST_STEP][PASSED] - Statement - (step++): null

2018-03-05 15:28:28 - [TEST_STEP][PASSED] - Statement - (iconcount++): null

2018-03-05 15:28:28 - [TEST_STEP][PASSED] - cupakeysDl.iconres.iconresize: cupakeysDl.iconres.iconresize is PASSED

2018-03-05 15:28:28 - [MESSAGE][PASSED] - Object 'Object Repository/CuPaDl/Icons/Reposition_icon' is visible

2018-03-05 15:28:28 - [MESSAGE][PASSED] - Current viewport's left (x) position is 0

2018-03-05 15:28:28 - [MESSAGE][PASSED] - Current viewport's top (y) position is 54

2018-03-05 15:28:29 - [MESSAGE][PASSED] - Dragged object with id 'Object Repository/CuPaDl/Icons/Resize_icon_bottomright' by offset distance x = -125 and y = -71 successfully

2018-03-05 15:28:32 - [MESSAGE][WARNING] - Object 'Object Repository/CuPaDl/Loading_indicator' is not visible after 3 second(s)

2018-03-05 15:28:33 - [MESSAGE][PASSED] - Delayed 1 second(s)

2018-03-05 15:28:33 - [MESSAGE][PASSED] - cupakeysDl.iconres.iconresize is PASSED

2018-03-05 15:28:33 - [TEST_STEP][PASSED] - Statement - (step++): null

2018-03-05 15:28:33 - [TEST_STEP][PASSED] - cupakeysDl.slink.svlink: cupakeysDl.slink.svlink is PASSED

2018-03-05 15:28:33 - [MESSAGE][PASSED] - Scroll to object 'Object Repository/CuPaDl/Save/Save' successfully

2018-03-05 15:28:33 - [MESSAGE][PASSED] - Object: 'Object Repository/CuPaDl/Save/Save' is clicked on

2018-03-05 15:28:33 - [MESSAGE][WARNING] - Timeout '0' is invalid. Using default page load timeout: '30'

2018-03-05 15:28:33 - [MESSAGE][PASSED] - Object 'Object Repository/CuPaDl/Save/CopyLink' is visible

2018-03-05 15:28:33 - [MESSAGE][PASSED] - Object: 'Object Repository/CuPaDl/Save/CopyLink' is clicked on

2018-03-05 15:28:34 - [MESSAGE][PASSED] - Delayed 1 second(s)

2018-03-05 15:28:34 - [MESSAGE][PASSED] - Object: 'Object Repository/CuPaDl/Save/Close' is clicked on

2018-03-05 15:28:35 - [MESSAGE][PASSED] - Delayed 1 second(s)

2018-03-05 15:28:35 - [MESSAGE][PASSED] - cupakeysDl.slink.svlink is PASSED

2018-03-05 15:28:35 - [TEST_STEP][PASSED] - cupakeysDl.endsession.finishsession: cupakeysDl.endsession.finishsession is PASSED

2018-03-05 15:28:38 - [MESSAGE][PASSED] - Delayed 3 second(s)

2018-03-05 15:28:39 - [MESSAGE][PASSED] - Browser is closed

2018-03-05 15:28:39 - [MESSAGE][PASSED] - cupakeysDl.endsession.finishsession is PASSED]]></system-out>
         <system-err><![CDATA[]]></system-err>
      </testcase>
      <testcase name="Test Cases/CuPaStefanie/12" classname="Test Cases/CuPaStefanie/12" status="PASSED">
         <system-out><![CDATA[2018-03-05 15:28:39 - [TEST_CASE][PASSED] - Test Cases/CuPaStefanie/12: Test Cases/CuPaStefanie/12

2018-03-05 15:28:39 - [TEST_STEP][PASSED] - Statement - timeStamp = new java.text.SimpleDateFormat(dd.MM.yyyy_HH_mm_ss).format(java.util.Calendar.getInstance().getTime()): null

2018-03-05 15:28:39 - [TEST_STEP][PASSED] - Statement - timeStampScreenshot = new java.text.SimpleDateFormat(dd.MM.yyyy).format(java.util.Calendar.getInstance().getTime()): null

2018-03-05 15:28:39 - [TEST_STEP][PASSED] - Statement - iconmap = [:]: null

2018-03-05 15:28:39 - [TEST_STEP][PASSED] - Statement - txtmap = [:]: null

2018-03-05 15:28:39 - [TEST_STEP][PASSED] - Statement - signmap = [:]: null

2018-03-05 15:28:39 - [TEST_STEP][PASSED] - cupakeysDl.initStart.initialStart: cupakeysDl.initStart.initialStart is PASSED

2018-03-05 15:28:41 - [MESSAGE][PASSED] - Browser is opened with url: ''

2018-03-05 15:28:44 - [MESSAGE][PASSED] - Delayed 3 second(s)

2018-03-05 15:28:45 - [MESSAGE][PASSED] - Navigate to 'https://d16a4dsnr8a0k1.cloudfront.net/en/2455233.html?price=150.00%20%E2%82%AC&partName=wilsonPartName&vin=wilsonVin&modelCode=XP11&paint=P0A94&modelDescription=wilsonModelDescription&additionalEquipment=wilsonAdditionalEquipment' successfully

2018-03-05 15:28:45 - [MESSAGE][PASSED] - Object 'Object Repository/CuPaDl/Loading_indicator' is visible

2018-03-05 15:28:50 - [MESSAGE][PASSED] - Object 'Object Repository/CuPaDl/Loading_indicator' is NOT visible

2018-03-05 15:28:51 - [MESSAGE][PASSED] - Delayed 1 second(s)

2018-03-05 15:28:51 - [MESSAGE][PASSED] - cupakeysDl.initStart.initialStart is PASSED

2018-03-05 15:28:51 - [TEST_STEP][PASSED] - Statement - (step++): null

2018-03-05 15:28:51 - [TEST_STEP][PASSED] - cupakeysDl.color.changecolor: cupakeysDl.color.changecolor is PASSED

2018-03-05 15:28:51 - [MESSAGE][PASSED] - Object 'Object Repository/CuPaDl/Color/Color' is visible

2018-03-05 15:28:51 - [MESSAGE][PASSED] - Object: 'Object Repository/CuPaDl/Color/Color' is clicked on

2018-03-05 15:28:51 - [MESSAGE][WARNING] - Timeout '0' is invalid. Using default page load timeout: '30'

2018-03-05 15:28:51 - [MESSAGE][PASSED] - Object 'Object Repository/CuPaDl/Color/Color_passionred' is visible

2018-03-05 15:28:52 - [MESSAGE][PASSED] - Delayed 1 second(s)

2018-03-05 15:28:53 - [MESSAGE][PASSED] - Object: 'Object Repository/CuPaDl/Color/Color_passionred' is clicked on

2018-03-05 15:28:56 - [MESSAGE][WARNING] - Object 'Object Repository/CuPaDl/Loading_indicator' is not visible after 3 second(s)

2018-03-05 15:28:57 - [MESSAGE][PASSED] - Delayed 1 second(s)

2018-03-05 15:28:57 - [MESSAGE][PASSED] - cupakeysDl.color.changecolor is PASSED

2018-03-05 15:28:57 - [TEST_STEP][PASSED] - Statement - (step++): null

2018-03-05 15:28:57 - [TEST_STEP][PASSED] - cupakeysDl.chngstruct.changestructure: cupakeysDl.chngstruct.changestructure is PASSED

2018-03-05 15:28:57 - [MESSAGE][PASSED] - Object: 'Object Repository/CuPaDl/Structure/Structure' is clicked on

2018-03-05 15:28:57 - [MESSAGE][WARNING] - Timeout '0' is invalid. Using default page load timeout: '30'

2018-03-05 15:28:57 - [MESSAGE][PASSED] - Object 'Object Repository/CuPaDl/Structure/Structure_Hahnentritt' is visible

2018-03-05 15:28:58 - [MESSAGE][PASSED] - Delayed 1 second(s)

2018-03-05 15:28:58 - [MESSAGE][PASSED] - Object: 'Object Repository/CuPaDl/Structure/Structure_hahnentritt' is clicked on

2018-03-05 15:28:59 - [MESSAGE][PASSED] - Object 'Object Repository/CuPaDl/Loading_indicator' is visible

2018-03-05 15:29:00 - [MESSAGE][PASSED] - Object 'Object Repository/CuPaDl/Loading_indicator' is NOT visible

2018-03-05 15:29:01 - [MESSAGE][PASSED] - Delayed 1 second(s)

2018-03-05 15:29:01 - [MESSAGE][PASSED] - cupakeysDl.chngstruct.changestructure is PASSED

2018-03-05 15:29:01 - [TEST_STEP][PASSED] - Statement - (step++): null

2018-03-05 15:29:01 - [TEST_STEP][PASSED] - cupakeysDl.sclstruct.scalestructure: cupakeysDl.sclstruct.scalestructure is PASSED

2018-03-05 15:29:04 - [MESSAGE][WARNING] - Object 'Object Repository/CuPaDl/Structure/Resize_Structure_bottomright' is not visible after 3 second(s)

2018-03-05 15:29:04 - [MESSAGE][PASSED] - Object: 'Object Repository/CuPaDl/Structure/Resize_Structure' is clicked on

2018-03-05 15:29:04 - [MESSAGE][WARNING] - Timeout '0' is invalid. Using default page load timeout: '30'

2018-03-05 15:29:04 - [MESSAGE][PASSED] - Object 'Object Repository/CuPaDl/Structure/Resize_Structure_bottomright' is visible

2018-03-05 15:29:05 - [MESSAGE][PASSED] - Delayed 1 second(s)

2018-03-05 15:29:05 - [MESSAGE][PASSED] - Current viewport's left (x) position is 0

2018-03-05 15:29:05 - [MESSAGE][PASSED] - Current viewport's top (y) position is 54

2018-03-05 15:29:05 - [MESSAGE][PASSED] - Dragged object with id 'Object Repository/CuPaDl/Structure/Resize_Structure_bottomright' by offset distance x = 225 and y = 279 successfully

2018-03-05 15:29:08 - [MESSAGE][WARNING] - Object 'Object Repository/CuPaDl/Loading_indicator' is not visible after 3 second(s)

2018-03-05 15:29:09 - [MESSAGE][PASSED] - Delayed 1 second(s)

2018-03-05 15:29:09 - [MESSAGE][PASSED] - cupakeysDl.sclstruct.scalestructure is PASSED

2018-03-05 15:29:09 - [TEST_STEP][PASSED] - Statement - (step++): null

2018-03-05 15:29:09 - [TEST_STEP][PASSED] - Statement - iconmap += CustomKeywords.cupakeysDl.iconad.iconadd("paperplaneline", LoadTimeCorrector, step, run, device, timeStamp, iconcount): cupakeysDl.iconad.iconadd is PASSED

2018-03-05 15:29:09 - [MESSAGE][PASSED] - Object: 'Object Repository/CuPaDl/Icons/Icon' is clicked on

2018-03-05 15:29:09 - [MESSAGE][WARNING] - Timeout '0' is invalid. Using default page load timeout: '30'

2018-03-05 15:29:09 - [MESSAGE][PASSED] - Object 'Object Repository/CuPaDl/Icons/Icon_paperplaneline' is visible

2018-03-05 15:29:10 - [MESSAGE][PASSED] - Delayed 1 second(s)

2018-03-05 15:29:10 - [MESSAGE][PASSED] - Object: 'Object Repository/CuPaDl/Icons/Icon_paperplaneline' is clicked on

2018-03-05 15:29:11 - [MESSAGE][PASSED] - Object 'Object Repository/CuPaDl/Loading_indicator' is visible

2018-03-05 15:29:12 - [MESSAGE][PASSED] - Object 'Object Repository/CuPaDl/Loading_indicator' is NOT visible

2018-03-05 15:29:12 - [MESSAGE][WARNING] - Timeout '0' is invalid. Using default page load timeout: '30'

2018-03-05 15:29:12 - [MESSAGE][PASSED] - Width of element 'Object Repository/CuPaDl/Icons/Reposition_icon' is '40'

2018-03-05 15:29:12 - [MESSAGE][PASSED] - Height of element 'Object Repository/CuPaDl/Icons/Reposition_icon' is '40'.

2018-03-05 15:29:13 - [MESSAGE][PASSED] - Delayed 1 second(s)

2018-03-05 15:29:13 - [MESSAGE][PASSED] - cupakeysDl.iconad.iconadd is PASSED

2018-03-05 15:29:13 - [TEST_STEP][PASSED] - Statement - (step++): null

2018-03-05 15:29:13 - [TEST_STEP][PASSED] - Statement - (iconcount++): null

2018-03-05 15:29:13 - [TEST_STEP][PASSED] - cupakeysDl.iconres.iconresize: cupakeysDl.iconres.iconresize is PASSED

2018-03-05 15:29:13 - [MESSAGE][PASSED] - Object 'Object Repository/CuPaDl/Icons/Reposition_icon' is visible

2018-03-05 15:29:13 - [MESSAGE][PASSED] - Current viewport's left (x) position is 0

2018-03-05 15:29:13 - [MESSAGE][PASSED] - Current viewport's top (y) position is 54

2018-03-05 15:29:13 - [MESSAGE][PASSED] - Dragged object with id 'Object Repository/CuPaDl/Icons/Resize_icon_bottomright' by offset distance x = 125 and y = 179 successfully

2018-03-05 15:29:16 - [MESSAGE][WARNING] - Object 'Object Repository/CuPaDl/Loading_indicator' is not visible after 3 second(s)

2018-03-05 15:29:17 - [MESSAGE][PASSED] - Delayed 1 second(s)

2018-03-05 15:29:17 - [MESSAGE][PASSED] - cupakeysDl.iconres.iconresize is PASSED

2018-03-05 15:29:17 - [TEST_STEP][PASSED] - Statement - (step++): null

2018-03-05 15:29:17 - [TEST_STEP][PASSED] - cupakeysDl.slink.svlink: cupakeysDl.slink.svlink is PASSED

2018-03-05 15:29:17 - [MESSAGE][PASSED] - Scroll to object 'Object Repository/CuPaDl/Save/Save' successfully

2018-03-05 15:29:17 - [MESSAGE][PASSED] - Object: 'Object Repository/CuPaDl/Save/Save' is clicked on

2018-03-05 15:29:17 - [MESSAGE][WARNING] - Timeout '0' is invalid. Using default page load timeout: '30'

2018-03-05 15:29:18 - [MESSAGE][PASSED] - Object 'Object Repository/CuPaDl/Save/CopyLink' is visible

2018-03-05 15:29:18 - [MESSAGE][PASSED] - Object: 'Object Repository/CuPaDl/Save/CopyLink' is clicked on

2018-03-05 15:29:19 - [MESSAGE][PASSED] - Delayed 1 second(s)

2018-03-05 15:29:19 - [MESSAGE][PASSED] - Object: 'Object Repository/CuPaDl/Save/Close' is clicked on

2018-03-05 15:29:20 - [MESSAGE][PASSED] - Delayed 1 second(s)

2018-03-05 15:29:20 - [MESSAGE][PASSED] - cupakeysDl.slink.svlink is PASSED

2018-03-05 15:29:20 - [TEST_STEP][PASSED] - cupakeysDl.endsession.finishsession: cupakeysDl.endsession.finishsession is PASSED

2018-03-05 15:29:23 - [MESSAGE][PASSED] - Delayed 3 second(s)

2018-03-05 15:29:24 - [MESSAGE][PASSED] - Browser is closed

2018-03-05 15:29:24 - [MESSAGE][PASSED] - cupakeysDl.endsession.finishsession is PASSED]]></system-out>
         <system-err><![CDATA[]]></system-err>
      </testcase>
      <testcase name="Test Cases/CuPaStefanie/13" classname="Test Cases/CuPaStefanie/13" status="PASSED">
         <system-out><![CDATA[2018-03-05 15:29:24 - [TEST_CASE][PASSED] - Test Cases/CuPaStefanie/13: Test Cases/CuPaStefanie/13

2018-03-05 15:29:24 - [TEST_STEP][PASSED] - Statement - timeStamp = new java.text.SimpleDateFormat(dd.MM.yyyy).format(java.util.Calendar.getInstance().getTime()): null

2018-03-05 15:29:24 - [TEST_STEP][PASSED] - Statement - timeStampScreenshot = new java.text.SimpleDateFormat(dd.MM.yyyy).format(java.util.Calendar.getInstance().getTime()): null

2018-03-05 15:29:24 - [TEST_STEP][PASSED] - Statement - iconmap = [:]: null

2018-03-05 15:29:24 - [TEST_STEP][PASSED] - Statement - txtmap = [:]: null

2018-03-05 15:29:24 - [TEST_STEP][PASSED] - Statement - signmap = [:]: null

2018-03-05 15:29:24 - [TEST_STEP][PASSED] - cupakeysDl.initStart.initialStart: cupakeysDl.initStart.initialStart is PASSED

2018-03-05 15:29:26 - [MESSAGE][PASSED] - Browser is opened with url: ''

2018-03-05 15:29:29 - [MESSAGE][PASSED] - Delayed 3 second(s)

2018-03-05 15:29:32 - [MESSAGE][PASSED] - Navigate to 'https://d16a4dsnr8a0k1.cloudfront.net/en/2455233.html?price=150.00%20%E2%82%AC&partName=wilsonPartName&vin=wilsonVin&modelCode=XP11&paint=P0A94&modelDescription=wilsonModelDescription&additionalEquipment=wilsonAdditionalEquipment' successfully

2018-03-05 15:29:32 - [MESSAGE][PASSED] - Object 'Object Repository/CuPaDl/Loading_indicator' is visible

2018-03-05 15:29:37 - [MESSAGE][PASSED] - Object 'Object Repository/CuPaDl/Loading_indicator' is NOT visible

2018-03-05 15:29:38 - [MESSAGE][PASSED] - Delayed 1 second(s)

2018-03-05 15:29:38 - [MESSAGE][PASSED] - cupakeysDl.initStart.initialStart is PASSED

2018-03-05 15:29:38 - [TEST_STEP][PASSED] - Statement - (step++): null

2018-03-05 15:29:38 - [TEST_STEP][PASSED] - cupakeysDl.color.changecolor: cupakeysDl.color.changecolor is PASSED

2018-03-05 15:29:38 - [MESSAGE][PASSED] - Object 'Object Repository/CuPaDl/Color/Color' is visible

2018-03-05 15:29:38 - [MESSAGE][PASSED] - Object: 'Object Repository/CuPaDl/Color/Color' is clicked on

2018-03-05 15:29:38 - [MESSAGE][WARNING] - Timeout '0' is invalid. Using default page load timeout: '30'

2018-03-05 15:29:38 - [MESSAGE][PASSED] - Object 'Object Repository/CuPaDl/Color/Color_nightlightblue' is visible

2018-03-05 15:29:39 - [MESSAGE][PASSED] - Delayed 1 second(s)

2018-03-05 15:29:39 - [MESSAGE][PASSED] - Object: 'Object Repository/CuPaDl/Color/Color_nightlightblue' is clicked on

2018-03-05 15:29:42 - [MESSAGE][WARNING] - Object 'Object Repository/CuPaDl/Loading_indicator' is not visible after 3 second(s)

2018-03-05 15:29:43 - [MESSAGE][PASSED] - Delayed 1 second(s)

2018-03-05 15:29:43 - [MESSAGE][PASSED] - cupakeysDl.color.changecolor is PASSED

2018-03-05 15:29:43 - [TEST_STEP][PASSED] - Statement - (step++): null

2018-03-05 15:29:43 - [TEST_STEP][PASSED] - cupakeysDl.chngstruct.changestructure: cupakeysDl.chngstruct.changestructure is PASSED

2018-03-05 15:29:43 - [MESSAGE][PASSED] - Object: 'Object Repository/CuPaDl/Structure/Structure' is clicked on

2018-03-05 15:29:43 - [MESSAGE][WARNING] - Timeout '0' is invalid. Using default page load timeout: '30'

2018-03-05 15:29:43 - [MESSAGE][PASSED] - Object 'Object Repository/CuPaDl/Structure/Structure_Hahnentritt' is visible

2018-03-05 15:29:44 - [MESSAGE][PASSED] - Delayed 1 second(s)

2018-03-05 15:29:45 - [MESSAGE][PASSED] - Object: 'Object Repository/CuPaDl/Structure/Structure_fade' is clicked on

2018-03-05 15:29:46 - [MESSAGE][PASSED] - Object 'Object Repository/CuPaDl/Loading_indicator' is visible

2018-03-05 15:29:53 - [MESSAGE][PASSED] - Object 'Object Repository/CuPaDl/Loading_indicator' is NOT visible

2018-03-05 15:29:54 - [MESSAGE][PASSED] - Delayed 1 second(s)

2018-03-05 15:29:54 - [MESSAGE][PASSED] - cupakeysDl.chngstruct.changestructure is PASSED

2018-03-05 15:29:54 - [TEST_STEP][PASSED] - Statement - (step++): null

2018-03-05 15:29:54 - [TEST_STEP][PASSED] - cupakeysDl.sclstruct.scalestructure: cupakeysDl.sclstruct.scalestructure is PASSED

2018-03-05 15:29:57 - [MESSAGE][WARNING] - Object 'Object Repository/CuPaDl/Structure/Resize_Structure_bottomright' is not visible after 3 second(s)

2018-03-05 15:29:57 - [MESSAGE][PASSED] - Object: 'Object Repository/CuPaDl/Structure/Resize_Structure' is clicked on

2018-03-05 15:29:57 - [MESSAGE][WARNING] - Timeout '0' is invalid. Using default page load timeout: '30'

2018-03-05 15:29:57 - [MESSAGE][PASSED] - Object 'Object Repository/CuPaDl/Structure/Resize_Structure_bottomright' is visible

2018-03-05 15:29:58 - [MESSAGE][PASSED] - Delayed 1 second(s)

2018-03-05 15:29:58 - [MESSAGE][PASSED] - Current viewport's left (x) position is 0

2018-03-05 15:29:58 - [MESSAGE][PASSED] - Current viewport's top (y) position is 54

2018-03-05 15:29:59 - [MESSAGE][PASSED] - Dragged object with id 'Object Repository/CuPaDl/Structure/Resize_Structure_bottomright' by offset distance x = -225 and y = -171 successfully

2018-03-05 15:30:00 - [MESSAGE][PASSED] - Object 'Object Repository/CuPaDl/Loading_indicator' is visible

2018-03-05 15:30:30 - [MESSAGE][WARNING] - Object 'Object Repository/CuPaDl/Loading_indicator' is visible after 30 second(s)

2018-03-05 15:30:31 - [MESSAGE][PASSED] - Delayed 1 second(s)

2018-03-05 15:30:31 - [MESSAGE][PASSED] - cupakeysDl.sclstruct.scalestructure is PASSED

2018-03-05 15:30:31 - [TEST_STEP][PASSED] - Statement - (step++): null

2018-03-05 15:30:31 - [TEST_STEP][PASSED] - Statement - iconmap += CustomKeywords.cupakeysDl.iconad.iconadd("heart", LoadTimeCorrector, step, run, device, timeStamp, iconcount): cupakeysDl.iconad.iconadd is PASSED

2018-03-05 15:30:31 - [MESSAGE][PASSED] - Object: 'Object Repository/CuPaDl/Icons/Icon' is clicked on

2018-03-05 15:30:31 - [MESSAGE][WARNING] - Timeout '0' is invalid. Using default page load timeout: '30'

2018-03-05 15:30:31 - [MESSAGE][PASSED] - Object 'Object Repository/CuPaDl/Icons/Icon_heart' is visible

2018-03-05 15:30:32 - [MESSAGE][PASSED] - Delayed 1 second(s)

2018-03-05 15:30:32 - [MESSAGE][PASSED] - Object: 'Object Repository/CuPaDl/Icons/Icon_heart' is clicked on

2018-03-05 15:30:32 - [MESSAGE][PASSED] - Object 'Object Repository/CuPaDl/Loading_indicator' is visible

2018-03-05 15:30:44 - [MESSAGE][PASSED] - Object 'Object Repository/CuPaDl/Loading_indicator' is NOT visible

2018-03-05 15:30:44 - [MESSAGE][WARNING] - Timeout '0' is invalid. Using default page load timeout: '30'

2018-03-05 15:30:44 - [MESSAGE][PASSED] - Width of element 'Object Repository/CuPaDl/Icons/Reposition_icon' is '40'

2018-03-05 15:30:44 - [MESSAGE][PASSED] - Height of element 'Object Repository/CuPaDl/Icons/Reposition_icon' is '40'.

2018-03-05 15:30:45 - [MESSAGE][PASSED] - Delayed 1 second(s)

2018-03-05 15:30:45 - [MESSAGE][PASSED] - cupakeysDl.iconad.iconadd is PASSED

2018-03-05 15:30:45 - [TEST_STEP][PASSED] - Statement - (step++): null

2018-03-05 15:30:45 - [TEST_STEP][PASSED] - Statement - (iconcount++): null

2018-03-05 15:30:45 - [TEST_STEP][PASSED] - cupakeysDl.iconres.iconresize: cupakeysDl.iconres.iconresize is PASSED

2018-03-05 15:30:45 - [MESSAGE][PASSED] - Object 'Object Repository/CuPaDl/Icons/Reposition_icon' is visible

2018-03-05 15:30:45 - [MESSAGE][PASSED] - Current viewport's left (x) position is 0

2018-03-05 15:30:45 - [MESSAGE][PASSED] - Current viewport's top (y) position is 54

2018-03-05 15:30:45 - [MESSAGE][PASSED] - Dragged object with id 'Object Repository/CuPaDl/Icons/Resize_icon_bottomright' by offset distance x = -125 and y = -71 successfully

2018-03-05 15:30:46 - [MESSAGE][PASSED] - Object 'Object Repository/CuPaDl/Loading_indicator' is visible

2018-03-05 15:31:16 - [MESSAGE][WARNING] - Object 'Object Repository/CuPaDl/Loading_indicator' is visible after 30 second(s)

2018-03-05 15:31:17 - [MESSAGE][PASSED] - Delayed 1 second(s)

2018-03-05 15:31:17 - [MESSAGE][PASSED] - cupakeysDl.iconres.iconresize is PASSED

2018-03-05 15:31:17 - [TEST_STEP][PASSED] - Statement - (step++): null

2018-03-05 15:31:17 - [TEST_STEP][PASSED] - cupakeysDl.slink.svlink: cupakeysDl.slink.svlink is PASSED

2018-03-05 15:31:17 - [MESSAGE][PASSED] - Scroll to object 'Object Repository/CuPaDl/Save/Save' successfully

2018-03-05 15:31:17 - [MESSAGE][PASSED] - Object: 'Object Repository/CuPaDl/Save/Save' is clicked on

2018-03-05 15:31:17 - [MESSAGE][WARNING] - Timeout '0' is invalid. Using default page load timeout: '30'

2018-03-05 15:31:19 - [MESSAGE][PASSED] - Object 'Object Repository/CuPaDl/Save/CopyLink' is visible

2018-03-05 15:31:19 - [MESSAGE][PASSED] - Object: 'Object Repository/CuPaDl/Save/CopyLink' is clicked on

2018-03-05 15:31:20 - [MESSAGE][PASSED] - Delayed 1 second(s)

2018-03-05 15:31:20 - [MESSAGE][PASSED] - Object: 'Object Repository/CuPaDl/Save/Close' is clicked on

2018-03-05 15:31:21 - [MESSAGE][PASSED] - Delayed 1 second(s)

2018-03-05 15:31:21 - [MESSAGE][PASSED] - cupakeysDl.slink.svlink is PASSED

2018-03-05 15:31:21 - [TEST_STEP][PASSED] - cupakeysDl.endsession.finishsession: cupakeysDl.endsession.finishsession is PASSED

2018-03-05 15:31:24 - [MESSAGE][PASSED] - Delayed 3 second(s)

2018-03-05 15:31:24 - [MESSAGE][PASSED] - Browser is closed

2018-03-05 15:31:24 - [MESSAGE][PASSED] - cupakeysDl.endsession.finishsession is PASSED]]></system-out>
         <system-err><![CDATA[]]></system-err>
      </testcase>
      <testcase name="Test Cases/CuPaStefanie/14" classname="Test Cases/CuPaStefanie/14" status="PASSED">
         <system-out><![CDATA[2018-03-05 15:31:24 - [TEST_CASE][PASSED] - Test Cases/CuPaStefanie/14: Test Cases/CuPaStefanie/14

2018-03-05 15:31:25 - [TEST_STEP][PASSED] - Statement - timeStamp = new java.text.SimpleDateFormat(dd.MM.yyyy).format(java.util.Calendar.getInstance().getTime()): null

2018-03-05 15:31:25 - [TEST_STEP][PASSED] - Statement - timeStampScreenshot = new java.text.SimpleDateFormat(dd.MM.yyyy).format(java.util.Calendar.getInstance().getTime()): null

2018-03-05 15:31:25 - [TEST_STEP][PASSED] - Statement - iconmap = [:]: null

2018-03-05 15:31:25 - [TEST_STEP][PASSED] - Statement - txtmap = [:]: null

2018-03-05 15:31:25 - [TEST_STEP][PASSED] - Statement - signmap = [:]: null

2018-03-05 15:31:25 - [TEST_STEP][PASSED] - cupakeysDl.initStart.initialStart: cupakeysDl.initStart.initialStart is PASSED

2018-03-05 15:31:26 - [MESSAGE][PASSED] - Browser is opened with url: ''

2018-03-05 15:31:29 - [MESSAGE][PASSED] - Delayed 3 second(s)

2018-03-05 15:31:32 - [MESSAGE][PASSED] - Navigate to 'https://d16a4dsnr8a0k1.cloudfront.net/en/2455233.html?price=150.00%20%E2%82%AC&partName=wilsonPartName&vin=wilsonVin&modelCode=XP11&paint=P0A94&modelDescription=wilsonModelDescription&additionalEquipment=wilsonAdditionalEquipment' successfully

2018-03-05 15:31:32 - [MESSAGE][PASSED] - Object 'Object Repository/CuPaDl/Loading_indicator' is visible

2018-03-05 15:31:37 - [MESSAGE][PASSED] - Object 'Object Repository/CuPaDl/Loading_indicator' is NOT visible

2018-03-05 15:31:38 - [MESSAGE][PASSED] - Delayed 1 second(s)

2018-03-05 15:31:38 - [MESSAGE][PASSED] - cupakeysDl.initStart.initialStart is PASSED

2018-03-05 15:31:38 - [TEST_STEP][PASSED] - Statement - (step++): null

2018-03-05 15:31:38 - [TEST_STEP][PASSED] - cupakeysDl.color.changecolor: cupakeysDl.color.changecolor is PASSED

2018-03-05 15:31:38 - [MESSAGE][PASSED] - Object 'Object Repository/CuPaDl/Color/Color' is visible

2018-03-05 15:31:38 - [MESSAGE][PASSED] - Object: 'Object Repository/CuPaDl/Color/Color' is clicked on

2018-03-05 15:31:38 - [MESSAGE][WARNING] - Timeout '0' is invalid. Using default page load timeout: '30'

2018-03-05 15:31:38 - [MESSAGE][PASSED] - Object 'Object Repository/CuPaDl/Color/Color_nightlightblue' is visible

2018-03-05 15:31:39 - [MESSAGE][PASSED] - Delayed 1 second(s)

2018-03-05 15:31:39 - [MESSAGE][PASSED] - Object: 'Object Repository/CuPaDl/Color/Color_nightlightblue' is clicked on

2018-03-05 15:31:42 - [MESSAGE][WARNING] - Object 'Object Repository/CuPaDl/Loading_indicator' is not visible after 3 second(s)

2018-03-05 15:31:43 - [MESSAGE][PASSED] - Delayed 1 second(s)

2018-03-05 15:31:43 - [MESSAGE][PASSED] - cupakeysDl.color.changecolor is PASSED

2018-03-05 15:31:43 - [TEST_STEP][PASSED] - Statement - (step++): null

2018-03-05 15:31:43 - [TEST_STEP][PASSED] - cupakeysDl.chngstruct.changestructure: cupakeysDl.chngstruct.changestructure is PASSED

2018-03-05 15:31:43 - [MESSAGE][PASSED] - Object: 'Object Repository/CuPaDl/Structure/Structure' is clicked on

2018-03-05 15:31:43 - [MESSAGE][WARNING] - Timeout '0' is invalid. Using default page load timeout: '30'

2018-03-05 15:31:43 - [MESSAGE][PASSED] - Object 'Object Repository/CuPaDl/Structure/Structure_Hahnentritt' is visible

2018-03-05 15:31:44 - [MESSAGE][PASSED] - Delayed 1 second(s)

2018-03-05 15:31:44 - [MESSAGE][PASSED] - Object: 'Object Repository/CuPaDl/Structure/Structure_fade' is clicked on

2018-03-05 15:31:45 - [MESSAGE][PASSED] - Object 'Object Repository/CuPaDl/Loading_indicator' is visible

2018-03-05 15:31:53 - [MESSAGE][PASSED] - Object 'Object Repository/CuPaDl/Loading_indicator' is NOT visible

2018-03-05 15:31:54 - [MESSAGE][PASSED] - Delayed 1 second(s)

2018-03-05 15:31:54 - [MESSAGE][PASSED] - cupakeysDl.chngstruct.changestructure is PASSED

2018-03-05 15:31:54 - [TEST_STEP][PASSED] - Statement - (step++): null

2018-03-05 15:31:54 - [TEST_STEP][PASSED] - cupakeysDl.sclstruct.scalestructure: cupakeysDl.sclstruct.scalestructure is PASSED

2018-03-05 15:31:57 - [MESSAGE][WARNING] - Object 'Object Repository/CuPaDl/Structure/Resize_Structure_bottomright' is not visible after 3 second(s)

2018-03-05 15:31:57 - [MESSAGE][PASSED] - Object: 'Object Repository/CuPaDl/Structure/Resize_Structure' is clicked on

2018-03-05 15:31:57 - [MESSAGE][WARNING] - Timeout '0' is invalid. Using default page load timeout: '30'

2018-03-05 15:31:57 - [MESSAGE][PASSED] - Object 'Object Repository/CuPaDl/Structure/Resize_Structure_bottomright' is visible

2018-03-05 15:31:58 - [MESSAGE][PASSED] - Delayed 1 second(s)

2018-03-05 15:31:58 - [MESSAGE][PASSED] - Current viewport's left (x) position is 0

2018-03-05 15:31:58 - [MESSAGE][PASSED] - Current viewport's top (y) position is 54

2018-03-05 15:31:58 - [MESSAGE][PASSED] - Dragged object with id 'Object Repository/CuPaDl/Structure/Resize_Structure_bottomright' by offset distance x = 225 and y = 279 successfully

2018-03-05 15:31:59 - [MESSAGE][PASSED] - Object 'Object Repository/CuPaDl/Loading_indicator' is visible

2018-03-05 15:32:06 - [MESSAGE][PASSED] - Object 'Object Repository/CuPaDl/Loading_indicator' is NOT visible

2018-03-05 15:32:07 - [MESSAGE][PASSED] - Delayed 1 second(s)

2018-03-05 15:32:07 - [MESSAGE][PASSED] - cupakeysDl.sclstruct.scalestructure is PASSED

2018-03-05 15:32:07 - [TEST_STEP][PASSED] - Statement - (step++): null

2018-03-05 15:32:07 - [TEST_STEP][PASSED] - Statement - iconmap += CustomKeywords.cupakeysDl.iconad.iconadd("heart", LoadTimeCorrector, step, run, device, timeStamp, iconcount): cupakeysDl.iconad.iconadd is PASSED

2018-03-05 15:32:07 - [MESSAGE][PASSED] - Object: 'Object Repository/CuPaDl/Icons/Icon' is clicked on

2018-03-05 15:32:07 - [MESSAGE][WARNING] - Timeout '0' is invalid. Using default page load timeout: '30'

2018-03-05 15:32:07 - [MESSAGE][PASSED] - Object 'Object Repository/CuPaDl/Icons/Icon_heart' is visible

2018-03-05 15:32:08 - [MESSAGE][PASSED] - Delayed 1 second(s)

2018-03-05 15:32:08 - [MESSAGE][PASSED] - Object: 'Object Repository/CuPaDl/Icons/Icon_heart' is clicked on

2018-03-05 15:32:09 - [MESSAGE][PASSED] - Object 'Object Repository/CuPaDl/Loading_indicator' is visible

2018-03-05 15:32:11 - [MESSAGE][PASSED] - Object 'Object Repository/CuPaDl/Loading_indicator' is NOT visible

2018-03-05 15:32:11 - [MESSAGE][WARNING] - Timeout '0' is invalid. Using default page load timeout: '30'

2018-03-05 15:32:11 - [MESSAGE][PASSED] - Width of element 'Object Repository/CuPaDl/Icons/Reposition_icon' is '40'

2018-03-05 15:32:11 - [MESSAGE][PASSED] - Height of element 'Object Repository/CuPaDl/Icons/Reposition_icon' is '40'.

2018-03-05 15:32:12 - [MESSAGE][PASSED] - Delayed 1 second(s)

2018-03-05 15:32:12 - [MESSAGE][PASSED] - cupakeysDl.iconad.iconadd is PASSED

2018-03-05 15:32:12 - [TEST_STEP][PASSED] - Statement - (step++): null

2018-03-05 15:32:12 - [TEST_STEP][PASSED] - Statement - (iconcount++): null

2018-03-05 15:32:12 - [TEST_STEP][PASSED] - cupakeysDl.iconres.iconresize: cupakeysDl.iconres.iconresize is PASSED

2018-03-05 15:32:12 - [MESSAGE][PASSED] - Object 'Object Repository/CuPaDl/Icons/Reposition_icon' is visible

2018-03-05 15:32:12 - [MESSAGE][PASSED] - Current viewport's left (x) position is 0

2018-03-05 15:32:12 - [MESSAGE][PASSED] - Current viewport's top (y) position is 54

2018-03-05 15:32:13 - [MESSAGE][PASSED] - Dragged object with id 'Object Repository/CuPaDl/Icons/Resize_icon_bottomright' by offset distance x = 125 and y = 179 successfully

2018-03-05 15:32:14 - [MESSAGE][PASSED] - Object 'Object Repository/CuPaDl/Loading_indicator' is visible

2018-03-05 15:32:15 - [MESSAGE][PASSED] - Object 'Object Repository/CuPaDl/Loading_indicator' is NOT visible

2018-03-05 15:32:16 - [MESSAGE][PASSED] - Delayed 1 second(s)

2018-03-05 15:32:16 - [MESSAGE][PASSED] - cupakeysDl.iconres.iconresize is PASSED

2018-03-05 15:32:16 - [TEST_STEP][PASSED] - Statement - (step++): null

2018-03-05 15:32:16 - [TEST_STEP][PASSED] - cupakeysDl.slink.svlink: cupakeysDl.slink.svlink is PASSED

2018-03-05 15:32:16 - [MESSAGE][PASSED] - Scroll to object 'Object Repository/CuPaDl/Save/Save' successfully

2018-03-05 15:32:16 - [MESSAGE][PASSED] - Object: 'Object Repository/CuPaDl/Save/Save' is clicked on

2018-03-05 15:32:16 - [MESSAGE][WARNING] - Timeout '0' is invalid. Using default page load timeout: '30'

2018-03-05 15:32:17 - [MESSAGE][PASSED] - Object 'Object Repository/CuPaDl/Save/CopyLink' is visible

2018-03-05 15:32:17 - [MESSAGE][PASSED] - Object: 'Object Repository/CuPaDl/Save/CopyLink' is clicked on

2018-03-05 15:32:18 - [MESSAGE][PASSED] - Delayed 1 second(s)

2018-03-05 15:32:18 - [MESSAGE][PASSED] - Object: 'Object Repository/CuPaDl/Save/Close' is clicked on

2018-03-05 15:32:19 - [MESSAGE][PASSED] - Delayed 1 second(s)

2018-03-05 15:32:19 - [MESSAGE][PASSED] - cupakeysDl.slink.svlink is PASSED

2018-03-05 15:32:19 - [TEST_STEP][PASSED] - cupakeysDl.endsession.finishsession: cupakeysDl.endsession.finishsession is PASSED

2018-03-05 15:32:23 - [MESSAGE][PASSED] - Delayed 3 second(s)

2018-03-05 15:32:23 - [MESSAGE][PASSED] - Browser is closed

2018-03-05 15:32:23 - [MESSAGE][PASSED] - cupakeysDl.endsession.finishsession is PASSED]]></system-out>
         <system-err><![CDATA[]]></system-err>
      </testcase>
      <testcase name="Test Cases/CuPaStefanie/15" classname="Test Cases/CuPaStefanie/15" status="PASSED">
         <system-out><![CDATA[2018-03-05 15:32:23 - [TEST_CASE][PASSED] - Test Cases/CuPaStefanie/15: Test Cases/CuPaStefanie/15

2018-03-05 15:32:23 - [TEST_STEP][PASSED] - Statement - timeStamp = new java.text.SimpleDateFormat(dd.MM.yyyy).format(java.util.Calendar.getInstance().getTime()): null

2018-03-05 15:32:23 - [TEST_STEP][PASSED] - Statement - timeStampScreenshot = new java.text.SimpleDateFormat(dd.MM.yyyy).format(java.util.Calendar.getInstance().getTime()): null

2018-03-05 15:32:23 - [TEST_STEP][PASSED] - Statement - iconmap = [:]: null

2018-03-05 15:32:23 - [TEST_STEP][PASSED] - Statement - txtmap = [:]: null

2018-03-05 15:32:23 - [TEST_STEP][PASSED] - Statement - signmap = [:]: null

2018-03-05 15:32:23 - [TEST_STEP][PASSED] - cupakeysDl.initStart.initialStart: cupakeysDl.initStart.initialStart is PASSED

2018-03-05 15:32:25 - [MESSAGE][PASSED] - Browser is opened with url: ''

2018-03-05 15:32:28 - [MESSAGE][PASSED] - Delayed 3 second(s)

2018-03-05 15:32:30 - [MESSAGE][PASSED] - Navigate to 'https://d16a4dsnr8a0k1.cloudfront.net/en/2455233.html?price=150.00%20%E2%82%AC&partName=wilsonPartName&vin=wilsonVin&modelCode=XP11&paint=P0A94&modelDescription=wilsonModelDescription&additionalEquipment=wilsonAdditionalEquipment' successfully

2018-03-05 15:32:30 - [MESSAGE][PASSED] - Object 'Object Repository/CuPaDl/Loading_indicator' is visible

2018-03-05 15:32:35 - [MESSAGE][PASSED] - Object 'Object Repository/CuPaDl/Loading_indicator' is NOT visible

2018-03-05 15:32:36 - [MESSAGE][PASSED] - Delayed 1 second(s)

2018-03-05 15:32:36 - [MESSAGE][PASSED] - cupakeysDl.initStart.initialStart is PASSED

2018-03-05 15:32:36 - [TEST_STEP][PASSED] - Statement - (step++): null

2018-03-05 15:32:36 - [TEST_STEP][PASSED] - cupakeysDl.color.changecolor: cupakeysDl.color.changecolor is PASSED

2018-03-05 15:32:36 - [MESSAGE][PASSED] - Object 'Object Repository/CuPaDl/Color/Color' is visible

2018-03-05 15:32:36 - [MESSAGE][PASSED] - Object: 'Object Repository/CuPaDl/Color/Color' is clicked on

2018-03-05 15:32:36 - [MESSAGE][WARNING] - Timeout '0' is invalid. Using default page load timeout: '30'

2018-03-05 15:32:36 - [MESSAGE][PASSED] - Object 'Object Repository/CuPaDl/Color/Color_jetblack' is visible

2018-03-05 15:32:37 - [MESSAGE][PASSED] - Delayed 1 second(s)

2018-03-05 15:32:37 - [MESSAGE][PASSED] - Object: 'Object Repository/CuPaDl/Color/Color_jetblack' is clicked on

2018-03-05 15:32:40 - [MESSAGE][WARNING] - Object 'Object Repository/CuPaDl/Loading_indicator' is not visible after 3 second(s)

2018-03-05 15:32:41 - [MESSAGE][PASSED] - Delayed 1 second(s)

2018-03-05 15:32:41 - [MESSAGE][PASSED] - cupakeysDl.color.changecolor is PASSED

2018-03-05 15:32:41 - [TEST_STEP][PASSED] - Statement - (step++): null

2018-03-05 15:32:41 - [TEST_STEP][PASSED] - cupakeysDl.chngstruct.changestructure: cupakeysDl.chngstruct.changestructure is PASSED

2018-03-05 15:32:41 - [MESSAGE][PASSED] - Object: 'Object Repository/CuPaDl/Structure/Structure' is clicked on

2018-03-05 15:32:41 - [MESSAGE][WARNING] - Timeout '0' is invalid. Using default page load timeout: '30'

2018-03-05 15:32:41 - [MESSAGE][PASSED] - Object 'Object Repository/CuPaDl/Structure/Structure_Hahnentritt' is visible

2018-03-05 15:32:42 - [MESSAGE][PASSED] - Delayed 1 second(s)

2018-03-05 15:32:42 - [MESSAGE][PASSED] - Object: 'Object Repository/CuPaDl/Structure/Structure_ring' is clicked on

2018-03-05 15:32:43 - [MESSAGE][PASSED] - Object 'Object Repository/CuPaDl/Loading_indicator' is visible

2018-03-05 15:32:44 - [MESSAGE][PASSED] - Object 'Object Repository/CuPaDl/Loading_indicator' is NOT visible

2018-03-05 15:32:45 - [MESSAGE][PASSED] - Delayed 1 second(s)

2018-03-05 15:32:45 - [MESSAGE][PASSED] - cupakeysDl.chngstruct.changestructure is PASSED

2018-03-05 15:32:45 - [TEST_STEP][PASSED] - Statement - (step++): null

2018-03-05 15:32:45 - [TEST_STEP][PASSED] - cupakeysDl.sclstruct.scalestructure: cupakeysDl.sclstruct.scalestructure is PASSED

2018-03-05 15:32:49 - [MESSAGE][WARNING] - Object 'Object Repository/CuPaDl/Structure/Resize_Structure_bottomright' is not visible after 3 second(s)

2018-03-05 15:32:49 - [MESSAGE][PASSED] - Object: 'Object Repository/CuPaDl/Structure/Resize_Structure' is clicked on

2018-03-05 15:32:49 - [MESSAGE][WARNING] - Timeout '0' is invalid. Using default page load timeout: '30'

2018-03-05 15:32:49 - [MESSAGE][PASSED] - Object 'Object Repository/CuPaDl/Structure/Resize_Structure_bottomright' is visible

2018-03-05 15:32:50 - [MESSAGE][PASSED] - Delayed 1 second(s)

2018-03-05 15:32:50 - [MESSAGE][PASSED] - Current viewport's left (x) position is 0

2018-03-05 15:32:50 - [MESSAGE][PASSED] - Current viewport's top (y) position is 54

2018-03-05 15:32:50 - [MESSAGE][PASSED] - Dragged object with id 'Object Repository/CuPaDl/Structure/Resize_Structure_bottomright' by offset distance x = -225 and y = -171 successfully

2018-03-05 15:32:51 - [MESSAGE][PASSED] - Object 'Object Repository/CuPaDl/Loading_indicator' is visible

2018-03-05 15:32:51 - [MESSAGE][PASSED] - Object 'Object Repository/CuPaDl/Loading_indicator' is NOT visible

2018-03-05 15:32:52 - [MESSAGE][PASSED] - Delayed 1 second(s)

2018-03-05 15:32:52 - [MESSAGE][PASSED] - cupakeysDl.sclstruct.scalestructure is PASSED

2018-03-05 15:32:52 - [TEST_STEP][PASSED] - Statement - (step++): null

2018-03-05 15:32:52 - [TEST_STEP][PASSED] - Statement - iconmap += CustomKeywords.cupakeysDl.iconad.iconadd("minicooper", LoadTimeCorrector, step, run, device, timeStamp, iconcount): cupakeysDl.iconad.iconadd is PASSED

2018-03-05 15:32:52 - [MESSAGE][PASSED] - Object: 'Object Repository/CuPaDl/Icons/Icon' is clicked on

2018-03-05 15:32:52 - [MESSAGE][WARNING] - Timeout '0' is invalid. Using default page load timeout: '30'

2018-03-05 15:32:52 - [MESSAGE][PASSED] - Object 'Object Repository/CuPaDl/Icons/Icon_minicooper' is visible

2018-03-05 15:32:53 - [MESSAGE][PASSED] - Delayed 1 second(s)

2018-03-05 15:32:53 - [MESSAGE][PASSED] - Object: 'Object Repository/CuPaDl/Icons/Icon_minicooper' is clicked on

2018-03-05 15:32:54 - [MESSAGE][PASSED] - Object 'Object Repository/CuPaDl/Loading_indicator' is visible

2018-03-05 15:32:56 - [MESSAGE][PASSED] - Object 'Object Repository/CuPaDl/Loading_indicator' is NOT visible

2018-03-05 15:32:56 - [MESSAGE][WARNING] - Timeout '0' is invalid. Using default page load timeout: '30'

2018-03-05 15:32:56 - [MESSAGE][PASSED] - Width of element 'Object Repository/CuPaDl/Icons/Reposition_icon' is '40'

2018-03-05 15:32:56 - [MESSAGE][PASSED] - Height of element 'Object Repository/CuPaDl/Icons/Reposition_icon' is '40'.

2018-03-05 15:32:57 - [MESSAGE][PASSED] - Delayed 1 second(s)

2018-03-05 15:32:57 - [MESSAGE][PASSED] - cupakeysDl.iconad.iconadd is PASSED

2018-03-05 15:32:57 - [TEST_STEP][PASSED] - Statement - (step++): null

2018-03-05 15:32:57 - [TEST_STEP][PASSED] - Statement - (iconcount++): null

2018-03-05 15:32:57 - [TEST_STEP][PASSED] - cupakeysDl.iconres.iconresize: cupakeysDl.iconres.iconresize is PASSED

2018-03-05 15:32:57 - [MESSAGE][PASSED] - Object 'Object Repository/CuPaDl/Icons/Reposition_icon' is visible

2018-03-05 15:32:57 - [MESSAGE][PASSED] - Current viewport's left (x) position is 0

2018-03-05 15:32:57 - [MESSAGE][PASSED] - Current viewport's top (y) position is 54

2018-03-05 15:32:57 - [MESSAGE][PASSED] - Dragged object with id 'Object Repository/CuPaDl/Icons/Resize_icon_bottomright' by offset distance x = -125 and y = -71 successfully

2018-03-05 15:32:58 - [MESSAGE][PASSED] - Object 'Object Repository/CuPaDl/Loading_indicator' is visible

2018-03-05 15:32:59 - [MESSAGE][PASSED] - Object 'Object Repository/CuPaDl/Loading_indicator' is NOT visible

2018-03-05 15:33:00 - [MESSAGE][PASSED] - Delayed 1 second(s)

2018-03-05 15:33:00 - [MESSAGE][PASSED] - cupakeysDl.iconres.iconresize is PASSED

2018-03-05 15:33:00 - [TEST_STEP][PASSED] - Statement - (step++): null

2018-03-05 15:33:00 - [TEST_STEP][PASSED] - cupakeysDl.slink.svlink: cupakeysDl.slink.svlink is PASSED

2018-03-05 15:33:00 - [MESSAGE][PASSED] - Scroll to object 'Object Repository/CuPaDl/Save/Save' successfully

2018-03-05 15:33:00 - [MESSAGE][PASSED] - Object: 'Object Repository/CuPaDl/Save/Save' is clicked on

2018-03-05 15:33:00 - [MESSAGE][WARNING] - Timeout '0' is invalid. Using default page load timeout: '30'

2018-03-05 15:33:01 - [MESSAGE][PASSED] - Object 'Object Repository/CuPaDl/Save/CopyLink' is visible

2018-03-05 15:33:01 - [MESSAGE][PASSED] - Object: 'Object Repository/CuPaDl/Save/CopyLink' is clicked on

2018-03-05 15:33:02 - [MESSAGE][PASSED] - Delayed 1 second(s)

2018-03-05 15:33:02 - [MESSAGE][PASSED] - Object: 'Object Repository/CuPaDl/Save/Close' is clicked on

2018-03-05 15:33:03 - [MESSAGE][PASSED] - Delayed 1 second(s)

2018-03-05 15:33:03 - [MESSAGE][PASSED] - cupakeysDl.slink.svlink is PASSED

2018-03-05 15:33:03 - [TEST_STEP][PASSED] - cupakeysDl.endsession.finishsession: cupakeysDl.endsession.finishsession is PASSED

2018-03-05 15:33:06 - [MESSAGE][PASSED] - Delayed 3 second(s)

2018-03-05 15:33:07 - [MESSAGE][PASSED] - Browser is closed

2018-03-05 15:33:07 - [MESSAGE][PASSED] - cupakeysDl.endsession.finishsession is PASSED]]></system-out>
         <system-err><![CDATA[]]></system-err>
      </testcase>
      <testcase name="Test Cases/CuPaStefanie/16" classname="Test Cases/CuPaStefanie/16" status="PASSED">
         <system-out><![CDATA[2018-03-05 15:33:07 - [TEST_CASE][PASSED] - Test Cases/CuPaStefanie/16: Test Cases/CuPaStefanie/16

2018-03-05 15:33:07 - [TEST_STEP][PASSED] - Statement - timeStamp = new java.text.SimpleDateFormat(dd.MM.yyyy).format(java.util.Calendar.getInstance().getTime()): null

2018-03-05 15:33:07 - [TEST_STEP][PASSED] - Statement - timeStampScreenshot = new java.text.SimpleDateFormat(dd.MM.yyyy).format(java.util.Calendar.getInstance().getTime()): null

2018-03-05 15:33:07 - [TEST_STEP][PASSED] - Statement - iconmap = [:]: null

2018-03-05 15:33:07 - [TEST_STEP][PASSED] - Statement - txtmap = [:]: null

2018-03-05 15:33:07 - [TEST_STEP][PASSED] - Statement - signmap = [:]: null

2018-03-05 15:33:07 - [TEST_STEP][PASSED] - cupakeysDl.initStart.initialStart: cupakeysDl.initStart.initialStart is PASSED

2018-03-05 15:33:09 - [MESSAGE][PASSED] - Browser is opened with url: ''

2018-03-05 15:33:12 - [MESSAGE][PASSED] - Delayed 3 second(s)

2018-03-05 15:33:14 - [MESSAGE][PASSED] - Navigate to 'https://d16a4dsnr8a0k1.cloudfront.net/en/2455233.html?price=150.00%20%E2%82%AC&partName=wilsonPartName&vin=wilsonVin&modelCode=XP11&paint=P0A94&modelDescription=wilsonModelDescription&additionalEquipment=wilsonAdditionalEquipment' successfully

2018-03-05 15:33:14 - [MESSAGE][PASSED] - Object 'Object Repository/CuPaDl/Loading_indicator' is visible

2018-03-05 15:33:18 - [MESSAGE][PASSED] - Object 'Object Repository/CuPaDl/Loading_indicator' is NOT visible

2018-03-05 15:33:19 - [MESSAGE][PASSED] - Delayed 1 second(s)

2018-03-05 15:33:19 - [MESSAGE][PASSED] - cupakeysDl.initStart.initialStart is PASSED

2018-03-05 15:33:19 - [TEST_STEP][PASSED] - Statement - (step++): null

2018-03-05 15:33:19 - [TEST_STEP][PASSED] - cupakeysDl.color.changecolor: cupakeysDl.color.changecolor is PASSED

2018-03-05 15:33:19 - [MESSAGE][PASSED] - Object 'Object Repository/CuPaDl/Color/Color' is visible

2018-03-05 15:33:19 - [MESSAGE][PASSED] - Object: 'Object Repository/CuPaDl/Color/Color' is clicked on

2018-03-05 15:33:19 - [MESSAGE][WARNING] - Timeout '0' is invalid. Using default page load timeout: '30'

2018-03-05 15:33:19 - [MESSAGE][PASSED] - Object 'Object Repository/CuPaDl/Color/Color_jetblack' is visible

2018-03-05 15:33:20 - [MESSAGE][PASSED] - Delayed 1 second(s)

2018-03-05 15:33:20 - [MESSAGE][PASSED] - Object: 'Object Repository/CuPaDl/Color/Color_jetblack' is clicked on

2018-03-05 15:33:24 - [MESSAGE][WARNING] - Object 'Object Repository/CuPaDl/Loading_indicator' is not visible after 3 second(s)

2018-03-05 15:33:25 - [MESSAGE][PASSED] - Delayed 1 second(s)

2018-03-05 15:33:25 - [MESSAGE][PASSED] - cupakeysDl.color.changecolor is PASSED

2018-03-05 15:33:25 - [TEST_STEP][PASSED] - Statement - (step++): null

2018-03-05 15:33:25 - [TEST_STEP][PASSED] - cupakeysDl.chngstruct.changestructure: cupakeysDl.chngstruct.changestructure is PASSED

2018-03-05 15:33:25 - [MESSAGE][PASSED] - Object: 'Object Repository/CuPaDl/Structure/Structure' is clicked on

2018-03-05 15:33:25 - [MESSAGE][WARNING] - Timeout '0' is invalid. Using default page load timeout: '30'

2018-03-05 15:33:25 - [MESSAGE][PASSED] - Object 'Object Repository/CuPaDl/Structure/Structure_Hahnentritt' is visible

2018-03-05 15:33:26 - [MESSAGE][PASSED] - Delayed 1 second(s)

2018-03-05 15:33:26 - [MESSAGE][PASSED] - Object: 'Object Repository/CuPaDl/Structure/Structure_ring' is clicked on

2018-03-05 15:33:27 - [MESSAGE][PASSED] - Object 'Object Repository/CuPaDl/Loading_indicator' is visible

2018-03-05 15:33:28 - [MESSAGE][PASSED] - Object 'Object Repository/CuPaDl/Loading_indicator' is NOT visible

2018-03-05 15:33:29 - [MESSAGE][PASSED] - Delayed 1 second(s)

2018-03-05 15:33:29 - [MESSAGE][PASSED] - cupakeysDl.chngstruct.changestructure is PASSED

2018-03-05 15:33:29 - [TEST_STEP][PASSED] - Statement - (step++): null

2018-03-05 15:33:29 - [TEST_STEP][PASSED] - cupakeysDl.sclstruct.scalestructure: cupakeysDl.sclstruct.scalestructure is PASSED

2018-03-05 15:33:32 - [MESSAGE][WARNING] - Object 'Object Repository/CuPaDl/Structure/Resize_Structure_bottomright' is not visible after 3 second(s)

2018-03-05 15:33:32 - [MESSAGE][PASSED] - Object: 'Object Repository/CuPaDl/Structure/Resize_Structure' is clicked on

2018-03-05 15:33:32 - [MESSAGE][WARNING] - Timeout '0' is invalid. Using default page load timeout: '30'

2018-03-05 15:33:32 - [MESSAGE][PASSED] - Object 'Object Repository/CuPaDl/Structure/Resize_Structure_bottomright' is visible

2018-03-05 15:33:33 - [MESSAGE][PASSED] - Delayed 1 second(s)

2018-03-05 15:33:33 - [MESSAGE][PASSED] - Current viewport's left (x) position is 0

2018-03-05 15:33:33 - [MESSAGE][PASSED] - Current viewport's top (y) position is 54

2018-03-05 15:33:33 - [MESSAGE][PASSED] - Dragged object with id 'Object Repository/CuPaDl/Structure/Resize_Structure_bottomright' by offset distance x = 225 and y = 279 successfully

2018-03-05 15:33:36 - [MESSAGE][WARNING] - Object 'Object Repository/CuPaDl/Loading_indicator' is not visible after 3 second(s)

2018-03-05 15:33:37 - [MESSAGE][PASSED] - Delayed 1 second(s)

2018-03-05 15:33:37 - [MESSAGE][PASSED] - cupakeysDl.sclstruct.scalestructure is PASSED

2018-03-05 15:33:37 - [TEST_STEP][PASSED] - Statement - (step++): null

2018-03-05 15:33:37 - [TEST_STEP][PASSED] - Statement - iconmap += CustomKeywords.cupakeysDl.iconad.iconadd("minicooper", LoadTimeCorrector, step, run, device, timeStamp, iconcount): cupakeysDl.iconad.iconadd is PASSED

2018-03-05 15:33:37 - [MESSAGE][PASSED] - Object: 'Object Repository/CuPaDl/Icons/Icon' is clicked on

2018-03-05 15:33:37 - [MESSAGE][WARNING] - Timeout '0' is invalid. Using default page load timeout: '30'

2018-03-05 15:33:37 - [MESSAGE][PASSED] - Object 'Object Repository/CuPaDl/Icons/Icon_minicooper' is visible

2018-03-05 15:33:38 - [MESSAGE][PASSED] - Delayed 1 second(s)

2018-03-05 15:33:39 - [MESSAGE][PASSED] - Object: 'Object Repository/CuPaDl/Icons/Icon_minicooper' is clicked on

2018-03-05 15:33:40 - [MESSAGE][PASSED] - Object 'Object Repository/CuPaDl/Loading_indicator' is visible

2018-03-05 15:33:41 - [MESSAGE][PASSED] - Object 'Object Repository/CuPaDl/Loading_indicator' is NOT visible

2018-03-05 15:33:41 - [MESSAGE][WARNING] - Timeout '0' is invalid. Using default page load timeout: '30'

2018-03-05 15:33:41 - [MESSAGE][PASSED] - Width of element 'Object Repository/CuPaDl/Icons/Reposition_icon' is '40'

2018-03-05 15:33:41 - [MESSAGE][PASSED] - Height of element 'Object Repository/CuPaDl/Icons/Reposition_icon' is '40'.

2018-03-05 15:33:42 - [MESSAGE][PASSED] - Delayed 1 second(s)

2018-03-05 15:33:42 - [MESSAGE][PASSED] - cupakeysDl.iconad.iconadd is PASSED

2018-03-05 15:33:42 - [TEST_STEP][PASSED] - Statement - (step++): null

2018-03-05 15:33:42 - [TEST_STEP][PASSED] - Statement - (iconcount++): null

2018-03-05 15:33:42 - [TEST_STEP][PASSED] - cupakeysDl.iconres.iconresize: cupakeysDl.iconres.iconresize is PASSED

2018-03-05 15:33:42 - [MESSAGE][PASSED] - Object 'Object Repository/CuPaDl/Icons/Reposition_icon' is visible

2018-03-05 15:33:42 - [MESSAGE][PASSED] - Current viewport's left (x) position is 0

2018-03-05 15:33:42 - [MESSAGE][PASSED] - Current viewport's top (y) position is 54

2018-03-05 15:33:42 - [MESSAGE][PASSED] - Dragged object with id 'Object Repository/CuPaDl/Icons/Resize_icon_bottomright' by offset distance x = 125 and y = 179 successfully

2018-03-05 15:33:43 - [MESSAGE][PASSED] - Object 'Object Repository/CuPaDl/Loading_indicator' is visible

2018-03-05 15:33:44 - [MESSAGE][PASSED] - Object 'Object Repository/CuPaDl/Loading_indicator' is NOT visible

2018-03-05 15:33:45 - [MESSAGE][PASSED] - Delayed 1 second(s)

2018-03-05 15:33:45 - [MESSAGE][PASSED] - cupakeysDl.iconres.iconresize is PASSED

2018-03-05 15:33:45 - [TEST_STEP][PASSED] - Statement - (step++): null

2018-03-05 15:33:45 - [TEST_STEP][PASSED] - cupakeysDl.slink.svlink: cupakeysDl.slink.svlink is PASSED

2018-03-05 15:33:45 - [MESSAGE][PASSED] - Scroll to object 'Object Repository/CuPaDl/Save/Save' successfully

2018-03-05 15:33:45 - [MESSAGE][PASSED] - Object: 'Object Repository/CuPaDl/Save/Save' is clicked on

2018-03-05 15:33:45 - [MESSAGE][WARNING] - Timeout '0' is invalid. Using default page load timeout: '30'

2018-03-05 15:33:46 - [MESSAGE][PASSED] - Object 'Object Repository/CuPaDl/Save/CopyLink' is visible

2018-03-05 15:33:46 - [MESSAGE][PASSED] - Object: 'Object Repository/CuPaDl/Save/CopyLink' is clicked on

2018-03-05 15:33:47 - [MESSAGE][PASSED] - Delayed 1 second(s)

2018-03-05 15:33:47 - [MESSAGE][PASSED] - Object: 'Object Repository/CuPaDl/Save/Close' is clicked on

2018-03-05 15:33:48 - [MESSAGE][PASSED] - Delayed 1 second(s)

2018-03-05 15:33:48 - [MESSAGE][PASSED] - cupakeysDl.slink.svlink is PASSED

2018-03-05 15:33:48 - [TEST_STEP][PASSED] - cupakeysDl.endsession.finishsession: cupakeysDl.endsession.finishsession is PASSED

2018-03-05 15:33:51 - [MESSAGE][PASSED] - Delayed 3 second(s)

2018-03-05 15:33:52 - [MESSAGE][PASSED] - Browser is closed

2018-03-05 15:33:52 - [MESSAGE][PASSED] - cupakeysDl.endsession.finishsession is PASSED]]></system-out>
         <system-err><![CDATA[]]></system-err>
      </testcase>
      <testcase name="Test Cases/CuPaStefanie/17" classname="Test Cases/CuPaStefanie/17" status="PASSED">
         <system-out><![CDATA[2018-03-05 15:33:52 - [TEST_CASE][PASSED] - Test Cases/CuPaStefanie/17: Test Cases/CuPaStefanie/17

2018-03-05 15:33:52 - [TEST_STEP][PASSED] - Statement - timeStamp = new java.text.SimpleDateFormat(dd.MM.yyyy).format(java.util.Calendar.getInstance().getTime()): null

2018-03-05 15:33:52 - [TEST_STEP][PASSED] - Statement - timeStampScreenshot = new java.text.SimpleDateFormat(dd.MM.yyyy).format(java.util.Calendar.getInstance().getTime()): null

2018-03-05 15:33:52 - [TEST_STEP][PASSED] - Statement - iconmap = [:]: null

2018-03-05 15:33:52 - [TEST_STEP][PASSED] - Statement - txtmap = [:]: null

2018-03-05 15:33:52 - [TEST_STEP][PASSED] - Statement - signmap = [:]: null

2018-03-05 15:33:52 - [TEST_STEP][PASSED] - cupakeysDl.initStart.initialStart: cupakeysDl.initStart.initialStart is PASSED

2018-03-05 15:33:54 - [MESSAGE][PASSED] - Browser is opened with url: ''

2018-03-05 15:33:57 - [MESSAGE][PASSED] - Delayed 3 second(s)

2018-03-05 15:33:58 - [MESSAGE][PASSED] - Navigate to 'https://d16a4dsnr8a0k1.cloudfront.net/en/2455233.html?price=150.00%20%E2%82%AC&partName=wilsonPartName&vin=wilsonVin&modelCode=XP11&paint=P0A94&modelDescription=wilsonModelDescription&additionalEquipment=wilsonAdditionalEquipment' successfully

2018-03-05 15:33:58 - [MESSAGE][PASSED] - Object 'Object Repository/CuPaDl/Loading_indicator' is visible

2018-03-05 15:34:03 - [MESSAGE][PASSED] - Object 'Object Repository/CuPaDl/Loading_indicator' is NOT visible

2018-03-05 15:34:04 - [MESSAGE][PASSED] - Delayed 1 second(s)

2018-03-05 15:34:04 - [MESSAGE][PASSED] - cupakeysDl.initStart.initialStart is PASSED

2018-03-05 15:34:04 - [TEST_STEP][PASSED] - Statement - (step++): null

2018-03-05 15:34:04 - [TEST_STEP][PASSED] - cupakeysDl.color.changecolor: cupakeysDl.color.changecolor is PASSED

2018-03-05 15:34:04 - [MESSAGE][PASSED] - Object 'Object Repository/CuPaDl/Color/Color' is visible

2018-03-05 15:34:04 - [MESSAGE][PASSED] - Object: 'Object Repository/CuPaDl/Color/Color' is clicked on

2018-03-05 15:34:04 - [MESSAGE][WARNING] - Timeout '0' is invalid. Using default page load timeout: '30'

2018-03-05 15:34:04 - [MESSAGE][PASSED] - Object 'Object Repository/CuPaDl/Color/Color_moonwalkgrey' is visible

2018-03-05 15:34:05 - [MESSAGE][PASSED] - Delayed 1 second(s)

2018-03-05 15:34:05 - [MESSAGE][PASSED] - Object: 'Object Repository/CuPaDl/Color/Color_moonwalkgrey' is clicked on

2018-03-05 15:34:08 - [MESSAGE][WARNING] - Object 'Object Repository/CuPaDl/Loading_indicator' is not visible after 3 second(s)

2018-03-05 15:34:09 - [MESSAGE][PASSED] - Delayed 1 second(s)

2018-03-05 15:34:09 - [MESSAGE][PASSED] - cupakeysDl.color.changecolor is PASSED

2018-03-05 15:34:09 - [TEST_STEP][PASSED] - Statement - (step++): null

2018-03-05 15:34:09 - [TEST_STEP][PASSED] - cupakeysDl.chngstruct.changestructure: cupakeysDl.chngstruct.changestructure is PASSED

2018-03-05 15:34:10 - [MESSAGE][PASSED] - Object: 'Object Repository/CuPaDl/Structure/Structure' is clicked on

2018-03-05 15:34:10 - [MESSAGE][WARNING] - Timeout '0' is invalid. Using default page load timeout: '30'

2018-03-05 15:34:10 - [MESSAGE][PASSED] - Object 'Object Repository/CuPaDl/Structure/Structure_Hahnentritt' is visible

2018-03-05 15:34:11 - [MESSAGE][PASSED] - Delayed 1 second(s)

2018-03-05 15:34:11 - [MESSAGE][PASSED] - Object: 'Object Repository/CuPaDl/Structure/Structure_fadedots' is clicked on

2018-03-05 15:34:12 - [MESSAGE][PASSED] - Object 'Object Repository/CuPaDl/Loading_indicator' is visible

2018-03-05 15:34:16 - [MESSAGE][PASSED] - Object 'Object Repository/CuPaDl/Loading_indicator' is NOT visible

2018-03-05 15:34:17 - [MESSAGE][PASSED] - Delayed 1 second(s)

2018-03-05 15:34:17 - [MESSAGE][PASSED] - cupakeysDl.chngstruct.changestructure is PASSED

2018-03-05 15:34:17 - [TEST_STEP][PASSED] - Statement - (step++): null

2018-03-05 15:34:17 - [TEST_STEP][PASSED] - cupakeysDl.sclstruct.scalestructure: cupakeysDl.sclstruct.scalestructure is PASSED

2018-03-05 15:34:20 - [MESSAGE][WARNING] - Object 'Object Repository/CuPaDl/Structure/Resize_Structure_bottomright' is not visible after 3 second(s)

2018-03-05 15:34:20 - [MESSAGE][PASSED] - Object: 'Object Repository/CuPaDl/Structure/Resize_Structure' is clicked on

2018-03-05 15:34:20 - [MESSAGE][WARNING] - Timeout '0' is invalid. Using default page load timeout: '30'

2018-03-05 15:34:20 - [MESSAGE][PASSED] - Object 'Object Repository/CuPaDl/Structure/Resize_Structure_bottomright' is visible

2018-03-05 15:34:21 - [MESSAGE][PASSED] - Delayed 1 second(s)

2018-03-05 15:34:21 - [MESSAGE][PASSED] - Current viewport's left (x) position is 0

2018-03-05 15:34:21 - [MESSAGE][PASSED] - Current viewport's top (y) position is 54

2018-03-05 15:34:21 - [MESSAGE][PASSED] - Dragged object with id 'Object Repository/CuPaDl/Structure/Resize_Structure_bottomright' by offset distance x = -225 and y = -171 successfully

2018-03-05 15:34:22 - [MESSAGE][PASSED] - Object 'Object Repository/CuPaDl/Loading_indicator' is visible

2018-03-05 15:34:25 - [MESSAGE][PASSED] - Object 'Object Repository/CuPaDl/Loading_indicator' is NOT visible

2018-03-05 15:34:26 - [MESSAGE][PASSED] - Delayed 1 second(s)

2018-03-05 15:34:26 - [MESSAGE][PASSED] - cupakeysDl.sclstruct.scalestructure is PASSED

2018-03-05 15:34:26 - [TEST_STEP][PASSED] - Statement - (step++): null

2018-03-05 15:34:26 - [TEST_STEP][PASSED] - Statement - iconmap += CustomKeywords.cupakeysDl.iconad.iconadd("laurelwreath", LoadTimeCorrector, step, run, device, timeStamp, iconcount): cupakeysDl.iconad.iconadd is PASSED

2018-03-05 15:34:26 - [MESSAGE][PASSED] - Object: 'Object Repository/CuPaDl/Icons/Icon' is clicked on

2018-03-05 15:34:26 - [MESSAGE][WARNING] - Timeout '0' is invalid. Using default page load timeout: '30'

2018-03-05 15:34:26 - [MESSAGE][PASSED] - Object 'Object Repository/CuPaDl/Icons/Icon_laurelwreath' is visible

2018-03-05 15:34:27 - [MESSAGE][PASSED] - Delayed 1 second(s)

2018-03-05 15:34:27 - [MESSAGE][PASSED] - Object: 'Object Repository/CuPaDl/Icons/Icon_laurelwreath' is clicked on

2018-03-05 15:34:28 - [MESSAGE][PASSED] - Object 'Object Repository/CuPaDl/Loading_indicator' is visible

2018-03-05 15:34:32 - [MESSAGE][PASSED] - Object 'Object Repository/CuPaDl/Loading_indicator' is NOT visible

2018-03-05 15:34:32 - [MESSAGE][WARNING] - Timeout '0' is invalid. Using default page load timeout: '30'

2018-03-05 15:34:32 - [MESSAGE][PASSED] - Width of element 'Object Repository/CuPaDl/Icons/Reposition_icon' is '40'

2018-03-05 15:34:32 - [MESSAGE][PASSED] - Height of element 'Object Repository/CuPaDl/Icons/Reposition_icon' is '40'.

2018-03-05 15:34:33 - [MESSAGE][PASSED] - Delayed 1 second(s)

2018-03-05 15:34:33 - [MESSAGE][PASSED] - cupakeysDl.iconad.iconadd is PASSED

2018-03-05 15:34:33 - [TEST_STEP][PASSED] - Statement - (step++): null

2018-03-05 15:34:33 - [TEST_STEP][PASSED] - Statement - (iconcount++): null

2018-03-05 15:34:33 - [TEST_STEP][PASSED] - cupakeysDl.iconres.iconresize: cupakeysDl.iconres.iconresize is PASSED

2018-03-05 15:34:33 - [MESSAGE][PASSED] - Object 'Object Repository/CuPaDl/Icons/Reposition_icon' is visible

2018-03-05 15:34:33 - [MESSAGE][PASSED] - Current viewport's left (x) position is 0

2018-03-05 15:34:33 - [MESSAGE][PASSED] - Current viewport's top (y) position is 54

2018-03-05 15:34:33 - [MESSAGE][PASSED] - Dragged object with id 'Object Repository/CuPaDl/Icons/Resize_icon_bottomright' by offset distance x = -125 and y = -71 successfully

2018-03-05 15:34:34 - [MESSAGE][PASSED] - Object 'Object Repository/CuPaDl/Loading_indicator' is visible

2018-03-05 15:34:38 - [MESSAGE][PASSED] - Object 'Object Repository/CuPaDl/Loading_indicator' is NOT visible

2018-03-05 15:34:39 - [MESSAGE][PASSED] - Delayed 1 second(s)

2018-03-05 15:34:39 - [MESSAGE][PASSED] - cupakeysDl.iconres.iconresize is PASSED

2018-03-05 15:34:39 - [TEST_STEP][PASSED] - Statement - (step++): null

2018-03-05 15:34:39 - [TEST_STEP][PASSED] - cupakeysDl.slink.svlink: cupakeysDl.slink.svlink is PASSED

2018-03-05 15:34:39 - [MESSAGE][PASSED] - Scroll to object 'Object Repository/CuPaDl/Save/Save' successfully

2018-03-05 15:34:39 - [MESSAGE][PASSED] - Object: 'Object Repository/CuPaDl/Save/Save' is clicked on

2018-03-05 15:34:39 - [MESSAGE][WARNING] - Timeout '0' is invalid. Using default page load timeout: '30'

2018-03-05 15:34:40 - [MESSAGE][PASSED] - Object 'Object Repository/CuPaDl/Save/CopyLink' is visible

2018-03-05 15:34:40 - [MESSAGE][PASSED] - Object: 'Object Repository/CuPaDl/Save/CopyLink' is clicked on

2018-03-05 15:34:41 - [MESSAGE][PASSED] - Delayed 1 second(s)

2018-03-05 15:34:41 - [MESSAGE][PASSED] - Object: 'Object Repository/CuPaDl/Save/Close' is clicked on

2018-03-05 15:34:42 - [MESSAGE][PASSED] - Delayed 1 second(s)

2018-03-05 15:34:42 - [MESSAGE][PASSED] - cupakeysDl.slink.svlink is PASSED

2018-03-05 15:34:42 - [TEST_STEP][PASSED] - cupakeysDl.endsession.finishsession: cupakeysDl.endsession.finishsession is PASSED

2018-03-05 15:34:45 - [MESSAGE][PASSED] - Delayed 3 second(s)

2018-03-05 15:34:45 - [MESSAGE][PASSED] - Browser is closed

2018-03-05 15:34:45 - [MESSAGE][PASSED] - cupakeysDl.endsession.finishsession is PASSED]]></system-out>
         <system-err><![CDATA[]]></system-err>
      </testcase>
      <testcase name="Test Cases/CuPaStefanie/18" classname="Test Cases/CuPaStefanie/18" status="PASSED">
         <system-out><![CDATA[2018-03-05 15:34:45 - [TEST_CASE][PASSED] - Test Cases/CuPaStefanie/18: Test Cases/CuPaStefanie/18

2018-03-05 15:34:46 - [TEST_STEP][PASSED] - Statement - timeStamp = new java.text.SimpleDateFormat(dd.MM.yyyy).format(java.util.Calendar.getInstance().getTime()): null

2018-03-05 15:34:46 - [TEST_STEP][PASSED] - Statement - timeStampScreenshot = new java.text.SimpleDateFormat(dd.MM.yyyy).format(java.util.Calendar.getInstance().getTime()): null

2018-03-05 15:34:46 - [TEST_STEP][PASSED] - Statement - iconmap = [:]: null

2018-03-05 15:34:46 - [TEST_STEP][PASSED] - Statement - txtmap = [:]: null

2018-03-05 15:34:46 - [TEST_STEP][PASSED] - Statement - signmap = [:]: null

2018-03-05 15:34:46 - [TEST_STEP][PASSED] - cupakeysDl.initStart.initialStart: cupakeysDl.initStart.initialStart is PASSED

2018-03-05 15:34:48 - [MESSAGE][PASSED] - Browser is opened with url: ''

2018-03-05 15:34:51 - [MESSAGE][PASSED] - Delayed 3 second(s)

2018-03-05 15:34:52 - [MESSAGE][PASSED] - Navigate to 'https://d16a4dsnr8a0k1.cloudfront.net/en/2455233.html?price=150.00%20%E2%82%AC&partName=wilsonPartName&vin=wilsonVin&modelCode=XP11&paint=P0A94&modelDescription=wilsonModelDescription&additionalEquipment=wilsonAdditionalEquipment' successfully

2018-03-05 15:34:52 - [MESSAGE][PASSED] - Object 'Object Repository/CuPaDl/Loading_indicator' is visible

2018-03-05 15:34:57 - [MESSAGE][PASSED] - Object 'Object Repository/CuPaDl/Loading_indicator' is NOT visible

2018-03-05 15:34:58 - [MESSAGE][PASSED] - Delayed 1 second(s)

2018-03-05 15:34:58 - [MESSAGE][PASSED] - cupakeysDl.initStart.initialStart is PASSED

2018-03-05 15:34:58 - [TEST_STEP][PASSED] - Statement - (step++): null

2018-03-05 15:34:58 - [TEST_STEP][PASSED] - cupakeysDl.color.changecolor: cupakeysDl.color.changecolor is PASSED

2018-03-05 15:34:58 - [MESSAGE][PASSED] - Object 'Object Repository/CuPaDl/Color/Color' is visible

2018-03-05 15:34:58 - [MESSAGE][PASSED] - Object: 'Object Repository/CuPaDl/Color/Color' is clicked on

2018-03-05 15:34:58 - [MESSAGE][WARNING] - Timeout '0' is invalid. Using default page load timeout: '30'

2018-03-05 15:34:58 - [MESSAGE][PASSED] - Object 'Object Repository/CuPaDl/Color/Color_moonwalkgrey' is visible

2018-03-05 15:34:59 - [MESSAGE][PASSED] - Delayed 1 second(s)

2018-03-05 15:35:00 - [MESSAGE][PASSED] - Object: 'Object Repository/CuPaDl/Color/Color_moonwalkgrey' is clicked on

2018-03-05 15:35:03 - [MESSAGE][WARNING] - Object 'Object Repository/CuPaDl/Loading_indicator' is not visible after 3 second(s)

2018-03-05 15:35:04 - [MESSAGE][PASSED] - Delayed 1 second(s)

2018-03-05 15:35:04 - [MESSAGE][PASSED] - cupakeysDl.color.changecolor is PASSED

2018-03-05 15:35:04 - [TEST_STEP][PASSED] - Statement - (step++): null

2018-03-05 15:35:04 - [TEST_STEP][PASSED] - cupakeysDl.chngstruct.changestructure: cupakeysDl.chngstruct.changestructure is PASSED

2018-03-05 15:35:04 - [MESSAGE][PASSED] - Object: 'Object Repository/CuPaDl/Structure/Structure' is clicked on

2018-03-05 15:35:04 - [MESSAGE][WARNING] - Timeout '0' is invalid. Using default page load timeout: '30'

2018-03-05 15:35:04 - [MESSAGE][PASSED] - Object 'Object Repository/CuPaDl/Structure/Structure_Hahnentritt' is visible

2018-03-05 15:35:05 - [MESSAGE][PASSED] - Delayed 1 second(s)

2018-03-05 15:35:05 - [MESSAGE][PASSED] - Object: 'Object Repository/CuPaDl/Structure/Structure_fadedots' is clicked on

2018-03-05 15:35:06 - [MESSAGE][PASSED] - Object 'Object Repository/CuPaDl/Loading_indicator' is visible

2018-03-05 15:35:09 - [MESSAGE][PASSED] - Object 'Object Repository/CuPaDl/Loading_indicator' is NOT visible

2018-03-05 15:35:10 - [MESSAGE][PASSED] - Delayed 1 second(s)

2018-03-05 15:35:10 - [MESSAGE][PASSED] - cupakeysDl.chngstruct.changestructure is PASSED

2018-03-05 15:35:10 - [TEST_STEP][PASSED] - Statement - (step++): null

2018-03-05 15:35:10 - [TEST_STEP][PASSED] - cupakeysDl.sclstruct.scalestructure: cupakeysDl.sclstruct.scalestructure is PASSED

2018-03-05 15:35:14 - [MESSAGE][WARNING] - Object 'Object Repository/CuPaDl/Structure/Resize_Structure_bottomright' is not visible after 3 second(s)

2018-03-05 15:35:14 - [MESSAGE][PASSED] - Object: 'Object Repository/CuPaDl/Structure/Resize_Structure' is clicked on

2018-03-05 15:35:14 - [MESSAGE][WARNING] - Timeout '0' is invalid. Using default page load timeout: '30'

2018-03-05 15:35:14 - [MESSAGE][PASSED] - Object 'Object Repository/CuPaDl/Structure/Resize_Structure_bottomright' is visible

2018-03-05 15:35:15 - [MESSAGE][PASSED] - Delayed 1 second(s)

2018-03-05 15:35:15 - [MESSAGE][PASSED] - Current viewport's left (x) position is 0

2018-03-05 15:35:15 - [MESSAGE][PASSED] - Current viewport's top (y) position is 54

2018-03-05 15:35:15 - [MESSAGE][PASSED] - Dragged object with id 'Object Repository/CuPaDl/Structure/Resize_Structure_bottomright' by offset distance x = 225 and y = 279 successfully

2018-03-05 15:35:16 - [MESSAGE][PASSED] - Object 'Object Repository/CuPaDl/Loading_indicator' is visible

2018-03-05 15:35:18 - [MESSAGE][PASSED] - Object 'Object Repository/CuPaDl/Loading_indicator' is NOT visible

2018-03-05 15:35:19 - [MESSAGE][PASSED] - Delayed 1 second(s)

2018-03-05 15:35:19 - [MESSAGE][PASSED] - cupakeysDl.sclstruct.scalestructure is PASSED

2018-03-05 15:35:19 - [TEST_STEP][PASSED] - Statement - (step++): null

2018-03-05 15:35:19 - [TEST_STEP][PASSED] - Statement - iconmap += CustomKeywords.cupakeysDl.iconad.iconadd("laurelwreath", LoadTimeCorrector, step, run, device, timeStamp, iconcount): cupakeysDl.iconad.iconadd is PASSED

2018-03-05 15:35:19 - [MESSAGE][PASSED] - Object: 'Object Repository/CuPaDl/Icons/Icon' is clicked on

2018-03-05 15:35:19 - [MESSAGE][WARNING] - Timeout '0' is invalid. Using default page load timeout: '30'

2018-03-05 15:35:19 - [MESSAGE][PASSED] - Object 'Object Repository/CuPaDl/Icons/Icon_laurelwreath' is visible

2018-03-05 15:35:20 - [MESSAGE][PASSED] - Delayed 1 second(s)

2018-03-05 15:35:21 - [MESSAGE][PASSED] - Object: 'Object Repository/CuPaDl/Icons/Icon_laurelwreath' is clicked on

2018-03-05 15:35:22 - [MESSAGE][PASSED] - Object 'Object Repository/CuPaDl/Loading_indicator' is visible

2018-03-05 15:35:24 - [MESSAGE][PASSED] - Object 'Object Repository/CuPaDl/Loading_indicator' is NOT visible

2018-03-05 15:35:24 - [MESSAGE][WARNING] - Timeout '0' is invalid. Using default page load timeout: '30'

2018-03-05 15:35:24 - [MESSAGE][PASSED] - Width of element 'Object Repository/CuPaDl/Icons/Reposition_icon' is '40'

2018-03-05 15:35:24 - [MESSAGE][PASSED] - Height of element 'Object Repository/CuPaDl/Icons/Reposition_icon' is '40'.

2018-03-05 15:35:25 - [MESSAGE][PASSED] - Delayed 1 second(s)

2018-03-05 15:35:25 - [MESSAGE][PASSED] - cupakeysDl.iconad.iconadd is PASSED

2018-03-05 15:35:25 - [TEST_STEP][PASSED] - Statement - (step++): null

2018-03-05 15:35:25 - [TEST_STEP][PASSED] - Statement - (iconcount++): null

2018-03-05 15:35:25 - [TEST_STEP][PASSED] - cupakeysDl.iconres.iconresize: cupakeysDl.iconres.iconresize is PASSED

2018-03-05 15:35:25 - [MESSAGE][PASSED] - Object 'Object Repository/CuPaDl/Icons/Reposition_icon' is visible

2018-03-05 15:35:25 - [MESSAGE][PASSED] - Current viewport's left (x) position is 0

2018-03-05 15:35:25 - [MESSAGE][PASSED] - Current viewport's top (y) position is 54

2018-03-05 15:35:25 - [MESSAGE][PASSED] - Dragged object with id 'Object Repository/CuPaDl/Icons/Resize_icon_bottomright' by offset distance x = 125 and y = 179 successfully

2018-03-05 15:35:26 - [MESSAGE][PASSED] - Object 'Object Repository/CuPaDl/Loading_indicator' is visible

2018-03-05 15:35:29 - [MESSAGE][PASSED] - Object 'Object Repository/CuPaDl/Loading_indicator' is NOT visible

2018-03-05 15:35:30 - [MESSAGE][PASSED] - Delayed 1 second(s)

2018-03-05 15:35:30 - [MESSAGE][PASSED] - cupakeysDl.iconres.iconresize is PASSED

2018-03-05 15:35:30 - [TEST_STEP][PASSED] - Statement - (step++): null

2018-03-05 15:35:30 - [TEST_STEP][PASSED] - cupakeysDl.slink.svlink: cupakeysDl.slink.svlink is PASSED

2018-03-05 15:35:30 - [MESSAGE][PASSED] - Scroll to object 'Object Repository/CuPaDl/Save/Save' successfully

2018-03-05 15:35:30 - [MESSAGE][PASSED] - Object: 'Object Repository/CuPaDl/Save/Save' is clicked on

2018-03-05 15:35:30 - [MESSAGE][WARNING] - Timeout '0' is invalid. Using default page load timeout: '30'

2018-03-05 15:35:31 - [MESSAGE][PASSED] - Object 'Object Repository/CuPaDl/Save/CopyLink' is visible

2018-03-05 15:35:31 - [MESSAGE][PASSED] - Object: 'Object Repository/CuPaDl/Save/CopyLink' is clicked on

2018-03-05 15:35:32 - [MESSAGE][PASSED] - Delayed 1 second(s)

2018-03-05 15:35:32 - [MESSAGE][PASSED] - Object: 'Object Repository/CuPaDl/Save/Close' is clicked on

2018-03-05 15:35:33 - [MESSAGE][PASSED] - Delayed 1 second(s)

2018-03-05 15:35:33 - [MESSAGE][PASSED] - cupakeysDl.slink.svlink is PASSED

2018-03-05 15:35:33 - [TEST_STEP][PASSED] - cupakeysDl.endsession.finishsession: cupakeysDl.endsession.finishsession is PASSED

2018-03-05 15:35:36 - [MESSAGE][PASSED] - Delayed 3 second(s)

2018-03-05 15:35:36 - [MESSAGE][PASSED] - Browser is closed

2018-03-05 15:35:36 - [MESSAGE][PASSED] - cupakeysDl.endsession.finishsession is PASSED]]></system-out>
         <system-err><![CDATA[]]></system-err>
      </testcase>
      <testcase name="Test Cases/CuPaStefanie/19" classname="Test Cases/CuPaStefanie/19" status="PASSED">
         <system-out><![CDATA[2018-03-05 15:35:36 - [TEST_CASE][PASSED] - Test Cases/CuPaStefanie/19: Test Cases/CuPaStefanie/19

2018-03-05 15:35:37 - [TEST_STEP][PASSED] - Statement - timeStamp = new java.text.SimpleDateFormat(dd.MM.yyyy).format(java.util.Calendar.getInstance().getTime()): null

2018-03-05 15:35:37 - [TEST_STEP][PASSED] - Statement - timeStampScreenshot = new java.text.SimpleDateFormat(dd.MM.yyyy).format(java.util.Calendar.getInstance().getTime()): null

2018-03-05 15:35:37 - [TEST_STEP][PASSED] - Statement - iconmap = [:]: null

2018-03-05 15:35:37 - [TEST_STEP][PASSED] - Statement - txtmap = [:]: null

2018-03-05 15:35:37 - [TEST_STEP][PASSED] - Statement - signmap = [:]: null

2018-03-05 15:35:37 - [TEST_STEP][PASSED] - cupakeysDl.initStart.initialStart: cupakeysDl.initStart.initialStart is PASSED

2018-03-05 15:35:39 - [MESSAGE][PASSED] - Browser is opened with url: ''

2018-03-05 15:35:42 - [MESSAGE][PASSED] - Delayed 3 second(s)

2018-03-05 15:35:43 - [MESSAGE][PASSED] - Navigate to 'https://d16a4dsnr8a0k1.cloudfront.net/en/2455233.html?price=150.00%20%E2%82%AC&partName=wilsonPartName&vin=wilsonVin&modelCode=XP11&paint=P0A94&modelDescription=wilsonModelDescription&additionalEquipment=wilsonAdditionalEquipment' successfully

2018-03-05 15:35:43 - [MESSAGE][PASSED] - Object 'Object Repository/CuPaDl/Loading_indicator' is visible

2018-03-05 15:35:48 - [MESSAGE][PASSED] - Object 'Object Repository/CuPaDl/Loading_indicator' is NOT visible

2018-03-05 15:35:49 - [MESSAGE][PASSED] - Delayed 1 second(s)

2018-03-05 15:35:49 - [MESSAGE][PASSED] - cupakeysDl.initStart.initialStart is PASSED

2018-03-05 15:35:49 - [TEST_STEP][PASSED] - Statement - (step++): null

2018-03-05 15:35:49 - [TEST_STEP][PASSED] - cupakeysDl.color.changecolor: cupakeysDl.color.changecolor is PASSED

2018-03-05 15:35:49 - [MESSAGE][PASSED] - Object 'Object Repository/CuPaDl/Color/Color' is visible

2018-03-05 15:35:49 - [MESSAGE][PASSED] - Object: 'Object Repository/CuPaDl/Color/Color' is clicked on

2018-03-05 15:35:49 - [MESSAGE][WARNING] - Timeout '0' is invalid. Using default page load timeout: '30'

2018-03-05 15:35:49 - [MESSAGE][PASSED] - Object 'Object Repository/CuPaDl/Color/Color_thundergrey' is visible

2018-03-05 15:35:50 - [MESSAGE][PASSED] - Delayed 1 second(s)

2018-03-05 15:35:50 - [MESSAGE][PASSED] - Object: 'Object Repository/CuPaDl/Color/Color_thundergrey' is clicked on

2018-03-05 15:35:53 - [MESSAGE][WARNING] - Object 'Object Repository/CuPaDl/Loading_indicator' is not visible after 3 second(s)

2018-03-05 15:35:54 - [MESSAGE][PASSED] - Delayed 1 second(s)

2018-03-05 15:35:54 - [MESSAGE][PASSED] - cupakeysDl.color.changecolor is PASSED

2018-03-05 15:35:54 - [TEST_STEP][PASSED] - Statement - (step++): null

2018-03-05 15:35:54 - [TEST_STEP][PASSED] - cupakeysDl.chngstruct.changestructure: cupakeysDl.chngstruct.changestructure is PASSED

2018-03-05 15:35:54 - [MESSAGE][PASSED] - Object: 'Object Repository/CuPaDl/Structure/Structure' is clicked on

2018-03-05 15:35:54 - [MESSAGE][WARNING] - Timeout '0' is invalid. Using default page load timeout: '30'

2018-03-05 15:35:55 - [MESSAGE][PASSED] - Object 'Object Repository/CuPaDl/Structure/Structure_Hahnentritt' is visible

2018-03-05 15:35:56 - [MESSAGE][PASSED] - Delayed 1 second(s)

2018-03-05 15:35:56 - [MESSAGE][PASSED] - Object: 'Object Repository/CuPaDl/Structure/Structure_fadehahnentritt' is clicked on

2018-03-05 15:35:57 - [MESSAGE][PASSED] - Object 'Object Repository/CuPaDl/Loading_indicator' is visible

2018-03-05 15:35:58 - [MESSAGE][PASSED] - Object 'Object Repository/CuPaDl/Loading_indicator' is NOT visible

2018-03-05 15:35:59 - [MESSAGE][PASSED] - Delayed 1 second(s)

2018-03-05 15:35:59 - [MESSAGE][PASSED] - cupakeysDl.chngstruct.changestructure is PASSED

2018-03-05 15:35:59 - [TEST_STEP][PASSED] - Statement - (step++): null

2018-03-05 15:35:59 - [TEST_STEP][PASSED] - cupakeysDl.sclstruct.scalestructure: cupakeysDl.sclstruct.scalestructure is PASSED

2018-03-05 15:36:02 - [MESSAGE][WARNING] - Object 'Object Repository/CuPaDl/Structure/Resize_Structure_bottomright' is not visible after 3 second(s)

2018-03-05 15:36:02 - [MESSAGE][PASSED] - Object: 'Object Repository/CuPaDl/Structure/Resize_Structure' is clicked on

2018-03-05 15:36:02 - [MESSAGE][WARNING] - Timeout '0' is invalid. Using default page load timeout: '30'

2018-03-05 15:36:02 - [MESSAGE][PASSED] - Object 'Object Repository/CuPaDl/Structure/Resize_Structure_bottomright' is visible

2018-03-05 15:36:03 - [MESSAGE][PASSED] - Delayed 1 second(s)

2018-03-05 15:36:03 - [MESSAGE][PASSED] - Current viewport's left (x) position is 0

2018-03-05 15:36:03 - [MESSAGE][PASSED] - Current viewport's top (y) position is 54

2018-03-05 15:36:03 - [MESSAGE][PASSED] - Dragged object with id 'Object Repository/CuPaDl/Structure/Resize_Structure_bottomright' by offset distance x = -225 and y = -171 successfully

2018-03-05 15:36:04 - [MESSAGE][PASSED] - Object 'Object Repository/CuPaDl/Loading_indicator' is visible

2018-03-05 15:36:06 - [MESSAGE][PASSED] - Object 'Object Repository/CuPaDl/Loading_indicator' is NOT visible

2018-03-05 15:36:07 - [MESSAGE][PASSED] - Delayed 1 second(s)

2018-03-05 15:36:07 - [MESSAGE][PASSED] - cupakeysDl.sclstruct.scalestructure is PASSED

2018-03-05 15:36:07 - [TEST_STEP][PASSED] - Statement - (step++): null

2018-03-05 15:36:07 - [TEST_STEP][PASSED] - Statement - iconmap += CustomKeywords.cupakeysDl.iconad.iconadd("helmet", LoadTimeCorrector, step, run, device, timeStamp, iconcount): cupakeysDl.iconad.iconadd is PASSED

2018-03-05 15:36:07 - [MESSAGE][PASSED] - Object: 'Object Repository/CuPaDl/Icons/Icon' is clicked on

2018-03-05 15:36:07 - [MESSAGE][WARNING] - Timeout '0' is invalid. Using default page load timeout: '30'

2018-03-05 15:36:07 - [MESSAGE][PASSED] - Object 'Object Repository/CuPaDl/Icons/Icon_helmet' is visible

2018-03-05 15:36:08 - [MESSAGE][PASSED] - Delayed 1 second(s)

2018-03-05 15:36:08 - [MESSAGE][PASSED] - Object: 'Object Repository/CuPaDl/Icons/Icon_helmet' is clicked on

2018-03-05 15:36:09 - [MESSAGE][PASSED] - Object 'Object Repository/CuPaDl/Loading_indicator' is visible

2018-03-05 15:36:10 - [MESSAGE][PASSED] - Object 'Object Repository/CuPaDl/Loading_indicator' is NOT visible

2018-03-05 15:36:10 - [MESSAGE][WARNING] - Timeout '0' is invalid. Using default page load timeout: '30'

2018-03-05 15:36:10 - [MESSAGE][PASSED] - Width of element 'Object Repository/CuPaDl/Icons/Reposition_icon' is '40'

2018-03-05 15:36:10 - [MESSAGE][PASSED] - Height of element 'Object Repository/CuPaDl/Icons/Reposition_icon' is '40'.

2018-03-05 15:36:11 - [MESSAGE][PASSED] - Delayed 1 second(s)

2018-03-05 15:36:11 - [MESSAGE][PASSED] - cupakeysDl.iconad.iconadd is PASSED

2018-03-05 15:36:11 - [TEST_STEP][PASSED] - Statement - (step++): null

2018-03-05 15:36:11 - [TEST_STEP][PASSED] - Statement - (iconcount++): null

2018-03-05 15:36:11 - [TEST_STEP][PASSED] - cupakeysDl.iconres.iconresize: cupakeysDl.iconres.iconresize is PASSED

2018-03-05 15:36:11 - [MESSAGE][PASSED] - Object 'Object Repository/CuPaDl/Icons/Reposition_icon' is visible

2018-03-05 15:36:11 - [MESSAGE][PASSED] - Current viewport's left (x) position is 0

2018-03-05 15:36:11 - [MESSAGE][PASSED] - Current viewport's top (y) position is 54

2018-03-05 15:36:11 - [MESSAGE][PASSED] - Dragged object with id 'Object Repository/CuPaDl/Icons/Resize_icon_bottomright' by offset distance x = -125 and y = -71 successfully

2018-03-05 15:36:12 - [MESSAGE][PASSED] - Object 'Object Repository/CuPaDl/Loading_indicator' is visible

2018-03-05 15:36:13 - [MESSAGE][PASSED] - Object 'Object Repository/CuPaDl/Loading_indicator' is NOT visible

2018-03-05 15:36:14 - [MESSAGE][PASSED] - Delayed 1 second(s)

2018-03-05 15:36:14 - [MESSAGE][PASSED] - cupakeysDl.iconres.iconresize is PASSED

2018-03-05 15:36:14 - [TEST_STEP][PASSED] - Statement - (step++): null

2018-03-05 15:36:14 - [TEST_STEP][PASSED] - cupakeysDl.slink.svlink: cupakeysDl.slink.svlink is PASSED

2018-03-05 15:36:14 - [MESSAGE][PASSED] - Scroll to object 'Object Repository/CuPaDl/Save/Save' successfully

2018-03-05 15:36:14 - [MESSAGE][PASSED] - Object: 'Object Repository/CuPaDl/Save/Save' is clicked on

2018-03-05 15:36:14 - [MESSAGE][WARNING] - Timeout '0' is invalid. Using default page load timeout: '30'

2018-03-05 15:36:14 - [MESSAGE][PASSED] - Object 'Object Repository/CuPaDl/Save/CopyLink' is visible

2018-03-05 15:36:14 - [MESSAGE][PASSED] - Object: 'Object Repository/CuPaDl/Save/CopyLink' is clicked on

2018-03-05 15:36:15 - [MESSAGE][PASSED] - Delayed 1 second(s)

2018-03-05 15:36:16 - [MESSAGE][PASSED] - Object: 'Object Repository/CuPaDl/Save/Close' is clicked on

2018-03-05 15:36:17 - [MESSAGE][PASSED] - Delayed 1 second(s)

2018-03-05 15:36:17 - [MESSAGE][PASSED] - cupakeysDl.slink.svlink is PASSED

2018-03-05 15:36:17 - [TEST_STEP][PASSED] - cupakeysDl.endsession.finishsession: cupakeysDl.endsession.finishsession is PASSED

2018-03-05 15:36:20 - [MESSAGE][PASSED] - Delayed 3 second(s)

2018-03-05 15:36:20 - [MESSAGE][PASSED] - Browser is closed

2018-03-05 15:36:20 - [MESSAGE][PASSED] - cupakeysDl.endsession.finishsession is PASSED]]></system-out>
         <system-err><![CDATA[]]></system-err>
      </testcase>
      <testcase name="Test Cases/CuPaStefanie/20" classname="Test Cases/CuPaStefanie/20" status="PASSED">
         <system-out><![CDATA[2018-03-05 15:36:20 - [TEST_CASE][PASSED] - Test Cases/CuPaStefanie/20: Test Cases/CuPaStefanie/20

2018-03-05 15:36:20 - [TEST_STEP][PASSED] - Statement - timeStamp = new java.text.SimpleDateFormat(dd.MM.yyyy).format(java.util.Calendar.getInstance().getTime()): null

2018-03-05 15:36:20 - [TEST_STEP][PASSED] - Statement - timeStampScreenshot = new java.text.SimpleDateFormat(dd.MM.yyyy).format(java.util.Calendar.getInstance().getTime()): null

2018-03-05 15:36:20 - [TEST_STEP][PASSED] - Statement - iconmap = [:]: null

2018-03-05 15:36:20 - [TEST_STEP][PASSED] - Statement - txtmap = [:]: null

2018-03-05 15:36:20 - [TEST_STEP][PASSED] - Statement - signmap = [:]: null

2018-03-05 15:36:20 - [TEST_STEP][PASSED] - cupakeysDl.initStart.initialStart: cupakeysDl.initStart.initialStart is PASSED

2018-03-05 15:36:22 - [MESSAGE][PASSED] - Browser is opened with url: ''

2018-03-05 15:36:25 - [MESSAGE][PASSED] - Delayed 3 second(s)

2018-03-05 15:36:27 - [MESSAGE][PASSED] - Navigate to 'https://d16a4dsnr8a0k1.cloudfront.net/en/2455233.html?price=150.00%20%E2%82%AC&partName=wilsonPartName&vin=wilsonVin&modelCode=XP11&paint=P0A94&modelDescription=wilsonModelDescription&additionalEquipment=wilsonAdditionalEquipment' successfully

2018-03-05 15:36:27 - [MESSAGE][PASSED] - Object 'Object Repository/CuPaDl/Loading_indicator' is visible

2018-03-05 15:36:31 - [MESSAGE][PASSED] - Object 'Object Repository/CuPaDl/Loading_indicator' is NOT visible

2018-03-05 15:36:32 - [MESSAGE][PASSED] - Delayed 1 second(s)

2018-03-05 15:36:32 - [MESSAGE][PASSED] - cupakeysDl.initStart.initialStart is PASSED

2018-03-05 15:36:32 - [TEST_STEP][PASSED] - Statement - (step++): null

2018-03-05 15:36:32 - [TEST_STEP][PASSED] - cupakeysDl.color.changecolor: cupakeysDl.color.changecolor is PASSED

2018-03-05 15:36:32 - [MESSAGE][PASSED] - Object 'Object Repository/CuPaDl/Color/Color' is visible

2018-03-05 15:36:32 - [MESSAGE][PASSED] - Object: 'Object Repository/CuPaDl/Color/Color' is clicked on

2018-03-05 15:36:32 - [MESSAGE][WARNING] - Timeout '0' is invalid. Using default page load timeout: '30'

2018-03-05 15:36:32 - [MESSAGE][PASSED] - Object 'Object Repository/CuPaDl/Color/Color_thundergrey' is visible

2018-03-05 15:36:33 - [MESSAGE][PASSED] - Delayed 1 second(s)

2018-03-05 15:36:33 - [MESSAGE][PASSED] - Object: 'Object Repository/CuPaDl/Color/Color_thundergrey' is clicked on

2018-03-05 15:36:37 - [MESSAGE][WARNING] - Object 'Object Repository/CuPaDl/Loading_indicator' is not visible after 3 second(s)

2018-03-05 15:36:38 - [MESSAGE][PASSED] - Delayed 1 second(s)

2018-03-05 15:36:38 - [MESSAGE][PASSED] - cupakeysDl.color.changecolor is PASSED

2018-03-05 15:36:38 - [TEST_STEP][PASSED] - Statement - (step++): null

2018-03-05 15:36:38 - [TEST_STEP][PASSED] - cupakeysDl.chngstruct.changestructure: cupakeysDl.chngstruct.changestructure is PASSED

2018-03-05 15:36:38 - [MESSAGE][PASSED] - Object: 'Object Repository/CuPaDl/Structure/Structure' is clicked on

2018-03-05 15:36:38 - [MESSAGE][WARNING] - Timeout '0' is invalid. Using default page load timeout: '30'

2018-03-05 15:36:38 - [MESSAGE][PASSED] - Object 'Object Repository/CuPaDl/Structure/Structure_Hahnentritt' is visible

2018-03-05 15:36:39 - [MESSAGE][PASSED] - Delayed 1 second(s)

2018-03-05 15:36:39 - [MESSAGE][PASSED] - Object: 'Object Repository/CuPaDl/Structure/Structure_fadehahnentritt' is clicked on

2018-03-05 15:36:40 - [MESSAGE][PASSED] - Object 'Object Repository/CuPaDl/Loading_indicator' is visible

2018-03-05 15:36:41 - [MESSAGE][PASSED] - Object 'Object Repository/CuPaDl/Loading_indicator' is NOT visible

2018-03-05 15:36:42 - [MESSAGE][PASSED] - Delayed 1 second(s)

2018-03-05 15:36:42 - [MESSAGE][PASSED] - cupakeysDl.chngstruct.changestructure is PASSED

2018-03-05 15:36:42 - [TEST_STEP][PASSED] - Statement - (step++): null

2018-03-05 15:36:42 - [TEST_STEP][PASSED] - cupakeysDl.sclstruct.scalestructure: cupakeysDl.sclstruct.scalestructure is PASSED

2018-03-05 15:36:45 - [MESSAGE][WARNING] - Object 'Object Repository/CuPaDl/Structure/Resize_Structure_bottomright' is not visible after 3 second(s)

2018-03-05 15:36:45 - [MESSAGE][PASSED] - Object: 'Object Repository/CuPaDl/Structure/Resize_Structure' is clicked on

2018-03-05 15:36:46 - [MESSAGE][WARNING] - Timeout '0' is invalid. Using default page load timeout: '30'

2018-03-05 15:36:46 - [MESSAGE][PASSED] - Object 'Object Repository/CuPaDl/Structure/Resize_Structure_bottomright' is visible

2018-03-05 15:36:47 - [MESSAGE][PASSED] - Delayed 1 second(s)

2018-03-05 15:36:47 - [MESSAGE][PASSED] - Current viewport's left (x) position is 0

2018-03-05 15:36:47 - [MESSAGE][PASSED] - Current viewport's top (y) position is 54

2018-03-05 15:36:47 - [MESSAGE][PASSED] - Dragged object with id 'Object Repository/CuPaDl/Structure/Resize_Structure_bottomright' by offset distance x = 225 and y = 279 successfully

2018-03-05 15:36:50 - [MESSAGE][WARNING] - Object 'Object Repository/CuPaDl/Loading_indicator' is not visible after 3 second(s)

2018-03-05 15:36:51 - [MESSAGE][PASSED] - Delayed 1 second(s)

2018-03-05 15:36:51 - [MESSAGE][PASSED] - cupakeysDl.sclstruct.scalestructure is PASSED

2018-03-05 15:36:51 - [TEST_STEP][PASSED] - Statement - (step++): null

2018-03-05 15:36:51 - [TEST_STEP][PASSED] - Statement - iconmap += CustomKeywords.cupakeysDl.iconad.iconadd("helmet", LoadTimeCorrector, step, run, device, timeStamp, iconcount): cupakeysDl.iconad.iconadd is PASSED

2018-03-05 15:36:51 - [MESSAGE][PASSED] - Object: 'Object Repository/CuPaDl/Icons/Icon' is clicked on

2018-03-05 15:36:51 - [MESSAGE][WARNING] - Timeout '0' is invalid. Using default page load timeout: '30'

2018-03-05 15:36:51 - [MESSAGE][PASSED] - Object 'Object Repository/CuPaDl/Icons/Icon_helmet' is visible

2018-03-05 15:36:52 - [MESSAGE][PASSED] - Delayed 1 second(s)

2018-03-05 15:36:52 - [MESSAGE][PASSED] - Object: 'Object Repository/CuPaDl/Icons/Icon_helmet' is clicked on

2018-03-05 15:36:53 - [MESSAGE][PASSED] - Object 'Object Repository/CuPaDl/Loading_indicator' is visible

2018-03-05 15:36:54 - [MESSAGE][PASSED] - Object 'Object Repository/CuPaDl/Loading_indicator' is NOT visible

2018-03-05 15:36:54 - [MESSAGE][WARNING] - Timeout '0' is invalid. Using default page load timeout: '30'

2018-03-05 15:36:54 - [MESSAGE][PASSED] - Width of element 'Object Repository/CuPaDl/Icons/Reposition_icon' is '40'

2018-03-05 15:36:54 - [MESSAGE][PASSED] - Height of element 'Object Repository/CuPaDl/Icons/Reposition_icon' is '40'.

2018-03-05 15:36:55 - [MESSAGE][PASSED] - Delayed 1 second(s)

2018-03-05 15:36:55 - [MESSAGE][PASSED] - cupakeysDl.iconad.iconadd is PASSED

2018-03-05 15:36:55 - [TEST_STEP][PASSED] - Statement - (step++): null

2018-03-05 15:36:55 - [TEST_STEP][PASSED] - Statement - (iconcount++): null

2018-03-05 15:36:55 - [TEST_STEP][PASSED] - cupakeysDl.iconres.iconresize: cupakeysDl.iconres.iconresize is PASSED

2018-03-05 15:36:55 - [MESSAGE][PASSED] - Object 'Object Repository/CuPaDl/Icons/Reposition_icon' is visible

2018-03-05 15:36:55 - [MESSAGE][PASSED] - Current viewport's left (x) position is 0

2018-03-05 15:36:55 - [MESSAGE][PASSED] - Current viewport's top (y) position is 54

2018-03-05 15:36:55 - [MESSAGE][PASSED] - Dragged object with id 'Object Repository/CuPaDl/Icons/Resize_icon_bottomright' by offset distance x = 125 and y = 179 successfully

2018-03-05 15:36:58 - [MESSAGE][WARNING] - Object 'Object Repository/CuPaDl/Loading_indicator' is not visible after 3 second(s)

2018-03-05 15:36:59 - [MESSAGE][PASSED] - Delayed 1 second(s)

2018-03-05 15:36:59 - [MESSAGE][PASSED] - cupakeysDl.iconres.iconresize is PASSED

2018-03-05 15:36:59 - [TEST_STEP][PASSED] - Statement - (step++): null

2018-03-05 15:36:59 - [TEST_STEP][PASSED] - cupakeysDl.slink.svlink: cupakeysDl.slink.svlink is PASSED

2018-03-05 15:36:59 - [MESSAGE][PASSED] - Scroll to object 'Object Repository/CuPaDl/Save/Save' successfully

2018-03-05 15:36:59 - [MESSAGE][PASSED] - Object: 'Object Repository/CuPaDl/Save/Save' is clicked on

2018-03-05 15:36:59 - [MESSAGE][WARNING] - Timeout '0' is invalid. Using default page load timeout: '30'

2018-03-05 15:37:01 - [MESSAGE][PASSED] - Object 'Object Repository/CuPaDl/Save/CopyLink' is visible

2018-03-05 15:37:01 - [MESSAGE][PASSED] - Object: 'Object Repository/CuPaDl/Save/CopyLink' is clicked on

2018-03-05 15:37:02 - [MESSAGE][PASSED] - Delayed 1 second(s)

2018-03-05 15:37:02 - [MESSAGE][PASSED] - Object: 'Object Repository/CuPaDl/Save/Close' is clicked on

2018-03-05 15:37:03 - [MESSAGE][PASSED] - Delayed 1 second(s)

2018-03-05 15:37:03 - [MESSAGE][PASSED] - cupakeysDl.slink.svlink is PASSED

2018-03-05 15:37:03 - [TEST_STEP][PASSED] - cupakeysDl.endsession.finishsession: cupakeysDl.endsession.finishsession is PASSED

2018-03-05 15:37:06 - [MESSAGE][PASSED] - Delayed 3 second(s)

2018-03-05 15:37:06 - [MESSAGE][PASSED] - Browser is closed

2018-03-05 15:37:06 - [MESSAGE][PASSED] - cupakeysDl.endsession.finishsession is PASSED]]></system-out>
         <system-err><![CDATA[]]></system-err>
      </testcase>
      <testcase name="Test Cases/CuPaStefanie/21" classname="Test Cases/CuPaStefanie/21" status="PASSED">
         <system-out><![CDATA[2018-03-05 15:37:06 - [TEST_CASE][PASSED] - Test Cases/CuPaStefanie/21: Test Cases/CuPaStefanie/21

2018-03-05 15:37:06 - [TEST_STEP][PASSED] - Statement - timeStamp = new java.text.SimpleDateFormat(dd.MM.yyyy).format(java.util.Calendar.getInstance().getTime()): null

2018-03-05 15:37:06 - [TEST_STEP][PASSED] - Statement - timeStampScreenshot = new java.text.SimpleDateFormat(dd.MM.yyyy).format(java.util.Calendar.getInstance().getTime()): null

2018-03-05 15:37:06 - [TEST_STEP][PASSED] - Statement - iconmap = [:]: null

2018-03-05 15:37:06 - [TEST_STEP][PASSED] - Statement - txtmap = [:]: null

2018-03-05 15:37:06 - [TEST_STEP][PASSED] - Statement - signmap = [:]: null

2018-03-05 15:37:06 - [TEST_STEP][PASSED] - cupakeysDl.initStart.initialStart: cupakeysDl.initStart.initialStart is PASSED

2018-03-05 15:37:10 - [MESSAGE][PASSED] - Browser is opened with url: ''

2018-03-05 15:37:13 - [MESSAGE][PASSED] - Delayed 3 second(s)

2018-03-05 15:37:14 - [MESSAGE][PASSED] - Navigate to 'https://d16a4dsnr8a0k1.cloudfront.net/en/2455233.html?price=150.00%20%E2%82%AC&partName=wilsonPartName&vin=wilsonVin&modelCode=XP11&paint=P0A94&modelDescription=wilsonModelDescription&additionalEquipment=wilsonAdditionalEquipment' successfully

2018-03-05 15:37:14 - [MESSAGE][PASSED] - Object 'Object Repository/CuPaDl/Loading_indicator' is visible

2018-03-05 15:37:19 - [MESSAGE][PASSED] - Object 'Object Repository/CuPaDl/Loading_indicator' is NOT visible

2018-03-05 15:37:20 - [MESSAGE][PASSED] - Delayed 1 second(s)

2018-03-05 15:37:20 - [MESSAGE][PASSED] - cupakeysDl.initStart.initialStart is PASSED

2018-03-05 15:37:20 - [TEST_STEP][PASSED] - Statement - (step++): null

2018-03-05 15:37:20 - [TEST_STEP][PASSED] - cupakeysDl.color.changecolor: cupakeysDl.color.changecolor is PASSED

2018-03-05 15:37:20 - [MESSAGE][PASSED] - Object 'Object Repository/CuPaDl/Color/Color' is visible

2018-03-05 15:37:20 - [MESSAGE][PASSED] - Object: 'Object Repository/CuPaDl/Color/Color' is clicked on

2018-03-05 15:37:20 - [MESSAGE][WARNING] - Timeout '0' is invalid. Using default page load timeout: '30'

2018-03-05 15:37:20 - [MESSAGE][PASSED] - Object 'Object Repository/CuPaDl/Color/Color_lapisblue' is visible

2018-03-05 15:37:21 - [MESSAGE][PASSED] - Delayed 1 second(s)

2018-03-05 15:37:21 - [MESSAGE][PASSED] - Object: 'Object Repository/CuPaDl/Color/Color_lapisblue' is clicked on

2018-03-05 15:37:24 - [MESSAGE][WARNING] - Object 'Object Repository/CuPaDl/Loading_indicator' is not visible after 3 second(s)

2018-03-05 15:37:25 - [MESSAGE][PASSED] - Delayed 1 second(s)

2018-03-05 15:37:25 - [MESSAGE][PASSED] - cupakeysDl.color.changecolor is PASSED

2018-03-05 15:37:25 - [TEST_STEP][PASSED] - Statement - (step++): null

2018-03-05 15:37:25 - [TEST_STEP][PASSED] - cupakeysDl.chngstruct.changestructure: cupakeysDl.chngstruct.changestructure is PASSED

2018-03-05 15:37:25 - [MESSAGE][PASSED] - Object: 'Object Repository/CuPaDl/Structure/Structure' is clicked on

2018-03-05 15:37:25 - [MESSAGE][WARNING] - Timeout '0' is invalid. Using default page load timeout: '30'

2018-03-05 15:37:26 - [MESSAGE][PASSED] - Object 'Object Repository/CuPaDl/Structure/Structure_Hahnentritt' is visible

2018-03-05 15:37:27 - [MESSAGE][PASSED] - Delayed 1 second(s)

2018-03-05 15:37:27 - [MESSAGE][PASSED] - Object: 'Object Repository/CuPaDl/Structure/Structure_fadedotscircular' is clicked on

2018-03-05 15:37:28 - [MESSAGE][PASSED] - Object 'Object Repository/CuPaDl/Loading_indicator' is visible

2018-03-05 15:37:30 - [MESSAGE][PASSED] - Object 'Object Repository/CuPaDl/Loading_indicator' is NOT visible

2018-03-05 15:37:31 - [MESSAGE][PASSED] - Delayed 1 second(s)

2018-03-05 15:37:31 - [MESSAGE][PASSED] - cupakeysDl.chngstruct.changestructure is PASSED

2018-03-05 15:37:31 - [TEST_STEP][PASSED] - Statement - (step++): null

2018-03-05 15:37:31 - [TEST_STEP][PASSED] - cupakeysDl.sclstruct.scalestructure: cupakeysDl.sclstruct.scalestructure is PASSED

2018-03-05 15:37:34 - [MESSAGE][WARNING] - Object 'Object Repository/CuPaDl/Structure/Resize_Structure_bottomright' is not visible after 3 second(s)

2018-03-05 15:37:34 - [MESSAGE][PASSED] - Object: 'Object Repository/CuPaDl/Structure/Resize_Structure' is clicked on

2018-03-05 15:37:34 - [MESSAGE][WARNING] - Timeout '0' is invalid. Using default page load timeout: '30'

2018-03-05 15:37:34 - [MESSAGE][PASSED] - Object 'Object Repository/CuPaDl/Structure/Resize_Structure_bottomright' is visible

2018-03-05 15:37:35 - [MESSAGE][PASSED] - Delayed 1 second(s)

2018-03-05 15:37:35 - [MESSAGE][PASSED] - Current viewport's left (x) position is 0

2018-03-05 15:37:35 - [MESSAGE][PASSED] - Current viewport's top (y) position is 54

2018-03-05 15:37:35 - [MESSAGE][PASSED] - Dragged object with id 'Object Repository/CuPaDl/Structure/Resize_Structure_bottomright' by offset distance x = -225 and y = -171 successfully

2018-03-05 15:37:36 - [MESSAGE][PASSED] - Object 'Object Repository/CuPaDl/Loading_indicator' is visible

2018-03-05 15:37:38 - [MESSAGE][PASSED] - Object 'Object Repository/CuPaDl/Loading_indicator' is NOT visible

2018-03-05 15:37:39 - [MESSAGE][PASSED] - Delayed 1 second(s)

2018-03-05 15:37:39 - [MESSAGE][PASSED] - cupakeysDl.sclstruct.scalestructure is PASSED

2018-03-05 15:37:39 - [TEST_STEP][PASSED] - Statement - (step++): null

2018-03-05 15:37:39 - [TEST_STEP][PASSED] - Statement - iconmap += CustomKeywords.cupakeysDl.iconad.iconadd("longboard", LoadTimeCorrector, step, run, device, timeStamp, iconcount): cupakeysDl.iconad.iconadd is PASSED

2018-03-05 15:37:39 - [MESSAGE][PASSED] - Object: 'Object Repository/CuPaDl/Icons/Icon' is clicked on

2018-03-05 15:37:39 - [MESSAGE][WARNING] - Timeout '0' is invalid. Using default page load timeout: '30'

2018-03-05 15:37:39 - [MESSAGE][PASSED] - Object 'Object Repository/CuPaDl/Icons/Icon_longboard' is visible

2018-03-05 15:37:40 - [MESSAGE][PASSED] - Delayed 1 second(s)

2018-03-05 15:37:40 - [MESSAGE][PASSED] - Object: 'Object Repository/CuPaDl/Icons/Icon_longboard' is clicked on

2018-03-05 15:37:41 - [MESSAGE][PASSED] - Object 'Object Repository/CuPaDl/Loading_indicator' is visible

2018-03-05 15:37:45 - [MESSAGE][PASSED] - Object 'Object Repository/CuPaDl/Loading_indicator' is NOT visible

2018-03-05 15:37:45 - [MESSAGE][WARNING] - Timeout '0' is invalid. Using default page load timeout: '30'

2018-03-05 15:37:45 - [MESSAGE][PASSED] - Width of element 'Object Repository/CuPaDl/Icons/Reposition_icon' is '40'

2018-03-05 15:37:45 - [MESSAGE][PASSED] - Height of element 'Object Repository/CuPaDl/Icons/Reposition_icon' is '40'.

2018-03-05 15:37:46 - [MESSAGE][PASSED] - Delayed 1 second(s)

2018-03-05 15:37:46 - [MESSAGE][PASSED] - cupakeysDl.iconad.iconadd is PASSED

2018-03-05 15:37:46 - [TEST_STEP][PASSED] - Statement - (step++): null

2018-03-05 15:37:46 - [TEST_STEP][PASSED] - Statement - (iconcount++): null

2018-03-05 15:37:46 - [TEST_STEP][PASSED] - cupakeysDl.iconres.iconresize: cupakeysDl.iconres.iconresize is PASSED

2018-03-05 15:37:46 - [MESSAGE][PASSED] - Object 'Object Repository/CuPaDl/Icons/Reposition_icon' is visible

2018-03-05 15:37:46 - [MESSAGE][PASSED] - Current viewport's left (x) position is 0

2018-03-05 15:37:46 - [MESSAGE][PASSED] - Current viewport's top (y) position is 54

2018-03-05 15:37:47 - [MESSAGE][PASSED] - Dragged object with id 'Object Repository/CuPaDl/Icons/Resize_icon_bottomright' by offset distance x = -125 and y = -71 successfully

2018-03-05 15:37:48 - [MESSAGE][PASSED] - Object 'Object Repository/CuPaDl/Loading_indicator' is visible

2018-03-05 15:37:55 - [MESSAGE][PASSED] - Object 'Object Repository/CuPaDl/Loading_indicator' is NOT visible

2018-03-05 15:37:56 - [MESSAGE][PASSED] - Delayed 1 second(s)

2018-03-05 15:37:56 - [MESSAGE][PASSED] - cupakeysDl.iconres.iconresize is PASSED

2018-03-05 15:37:56 - [TEST_STEP][PASSED] - Statement - (step++): null

2018-03-05 15:37:56 - [TEST_STEP][PASSED] - cupakeysDl.slink.svlink: cupakeysDl.slink.svlink is PASSED

2018-03-05 15:37:56 - [MESSAGE][PASSED] - Scroll to object 'Object Repository/CuPaDl/Save/Save' successfully

2018-03-05 15:37:56 - [MESSAGE][PASSED] - Object: 'Object Repository/CuPaDl/Save/Save' is clicked on

2018-03-05 15:37:56 - [MESSAGE][WARNING] - Timeout '0' is invalid. Using default page load timeout: '30'

2018-03-05 15:37:57 - [MESSAGE][PASSED] - Object 'Object Repository/CuPaDl/Save/CopyLink' is visible

2018-03-05 15:37:57 - [MESSAGE][PASSED] - Object: 'Object Repository/CuPaDl/Save/CopyLink' is clicked on

2018-03-05 15:37:58 - [MESSAGE][PASSED] - Delayed 1 second(s)

2018-03-05 15:37:58 - [MESSAGE][PASSED] - Object: 'Object Repository/CuPaDl/Save/Close' is clicked on

2018-03-05 15:37:59 - [MESSAGE][PASSED] - Delayed 1 second(s)

2018-03-05 15:37:59 - [MESSAGE][PASSED] - cupakeysDl.slink.svlink is PASSED

2018-03-05 15:37:59 - [TEST_STEP][PASSED] - cupakeysDl.endsession.finishsession: cupakeysDl.endsession.finishsession is PASSED

2018-03-05 15:38:02 - [MESSAGE][PASSED] - Delayed 3 second(s)

2018-03-05 15:38:02 - [MESSAGE][PASSED] - Browser is closed

2018-03-05 15:38:02 - [MESSAGE][PASSED] - cupakeysDl.endsession.finishsession is PASSED]]></system-out>
         <system-err><![CDATA[]]></system-err>
      </testcase>
      <testcase name="Test Cases/CuPaStefanie/22" classname="Test Cases/CuPaStefanie/22" status="PASSED">
         <system-out><![CDATA[2018-03-05 15:38:02 - [TEST_CASE][PASSED] - Test Cases/CuPaStefanie/22: Test Cases/CuPaStefanie/22

2018-03-05 15:38:02 - [TEST_STEP][PASSED] - Statement - timeStamp = new java.text.SimpleDateFormat(dd.MM.yyyy).format(java.util.Calendar.getInstance().getTime()): null

2018-03-05 15:38:02 - [TEST_STEP][PASSED] - Statement - timeStampScreenshot = new java.text.SimpleDateFormat(dd.MM.yyyy).format(java.util.Calendar.getInstance().getTime()): null

2018-03-05 15:38:02 - [TEST_STEP][PASSED] - Statement - iconmap = [:]: null

2018-03-05 15:38:02 - [TEST_STEP][PASSED] - Statement - txtmap = [:]: null

2018-03-05 15:38:02 - [TEST_STEP][PASSED] - Statement - signmap = [:]: null

2018-03-05 15:38:02 - [TEST_STEP][PASSED] - cupakeysDl.initStart.initialStart: cupakeysDl.initStart.initialStart is PASSED

2018-03-05 15:38:04 - [MESSAGE][PASSED] - Browser is opened with url: ''

2018-03-05 15:38:07 - [MESSAGE][PASSED] - Delayed 3 second(s)

2018-03-05 15:38:09 - [MESSAGE][PASSED] - Navigate to 'https://d16a4dsnr8a0k1.cloudfront.net/en/2455233.html?price=150.00%20%E2%82%AC&partName=wilsonPartName&vin=wilsonVin&modelCode=XP11&paint=P0A94&modelDescription=wilsonModelDescription&additionalEquipment=wilsonAdditionalEquipment' successfully

2018-03-05 15:38:09 - [MESSAGE][PASSED] - Object 'Object Repository/CuPaDl/Loading_indicator' is visible

2018-03-05 15:38:14 - [MESSAGE][PASSED] - Object 'Object Repository/CuPaDl/Loading_indicator' is NOT visible

2018-03-05 15:38:15 - [MESSAGE][PASSED] - Delayed 1 second(s)

2018-03-05 15:38:15 - [MESSAGE][PASSED] - cupakeysDl.initStart.initialStart is PASSED

2018-03-05 15:38:15 - [TEST_STEP][PASSED] - Statement - (step++): null

2018-03-05 15:38:15 - [TEST_STEP][PASSED] - cupakeysDl.color.changecolor: cupakeysDl.color.changecolor is PASSED

2018-03-05 15:38:15 - [MESSAGE][PASSED] - Object 'Object Repository/CuPaDl/Color/Color' is visible

2018-03-05 15:38:15 - [MESSAGE][PASSED] - Object: 'Object Repository/CuPaDl/Color/Color' is clicked on

2018-03-05 15:38:15 - [MESSAGE][WARNING] - Timeout '0' is invalid. Using default page load timeout: '30'

2018-03-05 15:38:15 - [MESSAGE][PASSED] - Object 'Object Repository/CuPaDl/Color/Color_lapisblue' is visible

2018-03-05 15:38:16 - [MESSAGE][PASSED] - Delayed 1 second(s)

2018-03-05 15:38:16 - [MESSAGE][PASSED] - Object: 'Object Repository/CuPaDl/Color/Color_lapisblue' is clicked on

2018-03-05 15:38:19 - [MESSAGE][WARNING] - Object 'Object Repository/CuPaDl/Loading_indicator' is not visible after 3 second(s)

2018-03-05 15:38:20 - [MESSAGE][PASSED] - Delayed 1 second(s)

2018-03-05 15:38:20 - [MESSAGE][PASSED] - cupakeysDl.color.changecolor is PASSED

2018-03-05 15:38:20 - [TEST_STEP][PASSED] - Statement - (step++): null

2018-03-05 15:38:20 - [TEST_STEP][PASSED] - cupakeysDl.chngstruct.changestructure: cupakeysDl.chngstruct.changestructure is PASSED

2018-03-05 15:38:20 - [MESSAGE][PASSED] - Object: 'Object Repository/CuPaDl/Structure/Structure' is clicked on

2018-03-05 15:38:20 - [MESSAGE][WARNING] - Timeout '0' is invalid. Using default page load timeout: '30'

2018-03-05 15:38:20 - [MESSAGE][PASSED] - Object 'Object Repository/CuPaDl/Structure/Structure_Hahnentritt' is visible

2018-03-05 15:38:21 - [MESSAGE][PASSED] - Delayed 1 second(s)

2018-03-05 15:38:21 - [MESSAGE][PASSED] - Object: 'Object Repository/CuPaDl/Structure/Structure_fadedotscircular' is clicked on

2018-03-05 15:38:22 - [MESSAGE][PASSED] - Object 'Object Repository/CuPaDl/Loading_indicator' is visible

2018-03-05 15:38:24 - [MESSAGE][PASSED] - Object 'Object Repository/CuPaDl/Loading_indicator' is NOT visible

2018-03-05 15:38:25 - [MESSAGE][PASSED] - Delayed 1 second(s)

2018-03-05 15:38:25 - [MESSAGE][PASSED] - cupakeysDl.chngstruct.changestructure is PASSED

2018-03-05 15:38:25 - [TEST_STEP][PASSED] - Statement - (step++): null

2018-03-05 15:38:25 - [TEST_STEP][PASSED] - cupakeysDl.sclstruct.scalestructure: cupakeysDl.sclstruct.scalestructure is PASSED

2018-03-05 15:38:28 - [MESSAGE][WARNING] - Object 'Object Repository/CuPaDl/Structure/Resize_Structure_bottomright' is not visible after 3 second(s)

2018-03-05 15:38:28 - [MESSAGE][PASSED] - Object: 'Object Repository/CuPaDl/Structure/Resize_Structure' is clicked on

2018-03-05 15:38:28 - [MESSAGE][WARNING] - Timeout '0' is invalid. Using default page load timeout: '30'

2018-03-05 15:38:28 - [MESSAGE][PASSED] - Object 'Object Repository/CuPaDl/Structure/Resize_Structure_bottomright' is visible

2018-03-05 15:38:29 - [MESSAGE][PASSED] - Delayed 1 second(s)

2018-03-05 15:38:29 - [MESSAGE][PASSED] - Current viewport's left (x) position is 0

2018-03-05 15:38:29 - [MESSAGE][PASSED] - Current viewport's top (y) position is 54

2018-03-05 15:38:29 - [MESSAGE][PASSED] - Dragged object with id 'Object Repository/CuPaDl/Structure/Resize_Structure_bottomright' by offset distance x = 225 and y = 279 successfully

2018-03-05 15:38:30 - [MESSAGE][PASSED] - Object 'Object Repository/CuPaDl/Loading_indicator' is visible

2018-03-05 15:38:31 - [MESSAGE][PASSED] - Object 'Object Repository/CuPaDl/Loading_indicator' is NOT visible

2018-03-05 15:38:32 - [MESSAGE][PASSED] - Delayed 1 second(s)

2018-03-05 15:38:32 - [MESSAGE][PASSED] - cupakeysDl.sclstruct.scalestructure is PASSED

2018-03-05 15:38:32 - [TEST_STEP][PASSED] - Statement - (step++): null

2018-03-05 15:38:32 - [TEST_STEP][PASSED] - Statement - iconmap += CustomKeywords.cupakeysDl.iconad.iconadd("longboard", LoadTimeCorrector, step, run, device, timeStamp, iconcount): cupakeysDl.iconad.iconadd is PASSED

2018-03-05 15:38:32 - [MESSAGE][PASSED] - Object: 'Object Repository/CuPaDl/Icons/Icon' is clicked on

2018-03-05 15:38:32 - [MESSAGE][WARNING] - Timeout '0' is invalid. Using default page load timeout: '30'

2018-03-05 15:38:32 - [MESSAGE][PASSED] - Object 'Object Repository/CuPaDl/Icons/Icon_longboard' is visible

2018-03-05 15:38:33 - [MESSAGE][PASSED] - Delayed 1 second(s)

2018-03-05 15:38:33 - [MESSAGE][PASSED] - Object: 'Object Repository/CuPaDl/Icons/Icon_longboard' is clicked on

2018-03-05 15:38:34 - [MESSAGE][PASSED] - Object 'Object Repository/CuPaDl/Loading_indicator' is visible

2018-03-05 15:38:38 - [MESSAGE][PASSED] - Object 'Object Repository/CuPaDl/Loading_indicator' is NOT visible

2018-03-05 15:38:38 - [MESSAGE][WARNING] - Timeout '0' is invalid. Using default page load timeout: '30'

2018-03-05 15:38:38 - [MESSAGE][PASSED] - Width of element 'Object Repository/CuPaDl/Icons/Reposition_icon' is '40'

2018-03-05 15:38:38 - [MESSAGE][PASSED] - Height of element 'Object Repository/CuPaDl/Icons/Reposition_icon' is '40'.

2018-03-05 15:38:39 - [MESSAGE][PASSED] - Delayed 1 second(s)

2018-03-05 15:38:39 - [MESSAGE][PASSED] - cupakeysDl.iconad.iconadd is PASSED

2018-03-05 15:38:39 - [TEST_STEP][PASSED] - Statement - (step++): null

2018-03-05 15:38:39 - [TEST_STEP][PASSED] - Statement - (iconcount++): null

2018-03-05 15:38:39 - [TEST_STEP][PASSED] - cupakeysDl.iconres.iconresize: cupakeysDl.iconres.iconresize is PASSED

2018-03-05 15:38:39 - [MESSAGE][PASSED] - Object 'Object Repository/CuPaDl/Icons/Reposition_icon' is visible

2018-03-05 15:38:39 - [MESSAGE][PASSED] - Current viewport's left (x) position is 0

2018-03-05 15:38:39 - [MESSAGE][PASSED] - Current viewport's top (y) position is 54

2018-03-05 15:38:40 - [MESSAGE][PASSED] - Dragged object with id 'Object Repository/CuPaDl/Icons/Resize_icon_bottomright' by offset distance x = 125 and y = 179 successfully

2018-03-05 15:38:41 - [MESSAGE][PASSED] - Object 'Object Repository/CuPaDl/Loading_indicator' is visible

2018-03-05 15:38:44 - [MESSAGE][PASSED] - Object 'Object Repository/CuPaDl/Loading_indicator' is NOT visible

2018-03-05 15:38:45 - [MESSAGE][PASSED] - Delayed 1 second(s)

2018-03-05 15:38:45 - [MESSAGE][PASSED] - cupakeysDl.iconres.iconresize is PASSED

2018-03-05 15:38:45 - [TEST_STEP][PASSED] - Statement - (step++): null

2018-03-05 15:38:45 - [TEST_STEP][PASSED] - cupakeysDl.slink.svlink: cupakeysDl.slink.svlink is PASSED

2018-03-05 15:38:45 - [MESSAGE][PASSED] - Scroll to object 'Object Repository/CuPaDl/Save/Save' successfully

2018-03-05 15:38:45 - [MESSAGE][PASSED] - Object: 'Object Repository/CuPaDl/Save/Save' is clicked on

2018-03-05 15:38:45 - [MESSAGE][WARNING] - Timeout '0' is invalid. Using default page load timeout: '30'

2018-03-05 15:38:46 - [MESSAGE][PASSED] - Object 'Object Repository/CuPaDl/Save/CopyLink' is visible

2018-03-05 15:38:46 - [MESSAGE][PASSED] - Object: 'Object Repository/CuPaDl/Save/CopyLink' is clicked on

2018-03-05 15:38:47 - [MESSAGE][PASSED] - Delayed 1 second(s)

2018-03-05 15:38:47 - [MESSAGE][PASSED] - Object: 'Object Repository/CuPaDl/Save/Close' is clicked on

2018-03-05 15:38:48 - [MESSAGE][PASSED] - Delayed 1 second(s)

2018-03-05 15:38:48 - [MESSAGE][PASSED] - cupakeysDl.slink.svlink is PASSED

2018-03-05 15:38:48 - [TEST_STEP][PASSED] - cupakeysDl.endsession.finishsession: cupakeysDl.endsession.finishsession is PASSED

2018-03-05 15:38:51 - [MESSAGE][PASSED] - Delayed 3 second(s)

2018-03-05 15:38:52 - [MESSAGE][PASSED] - Browser is closed

2018-03-05 15:38:52 - [MESSAGE][PASSED] - cupakeysDl.endsession.finishsession is PASSED]]></system-out>
         <system-err><![CDATA[]]></system-err>
      </testcase>
      <testcase name="Test Cases/CuPaStefanie/23" classname="Test Cases/CuPaStefanie/23" status="PASSED">
         <system-out><![CDATA[2018-03-05 15:38:52 - [TEST_CASE][PASSED] - Test Cases/CuPaStefanie/23: Test Cases/CuPaStefanie/23

2018-03-05 15:38:52 - [TEST_STEP][PASSED] - Statement - timeStamp = new java.text.SimpleDateFormat(dd.MM.yyyy).format(java.util.Calendar.getInstance().getTime()): null

2018-03-05 15:38:52 - [TEST_STEP][PASSED] - Statement - timeStampScreenshot = new java.text.SimpleDateFormat(dd.MM.yyyy).format(java.util.Calendar.getInstance().getTime()): null

2018-03-05 15:38:52 - [TEST_STEP][PASSED] - Statement - iconmap = [:]: null

2018-03-05 15:38:52 - [TEST_STEP][PASSED] - Statement - txtmap = [:]: null

2018-03-05 15:38:52 - [TEST_STEP][PASSED] - Statement - signmap = [:]: null

2018-03-05 15:38:52 - [TEST_STEP][PASSED] - cupakeysDl.initStart.initialStart: cupakeysDl.initStart.initialStart is PASSED

2018-03-05 15:38:54 - [MESSAGE][PASSED] - Browser is opened with url: ''

2018-03-05 15:38:57 - [MESSAGE][PASSED] - Delayed 3 second(s)

2018-03-05 15:38:58 - [MESSAGE][PASSED] - Navigate to 'https://d16a4dsnr8a0k1.cloudfront.net/en/2455233.html?price=150.00%20%E2%82%AC&partName=wilsonPartName&vin=wilsonVin&modelCode=XP11&paint=P0A94&modelDescription=wilsonModelDescription&additionalEquipment=wilsonAdditionalEquipment' successfully

2018-03-05 15:38:58 - [MESSAGE][PASSED] - Object 'Object Repository/CuPaDl/Loading_indicator' is visible

2018-03-05 15:39:03 - [MESSAGE][PASSED] - Object 'Object Repository/CuPaDl/Loading_indicator' is NOT visible

2018-03-05 15:39:04 - [MESSAGE][PASSED] - Delayed 1 second(s)

2018-03-05 15:39:04 - [MESSAGE][PASSED] - cupakeysDl.initStart.initialStart is PASSED

2018-03-05 15:39:04 - [TEST_STEP][PASSED] - Statement - (step++): null

2018-03-05 15:39:04 - [TEST_STEP][PASSED] - cupakeysDl.color.changecolor: cupakeysDl.color.changecolor is PASSED

2018-03-05 15:39:04 - [MESSAGE][PASSED] - Object 'Object Repository/CuPaDl/Color/Color' is visible

2018-03-05 15:39:04 - [MESSAGE][PASSED] - Object: 'Object Repository/CuPaDl/Color/Color' is clicked on

2018-03-05 15:39:04 - [MESSAGE][WARNING] - Timeout '0' is invalid. Using default page load timeout: '30'

2018-03-05 15:39:04 - [MESSAGE][PASSED] - Object 'Object Repository/CuPaDl/Color/Color_caribeanaqua' is visible

2018-03-05 15:39:05 - [MESSAGE][PASSED] - Delayed 1 second(s)

2018-03-05 15:39:05 - [MESSAGE][PASSED] - Object: 'Object Repository/CuPaDl/Color/Color_caribeanaqua' is clicked on

2018-03-05 15:39:08 - [MESSAGE][WARNING] - Object 'Object Repository/CuPaDl/Loading_indicator' is not visible after 3 second(s)

2018-03-05 15:39:09 - [MESSAGE][PASSED] - Delayed 1 second(s)

2018-03-05 15:39:09 - [MESSAGE][PASSED] - cupakeysDl.color.changecolor is PASSED

2018-03-05 15:39:09 - [TEST_STEP][PASSED] - Statement - (step++): null

2018-03-05 15:39:09 - [TEST_STEP][PASSED] - cupakeysDl.chngstruct.changestructure: cupakeysDl.chngstruct.changestructure is PASSED

2018-03-05 15:39:09 - [MESSAGE][PASSED] - Object: 'Object Repository/CuPaDl/Structure/Structure' is clicked on

2018-03-05 15:39:09 - [MESSAGE][WARNING] - Timeout '0' is invalid. Using default page load timeout: '30'

2018-03-05 15:39:09 - [MESSAGE][PASSED] - Object 'Object Repository/CuPaDl/Structure/Structure_Hahnentritt' is visible

2018-03-05 15:39:10 - [MESSAGE][PASSED] - Delayed 1 second(s)

2018-03-05 15:39:10 - [MESSAGE][PASSED] - Object: 'Object Repository/CuPaDl/Structure/Structure_fadechessboard' is clicked on

2018-03-05 15:39:11 - [MESSAGE][PASSED] - Object 'Object Repository/CuPaDl/Loading_indicator' is visible

2018-03-05 15:39:12 - [MESSAGE][PASSED] - Object 'Object Repository/CuPaDl/Loading_indicator' is NOT visible

2018-03-05 15:39:13 - [MESSAGE][PASSED] - Delayed 1 second(s)

2018-03-05 15:39:13 - [MESSAGE][PASSED] - cupakeysDl.chngstruct.changestructure is PASSED

2018-03-05 15:39:13 - [TEST_STEP][PASSED] - Statement - (step++): null

2018-03-05 15:39:13 - [TEST_STEP][PASSED] - cupakeysDl.sclstruct.scalestructure: cupakeysDl.sclstruct.scalestructure is PASSED

2018-03-05 15:39:16 - [MESSAGE][WARNING] - Object 'Object Repository/CuPaDl/Structure/Resize_Structure_bottomright' is not visible after 3 second(s)

2018-03-05 15:39:16 - [MESSAGE][PASSED] - Object: 'Object Repository/CuPaDl/Structure/Resize_Structure' is clicked on

2018-03-05 15:39:16 - [MESSAGE][WARNING] - Timeout '0' is invalid. Using default page load timeout: '30'

2018-03-05 15:39:16 - [MESSAGE][PASSED] - Object 'Object Repository/CuPaDl/Structure/Resize_Structure_bottomright' is visible

2018-03-05 15:39:17 - [MESSAGE][PASSED] - Delayed 1 second(s)

2018-03-05 15:39:17 - [MESSAGE][PASSED] - Current viewport's left (x) position is 0

2018-03-05 15:39:17 - [MESSAGE][PASSED] - Current viewport's top (y) position is 54

2018-03-05 15:39:17 - [MESSAGE][PASSED] - Dragged object with id 'Object Repository/CuPaDl/Structure/Resize_Structure_bottomright' by offset distance x = -225 and y = -171 successfully

2018-03-05 15:39:21 - [MESSAGE][WARNING] - Object 'Object Repository/CuPaDl/Loading_indicator' is not visible after 3 second(s)

2018-03-05 15:39:22 - [MESSAGE][PASSED] - Delayed 1 second(s)

2018-03-05 15:39:22 - [MESSAGE][PASSED] - cupakeysDl.sclstruct.scalestructure is PASSED

2018-03-05 15:39:22 - [TEST_STEP][PASSED] - Statement - (step++): null

2018-03-05 15:39:22 - [TEST_STEP][PASSED] - Statement - iconmap += CustomKeywords.cupakeysDl.iconad.iconadd("surf", LoadTimeCorrector, step, run, device, timeStamp, iconcount): cupakeysDl.iconad.iconadd is PASSED

2018-03-05 15:39:22 - [MESSAGE][PASSED] - Object: 'Object Repository/CuPaDl/Icons/Icon' is clicked on

2018-03-05 15:39:22 - [MESSAGE][WARNING] - Timeout '0' is invalid. Using default page load timeout: '30'

2018-03-05 15:39:22 - [MESSAGE][PASSED] - Object 'Object Repository/CuPaDl/Icons/Icon_surf' is visible

2018-03-05 15:39:23 - [MESSAGE][PASSED] - Delayed 1 second(s)

2018-03-05 15:39:23 - [MESSAGE][PASSED] - Object: 'Object Repository/CuPaDl/Icons/Icon_surf' is clicked on

2018-03-05 15:39:24 - [MESSAGE][PASSED] - Object 'Object Repository/CuPaDl/Loading_indicator' is visible

2018-03-05 15:39:25 - [MESSAGE][PASSED] - Object 'Object Repository/CuPaDl/Loading_indicator' is NOT visible

2018-03-05 15:39:25 - [MESSAGE][WARNING] - Timeout '0' is invalid. Using default page load timeout: '30'

2018-03-05 15:39:25 - [MESSAGE][PASSED] - Width of element 'Object Repository/CuPaDl/Icons/Reposition_icon' is '40'

2018-03-05 15:39:25 - [MESSAGE][PASSED] - Height of element 'Object Repository/CuPaDl/Icons/Reposition_icon' is '40'.

2018-03-05 15:39:26 - [MESSAGE][PASSED] - Delayed 1 second(s)

2018-03-05 15:39:26 - [MESSAGE][PASSED] - cupakeysDl.iconad.iconadd is PASSED

2018-03-05 15:39:26 - [TEST_STEP][PASSED] - Statement - (step++): null

2018-03-05 15:39:26 - [TEST_STEP][PASSED] - Statement - (iconcount++): null

2018-03-05 15:39:26 - [TEST_STEP][PASSED] - cupakeysDl.iconres.iconresize: cupakeysDl.iconres.iconresize is PASSED

2018-03-05 15:39:26 - [MESSAGE][PASSED] - Object 'Object Repository/CuPaDl/Icons/Reposition_icon' is visible

2018-03-05 15:39:26 - [MESSAGE][PASSED] - Current viewport's left (x) position is 0

2018-03-05 15:39:26 - [MESSAGE][PASSED] - Current viewport's top (y) position is 54

2018-03-05 15:39:26 - [MESSAGE][PASSED] - Dragged object with id 'Object Repository/CuPaDl/Icons/Resize_icon_bottomright' by offset distance x = -125 and y = -71 successfully

2018-03-05 15:39:27 - [MESSAGE][PASSED] - Object 'Object Repository/CuPaDl/Loading_indicator' is visible

2018-03-05 15:39:28 - [MESSAGE][PASSED] - Object 'Object Repository/CuPaDl/Loading_indicator' is NOT visible

2018-03-05 15:39:29 - [MESSAGE][PASSED] - Delayed 1 second(s)

2018-03-05 15:39:29 - [MESSAGE][PASSED] - cupakeysDl.iconres.iconresize is PASSED

2018-03-05 15:39:29 - [TEST_STEP][PASSED] - Statement - (step++): null

2018-03-05 15:39:29 - [TEST_STEP][PASSED] - cupakeysDl.slink.svlink: cupakeysDl.slink.svlink is PASSED

2018-03-05 15:39:29 - [MESSAGE][PASSED] - Scroll to object 'Object Repository/CuPaDl/Save/Save' successfully

2018-03-05 15:39:29 - [MESSAGE][PASSED] - Object: 'Object Repository/CuPaDl/Save/Save' is clicked on

2018-03-05 15:39:29 - [MESSAGE][WARNING] - Timeout '0' is invalid. Using default page load timeout: '30'

2018-03-05 15:39:30 - [MESSAGE][PASSED] - Object 'Object Repository/CuPaDl/Save/CopyLink' is visible

2018-03-05 15:39:30 - [MESSAGE][PASSED] - Object: 'Object Repository/CuPaDl/Save/CopyLink' is clicked on

2018-03-05 15:39:31 - [MESSAGE][PASSED] - Delayed 1 second(s)

2018-03-05 15:39:31 - [MESSAGE][PASSED] - Object: 'Object Repository/CuPaDl/Save/Close' is clicked on

2018-03-05 15:39:32 - [MESSAGE][PASSED] - Delayed 1 second(s)

2018-03-05 15:39:32 - [MESSAGE][PASSED] - cupakeysDl.slink.svlink is PASSED

2018-03-05 15:39:32 - [TEST_STEP][PASSED] - cupakeysDl.endsession.finishsession: cupakeysDl.endsession.finishsession is PASSED

2018-03-05 15:39:35 - [MESSAGE][PASSED] - Delayed 3 second(s)

2018-03-05 15:39:36 - [MESSAGE][PASSED] - Browser is closed

2018-03-05 15:39:36 - [MESSAGE][PASSED] - cupakeysDl.endsession.finishsession is PASSED]]></system-out>
         <system-err><![CDATA[]]></system-err>
      </testcase>
      <testcase name="Test Cases/CuPaStefanie/24" classname="Test Cases/CuPaStefanie/24" status="PASSED">
         <system-out><![CDATA[2018-03-05 15:39:36 - [TEST_CASE][PASSED] - Test Cases/CuPaStefanie/24: Test Cases/CuPaStefanie/24

2018-03-05 15:39:36 - [TEST_STEP][PASSED] - Statement - timeStamp = new java.text.SimpleDateFormat(dd.MM.yyyy).format(java.util.Calendar.getInstance().getTime()): null

2018-03-05 15:39:36 - [TEST_STEP][PASSED] - Statement - timeStampScreenshot = new java.text.SimpleDateFormat(dd.MM.yyyy).format(java.util.Calendar.getInstance().getTime()): null

2018-03-05 15:39:36 - [TEST_STEP][PASSED] - Statement - iconmap = [:]: null

2018-03-05 15:39:36 - [TEST_STEP][PASSED] - Statement - txtmap = [:]: null

2018-03-05 15:39:36 - [TEST_STEP][PASSED] - Statement - signmap = [:]: null

2018-03-05 15:39:36 - [TEST_STEP][PASSED] - cupakeysDl.initStart.initialStart: cupakeysDl.initStart.initialStart is PASSED

2018-03-05 15:39:38 - [MESSAGE][PASSED] - Browser is opened with url: ''

2018-03-05 15:39:41 - [MESSAGE][PASSED] - Delayed 3 second(s)

2018-03-05 15:39:42 - [MESSAGE][PASSED] - Navigate to 'https://d16a4dsnr8a0k1.cloudfront.net/en/2455233.html?price=150.00%20%E2%82%AC&partName=wilsonPartName&vin=wilsonVin&modelCode=XP11&paint=P0A94&modelDescription=wilsonModelDescription&additionalEquipment=wilsonAdditionalEquipment' successfully

2018-03-05 15:39:42 - [MESSAGE][PASSED] - Object 'Object Repository/CuPaDl/Loading_indicator' is visible

2018-03-05 15:39:47 - [MESSAGE][PASSED] - Object 'Object Repository/CuPaDl/Loading_indicator' is NOT visible

2018-03-05 15:39:48 - [MESSAGE][PASSED] - Delayed 1 second(s)

2018-03-05 15:39:48 - [MESSAGE][PASSED] - cupakeysDl.initStart.initialStart is PASSED

2018-03-05 15:39:48 - [TEST_STEP][PASSED] - Statement - (step++): null

2018-03-05 15:39:48 - [TEST_STEP][PASSED] - cupakeysDl.color.changecolor: cupakeysDl.color.changecolor is PASSED

2018-03-05 15:39:48 - [MESSAGE][PASSED] - Object 'Object Repository/CuPaDl/Color/Color' is visible

2018-03-05 15:39:48 - [MESSAGE][PASSED] - Object: 'Object Repository/CuPaDl/Color/Color' is clicked on

2018-03-05 15:39:48 - [MESSAGE][WARNING] - Timeout '0' is invalid. Using default page load timeout: '30'

2018-03-05 15:39:48 - [MESSAGE][PASSED] - Object 'Object Repository/CuPaDl/Color/Color_caribeanaqua' is visible

2018-03-05 15:39:49 - [MESSAGE][PASSED] - Delayed 1 second(s)

2018-03-05 15:39:49 - [MESSAGE][PASSED] - Object: 'Object Repository/CuPaDl/Color/Color_caribeanaqua' is clicked on

2018-03-05 15:39:52 - [MESSAGE][WARNING] - Object 'Object Repository/CuPaDl/Loading_indicator' is not visible after 3 second(s)

2018-03-05 15:39:53 - [MESSAGE][PASSED] - Delayed 1 second(s)

2018-03-05 15:39:53 - [MESSAGE][PASSED] - cupakeysDl.color.changecolor is PASSED

2018-03-05 15:39:53 - [TEST_STEP][PASSED] - Statement - (step++): null

2018-03-05 15:39:53 - [TEST_STEP][PASSED] - cupakeysDl.chngstruct.changestructure: cupakeysDl.chngstruct.changestructure is PASSED

2018-03-05 15:39:53 - [MESSAGE][PASSED] - Object: 'Object Repository/CuPaDl/Structure/Structure' is clicked on

2018-03-05 15:39:53 - [MESSAGE][WARNING] - Timeout '0' is invalid. Using default page load timeout: '30'

2018-03-05 15:39:53 - [MESSAGE][PASSED] - Object 'Object Repository/CuPaDl/Structure/Structure_Hahnentritt' is visible

2018-03-05 15:39:54 - [MESSAGE][PASSED] - Delayed 1 second(s)

2018-03-05 15:39:54 - [MESSAGE][PASSED] - Object: 'Object Repository/CuPaDl/Structure/Structure_fadechessboard' is clicked on

2018-03-05 15:39:55 - [MESSAGE][PASSED] - Object 'Object Repository/CuPaDl/Loading_indicator' is visible

2018-03-05 15:39:56 - [MESSAGE][PASSED] - Object 'Object Repository/CuPaDl/Loading_indicator' is NOT visible

2018-03-05 15:39:57 - [MESSAGE][PASSED] - Delayed 1 second(s)

2018-03-05 15:39:57 - [MESSAGE][PASSED] - cupakeysDl.chngstruct.changestructure is PASSED

2018-03-05 15:39:57 - [TEST_STEP][PASSED] - Statement - (step++): null

2018-03-05 15:39:57 - [TEST_STEP][PASSED] - cupakeysDl.sclstruct.scalestructure: cupakeysDl.sclstruct.scalestructure is PASSED

2018-03-05 15:40:00 - [MESSAGE][WARNING] - Object 'Object Repository/CuPaDl/Structure/Resize_Structure_bottomright' is not visible after 3 second(s)

2018-03-05 15:40:00 - [MESSAGE][PASSED] - Object: 'Object Repository/CuPaDl/Structure/Resize_Structure' is clicked on

2018-03-05 15:40:00 - [MESSAGE][WARNING] - Timeout '0' is invalid. Using default page load timeout: '30'

2018-03-05 15:40:00 - [MESSAGE][PASSED] - Object 'Object Repository/CuPaDl/Structure/Resize_Structure_bottomright' is visible

2018-03-05 15:40:01 - [MESSAGE][PASSED] - Delayed 1 second(s)

2018-03-05 15:40:01 - [MESSAGE][PASSED] - Current viewport's left (x) position is 0

2018-03-05 15:40:01 - [MESSAGE][PASSED] - Current viewport's top (y) position is 54

2018-03-05 15:40:02 - [MESSAGE][PASSED] - Dragged object with id 'Object Repository/CuPaDl/Structure/Resize_Structure_bottomright' by offset distance x = 225 and y = 279 successfully

2018-03-05 15:40:05 - [MESSAGE][WARNING] - Object 'Object Repository/CuPaDl/Loading_indicator' is not visible after 3 second(s)

2018-03-05 15:40:06 - [MESSAGE][PASSED] - Delayed 1 second(s)

2018-03-05 15:40:06 - [MESSAGE][PASSED] - cupakeysDl.sclstruct.scalestructure is PASSED

2018-03-05 15:40:06 - [TEST_STEP][PASSED] - Statement - (step++): null

2018-03-05 15:40:06 - [TEST_STEP][PASSED] - Statement - iconmap += CustomKeywords.cupakeysDl.iconad.iconadd("surf", LoadTimeCorrector, step, run, device, timeStamp, iconcount): cupakeysDl.iconad.iconadd is PASSED

2018-03-05 15:40:06 - [MESSAGE][PASSED] - Object: 'Object Repository/CuPaDl/Icons/Icon' is clicked on

2018-03-05 15:40:06 - [MESSAGE][WARNING] - Timeout '0' is invalid. Using default page load timeout: '30'

2018-03-05 15:40:06 - [MESSAGE][PASSED] - Object 'Object Repository/CuPaDl/Icons/Icon_surf' is visible

2018-03-05 15:40:07 - [MESSAGE][PASSED] - Delayed 1 second(s)

2018-03-05 15:40:07 - [MESSAGE][PASSED] - Object: 'Object Repository/CuPaDl/Icons/Icon_surf' is clicked on

2018-03-05 15:40:08 - [MESSAGE][PASSED] - Object 'Object Repository/CuPaDl/Loading_indicator' is visible

2018-03-05 15:40:09 - [MESSAGE][PASSED] - Object 'Object Repository/CuPaDl/Loading_indicator' is NOT visible

2018-03-05 15:40:09 - [MESSAGE][WARNING] - Timeout '0' is invalid. Using default page load timeout: '30'

2018-03-05 15:40:09 - [MESSAGE][PASSED] - Width of element 'Object Repository/CuPaDl/Icons/Reposition_icon' is '40'

2018-03-05 15:40:09 - [MESSAGE][PASSED] - Height of element 'Object Repository/CuPaDl/Icons/Reposition_icon' is '40'.

2018-03-05 15:40:10 - [MESSAGE][PASSED] - Delayed 1 second(s)

2018-03-05 15:40:10 - [MESSAGE][PASSED] - cupakeysDl.iconad.iconadd is PASSED

2018-03-05 15:40:10 - [TEST_STEP][PASSED] - Statement - (step++): null

2018-03-05 15:40:10 - [TEST_STEP][PASSED] - Statement - (iconcount++): null

2018-03-05 15:40:10 - [TEST_STEP][PASSED] - cupakeysDl.iconres.iconresize: cupakeysDl.iconres.iconresize is PASSED

2018-03-05 15:40:10 - [MESSAGE][PASSED] - Object 'Object Repository/CuPaDl/Icons/Reposition_icon' is visible

2018-03-05 15:40:10 - [MESSAGE][PASSED] - Current viewport's left (x) position is 0

2018-03-05 15:40:10 - [MESSAGE][PASSED] - Current viewport's top (y) position is 54

2018-03-05 15:40:10 - [MESSAGE][PASSED] - Dragged object with id 'Object Repository/CuPaDl/Icons/Resize_icon_bottomright' by offset distance x = 125 and y = 179 successfully

2018-03-05 15:40:11 - [MESSAGE][PASSED] - Object 'Object Repository/CuPaDl/Loading_indicator' is visible

2018-03-05 15:40:12 - [MESSAGE][PASSED] - Object 'Object Repository/CuPaDl/Loading_indicator' is NOT visible

2018-03-05 15:40:13 - [MESSAGE][PASSED] - Delayed 1 second(s)

2018-03-05 15:40:13 - [MESSAGE][PASSED] - cupakeysDl.iconres.iconresize is PASSED

2018-03-05 15:40:13 - [TEST_STEP][PASSED] - Statement - (step++): null

2018-03-05 15:40:13 - [TEST_STEP][PASSED] - cupakeysDl.slink.svlink: cupakeysDl.slink.svlink is PASSED

2018-03-05 15:40:13 - [MESSAGE][PASSED] - Scroll to object 'Object Repository/CuPaDl/Save/Save' successfully

2018-03-05 15:40:13 - [MESSAGE][PASSED] - Object: 'Object Repository/CuPaDl/Save/Save' is clicked on

2018-03-05 15:40:13 - [MESSAGE][WARNING] - Timeout '0' is invalid. Using default page load timeout: '30'

2018-03-05 15:40:13 - [MESSAGE][PASSED] - Object 'Object Repository/CuPaDl/Save/CopyLink' is visible

2018-03-05 15:40:13 - [MESSAGE][PASSED] - Object: 'Object Repository/CuPaDl/Save/CopyLink' is clicked on

2018-03-05 15:40:14 - [MESSAGE][PASSED] - Delayed 1 second(s)

2018-03-05 15:40:14 - [MESSAGE][PASSED] - Object: 'Object Repository/CuPaDl/Save/Close' is clicked on

2018-03-05 15:40:15 - [MESSAGE][PASSED] - Delayed 1 second(s)

2018-03-05 15:40:15 - [MESSAGE][PASSED] - cupakeysDl.slink.svlink is PASSED

2018-03-05 15:40:15 - [TEST_STEP][PASSED] - cupakeysDl.endsession.finishsession: cupakeysDl.endsession.finishsession is PASSED

2018-03-05 15:40:18 - [MESSAGE][PASSED] - Delayed 3 second(s)

2018-03-05 15:40:19 - [MESSAGE][PASSED] - Browser is closed

2018-03-05 15:40:19 - [MESSAGE][PASSED] - cupakeysDl.endsession.finishsession is PASSED]]></system-out>
         <system-err><![CDATA[]]></system-err>
      </testcase>
      <testcase name="Test Cases/CuPaStefanie/25" classname="Test Cases/CuPaStefanie/25" status="PASSED">
         <system-out><![CDATA[2018-03-05 15:40:19 - [TEST_CASE][PASSED] - Test Cases/CuPaStefanie/25: Test Cases/CuPaStefanie/25

2018-03-05 15:40:19 - [TEST_STEP][PASSED] - Statement - timeStamp = new java.text.SimpleDateFormat(dd.MM.yyyy).format(java.util.Calendar.getInstance().getTime()): null

2018-03-05 15:40:19 - [TEST_STEP][PASSED] - Statement - timeStampScreenshot = new java.text.SimpleDateFormat(dd.MM.yyyy).format(java.util.Calendar.getInstance().getTime()): null

2018-03-05 15:40:19 - [TEST_STEP][PASSED] - Statement - iconmap = [:]: null

2018-03-05 15:40:19 - [TEST_STEP][PASSED] - Statement - txtmap = [:]: null

2018-03-05 15:40:19 - [TEST_STEP][PASSED] - Statement - signmap = [:]: null

2018-03-05 15:40:19 - [TEST_STEP][PASSED] - cupakeysDl.initStart.initialStart: cupakeysDl.initStart.initialStart is PASSED

2018-03-05 15:40:21 - [MESSAGE][PASSED] - Browser is opened with url: ''

2018-03-05 15:40:24 - [MESSAGE][PASSED] - Delayed 3 second(s)

2018-03-05 15:40:25 - [MESSAGE][PASSED] - Navigate to 'https://d16a4dsnr8a0k1.cloudfront.net/en/2455233.html?price=150.00%20%E2%82%AC&partName=wilsonPartName&vin=wilsonVin&modelCode=XP11&paint=P0A94&modelDescription=wilsonModelDescription&additionalEquipment=wilsonAdditionalEquipment' successfully

2018-03-05 15:40:25 - [MESSAGE][PASSED] - Object 'Object Repository/CuPaDl/Loading_indicator' is visible

2018-03-05 15:40:31 - [MESSAGE][PASSED] - Object 'Object Repository/CuPaDl/Loading_indicator' is NOT visible

2018-03-05 15:40:32 - [MESSAGE][PASSED] - Delayed 1 second(s)

2018-03-05 15:40:32 - [MESSAGE][PASSED] - cupakeysDl.initStart.initialStart is PASSED

2018-03-05 15:40:32 - [TEST_STEP][PASSED] - Statement - (step++): null

2018-03-05 15:40:32 - [TEST_STEP][PASSED] - cupakeysDl.color.changecolor: cupakeysDl.color.changecolor is PASSED

2018-03-05 15:40:32 - [MESSAGE][PASSED] - Object 'Object Repository/CuPaDl/Color/Color' is visible

2018-03-05 15:40:32 - [MESSAGE][PASSED] - Object: 'Object Repository/CuPaDl/Color/Color' is clicked on

2018-03-05 15:40:32 - [MESSAGE][WARNING] - Timeout '0' is invalid. Using default page load timeout: '30'

2018-03-05 15:40:32 - [MESSAGE][PASSED] - Object 'Object Repository/CuPaDl/Color/Color_jetblack' is visible

2018-03-05 15:40:33 - [MESSAGE][PASSED] - Delayed 1 second(s)

2018-03-05 15:40:33 - [MESSAGE][PASSED] - Object: 'Object Repository/CuPaDl/Color/Color_jetblack' is clicked on

2018-03-05 15:40:36 - [MESSAGE][WARNING] - Object 'Object Repository/CuPaDl/Loading_indicator' is not visible after 3 second(s)

2018-03-05 15:40:37 - [MESSAGE][PASSED] - Delayed 1 second(s)

2018-03-05 15:40:37 - [MESSAGE][PASSED] - cupakeysDl.color.changecolor is PASSED

2018-03-05 15:40:37 - [TEST_STEP][PASSED] - Statement - (step++): null

2018-03-05 15:40:37 - [TEST_STEP][PASSED] - cupakeysDl.chngstruct.changestructure: cupakeysDl.chngstruct.changestructure is PASSED

2018-03-05 15:40:37 - [MESSAGE][PASSED] - Object: 'Object Repository/CuPaDl/Structure/Structure' is clicked on

2018-03-05 15:40:37 - [MESSAGE][WARNING] - Timeout '0' is invalid. Using default page load timeout: '30'

2018-03-05 15:40:37 - [MESSAGE][PASSED] - Object 'Object Repository/CuPaDl/Structure/Structure_Hahnentritt' is visible

2018-03-05 15:40:38 - [MESSAGE][PASSED] - Delayed 1 second(s)

2018-03-05 15:40:38 - [MESSAGE][PASSED] - Object: 'Object Repository/CuPaDl/Structure/Structure_fadeangel' is clicked on

2018-03-05 15:40:39 - [MESSAGE][PASSED] - Object 'Object Repository/CuPaDl/Loading_indicator' is visible

2018-03-05 15:40:42 - [MESSAGE][PASSED] - Object 'Object Repository/CuPaDl/Loading_indicator' is NOT visible

2018-03-05 15:40:43 - [MESSAGE][PASSED] - Delayed 1 second(s)

2018-03-05 15:40:43 - [MESSAGE][PASSED] - cupakeysDl.chngstruct.changestructure is PASSED

2018-03-05 15:40:43 - [TEST_STEP][PASSED] - Statement - (step++): null

2018-03-05 15:40:43 - [TEST_STEP][PASSED] - cupakeysDl.sclstruct.scalestructure: cupakeysDl.sclstruct.scalestructure is PASSED

2018-03-05 15:40:46 - [MESSAGE][WARNING] - Object 'Object Repository/CuPaDl/Structure/Resize_Structure_bottomright' is not visible after 3 second(s)

2018-03-05 15:40:46 - [MESSAGE][PASSED] - Object: 'Object Repository/CuPaDl/Structure/Resize_Structure' is clicked on

2018-03-05 15:40:46 - [MESSAGE][WARNING] - Timeout '0' is invalid. Using default page load timeout: '30'

2018-03-05 15:40:46 - [MESSAGE][PASSED] - Object 'Object Repository/CuPaDl/Structure/Resize_Structure_bottomright' is visible

2018-03-05 15:40:47 - [MESSAGE][PASSED] - Delayed 1 second(s)

2018-03-05 15:40:47 - [MESSAGE][PASSED] - Current viewport's left (x) position is 0

2018-03-05 15:40:47 - [MESSAGE][PASSED] - Current viewport's top (y) position is 54

2018-03-05 15:40:47 - [MESSAGE][PASSED] - Dragged object with id 'Object Repository/CuPaDl/Structure/Resize_Structure_bottomright' by offset distance x = -225 and y = -171 successfully

2018-03-05 15:40:48 - [MESSAGE][PASSED] - Object 'Object Repository/CuPaDl/Loading_indicator' is visible

2018-03-05 15:40:51 - [MESSAGE][PASSED] - Object 'Object Repository/CuPaDl/Loading_indicator' is NOT visible

2018-03-05 15:40:52 - [MESSAGE][PASSED] - Delayed 1 second(s)

2018-03-05 15:40:52 - [MESSAGE][PASSED] - cupakeysDl.sclstruct.scalestructure is PASSED

2018-03-05 15:40:52 - [TEST_STEP][PASSED] - Statement - (step++): null

2018-03-05 15:40:52 - [TEST_STEP][PASSED] - Statement - iconmap += CustomKeywords.cupakeysDl.iconad.iconadd("snow", LoadTimeCorrector, step, run, device, timeStamp, iconcount): cupakeysDl.iconad.iconadd is PASSED

2018-03-05 15:40:52 - [MESSAGE][PASSED] - Object: 'Object Repository/CuPaDl/Icons/Icon' is clicked on

2018-03-05 15:40:52 - [MESSAGE][WARNING] - Timeout '0' is invalid. Using default page load timeout: '30'

2018-03-05 15:40:52 - [MESSAGE][PASSED] - Object 'Object Repository/CuPaDl/Icons/Icon_snow' is visible

2018-03-05 15:40:53 - [MESSAGE][PASSED] - Delayed 1 second(s)

2018-03-05 15:40:53 - [MESSAGE][PASSED] - Object: 'Object Repository/CuPaDl/Icons/Icon_snow' is clicked on

2018-03-05 15:40:54 - [MESSAGE][PASSED] - Object 'Object Repository/CuPaDl/Loading_indicator' is visible

2018-03-05 15:40:57 - [MESSAGE][PASSED] - Object 'Object Repository/CuPaDl/Loading_indicator' is NOT visible

2018-03-05 15:40:57 - [MESSAGE][WARNING] - Timeout '0' is invalid. Using default page load timeout: '30'

2018-03-05 15:40:57 - [MESSAGE][PASSED] - Width of element 'Object Repository/CuPaDl/Icons/Reposition_icon' is '40'

2018-03-05 15:40:57 - [MESSAGE][PASSED] - Height of element 'Object Repository/CuPaDl/Icons/Reposition_icon' is '40'.

2018-03-05 15:40:59 - [MESSAGE][PASSED] - Delayed 1 second(s)

2018-03-05 15:40:59 - [MESSAGE][PASSED] - cupakeysDl.iconad.iconadd is PASSED

2018-03-05 15:40:59 - [TEST_STEP][PASSED] - Statement - (step++): null

2018-03-05 15:40:59 - [TEST_STEP][PASSED] - Statement - (iconcount++): null

2018-03-05 15:40:59 - [TEST_STEP][PASSED] - cupakeysDl.iconres.iconresize: cupakeysDl.iconres.iconresize is PASSED

2018-03-05 15:40:59 - [MESSAGE][PASSED] - Object 'Object Repository/CuPaDl/Icons/Reposition_icon' is visible

2018-03-05 15:40:59 - [MESSAGE][PASSED] - Current viewport's left (x) position is 0

2018-03-05 15:40:59 - [MESSAGE][PASSED] - Current viewport's top (y) position is 54

2018-03-05 15:40:59 - [MESSAGE][PASSED] - Dragged object with id 'Object Repository/CuPaDl/Icons/Resize_icon_bottomright' by offset distance x = -125 and y = -71 successfully

2018-03-05 15:41:00 - [MESSAGE][PASSED] - Object 'Object Repository/CuPaDl/Loading_indicator' is visible

2018-03-05 15:41:02 - [MESSAGE][PASSED] - Object 'Object Repository/CuPaDl/Loading_indicator' is NOT visible

2018-03-05 15:41:03 - [MESSAGE][PASSED] - Delayed 1 second(s)

2018-03-05 15:41:03 - [MESSAGE][PASSED] - cupakeysDl.iconres.iconresize is PASSED

2018-03-05 15:41:03 - [TEST_STEP][PASSED] - Statement - (step++): null

2018-03-05 15:41:03 - [TEST_STEP][PASSED] - cupakeysDl.slink.svlink: cupakeysDl.slink.svlink is PASSED

2018-03-05 15:41:03 - [MESSAGE][PASSED] - Scroll to object 'Object Repository/CuPaDl/Save/Save' successfully

2018-03-05 15:41:03 - [MESSAGE][PASSED] - Object: 'Object Repository/CuPaDl/Save/Save' is clicked on

2018-03-05 15:41:03 - [MESSAGE][WARNING] - Timeout '0' is invalid. Using default page load timeout: '30'

2018-03-05 15:41:04 - [MESSAGE][PASSED] - Object 'Object Repository/CuPaDl/Save/CopyLink' is visible

2018-03-05 15:41:04 - [MESSAGE][PASSED] - Object: 'Object Repository/CuPaDl/Save/CopyLink' is clicked on

2018-03-05 15:41:05 - [MESSAGE][PASSED] - Delayed 1 second(s)

2018-03-05 15:41:05 - [MESSAGE][PASSED] - Object: 'Object Repository/CuPaDl/Save/Close' is clicked on

2018-03-05 15:41:06 - [MESSAGE][PASSED] - Delayed 1 second(s)

2018-03-05 15:41:06 - [MESSAGE][PASSED] - cupakeysDl.slink.svlink is PASSED

2018-03-05 15:41:06 - [TEST_STEP][PASSED] - cupakeysDl.endsession.finishsession: cupakeysDl.endsession.finishsession is PASSED

2018-03-05 15:41:09 - [MESSAGE][PASSED] - Delayed 3 second(s)

2018-03-05 15:41:10 - [MESSAGE][PASSED] - Browser is closed

2018-03-05 15:41:10 - [MESSAGE][PASSED] - cupakeysDl.endsession.finishsession is PASSED]]></system-out>
         <system-err><![CDATA[]]></system-err>
      </testcase>
      <testcase name="Test Cases/CuPaStefanie/26" classname="Test Cases/CuPaStefanie/26" status="PASSED">
         <system-out><![CDATA[2018-03-05 15:41:10 - [TEST_CASE][PASSED] - Test Cases/CuPaStefanie/26: Test Cases/CuPaStefanie/26

2018-03-05 15:41:10 - [TEST_STEP][PASSED] - Statement - timeStamp = new java.text.SimpleDateFormat(dd.MM.yyyy).format(java.util.Calendar.getInstance().getTime()): null

2018-03-05 15:41:10 - [TEST_STEP][PASSED] - Statement - timeStampScreenshot = new java.text.SimpleDateFormat(dd.MM.yyyy).format(java.util.Calendar.getInstance().getTime()): null

2018-03-05 15:41:10 - [TEST_STEP][PASSED] - Statement - iconmap = [:]: null

2018-03-05 15:41:10 - [TEST_STEP][PASSED] - Statement - txtmap = [:]: null

2018-03-05 15:41:10 - [TEST_STEP][PASSED] - Statement - signmap = [:]: null

2018-03-05 15:41:10 - [TEST_STEP][PASSED] - cupakeysDl.initStart.initialStart: cupakeysDl.initStart.initialStart is PASSED

2018-03-05 15:41:12 - [MESSAGE][PASSED] - Browser is opened with url: ''

2018-03-05 15:41:15 - [MESSAGE][PASSED] - Delayed 3 second(s)

2018-03-05 15:41:16 - [MESSAGE][PASSED] - Navigate to 'https://d16a4dsnr8a0k1.cloudfront.net/en/2455233.html?price=150.00%20%E2%82%AC&partName=wilsonPartName&vin=wilsonVin&modelCode=XP11&paint=P0A94&modelDescription=wilsonModelDescription&additionalEquipment=wilsonAdditionalEquipment' successfully

2018-03-05 15:41:16 - [MESSAGE][PASSED] - Object 'Object Repository/CuPaDl/Loading_indicator' is visible

2018-03-05 15:41:21 - [MESSAGE][PASSED] - Object 'Object Repository/CuPaDl/Loading_indicator' is NOT visible

2018-03-05 15:41:22 - [MESSAGE][PASSED] - Delayed 1 second(s)

2018-03-05 15:41:22 - [MESSAGE][PASSED] - cupakeysDl.initStart.initialStart is PASSED

2018-03-05 15:41:22 - [TEST_STEP][PASSED] - Statement - (step++): null

2018-03-05 15:41:22 - [TEST_STEP][PASSED] - cupakeysDl.color.changecolor: cupakeysDl.color.changecolor is PASSED

2018-03-05 15:41:22 - [MESSAGE][PASSED] - Object 'Object Repository/CuPaDl/Color/Color' is visible

2018-03-05 15:41:22 - [MESSAGE][PASSED] - Object: 'Object Repository/CuPaDl/Color/Color' is clicked on

2018-03-05 15:41:22 - [MESSAGE][WARNING] - Timeout '0' is invalid. Using default page load timeout: '30'

2018-03-05 15:41:22 - [MESSAGE][PASSED] - Object 'Object Repository/CuPaDl/Color/Color_jetblack' is visible

2018-03-05 15:41:23 - [MESSAGE][PASSED] - Delayed 1 second(s)

2018-03-05 15:41:23 - [MESSAGE][PASSED] - Object: 'Object Repository/CuPaDl/Color/Color_jetblack' is clicked on

2018-03-05 15:41:26 - [MESSAGE][WARNING] - Object 'Object Repository/CuPaDl/Loading_indicator' is not visible after 3 second(s)

2018-03-05 15:41:27 - [MESSAGE][PASSED] - Delayed 1 second(s)

2018-03-05 15:41:27 - [MESSAGE][PASSED] - cupakeysDl.color.changecolor is PASSED

2018-03-05 15:41:27 - [TEST_STEP][PASSED] - Statement - (step++): null

2018-03-05 15:41:27 - [TEST_STEP][PASSED] - cupakeysDl.chngstruct.changestructure: cupakeysDl.chngstruct.changestructure is PASSED

2018-03-05 15:41:28 - [MESSAGE][PASSED] - Object: 'Object Repository/CuPaDl/Structure/Structure' is clicked on

2018-03-05 15:41:28 - [MESSAGE][WARNING] - Timeout '0' is invalid. Using default page load timeout: '30'

2018-03-05 15:41:28 - [MESSAGE][PASSED] - Object 'Object Repository/CuPaDl/Structure/Structure_Hahnentritt' is visible

2018-03-05 15:41:29 - [MESSAGE][PASSED] - Delayed 1 second(s)

2018-03-05 15:41:29 - [MESSAGE][PASSED] - Object: 'Object Repository/CuPaDl/Structure/Structure_fadeangel' is clicked on

2018-03-05 15:41:30 - [MESSAGE][PASSED] - Object 'Object Repository/CuPaDl/Loading_indicator' is visible

2018-03-05 15:41:32 - [MESSAGE][PASSED] - Object 'Object Repository/CuPaDl/Loading_indicator' is NOT visible

2018-03-05 15:41:33 - [MESSAGE][PASSED] - Delayed 1 second(s)

2018-03-05 15:41:33 - [MESSAGE][PASSED] - cupakeysDl.chngstruct.changestructure is PASSED

2018-03-05 15:41:33 - [TEST_STEP][PASSED] - Statement - (step++): null

2018-03-05 15:41:33 - [TEST_STEP][PASSED] - cupakeysDl.sclstruct.scalestructure: cupakeysDl.sclstruct.scalestructure is PASSED

2018-03-05 15:41:36 - [MESSAGE][WARNING] - Object 'Object Repository/CuPaDl/Structure/Resize_Structure_bottomright' is not visible after 3 second(s)

2018-03-05 15:41:36 - [MESSAGE][PASSED] - Object: 'Object Repository/CuPaDl/Structure/Resize_Structure' is clicked on

2018-03-05 15:41:36 - [MESSAGE][WARNING] - Timeout '0' is invalid. Using default page load timeout: '30'

2018-03-05 15:41:36 - [MESSAGE][PASSED] - Object 'Object Repository/CuPaDl/Structure/Resize_Structure_bottomright' is visible

2018-03-05 15:41:37 - [MESSAGE][PASSED] - Delayed 1 second(s)

2018-03-05 15:41:37 - [MESSAGE][PASSED] - Current viewport's left (x) position is 0

2018-03-05 15:41:37 - [MESSAGE][PASSED] - Current viewport's top (y) position is 54

2018-03-05 15:41:37 - [MESSAGE][PASSED] - Dragged object with id 'Object Repository/CuPaDl/Structure/Resize_Structure_bottomright' by offset distance x = 225 and y = 279 successfully

2018-03-05 15:41:39 - [MESSAGE][PASSED] - Object 'Object Repository/CuPaDl/Loading_indicator' is visible

2018-03-05 15:41:41 - [MESSAGE][PASSED] - Object 'Object Repository/CuPaDl/Loading_indicator' is NOT visible

2018-03-05 15:41:42 - [MESSAGE][PASSED] - Delayed 1 second(s)

2018-03-05 15:41:42 - [MESSAGE][PASSED] - cupakeysDl.sclstruct.scalestructure is PASSED

2018-03-05 15:41:42 - [TEST_STEP][PASSED] - Statement - (step++): null

2018-03-05 15:41:42 - [TEST_STEP][PASSED] - Statement - iconmap += CustomKeywords.cupakeysDl.iconad.iconadd("snow", LoadTimeCorrector, step, run, device, timeStamp, iconcount): cupakeysDl.iconad.iconadd is PASSED

2018-03-05 15:41:42 - [MESSAGE][PASSED] - Object: 'Object Repository/CuPaDl/Icons/Icon' is clicked on

2018-03-05 15:41:42 - [MESSAGE][WARNING] - Timeout '0' is invalid. Using default page load timeout: '30'

2018-03-05 15:41:42 - [MESSAGE][PASSED] - Object 'Object Repository/CuPaDl/Icons/Icon_snow' is visible

2018-03-05 15:41:43 - [MESSAGE][PASSED] - Delayed 1 second(s)

2018-03-05 15:41:43 - [MESSAGE][PASSED] - Object: 'Object Repository/CuPaDl/Icons/Icon_snow' is clicked on

2018-03-05 15:41:43 - [MESSAGE][PASSED] - Object 'Object Repository/CuPaDl/Loading_indicator' is visible

2018-03-05 15:41:47 - [MESSAGE][PASSED] - Object 'Object Repository/CuPaDl/Loading_indicator' is NOT visible

2018-03-05 15:41:47 - [MESSAGE][WARNING] - Timeout '0' is invalid. Using default page load timeout: '30'

2018-03-05 15:41:47 - [MESSAGE][PASSED] - Width of element 'Object Repository/CuPaDl/Icons/Reposition_icon' is '40'

2018-03-05 15:41:47 - [MESSAGE][PASSED] - Height of element 'Object Repository/CuPaDl/Icons/Reposition_icon' is '40'.

2018-03-05 15:41:48 - [MESSAGE][PASSED] - Delayed 1 second(s)

2018-03-05 15:41:48 - [MESSAGE][PASSED] - cupakeysDl.iconad.iconadd is PASSED

2018-03-05 15:41:48 - [TEST_STEP][PASSED] - Statement - (step++): null

2018-03-05 15:41:48 - [TEST_STEP][PASSED] - Statement - (iconcount++): null

2018-03-05 15:41:48 - [TEST_STEP][PASSED] - cupakeysDl.iconres.iconresize: cupakeysDl.iconres.iconresize is PASSED

2018-03-05 15:41:48 - [MESSAGE][PASSED] - Object 'Object Repository/CuPaDl/Icons/Reposition_icon' is visible

2018-03-05 15:41:48 - [MESSAGE][PASSED] - Current viewport's left (x) position is 0

2018-03-05 15:41:48 - [MESSAGE][PASSED] - Current viewport's top (y) position is 54

2018-03-05 15:41:48 - [MESSAGE][PASSED] - Dragged object with id 'Object Repository/CuPaDl/Icons/Resize_icon_bottomright' by offset distance x = 125 and y = 179 successfully

2018-03-05 15:41:49 - [MESSAGE][PASSED] - Object 'Object Repository/CuPaDl/Loading_indicator' is visible

2018-03-05 15:41:52 - [MESSAGE][PASSED] - Object 'Object Repository/CuPaDl/Loading_indicator' is NOT visible

2018-03-05 15:41:53 - [MESSAGE][PASSED] - Delayed 1 second(s)

2018-03-05 15:41:53 - [MESSAGE][PASSED] - cupakeysDl.iconres.iconresize is PASSED

2018-03-05 15:41:53 - [TEST_STEP][PASSED] - Statement - (step++): null

2018-03-05 15:41:53 - [TEST_STEP][PASSED] - cupakeysDl.slink.svlink: cupakeysDl.slink.svlink is PASSED

2018-03-05 15:41:53 - [MESSAGE][PASSED] - Scroll to object 'Object Repository/CuPaDl/Save/Save' successfully

2018-03-05 15:41:53 - [MESSAGE][PASSED] - Object: 'Object Repository/CuPaDl/Save/Save' is clicked on

2018-03-05 15:41:53 - [MESSAGE][WARNING] - Timeout '0' is invalid. Using default page load timeout: '30'

2018-03-05 15:41:53 - [MESSAGE][PASSED] - Object 'Object Repository/CuPaDl/Save/CopyLink' is visible

2018-03-05 15:41:53 - [MESSAGE][PASSED] - Object: 'Object Repository/CuPaDl/Save/CopyLink' is clicked on

2018-03-05 15:41:54 - [MESSAGE][PASSED] - Delayed 1 second(s)

2018-03-05 15:41:55 - [MESSAGE][PASSED] - Object: 'Object Repository/CuPaDl/Save/Close' is clicked on

2018-03-05 15:41:56 - [MESSAGE][PASSED] - Delayed 1 second(s)

2018-03-05 15:41:56 - [MESSAGE][PASSED] - cupakeysDl.slink.svlink is PASSED

2018-03-05 15:41:56 - [TEST_STEP][PASSED] - cupakeysDl.endsession.finishsession: cupakeysDl.endsession.finishsession is PASSED

2018-03-05 15:41:59 - [MESSAGE][PASSED] - Delayed 3 second(s)

2018-03-05 15:41:59 - [MESSAGE][PASSED] - Browser is closed

2018-03-05 15:41:59 - [MESSAGE][PASSED] - cupakeysDl.endsession.finishsession is PASSED]]></system-out>
         <system-err><![CDATA[]]></system-err>
      </testcase>
      <testcase name="Test Cases/CuPaStefanie/27" classname="Test Cases/CuPaStefanie/27" status="PASSED">
         <system-out><![CDATA[2018-03-05 15:41:59 - [TEST_CASE][PASSED] - Test Cases/CuPaStefanie/27: Test Cases/CuPaStefanie/27

2018-03-05 15:41:59 - [TEST_STEP][PASSED] - Statement - timeStamp = new java.text.SimpleDateFormat(dd.MM.yyyy).format(java.util.Calendar.getInstance().getTime()): null

2018-03-05 15:41:59 - [TEST_STEP][PASSED] - Statement - timeStampScreenshot = new java.text.SimpleDateFormat(dd.MM.yyyy).format(java.util.Calendar.getInstance().getTime()): null

2018-03-05 15:41:59 - [TEST_STEP][PASSED] - Statement - iconmap = [:]: null

2018-03-05 15:41:59 - [TEST_STEP][PASSED] - Statement - txtmap = [:]: null

2018-03-05 15:41:59 - [TEST_STEP][PASSED] - Statement - signmap = [:]: null

2018-03-05 15:41:59 - [TEST_STEP][PASSED] - cupakeysDl.initStart.initialStart: cupakeysDl.initStart.initialStart is PASSED

2018-03-05 15:42:01 - [MESSAGE][PASSED] - Browser is opened with url: ''

2018-03-05 15:42:04 - [MESSAGE][PASSED] - Delayed 3 second(s)

2018-03-05 15:42:08 - [MESSAGE][PASSED] - Navigate to 'https://d16a4dsnr8a0k1.cloudfront.net/en/2455233.html?price=150.00%20%E2%82%AC&partName=wilsonPartName&vin=wilsonVin&modelCode=XP11&paint=P0A94&modelDescription=wilsonModelDescription&additionalEquipment=wilsonAdditionalEquipment' successfully

2018-03-05 15:42:08 - [MESSAGE][PASSED] - Object 'Object Repository/CuPaDl/Loading_indicator' is visible

2018-03-05 15:42:13 - [MESSAGE][PASSED] - Object 'Object Repository/CuPaDl/Loading_indicator' is NOT visible

2018-03-05 15:42:14 - [MESSAGE][PASSED] - Delayed 1 second(s)

2018-03-05 15:42:14 - [MESSAGE][PASSED] - cupakeysDl.initStart.initialStart is PASSED

2018-03-05 15:42:14 - [TEST_STEP][PASSED] - Statement - (step++): null

2018-03-05 15:42:14 - [TEST_STEP][PASSED] - cupakeysDl.color.changecolor: cupakeysDl.color.changecolor is PASSED

2018-03-05 15:42:15 - [MESSAGE][PASSED] - Object 'Object Repository/CuPaDl/Color/Color' is visible

2018-03-05 15:42:15 - [MESSAGE][PASSED] - Object: 'Object Repository/CuPaDl/Color/Color' is clicked on

2018-03-05 15:42:15 - [MESSAGE][WARNING] - Timeout '0' is invalid. Using default page load timeout: '30'

2018-03-05 15:42:15 - [MESSAGE][PASSED] - Object 'Object Repository/CuPaDl/Color/Color_moonwalkgrey' is visible

2018-03-05 15:42:16 - [MESSAGE][PASSED] - Delayed 1 second(s)

2018-03-05 15:42:16 - [MESSAGE][PASSED] - Object: 'Object Repository/CuPaDl/Color/Color_moonwalkgrey' is clicked on

2018-03-05 15:42:19 - [MESSAGE][WARNING] - Object 'Object Repository/CuPaDl/Loading_indicator' is not visible after 3 second(s)

2018-03-05 15:42:20 - [MESSAGE][PASSED] - Delayed 1 second(s)

2018-03-05 15:42:20 - [MESSAGE][PASSED] - cupakeysDl.color.changecolor is PASSED

2018-03-05 15:42:20 - [TEST_STEP][PASSED] - Statement - (step++): null

2018-03-05 15:42:20 - [TEST_STEP][PASSED] - cupakeysDl.chngstruct.changestructure: cupakeysDl.chngstruct.changestructure is PASSED

2018-03-05 15:42:20 - [MESSAGE][PASSED] - Object: 'Object Repository/CuPaDl/Structure/Structure' is clicked on

2018-03-05 15:42:20 - [MESSAGE][WARNING] - Timeout '0' is invalid. Using default page load timeout: '30'

2018-03-05 15:42:20 - [MESSAGE][PASSED] - Object 'Object Repository/CuPaDl/Structure/Structure_Hahnentritt' is visible

2018-03-05 15:42:21 - [MESSAGE][PASSED] - Delayed 1 second(s)

2018-03-05 15:42:21 - [MESSAGE][PASSED] - Object: 'Object Repository/CuPaDl/Structure/Structure_fadequadrop' is clicked on

2018-03-05 15:42:22 - [MESSAGE][PASSED] - Object 'Object Repository/CuPaDl/Loading_indicator' is visible

2018-03-05 15:42:26 - [MESSAGE][PASSED] - Object 'Object Repository/CuPaDl/Loading_indicator' is NOT visible

2018-03-05 15:42:27 - [MESSAGE][PASSED] - Delayed 1 second(s)

2018-03-05 15:42:27 - [MESSAGE][PASSED] - cupakeysDl.chngstruct.changestructure is PASSED

2018-03-05 15:42:27 - [TEST_STEP][PASSED] - Statement - (step++): null

2018-03-05 15:42:27 - [TEST_STEP][PASSED] - cupakeysDl.sclstruct.scalestructure: cupakeysDl.sclstruct.scalestructure is PASSED

2018-03-05 15:42:30 - [MESSAGE][WARNING] - Object 'Object Repository/CuPaDl/Structure/Resize_Structure_bottomright' is not visible after 3 second(s)

2018-03-05 15:42:30 - [MESSAGE][PASSED] - Object: 'Object Repository/CuPaDl/Structure/Resize_Structure' is clicked on

2018-03-05 15:42:30 - [MESSAGE][WARNING] - Timeout '0' is invalid. Using default page load timeout: '30'

2018-03-05 15:42:30 - [MESSAGE][PASSED] - Object 'Object Repository/CuPaDl/Structure/Resize_Structure_bottomright' is visible

2018-03-05 15:42:31 - [MESSAGE][PASSED] - Delayed 1 second(s)

2018-03-05 15:42:31 - [MESSAGE][PASSED] - Current viewport's left (x) position is 0

2018-03-05 15:42:31 - [MESSAGE][PASSED] - Current viewport's top (y) position is 54

2018-03-05 15:42:31 - [MESSAGE][PASSED] - Dragged object with id 'Object Repository/CuPaDl/Structure/Resize_Structure_bottomright' by offset distance x = -225 and y = -171 successfully

2018-03-05 15:42:32 - [MESSAGE][PASSED] - Object 'Object Repository/CuPaDl/Loading_indicator' is visible

2018-03-05 15:42:36 - [MESSAGE][PASSED] - Object 'Object Repository/CuPaDl/Loading_indicator' is NOT visible

2018-03-05 15:42:37 - [MESSAGE][PASSED] - Delayed 1 second(s)

2018-03-05 15:42:37 - [MESSAGE][PASSED] - cupakeysDl.sclstruct.scalestructure is PASSED

2018-03-05 15:42:37 - [TEST_STEP][PASSED] - Statement - (step++): null

2018-03-05 15:42:37 - [TEST_STEP][PASSED] - Statement - iconmap += CustomKeywords.cupakeysDl.iconad.iconadd("hangloose", LoadTimeCorrector, step, run, device, timeStamp, iconcount): cupakeysDl.iconad.iconadd is PASSED

2018-03-05 15:42:37 - [MESSAGE][PASSED] - Object: 'Object Repository/CuPaDl/Icons/Icon' is clicked on

2018-03-05 15:42:37 - [MESSAGE][WARNING] - Timeout '0' is invalid. Using default page load timeout: '30'

2018-03-05 15:42:37 - [MESSAGE][PASSED] - Object 'Object Repository/CuPaDl/Icons/Icon_hangloose' is visible

2018-03-05 15:42:38 - [MESSAGE][PASSED] - Delayed 1 second(s)

2018-03-05 15:42:38 - [MESSAGE][PASSED] - Object: 'Object Repository/CuPaDl/Icons/Icon_hangloose' is clicked on

2018-03-05 15:42:39 - [MESSAGE][PASSED] - Object 'Object Repository/CuPaDl/Loading_indicator' is visible

2018-03-05 15:42:44 - [MESSAGE][PASSED] - Object 'Object Repository/CuPaDl/Loading_indicator' is NOT visible

2018-03-05 15:42:44 - [MESSAGE][WARNING] - Timeout '0' is invalid. Using default page load timeout: '30'

2018-03-05 15:42:44 - [MESSAGE][PASSED] - Width of element 'Object Repository/CuPaDl/Icons/Reposition_icon' is '40'

2018-03-05 15:42:44 - [MESSAGE][PASSED] - Height of element 'Object Repository/CuPaDl/Icons/Reposition_icon' is '40'.

2018-03-05 15:42:45 - [MESSAGE][PASSED] - Delayed 1 second(s)

2018-03-05 15:42:45 - [MESSAGE][PASSED] - cupakeysDl.iconad.iconadd is PASSED

2018-03-05 15:42:45 - [TEST_STEP][PASSED] - Statement - (step++): null

2018-03-05 15:42:45 - [TEST_STEP][PASSED] - Statement - (iconcount++): null

2018-03-05 15:42:45 - [TEST_STEP][PASSED] - cupakeysDl.iconres.iconresize: cupakeysDl.iconres.iconresize is PASSED

2018-03-05 15:42:45 - [MESSAGE][PASSED] - Object 'Object Repository/CuPaDl/Icons/Reposition_icon' is visible

2018-03-05 15:42:45 - [MESSAGE][PASSED] - Current viewport's left (x) position is 0

2018-03-05 15:42:45 - [MESSAGE][PASSED] - Current viewport's top (y) position is 54

2018-03-05 15:42:46 - [MESSAGE][PASSED] - Dragged object with id 'Object Repository/CuPaDl/Icons/Resize_icon_bottomright' by offset distance x = -125 and y = -71 successfully

2018-03-05 15:42:47 - [MESSAGE][PASSED] - Object 'Object Repository/CuPaDl/Loading_indicator' is visible

2018-03-05 15:42:52 - [MESSAGE][PASSED] - Object 'Object Repository/CuPaDl/Loading_indicator' is NOT visible

2018-03-05 15:42:53 - [MESSAGE][PASSED] - Delayed 1 second(s)

2018-03-05 15:42:53 - [MESSAGE][PASSED] - cupakeysDl.iconres.iconresize is PASSED

2018-03-05 15:42:53 - [TEST_STEP][PASSED] - Statement - (step++): null

2018-03-05 15:42:53 - [TEST_STEP][PASSED] - cupakeysDl.slink.svlink: cupakeysDl.slink.svlink is PASSED

2018-03-05 15:42:53 - [MESSAGE][PASSED] - Scroll to object 'Object Repository/CuPaDl/Save/Save' successfully

2018-03-05 15:42:53 - [MESSAGE][PASSED] - Object: 'Object Repository/CuPaDl/Save/Save' is clicked on

2018-03-05 15:42:53 - [MESSAGE][WARNING] - Timeout '0' is invalid. Using default page load timeout: '30'

2018-03-05 15:42:53 - [MESSAGE][PASSED] - Object 'Object Repository/CuPaDl/Save/CopyLink' is visible

2018-03-05 15:42:54 - [MESSAGE][PASSED] - Object: 'Object Repository/CuPaDl/Save/CopyLink' is clicked on

2018-03-05 15:42:55 - [MESSAGE][PASSED] - Delayed 1 second(s)

2018-03-05 15:42:55 - [MESSAGE][PASSED] - Object: 'Object Repository/CuPaDl/Save/Close' is clicked on

2018-03-05 15:42:56 - [MESSAGE][PASSED] - Delayed 1 second(s)

2018-03-05 15:42:56 - [MESSAGE][PASSED] - cupakeysDl.slink.svlink is PASSED

2018-03-05 15:42:56 - [TEST_STEP][PASSED] - cupakeysDl.endsession.finishsession: cupakeysDl.endsession.finishsession is PASSED

2018-03-05 15:42:59 - [MESSAGE][PASSED] - Delayed 3 second(s)

2018-03-05 15:42:59 - [MESSAGE][PASSED] - Browser is closed

2018-03-05 15:42:59 - [MESSAGE][PASSED] - cupakeysDl.endsession.finishsession is PASSED]]></system-out>
         <system-err><![CDATA[]]></system-err>
      </testcase>
      <testcase name="Test Cases/CuPaStefanie/28" classname="Test Cases/CuPaStefanie/28" status="PASSED">
         <system-out><![CDATA[2018-03-05 15:42:59 - [TEST_CASE][PASSED] - Test Cases/CuPaStefanie/28: Test Cases/CuPaStefanie/28

2018-03-05 15:42:59 - [TEST_STEP][PASSED] - Statement - timeStamp = new java.text.SimpleDateFormat(dd.MM.yyyy).format(java.util.Calendar.getInstance().getTime()): null

2018-03-05 15:42:59 - [TEST_STEP][PASSED] - Statement - timeStampScreenshot = new java.text.SimpleDateFormat(dd.MM.yyyy).format(java.util.Calendar.getInstance().getTime()): null

2018-03-05 15:42:59 - [TEST_STEP][PASSED] - Statement - iconmap = [:]: null

2018-03-05 15:42:59 - [TEST_STEP][PASSED] - Statement - txtmap = [:]: null

2018-03-05 15:42:59 - [TEST_STEP][PASSED] - Statement - signmap = [:]: null

2018-03-05 15:42:59 - [TEST_STEP][PASSED] - cupakeysDl.initStart.initialStart: cupakeysDl.initStart.initialStart is PASSED

2018-03-05 15:43:01 - [MESSAGE][PASSED] - Browser is opened with url: ''

2018-03-05 15:43:04 - [MESSAGE][PASSED] - Delayed 3 second(s)

2018-03-05 15:43:06 - [MESSAGE][PASSED] - Navigate to 'https://d16a4dsnr8a0k1.cloudfront.net/en/2455233.html?price=150.00%20%E2%82%AC&partName=wilsonPartName&vin=wilsonVin&modelCode=XP11&paint=P0A94&modelDescription=wilsonModelDescription&additionalEquipment=wilsonAdditionalEquipment' successfully

2018-03-05 15:43:06 - [MESSAGE][PASSED] - Object 'Object Repository/CuPaDl/Loading_indicator' is visible

2018-03-05 15:43:10 - [MESSAGE][PASSED] - Object 'Object Repository/CuPaDl/Loading_indicator' is NOT visible

2018-03-05 15:43:11 - [MESSAGE][PASSED] - Delayed 1 second(s)

2018-03-05 15:43:11 - [MESSAGE][PASSED] - cupakeysDl.initStart.initialStart is PASSED

2018-03-05 15:43:11 - [TEST_STEP][PASSED] - Statement - (step++): null

2018-03-05 15:43:11 - [TEST_STEP][PASSED] - cupakeysDl.color.changecolor: cupakeysDl.color.changecolor is PASSED

2018-03-05 15:43:11 - [MESSAGE][PASSED] - Object 'Object Repository/CuPaDl/Color/Color' is visible

2018-03-05 15:43:12 - [MESSAGE][PASSED] - Object: 'Object Repository/CuPaDl/Color/Color' is clicked on

2018-03-05 15:43:12 - [MESSAGE][WARNING] - Timeout '0' is invalid. Using default page load timeout: '30'

2018-03-05 15:43:12 - [MESSAGE][PASSED] - Object 'Object Repository/CuPaDl/Color/Color_moonwalkgrey' is visible

2018-03-05 15:43:13 - [MESSAGE][PASSED] - Delayed 1 second(s)

2018-03-05 15:43:13 - [MESSAGE][PASSED] - Object: 'Object Repository/CuPaDl/Color/Color_moonwalkgrey' is clicked on

2018-03-05 15:43:16 - [MESSAGE][WARNING] - Object 'Object Repository/CuPaDl/Loading_indicator' is not visible after 3 second(s)

2018-03-05 15:43:17 - [MESSAGE][PASSED] - Delayed 1 second(s)

2018-03-05 15:43:17 - [MESSAGE][PASSED] - cupakeysDl.color.changecolor is PASSED

2018-03-05 15:43:17 - [TEST_STEP][PASSED] - Statement - (step++): null

2018-03-05 15:43:17 - [TEST_STEP][PASSED] - cupakeysDl.chngstruct.changestructure: cupakeysDl.chngstruct.changestructure is PASSED

2018-03-05 15:43:17 - [MESSAGE][PASSED] - Object: 'Object Repository/CuPaDl/Structure/Structure' is clicked on

2018-03-05 15:43:17 - [MESSAGE][WARNING] - Timeout '0' is invalid. Using default page load timeout: '30'

2018-03-05 15:43:17 - [MESSAGE][PASSED] - Object 'Object Repository/CuPaDl/Structure/Structure_Hahnentritt' is visible

2018-03-05 15:43:18 - [MESSAGE][PASSED] - Delayed 1 second(s)

2018-03-05 15:43:18 - [MESSAGE][PASSED] - Object: 'Object Repository/CuPaDl/Structure/Structure_fadequadrop' is clicked on

2018-03-05 15:43:19 - [MESSAGE][PASSED] - Object 'Object Repository/CuPaDl/Loading_indicator' is visible

2018-03-05 15:43:23 - [MESSAGE][PASSED] - Object 'Object Repository/CuPaDl/Loading_indicator' is NOT visible

2018-03-05 15:43:24 - [MESSAGE][PASSED] - Delayed 1 second(s)

2018-03-05 15:43:24 - [MESSAGE][PASSED] - cupakeysDl.chngstruct.changestructure is PASSED

2018-03-05 15:43:24 - [TEST_STEP][PASSED] - Statement - (step++): null

2018-03-05 15:43:24 - [TEST_STEP][PASSED] - cupakeysDl.sclstruct.scalestructure: cupakeysDl.sclstruct.scalestructure is PASSED

2018-03-05 15:43:27 - [MESSAGE][WARNING] - Object 'Object Repository/CuPaDl/Structure/Resize_Structure_bottomright' is not visible after 3 second(s)

2018-03-05 15:43:27 - [MESSAGE][PASSED] - Object: 'Object Repository/CuPaDl/Structure/Resize_Structure' is clicked on

2018-03-05 15:43:27 - [MESSAGE][WARNING] - Timeout '0' is invalid. Using default page load timeout: '30'

2018-03-05 15:43:27 - [MESSAGE][PASSED] - Object 'Object Repository/CuPaDl/Structure/Resize_Structure_bottomright' is visible

2018-03-05 15:43:28 - [MESSAGE][PASSED] - Delayed 1 second(s)

2018-03-05 15:43:28 - [MESSAGE][PASSED] - Current viewport's left (x) position is 0

2018-03-05 15:43:28 - [MESSAGE][PASSED] - Current viewport's top (y) position is 54

2018-03-05 15:43:28 - [MESSAGE][PASSED] - Dragged object with id 'Object Repository/CuPaDl/Structure/Resize_Structure_bottomright' by offset distance x = 225 and y = 279 successfully

2018-03-05 15:43:29 - [MESSAGE][PASSED] - Object 'Object Repository/CuPaDl/Loading_indicator' is visible

2018-03-05 15:43:32 - [MESSAGE][PASSED] - Object 'Object Repository/CuPaDl/Loading_indicator' is NOT visible

2018-03-05 15:43:33 - [MESSAGE][PASSED] - Delayed 1 second(s)

2018-03-05 15:43:33 - [MESSAGE][PASSED] - cupakeysDl.sclstruct.scalestructure is PASSED

2018-03-05 15:43:33 - [TEST_STEP][PASSED] - Statement - (step++): null

2018-03-05 15:43:33 - [TEST_STEP][PASSED] - Statement - iconmap += CustomKeywords.cupakeysDl.iconad.iconadd("hangloose", LoadTimeCorrector, step, run, device, timeStamp, iconcount): cupakeysDl.iconad.iconadd is PASSED

2018-03-05 15:43:33 - [MESSAGE][PASSED] - Object: 'Object Repository/CuPaDl/Icons/Icon' is clicked on

2018-03-05 15:43:33 - [MESSAGE][WARNING] - Timeout '0' is invalid. Using default page load timeout: '30'

2018-03-05 15:43:33 - [MESSAGE][PASSED] - Object 'Object Repository/CuPaDl/Icons/Icon_hangloose' is visible

2018-03-05 15:43:34 - [MESSAGE][PASSED] - Delayed 1 second(s)

2018-03-05 15:43:35 - [MESSAGE][PASSED] - Object: 'Object Repository/CuPaDl/Icons/Icon_hangloose' is clicked on

2018-03-05 15:43:36 - [MESSAGE][PASSED] - Object 'Object Repository/CuPaDl/Loading_indicator' is visible

2018-03-05 15:43:41 - [MESSAGE][PASSED] - Object 'Object Repository/CuPaDl/Loading_indicator' is NOT visible

2018-03-05 15:43:41 - [MESSAGE][WARNING] - Timeout '0' is invalid. Using default page load timeout: '30'

2018-03-05 15:43:41 - [MESSAGE][PASSED] - Width of element 'Object Repository/CuPaDl/Icons/Reposition_icon' is '40'

2018-03-05 15:43:41 - [MESSAGE][PASSED] - Height of element 'Object Repository/CuPaDl/Icons/Reposition_icon' is '40'.

2018-03-05 15:43:42 - [MESSAGE][PASSED] - Delayed 1 second(s)

2018-03-05 15:43:42 - [MESSAGE][PASSED] - cupakeysDl.iconad.iconadd is PASSED

2018-03-05 15:43:42 - [TEST_STEP][PASSED] - Statement - (step++): null

2018-03-05 15:43:42 - [TEST_STEP][PASSED] - Statement - (iconcount++): null

2018-03-05 15:43:42 - [TEST_STEP][PASSED] - cupakeysDl.iconres.iconresize: cupakeysDl.iconres.iconresize is PASSED

2018-03-05 15:43:42 - [MESSAGE][PASSED] - Object 'Object Repository/CuPaDl/Icons/Reposition_icon' is visible

2018-03-05 15:43:42 - [MESSAGE][PASSED] - Current viewport's left (x) position is 0

2018-03-05 15:43:42 - [MESSAGE][PASSED] - Current viewport's top (y) position is 54

2018-03-05 15:43:42 - [MESSAGE][PASSED] - Dragged object with id 'Object Repository/CuPaDl/Icons/Resize_icon_bottomright' by offset distance x = 125 and y = 179 successfully

2018-03-05 15:43:43 - [MESSAGE][PASSED] - Object 'Object Repository/CuPaDl/Loading_indicator' is visible

2018-03-05 15:43:47 - [MESSAGE][PASSED] - Object 'Object Repository/CuPaDl/Loading_indicator' is NOT visible

2018-03-05 15:43:48 - [MESSAGE][PASSED] - Delayed 1 second(s)

2018-03-05 15:43:48 - [MESSAGE][PASSED] - cupakeysDl.iconres.iconresize is PASSED

2018-03-05 15:43:48 - [TEST_STEP][PASSED] - Statement - (step++): null

2018-03-05 15:43:48 - [TEST_STEP][PASSED] - cupakeysDl.slink.svlink: cupakeysDl.slink.svlink is PASSED

2018-03-05 15:43:49 - [MESSAGE][PASSED] - Scroll to object 'Object Repository/CuPaDl/Save/Save' successfully

2018-03-05 15:43:49 - [MESSAGE][PASSED] - Object: 'Object Repository/CuPaDl/Save/Save' is clicked on

2018-03-05 15:43:49 - [MESSAGE][WARNING] - Timeout '0' is invalid. Using default page load timeout: '30'

2018-03-05 15:43:49 - [MESSAGE][PASSED] - Object 'Object Repository/CuPaDl/Save/CopyLink' is visible

2018-03-05 15:43:49 - [MESSAGE][PASSED] - Object: 'Object Repository/CuPaDl/Save/CopyLink' is clicked on

2018-03-05 15:43:50 - [MESSAGE][PASSED] - Delayed 1 second(s)

2018-03-05 15:43:50 - [MESSAGE][PASSED] - Object: 'Object Repository/CuPaDl/Save/Close' is clicked on

2018-03-05 15:43:51 - [MESSAGE][PASSED] - Delayed 1 second(s)

2018-03-05 15:43:51 - [MESSAGE][PASSED] - cupakeysDl.slink.svlink is PASSED

2018-03-05 15:43:51 - [TEST_STEP][PASSED] - cupakeysDl.endsession.finishsession: cupakeysDl.endsession.finishsession is PASSED

2018-03-05 15:43:54 - [MESSAGE][PASSED] - Delayed 3 second(s)

2018-03-05 15:43:55 - [MESSAGE][PASSED] - Browser is closed

2018-03-05 15:43:55 - [MESSAGE][PASSED] - cupakeysDl.endsession.finishsession is PASSED]]></system-out>
         <system-err><![CDATA[]]></system-err>
      </testcase>
      <testcase name="Test Cases/CuPaStefanie/29" classname="Test Cases/CuPaStefanie/29" status="PASSED">
         <system-out><![CDATA[2018-03-05 15:43:55 - [TEST_CASE][PASSED] - Test Cases/CuPaStefanie/29: Test Cases/CuPaStefanie/29

2018-03-05 15:43:55 - [TEST_STEP][PASSED] - Statement - timeStamp = new java.text.SimpleDateFormat(dd.MM.yyyy).format(java.util.Calendar.getInstance().getTime()): null

2018-03-05 15:43:55 - [TEST_STEP][PASSED] - Statement - timeStampScreenshot = new java.text.SimpleDateFormat(dd.MM.yyyy).format(java.util.Calendar.getInstance().getTime()): null

2018-03-05 15:43:55 - [TEST_STEP][PASSED] - Statement - iconmap = [:]: null

2018-03-05 15:43:55 - [TEST_STEP][PASSED] - Statement - txtmap = [:]: null

2018-03-05 15:43:55 - [TEST_STEP][PASSED] - Statement - signmap = [:]: null

2018-03-05 15:43:55 - [TEST_STEP][PASSED] - cupakeysDl.initStart.initialStart: cupakeysDl.initStart.initialStart is PASSED

2018-03-05 15:43:57 - [MESSAGE][PASSED] - Browser is opened with url: ''

2018-03-05 15:44:00 - [MESSAGE][PASSED] - Delayed 3 second(s)

2018-03-05 15:44:01 - [MESSAGE][PASSED] - Navigate to 'https://d16a4dsnr8a0k1.cloudfront.net/en/2455233.html?price=150.00%20%E2%82%AC&partName=wilsonPartName&vin=wilsonVin&modelCode=XP11&paint=P0A94&modelDescription=wilsonModelDescription&additionalEquipment=wilsonAdditionalEquipment' successfully

2018-03-05 15:44:01 - [MESSAGE][PASSED] - Object 'Object Repository/CuPaDl/Loading_indicator' is visible

2018-03-05 15:44:06 - [MESSAGE][PASSED] - Object 'Object Repository/CuPaDl/Loading_indicator' is NOT visible

2018-03-05 15:44:07 - [MESSAGE][PASSED] - Delayed 1 second(s)

2018-03-05 15:44:07 - [MESSAGE][PASSED] - cupakeysDl.initStart.initialStart is PASSED

2018-03-05 15:44:07 - [TEST_STEP][PASSED] - Statement - (step++): null

2018-03-05 15:44:07 - [TEST_STEP][PASSED] - cupakeysDl.color.changecolor: cupakeysDl.color.changecolor is PASSED

2018-03-05 15:44:07 - [MESSAGE][PASSED] - Object 'Object Repository/CuPaDl/Color/Color' is visible

2018-03-05 15:44:07 - [MESSAGE][PASSED] - Object: 'Object Repository/CuPaDl/Color/Color' is clicked on

2018-03-05 15:44:07 - [MESSAGE][WARNING] - Timeout '0' is invalid. Using default page load timeout: '30'

2018-03-05 15:44:07 - [MESSAGE][PASSED] - Object 'Object Repository/CuPaDl/Color/Color_thundergrey' is visible

2018-03-05 15:44:08 - [MESSAGE][PASSED] - Delayed 1 second(s)

2018-03-05 15:44:08 - [MESSAGE][PASSED] - Object: 'Object Repository/CuPaDl/Color/Color_thundergrey' is clicked on

2018-03-05 15:44:12 - [MESSAGE][WARNING] - Object 'Object Repository/CuPaDl/Loading_indicator' is not visible after 3 second(s)

2018-03-05 15:44:13 - [MESSAGE][PASSED] - Delayed 1 second(s)

2018-03-05 15:44:13 - [MESSAGE][PASSED] - cupakeysDl.color.changecolor is PASSED

2018-03-05 15:44:13 - [TEST_STEP][PASSED] - Statement - (step++): null

2018-03-05 15:44:13 - [TEST_STEP][PASSED] - cupakeysDl.chngstruct.changestructure: cupakeysDl.chngstruct.changestructure is PASSED

2018-03-05 15:44:13 - [MESSAGE][PASSED] - Object: 'Object Repository/CuPaDl/Structure/Structure' is clicked on

2018-03-05 15:44:13 - [MESSAGE][WARNING] - Timeout '0' is invalid. Using default page load timeout: '30'

2018-03-05 15:44:13 - [MESSAGE][PASSED] - Object 'Object Repository/CuPaDl/Structure/Structure_Hahnentritt' is visible

2018-03-05 15:44:14 - [MESSAGE][PASSED] - Delayed 1 second(s)

2018-03-05 15:44:14 - [MESSAGE][PASSED] - Object: 'Object Repository/CuPaDl/Structure/Structure_fadedrop' is clicked on

2018-03-05 15:44:15 - [MESSAGE][PASSED] - Object 'Object Repository/CuPaDl/Loading_indicator' is visible

2018-03-05 15:44:21 - [MESSAGE][PASSED] - Object 'Object Repository/CuPaDl/Loading_indicator' is NOT visible

2018-03-05 15:44:22 - [MESSAGE][PASSED] - Delayed 1 second(s)

2018-03-05 15:44:22 - [MESSAGE][PASSED] - cupakeysDl.chngstruct.changestructure is PASSED

2018-03-05 15:44:22 - [TEST_STEP][PASSED] - Statement - (step++): null

2018-03-05 15:44:22 - [TEST_STEP][PASSED] - cupakeysDl.sclstruct.scalestructure: cupakeysDl.sclstruct.scalestructure is PASSED

2018-03-05 15:44:26 - [MESSAGE][WARNING] - Object 'Object Repository/CuPaDl/Structure/Resize_Structure_bottomright' is not visible after 3 second(s)

2018-03-05 15:44:26 - [MESSAGE][PASSED] - Object: 'Object Repository/CuPaDl/Structure/Resize_Structure' is clicked on

2018-03-05 15:44:26 - [MESSAGE][WARNING] - Timeout '0' is invalid. Using default page load timeout: '30'

2018-03-05 15:44:26 - [MESSAGE][PASSED] - Object 'Object Repository/CuPaDl/Structure/Resize_Structure_bottomright' is visible

2018-03-05 15:44:27 - [MESSAGE][PASSED] - Delayed 1 second(s)

2018-03-05 15:44:27 - [MESSAGE][PASSED] - Current viewport's left (x) position is 0

2018-03-05 15:44:27 - [MESSAGE][PASSED] - Current viewport's top (y) position is 54

2018-03-05 15:44:27 - [MESSAGE][PASSED] - Dragged object with id 'Object Repository/CuPaDl/Structure/Resize_Structure_bottomright' by offset distance x = -225 and y = -171 successfully

2018-03-05 15:44:28 - [MESSAGE][PASSED] - Object 'Object Repository/CuPaDl/Loading_indicator' is visible

2018-03-05 15:44:34 - [MESSAGE][PASSED] - Object 'Object Repository/CuPaDl/Loading_indicator' is NOT visible

2018-03-05 15:44:35 - [MESSAGE][PASSED] - Delayed 1 second(s)

2018-03-05 15:44:35 - [MESSAGE][PASSED] - cupakeysDl.sclstruct.scalestructure is PASSED

2018-03-05 15:44:35 - [TEST_STEP][PASSED] - Statement - (step++): null

2018-03-05 15:44:35 - [TEST_STEP][PASSED] - Statement - iconmap += CustomKeywords.cupakeysDl.iconad.iconadd("wave", LoadTimeCorrector, step, run, device, timeStamp, iconcount): cupakeysDl.iconad.iconadd is PASSED

2018-03-05 15:44:35 - [MESSAGE][PASSED] - Object: 'Object Repository/CuPaDl/Icons/Icon' is clicked on

2018-03-05 15:44:35 - [MESSAGE][WARNING] - Timeout '0' is invalid. Using default page load timeout: '30'

2018-03-05 15:44:36 - [MESSAGE][PASSED] - Object 'Object Repository/CuPaDl/Icons/Icon_wave' is visible

2018-03-05 15:44:37 - [MESSAGE][PASSED] - Delayed 1 second(s)

2018-03-05 15:44:37 - [MESSAGE][PASSED] - Object: 'Object Repository/CuPaDl/Icons/Icon_wave' is clicked on

2018-03-05 15:44:38 - [MESSAGE][PASSED] - Object 'Object Repository/CuPaDl/Loading_indicator' is visible

2018-03-05 15:44:44 - [MESSAGE][PASSED] - Object 'Object Repository/CuPaDl/Loading_indicator' is NOT visible

2018-03-05 15:44:44 - [MESSAGE][WARNING] - Timeout '0' is invalid. Using default page load timeout: '30'

2018-03-05 15:44:44 - [MESSAGE][PASSED] - Width of element 'Object Repository/CuPaDl/Icons/Reposition_icon' is '40'

2018-03-05 15:44:44 - [MESSAGE][PASSED] - Height of element 'Object Repository/CuPaDl/Icons/Reposition_icon' is '40'.

2018-03-05 15:44:45 - [MESSAGE][PASSED] - Delayed 1 second(s)

2018-03-05 15:44:45 - [MESSAGE][PASSED] - cupakeysDl.iconad.iconadd is PASSED

2018-03-05 15:44:45 - [TEST_STEP][PASSED] - Statement - (step++): null

2018-03-05 15:44:45 - [TEST_STEP][PASSED] - Statement - (iconcount++): null

2018-03-05 15:44:45 - [TEST_STEP][PASSED] - cupakeysDl.iconres.iconresize: cupakeysDl.iconres.iconresize is PASSED

2018-03-05 15:44:45 - [MESSAGE][PASSED] - Object 'Object Repository/CuPaDl/Icons/Reposition_icon' is visible

2018-03-05 15:44:45 - [MESSAGE][PASSED] - Current viewport's left (x) position is 0

2018-03-05 15:44:45 - [MESSAGE][PASSED] - Current viewport's top (y) position is 54

2018-03-05 15:44:45 - [MESSAGE][PASSED] - Dragged object with id 'Object Repository/CuPaDl/Icons/Resize_icon_bottomright' by offset distance x = -125 and y = -71 successfully

2018-03-05 15:44:46 - [MESSAGE][PASSED] - Object 'Object Repository/CuPaDl/Loading_indicator' is visible

2018-03-05 15:44:53 - [MESSAGE][PASSED] - Object 'Object Repository/CuPaDl/Loading_indicator' is NOT visible

2018-03-05 15:44:54 - [MESSAGE][PASSED] - Delayed 1 second(s)

2018-03-05 15:44:54 - [MESSAGE][PASSED] - cupakeysDl.iconres.iconresize is PASSED

2018-03-05 15:44:54 - [TEST_STEP][PASSED] - Statement - (step++): null

2018-03-05 15:44:54 - [TEST_STEP][PASSED] - cupakeysDl.slink.svlink: cupakeysDl.slink.svlink is PASSED

2018-03-05 15:44:54 - [MESSAGE][PASSED] - Scroll to object 'Object Repository/CuPaDl/Save/Save' successfully

2018-03-05 15:44:54 - [MESSAGE][PASSED] - Object: 'Object Repository/CuPaDl/Save/Save' is clicked on

2018-03-05 15:44:54 - [MESSAGE][WARNING] - Timeout '0' is invalid. Using default page load timeout: '30'

2018-03-05 15:44:55 - [MESSAGE][PASSED] - Object 'Object Repository/CuPaDl/Save/CopyLink' is visible

2018-03-05 15:44:55 - [MESSAGE][PASSED] - Object: 'Object Repository/CuPaDl/Save/CopyLink' is clicked on

2018-03-05 15:44:56 - [MESSAGE][PASSED] - Delayed 1 second(s)

2018-03-05 15:44:57 - [MESSAGE][PASSED] - Object: 'Object Repository/CuPaDl/Save/Close' is clicked on

2018-03-05 15:44:58 - [MESSAGE][PASSED] - Delayed 1 second(s)

2018-03-05 15:44:58 - [MESSAGE][PASSED] - cupakeysDl.slink.svlink is PASSED

2018-03-05 15:44:58 - [TEST_STEP][PASSED] - cupakeysDl.endsession.finishsession: cupakeysDl.endsession.finishsession is PASSED

2018-03-05 15:45:01 - [MESSAGE][PASSED] - Delayed 3 second(s)

2018-03-05 15:45:01 - [MESSAGE][PASSED] - Browser is closed

2018-03-05 15:45:01 - [MESSAGE][PASSED] - cupakeysDl.endsession.finishsession is PASSED]]></system-out>
         <system-err><![CDATA[]]></system-err>
      </testcase>
      <testcase name="Test Cases/CuPaStefanie/30" classname="Test Cases/CuPaStefanie/30" status="PASSED">
         <system-out><![CDATA[2018-03-05 15:45:01 - [TEST_CASE][PASSED] - Test Cases/CuPaStefanie/30: Test Cases/CuPaStefanie/30

2018-03-05 15:45:01 - [TEST_STEP][PASSED] - Statement - timeStamp = new java.text.SimpleDateFormat(dd.MM.yyyy).format(java.util.Calendar.getInstance().getTime()): null

2018-03-05 15:45:01 - [TEST_STEP][PASSED] - Statement - timeStampScreenshot = new java.text.SimpleDateFormat(dd.MM.yyyy).format(java.util.Calendar.getInstance().getTime()): null

2018-03-05 15:45:01 - [TEST_STEP][PASSED] - Statement - iconmap = [:]: null

2018-03-05 15:45:01 - [TEST_STEP][PASSED] - Statement - txtmap = [:]: null

2018-03-05 15:45:01 - [TEST_STEP][PASSED] - Statement - signmap = [:]: null

2018-03-05 15:45:01 - [TEST_STEP][PASSED] - cupakeysDl.initStart.initialStart: cupakeysDl.initStart.initialStart is PASSED

2018-03-05 15:45:03 - [MESSAGE][PASSED] - Browser is opened with url: ''

2018-03-05 15:45:06 - [MESSAGE][PASSED] - Delayed 3 second(s)

2018-03-05 15:45:08 - [MESSAGE][PASSED] - Navigate to 'https://d16a4dsnr8a0k1.cloudfront.net/en/2455233.html?price=150.00%20%E2%82%AC&partName=wilsonPartName&vin=wilsonVin&modelCode=XP11&paint=P0A94&modelDescription=wilsonModelDescription&additionalEquipment=wilsonAdditionalEquipment' successfully

2018-03-05 15:45:08 - [MESSAGE][PASSED] - Object 'Object Repository/CuPaDl/Loading_indicator' is visible

2018-03-05 15:45:12 - [MESSAGE][PASSED] - Object 'Object Repository/CuPaDl/Loading_indicator' is NOT visible

2018-03-05 15:45:13 - [MESSAGE][PASSED] - Delayed 1 second(s)

2018-03-05 15:45:13 - [MESSAGE][PASSED] - cupakeysDl.initStart.initialStart is PASSED

2018-03-05 15:45:13 - [TEST_STEP][PASSED] - Statement - (step++): null

2018-03-05 15:45:13 - [TEST_STEP][PASSED] - cupakeysDl.color.changecolor: cupakeysDl.color.changecolor is PASSED

2018-03-05 15:45:13 - [MESSAGE][PASSED] - Object 'Object Repository/CuPaDl/Color/Color' is visible

2018-03-05 15:45:13 - [MESSAGE][PASSED] - Object: 'Object Repository/CuPaDl/Color/Color' is clicked on

2018-03-05 15:45:13 - [MESSAGE][WARNING] - Timeout '0' is invalid. Using default page load timeout: '30'

2018-03-05 15:45:13 - [MESSAGE][PASSED] - Object 'Object Repository/CuPaDl/Color/Color_thundergrey' is visible

2018-03-05 15:45:14 - [MESSAGE][PASSED] - Delayed 1 second(s)

2018-03-05 15:45:14 - [MESSAGE][PASSED] - Object: 'Object Repository/CuPaDl/Color/Color_thundergrey' is clicked on

2018-03-05 15:45:18 - [MESSAGE][WARNING] - Object 'Object Repository/CuPaDl/Loading_indicator' is not visible after 3 second(s)

2018-03-05 15:45:19 - [MESSAGE][PASSED] - Delayed 1 second(s)

2018-03-05 15:45:19 - [MESSAGE][PASSED] - cupakeysDl.color.changecolor is PASSED

2018-03-05 15:45:19 - [TEST_STEP][PASSED] - Statement - (step++): null

2018-03-05 15:45:19 - [TEST_STEP][PASSED] - cupakeysDl.chngstruct.changestructure: cupakeysDl.chngstruct.changestructure is PASSED

2018-03-05 15:45:19 - [MESSAGE][PASSED] - Object: 'Object Repository/CuPaDl/Structure/Structure' is clicked on

2018-03-05 15:45:19 - [MESSAGE][WARNING] - Timeout '0' is invalid. Using default page load timeout: '30'

2018-03-05 15:45:19 - [MESSAGE][PASSED] - Object 'Object Repository/CuPaDl/Structure/Structure_Hahnentritt' is visible

2018-03-05 15:45:20 - [MESSAGE][PASSED] - Delayed 1 second(s)

2018-03-05 15:45:20 - [MESSAGE][PASSED] - Object: 'Object Repository/CuPaDl/Structure/Structure_fadedrop' is clicked on

2018-03-05 15:45:21 - [MESSAGE][PASSED] - Object 'Object Repository/CuPaDl/Loading_indicator' is visible

2018-03-05 15:45:27 - [MESSAGE][PASSED] - Object 'Object Repository/CuPaDl/Loading_indicator' is NOT visible

2018-03-05 15:45:28 - [MESSAGE][PASSED] - Delayed 1 second(s)

2018-03-05 15:45:28 - [MESSAGE][PASSED] - cupakeysDl.chngstruct.changestructure is PASSED

2018-03-05 15:45:28 - [TEST_STEP][PASSED] - Statement - (step++): null

2018-03-05 15:45:28 - [TEST_STEP][PASSED] - cupakeysDl.sclstruct.scalestructure: cupakeysDl.sclstruct.scalestructure is PASSED

2018-03-05 15:45:31 - [MESSAGE][WARNING] - Object 'Object Repository/CuPaDl/Structure/Resize_Structure_bottomright' is not visible after 3 second(s)

2018-03-05 15:45:32 - [MESSAGE][PASSED] - Object: 'Object Repository/CuPaDl/Structure/Resize_Structure' is clicked on

2018-03-05 15:45:32 - [MESSAGE][WARNING] - Timeout '0' is invalid. Using default page load timeout: '30'

2018-03-05 15:45:32 - [MESSAGE][PASSED] - Object 'Object Repository/CuPaDl/Structure/Resize_Structure_bottomright' is visible

2018-03-05 15:45:33 - [MESSAGE][PASSED] - Delayed 1 second(s)

2018-03-05 15:45:33 - [MESSAGE][PASSED] - Current viewport's left (x) position is 0

2018-03-05 15:45:33 - [MESSAGE][PASSED] - Current viewport's top (y) position is 54

2018-03-05 15:45:33 - [MESSAGE][PASSED] - Dragged object with id 'Object Repository/CuPaDl/Structure/Resize_Structure_bottomright' by offset distance x = 225 and y = 279 successfully

2018-03-05 15:45:34 - [MESSAGE][PASSED] - Object 'Object Repository/CuPaDl/Loading_indicator' is visible

2018-03-05 15:45:39 - [MESSAGE][PASSED] - Object 'Object Repository/CuPaDl/Loading_indicator' is NOT visible

2018-03-05 15:45:40 - [MESSAGE][PASSED] - Delayed 1 second(s)

2018-03-05 15:45:40 - [MESSAGE][PASSED] - cupakeysDl.sclstruct.scalestructure is PASSED

2018-03-05 15:45:40 - [TEST_STEP][PASSED] - Statement - (step++): null

2018-03-05 15:45:40 - [TEST_STEP][PASSED] - Statement - iconmap += CustomKeywords.cupakeysDl.iconad.iconadd("wave", LoadTimeCorrector, step, run, device, timeStamp, iconcount): cupakeysDl.iconad.iconadd is PASSED

2018-03-05 15:45:40 - [MESSAGE][PASSED] - Object: 'Object Repository/CuPaDl/Icons/Icon' is clicked on

2018-03-05 15:45:40 - [MESSAGE][WARNING] - Timeout '0' is invalid. Using default page load timeout: '30'

2018-03-05 15:45:40 - [MESSAGE][PASSED] - Object 'Object Repository/CuPaDl/Icons/Icon_wave' is visible

2018-03-05 15:45:41 - [MESSAGE][PASSED] - Delayed 1 second(s)

2018-03-05 15:45:41 - [MESSAGE][PASSED] - Object: 'Object Repository/CuPaDl/Icons/Icon_wave' is clicked on

2018-03-05 15:45:42 - [MESSAGE][PASSED] - Object 'Object Repository/CuPaDl/Loading_indicator' is visible

2018-03-05 15:45:48 - [MESSAGE][PASSED] - Object 'Object Repository/CuPaDl/Loading_indicator' is NOT visible

2018-03-05 15:45:48 - [MESSAGE][WARNING] - Timeout '0' is invalid. Using default page load timeout: '30'

2018-03-05 15:45:48 - [MESSAGE][PASSED] - Width of element 'Object Repository/CuPaDl/Icons/Reposition_icon' is '40'

2018-03-05 15:45:48 - [MESSAGE][PASSED] - Height of element 'Object Repository/CuPaDl/Icons/Reposition_icon' is '40'.

2018-03-05 15:45:49 - [MESSAGE][PASSED] - Delayed 1 second(s)

2018-03-05 15:45:49 - [MESSAGE][PASSED] - cupakeysDl.iconad.iconadd is PASSED

2018-03-05 15:45:49 - [TEST_STEP][PASSED] - Statement - (step++): null

2018-03-05 15:45:49 - [TEST_STEP][PASSED] - Statement - (iconcount++): null

2018-03-05 15:45:49 - [TEST_STEP][PASSED] - cupakeysDl.iconres.iconresize: cupakeysDl.iconres.iconresize is PASSED

2018-03-05 15:45:49 - [MESSAGE][PASSED] - Object 'Object Repository/CuPaDl/Icons/Reposition_icon' is visible

2018-03-05 15:45:49 - [MESSAGE][PASSED] - Current viewport's left (x) position is 0

2018-03-05 15:45:49 - [MESSAGE][PASSED] - Current viewport's top (y) position is 54

2018-03-05 15:45:49 - [MESSAGE][PASSED] - Dragged object with id 'Object Repository/CuPaDl/Icons/Resize_icon_bottomright' by offset distance x = 125 and y = 179 successfully

2018-03-05 15:45:50 - [MESSAGE][PASSED] - Object 'Object Repository/CuPaDl/Loading_indicator' is visible

2018-03-05 15:45:55 - [MESSAGE][PASSED] - Object 'Object Repository/CuPaDl/Loading_indicator' is NOT visible

2018-03-05 15:45:56 - [MESSAGE][PASSED] - Delayed 1 second(s)

2018-03-05 15:45:56 - [MESSAGE][PASSED] - cupakeysDl.iconres.iconresize is PASSED

2018-03-05 15:45:56 - [TEST_STEP][PASSED] - Statement - (step++): null

2018-03-05 15:45:56 - [TEST_STEP][PASSED] - cupakeysDl.slink.svlink: cupakeysDl.slink.svlink is PASSED

2018-03-05 15:45:56 - [MESSAGE][PASSED] - Scroll to object 'Object Repository/CuPaDl/Save/Save' successfully

2018-03-05 15:45:57 - [MESSAGE][PASSED] - Object: 'Object Repository/CuPaDl/Save/Save' is clicked on

2018-03-05 15:45:57 - [MESSAGE][WARNING] - Timeout '0' is invalid. Using default page load timeout: '30'

2018-03-05 15:45:57 - [MESSAGE][PASSED] - Object 'Object Repository/CuPaDl/Save/CopyLink' is visible

2018-03-05 15:45:57 - [MESSAGE][PASSED] - Object: 'Object Repository/CuPaDl/Save/CopyLink' is clicked on

2018-03-05 15:45:58 - [MESSAGE][PASSED] - Delayed 1 second(s)

2018-03-05 15:45:58 - [MESSAGE][PASSED] - Object: 'Object Repository/CuPaDl/Save/Close' is clicked on

2018-03-05 15:45:59 - [MESSAGE][PASSED] - Delayed 1 second(s)

2018-03-05 15:45:59 - [MESSAGE][PASSED] - cupakeysDl.slink.svlink is PASSED

2018-03-05 15:45:59 - [TEST_STEP][PASSED] - cupakeysDl.endsession.finishsession: cupakeysDl.endsession.finishsession is PASSED

2018-03-05 15:46:02 - [MESSAGE][PASSED] - Delayed 3 second(s)

2018-03-05 15:46:03 - [MESSAGE][PASSED] - Browser is closed

2018-03-05 15:46:03 - [MESSAGE][PASSED] - cupakeysDl.endsession.finishsession is PASSED]]></system-out>
         <system-err><![CDATA[]]></system-err>
      </testcase>
      <testcase name="Test Cases/CuPaStefanie/31" classname="Test Cases/CuPaStefanie/31" status="PASSED">
         <system-out><![CDATA[2018-03-05 15:46:03 - [TEST_CASE][PASSED] - Test Cases/CuPaStefanie/31: Test Cases/CuPaStefanie/31

2018-03-05 15:46:03 - [TEST_STEP][PASSED] - Statement - timeStamp = new java.text.SimpleDateFormat(dd.MM.yyyy).format(java.util.Calendar.getInstance().getTime()): null

2018-03-05 15:46:03 - [TEST_STEP][PASSED] - Statement - timeStampScreenshot = new java.text.SimpleDateFormat(dd.MM.yyyy).format(java.util.Calendar.getInstance().getTime()): null

2018-03-05 15:46:03 - [TEST_STEP][PASSED] - Statement - iconmap = [:]: null

2018-03-05 15:46:03 - [TEST_STEP][PASSED] - Statement - txtmap = [:]: null

2018-03-05 15:46:03 - [TEST_STEP][PASSED] - Statement - signmap = [:]: null

2018-03-05 15:46:03 - [TEST_STEP][PASSED] - cupakeysDl.initStart.initialStart: cupakeysDl.initStart.initialStart is PASSED

2018-03-05 15:46:05 - [MESSAGE][PASSED] - Browser is opened with url: ''

2018-03-05 15:46:08 - [MESSAGE][PASSED] - Delayed 3 second(s)

2018-03-05 15:46:09 - [MESSAGE][PASSED] - Navigate to 'https://d16a4dsnr8a0k1.cloudfront.net/en/2455233.html?price=150.00%20%E2%82%AC&partName=wilsonPartName&vin=wilsonVin&modelCode=XP11&paint=P0A94&modelDescription=wilsonModelDescription&additionalEquipment=wilsonAdditionalEquipment' successfully

2018-03-05 15:46:09 - [MESSAGE][PASSED] - Object 'Object Repository/CuPaDl/Loading_indicator' is visible

2018-03-05 15:46:14 - [MESSAGE][PASSED] - Object 'Object Repository/CuPaDl/Loading_indicator' is NOT visible

2018-03-05 15:46:15 - [MESSAGE][PASSED] - Delayed 1 second(s)

2018-03-05 15:46:15 - [MESSAGE][PASSED] - cupakeysDl.initStart.initialStart is PASSED

2018-03-05 15:46:15 - [TEST_STEP][PASSED] - Statement - (step++): null

2018-03-05 15:46:15 - [TEST_STEP][PASSED] - cupakeysDl.color.changecolor: cupakeysDl.color.changecolor is PASSED

2018-03-05 15:46:15 - [MESSAGE][PASSED] - Object 'Object Repository/CuPaDl/Color/Color' is visible

2018-03-05 15:46:15 - [MESSAGE][PASSED] - Object: 'Object Repository/CuPaDl/Color/Color' is clicked on

2018-03-05 15:46:15 - [MESSAGE][WARNING] - Timeout '0' is invalid. Using default page load timeout: '30'

2018-03-05 15:46:15 - [MESSAGE][PASSED] - Object 'Object Repository/CuPaDl/Color/Color_lapisblue' is visible

2018-03-05 15:46:16 - [MESSAGE][PASSED] - Delayed 1 second(s)

2018-03-05 15:46:16 - [MESSAGE][PASSED] - Object: 'Object Repository/CuPaDl/Color/Color_lapisblue' is clicked on

2018-03-05 15:46:19 - [MESSAGE][WARNING] - Object 'Object Repository/CuPaDl/Loading_indicator' is not visible after 3 second(s)

2018-03-05 15:46:20 - [MESSAGE][PASSED] - Delayed 1 second(s)

2018-03-05 15:46:20 - [MESSAGE][PASSED] - cupakeysDl.color.changecolor is PASSED

2018-03-05 15:46:20 - [TEST_STEP][PASSED] - Statement - (step++): null

2018-03-05 15:46:20 - [TEST_STEP][PASSED] - Statement - iconmap += CustomKeywords.cupakeysDl.iconad.iconadd("america", LoadTimeCorrector, step, run, device, timeStamp, iconcount): cupakeysDl.iconad.iconadd is PASSED

2018-03-05 15:46:21 - [MESSAGE][PASSED] - Object: 'Object Repository/CuPaDl/Icons/Icon' is clicked on

2018-03-05 15:46:21 - [MESSAGE][WARNING] - Timeout '0' is invalid. Using default page load timeout: '30'

2018-03-05 15:46:21 - [MESSAGE][PASSED] - Object 'Object Repository/CuPaDl/Icons/Icon_america' is visible

2018-03-05 15:46:22 - [MESSAGE][PASSED] - Delayed 1 second(s)

2018-03-05 15:46:22 - [MESSAGE][PASSED] - Object: 'Object Repository/CuPaDl/Icons/Icon_america' is clicked on

2018-03-05 15:46:23 - [MESSAGE][PASSED] - Object 'Object Repository/CuPaDl/Loading_indicator' is visible

2018-03-05 15:46:23 - [MESSAGE][PASSED] - Object 'Object Repository/CuPaDl/Loading_indicator' is NOT visible

2018-03-05 15:46:23 - [MESSAGE][WARNING] - Timeout '0' is invalid. Using default page load timeout: '30'

2018-03-05 15:46:23 - [MESSAGE][PASSED] - Width of element 'Object Repository/CuPaDl/Icons/Reposition_icon' is '40'

2018-03-05 15:46:23 - [MESSAGE][PASSED] - Height of element 'Object Repository/CuPaDl/Icons/Reposition_icon' is '40'.

2018-03-05 15:46:24 - [MESSAGE][PASSED] - Delayed 1 second(s)

2018-03-05 15:46:24 - [MESSAGE][PASSED] - cupakeysDl.iconad.iconadd is PASSED

2018-03-05 15:46:24 - [TEST_STEP][PASSED] - Statement - (step++): null

2018-03-05 15:46:24 - [TEST_STEP][PASSED] - Statement - (iconcount++): null

2018-03-05 15:46:24 - [TEST_STEP][PASSED] - cupakeysDl.iconres.iconresize: cupakeysDl.iconres.iconresize is PASSED

2018-03-05 15:46:24 - [MESSAGE][PASSED] - Object 'Object Repository/CuPaDl/Icons/Reposition_icon' is visible

2018-03-05 15:46:24 - [MESSAGE][PASSED] - Current viewport's left (x) position is 0

2018-03-05 15:46:24 - [MESSAGE][PASSED] - Current viewport's top (y) position is 54

2018-03-05 15:46:24 - [MESSAGE][PASSED] - Dragged object with id 'Object Repository/CuPaDl/Icons/Resize_icon_bottomright' by offset distance x = -125 and y = -71 successfully

2018-03-05 15:46:27 - [MESSAGE][WARNING] - Object 'Object Repository/CuPaDl/Loading_indicator' is not visible after 3 second(s)

2018-03-05 15:46:28 - [MESSAGE][PASSED] - Delayed 1 second(s)

2018-03-05 15:46:28 - [MESSAGE][PASSED] - cupakeysDl.iconres.iconresize is PASSED

2018-03-05 15:46:28 - [TEST_STEP][PASSED] - Statement - (step++): null

2018-03-05 15:46:28 - [TEST_STEP][PASSED] - cupakeysDl.slink.svlink: cupakeysDl.slink.svlink is PASSED

2018-03-05 15:46:28 - [MESSAGE][PASSED] - Scroll to object 'Object Repository/CuPaDl/Save/Save' successfully

2018-03-05 15:46:29 - [MESSAGE][PASSED] - Object: 'Object Repository/CuPaDl/Save/Save' is clicked on

2018-03-05 15:46:29 - [MESSAGE][WARNING] - Timeout '0' is invalid. Using default page load timeout: '30'

2018-03-05 15:46:30 - [MESSAGE][PASSED] - Object 'Object Repository/CuPaDl/Save/CopyLink' is visible

2018-03-05 15:46:30 - [MESSAGE][PASSED] - Object: 'Object Repository/CuPaDl/Save/CopyLink' is clicked on

2018-03-05 15:46:31 - [MESSAGE][PASSED] - Delayed 1 second(s)

2018-03-05 15:46:31 - [MESSAGE][PASSED] - Object: 'Object Repository/CuPaDl/Save/Close' is clicked on

2018-03-05 15:46:32 - [MESSAGE][PASSED] - Delayed 1 second(s)

2018-03-05 15:46:32 - [MESSAGE][PASSED] - cupakeysDl.slink.svlink is PASSED

2018-03-05 15:46:32 - [TEST_STEP][PASSED] - cupakeysDl.endsession.finishsession: cupakeysDl.endsession.finishsession is PASSED

2018-03-05 15:46:35 - [MESSAGE][PASSED] - Delayed 3 second(s)

2018-03-05 15:46:35 - [MESSAGE][PASSED] - Browser is closed

2018-03-05 15:46:35 - [MESSAGE][PASSED] - cupakeysDl.endsession.finishsession is PASSED]]></system-out>
         <system-err><![CDATA[]]></system-err>
      </testcase>
      <testcase name="Test Cases/CuPaStefanie/32" classname="Test Cases/CuPaStefanie/32" status="PASSED">
         <system-out><![CDATA[2018-03-05 15:46:35 - [TEST_CASE][PASSED] - Test Cases/CuPaStefanie/32: Test Cases/CuPaStefanie/32

2018-03-05 15:46:36 - [TEST_STEP][PASSED] - Statement - timeStamp = new java.text.SimpleDateFormat(dd.MM.yyyy).format(java.util.Calendar.getInstance().getTime()): null

2018-03-05 15:46:36 - [TEST_STEP][PASSED] - Statement - timeStampScreenshot = new java.text.SimpleDateFormat(dd.MM.yyyy).format(java.util.Calendar.getInstance().getTime()): null

2018-03-05 15:46:36 - [TEST_STEP][PASSED] - Statement - iconmap = [:]: null

2018-03-05 15:46:36 - [TEST_STEP][PASSED] - Statement - txtmap = [:]: null

2018-03-05 15:46:36 - [TEST_STEP][PASSED] - Statement - signmap = [:]: null

2018-03-05 15:46:36 - [TEST_STEP][PASSED] - cupakeysDl.initStart.initialStart: cupakeysDl.initStart.initialStart is PASSED

2018-03-05 15:46:37 - [MESSAGE][PASSED] - Browser is opened with url: ''

2018-03-05 15:46:40 - [MESSAGE][PASSED] - Delayed 3 second(s)

2018-03-05 15:46:42 - [MESSAGE][PASSED] - Navigate to 'https://d16a4dsnr8a0k1.cloudfront.net/en/2455233.html?price=150.00%20%E2%82%AC&partName=wilsonPartName&vin=wilsonVin&modelCode=XP11&paint=P0A94&modelDescription=wilsonModelDescription&additionalEquipment=wilsonAdditionalEquipment' successfully

2018-03-05 15:46:42 - [MESSAGE][PASSED] - Object 'Object Repository/CuPaDl/Loading_indicator' is visible

2018-03-05 15:46:46 - [MESSAGE][PASSED] - Object 'Object Repository/CuPaDl/Loading_indicator' is NOT visible

2018-03-05 15:46:47 - [MESSAGE][PASSED] - Delayed 1 second(s)

2018-03-05 15:46:47 - [MESSAGE][PASSED] - cupakeysDl.initStart.initialStart is PASSED

2018-03-05 15:46:47 - [TEST_STEP][PASSED] - Statement - (step++): null

2018-03-05 15:46:47 - [TEST_STEP][PASSED] - cupakeysDl.color.changecolor: cupakeysDl.color.changecolor is PASSED

2018-03-05 15:46:47 - [MESSAGE][PASSED] - Object 'Object Repository/CuPaDl/Color/Color' is visible

2018-03-05 15:46:47 - [MESSAGE][PASSED] - Object: 'Object Repository/CuPaDl/Color/Color' is clicked on

2018-03-05 15:46:47 - [MESSAGE][WARNING] - Timeout '0' is invalid. Using default page load timeout: '30'

2018-03-05 15:46:48 - [MESSAGE][PASSED] - Object 'Object Repository/CuPaDl/Color/Color_lapisblue' is visible

2018-03-05 15:46:49 - [MESSAGE][PASSED] - Delayed 1 second(s)

2018-03-05 15:46:49 - [MESSAGE][PASSED] - Object: 'Object Repository/CuPaDl/Color/Color_lapisblue' is clicked on

2018-03-05 15:46:52 - [MESSAGE][WARNING] - Object 'Object Repository/CuPaDl/Loading_indicator' is not visible after 3 second(s)

2018-03-05 15:46:53 - [MESSAGE][PASSED] - Delayed 1 second(s)

2018-03-05 15:46:53 - [MESSAGE][PASSED] - cupakeysDl.color.changecolor is PASSED

2018-03-05 15:46:53 - [TEST_STEP][PASSED] - Statement - (step++): null

2018-03-05 15:46:53 - [TEST_STEP][PASSED] - Statement - iconmap += CustomKeywords.cupakeysDl.iconad.iconadd("america", LoadTimeCorrector, step, run, device, timeStamp, iconcount): cupakeysDl.iconad.iconadd is PASSED

2018-03-05 15:46:53 - [MESSAGE][PASSED] - Object: 'Object Repository/CuPaDl/Icons/Icon' is clicked on

2018-03-05 15:46:53 - [MESSAGE][WARNING] - Timeout '0' is invalid. Using default page load timeout: '30'

2018-03-05 15:46:53 - [MESSAGE][PASSED] - Object 'Object Repository/CuPaDl/Icons/Icon_america' is visible

2018-03-05 15:46:54 - [MESSAGE][PASSED] - Delayed 1 second(s)

2018-03-05 15:46:54 - [MESSAGE][PASSED] - Object: 'Object Repository/CuPaDl/Icons/Icon_america' is clicked on

2018-03-05 15:46:57 - [MESSAGE][WARNING] - Object 'Object Repository/CuPaDl/Loading_indicator' is not visible after 3 second(s)

2018-03-05 15:46:57 - [MESSAGE][WARNING] - Timeout '0' is invalid. Using default page load timeout: '30'

2018-03-05 15:46:57 - [MESSAGE][PASSED] - Width of element 'Object Repository/CuPaDl/Icons/Reposition_icon' is '40'

2018-03-05 15:46:57 - [MESSAGE][PASSED] - Height of element 'Object Repository/CuPaDl/Icons/Reposition_icon' is '40'.

2018-03-05 15:46:58 - [MESSAGE][PASSED] - Delayed 1 second(s)

2018-03-05 15:46:58 - [MESSAGE][PASSED] - cupakeysDl.iconad.iconadd is PASSED

2018-03-05 15:46:58 - [TEST_STEP][PASSED] - Statement - (step++): null

2018-03-05 15:46:58 - [TEST_STEP][PASSED] - Statement - (iconcount++): null

2018-03-05 15:46:58 - [TEST_STEP][PASSED] - cupakeysDl.iconres.iconresize: cupakeysDl.iconres.iconresize is PASSED

2018-03-05 15:46:58 - [MESSAGE][PASSED] - Object 'Object Repository/CuPaDl/Icons/Reposition_icon' is visible

2018-03-05 15:46:58 - [MESSAGE][PASSED] - Current viewport's left (x) position is 0

2018-03-05 15:46:58 - [MESSAGE][PASSED] - Current viewport's top (y) position is 54

2018-03-05 15:46:58 - [MESSAGE][PASSED] - Dragged object with id 'Object Repository/CuPaDl/Icons/Resize_icon_bottomright' by offset distance x = 125 and y = 179 successfully

2018-03-05 15:47:01 - [MESSAGE][WARNING] - Object 'Object Repository/CuPaDl/Loading_indicator' is not visible after 3 second(s)

2018-03-05 15:47:02 - [MESSAGE][PASSED] - Delayed 1 second(s)

2018-03-05 15:47:02 - [MESSAGE][PASSED] - cupakeysDl.iconres.iconresize is PASSED

2018-03-05 15:47:02 - [TEST_STEP][PASSED] - Statement - (step++): null

2018-03-05 15:47:02 - [TEST_STEP][PASSED] - cupakeysDl.slink.svlink: cupakeysDl.slink.svlink is PASSED

2018-03-05 15:47:02 - [MESSAGE][PASSED] - Scroll to object 'Object Repository/CuPaDl/Save/Save' successfully

2018-03-05 15:47:02 - [MESSAGE][PASSED] - Object: 'Object Repository/CuPaDl/Save/Save' is clicked on

2018-03-05 15:47:02 - [MESSAGE][WARNING] - Timeout '0' is invalid. Using default page load timeout: '30'

2018-03-05 15:47:03 - [MESSAGE][PASSED] - Object 'Object Repository/CuPaDl/Save/CopyLink' is visible

2018-03-05 15:47:03 - [MESSAGE][PASSED] - Object: 'Object Repository/CuPaDl/Save/CopyLink' is clicked on

2018-03-05 15:47:04 - [MESSAGE][PASSED] - Delayed 1 second(s)

2018-03-05 15:47:04 - [MESSAGE][PASSED] - Object: 'Object Repository/CuPaDl/Save/Close' is clicked on

2018-03-05 15:47:05 - [MESSAGE][PASSED] - Delayed 1 second(s)

2018-03-05 15:47:05 - [MESSAGE][PASSED] - cupakeysDl.slink.svlink is PASSED

2018-03-05 15:47:05 - [TEST_STEP][PASSED] - cupakeysDl.endsession.finishsession: cupakeysDl.endsession.finishsession is PASSED

2018-03-05 15:47:08 - [MESSAGE][PASSED] - Delayed 3 second(s)

2018-03-05 15:47:09 - [MESSAGE][PASSED] - Browser is closed

2018-03-05 15:47:09 - [MESSAGE][PASSED] - cupakeysDl.endsession.finishsession is PASSED]]></system-out>
         <system-err><![CDATA[]]></system-err>
      </testcase>
      <testcase name="Test Cases/CuPaStefanie/33" classname="Test Cases/CuPaStefanie/33" status="FAILED">
         <failure type="FAILED" message="Unable to click on object 'Object Repository/CuPaDl/Icons/Icon_australia' (Root cause: org.openqa.selenium.ElementNotVisibleException: element not visible
  (Session info: chrome=64.0.3282.186)
  (Driver info: chromedriver=2.35.528161 (5b82f2d2aae0ca24b877009200ced9065a772e73),platform=Windows NT 10.0.16299 x86_64) (WARNING: The server did not provide any stacktrace information)
Command duration or timeout: 0 milliseconds
Build info: version: '3.7.1', revision: '8a0099a', time: '2017-11-06T21:07:36.161Z'
System info: host: 'DESKTOP-47R6KV7', ip: '192.168.100.78', os.name: 'Windows 10', os.arch: 'amd64', os.version: '10.0', java.version: '1.8.0_102'
Driver info: com.kms.katalon.selenium.driver.CChromeDriver
Capabilities {acceptInsecureCerts: false, acceptSslCerts: false, applicationCacheEnabled: false, browserConnectionEnabled: false, browserName: chrome, chrome: {chromedriverVersion: 2.35.528161 (5b82f2d2aae0ca..., userDataDir: C:\Users\MEGAPO~1\AppData\L...}, cssSelectorsEnabled: true, databaseEnabled: false, handlesAlerts: true, hasTouchScreen: false, javascriptEnabled: true, locationContextEnabled: true, mobileEmulationEnabled: false, nativeEvents: true, networkConnectionEnabled: false, pageLoadStrategy: normal, platform: XP, platformName: XP, rotatable: false, setWindowRect: true, takesHeapSnapshot: true, takesScreenshot: true, unexpectedAlertBehaviour: , unhandledPromptBehavior: , version: 64.0.3282.186, webStorageEnabled: true}
Session ID: 300925a3eeebc649829b3ee0a9144fad)"/>
         <system-out><![CDATA[2018-03-05 15:47:09 - [TEST_CASE][FAILED] - Test Cases/CuPaStefanie/33: Test Cases/CuPaStefanie/33 FAILED because (of) Unable to click on object 'Object Repository/CuPaDl/Icons/Icon_australia' (Root cause: org.openqa.selenium.ElementNotVisibleException: element not visible
  (Session info: chrome=64.0.3282.186)
  (Driver info: chromedriver=2.35.528161 (5b82f2d2aae0ca24b877009200ced9065a772e73),platform=Windows NT 10.0.16299 x86_64) (WARNING: The server did not provide any stacktrace information)
Command duration or timeout: 0 milliseconds
Build info: version: '3.7.1', revision: '8a0099a', time: '2017-11-06T21:07:36.161Z'
System info: host: 'DESKTOP-47R6KV7', ip: '192.168.100.78', os.name: 'Windows 10', os.arch: 'amd64', os.version: '10.0', java.version: '1.8.0_102'
Driver info: com.kms.katalon.selenium.driver.CChromeDriver
Capabilities {acceptInsecureCerts: false, acceptSslCerts: false, applicationCacheEnabled: false, browserConnectionEnabled: false, browserName: chrome, chrome: {chromedriverVersion: 2.35.528161 (5b82f2d2aae0ca..., userDataDir: C:\Users\MEGAPO~1\AppData\L...}, cssSelectorsEnabled: true, databaseEnabled: false, handlesAlerts: true, hasTouchScreen: false, javascriptEnabled: true, locationContextEnabled: true, mobileEmulationEnabled: false, nativeEvents: true, networkConnectionEnabled: false, pageLoadStrategy: normal, platform: XP, platformName: XP, rotatable: false, setWindowRect: true, takesHeapSnapshot: true, takesScreenshot: true, unexpectedAlertBehaviour: , unhandledPromptBehavior: , version: 64.0.3282.186, webStorageEnabled: true}
Session ID: 300925a3eeebc649829b3ee0a9144fad)

2018-03-05 15:47:09 - [TEST_STEP][PASSED] - Statement - timeStamp = new java.text.SimpleDateFormat(dd.MM.yyyy).format(java.util.Calendar.getInstance().getTime()): null

2018-03-05 15:47:09 - [TEST_STEP][PASSED] - Statement - timeStampScreenshot = new java.text.SimpleDateFormat(dd.MM.yyyy).format(java.util.Calendar.getInstance().getTime()): null

2018-03-05 15:47:09 - [TEST_STEP][PASSED] - Statement - iconmap = [:]: null

2018-03-05 15:47:09 - [TEST_STEP][PASSED] - Statement - txtmap = [:]: null

2018-03-05 15:47:09 - [TEST_STEP][PASSED] - Statement - signmap = [:]: null

2018-03-05 15:47:09 - [TEST_STEP][PASSED] - cupakeysDl.initStart.initialStart: cupakeysDl.initStart.initialStart is PASSED

2018-03-05 15:47:11 - [MESSAGE][PASSED] - Browser is opened with url: ''

2018-03-05 15:47:14 - [MESSAGE][PASSED] - Delayed 3 second(s)

2018-03-05 15:47:15 - [MESSAGE][PASSED] - Navigate to 'https://d16a4dsnr8a0k1.cloudfront.net/en/2455233.html?price=150.00%20%E2%82%AC&partName=wilsonPartName&vin=wilsonVin&modelCode=XP11&paint=P0A94&modelDescription=wilsonModelDescription&additionalEquipment=wilsonAdditionalEquipment' successfully

2018-03-05 15:47:15 - [MESSAGE][PASSED] - Object 'Object Repository/CuPaDl/Loading_indicator' is visible

2018-03-05 15:47:20 - [MESSAGE][PASSED] - Object 'Object Repository/CuPaDl/Loading_indicator' is NOT visible

2018-03-05 15:47:21 - [MESSAGE][PASSED] - Delayed 1 second(s)

2018-03-05 15:47:21 - [MESSAGE][PASSED] - cupakeysDl.initStart.initialStart is PASSED

2018-03-05 15:47:21 - [TEST_STEP][PASSED] - Statement - (step++): null

2018-03-05 15:47:21 - [TEST_STEP][PASSED] - cupakeysDl.color.changecolor: cupakeysDl.color.changecolor is PASSED

2018-03-05 15:47:21 - [MESSAGE][PASSED] - Object 'Object Repository/CuPaDl/Color/Color' is visible

2018-03-05 15:47:21 - [MESSAGE][PASSED] - Object: 'Object Repository/CuPaDl/Color/Color' is clicked on

2018-03-05 15:47:21 - [MESSAGE][WARNING] - Timeout '0' is invalid. Using default page load timeout: '30'

2018-03-05 15:47:21 - [MESSAGE][PASSED] - Object 'Object Repository/CuPaDl/Color/Color_passionred' is visible

2018-03-05 15:47:22 - [MESSAGE][PASSED] - Delayed 1 second(s)

2018-03-05 15:47:22 - [MESSAGE][PASSED] - Object: 'Object Repository/CuPaDl/Color/Color_passionred' is clicked on

2018-03-05 15:47:25 - [MESSAGE][WARNING] - Object 'Object Repository/CuPaDl/Loading_indicator' is not visible after 3 second(s)

2018-03-05 15:47:26 - [MESSAGE][PASSED] - Delayed 1 second(s)

2018-03-05 15:47:26 - [MESSAGE][PASSED] - cupakeysDl.color.changecolor is PASSED

2018-03-05 15:47:26 - [TEST_STEP][PASSED] - Statement - (step++): null

2018-03-05 15:47:26 - [TEST_STEP][FAILED] - Statement - iconmap += CustomKeywords.cupakeysDl.iconad.iconadd("australia", LoadTimeCorrector, step, run, device, timeStamp, iconcount): Unable to click on object 'Object Repository/CuPaDl/Icons/Icon_australia' (Root cause: org.openqa.selenium.ElementNotVisibleException: element not visible
  (Session info: chrome=64.0.3282.186)
  (Driver info: chromedriver=2.35.528161 (5b82f2d2aae0ca24b877009200ced9065a772e73),platform=Windows NT 10.0.16299 x86_64) (WARNING: The server did not provide any stacktrace information)
Command duration or timeout: 0 milliseconds
Build info: version: '3.7.1', revision: '8a0099a', time: '2017-11-06T21:07:36.161Z'
System info: host: 'DESKTOP-47R6KV7', ip: '192.168.100.78', os.name: 'Windows 10', os.arch: 'amd64', os.version: '10.0', java.version: '1.8.0_102'
Driver info: com.kms.katalon.selenium.driver.CChromeDriver
Capabilities {acceptInsecureCerts: false, acceptSslCerts: false, applicationCacheEnabled: false, browserConnectionEnabled: false, browserName: chrome, chrome: {chromedriverVersion: 2.35.528161 (5b82f2d2aae0ca..., userDataDir: C:\Users\MEGAPO~1\AppData\L...}, cssSelectorsEnabled: true, databaseEnabled: false, handlesAlerts: true, hasTouchScreen: false, javascriptEnabled: true, locationContextEnabled: true, mobileEmulationEnabled: false, nativeEvents: true, networkConnectionEnabled: false, pageLoadStrategy: normal, platform: XP, platformName: XP, rotatable: false, setWindowRect: true, takesHeapSnapshot: true, takesScreenshot: true, unexpectedAlertBehaviour: , unhandledPromptBehavior: , version: 64.0.3282.186, webStorageEnabled: true}
Session ID: 300925a3eeebc649829b3ee0a9144fad)

2018-03-05 15:47:26 - [MESSAGE][PASSED] - Object: 'Object Repository/CuPaDl/Icons/Icon' is clicked on

2018-03-05 15:47:26 - [MESSAGE][WARNING] - Timeout '0' is invalid. Using default page load timeout: '30'

2018-03-05 15:47:56 - [MESSAGE][WARNING] - Object 'Object Repository/CuPaDl/Icons/Icon_australia' is not visible after 30 second(s)

2018-03-05 15:47:57 - [MESSAGE][PASSED] - Delayed 1 second(s)

2018-03-05 15:47:57 - [MESSAGE][FAILED] - Unable to click on object 'Object Repository/CuPaDl/Icons/Icon_australia' (Root cause: org.openqa.selenium.ElementNotVisibleException: element not visible
  (Session info: chrome=64.0.3282.186)
  (Driver info: chromedriver=2.35.528161 (5b82f2d2aae0ca24b877009200ced9065a772e73),platform=Windows NT 10.0.16299 x86_64) (WARNING: The server did not provide any stacktrace information)
Command duration or timeout: 0 milliseconds
Build info: version: '3.7.1', revision: '8a0099a', time: '2017-11-06T21:07:36.161Z'
System info: host: 'DESKTOP-47R6KV7', ip: '192.168.100.78', os.name: 'Windows 10', os.arch: 'amd64', os.version: '10.0', java.version: '1.8.0_102'
Driver info: com.kms.katalon.selenium.driver.CChromeDriver
Capabilities {acceptInsecureCerts: false, acceptSslCerts: false, applicationCacheEnabled: false, browserConnectionEnabled: false, browserName: chrome, chrome: {chromedriverVersion: 2.35.528161 (5b82f2d2aae0ca..., userDataDir: C:\Users\MEGAPO~1\AppData\L...}, cssSelectorsEnabled: true, databaseEnabled: false, handlesAlerts: true, hasTouchScreen: false, javascriptEnabled: true, locationContextEnabled: true, mobileEmulationEnabled: false, nativeEvents: true, networkConnectionEnabled: false, pageLoadStrategy: normal, platform: XP, platformName: XP, rotatable: false, setWindowRect: true, takesHeapSnapshot: true, takesScreenshot: true, unexpectedAlertBehaviour: , unhandledPromptBehavior: , version: 64.0.3282.186, webStorageEnabled: true}
Session ID: 300925a3eeebc649829b3ee0a9144fad)

2018-03-05 15:47:57 - [MESSAGE][FAILED] - Unable to click on object 'Object Repository/CuPaDl/Icons/Icon_australia' (Root cause: org.openqa.selenium.ElementNotVisibleException: element not visible
  (Session info: chrome=64.0.3282.186)
  (Driver info: chromedriver=2.35.528161 (5b82f2d2aae0ca24b877009200ced9065a772e73),platform=Windows NT 10.0.16299 x86_64) (WARNING: The server did not provide any stacktrace information)
Command duration or timeout: 0 milliseconds
Build info: version: '3.7.1', revision: '8a0099a', time: '2017-11-06T21:07:36.161Z'
System info: host: 'DESKTOP-47R6KV7', ip: '192.168.100.78', os.name: 'Windows 10', os.arch: 'amd64', os.version: '10.0', java.version: '1.8.0_102'
Driver info: com.kms.katalon.selenium.driver.CChromeDriver
Capabilities {acceptInsecureCerts: false, acceptSslCerts: false, applicationCacheEnabled: false, browserConnectionEnabled: false, browserName: chrome, chrome: {chromedriverVersion: 2.35.528161 (5b82f2d2aae0ca..., userDataDir: C:\Users\MEGAPO~1\AppData\L...}, cssSelectorsEnabled: true, databaseEnabled: false, handlesAlerts: true, hasTouchScreen: false, javascriptEnabled: true, locationContextEnabled: true, mobileEmulationEnabled: false, nativeEvents: true, networkConnectionEnabled: false, pageLoadStrategy: normal, platform: XP, platformName: XP, rotatable: false, setWindowRect: true, takesHeapSnapshot: true, takesScreenshot: true, unexpectedAlertBehaviour: , unhandledPromptBehavior: , version: 64.0.3282.186, webStorageEnabled: true}
Session ID: 300925a3eeebc649829b3ee0a9144fad)]]></system-out>
         <system-err><![CDATA[2018-03-05 15:47:09 - [TEST_CASE][FAILED] - Test Cases/CuPaStefanie/33: Test Cases/CuPaStefanie/33 FAILED because (of) Unable to click on object 'Object Repository/CuPaDl/Icons/Icon_australia' (Root cause: org.openqa.selenium.ElementNotVisibleException: element not visible
  (Session info: chrome=64.0.3282.186)
  (Driver info: chromedriver=2.35.528161 (5b82f2d2aae0ca24b877009200ced9065a772e73),platform=Windows NT 10.0.16299 x86_64) (WARNING: The server did not provide any stacktrace information)
Command duration or timeout: 0 milliseconds
Build info: version: '3.7.1', revision: '8a0099a', time: '2017-11-06T21:07:36.161Z'
System info: host: 'DESKTOP-47R6KV7', ip: '192.168.100.78', os.name: 'Windows 10', os.arch: 'amd64', os.version: '10.0', java.version: '1.8.0_102'
Driver info: com.kms.katalon.selenium.driver.CChromeDriver
Capabilities {acceptInsecureCerts: false, acceptSslCerts: false, applicationCacheEnabled: false, browserConnectionEnabled: false, browserName: chrome, chrome: {chromedriverVersion: 2.35.528161 (5b82f2d2aae0ca..., userDataDir: C:\Users\MEGAPO~1\AppData\L...}, cssSelectorsEnabled: true, databaseEnabled: false, handlesAlerts: true, hasTouchScreen: false, javascriptEnabled: true, locationContextEnabled: true, mobileEmulationEnabled: false, nativeEvents: true, networkConnectionEnabled: false, pageLoadStrategy: normal, platform: XP, platformName: XP, rotatable: false, setWindowRect: true, takesHeapSnapshot: true, takesScreenshot: true, unexpectedAlertBehaviour: , unhandledPromptBehavior: , version: 64.0.3282.186, webStorageEnabled: true}
Session ID: 300925a3eeebc649829b3ee0a9144fad)]]></system-err>
      </testcase>
      <testcase name="Test Cases/CuPaStefanie/34" classname="Test Cases/CuPaStefanie/34" status="FAILED">
         <failure type="FAILED" message="Unable to click on object 'Object Repository/CuPaDl/Icons/Icon_australia' (Root cause: org.openqa.selenium.ElementNotVisibleException: element not visible
  (Session info: chrome=64.0.3282.186)
  (Driver info: chromedriver=2.35.528161 (5b82f2d2aae0ca24b877009200ced9065a772e73),platform=Windows NT 10.0.16299 x86_64) (WARNING: The server did not provide any stacktrace information)
Command duration or timeout: 0 milliseconds
Build info: version: '3.7.1', revision: '8a0099a', time: '2017-11-06T21:07:36.161Z'
System info: host: 'DESKTOP-47R6KV7', ip: '192.168.100.78', os.name: 'Windows 10', os.arch: 'amd64', os.version: '10.0', java.version: '1.8.0_102'
Driver info: com.kms.katalon.selenium.driver.CChromeDriver
Capabilities {acceptInsecureCerts: false, acceptSslCerts: false, applicationCacheEnabled: false, browserConnectionEnabled: false, browserName: chrome, chrome: {chromedriverVersion: 2.35.528161 (5b82f2d2aae0ca..., userDataDir: C:\Users\MEGAPO~1\AppData\L...}, cssSelectorsEnabled: true, databaseEnabled: false, handlesAlerts: true, hasTouchScreen: false, javascriptEnabled: true, locationContextEnabled: true, mobileEmulationEnabled: false, nativeEvents: true, networkConnectionEnabled: false, pageLoadStrategy: normal, platform: XP, platformName: XP, rotatable: false, setWindowRect: true, takesHeapSnapshot: true, takesScreenshot: true, unexpectedAlertBehaviour: , unhandledPromptBehavior: , version: 64.0.3282.186, webStorageEnabled: true}
Session ID: 950e404734af63803b8f7bc156bc3d34)"/>
         <system-out><![CDATA[2018-03-05 15:47:57 - [TEST_CASE][FAILED] - Test Cases/CuPaStefanie/34: Test Cases/CuPaStefanie/34 FAILED because (of) Unable to click on object 'Object Repository/CuPaDl/Icons/Icon_australia' (Root cause: org.openqa.selenium.ElementNotVisibleException: element not visible
  (Session info: chrome=64.0.3282.186)
  (Driver info: chromedriver=2.35.528161 (5b82f2d2aae0ca24b877009200ced9065a772e73),platform=Windows NT 10.0.16299 x86_64) (WARNING: The server did not provide any stacktrace information)
Command duration or timeout: 0 milliseconds
Build info: version: '3.7.1', revision: '8a0099a', time: '2017-11-06T21:07:36.161Z'
System info: host: 'DESKTOP-47R6KV7', ip: '192.168.100.78', os.name: 'Windows 10', os.arch: 'amd64', os.version: '10.0', java.version: '1.8.0_102'
Driver info: com.kms.katalon.selenium.driver.CChromeDriver
Capabilities {acceptInsecureCerts: false, acceptSslCerts: false, applicationCacheEnabled: false, browserConnectionEnabled: false, browserName: chrome, chrome: {chromedriverVersion: 2.35.528161 (5b82f2d2aae0ca..., userDataDir: C:\Users\MEGAPO~1\AppData\L...}, cssSelectorsEnabled: true, databaseEnabled: false, handlesAlerts: true, hasTouchScreen: false, javascriptEnabled: true, locationContextEnabled: true, mobileEmulationEnabled: false, nativeEvents: true, networkConnectionEnabled: false, pageLoadStrategy: normal, platform: XP, platformName: XP, rotatable: false, setWindowRect: true, takesHeapSnapshot: true, takesScreenshot: true, unexpectedAlertBehaviour: , unhandledPromptBehavior: , version: 64.0.3282.186, webStorageEnabled: true}
Session ID: 950e404734af63803b8f7bc156bc3d34)

2018-03-05 15:47:57 - [TEST_STEP][PASSED] - Statement - timeStamp = new java.text.SimpleDateFormat(dd.MM.yyyy).format(java.util.Calendar.getInstance().getTime()): null

2018-03-05 15:47:57 - [TEST_STEP][PASSED] - Statement - timeStampScreenshot = new java.text.SimpleDateFormat(dd.MM.yyyy).format(java.util.Calendar.getInstance().getTime()): null

2018-03-05 15:47:57 - [TEST_STEP][PASSED] - Statement - iconmap = [:]: null

2018-03-05 15:47:57 - [TEST_STEP][PASSED] - Statement - txtmap = [:]: null

2018-03-05 15:47:57 - [TEST_STEP][PASSED] - Statement - signmap = [:]: null

2018-03-05 15:47:57 - [TEST_STEP][PASSED] - cupakeysDl.initStart.initialStart: cupakeysDl.initStart.initialStart is PASSED

2018-03-05 15:47:57 - [MESSAGE][WARNING] - A browser is already opened. Closing browser and opening a new one

2018-03-05 15:48:00 - [MESSAGE][PASSED] - Browser is opened with url: ''

2018-03-05 15:48:03 - [MESSAGE][PASSED] - Delayed 3 second(s)

2018-03-05 15:48:04 - [MESSAGE][PASSED] - Navigate to 'https://d16a4dsnr8a0k1.cloudfront.net/en/2455233.html?price=150.00%20%E2%82%AC&partName=wilsonPartName&vin=wilsonVin&modelCode=XP11&paint=P0A94&modelDescription=wilsonModelDescription&additionalEquipment=wilsonAdditionalEquipment' successfully

2018-03-05 15:48:04 - [MESSAGE][PASSED] - Object 'Object Repository/CuPaDl/Loading_indicator' is visible

2018-03-05 15:48:09 - [MESSAGE][PASSED] - Object 'Object Repository/CuPaDl/Loading_indicator' is NOT visible

2018-03-05 15:48:10 - [MESSAGE][PASSED] - Delayed 1 second(s)

2018-03-05 15:48:10 - [MESSAGE][PASSED] - cupakeysDl.initStart.initialStart is PASSED

2018-03-05 15:48:10 - [TEST_STEP][PASSED] - Statement - (step++): null

2018-03-05 15:48:10 - [TEST_STEP][PASSED] - cupakeysDl.color.changecolor: cupakeysDl.color.changecolor is PASSED

2018-03-05 15:48:10 - [MESSAGE][PASSED] - Object 'Object Repository/CuPaDl/Color/Color' is visible

2018-03-05 15:48:10 - [MESSAGE][PASSED] - Object: 'Object Repository/CuPaDl/Color/Color' is clicked on

2018-03-05 15:48:10 - [MESSAGE][WARNING] - Timeout '0' is invalid. Using default page load timeout: '30'

2018-03-05 15:48:10 - [MESSAGE][PASSED] - Object 'Object Repository/CuPaDl/Color/Color_jetblack' is visible

2018-03-05 15:48:11 - [MESSAGE][PASSED] - Delayed 1 second(s)

2018-03-05 15:48:11 - [MESSAGE][PASSED] - Object: 'Object Repository/CuPaDl/Color/Color_jetblack' is clicked on

2018-03-05 15:48:14 - [MESSAGE][WARNING] - Object 'Object Repository/CuPaDl/Loading_indicator' is not visible after 3 second(s)

2018-03-05 15:48:15 - [MESSAGE][PASSED] - Delayed 1 second(s)

2018-03-05 15:48:15 - [MESSAGE][PASSED] - cupakeysDl.color.changecolor is PASSED

2018-03-05 15:48:15 - [TEST_STEP][PASSED] - Statement - (step++): null

2018-03-05 15:48:15 - [TEST_STEP][FAILED] - Statement - iconmap += CustomKeywords.cupakeysDl.iconad.iconadd("australia", LoadTimeCorrector, step, run, device, timeStamp, iconcount): Unable to click on object 'Object Repository/CuPaDl/Icons/Icon_australia' (Root cause: org.openqa.selenium.ElementNotVisibleException: element not visible
  (Session info: chrome=64.0.3282.186)
  (Driver info: chromedriver=2.35.528161 (5b82f2d2aae0ca24b877009200ced9065a772e73),platform=Windows NT 10.0.16299 x86_64) (WARNING: The server did not provide any stacktrace information)
Command duration or timeout: 0 milliseconds
Build info: version: '3.7.1', revision: '8a0099a', time: '2017-11-06T21:07:36.161Z'
System info: host: 'DESKTOP-47R6KV7', ip: '192.168.100.78', os.name: 'Windows 10', os.arch: 'amd64', os.version: '10.0', java.version: '1.8.0_102'
Driver info: com.kms.katalon.selenium.driver.CChromeDriver
Capabilities {acceptInsecureCerts: false, acceptSslCerts: false, applicationCacheEnabled: false, browserConnectionEnabled: false, browserName: chrome, chrome: {chromedriverVersion: 2.35.528161 (5b82f2d2aae0ca..., userDataDir: C:\Users\MEGAPO~1\AppData\L...}, cssSelectorsEnabled: true, databaseEnabled: false, handlesAlerts: true, hasTouchScreen: false, javascriptEnabled: true, locationContextEnabled: true, mobileEmulationEnabled: false, nativeEvents: true, networkConnectionEnabled: false, pageLoadStrategy: normal, platform: XP, platformName: XP, rotatable: false, setWindowRect: true, takesHeapSnapshot: true, takesScreenshot: true, unexpectedAlertBehaviour: , unhandledPromptBehavior: , version: 64.0.3282.186, webStorageEnabled: true}
Session ID: 950e404734af63803b8f7bc156bc3d34)

2018-03-05 15:48:15 - [MESSAGE][PASSED] - Object: 'Object Repository/CuPaDl/Icons/Icon' is clicked on

2018-03-05 15:48:15 - [MESSAGE][WARNING] - Timeout '0' is invalid. Using default page load timeout: '30'

2018-03-05 15:48:45 - [MESSAGE][WARNING] - Object 'Object Repository/CuPaDl/Icons/Icon_australia' is not visible after 30 second(s)

2018-03-05 15:48:46 - [MESSAGE][PASSED] - Delayed 1 second(s)

2018-03-05 15:48:46 - [MESSAGE][FAILED] - Unable to click on object 'Object Repository/CuPaDl/Icons/Icon_australia' (Root cause: org.openqa.selenium.ElementNotVisibleException: element not visible
  (Session info: chrome=64.0.3282.186)
  (Driver info: chromedriver=2.35.528161 (5b82f2d2aae0ca24b877009200ced9065a772e73),platform=Windows NT 10.0.16299 x86_64) (WARNING: The server did not provide any stacktrace information)
Command duration or timeout: 0 milliseconds
Build info: version: '3.7.1', revision: '8a0099a', time: '2017-11-06T21:07:36.161Z'
System info: host: 'DESKTOP-47R6KV7', ip: '192.168.100.78', os.name: 'Windows 10', os.arch: 'amd64', os.version: '10.0', java.version: '1.8.0_102'
Driver info: com.kms.katalon.selenium.driver.CChromeDriver
Capabilities {acceptInsecureCerts: false, acceptSslCerts: false, applicationCacheEnabled: false, browserConnectionEnabled: false, browserName: chrome, chrome: {chromedriverVersion: 2.35.528161 (5b82f2d2aae0ca..., userDataDir: C:\Users\MEGAPO~1\AppData\L...}, cssSelectorsEnabled: true, databaseEnabled: false, handlesAlerts: true, hasTouchScreen: false, javascriptEnabled: true, locationContextEnabled: true, mobileEmulationEnabled: false, nativeEvents: true, networkConnectionEnabled: false, pageLoadStrategy: normal, platform: XP, platformName: XP, rotatable: false, setWindowRect: true, takesHeapSnapshot: true, takesScreenshot: true, unexpectedAlertBehaviour: , unhandledPromptBehavior: , version: 64.0.3282.186, webStorageEnabled: true}
Session ID: 950e404734af63803b8f7bc156bc3d34)

2018-03-05 15:48:46 - [MESSAGE][FAILED] - Unable to click on object 'Object Repository/CuPaDl/Icons/Icon_australia' (Root cause: org.openqa.selenium.ElementNotVisibleException: element not visible
  (Session info: chrome=64.0.3282.186)
  (Driver info: chromedriver=2.35.528161 (5b82f2d2aae0ca24b877009200ced9065a772e73),platform=Windows NT 10.0.16299 x86_64) (WARNING: The server did not provide any stacktrace information)
Command duration or timeout: 0 milliseconds
Build info: version: '3.7.1', revision: '8a0099a', time: '2017-11-06T21:07:36.161Z'
System info: host: 'DESKTOP-47R6KV7', ip: '192.168.100.78', os.name: 'Windows 10', os.arch: 'amd64', os.version: '10.0', java.version: '1.8.0_102'
Driver info: com.kms.katalon.selenium.driver.CChromeDriver
Capabilities {acceptInsecureCerts: false, acceptSslCerts: false, applicationCacheEnabled: false, browserConnectionEnabled: false, browserName: chrome, chrome: {chromedriverVersion: 2.35.528161 (5b82f2d2aae0ca..., userDataDir: C:\Users\MEGAPO~1\AppData\L...}, cssSelectorsEnabled: true, databaseEnabled: false, handlesAlerts: true, hasTouchScreen: false, javascriptEnabled: true, locationContextEnabled: true, mobileEmulationEnabled: false, nativeEvents: true, networkConnectionEnabled: false, pageLoadStrategy: normal, platform: XP, platformName: XP, rotatable: false, setWindowRect: true, takesHeapSnapshot: true, takesScreenshot: true, unexpectedAlertBehaviour: , unhandledPromptBehavior: , version: 64.0.3282.186, webStorageEnabled: true}
Session ID: 950e404734af63803b8f7bc156bc3d34)]]></system-out>
         <system-err><![CDATA[2018-03-05 15:47:57 - [TEST_CASE][FAILED] - Test Cases/CuPaStefanie/34: Test Cases/CuPaStefanie/34 FAILED because (of) Unable to click on object 'Object Repository/CuPaDl/Icons/Icon_australia' (Root cause: org.openqa.selenium.ElementNotVisibleException: element not visible
  (Session info: chrome=64.0.3282.186)
  (Driver info: chromedriver=2.35.528161 (5b82f2d2aae0ca24b877009200ced9065a772e73),platform=Windows NT 10.0.16299 x86_64) (WARNING: The server did not provide any stacktrace information)
Command duration or timeout: 0 milliseconds
Build info: version: '3.7.1', revision: '8a0099a', time: '2017-11-06T21:07:36.161Z'
System info: host: 'DESKTOP-47R6KV7', ip: '192.168.100.78', os.name: 'Windows 10', os.arch: 'amd64', os.version: '10.0', java.version: '1.8.0_102'
Driver info: com.kms.katalon.selenium.driver.CChromeDriver
Capabilities {acceptInsecureCerts: false, acceptSslCerts: false, applicationCacheEnabled: false, browserConnectionEnabled: false, browserName: chrome, chrome: {chromedriverVersion: 2.35.528161 (5b82f2d2aae0ca..., userDataDir: C:\Users\MEGAPO~1\AppData\L...}, cssSelectorsEnabled: true, databaseEnabled: false, handlesAlerts: true, hasTouchScreen: false, javascriptEnabled: true, locationContextEnabled: true, mobileEmulationEnabled: false, nativeEvents: true, networkConnectionEnabled: false, pageLoadStrategy: normal, platform: XP, platformName: XP, rotatable: false, setWindowRect: true, takesHeapSnapshot: true, takesScreenshot: true, unexpectedAlertBehaviour: , unhandledPromptBehavior: , version: 64.0.3282.186, webStorageEnabled: true}
Session ID: 950e404734af63803b8f7bc156bc3d34)]]></system-err>
      </testcase>
      <testcase name="Test Cases/CuPaStefanie/35" classname="Test Cases/CuPaStefanie/35" status="FAILED">
         <failure type="FAILED" message="Unable to click on object 'Object Repository/CuPaDl/Icons/Icon_londoncircle' (Root cause: org.openqa.selenium.ElementNotVisibleException: element not visible
  (Session info: chrome=64.0.3282.186)
  (Driver info: chromedriver=2.35.528161 (5b82f2d2aae0ca24b877009200ced9065a772e73),platform=Windows NT 10.0.16299 x86_64) (WARNING: The server did not provide any stacktrace information)
Command duration or timeout: 0 milliseconds
Build info: version: '3.7.1', revision: '8a0099a', time: '2017-11-06T21:07:36.161Z'
System info: host: 'DESKTOP-47R6KV7', ip: '192.168.100.78', os.name: 'Windows 10', os.arch: 'amd64', os.version: '10.0', java.version: '1.8.0_102'
Driver info: com.kms.katalon.selenium.driver.CChromeDriver
Capabilities {acceptInsecureCerts: false, acceptSslCerts: false, applicationCacheEnabled: false, browserConnectionEnabled: false, browserName: chrome, chrome: {chromedriverVersion: 2.35.528161 (5b82f2d2aae0ca..., userDataDir: C:\Users\MEGAPO~1\AppData\L...}, cssSelectorsEnabled: true, databaseEnabled: false, handlesAlerts: true, hasTouchScreen: false, javascriptEnabled: true, locationContextEnabled: true, mobileEmulationEnabled: false, nativeEvents: true, networkConnectionEnabled: false, pageLoadStrategy: normal, platform: XP, platformName: XP, rotatable: false, setWindowRect: true, takesHeapSnapshot: true, takesScreenshot: true, unexpectedAlertBehaviour: , unhandledPromptBehavior: , version: 64.0.3282.186, webStorageEnabled: true}
Session ID: 666479315124b9a07b51215ae8eca583)"/>
         <system-out><![CDATA[2018-03-05 15:48:46 - [TEST_CASE][FAILED] - Test Cases/CuPaStefanie/35: Test Cases/CuPaStefanie/35 FAILED because (of) Unable to click on object 'Object Repository/CuPaDl/Icons/Icon_londoncircle' (Root cause: org.openqa.selenium.ElementNotVisibleException: element not visible
  (Session info: chrome=64.0.3282.186)
  (Driver info: chromedriver=2.35.528161 (5b82f2d2aae0ca24b877009200ced9065a772e73),platform=Windows NT 10.0.16299 x86_64) (WARNING: The server did not provide any stacktrace information)
Command duration or timeout: 0 milliseconds
Build info: version: '3.7.1', revision: '8a0099a', time: '2017-11-06T21:07:36.161Z'
System info: host: 'DESKTOP-47R6KV7', ip: '192.168.100.78', os.name: 'Windows 10', os.arch: 'amd64', os.version: '10.0', java.version: '1.8.0_102'
Driver info: com.kms.katalon.selenium.driver.CChromeDriver
Capabilities {acceptInsecureCerts: false, acceptSslCerts: false, applicationCacheEnabled: false, browserConnectionEnabled: false, browserName: chrome, chrome: {chromedriverVersion: 2.35.528161 (5b82f2d2aae0ca..., userDataDir: C:\Users\MEGAPO~1\AppData\L...}, cssSelectorsEnabled: true, databaseEnabled: false, handlesAlerts: true, hasTouchScreen: false, javascriptEnabled: true, locationContextEnabled: true, mobileEmulationEnabled: false, nativeEvents: true, networkConnectionEnabled: false, pageLoadStrategy: normal, platform: XP, platformName: XP, rotatable: false, setWindowRect: true, takesHeapSnapshot: true, takesScreenshot: true, unexpectedAlertBehaviour: , unhandledPromptBehavior: , version: 64.0.3282.186, webStorageEnabled: true}
Session ID: 666479315124b9a07b51215ae8eca583)

2018-03-05 15:48:47 - [TEST_STEP][PASSED] - Statement - timeStamp = new java.text.SimpleDateFormat(dd.MM.yyyy).format(java.util.Calendar.getInstance().getTime()): null

2018-03-05 15:48:47 - [TEST_STEP][PASSED] - Statement - timeStampScreenshot = new java.text.SimpleDateFormat(dd.MM.yyyy).format(java.util.Calendar.getInstance().getTime()): null

2018-03-05 15:48:47 - [TEST_STEP][PASSED] - Statement - iconmap = [:]: null

2018-03-05 15:48:47 - [TEST_STEP][PASSED] - Statement - txtmap = [:]: null

2018-03-05 15:48:47 - [TEST_STEP][PASSED] - Statement - signmap = [:]: null

2018-03-05 15:48:47 - [TEST_STEP][PASSED] - cupakeysDl.initStart.initialStart: cupakeysDl.initStart.initialStart is PASSED

2018-03-05 15:48:47 - [MESSAGE][WARNING] - A browser is already opened. Closing browser and opening a new one

2018-03-05 15:48:49 - [MESSAGE][PASSED] - Browser is opened with url: ''

2018-03-05 15:48:52 - [MESSAGE][PASSED] - Delayed 3 second(s)

2018-03-05 15:48:53 - [MESSAGE][PASSED] - Navigate to 'https://d16a4dsnr8a0k1.cloudfront.net/en/2455233.html?price=150.00%20%E2%82%AC&partName=wilsonPartName&vin=wilsonVin&modelCode=XP11&paint=P0A94&modelDescription=wilsonModelDescription&additionalEquipment=wilsonAdditionalEquipment' successfully

2018-03-05 15:48:53 - [MESSAGE][PASSED] - Object 'Object Repository/CuPaDl/Loading_indicator' is visible

2018-03-05 15:48:58 - [MESSAGE][PASSED] - Object 'Object Repository/CuPaDl/Loading_indicator' is NOT visible

2018-03-05 15:48:59 - [MESSAGE][PASSED] - Delayed 1 second(s)

2018-03-05 15:48:59 - [MESSAGE][PASSED] - cupakeysDl.initStart.initialStart is PASSED

2018-03-05 15:48:59 - [TEST_STEP][PASSED] - Statement - (step++): null

2018-03-05 15:48:59 - [TEST_STEP][PASSED] - cupakeysDl.color.changecolor: cupakeysDl.color.changecolor is PASSED

2018-03-05 15:48:59 - [MESSAGE][PASSED] - Object 'Object Repository/CuPaDl/Color/Color' is visible

2018-03-05 15:48:59 - [MESSAGE][PASSED] - Object: 'Object Repository/CuPaDl/Color/Color' is clicked on

2018-03-05 15:48:59 - [MESSAGE][WARNING] - Timeout '0' is invalid. Using default page load timeout: '30'

2018-03-05 15:48:59 - [MESSAGE][PASSED] - Object 'Object Repository/CuPaDl/Color/Color_nightlightblue' is visible

2018-03-05 15:49:00 - [MESSAGE][PASSED] - Delayed 1 second(s)

2018-03-05 15:49:00 - [MESSAGE][PASSED] - Object: 'Object Repository/CuPaDl/Color/Color_nightlightblue' is clicked on

2018-03-05 15:49:04 - [MESSAGE][WARNING] - Object 'Object Repository/CuPaDl/Loading_indicator' is not visible after 3 second(s)

2018-03-05 15:49:05 - [MESSAGE][PASSED] - Delayed 1 second(s)

2018-03-05 15:49:05 - [MESSAGE][PASSED] - cupakeysDl.color.changecolor is PASSED

2018-03-05 15:49:05 - [TEST_STEP][PASSED] - Statement - (step++): null

2018-03-05 15:49:05 - [TEST_STEP][FAILED] - Statement - iconmap += CustomKeywords.cupakeysDl.iconad.iconadd("londoncircle", LoadTimeCorrector, step, run, device, timeStamp, iconcount): Unable to click on object 'Object Repository/CuPaDl/Icons/Icon_londoncircle' (Root cause: org.openqa.selenium.ElementNotVisibleException: element not visible
  (Session info: chrome=64.0.3282.186)
  (Driver info: chromedriver=2.35.528161 (5b82f2d2aae0ca24b877009200ced9065a772e73),platform=Windows NT 10.0.16299 x86_64) (WARNING: The server did not provide any stacktrace information)
Command duration or timeout: 0 milliseconds
Build info: version: '3.7.1', revision: '8a0099a', time: '2017-11-06T21:07:36.161Z'
System info: host: 'DESKTOP-47R6KV7', ip: '192.168.100.78', os.name: 'Windows 10', os.arch: 'amd64', os.version: '10.0', java.version: '1.8.0_102'
Driver info: com.kms.katalon.selenium.driver.CChromeDriver
Capabilities {acceptInsecureCerts: false, acceptSslCerts: false, applicationCacheEnabled: false, browserConnectionEnabled: false, browserName: chrome, chrome: {chromedriverVersion: 2.35.528161 (5b82f2d2aae0ca..., userDataDir: C:\Users\MEGAPO~1\AppData\L...}, cssSelectorsEnabled: true, databaseEnabled: false, handlesAlerts: true, hasTouchScreen: false, javascriptEnabled: true, locationContextEnabled: true, mobileEmulationEnabled: false, nativeEvents: true, networkConnectionEnabled: false, pageLoadStrategy: normal, platform: XP, platformName: XP, rotatable: false, setWindowRect: true, takesHeapSnapshot: true, takesScreenshot: true, unexpectedAlertBehaviour: , unhandledPromptBehavior: , version: 64.0.3282.186, webStorageEnabled: true}
Session ID: 666479315124b9a07b51215ae8eca583)

2018-03-05 15:49:05 - [MESSAGE][PASSED] - Object: 'Object Repository/CuPaDl/Icons/Icon' is clicked on

2018-03-05 15:49:05 - [MESSAGE][WARNING] - Timeout '0' is invalid. Using default page load timeout: '30'

2018-03-05 15:49:35 - [MESSAGE][WARNING] - Object 'Object Repository/CuPaDl/Icons/Icon_londoncircle' is not visible after 30 second(s)

2018-03-05 15:49:36 - [MESSAGE][PASSED] - Delayed 1 second(s)

2018-03-05 15:49:36 - [MESSAGE][FAILED] - Unable to click on object 'Object Repository/CuPaDl/Icons/Icon_londoncircle' (Root cause: org.openqa.selenium.ElementNotVisibleException: element not visible
  (Session info: chrome=64.0.3282.186)
  (Driver info: chromedriver=2.35.528161 (5b82f2d2aae0ca24b877009200ced9065a772e73),platform=Windows NT 10.0.16299 x86_64) (WARNING: The server did not provide any stacktrace information)
Command duration or timeout: 0 milliseconds
Build info: version: '3.7.1', revision: '8a0099a', time: '2017-11-06T21:07:36.161Z'
System info: host: 'DESKTOP-47R6KV7', ip: '192.168.100.78', os.name: 'Windows 10', os.arch: 'amd64', os.version: '10.0', java.version: '1.8.0_102'
Driver info: com.kms.katalon.selenium.driver.CChromeDriver
Capabilities {acceptInsecureCerts: false, acceptSslCerts: false, applicationCacheEnabled: false, browserConnectionEnabled: false, browserName: chrome, chrome: {chromedriverVersion: 2.35.528161 (5b82f2d2aae0ca..., userDataDir: C:\Users\MEGAPO~1\AppData\L...}, cssSelectorsEnabled: true, databaseEnabled: false, handlesAlerts: true, hasTouchScreen: false, javascriptEnabled: true, locationContextEnabled: true, mobileEmulationEnabled: false, nativeEvents: true, networkConnectionEnabled: false, pageLoadStrategy: normal, platform: XP, platformName: XP, rotatable: false, setWindowRect: true, takesHeapSnapshot: true, takesScreenshot: true, unexpectedAlertBehaviour: , unhandledPromptBehavior: , version: 64.0.3282.186, webStorageEnabled: true}
Session ID: 666479315124b9a07b51215ae8eca583)

2018-03-05 15:49:36 - [MESSAGE][FAILED] - Unable to click on object 'Object Repository/CuPaDl/Icons/Icon_londoncircle' (Root cause: org.openqa.selenium.ElementNotVisibleException: element not visible
  (Session info: chrome=64.0.3282.186)
  (Driver info: chromedriver=2.35.528161 (5b82f2d2aae0ca24b877009200ced9065a772e73),platform=Windows NT 10.0.16299 x86_64) (WARNING: The server did not provide any stacktrace information)
Command duration or timeout: 0 milliseconds
Build info: version: '3.7.1', revision: '8a0099a', time: '2017-11-06T21:07:36.161Z'
System info: host: 'DESKTOP-47R6KV7', ip: '192.168.100.78', os.name: 'Windows 10', os.arch: 'amd64', os.version: '10.0', java.version: '1.8.0_102'
Driver info: com.kms.katalon.selenium.driver.CChromeDriver
Capabilities {acceptInsecureCerts: false, acceptSslCerts: false, applicationCacheEnabled: false, browserConnectionEnabled: false, browserName: chrome, chrome: {chromedriverVersion: 2.35.528161 (5b82f2d2aae0ca..., userDataDir: C:\Users\MEGAPO~1\AppData\L...}, cssSelectorsEnabled: true, databaseEnabled: false, handlesAlerts: true, hasTouchScreen: false, javascriptEnabled: true, locationContextEnabled: true, mobileEmulationEnabled: false, nativeEvents: true, networkConnectionEnabled: false, pageLoadStrategy: normal, platform: XP, platformName: XP, rotatable: false, setWindowRect: true, takesHeapSnapshot: true, takesScreenshot: true, unexpectedAlertBehaviour: , unhandledPromptBehavior: , version: 64.0.3282.186, webStorageEnabled: true}
Session ID: 666479315124b9a07b51215ae8eca583)]]></system-out>
         <system-err><![CDATA[2018-03-05 15:48:46 - [TEST_CASE][FAILED] - Test Cases/CuPaStefanie/35: Test Cases/CuPaStefanie/35 FAILED because (of) Unable to click on object 'Object Repository/CuPaDl/Icons/Icon_londoncircle' (Root cause: org.openqa.selenium.ElementNotVisibleException: element not visible
  (Session info: chrome=64.0.3282.186)
  (Driver info: chromedriver=2.35.528161 (5b82f2d2aae0ca24b877009200ced9065a772e73),platform=Windows NT 10.0.16299 x86_64) (WARNING: The server did not provide any stacktrace information)
Command duration or timeout: 0 milliseconds
Build info: version: '3.7.1', revision: '8a0099a', time: '2017-11-06T21:07:36.161Z'
System info: host: 'DESKTOP-47R6KV7', ip: '192.168.100.78', os.name: 'Windows 10', os.arch: 'amd64', os.version: '10.0', java.version: '1.8.0_102'
Driver info: com.kms.katalon.selenium.driver.CChromeDriver
Capabilities {acceptInsecureCerts: false, acceptSslCerts: false, applicationCacheEnabled: false, browserConnectionEnabled: false, browserName: chrome, chrome: {chromedriverVersion: 2.35.528161 (5b82f2d2aae0ca..., userDataDir: C:\Users\MEGAPO~1\AppData\L...}, cssSelectorsEnabled: true, databaseEnabled: false, handlesAlerts: true, hasTouchScreen: false, javascriptEnabled: true, locationContextEnabled: true, mobileEmulationEnabled: false, nativeEvents: true, networkConnectionEnabled: false, pageLoadStrategy: normal, platform: XP, platformName: XP, rotatable: false, setWindowRect: true, takesHeapSnapshot: true, takesScreenshot: true, unexpectedAlertBehaviour: , unhandledPromptBehavior: , version: 64.0.3282.186, webStorageEnabled: true}
Session ID: 666479315124b9a07b51215ae8eca583)]]></system-err>
      </testcase>
      <testcase name="Test Cases/CuPaStefanie/36" classname="Test Cases/CuPaStefanie/36" status="FAILED">
         <failure type="FAILED" message="Unable to click on object 'Object Repository/CuPaDl/Icons/Icon_londoncircle' (Root cause: org.openqa.selenium.ElementNotVisibleException: element not visible
  (Session info: chrome=64.0.3282.186)
  (Driver info: chromedriver=2.35.528161 (5b82f2d2aae0ca24b877009200ced9065a772e73),platform=Windows NT 10.0.16299 x86_64) (WARNING: The server did not provide any stacktrace information)
Command duration or timeout: 0 milliseconds
Build info: version: '3.7.1', revision: '8a0099a', time: '2017-11-06T21:07:36.161Z'
System info: host: 'DESKTOP-47R6KV7', ip: '192.168.100.78', os.name: 'Windows 10', os.arch: 'amd64', os.version: '10.0', java.version: '1.8.0_102'
Driver info: com.kms.katalon.selenium.driver.CChromeDriver
Capabilities {acceptInsecureCerts: false, acceptSslCerts: false, applicationCacheEnabled: false, browserConnectionEnabled: false, browserName: chrome, chrome: {chromedriverVersion: 2.35.528161 (5b82f2d2aae0ca..., userDataDir: C:\Users\MEGAPO~1\AppData\L...}, cssSelectorsEnabled: true, databaseEnabled: false, handlesAlerts: true, hasTouchScreen: false, javascriptEnabled: true, locationContextEnabled: true, mobileEmulationEnabled: false, nativeEvents: true, networkConnectionEnabled: false, pageLoadStrategy: normal, platform: XP, platformName: XP, rotatable: false, setWindowRect: true, takesHeapSnapshot: true, takesScreenshot: true, unexpectedAlertBehaviour: , unhandledPromptBehavior: , version: 64.0.3282.186, webStorageEnabled: true}
Session ID: 2e551d5ccbc76dbca658f089e9c355e6)"/>
         <system-out><![CDATA[2018-03-05 15:49:36 - [TEST_CASE][FAILED] - Test Cases/CuPaStefanie/36: Test Cases/CuPaStefanie/36 FAILED because (of) Unable to click on object 'Object Repository/CuPaDl/Icons/Icon_londoncircle' (Root cause: org.openqa.selenium.ElementNotVisibleException: element not visible
  (Session info: chrome=64.0.3282.186)
  (Driver info: chromedriver=2.35.528161 (5b82f2d2aae0ca24b877009200ced9065a772e73),platform=Windows NT 10.0.16299 x86_64) (WARNING: The server did not provide any stacktrace information)
Command duration or timeout: 0 milliseconds
Build info: version: '3.7.1', revision: '8a0099a', time: '2017-11-06T21:07:36.161Z'
System info: host: 'DESKTOP-47R6KV7', ip: '192.168.100.78', os.name: 'Windows 10', os.arch: 'amd64', os.version: '10.0', java.version: '1.8.0_102'
Driver info: com.kms.katalon.selenium.driver.CChromeDriver
Capabilities {acceptInsecureCerts: false, acceptSslCerts: false, applicationCacheEnabled: false, browserConnectionEnabled: false, browserName: chrome, chrome: {chromedriverVersion: 2.35.528161 (5b82f2d2aae0ca..., userDataDir: C:\Users\MEGAPO~1\AppData\L...}, cssSelectorsEnabled: true, databaseEnabled: false, handlesAlerts: true, hasTouchScreen: false, javascriptEnabled: true, locationContextEnabled: true, mobileEmulationEnabled: false, nativeEvents: true, networkConnectionEnabled: false, pageLoadStrategy: normal, platform: XP, platformName: XP, rotatable: false, setWindowRect: true, takesHeapSnapshot: true, takesScreenshot: true, unexpectedAlertBehaviour: , unhandledPromptBehavior: , version: 64.0.3282.186, webStorageEnabled: true}
Session ID: 2e551d5ccbc76dbca658f089e9c355e6)

2018-03-05 15:49:36 - [TEST_STEP][PASSED] - Statement - timeStamp = new java.text.SimpleDateFormat(dd.MM.yyyy).format(java.util.Calendar.getInstance().getTime()): null

2018-03-05 15:49:36 - [TEST_STEP][PASSED] - Statement - timeStampScreenshot = new java.text.SimpleDateFormat(dd.MM.yyyy).format(java.util.Calendar.getInstance().getTime()): null

2018-03-05 15:49:36 - [TEST_STEP][PASSED] - Statement - iconmap = [:]: null

2018-03-05 15:49:36 - [TEST_STEP][PASSED] - Statement - txtmap = [:]: null

2018-03-05 15:49:36 - [TEST_STEP][PASSED] - Statement - signmap = [:]: null

2018-03-05 15:49:36 - [TEST_STEP][PASSED] - cupakeysDl.initStart.initialStart: cupakeysDl.initStart.initialStart is PASSED

2018-03-05 15:49:36 - [MESSAGE][WARNING] - A browser is already opened. Closing browser and opening a new one

2018-03-05 15:49:39 - [MESSAGE][PASSED] - Browser is opened with url: ''

2018-03-05 15:49:42 - [MESSAGE][PASSED] - Delayed 3 second(s)

2018-03-05 15:49:43 - [MESSAGE][PASSED] - Navigate to 'https://d16a4dsnr8a0k1.cloudfront.net/en/2455233.html?price=150.00%20%E2%82%AC&partName=wilsonPartName&vin=wilsonVin&modelCode=XP11&paint=P0A94&modelDescription=wilsonModelDescription&additionalEquipment=wilsonAdditionalEquipment' successfully

2018-03-05 15:49:43 - [MESSAGE][PASSED] - Object 'Object Repository/CuPaDl/Loading_indicator' is visible

2018-03-05 15:49:48 - [MESSAGE][PASSED] - Object 'Object Repository/CuPaDl/Loading_indicator' is NOT visible

2018-03-05 15:49:49 - [MESSAGE][PASSED] - Delayed 1 second(s)

2018-03-05 15:49:49 - [MESSAGE][PASSED] - cupakeysDl.initStart.initialStart is PASSED

2018-03-05 15:49:49 - [TEST_STEP][PASSED] - Statement - (step++): null

2018-03-05 15:49:49 - [TEST_STEP][PASSED] - cupakeysDl.color.changecolor: cupakeysDl.color.changecolor is PASSED

2018-03-05 15:49:49 - [MESSAGE][PASSED] - Object 'Object Repository/CuPaDl/Color/Color' is visible

2018-03-05 15:49:49 - [MESSAGE][PASSED] - Object: 'Object Repository/CuPaDl/Color/Color' is clicked on

2018-03-05 15:49:49 - [MESSAGE][WARNING] - Timeout '0' is invalid. Using default page load timeout: '30'

2018-03-05 15:49:49 - [MESSAGE][PASSED] - Object 'Object Repository/CuPaDl/Color/Color_moonwalkgrey' is visible

2018-03-05 15:49:50 - [MESSAGE][PASSED] - Delayed 1 second(s)

2018-03-05 15:49:50 - [MESSAGE][PASSED] - Object: 'Object Repository/CuPaDl/Color/Color_moonwalkgrey' is clicked on

2018-03-05 15:49:53 - [MESSAGE][WARNING] - Object 'Object Repository/CuPaDl/Loading_indicator' is not visible after 3 second(s)

2018-03-05 15:49:54 - [MESSAGE][PASSED] - Delayed 1 second(s)

2018-03-05 15:49:54 - [MESSAGE][PASSED] - cupakeysDl.color.changecolor is PASSED

2018-03-05 15:49:54 - [TEST_STEP][PASSED] - Statement - (step++): null

2018-03-05 15:49:54 - [TEST_STEP][FAILED] - Statement - iconmap += CustomKeywords.cupakeysDl.iconad.iconadd("londoncircle", LoadTimeCorrector, step, run, device, timeStamp, iconcount): Unable to click on object 'Object Repository/CuPaDl/Icons/Icon_londoncircle' (Root cause: org.openqa.selenium.ElementNotVisibleException: element not visible
  (Session info: chrome=64.0.3282.186)
  (Driver info: chromedriver=2.35.528161 (5b82f2d2aae0ca24b877009200ced9065a772e73),platform=Windows NT 10.0.16299 x86_64) (WARNING: The server did not provide any stacktrace information)
Command duration or timeout: 0 milliseconds
Build info: version: '3.7.1', revision: '8a0099a', time: '2017-11-06T21:07:36.161Z'
System info: host: 'DESKTOP-47R6KV7', ip: '192.168.100.78', os.name: 'Windows 10', os.arch: 'amd64', os.version: '10.0', java.version: '1.8.0_102'
Driver info: com.kms.katalon.selenium.driver.CChromeDriver
Capabilities {acceptInsecureCerts: false, acceptSslCerts: false, applicationCacheEnabled: false, browserConnectionEnabled: false, browserName: chrome, chrome: {chromedriverVersion: 2.35.528161 (5b82f2d2aae0ca..., userDataDir: C:\Users\MEGAPO~1\AppData\L...}, cssSelectorsEnabled: true, databaseEnabled: false, handlesAlerts: true, hasTouchScreen: false, javascriptEnabled: true, locationContextEnabled: true, mobileEmulationEnabled: false, nativeEvents: true, networkConnectionEnabled: false, pageLoadStrategy: normal, platform: XP, platformName: XP, rotatable: false, setWindowRect: true, takesHeapSnapshot: true, takesScreenshot: true, unexpectedAlertBehaviour: , unhandledPromptBehavior: , version: 64.0.3282.186, webStorageEnabled: true}
Session ID: 2e551d5ccbc76dbca658f089e9c355e6)

2018-03-05 15:49:54 - [MESSAGE][PASSED] - Object: 'Object Repository/CuPaDl/Icons/Icon' is clicked on

2018-03-05 15:49:54 - [MESSAGE][WARNING] - Timeout '0' is invalid. Using default page load timeout: '30'

2018-03-05 15:50:24 - [MESSAGE][WARNING] - Object 'Object Repository/CuPaDl/Icons/Icon_londoncircle' is not visible after 30 second(s)

2018-03-05 15:50:25 - [MESSAGE][PASSED] - Delayed 1 second(s)

2018-03-05 15:50:25 - [MESSAGE][FAILED] - Unable to click on object 'Object Repository/CuPaDl/Icons/Icon_londoncircle' (Root cause: org.openqa.selenium.ElementNotVisibleException: element not visible
  (Session info: chrome=64.0.3282.186)
  (Driver info: chromedriver=2.35.528161 (5b82f2d2aae0ca24b877009200ced9065a772e73),platform=Windows NT 10.0.16299 x86_64) (WARNING: The server did not provide any stacktrace information)
Command duration or timeout: 0 milliseconds
Build info: version: '3.7.1', revision: '8a0099a', time: '2017-11-06T21:07:36.161Z'
System info: host: 'DESKTOP-47R6KV7', ip: '192.168.100.78', os.name: 'Windows 10', os.arch: 'amd64', os.version: '10.0', java.version: '1.8.0_102'
Driver info: com.kms.katalon.selenium.driver.CChromeDriver
Capabilities {acceptInsecureCerts: false, acceptSslCerts: false, applicationCacheEnabled: false, browserConnectionEnabled: false, browserName: chrome, chrome: {chromedriverVersion: 2.35.528161 (5b82f2d2aae0ca..., userDataDir: C:\Users\MEGAPO~1\AppData\L...}, cssSelectorsEnabled: true, databaseEnabled: false, handlesAlerts: true, hasTouchScreen: false, javascriptEnabled: true, locationContextEnabled: true, mobileEmulationEnabled: false, nativeEvents: true, networkConnectionEnabled: false, pageLoadStrategy: normal, platform: XP, platformName: XP, rotatable: false, setWindowRect: true, takesHeapSnapshot: true, takesScreenshot: true, unexpectedAlertBehaviour: , unhandledPromptBehavior: , version: 64.0.3282.186, webStorageEnabled: true}
Session ID: 2e551d5ccbc76dbca658f089e9c355e6)

2018-03-05 15:50:25 - [MESSAGE][FAILED] - Unable to click on object 'Object Repository/CuPaDl/Icons/Icon_londoncircle' (Root cause: org.openqa.selenium.ElementNotVisibleException: element not visible
  (Session info: chrome=64.0.3282.186)
  (Driver info: chromedriver=2.35.528161 (5b82f2d2aae0ca24b877009200ced9065a772e73),platform=Windows NT 10.0.16299 x86_64) (WARNING: The server did not provide any stacktrace information)
Command duration or timeout: 0 milliseconds
Build info: version: '3.7.1', revision: '8a0099a', time: '2017-11-06T21:07:36.161Z'
System info: host: 'DESKTOP-47R6KV7', ip: '192.168.100.78', os.name: 'Windows 10', os.arch: 'amd64', os.version: '10.0', java.version: '1.8.0_102'
Driver info: com.kms.katalon.selenium.driver.CChromeDriver
Capabilities {acceptInsecureCerts: false, acceptSslCerts: false, applicationCacheEnabled: false, browserConnectionEnabled: false, browserName: chrome, chrome: {chromedriverVersion: 2.35.528161 (5b82f2d2aae0ca..., userDataDir: C:\Users\MEGAPO~1\AppData\L...}, cssSelectorsEnabled: true, databaseEnabled: false, handlesAlerts: true, hasTouchScreen: false, javascriptEnabled: true, locationContextEnabled: true, mobileEmulationEnabled: false, nativeEvents: true, networkConnectionEnabled: false, pageLoadStrategy: normal, platform: XP, platformName: XP, rotatable: false, setWindowRect: true, takesHeapSnapshot: true, takesScreenshot: true, unexpectedAlertBehaviour: , unhandledPromptBehavior: , version: 64.0.3282.186, webStorageEnabled: true}
Session ID: 2e551d5ccbc76dbca658f089e9c355e6)]]></system-out>
         <system-err><![CDATA[2018-03-05 15:49:36 - [TEST_CASE][FAILED] - Test Cases/CuPaStefanie/36: Test Cases/CuPaStefanie/36 FAILED because (of) Unable to click on object 'Object Repository/CuPaDl/Icons/Icon_londoncircle' (Root cause: org.openqa.selenium.ElementNotVisibleException: element not visible
  (Session info: chrome=64.0.3282.186)
  (Driver info: chromedriver=2.35.528161 (5b82f2d2aae0ca24b877009200ced9065a772e73),platform=Windows NT 10.0.16299 x86_64) (WARNING: The server did not provide any stacktrace information)
Command duration or timeout: 0 milliseconds
Build info: version: '3.7.1', revision: '8a0099a', time: '2017-11-06T21:07:36.161Z'
System info: host: 'DESKTOP-47R6KV7', ip: '192.168.100.78', os.name: 'Windows 10', os.arch: 'amd64', os.version: '10.0', java.version: '1.8.0_102'
Driver info: com.kms.katalon.selenium.driver.CChromeDriver
Capabilities {acceptInsecureCerts: false, acceptSslCerts: false, applicationCacheEnabled: false, browserConnectionEnabled: false, browserName: chrome, chrome: {chromedriverVersion: 2.35.528161 (5b82f2d2aae0ca..., userDataDir: C:\Users\MEGAPO~1\AppData\L...}, cssSelectorsEnabled: true, databaseEnabled: false, handlesAlerts: true, hasTouchScreen: false, javascriptEnabled: true, locationContextEnabled: true, mobileEmulationEnabled: false, nativeEvents: true, networkConnectionEnabled: false, pageLoadStrategy: normal, platform: XP, platformName: XP, rotatable: false, setWindowRect: true, takesHeapSnapshot: true, takesScreenshot: true, unexpectedAlertBehaviour: , unhandledPromptBehavior: , version: 64.0.3282.186, webStorageEnabled: true}
Session ID: 2e551d5ccbc76dbca658f089e9c355e6)]]></system-err>
      </testcase>
      <testcase name="Test Cases/CuPaStefanie/37" classname="Test Cases/CuPaStefanie/37" status="FAILED">
         <failure type="FAILED" message="Unable to click on object 'Object Repository/CuPaDl/Icons/Icon_mountain' (Root cause: org.openqa.selenium.ElementNotVisibleException: element not visible
  (Session info: chrome=64.0.3282.186)
  (Driver info: chromedriver=2.35.528161 (5b82f2d2aae0ca24b877009200ced9065a772e73),platform=Windows NT 10.0.16299 x86_64) (WARNING: The server did not provide any stacktrace information)
Command duration or timeout: 0 milliseconds
Build info: version: '3.7.1', revision: '8a0099a', time: '2017-11-06T21:07:36.161Z'
System info: host: 'DESKTOP-47R6KV7', ip: '192.168.100.78', os.name: 'Windows 10', os.arch: 'amd64', os.version: '10.0', java.version: '1.8.0_102'
Driver info: com.kms.katalon.selenium.driver.CChromeDriver
Capabilities {acceptInsecureCerts: false, acceptSslCerts: false, applicationCacheEnabled: false, browserConnectionEnabled: false, browserName: chrome, chrome: {chromedriverVersion: 2.35.528161 (5b82f2d2aae0ca..., userDataDir: C:\Users\MEGAPO~1\AppData\L...}, cssSelectorsEnabled: true, databaseEnabled: false, handlesAlerts: true, hasTouchScreen: false, javascriptEnabled: true, locationContextEnabled: true, mobileEmulationEnabled: false, nativeEvents: true, networkConnectionEnabled: false, pageLoadStrategy: normal, platform: XP, platformName: XP, rotatable: false, setWindowRect: true, takesHeapSnapshot: true, takesScreenshot: true, unexpectedAlertBehaviour: , unhandledPromptBehavior: , version: 64.0.3282.186, webStorageEnabled: true}
Session ID: 43a8fcfc1798b80f15fb58c670254679)"/>
         <system-out><![CDATA[2018-03-05 15:50:25 - [TEST_CASE][FAILED] - Test Cases/CuPaStefanie/37: Test Cases/CuPaStefanie/37 FAILED because (of) Unable to click on object 'Object Repository/CuPaDl/Icons/Icon_mountain' (Root cause: org.openqa.selenium.ElementNotVisibleException: element not visible
  (Session info: chrome=64.0.3282.186)
  (Driver info: chromedriver=2.35.528161 (5b82f2d2aae0ca24b877009200ced9065a772e73),platform=Windows NT 10.0.16299 x86_64) (WARNING: The server did not provide any stacktrace information)
Command duration or timeout: 0 milliseconds
Build info: version: '3.7.1', revision: '8a0099a', time: '2017-11-06T21:07:36.161Z'
System info: host: 'DESKTOP-47R6KV7', ip: '192.168.100.78', os.name: 'Windows 10', os.arch: 'amd64', os.version: '10.0', java.version: '1.8.0_102'
Driver info: com.kms.katalon.selenium.driver.CChromeDriver
Capabilities {acceptInsecureCerts: false, acceptSslCerts: false, applicationCacheEnabled: false, browserConnectionEnabled: false, browserName: chrome, chrome: {chromedriverVersion: 2.35.528161 (5b82f2d2aae0ca..., userDataDir: C:\Users\MEGAPO~1\AppData\L...}, cssSelectorsEnabled: true, databaseEnabled: false, handlesAlerts: true, hasTouchScreen: false, javascriptEnabled: true, locationContextEnabled: true, mobileEmulationEnabled: false, nativeEvents: true, networkConnectionEnabled: false, pageLoadStrategy: normal, platform: XP, platformName: XP, rotatable: false, setWindowRect: true, takesHeapSnapshot: true, takesScreenshot: true, unexpectedAlertBehaviour: , unhandledPromptBehavior: , version: 64.0.3282.186, webStorageEnabled: true}
Session ID: 43a8fcfc1798b80f15fb58c670254679)

2018-03-05 15:50:25 - [TEST_STEP][PASSED] - Statement - timeStamp = new java.text.SimpleDateFormat(dd.MM.yyyy).format(java.util.Calendar.getInstance().getTime()): null

2018-03-05 15:50:25 - [TEST_STEP][PASSED] - Statement - timeStampScreenshot = new java.text.SimpleDateFormat(dd.MM.yyyy).format(java.util.Calendar.getInstance().getTime()): null

2018-03-05 15:50:25 - [TEST_STEP][PASSED] - Statement - iconmap = [:]: null

2018-03-05 15:50:25 - [TEST_STEP][PASSED] - Statement - txtmap = [:]: null

2018-03-05 15:50:25 - [TEST_STEP][PASSED] - Statement - signmap = [:]: null

2018-03-05 15:50:25 - [TEST_STEP][PASSED] - cupakeysDl.initStart.initialStart: cupakeysDl.initStart.initialStart is PASSED

2018-03-05 15:50:25 - [MESSAGE][WARNING] - A browser is already opened. Closing browser and opening a new one

2018-03-05 15:50:28 - [MESSAGE][PASSED] - Browser is opened with url: ''

2018-03-05 15:50:31 - [MESSAGE][PASSED] - Delayed 3 second(s)

2018-03-05 15:50:32 - [MESSAGE][PASSED] - Navigate to 'https://d16a4dsnr8a0k1.cloudfront.net/en/2455233.html?price=150.00%20%E2%82%AC&partName=wilsonPartName&vin=wilsonVin&modelCode=XP11&paint=P0A94&modelDescription=wilsonModelDescription&additionalEquipment=wilsonAdditionalEquipment' successfully

2018-03-05 15:50:32 - [MESSAGE][PASSED] - Object 'Object Repository/CuPaDl/Loading_indicator' is visible

2018-03-05 15:50:37 - [MESSAGE][PASSED] - Object 'Object Repository/CuPaDl/Loading_indicator' is NOT visible

2018-03-05 15:50:38 - [MESSAGE][PASSED] - Delayed 1 second(s)

2018-03-05 15:50:38 - [MESSAGE][PASSED] - cupakeysDl.initStart.initialStart is PASSED

2018-03-05 15:50:38 - [TEST_STEP][PASSED] - Statement - (step++): null

2018-03-05 15:50:38 - [TEST_STEP][PASSED] - cupakeysDl.color.changecolor: cupakeysDl.color.changecolor is PASSED

2018-03-05 15:50:38 - [MESSAGE][PASSED] - Object 'Object Repository/CuPaDl/Color/Color' is visible

2018-03-05 15:50:38 - [MESSAGE][PASSED] - Object: 'Object Repository/CuPaDl/Color/Color' is clicked on

2018-03-05 15:50:38 - [MESSAGE][WARNING] - Timeout '0' is invalid. Using default page load timeout: '30'

2018-03-05 15:50:38 - [MESSAGE][PASSED] - Object 'Object Repository/CuPaDl/Color/Color_solartsorange' is visible

2018-03-05 15:50:39 - [MESSAGE][PASSED] - Delayed 1 second(s)

2018-03-05 15:50:39 - [MESSAGE][PASSED] - Object: 'Object Repository/CuPaDl/Color/Color_solartsorange' is clicked on

2018-03-05 15:50:42 - [MESSAGE][WARNING] - Object 'Object Repository/CuPaDl/Loading_indicator' is not visible after 3 second(s)

2018-03-05 15:50:43 - [MESSAGE][PASSED] - Delayed 1 second(s)

2018-03-05 15:50:43 - [MESSAGE][PASSED] - cupakeysDl.color.changecolor is PASSED

2018-03-05 15:50:43 - [TEST_STEP][PASSED] - Statement - (step++): null

2018-03-05 15:50:43 - [TEST_STEP][FAILED] - Statement - iconmap += CustomKeywords.cupakeysDl.iconad.iconadd("mountain", LoadTimeCorrector, step, run, device, timeStamp, iconcount): Unable to click on object 'Object Repository/CuPaDl/Icons/Icon_mountain' (Root cause: org.openqa.selenium.ElementNotVisibleException: element not visible
  (Session info: chrome=64.0.3282.186)
  (Driver info: chromedriver=2.35.528161 (5b82f2d2aae0ca24b877009200ced9065a772e73),platform=Windows NT 10.0.16299 x86_64) (WARNING: The server did not provide any stacktrace information)
Command duration or timeout: 0 milliseconds
Build info: version: '3.7.1', revision: '8a0099a', time: '2017-11-06T21:07:36.161Z'
System info: host: 'DESKTOP-47R6KV7', ip: '192.168.100.78', os.name: 'Windows 10', os.arch: 'amd64', os.version: '10.0', java.version: '1.8.0_102'
Driver info: com.kms.katalon.selenium.driver.CChromeDriver
Capabilities {acceptInsecureCerts: false, acceptSslCerts: false, applicationCacheEnabled: false, browserConnectionEnabled: false, browserName: chrome, chrome: {chromedriverVersion: 2.35.528161 (5b82f2d2aae0ca..., userDataDir: C:\Users\MEGAPO~1\AppData\L...}, cssSelectorsEnabled: true, databaseEnabled: false, handlesAlerts: true, hasTouchScreen: false, javascriptEnabled: true, locationContextEnabled: true, mobileEmulationEnabled: false, nativeEvents: true, networkConnectionEnabled: false, pageLoadStrategy: normal, platform: XP, platformName: XP, rotatable: false, setWindowRect: true, takesHeapSnapshot: true, takesScreenshot: true, unexpectedAlertBehaviour: , unhandledPromptBehavior: , version: 64.0.3282.186, webStorageEnabled: true}
Session ID: 43a8fcfc1798b80f15fb58c670254679)

2018-03-05 15:50:43 - [MESSAGE][PASSED] - Object: 'Object Repository/CuPaDl/Icons/Icon' is clicked on

2018-03-05 15:50:43 - [MESSAGE][WARNING] - Timeout '0' is invalid. Using default page load timeout: '30'

2018-03-05 15:51:14 - [MESSAGE][WARNING] - Object 'Object Repository/CuPaDl/Icons/Icon_mountain' is not visible after 30 second(s)

2018-03-05 15:51:15 - [MESSAGE][PASSED] - Delayed 1 second(s)

2018-03-05 15:51:15 - [MESSAGE][FAILED] - Unable to click on object 'Object Repository/CuPaDl/Icons/Icon_mountain' (Root cause: org.openqa.selenium.ElementNotVisibleException: element not visible
  (Session info: chrome=64.0.3282.186)
  (Driver info: chromedriver=2.35.528161 (5b82f2d2aae0ca24b877009200ced9065a772e73),platform=Windows NT 10.0.16299 x86_64) (WARNING: The server did not provide any stacktrace information)
Command duration or timeout: 0 milliseconds
Build info: version: '3.7.1', revision: '8a0099a', time: '2017-11-06T21:07:36.161Z'
System info: host: 'DESKTOP-47R6KV7', ip: '192.168.100.78', os.name: 'Windows 10', os.arch: 'amd64', os.version: '10.0', java.version: '1.8.0_102'
Driver info: com.kms.katalon.selenium.driver.CChromeDriver
Capabilities {acceptInsecureCerts: false, acceptSslCerts: false, applicationCacheEnabled: false, browserConnectionEnabled: false, browserName: chrome, chrome: {chromedriverVersion: 2.35.528161 (5b82f2d2aae0ca..., userDataDir: C:\Users\MEGAPO~1\AppData\L...}, cssSelectorsEnabled: true, databaseEnabled: false, handlesAlerts: true, hasTouchScreen: false, javascriptEnabled: true, locationContextEnabled: true, mobileEmulationEnabled: false, nativeEvents: true, networkConnectionEnabled: false, pageLoadStrategy: normal, platform: XP, platformName: XP, rotatable: false, setWindowRect: true, takesHeapSnapshot: true, takesScreenshot: true, unexpectedAlertBehaviour: , unhandledPromptBehavior: , version: 64.0.3282.186, webStorageEnabled: true}
Session ID: 43a8fcfc1798b80f15fb58c670254679)

2018-03-05 15:51:15 - [MESSAGE][FAILED] - Unable to click on object 'Object Repository/CuPaDl/Icons/Icon_mountain' (Root cause: org.openqa.selenium.ElementNotVisibleException: element not visible
  (Session info: chrome=64.0.3282.186)
  (Driver info: chromedriver=2.35.528161 (5b82f2d2aae0ca24b877009200ced9065a772e73),platform=Windows NT 10.0.16299 x86_64) (WARNING: The server did not provide any stacktrace information)
Command duration or timeout: 0 milliseconds
Build info: version: '3.7.1', revision: '8a0099a', time: '2017-11-06T21:07:36.161Z'
System info: host: 'DESKTOP-47R6KV7', ip: '192.168.100.78', os.name: 'Windows 10', os.arch: 'amd64', os.version: '10.0', java.version: '1.8.0_102'
Driver info: com.kms.katalon.selenium.driver.CChromeDriver
Capabilities {acceptInsecureCerts: false, acceptSslCerts: false, applicationCacheEnabled: false, browserConnectionEnabled: false, browserName: chrome, chrome: {chromedriverVersion: 2.35.528161 (5b82f2d2aae0ca..., userDataDir: C:\Users\MEGAPO~1\AppData\L...}, cssSelectorsEnabled: true, databaseEnabled: false, handlesAlerts: true, hasTouchScreen: false, javascriptEnabled: true, locationContextEnabled: true, mobileEmulationEnabled: false, nativeEvents: true, networkConnectionEnabled: false, pageLoadStrategy: normal, platform: XP, platformName: XP, rotatable: false, setWindowRect: true, takesHeapSnapshot: true, takesScreenshot: true, unexpectedAlertBehaviour: , unhandledPromptBehavior: , version: 64.0.3282.186, webStorageEnabled: true}
Session ID: 43a8fcfc1798b80f15fb58c670254679)]]></system-out>
         <system-err><![CDATA[2018-03-05 15:50:25 - [TEST_CASE][FAILED] - Test Cases/CuPaStefanie/37: Test Cases/CuPaStefanie/37 FAILED because (of) Unable to click on object 'Object Repository/CuPaDl/Icons/Icon_mountain' (Root cause: org.openqa.selenium.ElementNotVisibleException: element not visible
  (Session info: chrome=64.0.3282.186)
  (Driver info: chromedriver=2.35.528161 (5b82f2d2aae0ca24b877009200ced9065a772e73),platform=Windows NT 10.0.16299 x86_64) (WARNING: The server did not provide any stacktrace information)
Command duration or timeout: 0 milliseconds
Build info: version: '3.7.1', revision: '8a0099a', time: '2017-11-06T21:07:36.161Z'
System info: host: 'DESKTOP-47R6KV7', ip: '192.168.100.78', os.name: 'Windows 10', os.arch: 'amd64', os.version: '10.0', java.version: '1.8.0_102'
Driver info: com.kms.katalon.selenium.driver.CChromeDriver
Capabilities {acceptInsecureCerts: false, acceptSslCerts: false, applicationCacheEnabled: false, browserConnectionEnabled: false, browserName: chrome, chrome: {chromedriverVersion: 2.35.528161 (5b82f2d2aae0ca..., userDataDir: C:\Users\MEGAPO~1\AppData\L...}, cssSelectorsEnabled: true, databaseEnabled: false, handlesAlerts: true, hasTouchScreen: false, javascriptEnabled: true, locationContextEnabled: true, mobileEmulationEnabled: false, nativeEvents: true, networkConnectionEnabled: false, pageLoadStrategy: normal, platform: XP, platformName: XP, rotatable: false, setWindowRect: true, takesHeapSnapshot: true, takesScreenshot: true, unexpectedAlertBehaviour: , unhandledPromptBehavior: , version: 64.0.3282.186, webStorageEnabled: true}
Session ID: 43a8fcfc1798b80f15fb58c670254679)]]></system-err>
      </testcase>
      <testcase name="Test Cases/CuPaStefanie/38" classname="Test Cases/CuPaStefanie/38" status="FAILED">
         <failure type="FAILED" message="Unable to click on object 'Object Repository/CuPaDl/Icons/Icon_mountain' (Root cause: org.openqa.selenium.ElementNotVisibleException: element not visible
  (Session info: chrome=64.0.3282.186)
  (Driver info: chromedriver=2.35.528161 (5b82f2d2aae0ca24b877009200ced9065a772e73),platform=Windows NT 10.0.16299 x86_64) (WARNING: The server did not provide any stacktrace information)
Command duration or timeout: 0 milliseconds
Build info: version: '3.7.1', revision: '8a0099a', time: '2017-11-06T21:07:36.161Z'
System info: host: 'DESKTOP-47R6KV7', ip: '192.168.100.78', os.name: 'Windows 10', os.arch: 'amd64', os.version: '10.0', java.version: '1.8.0_102'
Driver info: com.kms.katalon.selenium.driver.CChromeDriver
Capabilities {acceptInsecureCerts: false, acceptSslCerts: false, applicationCacheEnabled: false, browserConnectionEnabled: false, browserName: chrome, chrome: {chromedriverVersion: 2.35.528161 (5b82f2d2aae0ca..., userDataDir: C:\Users\MEGAPO~1\AppData\L...}, cssSelectorsEnabled: true, databaseEnabled: false, handlesAlerts: true, hasTouchScreen: false, javascriptEnabled: true, locationContextEnabled: true, mobileEmulationEnabled: false, nativeEvents: true, networkConnectionEnabled: false, pageLoadStrategy: normal, platform: XP, platformName: XP, rotatable: false, setWindowRect: true, takesHeapSnapshot: true, takesScreenshot: true, unexpectedAlertBehaviour: , unhandledPromptBehavior: , version: 64.0.3282.186, webStorageEnabled: true}
Session ID: ea3510618364a5c09a322a5c438542f1)"/>
         <system-out><![CDATA[2018-03-05 15:51:15 - [TEST_CASE][FAILED] - Test Cases/CuPaStefanie/38: Test Cases/CuPaStefanie/38 FAILED because (of) Unable to click on object 'Object Repository/CuPaDl/Icons/Icon_mountain' (Root cause: org.openqa.selenium.ElementNotVisibleException: element not visible
  (Session info: chrome=64.0.3282.186)
  (Driver info: chromedriver=2.35.528161 (5b82f2d2aae0ca24b877009200ced9065a772e73),platform=Windows NT 10.0.16299 x86_64) (WARNING: The server did not provide any stacktrace information)
Command duration or timeout: 0 milliseconds
Build info: version: '3.7.1', revision: '8a0099a', time: '2017-11-06T21:07:36.161Z'
System info: host: 'DESKTOP-47R6KV7', ip: '192.168.100.78', os.name: 'Windows 10', os.arch: 'amd64', os.version: '10.0', java.version: '1.8.0_102'
Driver info: com.kms.katalon.selenium.driver.CChromeDriver
Capabilities {acceptInsecureCerts: false, acceptSslCerts: false, applicationCacheEnabled: false, browserConnectionEnabled: false, browserName: chrome, chrome: {chromedriverVersion: 2.35.528161 (5b82f2d2aae0ca..., userDataDir: C:\Users\MEGAPO~1\AppData\L...}, cssSelectorsEnabled: true, databaseEnabled: false, handlesAlerts: true, hasTouchScreen: false, javascriptEnabled: true, locationContextEnabled: true, mobileEmulationEnabled: false, nativeEvents: true, networkConnectionEnabled: false, pageLoadStrategy: normal, platform: XP, platformName: XP, rotatable: false, setWindowRect: true, takesHeapSnapshot: true, takesScreenshot: true, unexpectedAlertBehaviour: , unhandledPromptBehavior: , version: 64.0.3282.186, webStorageEnabled: true}
Session ID: ea3510618364a5c09a322a5c438542f1)

2018-03-05 15:51:15 - [TEST_STEP][PASSED] - Statement - timeStamp = new java.text.SimpleDateFormat(dd.MM.yyyy).format(java.util.Calendar.getInstance().getTime()): null

2018-03-05 15:51:15 - [TEST_STEP][PASSED] - Statement - timeStampScreenshot = new java.text.SimpleDateFormat(dd.MM.yyyy).format(java.util.Calendar.getInstance().getTime()): null

2018-03-05 15:51:15 - [TEST_STEP][PASSED] - Statement - iconmap = [:]: null

2018-03-05 15:51:15 - [TEST_STEP][PASSED] - Statement - txtmap = [:]: null

2018-03-05 15:51:15 - [TEST_STEP][PASSED] - Statement - signmap = [:]: null

2018-03-05 15:51:15 - [TEST_STEP][PASSED] - cupakeysDl.initStart.initialStart: cupakeysDl.initStart.initialStart is PASSED

2018-03-05 15:51:15 - [MESSAGE][WARNING] - A browser is already opened. Closing browser and opening a new one

2018-03-05 15:51:17 - [MESSAGE][PASSED] - Browser is opened with url: ''

2018-03-05 15:51:20 - [MESSAGE][PASSED] - Delayed 3 second(s)

2018-03-05 15:51:22 - [MESSAGE][PASSED] - Navigate to 'https://d16a4dsnr8a0k1.cloudfront.net/en/2455233.html?price=150.00%20%E2%82%AC&partName=wilsonPartName&vin=wilsonVin&modelCode=XP11&paint=P0A94&modelDescription=wilsonModelDescription&additionalEquipment=wilsonAdditionalEquipment' successfully

2018-03-05 15:51:22 - [MESSAGE][PASSED] - Object 'Object Repository/CuPaDl/Loading_indicator' is visible

2018-03-05 15:51:27 - [MESSAGE][PASSED] - Object 'Object Repository/CuPaDl/Loading_indicator' is NOT visible

2018-03-05 15:51:28 - [MESSAGE][PASSED] - Delayed 1 second(s)

2018-03-05 15:51:28 - [MESSAGE][PASSED] - cupakeysDl.initStart.initialStart is PASSED

2018-03-05 15:51:28 - [TEST_STEP][PASSED] - Statement - (step++): null

2018-03-05 15:51:28 - [TEST_STEP][PASSED] - cupakeysDl.color.changecolor: cupakeysDl.color.changecolor is PASSED

2018-03-05 15:51:28 - [MESSAGE][PASSED] - Object 'Object Repository/CuPaDl/Color/Color' is visible

2018-03-05 15:51:28 - [MESSAGE][PASSED] - Object: 'Object Repository/CuPaDl/Color/Color' is clicked on

2018-03-05 15:51:28 - [MESSAGE][WARNING] - Timeout '0' is invalid. Using default page load timeout: '30'

2018-03-05 15:51:28 - [MESSAGE][PASSED] - Object 'Object Repository/CuPaDl/Color/Color_thundergrey' is visible

2018-03-05 15:51:29 - [MESSAGE][PASSED] - Delayed 1 second(s)

2018-03-05 15:51:29 - [MESSAGE][PASSED] - Object: 'Object Repository/CuPaDl/Color/Color_thundergrey' is clicked on

2018-03-05 15:51:32 - [MESSAGE][WARNING] - Object 'Object Repository/CuPaDl/Loading_indicator' is not visible after 3 second(s)

2018-03-05 15:51:33 - [MESSAGE][PASSED] - Delayed 1 second(s)

2018-03-05 15:51:33 - [MESSAGE][PASSED] - cupakeysDl.color.changecolor is PASSED

2018-03-05 15:51:33 - [TEST_STEP][PASSED] - Statement - (step++): null

2018-03-05 15:51:33 - [TEST_STEP][FAILED] - Statement - iconmap += CustomKeywords.cupakeysDl.iconad.iconadd("mountain", LoadTimeCorrector, step, run, device, timeStamp, iconcount): Unable to click on object 'Object Repository/CuPaDl/Icons/Icon_mountain' (Root cause: org.openqa.selenium.ElementNotVisibleException: element not visible
  (Session info: chrome=64.0.3282.186)
  (Driver info: chromedriver=2.35.528161 (5b82f2d2aae0ca24b877009200ced9065a772e73),platform=Windows NT 10.0.16299 x86_64) (WARNING: The server did not provide any stacktrace information)
Command duration or timeout: 0 milliseconds
Build info: version: '3.7.1', revision: '8a0099a', time: '2017-11-06T21:07:36.161Z'
System info: host: 'DESKTOP-47R6KV7', ip: '192.168.100.78', os.name: 'Windows 10', os.arch: 'amd64', os.version: '10.0', java.version: '1.8.0_102'
Driver info: com.kms.katalon.selenium.driver.CChromeDriver
Capabilities {acceptInsecureCerts: false, acceptSslCerts: false, applicationCacheEnabled: false, browserConnectionEnabled: false, browserName: chrome, chrome: {chromedriverVersion: 2.35.528161 (5b82f2d2aae0ca..., userDataDir: C:\Users\MEGAPO~1\AppData\L...}, cssSelectorsEnabled: true, databaseEnabled: false, handlesAlerts: true, hasTouchScreen: false, javascriptEnabled: true, locationContextEnabled: true, mobileEmulationEnabled: false, nativeEvents: true, networkConnectionEnabled: false, pageLoadStrategy: normal, platform: XP, platformName: XP, rotatable: false, setWindowRect: true, takesHeapSnapshot: true, takesScreenshot: true, unexpectedAlertBehaviour: , unhandledPromptBehavior: , version: 64.0.3282.186, webStorageEnabled: true}
Session ID: ea3510618364a5c09a322a5c438542f1)

2018-03-05 15:51:33 - [MESSAGE][PASSED] - Object: 'Object Repository/CuPaDl/Icons/Icon' is clicked on

2018-03-05 15:51:33 - [MESSAGE][WARNING] - Timeout '0' is invalid. Using default page load timeout: '30'

2018-03-05 15:52:03 - [MESSAGE][WARNING] - Object 'Object Repository/CuPaDl/Icons/Icon_mountain' is not visible after 30 second(s)

2018-03-05 15:52:04 - [MESSAGE][PASSED] - Delayed 1 second(s)

2018-03-05 15:52:04 - [MESSAGE][FAILED] - Unable to click on object 'Object Repository/CuPaDl/Icons/Icon_mountain' (Root cause: org.openqa.selenium.ElementNotVisibleException: element not visible
  (Session info: chrome=64.0.3282.186)
  (Driver info: chromedriver=2.35.528161 (5b82f2d2aae0ca24b877009200ced9065a772e73),platform=Windows NT 10.0.16299 x86_64) (WARNING: The server did not provide any stacktrace information)
Command duration or timeout: 0 milliseconds
Build info: version: '3.7.1', revision: '8a0099a', time: '2017-11-06T21:07:36.161Z'
System info: host: 'DESKTOP-47R6KV7', ip: '192.168.100.78', os.name: 'Windows 10', os.arch: 'amd64', os.version: '10.0', java.version: '1.8.0_102'
Driver info: com.kms.katalon.selenium.driver.CChromeDriver
Capabilities {acceptInsecureCerts: false, acceptSslCerts: false, applicationCacheEnabled: false, browserConnectionEnabled: false, browserName: chrome, chrome: {chromedriverVersion: 2.35.528161 (5b82f2d2aae0ca..., userDataDir: C:\Users\MEGAPO~1\AppData\L...}, cssSelectorsEnabled: true, databaseEnabled: false, handlesAlerts: true, hasTouchScreen: false, javascriptEnabled: true, locationContextEnabled: true, mobileEmulationEnabled: false, nativeEvents: true, networkConnectionEnabled: false, pageLoadStrategy: normal, platform: XP, platformName: XP, rotatable: false, setWindowRect: true, takesHeapSnapshot: true, takesScreenshot: true, unexpectedAlertBehaviour: , unhandledPromptBehavior: , version: 64.0.3282.186, webStorageEnabled: true}
Session ID: ea3510618364a5c09a322a5c438542f1)

2018-03-05 15:52:04 - [MESSAGE][FAILED] - Unable to click on object 'Object Repository/CuPaDl/Icons/Icon_mountain' (Root cause: org.openqa.selenium.ElementNotVisibleException: element not visible
  (Session info: chrome=64.0.3282.186)
  (Driver info: chromedriver=2.35.528161 (5b82f2d2aae0ca24b877009200ced9065a772e73),platform=Windows NT 10.0.16299 x86_64) (WARNING: The server did not provide any stacktrace information)
Command duration or timeout: 0 milliseconds
Build info: version: '3.7.1', revision: '8a0099a', time: '2017-11-06T21:07:36.161Z'
System info: host: 'DESKTOP-47R6KV7', ip: '192.168.100.78', os.name: 'Windows 10', os.arch: 'amd64', os.version: '10.0', java.version: '1.8.0_102'
Driver info: com.kms.katalon.selenium.driver.CChromeDriver
Capabilities {acceptInsecureCerts: false, acceptSslCerts: false, applicationCacheEnabled: false, browserConnectionEnabled: false, browserName: chrome, chrome: {chromedriverVersion: 2.35.528161 (5b82f2d2aae0ca..., userDataDir: C:\Users\MEGAPO~1\AppData\L...}, cssSelectorsEnabled: true, databaseEnabled: false, handlesAlerts: true, hasTouchScreen: false, javascriptEnabled: true, locationContextEnabled: true, mobileEmulationEnabled: false, nativeEvents: true, networkConnectionEnabled: false, pageLoadStrategy: normal, platform: XP, platformName: XP, rotatable: false, setWindowRect: true, takesHeapSnapshot: true, takesScreenshot: true, unexpectedAlertBehaviour: , unhandledPromptBehavior: , version: 64.0.3282.186, webStorageEnabled: true}
Session ID: ea3510618364a5c09a322a5c438542f1)]]></system-out>
         <system-err><![CDATA[2018-03-05 15:51:15 - [TEST_CASE][FAILED] - Test Cases/CuPaStefanie/38: Test Cases/CuPaStefanie/38 FAILED because (of) Unable to click on object 'Object Repository/CuPaDl/Icons/Icon_mountain' (Root cause: org.openqa.selenium.ElementNotVisibleException: element not visible
  (Session info: chrome=64.0.3282.186)
  (Driver info: chromedriver=2.35.528161 (5b82f2d2aae0ca24b877009200ced9065a772e73),platform=Windows NT 10.0.16299 x86_64) (WARNING: The server did not provide any stacktrace information)
Command duration or timeout: 0 milliseconds
Build info: version: '3.7.1', revision: '8a0099a', time: '2017-11-06T21:07:36.161Z'
System info: host: 'DESKTOP-47R6KV7', ip: '192.168.100.78', os.name: 'Windows 10', os.arch: 'amd64', os.version: '10.0', java.version: '1.8.0_102'
Driver info: com.kms.katalon.selenium.driver.CChromeDriver
Capabilities {acceptInsecureCerts: false, acceptSslCerts: false, applicationCacheEnabled: false, browserConnectionEnabled: false, browserName: chrome, chrome: {chromedriverVersion: 2.35.528161 (5b82f2d2aae0ca..., userDataDir: C:\Users\MEGAPO~1\AppData\L...}, cssSelectorsEnabled: true, databaseEnabled: false, handlesAlerts: true, hasTouchScreen: false, javascriptEnabled: true, locationContextEnabled: true, mobileEmulationEnabled: false, nativeEvents: true, networkConnectionEnabled: false, pageLoadStrategy: normal, platform: XP, platformName: XP, rotatable: false, setWindowRect: true, takesHeapSnapshot: true, takesScreenshot: true, unexpectedAlertBehaviour: , unhandledPromptBehavior: , version: 64.0.3282.186, webStorageEnabled: true}
Session ID: ea3510618364a5c09a322a5c438542f1)]]></system-err>
      </testcase>
      <testcase name="Test Cases/CuPaStefanie/39" classname="Test Cases/CuPaStefanie/39" status="FAILED">
         <failure type="FAILED" message="Unable to click on object 'Object Repository/CuPaDl/Icons/Icon_simplecompass' (Root cause: org.openqa.selenium.ElementNotVisibleException: element not visible
  (Session info: chrome=64.0.3282.186)
  (Driver info: chromedriver=2.35.528161 (5b82f2d2aae0ca24b877009200ced9065a772e73),platform=Windows NT 10.0.16299 x86_64) (WARNING: The server did not provide any stacktrace information)
Command duration or timeout: 0 milliseconds
Build info: version: '3.7.1', revision: '8a0099a', time: '2017-11-06T21:07:36.161Z'
System info: host: 'DESKTOP-47R6KV7', ip: '192.168.100.78', os.name: 'Windows 10', os.arch: 'amd64', os.version: '10.0', java.version: '1.8.0_102'
Driver info: com.kms.katalon.selenium.driver.CChromeDriver
Capabilities {acceptInsecureCerts: false, acceptSslCerts: false, applicationCacheEnabled: false, browserConnectionEnabled: false, browserName: chrome, chrome: {chromedriverVersion: 2.35.528161 (5b82f2d2aae0ca..., userDataDir: C:\Users\MEGAPO~1\AppData\L...}, cssSelectorsEnabled: true, databaseEnabled: false, handlesAlerts: true, hasTouchScreen: false, javascriptEnabled: true, locationContextEnabled: true, mobileEmulationEnabled: false, nativeEvents: true, networkConnectionEnabled: false, pageLoadStrategy: normal, platform: XP, platformName: XP, rotatable: false, setWindowRect: true, takesHeapSnapshot: true, takesScreenshot: true, unexpectedAlertBehaviour: , unhandledPromptBehavior: , version: 64.0.3282.186, webStorageEnabled: true}
Session ID: 0d1f2329e293750fbd6983d3bb9de017)"/>
         <system-out><![CDATA[2018-03-05 15:52:04 - [TEST_CASE][FAILED] - Test Cases/CuPaStefanie/39: Test Cases/CuPaStefanie/39 FAILED because (of) Unable to click on object 'Object Repository/CuPaDl/Icons/Icon_simplecompass' (Root cause: org.openqa.selenium.ElementNotVisibleException: element not visible
  (Session info: chrome=64.0.3282.186)
  (Driver info: chromedriver=2.35.528161 (5b82f2d2aae0ca24b877009200ced9065a772e73),platform=Windows NT 10.0.16299 x86_64) (WARNING: The server did not provide any stacktrace information)
Command duration or timeout: 0 milliseconds
Build info: version: '3.7.1', revision: '8a0099a', time: '2017-11-06T21:07:36.161Z'
System info: host: 'DESKTOP-47R6KV7', ip: '192.168.100.78', os.name: 'Windows 10', os.arch: 'amd64', os.version: '10.0', java.version: '1.8.0_102'
Driver info: com.kms.katalon.selenium.driver.CChromeDriver
Capabilities {acceptInsecureCerts: false, acceptSslCerts: false, applicationCacheEnabled: false, browserConnectionEnabled: false, browserName: chrome, chrome: {chromedriverVersion: 2.35.528161 (5b82f2d2aae0ca..., userDataDir: C:\Users\MEGAPO~1\AppData\L...}, cssSelectorsEnabled: true, databaseEnabled: false, handlesAlerts: true, hasTouchScreen: false, javascriptEnabled: true, locationContextEnabled: true, mobileEmulationEnabled: false, nativeEvents: true, networkConnectionEnabled: false, pageLoadStrategy: normal, platform: XP, platformName: XP, rotatable: false, setWindowRect: true, takesHeapSnapshot: true, takesScreenshot: true, unexpectedAlertBehaviour: , unhandledPromptBehavior: , version: 64.0.3282.186, webStorageEnabled: true}
Session ID: 0d1f2329e293750fbd6983d3bb9de017)

2018-03-05 15:52:04 - [TEST_STEP][PASSED] - Statement - timeStamp = new java.text.SimpleDateFormat(dd.MM.yyyy).format(java.util.Calendar.getInstance().getTime()): null

2018-03-05 15:52:04 - [TEST_STEP][PASSED] - Statement - timeStampScreenshot = new java.text.SimpleDateFormat(dd.MM.yyyy).format(java.util.Calendar.getInstance().getTime()): null

2018-03-05 15:52:04 - [TEST_STEP][PASSED] - Statement - iconmap = [:]: null

2018-03-05 15:52:04 - [TEST_STEP][PASSED] - Statement - txtmap = [:]: null

2018-03-05 15:52:04 - [TEST_STEP][PASSED] - Statement - signmap = [:]: null

2018-03-05 15:52:04 - [TEST_STEP][PASSED] - cupakeysDl.initStart.initialStart: cupakeysDl.initStart.initialStart is PASSED

2018-03-05 15:52:04 - [MESSAGE][WARNING] - A browser is already opened. Closing browser and opening a new one

2018-03-05 15:52:07 - [MESSAGE][PASSED] - Browser is opened with url: ''

2018-03-05 15:52:10 - [MESSAGE][PASSED] - Delayed 3 second(s)

2018-03-05 15:52:11 - [MESSAGE][PASSED] - Navigate to 'https://d16a4dsnr8a0k1.cloudfront.net/en/2455233.html?price=150.00%20%E2%82%AC&partName=wilsonPartName&vin=wilsonVin&modelCode=XP11&paint=P0A94&modelDescription=wilsonModelDescription&additionalEquipment=wilsonAdditionalEquipment' successfully

2018-03-05 15:52:11 - [MESSAGE][PASSED] - Object 'Object Repository/CuPaDl/Loading_indicator' is visible

2018-03-05 15:52:16 - [MESSAGE][PASSED] - Object 'Object Repository/CuPaDl/Loading_indicator' is NOT visible

2018-03-05 15:52:17 - [MESSAGE][PASSED] - Delayed 1 second(s)

2018-03-05 15:52:17 - [MESSAGE][PASSED] - cupakeysDl.initStart.initialStart is PASSED

2018-03-05 15:52:17 - [TEST_STEP][PASSED] - Statement - (step++): null

2018-03-05 15:52:17 - [TEST_STEP][PASSED] - cupakeysDl.color.changecolor: cupakeysDl.color.changecolor is PASSED

2018-03-05 15:52:17 - [MESSAGE][PASSED] - Object 'Object Repository/CuPaDl/Color/Color' is visible

2018-03-05 15:52:17 - [MESSAGE][PASSED] - Object: 'Object Repository/CuPaDl/Color/Color' is clicked on

2018-03-05 15:52:17 - [MESSAGE][WARNING] - Timeout '0' is invalid. Using default page load timeout: '30'

2018-03-05 15:52:17 - [MESSAGE][PASSED] - Object 'Object Repository/CuPaDl/Color/Color_electricblue' is visible

2018-03-05 15:52:18 - [MESSAGE][PASSED] - Delayed 1 second(s)

2018-03-05 15:52:18 - [MESSAGE][PASSED] - Object: 'Object Repository/CuPaDl/Color/Color_electricblue' is clicked on

2018-03-05 15:52:21 - [MESSAGE][WARNING] - Object 'Object Repository/CuPaDl/Loading_indicator' is not visible after 3 second(s)

2018-03-05 15:52:22 - [MESSAGE][PASSED] - Delayed 1 second(s)

2018-03-05 15:52:22 - [MESSAGE][PASSED] - cupakeysDl.color.changecolor is PASSED

2018-03-05 15:52:22 - [TEST_STEP][PASSED] - Statement - (step++): null

2018-03-05 15:52:22 - [TEST_STEP][FAILED] - Statement - iconmap += CustomKeywords.cupakeysDl.iconad.iconadd("simplecompass", LoadTimeCorrector, step, run, device, timeStamp, iconcount): Unable to click on object 'Object Repository/CuPaDl/Icons/Icon_simplecompass' (Root cause: org.openqa.selenium.ElementNotVisibleException: element not visible
  (Session info: chrome=64.0.3282.186)
  (Driver info: chromedriver=2.35.528161 (5b82f2d2aae0ca24b877009200ced9065a772e73),platform=Windows NT 10.0.16299 x86_64) (WARNING: The server did not provide any stacktrace information)
Command duration or timeout: 0 milliseconds
Build info: version: '3.7.1', revision: '8a0099a', time: '2017-11-06T21:07:36.161Z'
System info: host: 'DESKTOP-47R6KV7', ip: '192.168.100.78', os.name: 'Windows 10', os.arch: 'amd64', os.version: '10.0', java.version: '1.8.0_102'
Driver info: com.kms.katalon.selenium.driver.CChromeDriver
Capabilities {acceptInsecureCerts: false, acceptSslCerts: false, applicationCacheEnabled: false, browserConnectionEnabled: false, browserName: chrome, chrome: {chromedriverVersion: 2.35.528161 (5b82f2d2aae0ca..., userDataDir: C:\Users\MEGAPO~1\AppData\L...}, cssSelectorsEnabled: true, databaseEnabled: false, handlesAlerts: true, hasTouchScreen: false, javascriptEnabled: true, locationContextEnabled: true, mobileEmulationEnabled: false, nativeEvents: true, networkConnectionEnabled: false, pageLoadStrategy: normal, platform: XP, platformName: XP, rotatable: false, setWindowRect: true, takesHeapSnapshot: true, takesScreenshot: true, unexpectedAlertBehaviour: , unhandledPromptBehavior: , version: 64.0.3282.186, webStorageEnabled: true}
Session ID: 0d1f2329e293750fbd6983d3bb9de017)

2018-03-05 15:52:22 - [MESSAGE][PASSED] - Object: 'Object Repository/CuPaDl/Icons/Icon' is clicked on

2018-03-05 15:52:22 - [MESSAGE][WARNING] - Timeout '0' is invalid. Using default page load timeout: '30'

2018-03-05 15:52:53 - [MESSAGE][WARNING] - Object 'Object Repository/CuPaDl/Icons/Icon_simplecompass' is not visible after 30 second(s)

2018-03-05 15:52:54 - [MESSAGE][PASSED] - Delayed 1 second(s)

2018-03-05 15:52:54 - [MESSAGE][FAILED] - Unable to click on object 'Object Repository/CuPaDl/Icons/Icon_simplecompass' (Root cause: org.openqa.selenium.ElementNotVisibleException: element not visible
  (Session info: chrome=64.0.3282.186)
  (Driver info: chromedriver=2.35.528161 (5b82f2d2aae0ca24b877009200ced9065a772e73),platform=Windows NT 10.0.16299 x86_64) (WARNING: The server did not provide any stacktrace information)
Command duration or timeout: 0 milliseconds
Build info: version: '3.7.1', revision: '8a0099a', time: '2017-11-06T21:07:36.161Z'
System info: host: 'DESKTOP-47R6KV7', ip: '192.168.100.78', os.name: 'Windows 10', os.arch: 'amd64', os.version: '10.0', java.version: '1.8.0_102'
Driver info: com.kms.katalon.selenium.driver.CChromeDriver
Capabilities {acceptInsecureCerts: false, acceptSslCerts: false, applicationCacheEnabled: false, browserConnectionEnabled: false, browserName: chrome, chrome: {chromedriverVersion: 2.35.528161 (5b82f2d2aae0ca..., userDataDir: C:\Users\MEGAPO~1\AppData\L...}, cssSelectorsEnabled: true, databaseEnabled: false, handlesAlerts: true, hasTouchScreen: false, javascriptEnabled: true, locationContextEnabled: true, mobileEmulationEnabled: false, nativeEvents: true, networkConnectionEnabled: false, pageLoadStrategy: normal, platform: XP, platformName: XP, rotatable: false, setWindowRect: true, takesHeapSnapshot: true, takesScreenshot: true, unexpectedAlertBehaviour: , unhandledPromptBehavior: , version: 64.0.3282.186, webStorageEnabled: true}
Session ID: 0d1f2329e293750fbd6983d3bb9de017)

2018-03-05 15:52:54 - [MESSAGE][FAILED] - Unable to click on object 'Object Repository/CuPaDl/Icons/Icon_simplecompass' (Root cause: org.openqa.selenium.ElementNotVisibleException: element not visible
  (Session info: chrome=64.0.3282.186)
  (Driver info: chromedriver=2.35.528161 (5b82f2d2aae0ca24b877009200ced9065a772e73),platform=Windows NT 10.0.16299 x86_64) (WARNING: The server did not provide any stacktrace information)
Command duration or timeout: 0 milliseconds
Build info: version: '3.7.1', revision: '8a0099a', time: '2017-11-06T21:07:36.161Z'
System info: host: 'DESKTOP-47R6KV7', ip: '192.168.100.78', os.name: 'Windows 10', os.arch: 'amd64', os.version: '10.0', java.version: '1.8.0_102'
Driver info: com.kms.katalon.selenium.driver.CChromeDriver
Capabilities {acceptInsecureCerts: false, acceptSslCerts: false, applicationCacheEnabled: false, browserConnectionEnabled: false, browserName: chrome, chrome: {chromedriverVersion: 2.35.528161 (5b82f2d2aae0ca..., userDataDir: C:\Users\MEGAPO~1\AppData\L...}, cssSelectorsEnabled: true, databaseEnabled: false, handlesAlerts: true, hasTouchScreen: false, javascriptEnabled: true, locationContextEnabled: true, mobileEmulationEnabled: false, nativeEvents: true, networkConnectionEnabled: false, pageLoadStrategy: normal, platform: XP, platformName: XP, rotatable: false, setWindowRect: true, takesHeapSnapshot: true, takesScreenshot: true, unexpectedAlertBehaviour: , unhandledPromptBehavior: , version: 64.0.3282.186, webStorageEnabled: true}
Session ID: 0d1f2329e293750fbd6983d3bb9de017)]]></system-out>
         <system-err><![CDATA[2018-03-05 15:52:04 - [TEST_CASE][FAILED] - Test Cases/CuPaStefanie/39: Test Cases/CuPaStefanie/39 FAILED because (of) Unable to click on object 'Object Repository/CuPaDl/Icons/Icon_simplecompass' (Root cause: org.openqa.selenium.ElementNotVisibleException: element not visible
  (Session info: chrome=64.0.3282.186)
  (Driver info: chromedriver=2.35.528161 (5b82f2d2aae0ca24b877009200ced9065a772e73),platform=Windows NT 10.0.16299 x86_64) (WARNING: The server did not provide any stacktrace information)
Command duration or timeout: 0 milliseconds
Build info: version: '3.7.1', revision: '8a0099a', time: '2017-11-06T21:07:36.161Z'
System info: host: 'DESKTOP-47R6KV7', ip: '192.168.100.78', os.name: 'Windows 10', os.arch: 'amd64', os.version: '10.0', java.version: '1.8.0_102'
Driver info: com.kms.katalon.selenium.driver.CChromeDriver
Capabilities {acceptInsecureCerts: false, acceptSslCerts: false, applicationCacheEnabled: false, browserConnectionEnabled: false, browserName: chrome, chrome: {chromedriverVersion: 2.35.528161 (5b82f2d2aae0ca..., userDataDir: C:\Users\MEGAPO~1\AppData\L...}, cssSelectorsEnabled: true, databaseEnabled: false, handlesAlerts: true, hasTouchScreen: false, javascriptEnabled: true, locationContextEnabled: true, mobileEmulationEnabled: false, nativeEvents: true, networkConnectionEnabled: false, pageLoadStrategy: normal, platform: XP, platformName: XP, rotatable: false, setWindowRect: true, takesHeapSnapshot: true, takesScreenshot: true, unexpectedAlertBehaviour: , unhandledPromptBehavior: , version: 64.0.3282.186, webStorageEnabled: true}
Session ID: 0d1f2329e293750fbd6983d3bb9de017)]]></system-err>
      </testcase>
      <testcase name="Test Cases/CuPaStefanie/40" classname="Test Cases/CuPaStefanie/40" status="FAILED">
         <failure type="FAILED" message="Unable to click on object 'Object Repository/CuPaDl/Icons/Icon_simplecompass' (Root cause: org.openqa.selenium.ElementNotVisibleException: element not visible
  (Session info: chrome=64.0.3282.186)
  (Driver info: chromedriver=2.35.528161 (5b82f2d2aae0ca24b877009200ced9065a772e73),platform=Windows NT 10.0.16299 x86_64) (WARNING: The server did not provide any stacktrace information)
Command duration or timeout: 0 milliseconds
Build info: version: '3.7.1', revision: '8a0099a', time: '2017-11-06T21:07:36.161Z'
System info: host: 'DESKTOP-47R6KV7', ip: '192.168.100.78', os.name: 'Windows 10', os.arch: 'amd64', os.version: '10.0', java.version: '1.8.0_102'
Driver info: com.kms.katalon.selenium.driver.CChromeDriver
Capabilities {acceptInsecureCerts: false, acceptSslCerts: false, applicationCacheEnabled: false, browserConnectionEnabled: false, browserName: chrome, chrome: {chromedriverVersion: 2.35.528161 (5b82f2d2aae0ca..., userDataDir: C:\Users\MEGAPO~1\AppData\L...}, cssSelectorsEnabled: true, databaseEnabled: false, handlesAlerts: true, hasTouchScreen: false, javascriptEnabled: true, locationContextEnabled: true, mobileEmulationEnabled: false, nativeEvents: true, networkConnectionEnabled: false, pageLoadStrategy: normal, platform: XP, platformName: XP, rotatable: false, setWindowRect: true, takesHeapSnapshot: true, takesScreenshot: true, unexpectedAlertBehaviour: , unhandledPromptBehavior: , version: 64.0.3282.186, webStorageEnabled: true}
Session ID: d1fc57096d20ad69d719b7d16a48d0a7)"/>
         <system-out><![CDATA[2018-03-05 15:52:54 - [TEST_CASE][FAILED] - Test Cases/CuPaStefanie/40: Test Cases/CuPaStefanie/40 FAILED because (of) Unable to click on object 'Object Repository/CuPaDl/Icons/Icon_simplecompass' (Root cause: org.openqa.selenium.ElementNotVisibleException: element not visible
  (Session info: chrome=64.0.3282.186)
  (Driver info: chromedriver=2.35.528161 (5b82f2d2aae0ca24b877009200ced9065a772e73),platform=Windows NT 10.0.16299 x86_64) (WARNING: The server did not provide any stacktrace information)
Command duration or timeout: 0 milliseconds
Build info: version: '3.7.1', revision: '8a0099a', time: '2017-11-06T21:07:36.161Z'
System info: host: 'DESKTOP-47R6KV7', ip: '192.168.100.78', os.name: 'Windows 10', os.arch: 'amd64', os.version: '10.0', java.version: '1.8.0_102'
Driver info: com.kms.katalon.selenium.driver.CChromeDriver
Capabilities {acceptInsecureCerts: false, acceptSslCerts: false, applicationCacheEnabled: false, browserConnectionEnabled: false, browserName: chrome, chrome: {chromedriverVersion: 2.35.528161 (5b82f2d2aae0ca..., userDataDir: C:\Users\MEGAPO~1\AppData\L...}, cssSelectorsEnabled: true, databaseEnabled: false, handlesAlerts: true, hasTouchScreen: false, javascriptEnabled: true, locationContextEnabled: true, mobileEmulationEnabled: false, nativeEvents: true, networkConnectionEnabled: false, pageLoadStrategy: normal, platform: XP, platformName: XP, rotatable: false, setWindowRect: true, takesHeapSnapshot: true, takesScreenshot: true, unexpectedAlertBehaviour: , unhandledPromptBehavior: , version: 64.0.3282.186, webStorageEnabled: true}
Session ID: d1fc57096d20ad69d719b7d16a48d0a7)

2018-03-05 15:52:54 - [TEST_STEP][PASSED] - Statement - timeStamp = new java.text.SimpleDateFormat(dd.MM.yyyy).format(java.util.Calendar.getInstance().getTime()): null

2018-03-05 15:52:54 - [TEST_STEP][PASSED] - Statement - timeStampScreenshot = new java.text.SimpleDateFormat(dd.MM.yyyy).format(java.util.Calendar.getInstance().getTime()): null

2018-03-05 15:52:54 - [TEST_STEP][PASSED] - Statement - iconmap = [:]: null

2018-03-05 15:52:54 - [TEST_STEP][PASSED] - Statement - txtmap = [:]: null

2018-03-05 15:52:54 - [TEST_STEP][PASSED] - Statement - signmap = [:]: null

2018-03-05 15:52:54 - [TEST_STEP][PASSED] - cupakeysDl.initStart.initialStart: cupakeysDl.initStart.initialStart is PASSED

2018-03-05 15:52:54 - [MESSAGE][WARNING] - A browser is already opened. Closing browser and opening a new one

2018-03-05 15:52:56 - [MESSAGE][PASSED] - Browser is opened with url: ''

2018-03-05 15:52:59 - [MESSAGE][PASSED] - Delayed 3 second(s)

2018-03-05 15:53:01 - [MESSAGE][PASSED] - Navigate to 'https://d16a4dsnr8a0k1.cloudfront.net/en/2455233.html?price=150.00%20%E2%82%AC&partName=wilsonPartName&vin=wilsonVin&modelCode=XP11&paint=P0A94&modelDescription=wilsonModelDescription&additionalEquipment=wilsonAdditionalEquipment' successfully

2018-03-05 15:53:01 - [MESSAGE][PASSED] - Object 'Object Repository/CuPaDl/Loading_indicator' is visible

2018-03-05 15:53:05 - [MESSAGE][PASSED] - Object 'Object Repository/CuPaDl/Loading_indicator' is NOT visible

2018-03-05 15:53:06 - [MESSAGE][PASSED] - Delayed 1 second(s)

2018-03-05 15:53:06 - [MESSAGE][PASSED] - cupakeysDl.initStart.initialStart is PASSED

2018-03-05 15:53:06 - [TEST_STEP][PASSED] - Statement - (step++): null

2018-03-05 15:53:06 - [TEST_STEP][PASSED] - cupakeysDl.color.changecolor: cupakeysDl.color.changecolor is PASSED

2018-03-05 15:53:06 - [MESSAGE][PASSED] - Object 'Object Repository/CuPaDl/Color/Color' is visible

2018-03-05 15:53:06 - [MESSAGE][PASSED] - Object: 'Object Repository/CuPaDl/Color/Color' is clicked on

2018-03-05 15:53:06 - [MESSAGE][WARNING] - Timeout '0' is invalid. Using default page load timeout: '30'

2018-03-05 15:53:06 - [MESSAGE][PASSED] - Object 'Object Repository/CuPaDl/Color/Color_lapisblue' is visible

2018-03-05 15:53:07 - [MESSAGE][PASSED] - Delayed 1 second(s)

2018-03-05 15:53:08 - [MESSAGE][PASSED] - Object: 'Object Repository/CuPaDl/Color/Color_lapisblue' is clicked on

2018-03-05 15:53:11 - [MESSAGE][WARNING] - Object 'Object Repository/CuPaDl/Loading_indicator' is not visible after 3 second(s)

2018-03-05 15:53:12 - [MESSAGE][PASSED] - Delayed 1 second(s)

2018-03-05 15:53:12 - [MESSAGE][PASSED] - cupakeysDl.color.changecolor is PASSED

2018-03-05 15:53:12 - [TEST_STEP][PASSED] - Statement - (step++): null

2018-03-05 15:53:12 - [TEST_STEP][FAILED] - Statement - iconmap += CustomKeywords.cupakeysDl.iconad.iconadd("simplecompass", LoadTimeCorrector, step, run, device, timeStamp, iconcount): Unable to click on object 'Object Repository/CuPaDl/Icons/Icon_simplecompass' (Root cause: org.openqa.selenium.ElementNotVisibleException: element not visible
  (Session info: chrome=64.0.3282.186)
  (Driver info: chromedriver=2.35.528161 (5b82f2d2aae0ca24b877009200ced9065a772e73),platform=Windows NT 10.0.16299 x86_64) (WARNING: The server did not provide any stacktrace information)
Command duration or timeout: 0 milliseconds
Build info: version: '3.7.1', revision: '8a0099a', time: '2017-11-06T21:07:36.161Z'
System info: host: 'DESKTOP-47R6KV7', ip: '192.168.100.78', os.name: 'Windows 10', os.arch: 'amd64', os.version: '10.0', java.version: '1.8.0_102'
Driver info: com.kms.katalon.selenium.driver.CChromeDriver
Capabilities {acceptInsecureCerts: false, acceptSslCerts: false, applicationCacheEnabled: false, browserConnectionEnabled: false, browserName: chrome, chrome: {chromedriverVersion: 2.35.528161 (5b82f2d2aae0ca..., userDataDir: C:\Users\MEGAPO~1\AppData\L...}, cssSelectorsEnabled: true, databaseEnabled: false, handlesAlerts: true, hasTouchScreen: false, javascriptEnabled: true, locationContextEnabled: true, mobileEmulationEnabled: false, nativeEvents: true, networkConnectionEnabled: false, pageLoadStrategy: normal, platform: XP, platformName: XP, rotatable: false, setWindowRect: true, takesHeapSnapshot: true, takesScreenshot: true, unexpectedAlertBehaviour: , unhandledPromptBehavior: , version: 64.0.3282.186, webStorageEnabled: true}
Session ID: d1fc57096d20ad69d719b7d16a48d0a7)

2018-03-05 15:53:12 - [MESSAGE][PASSED] - Object: 'Object Repository/CuPaDl/Icons/Icon' is clicked on

2018-03-05 15:53:12 - [MESSAGE][WARNING] - Timeout '0' is invalid. Using default page load timeout: '30'

2018-03-05 15:53:42 - [MESSAGE][WARNING] - Object 'Object Repository/CuPaDl/Icons/Icon_simplecompass' is not visible after 30 second(s)

2018-03-05 15:53:43 - [MESSAGE][PASSED] - Delayed 1 second(s)

2018-03-05 15:53:43 - [MESSAGE][FAILED] - Unable to click on object 'Object Repository/CuPaDl/Icons/Icon_simplecompass' (Root cause: org.openqa.selenium.ElementNotVisibleException: element not visible
  (Session info: chrome=64.0.3282.186)
  (Driver info: chromedriver=2.35.528161 (5b82f2d2aae0ca24b877009200ced9065a772e73),platform=Windows NT 10.0.16299 x86_64) (WARNING: The server did not provide any stacktrace information)
Command duration or timeout: 0 milliseconds
Build info: version: '3.7.1', revision: '8a0099a', time: '2017-11-06T21:07:36.161Z'
System info: host: 'DESKTOP-47R6KV7', ip: '192.168.100.78', os.name: 'Windows 10', os.arch: 'amd64', os.version: '10.0', java.version: '1.8.0_102'
Driver info: com.kms.katalon.selenium.driver.CChromeDriver
Capabilities {acceptInsecureCerts: false, acceptSslCerts: false, applicationCacheEnabled: false, browserConnectionEnabled: false, browserName: chrome, chrome: {chromedriverVersion: 2.35.528161 (5b82f2d2aae0ca..., userDataDir: C:\Users\MEGAPO~1\AppData\L...}, cssSelectorsEnabled: true, databaseEnabled: false, handlesAlerts: true, hasTouchScreen: false, javascriptEnabled: true, locationContextEnabled: true, mobileEmulationEnabled: false, nativeEvents: true, networkConnectionEnabled: false, pageLoadStrategy: normal, platform: XP, platformName: XP, rotatable: false, setWindowRect: true, takesHeapSnapshot: true, takesScreenshot: true, unexpectedAlertBehaviour: , unhandledPromptBehavior: , version: 64.0.3282.186, webStorageEnabled: true}
Session ID: d1fc57096d20ad69d719b7d16a48d0a7)

2018-03-05 15:53:43 - [MESSAGE][FAILED] - Unable to click on object 'Object Repository/CuPaDl/Icons/Icon_simplecompass' (Root cause: org.openqa.selenium.ElementNotVisibleException: element not visible
  (Session info: chrome=64.0.3282.186)
  (Driver info: chromedriver=2.35.528161 (5b82f2d2aae0ca24b877009200ced9065a772e73),platform=Windows NT 10.0.16299 x86_64) (WARNING: The server did not provide any stacktrace information)
Command duration or timeout: 0 milliseconds
Build info: version: '3.7.1', revision: '8a0099a', time: '2017-11-06T21:07:36.161Z'
System info: host: 'DESKTOP-47R6KV7', ip: '192.168.100.78', os.name: 'Windows 10', os.arch: 'amd64', os.version: '10.0', java.version: '1.8.0_102'
Driver info: com.kms.katalon.selenium.driver.CChromeDriver
Capabilities {acceptInsecureCerts: false, acceptSslCerts: false, applicationCacheEnabled: false, browserConnectionEnabled: false, browserName: chrome, chrome: {chromedriverVersion: 2.35.528161 (5b82f2d2aae0ca..., userDataDir: C:\Users\MEGAPO~1\AppData\L...}, cssSelectorsEnabled: true, databaseEnabled: false, handlesAlerts: true, hasTouchScreen: false, javascriptEnabled: true, locationContextEnabled: true, mobileEmulationEnabled: false, nativeEvents: true, networkConnectionEnabled: false, pageLoadStrategy: normal, platform: XP, platformName: XP, rotatable: false, setWindowRect: true, takesHeapSnapshot: true, takesScreenshot: true, unexpectedAlertBehaviour: , unhandledPromptBehavior: , version: 64.0.3282.186, webStorageEnabled: true}
Session ID: d1fc57096d20ad69d719b7d16a48d0a7)]]></system-out>
         <system-err><![CDATA[2018-03-05 15:52:54 - [TEST_CASE][FAILED] - Test Cases/CuPaStefanie/40: Test Cases/CuPaStefanie/40 FAILED because (of) Unable to click on object 'Object Repository/CuPaDl/Icons/Icon_simplecompass' (Root cause: org.openqa.selenium.ElementNotVisibleException: element not visible
  (Session info: chrome=64.0.3282.186)
  (Driver info: chromedriver=2.35.528161 (5b82f2d2aae0ca24b877009200ced9065a772e73),platform=Windows NT 10.0.16299 x86_64) (WARNING: The server did not provide any stacktrace information)
Command duration or timeout: 0 milliseconds
Build info: version: '3.7.1', revision: '8a0099a', time: '2017-11-06T21:07:36.161Z'
System info: host: 'DESKTOP-47R6KV7', ip: '192.168.100.78', os.name: 'Windows 10', os.arch: 'amd64', os.version: '10.0', java.version: '1.8.0_102'
Driver info: com.kms.katalon.selenium.driver.CChromeDriver
Capabilities {acceptInsecureCerts: false, acceptSslCerts: false, applicationCacheEnabled: false, browserConnectionEnabled: false, browserName: chrome, chrome: {chromedriverVersion: 2.35.528161 (5b82f2d2aae0ca..., userDataDir: C:\Users\MEGAPO~1\AppData\L...}, cssSelectorsEnabled: true, databaseEnabled: false, handlesAlerts: true, hasTouchScreen: false, javascriptEnabled: true, locationContextEnabled: true, mobileEmulationEnabled: false, nativeEvents: true, networkConnectionEnabled: false, pageLoadStrategy: normal, platform: XP, platformName: XP, rotatable: false, setWindowRect: true, takesHeapSnapshot: true, takesScreenshot: true, unexpectedAlertBehaviour: , unhandledPromptBehavior: , version: 64.0.3282.186, webStorageEnabled: true}
Session ID: d1fc57096d20ad69d719b7d16a48d0a7)]]></system-err>
      </testcase>
      <testcase name="Test Cases/CuPaStefanie/41" classname="Test Cases/CuPaStefanie/41" status="FAILED">
         <failure type="FAILED" message="Unable to click on object 'Object Repository/CuPaDl/Icons/Icon_worldmap' (Root cause: org.openqa.selenium.ElementNotVisibleException: element not visible
  (Session info: chrome=64.0.3282.186)
  (Driver info: chromedriver=2.35.528161 (5b82f2d2aae0ca24b877009200ced9065a772e73),platform=Windows NT 10.0.16299 x86_64) (WARNING: The server did not provide any stacktrace information)
Command duration or timeout: 0 milliseconds
Build info: version: '3.7.1', revision: '8a0099a', time: '2017-11-06T21:07:36.161Z'
System info: host: 'DESKTOP-47R6KV7', ip: '192.168.100.78', os.name: 'Windows 10', os.arch: 'amd64', os.version: '10.0', java.version: '1.8.0_102'
Driver info: com.kms.katalon.selenium.driver.CChromeDriver
Capabilities {acceptInsecureCerts: false, acceptSslCerts: false, applicationCacheEnabled: false, browserConnectionEnabled: false, browserName: chrome, chrome: {chromedriverVersion: 2.35.528161 (5b82f2d2aae0ca..., userDataDir: C:\Users\MEGAPO~1\AppData\L...}, cssSelectorsEnabled: true, databaseEnabled: false, handlesAlerts: true, hasTouchScreen: false, javascriptEnabled: true, locationContextEnabled: true, mobileEmulationEnabled: false, nativeEvents: true, networkConnectionEnabled: false, pageLoadStrategy: normal, platform: XP, platformName: XP, rotatable: false, setWindowRect: true, takesHeapSnapshot: true, takesScreenshot: true, unexpectedAlertBehaviour: , unhandledPromptBehavior: , version: 64.0.3282.186, webStorageEnabled: true}
Session ID: a7b522440b9c660e9d18b8197cba3d51)"/>
         <system-out><![CDATA[2018-03-05 15:53:43 - [TEST_CASE][FAILED] - Test Cases/CuPaStefanie/41: Test Cases/CuPaStefanie/41 FAILED because (of) Unable to click on object 'Object Repository/CuPaDl/Icons/Icon_worldmap' (Root cause: org.openqa.selenium.ElementNotVisibleException: element not visible
  (Session info: chrome=64.0.3282.186)
  (Driver info: chromedriver=2.35.528161 (5b82f2d2aae0ca24b877009200ced9065a772e73),platform=Windows NT 10.0.16299 x86_64) (WARNING: The server did not provide any stacktrace information)
Command duration or timeout: 0 milliseconds
Build info: version: '3.7.1', revision: '8a0099a', time: '2017-11-06T21:07:36.161Z'
System info: host: 'DESKTOP-47R6KV7', ip: '192.168.100.78', os.name: 'Windows 10', os.arch: 'amd64', os.version: '10.0', java.version: '1.8.0_102'
Driver info: com.kms.katalon.selenium.driver.CChromeDriver
Capabilities {acceptInsecureCerts: false, acceptSslCerts: false, applicationCacheEnabled: false, browserConnectionEnabled: false, browserName: chrome, chrome: {chromedriverVersion: 2.35.528161 (5b82f2d2aae0ca..., userDataDir: C:\Users\MEGAPO~1\AppData\L...}, cssSelectorsEnabled: true, databaseEnabled: false, handlesAlerts: true, hasTouchScreen: false, javascriptEnabled: true, locationContextEnabled: true, mobileEmulationEnabled: false, nativeEvents: true, networkConnectionEnabled: false, pageLoadStrategy: normal, platform: XP, platformName: XP, rotatable: false, setWindowRect: true, takesHeapSnapshot: true, takesScreenshot: true, unexpectedAlertBehaviour: , unhandledPromptBehavior: , version: 64.0.3282.186, webStorageEnabled: true}
Session ID: a7b522440b9c660e9d18b8197cba3d51)

2018-03-05 15:53:43 - [TEST_STEP][PASSED] - Statement - timeStamp = new java.text.SimpleDateFormat(dd.MM.yyyy).format(java.util.Calendar.getInstance().getTime()): null

2018-03-05 15:53:43 - [TEST_STEP][PASSED] - Statement - timeStampScreenshot = new java.text.SimpleDateFormat(dd.MM.yyyy).format(java.util.Calendar.getInstance().getTime()): null

2018-03-05 15:53:43 - [TEST_STEP][PASSED] - Statement - iconmap = [:]: null

2018-03-05 15:53:43 - [TEST_STEP][PASSED] - Statement - txtmap = [:]: null

2018-03-05 15:53:43 - [TEST_STEP][PASSED] - Statement - signmap = [:]: null

2018-03-05 15:53:43 - [TEST_STEP][PASSED] - cupakeysDl.initStart.initialStart: cupakeysDl.initStart.initialStart is PASSED

2018-03-05 15:53:43 - [MESSAGE][WARNING] - A browser is already opened. Closing browser and opening a new one

2018-03-05 15:53:46 - [MESSAGE][PASSED] - Browser is opened with url: ''

2018-03-05 15:53:49 - [MESSAGE][PASSED] - Delayed 3 second(s)

2018-03-05 15:53:50 - [MESSAGE][PASSED] - Navigate to 'https://d16a4dsnr8a0k1.cloudfront.net/en/2455233.html?price=150.00%20%E2%82%AC&partName=wilsonPartName&vin=wilsonVin&modelCode=XP11&paint=P0A94&modelDescription=wilsonModelDescription&additionalEquipment=wilsonAdditionalEquipment' successfully

2018-03-05 15:53:50 - [MESSAGE][PASSED] - Object 'Object Repository/CuPaDl/Loading_indicator' is visible

2018-03-05 15:53:55 - [MESSAGE][PASSED] - Object 'Object Repository/CuPaDl/Loading_indicator' is NOT visible

2018-03-05 15:53:56 - [MESSAGE][PASSED] - Delayed 1 second(s)

2018-03-05 15:53:56 - [MESSAGE][PASSED] - cupakeysDl.initStart.initialStart is PASSED

2018-03-05 15:53:56 - [TEST_STEP][PASSED] - Statement - (step++): null

2018-03-05 15:53:56 - [TEST_STEP][PASSED] - cupakeysDl.color.changecolor: cupakeysDl.color.changecolor is PASSED

2018-03-05 15:53:56 - [MESSAGE][PASSED] - Object 'Object Repository/CuPaDl/Color/Color' is visible

2018-03-05 15:53:56 - [MESSAGE][PASSED] - Object: 'Object Repository/CuPaDl/Color/Color' is clicked on

2018-03-05 15:53:56 - [MESSAGE][WARNING] - Timeout '0' is invalid. Using default page load timeout: '30'

2018-03-05 15:53:56 - [MESSAGE][PASSED] - Object 'Object Repository/CuPaDl/Color/Color_rebelgreen' is visible

2018-03-05 15:53:57 - [MESSAGE][PASSED] - Delayed 1 second(s)

2018-03-05 15:53:57 - [MESSAGE][PASSED] - Object: 'Object Repository/CuPaDl/Color/Color_rebelgreen' is clicked on

2018-03-05 15:54:00 - [MESSAGE][WARNING] - Object 'Object Repository/CuPaDl/Loading_indicator' is not visible after 3 second(s)

2018-03-05 15:54:01 - [MESSAGE][PASSED] - Delayed 1 second(s)

2018-03-05 15:54:01 - [MESSAGE][PASSED] - cupakeysDl.color.changecolor is PASSED

2018-03-05 15:54:01 - [TEST_STEP][PASSED] - Statement - (step++): null

2018-03-05 15:54:01 - [TEST_STEP][FAILED] - Statement - iconmap += CustomKeywords.cupakeysDl.iconad.iconadd("worldmap", LoadTimeCorrector, step, run, device, timeStamp, iconcount): Unable to click on object 'Object Repository/CuPaDl/Icons/Icon_worldmap' (Root cause: org.openqa.selenium.ElementNotVisibleException: element not visible
  (Session info: chrome=64.0.3282.186)
  (Driver info: chromedriver=2.35.528161 (5b82f2d2aae0ca24b877009200ced9065a772e73),platform=Windows NT 10.0.16299 x86_64) (WARNING: The server did not provide any stacktrace information)
Command duration or timeout: 0 milliseconds
Build info: version: '3.7.1', revision: '8a0099a', time: '2017-11-06T21:07:36.161Z'
System info: host: 'DESKTOP-47R6KV7', ip: '192.168.100.78', os.name: 'Windows 10', os.arch: 'amd64', os.version: '10.0', java.version: '1.8.0_102'
Driver info: com.kms.katalon.selenium.driver.CChromeDriver
Capabilities {acceptInsecureCerts: false, acceptSslCerts: false, applicationCacheEnabled: false, browserConnectionEnabled: false, browserName: chrome, chrome: {chromedriverVersion: 2.35.528161 (5b82f2d2aae0ca..., userDataDir: C:\Users\MEGAPO~1\AppData\L...}, cssSelectorsEnabled: true, databaseEnabled: false, handlesAlerts: true, hasTouchScreen: false, javascriptEnabled: true, locationContextEnabled: true, mobileEmulationEnabled: false, nativeEvents: true, networkConnectionEnabled: false, pageLoadStrategy: normal, platform: XP, platformName: XP, rotatable: false, setWindowRect: true, takesHeapSnapshot: true, takesScreenshot: true, unexpectedAlertBehaviour: , unhandledPromptBehavior: , version: 64.0.3282.186, webStorageEnabled: true}
Session ID: a7b522440b9c660e9d18b8197cba3d51)

2018-03-05 15:54:01 - [MESSAGE][PASSED] - Object: 'Object Repository/CuPaDl/Icons/Icon' is clicked on

2018-03-05 15:54:01 - [MESSAGE][WARNING] - Timeout '0' is invalid. Using default page load timeout: '30'

2018-03-05 15:54:32 - [MESSAGE][WARNING] - Object 'Object Repository/CuPaDl/Icons/Icon_worldmap' is not visible after 30 second(s)

2018-03-05 15:54:33 - [MESSAGE][PASSED] - Delayed 1 second(s)

2018-03-05 15:54:33 - [MESSAGE][FAILED] - Unable to click on object 'Object Repository/CuPaDl/Icons/Icon_worldmap' (Root cause: org.openqa.selenium.ElementNotVisibleException: element not visible
  (Session info: chrome=64.0.3282.186)
  (Driver info: chromedriver=2.35.528161 (5b82f2d2aae0ca24b877009200ced9065a772e73),platform=Windows NT 10.0.16299 x86_64) (WARNING: The server did not provide any stacktrace information)
Command duration or timeout: 0 milliseconds
Build info: version: '3.7.1', revision: '8a0099a', time: '2017-11-06T21:07:36.161Z'
System info: host: 'DESKTOP-47R6KV7', ip: '192.168.100.78', os.name: 'Windows 10', os.arch: 'amd64', os.version: '10.0', java.version: '1.8.0_102'
Driver info: com.kms.katalon.selenium.driver.CChromeDriver
Capabilities {acceptInsecureCerts: false, acceptSslCerts: false, applicationCacheEnabled: false, browserConnectionEnabled: false, browserName: chrome, chrome: {chromedriverVersion: 2.35.528161 (5b82f2d2aae0ca..., userDataDir: C:\Users\MEGAPO~1\AppData\L...}, cssSelectorsEnabled: true, databaseEnabled: false, handlesAlerts: true, hasTouchScreen: false, javascriptEnabled: true, locationContextEnabled: true, mobileEmulationEnabled: false, nativeEvents: true, networkConnectionEnabled: false, pageLoadStrategy: normal, platform: XP, platformName: XP, rotatable: false, setWindowRect: true, takesHeapSnapshot: true, takesScreenshot: true, unexpectedAlertBehaviour: , unhandledPromptBehavior: , version: 64.0.3282.186, webStorageEnabled: true}
Session ID: a7b522440b9c660e9d18b8197cba3d51)

2018-03-05 15:54:33 - [MESSAGE][FAILED] - Unable to click on object 'Object Repository/CuPaDl/Icons/Icon_worldmap' (Root cause: org.openqa.selenium.ElementNotVisibleException: element not visible
  (Session info: chrome=64.0.3282.186)
  (Driver info: chromedriver=2.35.528161 (5b82f2d2aae0ca24b877009200ced9065a772e73),platform=Windows NT 10.0.16299 x86_64) (WARNING: The server did not provide any stacktrace information)
Command duration or timeout: 0 milliseconds
Build info: version: '3.7.1', revision: '8a0099a', time: '2017-11-06T21:07:36.161Z'
System info: host: 'DESKTOP-47R6KV7', ip: '192.168.100.78', os.name: 'Windows 10', os.arch: 'amd64', os.version: '10.0', java.version: '1.8.0_102'
Driver info: com.kms.katalon.selenium.driver.CChromeDriver
Capabilities {acceptInsecureCerts: false, acceptSslCerts: false, applicationCacheEnabled: false, browserConnectionEnabled: false, browserName: chrome, chrome: {chromedriverVersion: 2.35.528161 (5b82f2d2aae0ca..., userDataDir: C:\Users\MEGAPO~1\AppData\L...}, cssSelectorsEnabled: true, databaseEnabled: false, handlesAlerts: true, hasTouchScreen: false, javascriptEnabled: true, locationContextEnabled: true, mobileEmulationEnabled: false, nativeEvents: true, networkConnectionEnabled: false, pageLoadStrategy: normal, platform: XP, platformName: XP, rotatable: false, setWindowRect: true, takesHeapSnapshot: true, takesScreenshot: true, unexpectedAlertBehaviour: , unhandledPromptBehavior: , version: 64.0.3282.186, webStorageEnabled: true}
Session ID: a7b522440b9c660e9d18b8197cba3d51)]]></system-out>
         <system-err><![CDATA[2018-03-05 15:53:43 - [TEST_CASE][FAILED] - Test Cases/CuPaStefanie/41: Test Cases/CuPaStefanie/41 FAILED because (of) Unable to click on object 'Object Repository/CuPaDl/Icons/Icon_worldmap' (Root cause: org.openqa.selenium.ElementNotVisibleException: element not visible
  (Session info: chrome=64.0.3282.186)
  (Driver info: chromedriver=2.35.528161 (5b82f2d2aae0ca24b877009200ced9065a772e73),platform=Windows NT 10.0.16299 x86_64) (WARNING: The server did not provide any stacktrace information)
Command duration or timeout: 0 milliseconds
Build info: version: '3.7.1', revision: '8a0099a', time: '2017-11-06T21:07:36.161Z'
System info: host: 'DESKTOP-47R6KV7', ip: '192.168.100.78', os.name: 'Windows 10', os.arch: 'amd64', os.version: '10.0', java.version: '1.8.0_102'
Driver info: com.kms.katalon.selenium.driver.CChromeDriver
Capabilities {acceptInsecureCerts: false, acceptSslCerts: false, applicationCacheEnabled: false, browserConnectionEnabled: false, browserName: chrome, chrome: {chromedriverVersion: 2.35.528161 (5b82f2d2aae0ca..., userDataDir: C:\Users\MEGAPO~1\AppData\L...}, cssSelectorsEnabled: true, databaseEnabled: false, handlesAlerts: true, hasTouchScreen: false, javascriptEnabled: true, locationContextEnabled: true, mobileEmulationEnabled: false, nativeEvents: true, networkConnectionEnabled: false, pageLoadStrategy: normal, platform: XP, platformName: XP, rotatable: false, setWindowRect: true, takesHeapSnapshot: true, takesScreenshot: true, unexpectedAlertBehaviour: , unhandledPromptBehavior: , version: 64.0.3282.186, webStorageEnabled: true}
Session ID: a7b522440b9c660e9d18b8197cba3d51)]]></system-err>
      </testcase>
      <testcase name="Test Cases/CuPaStefanie/42" classname="Test Cases/CuPaStefanie/42" status="FAILED">
         <failure type="FAILED" message="Unable to wait for object to be visible (Root cause: java.lang.IllegalArgumentException: Object is null)"/>
         <system-out><![CDATA[2018-03-05 15:54:33 - [TEST_CASE][FAILED] - Test Cases/CuPaStefanie/42: Test Cases/CuPaStefanie/42 FAILED because (of) Unable to wait for object to be visible (Root cause: java.lang.IllegalArgumentException: Object is null)

2018-03-05 15:54:33 - [TEST_STEP][PASSED] - Statement - timeStamp = new java.text.SimpleDateFormat(dd.MM.yyyy).format(java.util.Calendar.getInstance().getTime()): null

2018-03-05 15:54:33 - [TEST_STEP][PASSED] - Statement - timeStampScreenshot = new java.text.SimpleDateFormat(dd.MM.yyyy).format(java.util.Calendar.getInstance().getTime()): null

2018-03-05 15:54:33 - [TEST_STEP][PASSED] - Statement - iconmap = [:]: null

2018-03-05 15:54:33 - [TEST_STEP][PASSED] - Statement - txtmap = [:]: null

2018-03-05 15:54:33 - [TEST_STEP][PASSED] - Statement - signmap = [:]: null

2018-03-05 15:54:33 - [TEST_STEP][PASSED] - cupakeysDl.initStart.initialStart: cupakeysDl.initStart.initialStart is PASSED

2018-03-05 15:54:33 - [MESSAGE][WARNING] - A browser is already opened. Closing browser and opening a new one

2018-03-05 15:54:35 - [MESSAGE][PASSED] - Browser is opened with url: ''

2018-03-05 15:54:38 - [MESSAGE][PASSED] - Delayed 3 second(s)

2018-03-05 15:54:40 - [MESSAGE][PASSED] - Navigate to 'https://d16a4dsnr8a0k1.cloudfront.net/en/2455233.html?price=150.00%20%E2%82%AC&partName=wilsonPartName&vin=wilsonVin&modelCode=XP11&paint=P0A94&modelDescription=wilsonModelDescription&additionalEquipment=wilsonAdditionalEquipment' successfully

2018-03-05 15:54:40 - [MESSAGE][PASSED] - Object 'Object Repository/CuPaDl/Loading_indicator' is visible

2018-03-05 15:54:44 - [MESSAGE][PASSED] - Object 'Object Repository/CuPaDl/Loading_indicator' is NOT visible

2018-03-05 15:54:45 - [MESSAGE][PASSED] - Delayed 1 second(s)

2018-03-05 15:54:45 - [MESSAGE][PASSED] - cupakeysDl.initStart.initialStart is PASSED

2018-03-05 15:54:45 - [TEST_STEP][PASSED] - Statement - (step++): null

2018-03-05 15:54:45 - [TEST_STEP][FAILED] - cupakeysDl.color.changecolor: Unable to wait for object to be visible (Root cause: java.lang.IllegalArgumentException: Object is null)

2018-03-05 15:54:45 - [MESSAGE][PASSED] - Object 'Object Repository/CuPaDl/Color/Color' is visible

2018-03-05 15:54:46 - [MESSAGE][PASSED] - Object: 'Object Repository/CuPaDl/Color/Color' is clicked on

2018-03-05 15:54:46 - [MESSAGE][WARNING] - Test object with id 'Object Repository/CuPaDl/Color/Color_caribeanblue' does not exist

2018-03-05 15:54:46 - [MESSAGE][WARNING] - Test object with id 'Object Repository/' does not exist

2018-03-05 15:54:46 - [MESSAGE][FAILED] - Unable to wait for object to be visible (Root cause: java.lang.IllegalArgumentException: Object is null)

2018-03-05 15:54:46 - [MESSAGE][FAILED] - Unable to wait for object to be visible (Root cause: java.lang.IllegalArgumentException: Object is null)]]></system-out>
         <system-err><![CDATA[2018-03-05 15:54:33 - [TEST_CASE][FAILED] - Test Cases/CuPaStefanie/42: Test Cases/CuPaStefanie/42 FAILED because (of) Unable to wait for object to be visible (Root cause: java.lang.IllegalArgumentException: Object is null)]]></system-err>
      </testcase>
      <system-out><![CDATA[2018-03-05 15:17:13 - [TEST_SUITE][ERROR] - CuPa: Test Cases/CuPaStefanie/0 FAILED because (of) Variable 'run' is not defined for test case.]]></system-out>
      <system-err><![CDATA[2018-03-05 15:17:13 - [TEST_SUITE][ERROR] - CuPa: Test Cases/CuPaStefanie/0 FAILED because (of) Variable 'run' is not defined for test case.]]></system-err>
   </testsuite>
</testsuites>
