<?xml version="1.0" encoding="UTF-8"?>
<testsuites name="CuPa" time="148" tests="3" failures="1" errors="0">
   <testsuite name="CuPa" tests="3" failures="1" errors="0" time="148" timestamp="2018-03-06 12:59:21" hostname="DESKTOP-47R6KV7$ - DESKTOP-47R6KV7.localdomain" id="Test Suites/CuPa">
      <properties>
         <property name="deviceName" value=""/>
         <property name="devicePlatform" value=""/>
         <property name="logFolder" value="D:\\Project\\DS5.2.1\\Reports\\CuPa\\20180306_125919"/>
         <property name="logFiles" value="D:\\Project\\DS5.2.1\\Reports\\CuPa\\20180306_125919\\execution0.log"/>
         <property name="attachments" value=""/>
         <property name="hostName" value="DESKTOP-47R6KV7$ - DESKTOP-47R6KV7.localdomain"/>
         <property name="os" value="Windows 10 64bit"/>
         <property name="katalonVersion" value="5.3.1.1"/>
         <property name="browser" value="Chrome 64.0.3282.186"/>
         <property name="hostAddress" value="192.168.100.78"/>
         <property name="sessionId" value="4a2c0d1d9a555e473c9700aa7eb668d3"/>
         <property name="seleniumVersion" value="3.7.1"/>
         <property name="proxyInformation" value="ProxyInformation{proxyOption=NO_PROXY, proxyServerType=HTTP, password=, proxyServerAddress=, proxyServerPort=0}"/>
         <property name="platform" value="Windows 10"/>
      </properties>
      <testcase name="Test Cases/CuPaStefanie/0" classname="Test Cases/CuPaStefanie/0" status="PASSED">
         <system-out><![CDATA[2018-03-06 12:59:21 - [TEST_CASE][PASSED] - Test Cases/CuPaStefanie/0: Test Cases/CuPaStefanie/0

2018-03-06 12:59:21 - [TEST_STEP][PASSED] - Statement - timeStamp = new java.text.SimpleDateFormat(dd.MM.yyyy).format(java.util.Calendar.getInstance().getTime()): null

2018-03-06 12:59:21 - [TEST_STEP][PASSED] - Statement - timeStampScreenshot = new java.text.SimpleDateFormat(dd.MM.yyyy).format(java.util.Calendar.getInstance().getTime()): null

2018-03-06 12:59:21 - [TEST_STEP][PASSED] - Statement - ps = new java.io.PrintStream((((timeStamp + _Run) + run) + .txt)): null]]></system-out>
         <system-err><![CDATA[]]></system-err>
      </testcase>
      <testcase name="Test Cases/CuPaStefanie/1" classname="Test Cases/CuPaStefanie/1" status="FAILED">
         <failure type="FAILED" message="Unable to click on object 'Object Repository/CuPaDl/Structure/Structure' (Root cause: com.kms.katalon.core.webui.exception.BrowserNotOpenedException: Browser is not opened
Build info: version: '3.7.1', revision: '8a0099a', time: '2017-11-06T21:07:36.161Z'
System info: host: 'DESKTOP-47R6KV7', ip: '192.168.100.78', os.name: 'Windows 10', os.arch: 'amd64', os.version: '10.0', java.version: '1.8.0_102'
Driver info: driver.version: unknown)"/>
         <system-out><![CDATA[2018-03-06 12:59:21 - [TEST_CASE][FAILED] - Test Cases/CuPaStefanie/1: Test Cases/CuPaStefanie/1 FAILED because (of) Unable to click on object 'Object Repository/CuPaDl/Structure/Structure' (Root cause: com.kms.katalon.core.webui.exception.BrowserNotOpenedException: Browser is not opened
Build info: version: '3.7.1', revision: '8a0099a', time: '2017-11-06T21:07:36.161Z'
System info: host: 'DESKTOP-47R6KV7', ip: '192.168.100.78', os.name: 'Windows 10', os.arch: 'amd64', os.version: '10.0', java.version: '1.8.0_102'
Driver info: driver.version: unknown)

2018-03-06 12:59:22 - [TEST_STEP][PASSED] - Statement - timeStamp = new java.text.SimpleDateFormat(dd.MM.yyyy).format(java.util.Calendar.getInstance().getTime()): null

2018-03-06 12:59:22 - [TEST_STEP][PASSED] - Statement - timeStampScreenshot = new java.text.SimpleDateFormat(dd.MM.yyyy).format(java.util.Calendar.getInstance().getTime()): null

2018-03-06 12:59:22 - [TEST_STEP][PASSED] - Statement - iconmap = [:]: null

2018-03-06 12:59:22 - [TEST_STEP][PASSED] - Statement - txtmap = [:]: null

2018-03-06 12:59:22 - [TEST_STEP][PASSED] - Statement - signmap = [:]: null

2018-03-06 12:59:22 - [TEST_STEP][PASSED] - cupakeysDl.initStart.initialStart: cupakeysDl.initStart.initialStart is PASSED

2018-03-06 12:59:24 - [MESSAGE][PASSED] - Browser is opened with url: ''

2018-03-06 12:59:27 - [MESSAGE][PASSED] - Delayed 3 second(s)

2018-03-06 12:59:29 - [MESSAGE][PASSED] - Navigate to 'https://d16a4dsnr8a0k1.cloudfront.net/en/2455233.html?price=150.00%20%E2%82%AC&partName=wilsonPartName&vin=wilsonVin&modelCode=XP11&paint=P0A94&modelDescription=wilsonModelDescription&additionalEquipment=wilsonAdditionalEquipment' successfully

2018-03-06 12:59:29 - [MESSAGE][PASSED] - Object 'Object Repository/CuPaDl/Loading_indicator' is visible

2018-03-06 12:59:39 - [MESSAGE][PASSED] - Object 'Object Repository/CuPaDl/Loading_indicator' is NOT visible

2018-03-06 12:59:40 - [MESSAGE][PASSED] - Delayed 1 second(s)

2018-03-06 12:59:40 - [MESSAGE][PASSED] - cupakeysDl.initStart.initialStart is PASSED

2018-03-06 12:59:40 - [TEST_STEP][PASSED] - Statement - (step++): null

2018-03-06 12:59:40 - [TEST_STEP][PASSED] - cupakeysDl.color.changecolor: cupakeysDl.color.changecolor is PASSED

2018-03-06 12:59:40 - [MESSAGE][PASSED] - Object 'Object Repository/CuPaDl/Color/Color' is visible

2018-03-06 12:59:40 - [MESSAGE][PASSED] - Object: 'Object Repository/CuPaDl/Color/Color' is clicked on

2018-03-06 12:59:41 - [MESSAGE][PASSED] - Delayed 1 second(s)

2018-03-06 12:59:41 - [MESSAGE][PASSED] - Object 'Object Repository/CuPaDl/Color/Color_passionred' is visible

2018-03-06 12:59:41 - [MESSAGE][PASSED] - Object: 'Object Repository/CuPaDl/Color/Color_passionred' is clicked on

2018-03-06 12:59:41 - [MESSAGE][WARNING] - Timeout '0' is invalid. Using default page load timeout: '30'

2018-03-06 12:59:41 - [MESSAGE][PASSED] - Object 'Object Repository/CuPaDl/Color/Color_passionred' is visible

2018-03-06 12:59:42 - [MESSAGE][PASSED] - Delayed 1 second(s)

2018-03-06 12:59:43 - [MESSAGE][PASSED] - Object: 'Object Repository/CuPaDl/Color/Color_passionred' is clicked on

2018-03-06 12:59:43 - [MESSAGE][PASSED] - Object 'Object Repository/CuPaDl/Loading_indicator' is visible

2018-03-06 12:59:45 - [MESSAGE][PASSED] - Object 'Object Repository/CuPaDl/Loading_indicator' is NOT visible

2018-03-06 12:59:46 - [MESSAGE][PASSED] - Delayed 1 second(s)

2018-03-06 12:59:46 - [MESSAGE][PASSED] - cupakeysDl.color.changecolor is PASSED

2018-03-06 12:59:46 - [TEST_STEP][PASSED] - Statement - (step++): null

2018-03-06 12:59:46 - [TEST_STEP][PASSED] - cupakeysDl.endsession.finishsession: cupakeysDl.endsession.finishsession is PASSED

2018-03-06 12:59:49 - [MESSAGE][PASSED] - Delayed 3 second(s)

2018-03-06 12:59:50 - [MESSAGE][PASSED] - Browser is closed

2018-03-06 12:59:50 - [MESSAGE][PASSED] - cupakeysDl.endsession.finishsession is PASSED

2018-03-06 12:59:50 - [TEST_STEP][FAILED] - cupakeysDl.chngstruct.changestructure: Unable to click on object 'Object Repository/CuPaDl/Structure/Structure' (Root cause: com.kms.katalon.core.webui.exception.BrowserNotOpenedException: Browser is not opened
Build info: version: '3.7.1', revision: '8a0099a', time: '2017-11-06T21:07:36.161Z'
System info: host: 'DESKTOP-47R6KV7', ip: '192.168.100.78', os.name: 'Windows 10', os.arch: 'amd64', os.version: '10.0', java.version: '1.8.0_102'
Driver info: driver.version: unknown)

2018-03-06 12:59:50 - [MESSAGE][FAILED] - Unable to click on object 'Object Repository/CuPaDl/Structure/Structure' (Root cause: com.kms.katalon.core.webui.exception.BrowserNotOpenedException: Browser is not opened
Build info: version: '3.7.1', revision: '8a0099a', time: '2017-11-06T21:07:36.161Z'
System info: host: 'DESKTOP-47R6KV7', ip: '192.168.100.78', os.name: 'Windows 10', os.arch: 'amd64', os.version: '10.0', java.version: '1.8.0_102'
Driver info: driver.version: unknown)

2018-03-06 12:59:50 - [MESSAGE][FAILED] - Unable to click on object 'Object Repository/CuPaDl/Structure/Structure' (Root cause: com.kms.katalon.core.webui.exception.BrowserNotOpenedException: Browser is not opened
Build info: version: '3.7.1', revision: '8a0099a', time: '2017-11-06T21:07:36.161Z'
System info: host: 'DESKTOP-47R6KV7', ip: '192.168.100.78', os.name: 'Windows 10', os.arch: 'amd64', os.version: '10.0', java.version: '1.8.0_102'
Driver info: driver.version: unknown)]]></system-out>
         <system-err><![CDATA[2018-03-06 12:59:21 - [TEST_CASE][FAILED] - Test Cases/CuPaStefanie/1: Test Cases/CuPaStefanie/1 FAILED because (of) Unable to click on object 'Object Repository/CuPaDl/Structure/Structure' (Root cause: com.kms.katalon.core.webui.exception.BrowserNotOpenedException: Browser is not opened
Build info: version: '3.7.1', revision: '8a0099a', time: '2017-11-06T21:07:36.161Z'
System info: host: 'DESKTOP-47R6KV7', ip: '192.168.100.78', os.name: 'Windows 10', os.arch: 'amd64', os.version: '10.0', java.version: '1.8.0_102'
Driver info: driver.version: unknown)]]></system-err>
      </testcase>
      <testcase name="Test Cases/CuPaStefanie/2" classname="Test Cases/CuPaStefanie/2" status="PASSED">
         <system-out><![CDATA[2018-03-06 12:59:50 - [TEST_CASE][PASSED] - Test Cases/CuPaStefanie/2: Test Cases/CuPaStefanie/2

2018-03-06 12:59:50 - [TEST_STEP][PASSED] - Statement - timeStamp = new java.text.SimpleDateFormat(dd.MM.yyyy).format(java.util.Calendar.getInstance().getTime()): null

2018-03-06 12:59:50 - [TEST_STEP][PASSED] - Statement - timeStampScreenshot = new java.text.SimpleDateFormat(dd.MM.yyyy).format(java.util.Calendar.getInstance().getTime()): null

2018-03-06 12:59:50 - [TEST_STEP][PASSED] - Statement - iconmap = [:]: null

2018-03-06 12:59:50 - [TEST_STEP][PASSED] - Statement - txtmap = [:]: null

2018-03-06 12:59:50 - [TEST_STEP][PASSED] - Statement - signmap = [:]: null

2018-03-06 12:59:50 - [TEST_STEP][PASSED] - cupakeysDl.initStart.initialStart: cupakeysDl.initStart.initialStart is PASSED

2018-03-06 12:59:52 - [MESSAGE][PASSED] - Browser is opened with url: ''

2018-03-06 12:59:55 - [MESSAGE][PASSED] - Delayed 3 second(s)

2018-03-06 12:59:57 - [MESSAGE][PASSED] - Navigate to 'https://d16a4dsnr8a0k1.cloudfront.net/en/2455233.html?price=150.00%20%E2%82%AC&partName=wilsonPartName&vin=wilsonVin&modelCode=XP11&paint=P0A94&modelDescription=wilsonModelDescription&additionalEquipment=wilsonAdditionalEquipment' successfully

2018-03-06 12:59:57 - [MESSAGE][PASSED] - Object 'Object Repository/CuPaDl/Loading_indicator' is visible

2018-03-06 13:00:07 - [MESSAGE][PASSED] - Object 'Object Repository/CuPaDl/Loading_indicator' is NOT visible

2018-03-06 13:00:08 - [MESSAGE][PASSED] - Delayed 1 second(s)

2018-03-06 13:00:08 - [MESSAGE][PASSED] - cupakeysDl.initStart.initialStart is PASSED

2018-03-06 13:00:08 - [TEST_STEP][PASSED] - Statement - (step++): null

2018-03-06 13:00:08 - [TEST_STEP][PASSED] - cupakeysDl.color.changecolor: cupakeysDl.color.changecolor is PASSED

2018-03-06 13:00:08 - [MESSAGE][PASSED] - Object 'Object Repository/CuPaDl/Color/Color' is visible

2018-03-06 13:00:08 - [MESSAGE][PASSED] - Object: 'Object Repository/CuPaDl/Color/Color' is clicked on

2018-03-06 13:00:09 - [MESSAGE][PASSED] - Delayed 1 second(s)

2018-03-06 13:00:09 - [MESSAGE][PASSED] - Object 'Object Repository/CuPaDl/Color/Color_passionred' is visible

2018-03-06 13:00:09 - [MESSAGE][PASSED] - Object: 'Object Repository/CuPaDl/Color/Color_passionred' is clicked on

2018-03-06 13:00:09 - [MESSAGE][WARNING] - Timeout '0' is invalid. Using default page load timeout: '30'

2018-03-06 13:00:09 - [MESSAGE][PASSED] - Object 'Object Repository/CuPaDl/Color/Color_passionred' is visible

2018-03-06 13:00:10 - [MESSAGE][PASSED] - Delayed 1 second(s)

2018-03-06 13:00:11 - [MESSAGE][PASSED] - Object: 'Object Repository/CuPaDl/Color/Color_passionred' is clicked on

2018-03-06 13:00:14 - [MESSAGE][WARNING] - Object 'Object Repository/CuPaDl/Loading_indicator' is not visible after 3 second(s)

2018-03-06 13:00:15 - [MESSAGE][PASSED] - Delayed 1 second(s)

2018-03-06 13:00:15 - [MESSAGE][PASSED] - cupakeysDl.color.changecolor is PASSED

2018-03-06 13:00:15 - [TEST_STEP][PASSED] - Statement - (step++): null

2018-03-06 13:00:15 - [TEST_STEP][PASSED] - cupakeysDl.chngstruct.changestructure: cupakeysDl.chngstruct.changestructure is PASSED

2018-03-06 13:00:16 - [MESSAGE][PASSED] - Object: 'Object Repository/CuPaDl/Structure/Structure' is clicked on

2018-03-06 13:00:16 - [MESSAGE][WARNING] - Timeout '0' is invalid. Using default page load timeout: '30'

2018-03-06 13:00:16 - [MESSAGE][PASSED] - Object 'Object Repository/CuPaDl/Structure/Structure_Hahnentritt' is visible

2018-03-06 13:00:16 - [MESSAGE][PASSED] - Object 'Object Repository/CuPaDl/Structure/Structure_drops' is visible

2018-03-06 13:00:16 - [MESSAGE][PASSED] - Object: 'Object Repository/CuPaDl/Structure/Structure_drops' is clicked on

2018-03-06 13:00:17 - [MESSAGE][PASSED] - Object 'Object Repository/CuPaDl/Loading_indicator' is visible

2018-03-06 13:00:25 - [MESSAGE][PASSED] - Object 'Object Repository/CuPaDl/Loading_indicator' is NOT visible

2018-03-06 13:00:26 - [MESSAGE][PASSED] - Delayed 1 second(s)

2018-03-06 13:00:26 - [MESSAGE][PASSED] - cupakeysDl.chngstruct.changestructure is PASSED

2018-03-06 13:00:26 - [TEST_STEP][PASSED] - Statement - (step++): null

2018-03-06 13:00:26 - [TEST_STEP][PASSED] - cupakeysDl.sclstruct.scalestructure: cupakeysDl.sclstruct.scalestructure is PASSED

2018-03-06 13:00:29 - [MESSAGE][WARNING] - Object 'Object Repository/CuPaDl/Structure/Resize_Structure_bottomright' is not visible after 3 second(s)

2018-03-06 13:00:29 - [MESSAGE][PASSED] - Object: 'Object Repository/CuPaDl/Structure/Resize_Structure' is clicked on

2018-03-06 13:00:29 - [MESSAGE][WARNING] - Timeout '0' is invalid. Using default page load timeout: '30'

2018-03-06 13:00:29 - [MESSAGE][PASSED] - Object 'Object Repository/CuPaDl/Structure/Resize_Structure_bottomright' is visible

2018-03-06 13:00:30 - [MESSAGE][PASSED] - Delayed 1 second(s)

2018-03-06 13:00:30 - [MESSAGE][PASSED] - Current viewport's left (x) position is 0

2018-03-06 13:00:30 - [MESSAGE][PASSED] - Current viewport's top (y) position is 54

2018-03-06 13:00:31 - [MESSAGE][PASSED] - Dragged object with id 'Object Repository/CuPaDl/Structure/Resize_Structure_bottomright' by offset distance x = 225 and y = 279 successfully

2018-03-06 13:00:32 - [MESSAGE][PASSED] - Object 'Object Repository/CuPaDl/Loading_indicator' is visible

2018-03-06 13:00:38 - [MESSAGE][PASSED] - Object 'Object Repository/CuPaDl/Loading_indicator' is NOT visible

2018-03-06 13:00:39 - [MESSAGE][PASSED] - Delayed 1 second(s)

2018-03-06 13:00:39 - [MESSAGE][PASSED] - cupakeysDl.sclstruct.scalestructure is PASSED

2018-03-06 13:00:39 - [TEST_STEP][PASSED] - Statement - (step++): null

2018-03-06 13:00:39 - [TEST_STEP][PASSED] - Statement - iconmap += CustomKeywords.cupakeysDl.iconad.iconadd("unionjack", LoadTimeCorrector, step, run, device, timeStamp, iconcount): cupakeysDl.iconad.iconadd is PASSED

2018-03-06 13:00:39 - [MESSAGE][PASSED] - Object: 'Object Repository/CuPaDl/Icons/Icon' is clicked on

2018-03-06 13:00:39 - [MESSAGE][PASSED] - Object 'Object Repository/CuPaDl/Icons/Icon_unionjack' is visible

2018-03-06 13:00:39 - [MESSAGE][PASSED] - Object: 'Object Repository/CuPaDl/Icons/Icon_unionjack' is clicked on

2018-03-06 13:00:40 - [MESSAGE][PASSED] - Delayed 1 second(s)

2018-03-06 13:00:40 - [MESSAGE][PASSED] - Object 'Object Repository/CuPaDl/Loading_indicator' is visible

2018-03-06 13:00:43 - [MESSAGE][PASSED] - Object 'Object Repository/CuPaDl/Loading_indicator' is NOT visible

2018-03-06 13:00:43 - [MESSAGE][WARNING] - Timeout '0' is invalid. Using default page load timeout: '30'

2018-03-06 13:00:43 - [MESSAGE][PASSED] - Width of element 'Object Repository/CuPaDl/Icons/Reposition_icon' is '40'

2018-03-06 13:00:43 - [MESSAGE][PASSED] - Height of element 'Object Repository/CuPaDl/Icons/Reposition_icon' is '40'.

2018-03-06 13:00:44 - [MESSAGE][PASSED] - Delayed 1 second(s)

2018-03-06 13:00:44 - [MESSAGE][PASSED] - cupakeysDl.iconad.iconadd is PASSED

2018-03-06 13:00:44 - [TEST_STEP][PASSED] - Statement - (step++): null

2018-03-06 13:00:44 - [TEST_STEP][PASSED] - Statement - (iconcount++): null

2018-03-06 13:00:44 - [TEST_STEP][PASSED] - cupakeysDl.iconres.iconresize: cupakeysDl.iconres.iconresize is PASSED

2018-03-06 13:00:44 - [MESSAGE][PASSED] - Object 'Object Repository/CuPaDl/Icons/Reposition_icon' is visible

2018-03-06 13:00:44 - [MESSAGE][PASSED] - Current viewport's left (x) position is 0

2018-03-06 13:00:44 - [MESSAGE][PASSED] - Current viewport's top (y) position is 54

2018-03-06 13:00:44 - [MESSAGE][PASSED] - Dragged object with id 'Object Repository/CuPaDl/Icons/Resize_icon_bottomright' by offset distance x = 125 and y = 179 successfully

2018-03-06 13:00:45 - [MESSAGE][PASSED] - Object 'Object Repository/CuPaDl/Loading_indicator' is visible

2018-03-06 13:00:48 - [MESSAGE][PASSED] - Object 'Object Repository/CuPaDl/Loading_indicator' is NOT visible

2018-03-06 13:00:49 - [MESSAGE][PASSED] - Delayed 1 second(s)

2018-03-06 13:00:49 - [MESSAGE][PASSED] - cupakeysDl.iconres.iconresize is PASSED

2018-03-06 13:00:49 - [TEST_STEP][PASSED] - Statement - (step++): null

2018-03-06 13:00:49 - [TEST_STEP][PASSED] - cupakeysDl.slink.svlink: cupakeysDl.slink.svlink is PASSED

2018-03-06 13:00:49 - [MESSAGE][PASSED] - Scroll to object 'Object Repository/CuPaDl/Save/Save' successfully

2018-03-06 13:00:49 - [MESSAGE][PASSED] - Object: 'Object Repository/CuPaDl/Save/Save' is clicked on

2018-03-06 13:00:49 - [MESSAGE][WARNING] - Timeout '0' is invalid. Using default page load timeout: '30'

2018-03-06 13:00:51 - [MESSAGE][PASSED] - Object 'Object Repository/CuPaDl/Save/CopyLink' is visible

2018-03-06 13:00:51 - [MESSAGE][PASSED] - Attribute 'value' of object 'Object Repository/CuPaDl/Save/Link' is: 'https://d16a4dsnr8a0k1.cloudfront.net/en/2455233.html?scupaId=BSc3P3k/OSQ8LHo0RURF'

2018-03-06 13:00:51 - [MESSAGE][PASSED] - cupakeysDl.slink.svlink is PASSED

2018-03-06 13:00:51 - [TEST_STEP][PASSED] - cupakeysDl.endsession.finishsession: cupakeysDl.endsession.finishsession is PASSED

2018-03-06 13:00:54 - [MESSAGE][PASSED] - Delayed 3 second(s)

2018-03-06 13:00:55 - [MESSAGE][PASSED] - Browser is closed

2018-03-06 13:00:55 - [MESSAGE][PASSED] - cupakeysDl.endsession.finishsession is PASSED]]></system-out>
         <system-err><![CDATA[]]></system-err>
      </testcase>
      <testcase name="Test Cases/CuPaStefanie/3" classname="Test Cases/CuPaStefanie/3" status="PASSED">
         <system-out><![CDATA[2018-03-06 13:00:55 - [TEST_CASE][PASSED] - Test Cases/CuPaStefanie/3: Test Cases/CuPaStefanie/3

2018-03-06 13:00:55 - [TEST_STEP][PASSED] - Statement - timeStamp = new java.text.SimpleDateFormat(dd.MM.yyyy_HH_mm_ss).format(java.util.Calendar.getInstance().getTime()): null

2018-03-06 13:00:55 - [TEST_STEP][PASSED] - Statement - timeStampScreenshot = new java.text.SimpleDateFormat(dd.MM.yyyy).format(java.util.Calendar.getInstance().getTime()): null

2018-03-06 13:00:55 - [TEST_STEP][PASSED] - Statement - iconmap = [:]: null

2018-03-06 13:00:55 - [TEST_STEP][PASSED] - Statement - txtmap = [:]: null

2018-03-06 13:00:55 - [TEST_STEP][PASSED] - Statement - signmap = [:]: null

2018-03-06 13:00:55 - [TEST_STEP][PASSED] - cupakeysDl.initStart.initialStart: cupakeysDl.initStart.initialStart is PASSED

2018-03-06 13:00:57 - [MESSAGE][PASSED] - Browser is opened with url: ''

2018-03-06 13:01:00 - [MESSAGE][PASSED] - Delayed 3 second(s)

2018-03-06 13:01:02 - [MESSAGE][PASSED] - Navigate to 'https://d16a4dsnr8a0k1.cloudfront.net/en/2455233.html?price=150.00%20%E2%82%AC&partName=wilsonPartName&vin=wilsonVin&modelCode=XP11&paint=P0A94&modelDescription=wilsonModelDescription&additionalEquipment=wilsonAdditionalEquipment' successfully

2018-03-06 13:01:02 - [MESSAGE][PASSED] - Object 'Object Repository/CuPaDl/Loading_indicator' is visible

2018-03-06 13:01:13 - [MESSAGE][PASSED] - Object 'Object Repository/CuPaDl/Loading_indicator' is NOT visible

2018-03-06 13:01:14 - [MESSAGE][PASSED] - Delayed 1 second(s)

2018-03-06 13:01:14 - [MESSAGE][PASSED] - cupakeysDl.initStart.initialStart is PASSED

2018-03-06 13:01:14 - [TEST_STEP][PASSED] - Statement - (step++): null

2018-03-06 13:01:14 - [TEST_STEP][PASSED] - cupakeysDl.color.changecolor: cupakeysDl.color.changecolor is PASSED

2018-03-06 13:01:14 - [MESSAGE][PASSED] - Object 'Object Repository/CuPaDl/Color/Color' is visible

2018-03-06 13:01:14 - [MESSAGE][PASSED] - Object: 'Object Repository/CuPaDl/Color/Color' is clicked on

2018-03-06 13:01:15 - [MESSAGE][PASSED] - Delayed 1 second(s)

2018-03-06 13:01:15 - [MESSAGE][PASSED] - Object 'Object Repository/CuPaDl/Color/Color_nightlightblue' is visible

2018-03-06 13:01:15 - [MESSAGE][PASSED] - Object: 'Object Repository/CuPaDl/Color/Color_nightlightblue' is clicked on

2018-03-06 13:01:15 - [MESSAGE][WARNING] - Timeout '0' is invalid. Using default page load timeout: '30'

2018-03-06 13:01:15 - [MESSAGE][PASSED] - Object 'Object Repository/CuPaDl/Color/Color_nightlightblue' is visible

2018-03-06 13:01:16 - [MESSAGE][PASSED] - Delayed 1 second(s)

2018-03-06 13:01:17 - [MESSAGE][PASSED] - Object: 'Object Repository/CuPaDl/Color/Color_nightlightblue' is clicked on

2018-03-06 13:01:17 - [MESSAGE][PASSED] - Object 'Object Repository/CuPaDl/Loading_indicator' is visible

2018-03-06 13:01:20 - [MESSAGE][PASSED] - Object 'Object Repository/CuPaDl/Loading_indicator' is NOT visible

2018-03-06 13:01:21 - [MESSAGE][PASSED] - Delayed 1 second(s)

2018-03-06 13:01:21 - [MESSAGE][PASSED] - cupakeysDl.color.changecolor is PASSED

2018-03-06 13:01:21 - [TEST_STEP][PASSED] - Statement - (step++): null

2018-03-06 13:01:21 - [TEST_STEP][PASSED] - cupakeysDl.chngstruct.changestructure: cupakeysDl.chngstruct.changestructure is PASSED

2018-03-06 13:01:21 - [MESSAGE][PASSED] - Object: 'Object Repository/CuPaDl/Structure/Structure' is clicked on

2018-03-06 13:01:21 - [MESSAGE][WARNING] - Timeout '0' is invalid. Using default page load timeout: '30'

2018-03-06 13:01:21 - [MESSAGE][PASSED] - Object 'Object Repository/CuPaDl/Structure/Structure_Hahnentritt' is visible

2018-03-06 13:01:21 - [MESSAGE][PASSED] - Object 'Object Repository/CuPaDl/Structure/Structure_chess' is visible

2018-03-06 13:01:21 - [MESSAGE][PASSED] - Object: 'Object Repository/CuPaDl/Structure/Structure_chess' is clicked on

2018-03-06 13:01:23 - [MESSAGE][PASSED] - Object 'Object Repository/CuPaDl/Loading_indicator' is visible

2018-03-06 13:01:25 - [MESSAGE][PASSED] - Object 'Object Repository/CuPaDl/Loading_indicator' is NOT visible

2018-03-06 13:01:26 - [MESSAGE][PASSED] - Delayed 1 second(s)

2018-03-06 13:01:26 - [MESSAGE][PASSED] - cupakeysDl.chngstruct.changestructure is PASSED

2018-03-06 13:01:26 - [TEST_STEP][PASSED] - Statement - (step++): null

2018-03-06 13:01:26 - [TEST_STEP][PASSED] - cupakeysDl.sclstruct.scalestructure: cupakeysDl.sclstruct.scalestructure is PASSED

2018-03-06 13:01:29 - [MESSAGE][WARNING] - Object 'Object Repository/CuPaDl/Structure/Resize_Structure_bottomright' is not visible after 3 second(s)

2018-03-06 13:01:29 - [MESSAGE][PASSED] - Object: 'Object Repository/CuPaDl/Structure/Resize_Structure' is clicked on

2018-03-06 13:01:29 - [MESSAGE][WARNING] - Timeout '0' is invalid. Using default page load timeout: '30'

2018-03-06 13:01:29 - [MESSAGE][PASSED] - Object 'Object Repository/CuPaDl/Structure/Resize_Structure_bottomright' is visible

2018-03-06 13:01:30 - [MESSAGE][PASSED] - Delayed 1 second(s)

2018-03-06 13:01:30 - [MESSAGE][PASSED] - Current viewport's left (x) position is 0

2018-03-06 13:01:30 - [MESSAGE][PASSED] - Current viewport's top (y) position is 54

2018-03-06 13:01:30 - [MESSAGE][PASSED] - Dragged object with id 'Object Repository/CuPaDl/Structure/Resize_Structure_bottomright' by offset distance x = -225 and y = -171 successfully

2018-03-06 13:01:32 - [MESSAGE][PASSED] - Object 'Object Repository/CuPaDl/Loading_indicator' is visible

2018-03-06 13:01:33 - [MESSAGE][PASSED] - Object 'Object Repository/CuPaDl/Loading_indicator' is NOT visible

2018-03-06 13:01:34 - [MESSAGE][PASSED] - Delayed 1 second(s)

2018-03-06 13:01:34 - [MESSAGE][PASSED] - cupakeysDl.sclstruct.scalestructure is PASSED

2018-03-06 13:01:34 - [TEST_STEP][PASSED] - Statement - (step++): null

2018-03-06 13:01:34 - [TEST_STEP][PASSED] - Statement - iconmap += CustomKeywords.cupakeysDl.iconad.iconadd("racing", LoadTimeCorrector, step, run, device, timeStamp, iconcount): cupakeysDl.iconad.iconadd is PASSED

2018-03-06 13:01:34 - [MESSAGE][PASSED] - Object: 'Object Repository/CuPaDl/Icons/Icon' is clicked on

2018-03-06 13:01:34 - [MESSAGE][PASSED] - Object 'Object Repository/CuPaDl/Icons/Icon_racing' is visible

2018-03-06 13:01:34 - [MESSAGE][PASSED] - Object: 'Object Repository/CuPaDl/Icons/Icon_racing' is clicked on

2018-03-06 13:01:35 - [MESSAGE][PASSED] - Delayed 1 second(s)

2018-03-06 13:01:37 - [MESSAGE][PASSED] - Object 'Object Repository/CuPaDl/Loading_indicator' is visible

2018-03-06 13:01:38 - [MESSAGE][PASSED] - Object 'Object Repository/CuPaDl/Loading_indicator' is NOT visible

2018-03-06 13:01:38 - [MESSAGE][WARNING] - Timeout '0' is invalid. Using default page load timeout: '30'

2018-03-06 13:01:38 - [MESSAGE][PASSED] - Width of element 'Object Repository/CuPaDl/Icons/Reposition_icon' is '40'

2018-03-06 13:01:38 - [MESSAGE][PASSED] - Height of element 'Object Repository/CuPaDl/Icons/Reposition_icon' is '40'.

2018-03-06 13:01:39 - [MESSAGE][PASSED] - Delayed 1 second(s)

2018-03-06 13:01:39 - [MESSAGE][PASSED] - cupakeysDl.iconad.iconadd is PASSED

2018-03-06 13:01:39 - [TEST_STEP][PASSED] - Statement - (step++): null

2018-03-06 13:01:39 - [TEST_STEP][PASSED] - Statement - (iconcount++): null

2018-03-06 13:01:39 - [TEST_STEP][PASSED] - cupakeysDl.iconres.iconresize: cupakeysDl.iconres.iconresize is PASSED

2018-03-06 13:01:39 - [MESSAGE][PASSED] - Object 'Object Repository/CuPaDl/Icons/Reposition_icon' is visible

2018-03-06 13:01:39 - [MESSAGE][PASSED] - Current viewport's left (x) position is 0

2018-03-06 13:01:39 - [MESSAGE][PASSED] - Current viewport's top (y) position is 54

2018-03-06 13:01:39 - [MESSAGE][PASSED] - Dragged object with id 'Object Repository/CuPaDl/Icons/Resize_icon_bottomright' by offset distance x = -125 and y = -71 successfully

2018-03-06 13:01:41 - [MESSAGE][PASSED] - Object 'Object Repository/CuPaDl/Loading_indicator' is visible

2018-03-06 13:01:42 - [MESSAGE][PASSED] - Object 'Object Repository/CuPaDl/Loading_indicator' is NOT visible

2018-03-06 13:01:43 - [MESSAGE][PASSED] - Delayed 1 second(s)

2018-03-06 13:01:43 - [MESSAGE][PASSED] - cupakeysDl.iconres.iconresize is PASSED

2018-03-06 13:01:43 - [TEST_STEP][PASSED] - Statement - (step++): null

2018-03-06 13:01:43 - [TEST_STEP][PASSED] - cupakeysDl.slink.svlink: cupakeysDl.slink.svlink is PASSED

2018-03-06 13:01:43 - [MESSAGE][PASSED] - Scroll to object 'Object Repository/CuPaDl/Save/Save' successfully

2018-03-06 13:01:43 - [MESSAGE][PASSED] - Object: 'Object Repository/CuPaDl/Save/Save' is clicked on

2018-03-06 13:01:43 - [MESSAGE][WARNING] - Timeout '0' is invalid. Using default page load timeout: '30'

2018-03-06 13:01:45 - [MESSAGE][PASSED] - Object 'Object Repository/CuPaDl/Save/CopyLink' is visible

2018-03-06 13:01:45 - [MESSAGE][PASSED] - Attribute 'value' of object 'Object Repository/CuPaDl/Save/Link' is: 'https://d16a4dsnr8a0k1.cloudfront.net/en/2455233.html?scupaId=AVQ0V2Q4Kj8mIHo0RURG'

2018-03-06 13:01:45 - [MESSAGE][PASSED] - cupakeysDl.slink.svlink is PASSED

2018-03-06 13:01:45 - [TEST_STEP][PASSED] - cupakeysDl.endsession.finishsession: cupakeysDl.endsession.finishsession is PASSED

2018-03-06 13:01:48 - [MESSAGE][PASSED] - Delayed 3 second(s)

2018-03-06 13:01:49 - [MESSAGE][PASSED] - Browser is closed

2018-03-06 13:01:49 - [MESSAGE][PASSED] - cupakeysDl.endsession.finishsession is PASSED]]></system-out>
         <system-err><![CDATA[]]></system-err>
      </testcase>
      <system-out><![CDATA[2018-03-06 12:59:21 - [TEST_SUITE][FAILED] - CuPa: Test Cases/CuPaStefanie/1 FAILED because (of) Unable to click on object 'Object Repository/CuPaDl/Structure/Structure' (Root cause: com.kms.katalon.core.webui.exception.BrowserNotOpenedException: Browser is not opened
Build info: version: '3.7.1', revision: '8a0099a', time: '2017-11-06T21:07:36.161Z'
System info: host: 'DESKTOP-47R6KV7', ip: '192.168.100.78', os.name: 'Windows 10', os.arch: 'amd64', os.version: '10.0', java.version: '1.8.0_102'
Driver info: driver.version: unknown)]]></system-out>
      <system-err><![CDATA[2018-03-06 12:59:21 - [TEST_SUITE][FAILED] - CuPa: Test Cases/CuPaStefanie/1 FAILED because (of) Unable to click on object 'Object Repository/CuPaDl/Structure/Structure' (Root cause: com.kms.katalon.core.webui.exception.BrowserNotOpenedException: Browser is not opened
Build info: version: '3.7.1', revision: '8a0099a', time: '2017-11-06T21:07:36.161Z'
System info: host: 'DESKTOP-47R6KV7', ip: '192.168.100.78', os.name: 'Windows 10', os.arch: 'amd64', os.version: '10.0', java.version: '1.8.0_102'
Driver info: driver.version: unknown)]]></system-err>
   </testsuite>
</testsuites>
