<?xml version="1.0" encoding="UTF-8"?>
<testsuites name="CuPa" time="152" tests="2" failures="0" errors="1">
   <testsuite name="CuPa" tests="2" failures="0" errors="1" time="152" timestamp="2018-03-05 14:28:08" hostname="Megapoort - DESKTOP-47R6KV7.localdomain" id="Test Suites/CuPa">
      <properties>
         <property name="deviceName" value=""/>
         <property name="devicePlatform" value=""/>
         <property name="logFolder" value="D:\\Project\\DS5.2.1\\Reports\\CuPa\\20180305_142807"/>
         <property name="logFiles" value="D:\\Project\\DS5.2.1\\Reports\\CuPa\\20180305_142807\\execution0.log"/>
         <property name="attachments" value=""/>
         <property name="hostName" value="Megapoort - DESKTOP-47R6KV7.localdomain"/>
         <property name="os" value="Windows 10 64bit"/>
         <property name="katalonVersion" value="5.3.1.1"/>
         <property name="browser" value="Chrome 64.0.3282.186"/>
         <property name="hostAddress" value="192.168.100.78"/>
         <property name="sessionId" value="09182ec65558420ce418b66983ff9329"/>
         <property name="seleniumVersion" value="3.7.1"/>
         <property name="proxyInformation" value="ProxyInformation{proxyOption=NO_PROXY, proxyServerType=HTTP, password=, proxyServerAddress=, proxyServerPort=0}"/>
         <property name="platform" value="Windows 10"/>
      </properties>
      <testcase name="Test Cases/CuPaStefanie/0" classname="Test Cases/CuPaStefanie/0" status="ERROR">
         <error type="ERROR" message="Test Cases/CuPaStefanie/0 FAILED because (of) Variable 'run' is not defined for test case."/>
         <system-out><![CDATA[2018-03-05 14:28:08 - [TEST_CASE][ERROR] - Test Cases/CuPaStefanie/0: Test Cases/CuPaStefanie/0 FAILED because (of) Variable 'run' is not defined for test case.

2018-03-05 14:28:08 - [TEST_STEP][PASSED] - Statement - timeStamp = new java.text.SimpleDateFormat(dd.MM.yyyy).format(java.util.Calendar.getInstance().getTime()): null

2018-03-05 14:28:08 - [TEST_STEP][PASSED] - Statement - timeStampScreenshot = new java.text.SimpleDateFormat(dd.MM.yyyy).format(java.util.Calendar.getInstance().getTime()): null

2018-03-05 14:28:08 - [TEST_STEP][PASSED] - Statement - ps = new java.io.PrintStream((((timeStamp + _Run) + run) + .txt)): null]]></system-out>
         <system-err><![CDATA[2018-03-05 14:28:08 - [TEST_CASE][ERROR] - Test Cases/CuPaStefanie/0: Test Cases/CuPaStefanie/0 FAILED because (of) Variable 'run' is not defined for test case.]]></system-err>
      </testcase>
      <testcase name="Test Cases/CuPaStefanie/1" classname="Test Cases/CuPaStefanie/1" status="PASSED">
         <system-out><![CDATA[2018-03-05 14:28:08 - [TEST_CASE][PASSED] - Test Cases/CuPaStefanie/1: Test Cases/CuPaStefanie/1

2018-03-05 14:28:08 - [TEST_STEP][PASSED] - Statement - timeStamp = new java.text.SimpleDateFormat(dd.MM.yyyy).format(java.util.Calendar.getInstance().getTime()): null

2018-03-05 14:28:08 - [TEST_STEP][PASSED] - Statement - timeStampScreenshot = new java.text.SimpleDateFormat(dd.MM.yyyy).format(java.util.Calendar.getInstance().getTime()): null

2018-03-05 14:28:08 - [TEST_STEP][PASSED] - Statement - iconmap = [:]: null

2018-03-05 14:28:08 - [TEST_STEP][PASSED] - Statement - txtmap = [:]: null

2018-03-05 14:28:08 - [TEST_STEP][PASSED] - Statement - signmap = [:]: null

2018-03-05 14:28:08 - [TEST_STEP][PASSED] - cupakeysDl.initStart.initialStart: cupakeysDl.initStart.initialStart is PASSED

2018-03-05 14:28:11 - [MESSAGE][PASSED] - Browser is opened with url: ''

2018-03-05 14:28:14 - [MESSAGE][PASSED] - Delayed 3 second(s)

2018-03-05 14:28:22 - [MESSAGE][PASSED] - Navigate to 'https://d16a4dsnr8a0k1.cloudfront.net/en/2455233.html?price=150.00%20%E2%82%AC&partName=wilsonPartName&vin=wilsonVin&modelCode=XP11&paint=P0A94&modelDescription=wilsonModelDescription&additionalEquipment=wilsonAdditionalEquipment' successfully

2018-03-05 14:28:22 - [MESSAGE][PASSED] - Object 'Object Repository/CuPaDl/Loading_indicator' is visible

2018-03-05 14:28:28 - [MESSAGE][PASSED] - Object 'Object Repository/CuPaDl/Loading_indicator' is NOT visible

2018-03-05 14:28:29 - [MESSAGE][PASSED] - Delayed 1 second(s)

2018-03-05 14:28:29 - [MESSAGE][PASSED] - cupakeysDl.initStart.initialStart is PASSED

2018-03-05 14:28:29 - [TEST_STEP][PASSED] - Statement - (step++): null

2018-03-05 14:28:29 - [TEST_STEP][PASSED] - cupakeysDl.color.changecolor: cupakeysDl.color.changecolor is PASSED

2018-03-05 14:28:29 - [MESSAGE][PASSED] - Object 'Object Repository/CuPaDl/Color/Color' is visible

2018-03-05 14:28:29 - [MESSAGE][PASSED] - Object: 'Object Repository/CuPaDl/Color/Color' is clicked on

2018-03-05 14:28:29 - [MESSAGE][WARNING] - Timeout '0' is invalid. Using default page load timeout: '30'

2018-03-05 14:28:29 - [MESSAGE][PASSED] - Object 'Object Repository/CuPaDl/Color/Color_passionred' is visible

2018-03-05 14:28:30 - [MESSAGE][PASSED] - Delayed 1 second(s)

2018-03-05 14:28:31 - [MESSAGE][PASSED] - Object: 'Object Repository/CuPaDl/Color/Color_passionred' is clicked on

2018-03-05 14:28:34 - [MESSAGE][WARNING] - Object 'Object Repository/CuPaDl/Loading_indicator' is not visible after 3 second(s)

2018-03-05 14:28:35 - [MESSAGE][PASSED] - Delayed 1 second(s)

2018-03-05 14:28:35 - [MESSAGE][PASSED] - cupakeysDl.color.changecolor is PASSED

2018-03-05 14:28:35 - [TEST_STEP][PASSED] - Statement - (step++): null

2018-03-05 14:28:35 - [TEST_STEP][PASSED] - cupakeysDl.chngstruct.changestructure: cupakeysDl.chngstruct.changestructure is PASSED

2018-03-05 14:28:35 - [MESSAGE][PASSED] - Object: 'Object Repository/CuPaDl/Structure/Structure' is clicked on

2018-03-05 14:28:35 - [MESSAGE][WARNING] - Timeout '0' is invalid. Using default page load timeout: '30'

2018-03-05 14:28:35 - [MESSAGE][PASSED] - Object 'Object Repository/CuPaDl/Structure/Structure_Hahnentritt' is visible

2018-03-05 14:28:36 - [MESSAGE][PASSED] - Delayed 1 second(s)

2018-03-05 14:28:36 - [MESSAGE][PASSED] - Object: 'Object Repository/CuPaDl/Structure/Structure_drops' is clicked on

2018-03-05 14:28:37 - [MESSAGE][PASSED] - Object 'Object Repository/CuPaDl/Loading_indicator' is visible

2018-03-05 14:28:43 - [MESSAGE][PASSED] - Object 'Object Repository/CuPaDl/Loading_indicator' is NOT visible

2018-03-05 14:28:44 - [MESSAGE][PASSED] - Delayed 1 second(s)

2018-03-05 14:28:44 - [MESSAGE][PASSED] - cupakeysDl.chngstruct.changestructure is PASSED

2018-03-05 14:28:44 - [TEST_STEP][PASSED] - Statement - (step++): null

2018-03-05 14:28:44 - [TEST_STEP][PASSED] - cupakeysDl.sclstruct.scalestructure: cupakeysDl.sclstruct.scalestructure is PASSED

2018-03-05 14:28:47 - [MESSAGE][WARNING] - Object 'Object Repository/CuPaDl/Structure/Resize_Structure_bottomright' is not visible after 3 second(s)

2018-03-05 14:28:47 - [MESSAGE][PASSED] - Object: 'Object Repository/CuPaDl/Structure/Resize_Structure' is clicked on

2018-03-05 14:28:47 - [MESSAGE][WARNING] - Timeout '0' is invalid. Using default page load timeout: '30'

2018-03-05 14:28:47 - [MESSAGE][PASSED] - Object 'Object Repository/CuPaDl/Structure/Resize_Structure_bottomright' is visible

2018-03-05 14:28:48 - [MESSAGE][PASSED] - Delayed 1 second(s)

2018-03-05 14:28:48 - [MESSAGE][PASSED] - Current viewport's left (x) position is 0

2018-03-05 14:28:48 - [MESSAGE][PASSED] - Current viewport's top (y) position is 54

2018-03-05 14:28:48 - [MESSAGE][PASSED] - Dragged object with id 'Object Repository/CuPaDl/Structure/Resize_Structure_bottomright' by offset distance x = -225 and y = -171 successfully

2018-03-05 14:28:49 - [MESSAGE][PASSED] - Object 'Object Repository/CuPaDl/Loading_indicator' is visible

2018-03-05 14:29:12 - [MESSAGE][PASSED] - Object 'Object Repository/CuPaDl/Loading_indicator' is NOT visible

2018-03-05 14:29:13 - [MESSAGE][PASSED] - Delayed 1 second(s)

2018-03-05 14:29:13 - [MESSAGE][PASSED] - cupakeysDl.sclstruct.scalestructure is PASSED

2018-03-05 14:29:13 - [TEST_STEP][PASSED] - Statement - (step++): null

2018-03-05 14:29:13 - [TEST_STEP][PASSED] - Statement - iconmap += CustomKeywords.cupakeysDl.iconad.iconadd("unionjack", LoadTimeCorrector, step, run, device, timeStamp, iconcount): cupakeysDl.iconad.iconadd is PASSED

2018-03-05 14:29:13 - [MESSAGE][PASSED] - Object: 'Object Repository/CuPaDl/Icons/Icon' is clicked on

2018-03-05 14:29:13 - [MESSAGE][WARNING] - Timeout '0' is invalid. Using default page load timeout: '30'

2018-03-05 14:29:14 - [MESSAGE][PASSED] - Object 'Object Repository/CuPaDl/Icons/Icon_unionjack' is visible

2018-03-05 14:29:15 - [MESSAGE][PASSED] - Delayed 1 second(s)

2018-03-05 14:29:15 - [MESSAGE][PASSED] - Object: 'Object Repository/CuPaDl/Icons/Icon_unionjack' is clicked on

2018-03-05 14:29:16 - [MESSAGE][PASSED] - Object 'Object Repository/CuPaDl/Loading_indicator' is visible

2018-03-05 14:29:17 - [MESSAGE][PASSED] - Object 'Object Repository/CuPaDl/Loading_indicator' is NOT visible

2018-03-05 14:29:17 - [MESSAGE][WARNING] - Timeout '0' is invalid. Using default page load timeout: '30'

2018-03-05 14:29:17 - [MESSAGE][PASSED] - Width of element 'Object Repository/CuPaDl/Icons/Reposition_icon' is '40'

2018-03-05 14:29:17 - [MESSAGE][PASSED] - Height of element 'Object Repository/CuPaDl/Icons/Reposition_icon' is '40'.

2018-03-05 14:29:18 - [MESSAGE][PASSED] - Delayed 1 second(s)

2018-03-05 14:29:18 - [MESSAGE][PASSED] - cupakeysDl.iconad.iconadd is PASSED

2018-03-05 14:29:18 - [TEST_STEP][PASSED] - Statement - (step++): null

2018-03-05 14:29:18 - [TEST_STEP][PASSED] - Statement - (iconcount++): null

2018-03-05 14:29:18 - [TEST_STEP][PASSED] - cupakeysDl.iconres.iconresize: cupakeysDl.iconres.iconresize is PASSED

2018-03-05 14:29:18 - [MESSAGE][PASSED] - Object 'Object Repository/CuPaDl/Icons/Reposition_icon' is visible

2018-03-05 14:29:18 - [MESSAGE][PASSED] - Current viewport's left (x) position is 0

2018-03-05 14:29:18 - [MESSAGE][PASSED] - Current viewport's top (y) position is 54

2018-03-05 14:29:18 - [MESSAGE][PASSED] - Dragged object with id 'Object Repository/CuPaDl/Icons/Resize_icon_bottomright' by offset distance x = -125 and y = -71 successfully

2018-03-05 14:29:19 - [MESSAGE][PASSED] - Object 'Object Repository/CuPaDl/Loading_indicator' is visible

2018-03-05 14:29:35 - [MESSAGE][PASSED] - Object 'Object Repository/CuPaDl/Loading_indicator' is NOT visible

2018-03-05 14:29:36 - [MESSAGE][PASSED] - Delayed 1 second(s)

2018-03-05 14:29:36 - [MESSAGE][PASSED] - cupakeysDl.iconres.iconresize is PASSED

2018-03-05 14:29:36 - [TEST_STEP][PASSED] - Statement - (step++): null

2018-03-05 14:29:36 - [TEST_STEP][PASSED] - cupakeysDl.slink.svlink: cupakeysDl.slink.svlink is PASSED

2018-03-05 14:29:36 - [MESSAGE][PASSED] - Scroll to object 'Object Repository/CuPaDl/Save/Save' successfully

2018-03-05 14:29:36 - [MESSAGE][PASSED] - Object: 'Object Repository/CuPaDl/Save/Save' is clicked on

2018-03-05 14:29:36 - [MESSAGE][WARNING] - Timeout '0' is invalid. Using default page load timeout: '30'

2018-03-05 14:29:37 - [MESSAGE][PASSED] - Object 'Object Repository/CuPaDl/Save/CopyLink' is visible

2018-03-05 14:29:37 - [MESSAGE][PASSED] - Object: 'Object Repository/CuPaDl/Save/CopyLink' is clicked on

2018-03-05 14:29:38 - [MESSAGE][PASSED] - Delayed 1 second(s)

2018-03-05 14:29:38 - [MESSAGE][PASSED] - Object: 'Object Repository/CuPaDl/Save/Close' is clicked on

2018-03-05 14:29:39 - [MESSAGE][PASSED] - Delayed 1 second(s)

2018-03-05 14:29:39 - [MESSAGE][PASSED] - cupakeysDl.slink.svlink is PASSED

2018-03-05 14:29:39 - [TEST_STEP][PASSED] - cupakeysDl.endsession.finishsession: cupakeysDl.endsession.finishsession is PASSED

2018-03-05 14:29:42 - [MESSAGE][PASSED] - Delayed 3 second(s)

2018-03-05 14:29:43 - [MESSAGE][PASSED] - Browser is closed

2018-03-05 14:29:43 - [MESSAGE][PASSED] - cupakeysDl.endsession.finishsession is PASSED]]></system-out>
         <system-err><![CDATA[]]></system-err>
      </testcase>
      <testcase name="Test Cases/CuPaStefanie/2" classname="Test Cases/CuPaStefanie/2" status="PASSED">
         <system-out><![CDATA[2018-03-05 14:29:43 - [TEST_CASE][PASSED] - Test Cases/CuPaStefanie/2: Test Cases/CuPaStefanie/2

2018-03-05 14:29:43 - [TEST_STEP][PASSED] - Statement - timeStamp = new java.text.SimpleDateFormat(dd.MM.yyyy).format(java.util.Calendar.getInstance().getTime()): null

2018-03-05 14:29:43 - [TEST_STEP][PASSED] - Statement - timeStampScreenshot = new java.text.SimpleDateFormat(dd.MM.yyyy).format(java.util.Calendar.getInstance().getTime()): null

2018-03-05 14:29:43 - [TEST_STEP][PASSED] - Statement - iconmap = [:]: null

2018-03-05 14:29:43 - [TEST_STEP][PASSED] - Statement - txtmap = [:]: null

2018-03-05 14:29:43 - [TEST_STEP][PASSED] - Statement - signmap = [:]: null

2018-03-05 14:29:43 - [TEST_STEP][PASSED] - cupakeysDl.initStart.initialStart: cupakeysDl.initStart.initialStart is PASSED

2018-03-05 14:29:45 - [MESSAGE][PASSED] - Browser is opened with url: ''

2018-03-05 14:29:48 - [MESSAGE][PASSED] - Delayed 3 second(s)

2018-03-05 14:29:55 - [MESSAGE][PASSED] - Navigate to 'https://d16a4dsnr8a0k1.cloudfront.net/en/2455233.html?price=150.00%20%E2%82%AC&partName=wilsonPartName&vin=wilsonVin&modelCode=XP11&paint=P0A94&modelDescription=wilsonModelDescription&additionalEquipment=wilsonAdditionalEquipment' successfully

2018-03-05 14:29:55 - [MESSAGE][PASSED] - Object 'Object Repository/CuPaDl/Loading_indicator' is visible

2018-03-05 14:30:00 - [MESSAGE][PASSED] - Object 'Object Repository/CuPaDl/Loading_indicator' is NOT visible

2018-03-05 14:30:01 - [MESSAGE][PASSED] - Delayed 1 second(s)

2018-03-05 14:30:01 - [MESSAGE][PASSED] - cupakeysDl.initStart.initialStart is PASSED

2018-03-05 14:30:01 - [TEST_STEP][PASSED] - Statement - (step++): null

2018-03-05 14:30:01 - [TEST_STEP][PASSED] - cupakeysDl.color.changecolor: cupakeysDl.color.changecolor is PASSED

2018-03-05 14:30:01 - [MESSAGE][PASSED] - Object 'Object Repository/CuPaDl/Color/Color' is visible

2018-03-05 14:30:01 - [MESSAGE][PASSED] - Object: 'Object Repository/CuPaDl/Color/Color' is clicked on

2018-03-05 14:30:01 - [MESSAGE][WARNING] - Timeout '0' is invalid. Using default page load timeout: '30'

2018-03-05 14:30:01 - [MESSAGE][PASSED] - Object 'Object Repository/CuPaDl/Color/Color_passionred' is visible

2018-03-05 14:30:02 - [MESSAGE][PASSED] - Delayed 1 second(s)

2018-03-05 14:30:03 - [MESSAGE][PASSED] - Object: 'Object Repository/CuPaDl/Color/Color_passionred' is clicked on

2018-03-05 14:30:06 - [MESSAGE][WARNING] - Object 'Object Repository/CuPaDl/Loading_indicator' is not visible after 3 second(s)

2018-03-05 14:30:07 - [MESSAGE][PASSED] - Delayed 1 second(s)

2018-03-05 14:30:07 - [MESSAGE][PASSED] - cupakeysDl.color.changecolor is PASSED

2018-03-05 14:30:07 - [TEST_STEP][PASSED] - Statement - (step++): null

2018-03-05 14:30:07 - [TEST_STEP][PASSED] - cupakeysDl.chngstruct.changestructure: cupakeysDl.chngstruct.changestructure is PASSED

2018-03-05 14:30:07 - [MESSAGE][PASSED] - Object: 'Object Repository/CuPaDl/Structure/Structure' is clicked on

2018-03-05 14:30:07 - [MESSAGE][WARNING] - Timeout '0' is invalid. Using default page load timeout: '30'

2018-03-05 14:30:07 - [MESSAGE][PASSED] - Object 'Object Repository/CuPaDl/Structure/Structure_Hahnentritt' is visible

2018-03-05 14:30:08 - [MESSAGE][PASSED] - Delayed 1 second(s)

2018-03-05 14:30:08 - [MESSAGE][PASSED] - Object: 'Object Repository/CuPaDl/Structure/Structure_drops' is clicked on

2018-03-05 14:30:09 - [MESSAGE][PASSED] - Object 'Object Repository/CuPaDl/Loading_indicator' is visible

2018-03-05 14:30:14 - [MESSAGE][PASSED] - Object 'Object Repository/CuPaDl/Loading_indicator' is NOT visible

2018-03-05 14:30:15 - [MESSAGE][PASSED] - Delayed 1 second(s)

2018-03-05 14:30:15 - [MESSAGE][PASSED] - cupakeysDl.chngstruct.changestructure is PASSED

2018-03-05 14:30:15 - [TEST_STEP][PASSED] - Statement - (step++): null

2018-03-05 14:30:15 - [TEST_STEP][PASSED] - cupakeysDl.sclstruct.scalestructure: cupakeysDl.sclstruct.scalestructure is PASSED

2018-03-05 14:30:19 - [MESSAGE][WARNING] - Object 'Object Repository/CuPaDl/Structure/Resize_Structure_bottomright' is not visible after 3 second(s)

2018-03-05 14:30:19 - [MESSAGE][PASSED] - Object: 'Object Repository/CuPaDl/Structure/Resize_Structure' is clicked on

2018-03-05 14:30:19 - [MESSAGE][WARNING] - Timeout '0' is invalid. Using default page load timeout: '30'

2018-03-05 14:30:19 - [MESSAGE][PASSED] - Object 'Object Repository/CuPaDl/Structure/Resize_Structure_bottomright' is visible

2018-03-05 14:30:20 - [MESSAGE][PASSED] - Delayed 1 second(s)

2018-03-05 14:30:20 - [MESSAGE][PASSED] - Current viewport's left (x) position is 0

2018-03-05 14:30:20 - [MESSAGE][PASSED] - Current viewport's top (y) position is 54

2018-03-05 14:30:20 - [MESSAGE][PASSED] - Dragged object with id 'Object Repository/CuPaDl/Structure/Resize_Structure_bottomright' by offset distance x = 225 and y = 279 successfully

2018-03-05 14:30:21 - [MESSAGE][PASSED] - Object 'Object Repository/CuPaDl/Loading_indicator' is visible

2018-03-05 14:30:24 - [MESSAGE][PASSED] - Object 'Object Repository/CuPaDl/Loading_indicator' is NOT visible

2018-03-05 14:30:25 - [MESSAGE][PASSED] - Delayed 1 second(s)

2018-03-05 14:30:25 - [MESSAGE][PASSED] - cupakeysDl.sclstruct.scalestructure is PASSED

2018-03-05 14:30:25 - [TEST_STEP][PASSED] - Statement - (step++): null

2018-03-05 14:30:25 - [TEST_STEP][PASSED] - Statement - iconmap += CustomKeywords.cupakeysDl.iconad.iconadd("unionjack", LoadTimeCorrector, step, run, device, timeStamp, iconcount): cupakeysDl.iconad.iconadd is PASSED

2018-03-05 14:30:25 - [MESSAGE][PASSED] - Object: 'Object Repository/CuPaDl/Icons/Icon' is clicked on

2018-03-05 14:30:25 - [MESSAGE][WARNING] - Timeout '0' is invalid. Using default page load timeout: '30'

2018-03-05 14:30:25 - [MESSAGE][PASSED] - Object 'Object Repository/CuPaDl/Icons/Icon_unionjack' is visible

2018-03-05 14:30:26 - [MESSAGE][PASSED] - Delayed 1 second(s)

2018-03-05 14:30:27 - [MESSAGE][PASSED] - Object: 'Object Repository/CuPaDl/Icons/Icon_unionjack' is clicked on

2018-03-05 14:30:28 - [MESSAGE][PASSED] - Object 'Object Repository/CuPaDl/Loading_indicator' is visible

2018-03-05 14:30:29 - [MESSAGE][PASSED] - Object 'Object Repository/CuPaDl/Loading_indicator' is NOT visible

2018-03-05 14:30:29 - [MESSAGE][WARNING] - Timeout '0' is invalid. Using default page load timeout: '30'

2018-03-05 14:30:29 - [MESSAGE][PASSED] - Width of element 'Object Repository/CuPaDl/Icons/Reposition_icon' is '40'

2018-03-05 14:30:29 - [MESSAGE][PASSED] - Height of element 'Object Repository/CuPaDl/Icons/Reposition_icon' is '40'.

2018-03-05 14:30:30 - [MESSAGE][PASSED] - Delayed 1 second(s)

2018-03-05 14:30:30 - [MESSAGE][PASSED] - cupakeysDl.iconad.iconadd is PASSED

2018-03-05 14:30:30 - [TEST_STEP][PASSED] - Statement - (step++): null

2018-03-05 14:30:30 - [TEST_STEP][PASSED] - Statement - (iconcount++): null

2018-03-05 14:30:30 - [TEST_STEP][PASSED] - cupakeysDl.iconres.iconresize: cupakeysDl.iconres.iconresize is PASSED

2018-03-05 14:30:30 - [MESSAGE][PASSED] - Object 'Object Repository/CuPaDl/Icons/Reposition_icon' is visible

2018-03-05 14:30:30 - [MESSAGE][PASSED] - Current viewport's left (x) position is 0

2018-03-05 14:30:30 - [MESSAGE][PASSED] - Current viewport's top (y) position is 54

2018-03-05 14:30:30 - [MESSAGE][PASSED] - Dragged object with id 'Object Repository/CuPaDl/Icons/Resize_icon_bottomright' by offset distance x = 125 and y = 179 successfully

2018-03-05 14:30:31 - [MESSAGE][PASSED] - Object 'Object Repository/CuPaDl/Loading_indicator' is visible

2018-03-05 14:30:32 - [MESSAGE][PASSED] - Object 'Object Repository/CuPaDl/Loading_indicator' is NOT visible

2018-03-05 14:30:33 - [MESSAGE][PASSED] - Delayed 1 second(s)

2018-03-05 14:30:33 - [MESSAGE][PASSED] - cupakeysDl.iconres.iconresize is PASSED

2018-03-05 14:30:33 - [TEST_STEP][PASSED] - Statement - (step++): null

2018-03-05 14:30:33 - [TEST_STEP][PASSED] - cupakeysDl.slink.svlink: cupakeysDl.slink.svlink is PASSED

2018-03-05 14:30:33 - [MESSAGE][PASSED] - Scroll to object 'Object Repository/CuPaDl/Save/Save' successfully

2018-03-05 14:30:33 - [MESSAGE][PASSED] - Object: 'Object Repository/CuPaDl/Save/Save' is clicked on

2018-03-05 14:30:33 - [MESSAGE][WARNING] - Timeout '0' is invalid. Using default page load timeout: '30'

2018-03-05 14:30:34 - [MESSAGE][PASSED] - Object 'Object Repository/CuPaDl/Save/CopyLink' is visible

2018-03-05 14:30:34 - [MESSAGE][PASSED] - Object: 'Object Repository/CuPaDl/Save/CopyLink' is clicked on

2018-03-05 14:30:35 - [MESSAGE][PASSED] - Delayed 1 second(s)

2018-03-05 14:30:35 - [MESSAGE][PASSED] - Object: 'Object Repository/CuPaDl/Save/Close' is clicked on

2018-03-05 14:30:36 - [MESSAGE][PASSED] - Delayed 1 second(s)

2018-03-05 14:30:36 - [MESSAGE][PASSED] - cupakeysDl.slink.svlink is PASSED

2018-03-05 14:30:36 - [TEST_STEP][PASSED] - cupakeysDl.endsession.finishsession: cupakeysDl.endsession.finishsession is PASSED

2018-03-05 14:30:39 - [MESSAGE][PASSED] - Delayed 3 second(s)

2018-03-05 14:30:40 - [MESSAGE][PASSED] - Browser is closed

2018-03-05 14:30:40 - [MESSAGE][PASSED] - cupakeysDl.endsession.finishsession is PASSED]]></system-out>
         <system-err><![CDATA[]]></system-err>
      </testcase>
      <system-out><![CDATA[2018-03-05 14:28:08 - [TEST_SUITE][ERROR] - CuPa: Test Cases/CuPaStefanie/0 FAILED because (of) Variable 'run' is not defined for test case.]]></system-out>
      <system-err><![CDATA[2018-03-05 14:28:08 - [TEST_SUITE][ERROR] - CuPa: Test Cases/CuPaStefanie/0 FAILED because (of) Variable 'run' is not defined for test case.]]></system-err>
   </testsuite>
</testsuites>
