<?xml version="1.0" encoding="UTF-8"?>
<testsuites name="CuPa" time="9566" tests="43" failures="0" errors="0">
   <testsuite name="CuPa" tests="43" failures="0" errors="0" time="9566" timestamp="2018-03-06 06:06:22" hostname="Megapoort - DESKTOP-47R6KV7.localdomain" id="Test Suites/CuPa">
      <properties>
         <property name="deviceName" value=""/>
         <property name="devicePlatform" value=""/>
         <property name="logFolder" value="D:\\Project\\DS5.2.1\\Reports\\CuPa\\20180306_060620"/>
         <property name="logFiles" value="D:\\Project\\DS5.2.1\\Reports\\CuPa\\20180306_060620\\execution0.log"/>
         <property name="attachments" value=""/>
         <property name="hostName" value="Megapoort - DESKTOP-47R6KV7.localdomain"/>
         <property name="os" value="Windows 10 64bit"/>
         <property name="katalonVersion" value="5.3.1.1"/>
         <property name="browser" value="Chrome 64.0.3282.186"/>
         <property name="hostAddress" value="192.168.100.78"/>
         <property name="sessionId" value="6a0938f553afdbac1261e40dcef528ff"/>
         <property name="seleniumVersion" value="3.7.1"/>
         <property name="proxyInformation" value="ProxyInformation{proxyOption=NO_PROXY, proxyServerType=HTTP, password=, proxyServerAddress=, proxyServerPort=0}"/>
         <property name="platform" value="Windows 10"/>
      </properties>
      <testcase name="Test Cases/CuPaStefanie/0" classname="Test Cases/CuPaStefanie/0" status="PASSED">
         <system-out><![CDATA[2018-03-06 06:06:22 - [TEST_CASE][PASSED] - Test Cases/CuPaStefanie/0: Test Cases/CuPaStefanie/0

2018-03-06 06:06:22 - [TEST_STEP][PASSED] - Statement - timeStamp = new java.text.SimpleDateFormat(dd.MM.yyyy).format(java.util.Calendar.getInstance().getTime()): null

2018-03-06 06:06:22 - [TEST_STEP][PASSED] - Statement - timeStampScreenshot = new java.text.SimpleDateFormat(dd.MM.yyyy).format(java.util.Calendar.getInstance().getTime()): null

2018-03-06 06:06:22 - [TEST_STEP][PASSED] - Statement - ps = new java.io.PrintStream((((timeStamp + _Run) + run) + .txt)): null]]></system-out>
         <system-err><![CDATA[]]></system-err>
      </testcase>
      <testcase name="Test Cases/CuPaStefanie/1" classname="Test Cases/CuPaStefanie/1" status="PASSED">
         <system-out><![CDATA[2018-03-06 06:06:22 - [TEST_CASE][PASSED] - Test Cases/CuPaStefanie/1: Test Cases/CuPaStefanie/1

2018-03-06 06:06:22 - [TEST_STEP][PASSED] - Statement - timeStamp = new java.text.SimpleDateFormat(dd.MM.yyyy).format(java.util.Calendar.getInstance().getTime()): null

2018-03-06 06:06:22 - [TEST_STEP][PASSED] - Statement - timeStampScreenshot = new java.text.SimpleDateFormat(dd.MM.yyyy).format(java.util.Calendar.getInstance().getTime()): null

2018-03-06 06:06:22 - [TEST_STEP][PASSED] - Statement - iconmap = [:]: null

2018-03-06 06:06:22 - [TEST_STEP][PASSED] - Statement - txtmap = [:]: null

2018-03-06 06:06:22 - [TEST_STEP][PASSED] - Statement - signmap = [:]: null

2018-03-06 06:06:22 - [TEST_STEP][PASSED] - cupakeysDl.initStart.initialStart: cupakeysDl.initStart.initialStart is PASSED

2018-03-06 06:06:25 - [MESSAGE][PASSED] - Browser is opened with url: ''

2018-03-06 06:06:28 - [MESSAGE][PASSED] - Delayed 3 second(s)

2018-03-06 06:06:29 - [MESSAGE][PASSED] - Navigate to 'https://d16a4dsnr8a0k1.cloudfront.net/en/2455233.html?price=150.00%20%E2%82%AC&partName=wilsonPartName&vin=wilsonVin&modelCode=XP11&paint=P0A94&modelDescription=wilsonModelDescription&additionalEquipment=wilsonAdditionalEquipment' successfully

2018-03-06 06:06:29 - [MESSAGE][PASSED] - Object 'Object Repository/CuPaDl/Loading_indicator' is visible

2018-03-06 06:06:34 - [MESSAGE][PASSED] - Object 'Object Repository/CuPaDl/Loading_indicator' is NOT visible

2018-03-06 06:06:35 - [MESSAGE][PASSED] - Delayed 1 second(s)

2018-03-06 06:06:35 - [MESSAGE][PASSED] - cupakeysDl.initStart.initialStart is PASSED

2018-03-06 06:06:35 - [TEST_STEP][PASSED] - Statement - (step++): null

2018-03-06 06:06:35 - [TEST_STEP][PASSED] - cupakeysDl.color.changecolor: cupakeysDl.color.changecolor is PASSED

2018-03-06 06:06:35 - [MESSAGE][PASSED] - Object 'Object Repository/CuPaDl/Color/Color' is visible

2018-03-06 06:06:35 - [MESSAGE][PASSED] - Object: 'Object Repository/CuPaDl/Color/Color' is clicked on

2018-03-06 06:06:36 - [MESSAGE][PASSED] - Delayed 1 second(s)

2018-03-06 06:06:36 - [MESSAGE][PASSED] - Object 'Object Repository/CuPaDl/Color/Color_passionred' is visible

2018-03-06 06:06:36 - [MESSAGE][PASSED] - Object: 'Object Repository/CuPaDl/Color/Color_passionred' is clicked on

2018-03-06 06:06:36 - [MESSAGE][WARNING] - Timeout '0' is invalid. Using default page load timeout: '30'

2018-03-06 06:06:36 - [MESSAGE][PASSED] - Object 'Object Repository/CuPaDl/Color/Color_passionred' is visible

2018-03-06 06:06:37 - [MESSAGE][PASSED] - Delayed 1 second(s)

2018-03-06 06:06:37 - [MESSAGE][PASSED] - Object: 'Object Repository/CuPaDl/Color/Color_passionred' is clicked on

2018-03-06 06:06:40 - [MESSAGE][WARNING] - Object 'Object Repository/CuPaDl/Loading_indicator' is not visible after 3 second(s)

2018-03-06 06:06:41 - [MESSAGE][PASSED] - Delayed 1 second(s)

2018-03-06 06:06:41 - [MESSAGE][PASSED] - cupakeysDl.color.changecolor is PASSED

2018-03-06 06:06:41 - [TEST_STEP][PASSED] - Statement - (step++): null

2018-03-06 06:06:41 - [TEST_STEP][PASSED] - cupakeysDl.chngstruct.changestructure: cupakeysDl.chngstruct.changestructure is PASSED

2018-03-06 06:06:41 - [MESSAGE][PASSED] - Object: 'Object Repository/CuPaDl/Structure/Structure' is clicked on

2018-03-06 06:06:41 - [MESSAGE][WARNING] - Timeout '0' is invalid. Using default page load timeout: '30'

2018-03-06 06:06:41 - [MESSAGE][PASSED] - Object 'Object Repository/CuPaDl/Structure/Structure_Hahnentritt' is visible

2018-03-06 06:06:41 - [MESSAGE][PASSED] - Object 'Object Repository/CuPaDl/Structure/Structure_drops' is visible

2018-03-06 06:06:41 - [MESSAGE][PASSED] - Object: 'Object Repository/CuPaDl/Structure/Structure_drops' is clicked on

2018-03-06 06:06:42 - [MESSAGE][PASSED] - Object 'Object Repository/CuPaDl/Loading_indicator' is visible

2018-03-06 06:06:47 - [MESSAGE][PASSED] - Object 'Object Repository/CuPaDl/Loading_indicator' is NOT visible

2018-03-06 06:06:48 - [MESSAGE][PASSED] - Delayed 1 second(s)

2018-03-06 06:06:48 - [MESSAGE][PASSED] - cupakeysDl.chngstruct.changestructure is PASSED

2018-03-06 06:06:48 - [TEST_STEP][PASSED] - Statement - (step++): null

2018-03-06 06:06:48 - [TEST_STEP][PASSED] - cupakeysDl.sclstruct.scalestructure: cupakeysDl.sclstruct.scalestructure is PASSED

2018-03-06 06:06:51 - [MESSAGE][WARNING] - Object 'Object Repository/CuPaDl/Structure/Resize_Structure_bottomright' is not visible after 3 second(s)

2018-03-06 06:06:51 - [MESSAGE][PASSED] - Object: 'Object Repository/CuPaDl/Structure/Resize_Structure' is clicked on

2018-03-06 06:06:51 - [MESSAGE][WARNING] - Timeout '0' is invalid. Using default page load timeout: '30'

2018-03-06 06:06:51 - [MESSAGE][PASSED] - Object 'Object Repository/CuPaDl/Structure/Resize_Structure_bottomright' is visible

2018-03-06 06:06:52 - [MESSAGE][PASSED] - Delayed 1 second(s)

2018-03-06 06:06:52 - [MESSAGE][PASSED] - Current viewport's left (x) position is 0

2018-03-06 06:06:52 - [MESSAGE][PASSED] - Current viewport's top (y) position is 54

2018-03-06 06:06:52 - [MESSAGE][PASSED] - Dragged object with id 'Object Repository/CuPaDl/Structure/Resize_Structure_bottomright' by offset distance x = -225 and y = -171 successfully

2018-03-06 06:06:53 - [MESSAGE][PASSED] - Object 'Object Repository/CuPaDl/Loading_indicator' is visible

2018-03-06 06:07:12 - [MESSAGE][PASSED] - Object 'Object Repository/CuPaDl/Loading_indicator' is NOT visible

2018-03-06 06:07:13 - [MESSAGE][PASSED] - Delayed 1 second(s)

2018-03-06 06:07:13 - [MESSAGE][PASSED] - cupakeysDl.sclstruct.scalestructure is PASSED

2018-03-06 06:07:13 - [TEST_STEP][PASSED] - Statement - (step++): null

2018-03-06 06:07:13 - [TEST_STEP][PASSED] - Statement - iconmap += CustomKeywords.cupakeysDl.iconad.iconadd("unionjack", LoadTimeCorrector, step, run, device, timeStamp, iconcount): cupakeysDl.iconad.iconadd is PASSED

2018-03-06 06:07:13 - [MESSAGE][PASSED] - Object: 'Object Repository/CuPaDl/Icons/Icon' is clicked on

2018-03-06 06:07:13 - [MESSAGE][PASSED] - Object 'Object Repository/CuPaDl/Icons/Icon_unionjack' is visible

2018-03-06 06:07:13 - [MESSAGE][PASSED] - Object: 'Object Repository/CuPaDl/Icons/Icon_unionjack' is clicked on

2018-03-06 06:07:14 - [MESSAGE][PASSED] - Delayed 1 second(s)

2018-03-06 06:07:14 - [MESSAGE][PASSED] - Object 'Object Repository/CuPaDl/Loading_indicator' is visible

2018-03-06 06:07:15 - [MESSAGE][PASSED] - Object 'Object Repository/CuPaDl/Loading_indicator' is NOT visible

2018-03-06 06:07:15 - [MESSAGE][WARNING] - Timeout '0' is invalid. Using default page load timeout: '30'

2018-03-06 06:07:15 - [MESSAGE][PASSED] - Width of element 'Object Repository/CuPaDl/Icons/Reposition_icon' is '40'

2018-03-06 06:07:15 - [MESSAGE][PASSED] - Height of element 'Object Repository/CuPaDl/Icons/Reposition_icon' is '40'.

2018-03-06 06:07:16 - [MESSAGE][PASSED] - Delayed 1 second(s)

2018-03-06 06:07:16 - [MESSAGE][PASSED] - cupakeysDl.iconad.iconadd is PASSED

2018-03-06 06:07:16 - [TEST_STEP][PASSED] - Statement - (step++): null

2018-03-06 06:07:16 - [TEST_STEP][PASSED] - Statement - (iconcount++): null

2018-03-06 06:07:16 - [TEST_STEP][PASSED] - cupakeysDl.iconres.iconresize: cupakeysDl.iconres.iconresize is PASSED

2018-03-06 06:07:16 - [MESSAGE][PASSED] - Object 'Object Repository/CuPaDl/Icons/Reposition_icon' is visible

2018-03-06 06:07:16 - [MESSAGE][PASSED] - Current viewport's left (x) position is 0

2018-03-06 06:07:16 - [MESSAGE][PASSED] - Current viewport's top (y) position is 54

2018-03-06 06:07:16 - [MESSAGE][PASSED] - Dragged object with id 'Object Repository/CuPaDl/Icons/Resize_icon_bottomright' by offset distance x = -125 and y = -71 successfully

2018-03-06 06:07:17 - [MESSAGE][PASSED] - Object 'Object Repository/CuPaDl/Loading_indicator' is visible

2018-03-06 06:07:32 - [MESSAGE][PASSED] - Object 'Object Repository/CuPaDl/Loading_indicator' is NOT visible

2018-03-06 06:07:33 - [MESSAGE][PASSED] - Delayed 1 second(s)

2018-03-06 06:07:33 - [MESSAGE][PASSED] - cupakeysDl.iconres.iconresize is PASSED

2018-03-06 06:07:33 - [TEST_STEP][PASSED] - Statement - (step++): null

2018-03-06 06:07:33 - [TEST_STEP][PASSED] - cupakeysDl.slink.svlink: cupakeysDl.slink.svlink is PASSED

2018-03-06 06:07:33 - [MESSAGE][PASSED] - Scroll to object 'Object Repository/CuPaDl/Save/Save' successfully

2018-03-06 06:07:33 - [MESSAGE][PASSED] - Object: 'Object Repository/CuPaDl/Save/Save' is clicked on

2018-03-06 06:07:33 - [MESSAGE][WARNING] - Timeout '0' is invalid. Using default page load timeout: '30'

2018-03-06 06:07:33 - [MESSAGE][PASSED] - Object 'Object Repository/CuPaDl/Save/CopyLink' is visible

2018-03-06 06:07:33 - [MESSAGE][PASSED] - Object: 'Object Repository/CuPaDl/Save/CopyLink' is clicked on

2018-03-06 06:07:34 - [MESSAGE][PASSED] - Delayed 1 second(s)

2018-03-06 06:07:35 - [MESSAGE][PASSED] - Object: 'Object Repository/CuPaDl/Save/Close' is clicked on

2018-03-06 06:07:36 - [MESSAGE][PASSED] - Delayed 1 second(s)

2018-03-06 06:07:36 - [MESSAGE][PASSED] - cupakeysDl.slink.svlink is PASSED

2018-03-06 06:07:36 - [TEST_STEP][PASSED] - cupakeysDl.endsession.finishsession: cupakeysDl.endsession.finishsession is PASSED

2018-03-06 06:07:39 - [MESSAGE][PASSED] - Delayed 3 second(s)

2018-03-06 06:07:39 - [MESSAGE][PASSED] - Browser is closed

2018-03-06 06:07:39 - [MESSAGE][PASSED] - cupakeysDl.endsession.finishsession is PASSED]]></system-out>
         <system-err><![CDATA[]]></system-err>
      </testcase>
      <testcase name="Test Cases/CuPaStefanie/2" classname="Test Cases/CuPaStefanie/2" status="PASSED">
         <system-out><![CDATA[2018-03-06 06:07:39 - [TEST_CASE][PASSED] - Test Cases/CuPaStefanie/2: Test Cases/CuPaStefanie/2

2018-03-06 06:07:39 - [TEST_STEP][PASSED] - Statement - timeStamp = new java.text.SimpleDateFormat(dd.MM.yyyy).format(java.util.Calendar.getInstance().getTime()): null

2018-03-06 06:07:39 - [TEST_STEP][PASSED] - Statement - timeStampScreenshot = new java.text.SimpleDateFormat(dd.MM.yyyy).format(java.util.Calendar.getInstance().getTime()): null

2018-03-06 06:07:39 - [TEST_STEP][PASSED] - Statement - iconmap = [:]: null

2018-03-06 06:07:39 - [TEST_STEP][PASSED] - Statement - txtmap = [:]: null

2018-03-06 06:07:39 - [TEST_STEP][PASSED] - Statement - signmap = [:]: null

2018-03-06 06:07:39 - [TEST_STEP][PASSED] - cupakeysDl.initStart.initialStart: cupakeysDl.initStart.initialStart is PASSED

2018-03-06 06:07:41 - [MESSAGE][PASSED] - Browser is opened with url: ''

2018-03-06 06:07:44 - [MESSAGE][PASSED] - Delayed 3 second(s)

2018-03-06 06:07:46 - [MESSAGE][PASSED] - Navigate to 'https://d16a4dsnr8a0k1.cloudfront.net/en/2455233.html?price=150.00%20%E2%82%AC&partName=wilsonPartName&vin=wilsonVin&modelCode=XP11&paint=P0A94&modelDescription=wilsonModelDescription&additionalEquipment=wilsonAdditionalEquipment' successfully

2018-03-06 06:07:46 - [MESSAGE][PASSED] - Object 'Object Repository/CuPaDl/Loading_indicator' is visible

2018-03-06 06:07:50 - [MESSAGE][PASSED] - Object 'Object Repository/CuPaDl/Loading_indicator' is NOT visible

2018-03-06 06:07:51 - [MESSAGE][PASSED] - Delayed 1 second(s)

2018-03-06 06:07:51 - [MESSAGE][PASSED] - cupakeysDl.initStart.initialStart is PASSED

2018-03-06 06:07:51 - [TEST_STEP][PASSED] - Statement - (step++): null

2018-03-06 06:07:51 - [TEST_STEP][PASSED] - cupakeysDl.color.changecolor: cupakeysDl.color.changecolor is PASSED

2018-03-06 06:07:51 - [MESSAGE][PASSED] - Object 'Object Repository/CuPaDl/Color/Color' is visible

2018-03-06 06:07:51 - [MESSAGE][PASSED] - Object: 'Object Repository/CuPaDl/Color/Color' is clicked on

2018-03-06 06:07:52 - [MESSAGE][PASSED] - Delayed 1 second(s)

2018-03-06 06:07:52 - [MESSAGE][PASSED] - Object 'Object Repository/CuPaDl/Color/Color_passionred' is visible

2018-03-06 06:07:52 - [MESSAGE][PASSED] - Object: 'Object Repository/CuPaDl/Color/Color_passionred' is clicked on

2018-03-06 06:07:52 - [MESSAGE][WARNING] - Timeout '0' is invalid. Using default page load timeout: '30'

2018-03-06 06:07:52 - [MESSAGE][PASSED] - Object 'Object Repository/CuPaDl/Color/Color_passionred' is visible

2018-03-06 06:07:53 - [MESSAGE][PASSED] - Delayed 1 second(s)

2018-03-06 06:07:53 - [MESSAGE][PASSED] - Object: 'Object Repository/CuPaDl/Color/Color_passionred' is clicked on

2018-03-06 06:07:56 - [MESSAGE][WARNING] - Object 'Object Repository/CuPaDl/Loading_indicator' is not visible after 3 second(s)

2018-03-06 06:07:57 - [MESSAGE][PASSED] - Delayed 1 second(s)

2018-03-06 06:07:57 - [MESSAGE][PASSED] - cupakeysDl.color.changecolor is PASSED

2018-03-06 06:07:57 - [TEST_STEP][PASSED] - Statement - (step++): null

2018-03-06 06:07:57 - [TEST_STEP][PASSED] - cupakeysDl.chngstruct.changestructure: cupakeysDl.chngstruct.changestructure is PASSED

2018-03-06 06:07:57 - [MESSAGE][PASSED] - Object: 'Object Repository/CuPaDl/Structure/Structure' is clicked on

2018-03-06 06:07:57 - [MESSAGE][WARNING] - Timeout '0' is invalid. Using default page load timeout: '30'

2018-03-06 06:07:58 - [MESSAGE][PASSED] - Object 'Object Repository/CuPaDl/Structure/Structure_Hahnentritt' is visible

2018-03-06 06:07:58 - [MESSAGE][PASSED] - Object 'Object Repository/CuPaDl/Structure/Structure_drops' is visible

2018-03-06 06:07:58 - [MESSAGE][PASSED] - Object: 'Object Repository/CuPaDl/Structure/Structure_drops' is clicked on

2018-03-06 06:07:59 - [MESSAGE][PASSED] - Object 'Object Repository/CuPaDl/Loading_indicator' is visible

2018-03-06 06:08:03 - [MESSAGE][PASSED] - Object 'Object Repository/CuPaDl/Loading_indicator' is NOT visible

2018-03-06 06:08:04 - [MESSAGE][PASSED] - Delayed 1 second(s)

2018-03-06 06:08:04 - [MESSAGE][PASSED] - cupakeysDl.chngstruct.changestructure is PASSED

2018-03-06 06:08:04 - [TEST_STEP][PASSED] - Statement - (step++): null

2018-03-06 06:08:04 - [TEST_STEP][PASSED] - cupakeysDl.sclstruct.scalestructure: cupakeysDl.sclstruct.scalestructure is PASSED

2018-03-06 06:08:07 - [MESSAGE][WARNING] - Object 'Object Repository/CuPaDl/Structure/Resize_Structure_bottomright' is not visible after 3 second(s)

2018-03-06 06:08:07 - [MESSAGE][PASSED] - Object: 'Object Repository/CuPaDl/Structure/Resize_Structure' is clicked on

2018-03-06 06:08:07 - [MESSAGE][WARNING] - Timeout '0' is invalid. Using default page load timeout: '30'

2018-03-06 06:08:07 - [MESSAGE][PASSED] - Object 'Object Repository/CuPaDl/Structure/Resize_Structure_bottomright' is visible

2018-03-06 06:08:08 - [MESSAGE][PASSED] - Delayed 1 second(s)

2018-03-06 06:08:08 - [MESSAGE][PASSED] - Current viewport's left (x) position is 0

2018-03-06 06:08:08 - [MESSAGE][PASSED] - Current viewport's top (y) position is 54

2018-03-06 06:08:08 - [MESSAGE][PASSED] - Dragged object with id 'Object Repository/CuPaDl/Structure/Resize_Structure_bottomright' by offset distance x = 225 and y = 279 successfully

2018-03-06 06:08:09 - [MESSAGE][PASSED] - Object 'Object Repository/CuPaDl/Loading_indicator' is visible

2018-03-06 06:08:12 - [MESSAGE][PASSED] - Object 'Object Repository/CuPaDl/Loading_indicator' is NOT visible

2018-03-06 06:08:13 - [MESSAGE][PASSED] - Delayed 1 second(s)

2018-03-06 06:08:13 - [MESSAGE][PASSED] - cupakeysDl.sclstruct.scalestructure is PASSED

2018-03-06 06:08:13 - [TEST_STEP][PASSED] - Statement - (step++): null

2018-03-06 06:08:13 - [TEST_STEP][PASSED] - Statement - iconmap += CustomKeywords.cupakeysDl.iconad.iconadd("unionjack", LoadTimeCorrector, step, run, device, timeStamp, iconcount): cupakeysDl.iconad.iconadd is PASSED

2018-03-06 06:08:13 - [MESSAGE][PASSED] - Object: 'Object Repository/CuPaDl/Icons/Icon' is clicked on

2018-03-06 06:08:13 - [MESSAGE][PASSED] - Object 'Object Repository/CuPaDl/Icons/Icon_unionjack' is visible

2018-03-06 06:08:13 - [MESSAGE][PASSED] - Object: 'Object Repository/CuPaDl/Icons/Icon_unionjack' is clicked on

2018-03-06 06:08:14 - [MESSAGE][PASSED] - Delayed 1 second(s)

2018-03-06 06:08:15 - [MESSAGE][PASSED] - Object 'Object Repository/CuPaDl/Loading_indicator' is visible

2018-03-06 06:08:16 - [MESSAGE][PASSED] - Object 'Object Repository/CuPaDl/Loading_indicator' is NOT visible

2018-03-06 06:08:16 - [MESSAGE][WARNING] - Timeout '0' is invalid. Using default page load timeout: '30'

2018-03-06 06:08:16 - [MESSAGE][PASSED] - Width of element 'Object Repository/CuPaDl/Icons/Reposition_icon' is '40'

2018-03-06 06:08:16 - [MESSAGE][PASSED] - Height of element 'Object Repository/CuPaDl/Icons/Reposition_icon' is '40'.

2018-03-06 06:08:17 - [MESSAGE][PASSED] - Delayed 1 second(s)

2018-03-06 06:08:17 - [MESSAGE][PASSED] - cupakeysDl.iconad.iconadd is PASSED

2018-03-06 06:08:17 - [TEST_STEP][PASSED] - Statement - (step++): null

2018-03-06 06:08:17 - [TEST_STEP][PASSED] - Statement - (iconcount++): null

2018-03-06 06:08:17 - [TEST_STEP][PASSED] - cupakeysDl.iconres.iconresize: cupakeysDl.iconres.iconresize is PASSED

2018-03-06 06:08:17 - [MESSAGE][PASSED] - Object 'Object Repository/CuPaDl/Icons/Reposition_icon' is visible

2018-03-06 06:08:17 - [MESSAGE][PASSED] - Current viewport's left (x) position is 0

2018-03-06 06:08:17 - [MESSAGE][PASSED] - Current viewport's top (y) position is 54

2018-03-06 06:08:17 - [MESSAGE][PASSED] - Dragged object with id 'Object Repository/CuPaDl/Icons/Resize_icon_bottomright' by offset distance x = 125 and y = 179 successfully

2018-03-06 06:08:18 - [MESSAGE][PASSED] - Object 'Object Repository/CuPaDl/Loading_indicator' is visible

2018-03-06 06:08:19 - [MESSAGE][PASSED] - Object 'Object Repository/CuPaDl/Loading_indicator' is NOT visible

2018-03-06 06:08:20 - [MESSAGE][PASSED] - Delayed 1 second(s)

2018-03-06 06:08:20 - [MESSAGE][PASSED] - cupakeysDl.iconres.iconresize is PASSED

2018-03-06 06:08:20 - [TEST_STEP][PASSED] - Statement - (step++): null

2018-03-06 06:08:20 - [TEST_STEP][PASSED] - cupakeysDl.slink.svlink: cupakeysDl.slink.svlink is PASSED

2018-03-06 06:08:20 - [MESSAGE][PASSED] - Scroll to object 'Object Repository/CuPaDl/Save/Save' successfully

2018-03-06 06:08:20 - [MESSAGE][PASSED] - Object: 'Object Repository/CuPaDl/Save/Save' is clicked on

2018-03-06 06:08:20 - [MESSAGE][WARNING] - Timeout '0' is invalid. Using default page load timeout: '30'

2018-03-06 06:08:21 - [MESSAGE][PASSED] - Object 'Object Repository/CuPaDl/Save/CopyLink' is visible

2018-03-06 06:08:21 - [MESSAGE][PASSED] - Object: 'Object Repository/CuPaDl/Save/CopyLink' is clicked on

2018-03-06 06:08:22 - [MESSAGE][PASSED] - Delayed 1 second(s)

2018-03-06 06:08:22 - [MESSAGE][PASSED] - Object: 'Object Repository/CuPaDl/Save/Close' is clicked on

2018-03-06 06:08:23 - [MESSAGE][PASSED] - Delayed 1 second(s)

2018-03-06 06:08:23 - [MESSAGE][PASSED] - cupakeysDl.slink.svlink is PASSED

2018-03-06 06:08:23 - [TEST_STEP][PASSED] - cupakeysDl.endsession.finishsession: cupakeysDl.endsession.finishsession is PASSED

2018-03-06 06:08:26 - [MESSAGE][PASSED] - Delayed 3 second(s)

2018-03-06 06:08:27 - [MESSAGE][PASSED] - Browser is closed

2018-03-06 06:08:27 - [MESSAGE][PASSED] - cupakeysDl.endsession.finishsession is PASSED]]></system-out>
         <system-err><![CDATA[]]></system-err>
      </testcase>
      <testcase name="Test Cases/CuPaStefanie/3" classname="Test Cases/CuPaStefanie/3" status="PASSED">
         <system-out><![CDATA[2018-03-06 06:08:27 - [TEST_CASE][PASSED] - Test Cases/CuPaStefanie/3: Test Cases/CuPaStefanie/3

2018-03-06 06:08:27 - [TEST_STEP][PASSED] - Statement - timeStamp = new java.text.SimpleDateFormat(dd.MM.yyyy_HH_mm_ss).format(java.util.Calendar.getInstance().getTime()): null

2018-03-06 06:08:27 - [TEST_STEP][PASSED] - Statement - timeStampScreenshot = new java.text.SimpleDateFormat(dd.MM.yyyy).format(java.util.Calendar.getInstance().getTime()): null

2018-03-06 06:08:27 - [TEST_STEP][PASSED] - Statement - iconmap = [:]: null

2018-03-06 06:08:27 - [TEST_STEP][PASSED] - Statement - txtmap = [:]: null

2018-03-06 06:08:27 - [TEST_STEP][PASSED] - Statement - signmap = [:]: null

2018-03-06 06:08:27 - [TEST_STEP][PASSED] - cupakeysDl.initStart.initialStart: cupakeysDl.initStart.initialStart is PASSED

2018-03-06 06:08:29 - [MESSAGE][PASSED] - Browser is opened with url: ''

2018-03-06 06:08:32 - [MESSAGE][PASSED] - Delayed 3 second(s)

2018-03-06 06:08:33 - [MESSAGE][PASSED] - Navigate to 'https://d16a4dsnr8a0k1.cloudfront.net/en/2455233.html?price=150.00%20%E2%82%AC&partName=wilsonPartName&vin=wilsonVin&modelCode=XP11&paint=P0A94&modelDescription=wilsonModelDescription&additionalEquipment=wilsonAdditionalEquipment' successfully

2018-03-06 06:08:33 - [MESSAGE][PASSED] - Object 'Object Repository/CuPaDl/Loading_indicator' is visible

2018-03-06 06:08:37 - [MESSAGE][PASSED] - Object 'Object Repository/CuPaDl/Loading_indicator' is NOT visible

2018-03-06 06:08:38 - [MESSAGE][PASSED] - Delayed 1 second(s)

2018-03-06 06:08:38 - [MESSAGE][PASSED] - cupakeysDl.initStart.initialStart is PASSED

2018-03-06 06:08:38 - [TEST_STEP][PASSED] - Statement - (step++): null

2018-03-06 06:08:38 - [TEST_STEP][PASSED] - cupakeysDl.color.changecolor: cupakeysDl.color.changecolor is PASSED

2018-03-06 06:08:38 - [MESSAGE][PASSED] - Object 'Object Repository/CuPaDl/Color/Color' is visible

2018-03-06 06:08:38 - [MESSAGE][PASSED] - Object: 'Object Repository/CuPaDl/Color/Color' is clicked on

2018-03-06 06:08:39 - [MESSAGE][PASSED] - Delayed 1 second(s)

2018-03-06 06:08:39 - [MESSAGE][PASSED] - Object 'Object Repository/CuPaDl/Color/Color_nightlightblue' is visible

2018-03-06 06:08:39 - [MESSAGE][PASSED] - Object: 'Object Repository/CuPaDl/Color/Color_nightlightblue' is clicked on

2018-03-06 06:08:39 - [MESSAGE][WARNING] - Timeout '0' is invalid. Using default page load timeout: '30'

2018-03-06 06:08:39 - [MESSAGE][PASSED] - Object 'Object Repository/CuPaDl/Color/Color_nightlightblue' is visible

2018-03-06 06:08:40 - [MESSAGE][PASSED] - Delayed 1 second(s)

2018-03-06 06:08:40 - [MESSAGE][PASSED] - Object: 'Object Repository/CuPaDl/Color/Color_nightlightblue' is clicked on

2018-03-06 06:08:43 - [MESSAGE][WARNING] - Object 'Object Repository/CuPaDl/Loading_indicator' is not visible after 3 second(s)

2018-03-06 06:08:44 - [MESSAGE][PASSED] - Delayed 1 second(s)

2018-03-06 06:08:44 - [MESSAGE][PASSED] - cupakeysDl.color.changecolor is PASSED

2018-03-06 06:08:44 - [TEST_STEP][PASSED] - Statement - (step++): null

2018-03-06 06:08:44 - [TEST_STEP][PASSED] - cupakeysDl.chngstruct.changestructure: cupakeysDl.chngstruct.changestructure is PASSED

2018-03-06 06:08:44 - [MESSAGE][PASSED] - Object: 'Object Repository/CuPaDl/Structure/Structure' is clicked on

2018-03-06 06:08:44 - [MESSAGE][WARNING] - Timeout '0' is invalid. Using default page load timeout: '30'

2018-03-06 06:08:44 - [MESSAGE][PASSED] - Object 'Object Repository/CuPaDl/Structure/Structure_Hahnentritt' is visible

2018-03-06 06:08:45 - [MESSAGE][PASSED] - Object 'Object Repository/CuPaDl/Structure/Structure_chess' is visible

2018-03-06 06:08:45 - [MESSAGE][PASSED] - Object: 'Object Repository/CuPaDl/Structure/Structure_chess' is clicked on

2018-03-06 06:08:46 - [MESSAGE][PASSED] - Object 'Object Repository/CuPaDl/Loading_indicator' is visible

2018-03-06 06:08:46 - [MESSAGE][PASSED] - Object 'Object Repository/CuPaDl/Loading_indicator' is NOT visible

2018-03-06 06:08:47 - [MESSAGE][PASSED] - Delayed 1 second(s)

2018-03-06 06:08:47 - [MESSAGE][PASSED] - cupakeysDl.chngstruct.changestructure is PASSED

2018-03-06 06:08:47 - [TEST_STEP][PASSED] - Statement - (step++): null

2018-03-06 06:08:47 - [TEST_STEP][PASSED] - cupakeysDl.sclstruct.scalestructure: cupakeysDl.sclstruct.scalestructure is PASSED

2018-03-06 06:08:50 - [MESSAGE][WARNING] - Object 'Object Repository/CuPaDl/Structure/Resize_Structure_bottomright' is not visible after 3 second(s)

2018-03-06 06:08:50 - [MESSAGE][PASSED] - Object: 'Object Repository/CuPaDl/Structure/Resize_Structure' is clicked on

2018-03-06 06:08:50 - [MESSAGE][WARNING] - Timeout '0' is invalid. Using default page load timeout: '30'

2018-03-06 06:08:50 - [MESSAGE][PASSED] - Object 'Object Repository/CuPaDl/Structure/Resize_Structure_bottomright' is visible

2018-03-06 06:08:51 - [MESSAGE][PASSED] - Delayed 1 second(s)

2018-03-06 06:08:51 - [MESSAGE][PASSED] - Current viewport's left (x) position is 0

2018-03-06 06:08:51 - [MESSAGE][PASSED] - Current viewport's top (y) position is 54

2018-03-06 06:08:51 - [MESSAGE][PASSED] - Dragged object with id 'Object Repository/CuPaDl/Structure/Resize_Structure_bottomright' by offset distance x = -225 and y = -171 successfully

2018-03-06 06:08:55 - [MESSAGE][WARNING] - Object 'Object Repository/CuPaDl/Loading_indicator' is not visible after 3 second(s)

2018-03-06 06:08:56 - [MESSAGE][PASSED] - Delayed 1 second(s)

2018-03-06 06:08:56 - [MESSAGE][PASSED] - cupakeysDl.sclstruct.scalestructure is PASSED

2018-03-06 06:08:56 - [TEST_STEP][PASSED] - Statement - (step++): null

2018-03-06 06:08:56 - [TEST_STEP][PASSED] - Statement - iconmap += CustomKeywords.cupakeysDl.iconad.iconadd("racing", LoadTimeCorrector, step, run, device, timeStamp, iconcount): cupakeysDl.iconad.iconadd is PASSED

2018-03-06 06:08:56 - [MESSAGE][PASSED] - Object: 'Object Repository/CuPaDl/Icons/Icon' is clicked on

2018-03-06 06:08:56 - [MESSAGE][PASSED] - Object 'Object Repository/CuPaDl/Icons/Icon_racing' is visible

2018-03-06 06:08:56 - [MESSAGE][PASSED] - Object: 'Object Repository/CuPaDl/Icons/Icon_racing' is clicked on

2018-03-06 06:08:57 - [MESSAGE][PASSED] - Delayed 1 second(s)

2018-03-06 06:08:57 - [MESSAGE][PASSED] - Object 'Object Repository/CuPaDl/Loading_indicator' is visible

2018-03-06 06:08:58 - [MESSAGE][PASSED] - Object 'Object Repository/CuPaDl/Loading_indicator' is NOT visible

2018-03-06 06:08:58 - [MESSAGE][WARNING] - Timeout '0' is invalid. Using default page load timeout: '30'

2018-03-06 06:08:58 - [MESSAGE][PASSED] - Width of element 'Object Repository/CuPaDl/Icons/Reposition_icon' is '40'

2018-03-06 06:08:58 - [MESSAGE][PASSED] - Height of element 'Object Repository/CuPaDl/Icons/Reposition_icon' is '40'.

2018-03-06 06:08:59 - [MESSAGE][PASSED] - Delayed 1 second(s)

2018-03-06 06:08:59 - [MESSAGE][PASSED] - cupakeysDl.iconad.iconadd is PASSED

2018-03-06 06:08:59 - [TEST_STEP][PASSED] - Statement - (step++): null

2018-03-06 06:08:59 - [TEST_STEP][PASSED] - Statement - (iconcount++): null

2018-03-06 06:08:59 - [TEST_STEP][PASSED] - cupakeysDl.iconres.iconresize: cupakeysDl.iconres.iconresize is PASSED

2018-03-06 06:08:59 - [MESSAGE][PASSED] - Object 'Object Repository/CuPaDl/Icons/Reposition_icon' is visible

2018-03-06 06:08:59 - [MESSAGE][PASSED] - Current viewport's left (x) position is 0

2018-03-06 06:08:59 - [MESSAGE][PASSED] - Current viewport's top (y) position is 54

2018-03-06 06:08:59 - [MESSAGE][PASSED] - Dragged object with id 'Object Repository/CuPaDl/Icons/Resize_icon_bottomright' by offset distance x = -125 and y = -71 successfully

2018-03-06 06:09:02 - [MESSAGE][WARNING] - Object 'Object Repository/CuPaDl/Loading_indicator' is not visible after 3 second(s)

2018-03-06 06:09:03 - [MESSAGE][PASSED] - Delayed 1 second(s)

2018-03-06 06:09:03 - [MESSAGE][PASSED] - cupakeysDl.iconres.iconresize is PASSED

2018-03-06 06:09:03 - [TEST_STEP][PASSED] - Statement - (step++): null

2018-03-06 06:09:03 - [TEST_STEP][PASSED] - cupakeysDl.slink.svlink: cupakeysDl.slink.svlink is PASSED

2018-03-06 06:09:03 - [MESSAGE][PASSED] - Scroll to object 'Object Repository/CuPaDl/Save/Save' successfully

2018-03-06 06:09:03 - [MESSAGE][PASSED] - Object: 'Object Repository/CuPaDl/Save/Save' is clicked on

2018-03-06 06:09:03 - [MESSAGE][WARNING] - Timeout '0' is invalid. Using default page load timeout: '30'

2018-03-06 06:09:04 - [MESSAGE][PASSED] - Object 'Object Repository/CuPaDl/Save/CopyLink' is visible

2018-03-06 06:09:04 - [MESSAGE][PASSED] - Object: 'Object Repository/CuPaDl/Save/CopyLink' is clicked on

2018-03-06 06:09:05 - [MESSAGE][PASSED] - Delayed 1 second(s)

2018-03-06 06:09:05 - [MESSAGE][PASSED] - Object: 'Object Repository/CuPaDl/Save/Close' is clicked on

2018-03-06 06:09:06 - [MESSAGE][PASSED] - Delayed 1 second(s)

2018-03-06 06:09:06 - [MESSAGE][PASSED] - cupakeysDl.slink.svlink is PASSED

2018-03-06 06:09:06 - [TEST_STEP][PASSED] - cupakeysDl.endsession.finishsession: cupakeysDl.endsession.finishsession is PASSED

2018-03-06 06:09:09 - [MESSAGE][PASSED] - Delayed 3 second(s)

2018-03-06 06:09:10 - [MESSAGE][PASSED] - Browser is closed

2018-03-06 06:09:10 - [MESSAGE][PASSED] - cupakeysDl.endsession.finishsession is PASSED]]></system-out>
         <system-err><![CDATA[]]></system-err>
      </testcase>
      <testcase name="Test Cases/CuPaStefanie/4" classname="Test Cases/CuPaStefanie/4" status="PASSED">
         <system-out><![CDATA[2018-03-06 06:09:10 - [TEST_CASE][PASSED] - Test Cases/CuPaStefanie/4: Test Cases/CuPaStefanie/4

2018-03-06 06:09:10 - [TEST_STEP][PASSED] - Statement - timeStamp = new java.text.SimpleDateFormat(dd.MM.yyyy_HH_mm_ss).format(java.util.Calendar.getInstance().getTime()): null

2018-03-06 06:09:10 - [TEST_STEP][PASSED] - Statement - timeStampScreenshot = new java.text.SimpleDateFormat(dd.MM.yyyy).format(java.util.Calendar.getInstance().getTime()): null

2018-03-06 06:09:10 - [TEST_STEP][PASSED] - Statement - iconmap = [:]: null

2018-03-06 06:09:10 - [TEST_STEP][PASSED] - Statement - txtmap = [:]: null

2018-03-06 06:09:10 - [TEST_STEP][PASSED] - Statement - signmap = [:]: null

2018-03-06 06:09:10 - [TEST_STEP][PASSED] - cupakeysDl.initStart.initialStart: cupakeysDl.initStart.initialStart is PASSED

2018-03-06 06:09:12 - [MESSAGE][PASSED] - Browser is opened with url: ''

2018-03-06 06:09:15 - [MESSAGE][PASSED] - Delayed 3 second(s)

2018-03-06 06:09:17 - [MESSAGE][PASSED] - Navigate to 'https://d16a4dsnr8a0k1.cloudfront.net/en/2455233.html?price=150.00%20%E2%82%AC&partName=wilsonPartName&vin=wilsonVin&modelCode=XP11&paint=P0A94&modelDescription=wilsonModelDescription&additionalEquipment=wilsonAdditionalEquipment' successfully

2018-03-06 06:09:17 - [MESSAGE][PASSED] - Object 'Object Repository/CuPaDl/Loading_indicator' is visible

2018-03-06 06:09:20 - [MESSAGE][PASSED] - Object 'Object Repository/CuPaDl/Loading_indicator' is NOT visible

2018-03-06 06:09:21 - [MESSAGE][PASSED] - Delayed 1 second(s)

2018-03-06 06:09:21 - [MESSAGE][PASSED] - cupakeysDl.initStart.initialStart is PASSED

2018-03-06 06:09:21 - [TEST_STEP][PASSED] - Statement - (step++): null

2018-03-06 06:09:21 - [TEST_STEP][PASSED] - cupakeysDl.color.changecolor: cupakeysDl.color.changecolor is PASSED

2018-03-06 06:09:21 - [MESSAGE][PASSED] - Object 'Object Repository/CuPaDl/Color/Color' is visible

2018-03-06 06:09:22 - [MESSAGE][PASSED] - Object: 'Object Repository/CuPaDl/Color/Color' is clicked on

2018-03-06 06:09:23 - [MESSAGE][PASSED] - Delayed 1 second(s)

2018-03-06 06:09:23 - [MESSAGE][PASSED] - Object 'Object Repository/CuPaDl/Color/Color_nightlightblue' is visible

2018-03-06 06:09:23 - [MESSAGE][PASSED] - Object: 'Object Repository/CuPaDl/Color/Color_nightlightblue' is clicked on

2018-03-06 06:09:23 - [MESSAGE][WARNING] - Timeout '0' is invalid. Using default page load timeout: '30'

2018-03-06 06:09:23 - [MESSAGE][PASSED] - Object 'Object Repository/CuPaDl/Color/Color_nightlightblue' is visible

2018-03-06 06:09:24 - [MESSAGE][PASSED] - Delayed 1 second(s)

2018-03-06 06:09:24 - [MESSAGE][PASSED] - Object: 'Object Repository/CuPaDl/Color/Color_nightlightblue' is clicked on

2018-03-06 06:09:27 - [MESSAGE][WARNING] - Object 'Object Repository/CuPaDl/Loading_indicator' is not visible after 3 second(s)

2018-03-06 06:09:28 - [MESSAGE][PASSED] - Delayed 1 second(s)

2018-03-06 06:09:28 - [MESSAGE][PASSED] - cupakeysDl.color.changecolor is PASSED

2018-03-06 06:09:28 - [TEST_STEP][PASSED] - Statement - (step++): null

2018-03-06 06:09:28 - [TEST_STEP][PASSED] - cupakeysDl.chngstruct.changestructure: cupakeysDl.chngstruct.changestructure is PASSED

2018-03-06 06:09:28 - [MESSAGE][PASSED] - Object: 'Object Repository/CuPaDl/Structure/Structure' is clicked on

2018-03-06 06:09:28 - [MESSAGE][WARNING] - Timeout '0' is invalid. Using default page load timeout: '30'

2018-03-06 06:09:28 - [MESSAGE][PASSED] - Object 'Object Repository/CuPaDl/Structure/Structure_Hahnentritt' is visible

2018-03-06 06:09:28 - [MESSAGE][PASSED] - Object 'Object Repository/CuPaDl/Structure/Structure_chess' is visible

2018-03-06 06:09:28 - [MESSAGE][PASSED] - Object: 'Object Repository/CuPaDl/Structure/Structure_chess' is clicked on

2018-03-06 06:09:29 - [MESSAGE][PASSED] - Object 'Object Repository/CuPaDl/Loading_indicator' is visible

2018-03-06 06:09:30 - [MESSAGE][PASSED] - Object 'Object Repository/CuPaDl/Loading_indicator' is NOT visible

2018-03-06 06:09:31 - [MESSAGE][PASSED] - Delayed 1 second(s)

2018-03-06 06:09:31 - [MESSAGE][PASSED] - cupakeysDl.chngstruct.changestructure is PASSED

2018-03-06 06:09:31 - [TEST_STEP][PASSED] - Statement - (step++): null

2018-03-06 06:09:31 - [TEST_STEP][PASSED] - cupakeysDl.sclstruct.scalestructure: cupakeysDl.sclstruct.scalestructure is PASSED

2018-03-06 06:09:34 - [MESSAGE][WARNING] - Object 'Object Repository/CuPaDl/Structure/Resize_Structure_bottomright' is not visible after 3 second(s)

2018-03-06 06:09:34 - [MESSAGE][PASSED] - Object: 'Object Repository/CuPaDl/Structure/Resize_Structure' is clicked on

2018-03-06 06:09:34 - [MESSAGE][WARNING] - Timeout '0' is invalid. Using default page load timeout: '30'

2018-03-06 06:09:34 - [MESSAGE][PASSED] - Object 'Object Repository/CuPaDl/Structure/Resize_Structure_bottomright' is visible

2018-03-06 06:09:35 - [MESSAGE][PASSED] - Delayed 1 second(s)

2018-03-06 06:09:35 - [MESSAGE][PASSED] - Current viewport's left (x) position is 0

2018-03-06 06:09:35 - [MESSAGE][PASSED] - Current viewport's top (y) position is 54

2018-03-06 06:09:35 - [MESSAGE][PASSED] - Dragged object with id 'Object Repository/CuPaDl/Structure/Resize_Structure_bottomright' by offset distance x = 225 and y = 279 successfully

2018-03-06 06:09:38 - [MESSAGE][WARNING] - Object 'Object Repository/CuPaDl/Loading_indicator' is not visible after 3 second(s)

2018-03-06 06:09:39 - [MESSAGE][PASSED] - Delayed 1 second(s)

2018-03-06 06:09:39 - [MESSAGE][PASSED] - cupakeysDl.sclstruct.scalestructure is PASSED

2018-03-06 06:09:39 - [TEST_STEP][PASSED] - Statement - (step++): null

2018-03-06 06:09:39 - [TEST_STEP][PASSED] - Statement - iconmap += CustomKeywords.cupakeysDl.iconad.iconadd("racing", LoadTimeCorrector, step, run, device, timeStamp, iconcount): cupakeysDl.iconad.iconadd is PASSED

2018-03-06 06:09:39 - [MESSAGE][PASSED] - Object: 'Object Repository/CuPaDl/Icons/Icon' is clicked on

2018-03-06 06:09:39 - [MESSAGE][PASSED] - Object 'Object Repository/CuPaDl/Icons/Icon_racing' is visible

2018-03-06 06:09:40 - [MESSAGE][PASSED] - Object: 'Object Repository/CuPaDl/Icons/Icon_racing' is clicked on

2018-03-06 06:09:41 - [MESSAGE][PASSED] - Delayed 1 second(s)

2018-03-06 06:09:44 - [MESSAGE][WARNING] - Object 'Object Repository/CuPaDl/Loading_indicator' is not visible after 3 second(s)

2018-03-06 06:09:44 - [MESSAGE][WARNING] - Timeout '0' is invalid. Using default page load timeout: '30'

2018-03-06 06:09:44 - [MESSAGE][PASSED] - Width of element 'Object Repository/CuPaDl/Icons/Reposition_icon' is '40'

2018-03-06 06:09:44 - [MESSAGE][PASSED] - Height of element 'Object Repository/CuPaDl/Icons/Reposition_icon' is '40'.

2018-03-06 06:09:45 - [MESSAGE][PASSED] - Delayed 1 second(s)

2018-03-06 06:09:45 - [MESSAGE][PASSED] - cupakeysDl.iconad.iconadd is PASSED

2018-03-06 06:09:45 - [TEST_STEP][PASSED] - Statement - (step++): null

2018-03-06 06:09:45 - [TEST_STEP][PASSED] - Statement - (iconcount++): null

2018-03-06 06:09:45 - [TEST_STEP][PASSED] - cupakeysDl.iconres.iconresize: cupakeysDl.iconres.iconresize is PASSED

2018-03-06 06:09:45 - [MESSAGE][PASSED] - Object 'Object Repository/CuPaDl/Icons/Reposition_icon' is visible

2018-03-06 06:09:45 - [MESSAGE][PASSED] - Current viewport's left (x) position is 0

2018-03-06 06:09:45 - [MESSAGE][PASSED] - Current viewport's top (y) position is 54

2018-03-06 06:09:45 - [MESSAGE][PASSED] - Dragged object with id 'Object Repository/CuPaDl/Icons/Resize_icon_bottomright' by offset distance x = 125 and y = 179 successfully

2018-03-06 06:09:48 - [MESSAGE][WARNING] - Object 'Object Repository/CuPaDl/Loading_indicator' is not visible after 3 second(s)

2018-03-06 06:09:49 - [MESSAGE][PASSED] - Delayed 1 second(s)

2018-03-06 06:09:49 - [MESSAGE][PASSED] - cupakeysDl.iconres.iconresize is PASSED

2018-03-06 06:09:49 - [TEST_STEP][PASSED] - Statement - (step++): null

2018-03-06 06:09:49 - [TEST_STEP][PASSED] - cupakeysDl.slink.svlink: cupakeysDl.slink.svlink is PASSED

2018-03-06 06:09:49 - [MESSAGE][PASSED] - Scroll to object 'Object Repository/CuPaDl/Save/Save' successfully

2018-03-06 06:09:49 - [MESSAGE][PASSED] - Object: 'Object Repository/CuPaDl/Save/Save' is clicked on

2018-03-06 06:09:49 - [MESSAGE][WARNING] - Timeout '0' is invalid. Using default page load timeout: '30'

2018-03-06 06:09:50 - [MESSAGE][PASSED] - Object 'Object Repository/CuPaDl/Save/CopyLink' is visible

2018-03-06 06:09:50 - [MESSAGE][PASSED] - Object: 'Object Repository/CuPaDl/Save/CopyLink' is clicked on

2018-03-06 06:09:51 - [MESSAGE][PASSED] - Delayed 1 second(s)

2018-03-06 06:09:51 - [MESSAGE][PASSED] - Object: 'Object Repository/CuPaDl/Save/Close' is clicked on

2018-03-06 06:09:52 - [MESSAGE][PASSED] - Delayed 1 second(s)

2018-03-06 06:09:52 - [MESSAGE][PASSED] - cupakeysDl.slink.svlink is PASSED

2018-03-06 06:09:52 - [TEST_STEP][PASSED] - cupakeysDl.endsession.finishsession: cupakeysDl.endsession.finishsession is PASSED

2018-03-06 06:09:55 - [MESSAGE][PASSED] - Delayed 3 second(s)

2018-03-06 06:09:56 - [MESSAGE][PASSED] - Browser is closed

2018-03-06 06:09:56 - [MESSAGE][PASSED] - cupakeysDl.endsession.finishsession is PASSED]]></system-out>
         <system-err><![CDATA[]]></system-err>
      </testcase>
      <testcase name="Test Cases/CuPaStefanie/5" classname="Test Cases/CuPaStefanie/5" status="PASSED">
         <system-out><![CDATA[2018-03-06 06:09:56 - [TEST_CASE][PASSED] - Test Cases/CuPaStefanie/5: Test Cases/CuPaStefanie/5

2018-03-06 06:09:56 - [TEST_STEP][PASSED] - Statement - timeStamp = new java.text.SimpleDateFormat(dd.MM.yyyy_HH_mm_ss).format(java.util.Calendar.getInstance().getTime()): null

2018-03-06 06:09:56 - [TEST_STEP][PASSED] - Statement - timeStampScreenshot = new java.text.SimpleDateFormat(dd.MM.yyyy).format(java.util.Calendar.getInstance().getTime()): null

2018-03-06 06:09:56 - [TEST_STEP][PASSED] - Statement - iconmap = [:]: null

2018-03-06 06:09:56 - [TEST_STEP][PASSED] - Statement - txtmap = [:]: null

2018-03-06 06:09:56 - [TEST_STEP][PASSED] - Statement - signmap = [:]: null

2018-03-06 06:09:56 - [TEST_STEP][PASSED] - cupakeysDl.initStart.initialStart: cupakeysDl.initStart.initialStart is PASSED

2018-03-06 06:09:58 - [MESSAGE][PASSED] - Browser is opened with url: ''

2018-03-06 06:10:01 - [MESSAGE][PASSED] - Delayed 3 second(s)

2018-03-06 06:10:02 - [MESSAGE][PASSED] - Navigate to 'https://d16a4dsnr8a0k1.cloudfront.net/en/2455233.html?price=150.00%20%E2%82%AC&partName=wilsonPartName&vin=wilsonVin&modelCode=XP11&paint=P0A94&modelDescription=wilsonModelDescription&additionalEquipment=wilsonAdditionalEquipment' successfully

2018-03-06 06:10:02 - [MESSAGE][PASSED] - Object 'Object Repository/CuPaDl/Loading_indicator' is visible

2018-03-06 06:10:06 - [MESSAGE][PASSED] - Object 'Object Repository/CuPaDl/Loading_indicator' is NOT visible

2018-03-06 06:10:07 - [MESSAGE][PASSED] - Delayed 1 second(s)

2018-03-06 06:10:07 - [MESSAGE][PASSED] - cupakeysDl.initStart.initialStart is PASSED

2018-03-06 06:10:07 - [TEST_STEP][PASSED] - Statement - (step++): null

2018-03-06 06:10:07 - [TEST_STEP][PASSED] - cupakeysDl.color.changecolor: cupakeysDl.color.changecolor is PASSED

2018-03-06 06:10:07 - [MESSAGE][PASSED] - Object 'Object Repository/CuPaDl/Color/Color' is visible

2018-03-06 06:10:07 - [MESSAGE][PASSED] - Object: 'Object Repository/CuPaDl/Color/Color' is clicked on

2018-03-06 06:10:08 - [MESSAGE][PASSED] - Delayed 1 second(s)

2018-03-06 06:10:08 - [MESSAGE][PASSED] - Object 'Object Repository/CuPaDl/Color/Color_solartsorange' is visible

2018-03-06 06:10:08 - [MESSAGE][PASSED] - Object: 'Object Repository/CuPaDl/Color/Color_solartsorange' is clicked on

2018-03-06 06:10:08 - [MESSAGE][WARNING] - Timeout '0' is invalid. Using default page load timeout: '30'

2018-03-06 06:10:08 - [MESSAGE][PASSED] - Object 'Object Repository/CuPaDl/Color/Color_solartsorange' is visible

2018-03-06 06:10:09 - [MESSAGE][PASSED] - Delayed 1 second(s)

2018-03-06 06:10:09 - [MESSAGE][PASSED] - Object: 'Object Repository/CuPaDl/Color/Color_solartsorange' is clicked on

2018-03-06 06:10:12 - [MESSAGE][WARNING] - Object 'Object Repository/CuPaDl/Loading_indicator' is not visible after 3 second(s)

2018-03-06 06:10:13 - [MESSAGE][PASSED] - Delayed 1 second(s)

2018-03-06 06:10:13 - [MESSAGE][PASSED] - cupakeysDl.color.changecolor is PASSED

2018-03-06 06:10:13 - [TEST_STEP][PASSED] - Statement - (step++): null

2018-03-06 06:10:13 - [TEST_STEP][PASSED] - cupakeysDl.chngstruct.changestructure: cupakeysDl.chngstruct.changestructure is PASSED

2018-03-06 06:10:14 - [MESSAGE][PASSED] - Object: 'Object Repository/CuPaDl/Structure/Structure' is clicked on

2018-03-06 06:10:14 - [MESSAGE][WARNING] - Timeout '0' is invalid. Using default page load timeout: '30'

2018-03-06 06:10:14 - [MESSAGE][PASSED] - Object 'Object Repository/CuPaDl/Structure/Structure_Hahnentritt' is visible

2018-03-06 06:10:14 - [MESSAGE][PASSED] - Object 'Object Repository/CuPaDl/Structure/Structure_angles' is visible

2018-03-06 06:10:14 - [MESSAGE][PASSED] - Object: 'Object Repository/CuPaDl/Structure/Structure_angles' is clicked on

2018-03-06 06:10:15 - [MESSAGE][PASSED] - Object 'Object Repository/CuPaDl/Loading_indicator' is visible

2018-03-06 06:10:18 - [MESSAGE][PASSED] - Object 'Object Repository/CuPaDl/Loading_indicator' is NOT visible

2018-03-06 06:10:19 - [MESSAGE][PASSED] - Delayed 1 second(s)

2018-03-06 06:10:19 - [MESSAGE][PASSED] - cupakeysDl.chngstruct.changestructure is PASSED

2018-03-06 06:10:19 - [TEST_STEP][PASSED] - Statement - (step++): null

2018-03-06 06:10:19 - [TEST_STEP][PASSED] - cupakeysDl.sclstruct.scalestructure: cupakeysDl.sclstruct.scalestructure is PASSED

2018-03-06 06:10:22 - [MESSAGE][WARNING] - Object 'Object Repository/CuPaDl/Structure/Resize_Structure_bottomright' is not visible after 3 second(s)

2018-03-06 06:10:22 - [MESSAGE][PASSED] - Object: 'Object Repository/CuPaDl/Structure/Resize_Structure' is clicked on

2018-03-06 06:10:22 - [MESSAGE][WARNING] - Timeout '0' is invalid. Using default page load timeout: '30'

2018-03-06 06:10:22 - [MESSAGE][PASSED] - Object 'Object Repository/CuPaDl/Structure/Resize_Structure_bottomright' is visible

2018-03-06 06:10:23 - [MESSAGE][PASSED] - Delayed 1 second(s)

2018-03-06 06:10:23 - [MESSAGE][PASSED] - Current viewport's left (x) position is 0

2018-03-06 06:10:23 - [MESSAGE][PASSED] - Current viewport's top (y) position is 54

2018-03-06 06:10:23 - [MESSAGE][PASSED] - Dragged object with id 'Object Repository/CuPaDl/Structure/Resize_Structure_bottomright' by offset distance x = -225 and y = -171 successfully

2018-03-06 06:10:24 - [MESSAGE][PASSED] - Object 'Object Repository/CuPaDl/Loading_indicator' is visible

2018-03-06 06:10:28 - [MESSAGE][PASSED] - Object 'Object Repository/CuPaDl/Loading_indicator' is NOT visible

2018-03-06 06:10:29 - [MESSAGE][PASSED] - Delayed 1 second(s)

2018-03-06 06:10:29 - [MESSAGE][PASSED] - cupakeysDl.sclstruct.scalestructure is PASSED

2018-03-06 06:10:29 - [TEST_STEP][PASSED] - Statement - (step++): null

2018-03-06 06:10:29 - [TEST_STEP][PASSED] - Statement - iconmap += CustomKeywords.cupakeysDl.iconad.iconadd("compass", LoadTimeCorrector, step, run, device, timeStamp, iconcount): cupakeysDl.iconad.iconadd is PASSED

2018-03-06 06:10:29 - [MESSAGE][PASSED] - Object: 'Object Repository/CuPaDl/Icons/Icon' is clicked on

2018-03-06 06:10:29 - [MESSAGE][PASSED] - Object 'Object Repository/CuPaDl/Icons/Icon_compass' is visible

2018-03-06 06:10:29 - [MESSAGE][PASSED] - Object: 'Object Repository/CuPaDl/Icons/Icon_compass' is clicked on

2018-03-06 06:10:30 - [MESSAGE][PASSED] - Delayed 1 second(s)

2018-03-06 06:10:30 - [MESSAGE][PASSED] - Object 'Object Repository/CuPaDl/Loading_indicator' is visible

2018-03-06 06:10:33 - [MESSAGE][PASSED] - Object 'Object Repository/CuPaDl/Loading_indicator' is NOT visible

2018-03-06 06:10:33 - [MESSAGE][WARNING] - Timeout '0' is invalid. Using default page load timeout: '30'

2018-03-06 06:10:33 - [MESSAGE][PASSED] - Width of element 'Object Repository/CuPaDl/Icons/Reposition_icon' is '40'

2018-03-06 06:10:33 - [MESSAGE][PASSED] - Height of element 'Object Repository/CuPaDl/Icons/Reposition_icon' is '40'.

2018-03-06 06:10:34 - [MESSAGE][PASSED] - Delayed 1 second(s)

2018-03-06 06:10:34 - [MESSAGE][PASSED] - cupakeysDl.iconad.iconadd is PASSED

2018-03-06 06:10:34 - [TEST_STEP][PASSED] - Statement - (step++): null

2018-03-06 06:10:34 - [TEST_STEP][PASSED] - Statement - (iconcount++): null

2018-03-06 06:10:34 - [TEST_STEP][PASSED] - cupakeysDl.iconres.iconresize: cupakeysDl.iconres.iconresize is PASSED

2018-03-06 06:10:34 - [MESSAGE][PASSED] - Object 'Object Repository/CuPaDl/Icons/Reposition_icon' is visible

2018-03-06 06:10:34 - [MESSAGE][PASSED] - Current viewport's left (x) position is 0

2018-03-06 06:10:34 - [MESSAGE][PASSED] - Current viewport's top (y) position is 54

2018-03-06 06:10:34 - [MESSAGE][PASSED] - Dragged object with id 'Object Repository/CuPaDl/Icons/Resize_icon_bottomright' by offset distance x = -125 and y = -71 successfully

2018-03-06 06:10:35 - [MESSAGE][PASSED] - Object 'Object Repository/CuPaDl/Loading_indicator' is visible

2018-03-06 06:10:39 - [MESSAGE][PASSED] - Object 'Object Repository/CuPaDl/Loading_indicator' is NOT visible

2018-03-06 06:10:40 - [MESSAGE][PASSED] - Delayed 1 second(s)

2018-03-06 06:10:40 - [MESSAGE][PASSED] - cupakeysDl.iconres.iconresize is PASSED

2018-03-06 06:10:40 - [TEST_STEP][PASSED] - Statement - (step++): null

2018-03-06 06:10:40 - [TEST_STEP][PASSED] - cupakeysDl.slink.svlink: cupakeysDl.slink.svlink is PASSED

2018-03-06 06:10:40 - [MESSAGE][PASSED] - Scroll to object 'Object Repository/CuPaDl/Save/Save' successfully

2018-03-06 06:10:40 - [MESSAGE][PASSED] - Object: 'Object Repository/CuPaDl/Save/Save' is clicked on

2018-03-06 06:10:40 - [MESSAGE][WARNING] - Timeout '0' is invalid. Using default page load timeout: '30'

2018-03-06 06:10:41 - [MESSAGE][PASSED] - Object 'Object Repository/CuPaDl/Save/CopyLink' is visible

2018-03-06 06:10:41 - [MESSAGE][PASSED] - Object: 'Object Repository/CuPaDl/Save/CopyLink' is clicked on

2018-03-06 06:10:42 - [MESSAGE][PASSED] - Delayed 1 second(s)

2018-03-06 06:10:42 - [MESSAGE][PASSED] - Object: 'Object Repository/CuPaDl/Save/Close' is clicked on

2018-03-06 06:10:43 - [MESSAGE][PASSED] - Delayed 1 second(s)

2018-03-06 06:10:43 - [MESSAGE][PASSED] - cupakeysDl.slink.svlink is PASSED

2018-03-06 06:10:43 - [TEST_STEP][PASSED] - cupakeysDl.endsession.finishsession: cupakeysDl.endsession.finishsession is PASSED

2018-03-06 06:10:46 - [MESSAGE][PASSED] - Delayed 3 second(s)

2018-03-06 06:10:47 - [MESSAGE][PASSED] - Browser is closed

2018-03-06 06:10:47 - [MESSAGE][PASSED] - cupakeysDl.endsession.finishsession is PASSED]]></system-out>
         <system-err><![CDATA[]]></system-err>
      </testcase>
      <testcase name="Test Cases/CuPaStefanie/6" classname="Test Cases/CuPaStefanie/6" status="PASSED">
         <system-out><![CDATA[2018-03-06 06:10:47 - [TEST_CASE][PASSED] - Test Cases/CuPaStefanie/6: Test Cases/CuPaStefanie/6

2018-03-06 06:10:47 - [TEST_STEP][PASSED] - Statement - timeStamp = new java.text.SimpleDateFormat(dd.MM.yyyy_HH_mm_ss).format(java.util.Calendar.getInstance().getTime()): null

2018-03-06 06:10:47 - [TEST_STEP][PASSED] - Statement - timeStampScreenshot = new java.text.SimpleDateFormat(dd.MM.yyyy).format(java.util.Calendar.getInstance().getTime()): null

2018-03-06 06:10:47 - [TEST_STEP][PASSED] - Statement - iconmap = [:]: null

2018-03-06 06:10:47 - [TEST_STEP][PASSED] - Statement - txtmap = [:]: null

2018-03-06 06:10:47 - [TEST_STEP][PASSED] - Statement - signmap = [:]: null

2018-03-06 06:10:47 - [TEST_STEP][PASSED] - cupakeysDl.initStart.initialStart: cupakeysDl.initStart.initialStart is PASSED

2018-03-06 06:10:49 - [MESSAGE][PASSED] - Browser is opened with url: ''

2018-03-06 06:10:52 - [MESSAGE][PASSED] - Delayed 3 second(s)

2018-03-06 06:10:53 - [MESSAGE][PASSED] - Navigate to 'https://d16a4dsnr8a0k1.cloudfront.net/en/2455233.html?price=150.00%20%E2%82%AC&partName=wilsonPartName&vin=wilsonVin&modelCode=XP11&paint=P0A94&modelDescription=wilsonModelDescription&additionalEquipment=wilsonAdditionalEquipment' successfully

2018-03-06 06:10:53 - [MESSAGE][PASSED] - Object 'Object Repository/CuPaDl/Loading_indicator' is visible

2018-03-06 06:10:57 - [MESSAGE][PASSED] - Object 'Object Repository/CuPaDl/Loading_indicator' is NOT visible

2018-03-06 06:10:58 - [MESSAGE][PASSED] - Delayed 1 second(s)

2018-03-06 06:10:58 - [MESSAGE][PASSED] - cupakeysDl.initStart.initialStart is PASSED

2018-03-06 06:10:58 - [TEST_STEP][PASSED] - Statement - (step++): null

2018-03-06 06:10:58 - [TEST_STEP][PASSED] - cupakeysDl.color.changecolor: cupakeysDl.color.changecolor is PASSED

2018-03-06 06:10:58 - [MESSAGE][PASSED] - Object 'Object Repository/CuPaDl/Color/Color' is visible

2018-03-06 06:10:58 - [MESSAGE][PASSED] - Object: 'Object Repository/CuPaDl/Color/Color' is clicked on

2018-03-06 06:10:59 - [MESSAGE][PASSED] - Delayed 1 second(s)

2018-03-06 06:10:59 - [MESSAGE][PASSED] - Object 'Object Repository/CuPaDl/Color/Color_solartsorange' is visible

2018-03-06 06:10:59 - [MESSAGE][PASSED] - Object: 'Object Repository/CuPaDl/Color/Color_solartsorange' is clicked on

2018-03-06 06:10:59 - [MESSAGE][WARNING] - Timeout '0' is invalid. Using default page load timeout: '30'

2018-03-06 06:11:00 - [MESSAGE][PASSED] - Object 'Object Repository/CuPaDl/Color/Color_solartsorange' is visible

2018-03-06 06:11:01 - [MESSAGE][PASSED] - Delayed 1 second(s)

2018-03-06 06:11:01 - [MESSAGE][PASSED] - Object: 'Object Repository/CuPaDl/Color/Color_solartsorange' is clicked on

2018-03-06 06:11:04 - [MESSAGE][WARNING] - Object 'Object Repository/CuPaDl/Loading_indicator' is not visible after 3 second(s)

2018-03-06 06:11:05 - [MESSAGE][PASSED] - Delayed 1 second(s)

2018-03-06 06:11:05 - [MESSAGE][PASSED] - cupakeysDl.color.changecolor is PASSED

2018-03-06 06:11:05 - [TEST_STEP][PASSED] - Statement - (step++): null

2018-03-06 06:11:05 - [TEST_STEP][PASSED] - cupakeysDl.chngstruct.changestructure: cupakeysDl.chngstruct.changestructure is PASSED

2018-03-06 06:11:05 - [MESSAGE][PASSED] - Object: 'Object Repository/CuPaDl/Structure/Structure' is clicked on

2018-03-06 06:11:05 - [MESSAGE][WARNING] - Timeout '0' is invalid. Using default page load timeout: '30'

2018-03-06 06:11:05 - [MESSAGE][PASSED] - Object 'Object Repository/CuPaDl/Structure/Structure_Hahnentritt' is visible

2018-03-06 06:11:05 - [MESSAGE][PASSED] - Object 'Object Repository/CuPaDl/Structure/Structure_angles' is visible

2018-03-06 06:11:05 - [MESSAGE][PASSED] - Object: 'Object Repository/CuPaDl/Structure/Structure_angles' is clicked on

2018-03-06 06:11:06 - [MESSAGE][PASSED] - Object 'Object Repository/CuPaDl/Loading_indicator' is visible

2018-03-06 06:11:09 - [MESSAGE][PASSED] - Object 'Object Repository/CuPaDl/Loading_indicator' is NOT visible

2018-03-06 06:11:10 - [MESSAGE][PASSED] - Delayed 1 second(s)

2018-03-06 06:11:10 - [MESSAGE][PASSED] - cupakeysDl.chngstruct.changestructure is PASSED

2018-03-06 06:11:10 - [TEST_STEP][PASSED] - Statement - (step++): null

2018-03-06 06:11:10 - [TEST_STEP][PASSED] - cupakeysDl.sclstruct.scalestructure: cupakeysDl.sclstruct.scalestructure is PASSED

2018-03-06 06:11:13 - [MESSAGE][WARNING] - Object 'Object Repository/CuPaDl/Structure/Resize_Structure_bottomright' is not visible after 3 second(s)

2018-03-06 06:11:13 - [MESSAGE][PASSED] - Object: 'Object Repository/CuPaDl/Structure/Resize_Structure' is clicked on

2018-03-06 06:11:13 - [MESSAGE][WARNING] - Timeout '0' is invalid. Using default page load timeout: '30'

2018-03-06 06:11:13 - [MESSAGE][PASSED] - Object 'Object Repository/CuPaDl/Structure/Resize_Structure_bottomright' is visible

2018-03-06 06:11:14 - [MESSAGE][PASSED] - Delayed 1 second(s)

2018-03-06 06:11:14 - [MESSAGE][PASSED] - Current viewport's left (x) position is 0

2018-03-06 06:11:14 - [MESSAGE][PASSED] - Current viewport's top (y) position is 54

2018-03-06 06:11:14 - [MESSAGE][PASSED] - Dragged object with id 'Object Repository/CuPaDl/Structure/Resize_Structure_bottomright' by offset distance x = 225 and y = 279 successfully

2018-03-06 06:11:16 - [MESSAGE][PASSED] - Object 'Object Repository/CuPaDl/Loading_indicator' is visible

2018-03-06 06:11:18 - [MESSAGE][PASSED] - Object 'Object Repository/CuPaDl/Loading_indicator' is NOT visible

2018-03-06 06:11:19 - [MESSAGE][PASSED] - Delayed 1 second(s)

2018-03-06 06:11:19 - [MESSAGE][PASSED] - cupakeysDl.sclstruct.scalestructure is PASSED

2018-03-06 06:11:19 - [TEST_STEP][PASSED] - Statement - (step++): null

2018-03-06 06:11:19 - [TEST_STEP][PASSED] - Statement - iconmap += CustomKeywords.cupakeysDl.iconad.iconadd("compass", LoadTimeCorrector, step, run, device, timeStamp, iconcount): cupakeysDl.iconad.iconadd is PASSED

2018-03-06 06:11:19 - [MESSAGE][PASSED] - Object: 'Object Repository/CuPaDl/Icons/Icon' is clicked on

2018-03-06 06:11:19 - [MESSAGE][PASSED] - Object 'Object Repository/CuPaDl/Icons/Icon_compass' is visible

2018-03-06 06:11:19 - [MESSAGE][PASSED] - Object: 'Object Repository/CuPaDl/Icons/Icon_compass' is clicked on

2018-03-06 06:11:20 - [MESSAGE][PASSED] - Delayed 1 second(s)

2018-03-06 06:11:20 - [MESSAGE][PASSED] - Object 'Object Repository/CuPaDl/Loading_indicator' is visible

2018-03-06 06:11:22 - [MESSAGE][PASSED] - Object 'Object Repository/CuPaDl/Loading_indicator' is NOT visible

2018-03-06 06:11:22 - [MESSAGE][WARNING] - Timeout '0' is invalid. Using default page load timeout: '30'

2018-03-06 06:11:22 - [MESSAGE][PASSED] - Width of element 'Object Repository/CuPaDl/Icons/Reposition_icon' is '40'

2018-03-06 06:11:22 - [MESSAGE][PASSED] - Height of element 'Object Repository/CuPaDl/Icons/Reposition_icon' is '40'.

2018-03-06 06:11:23 - [MESSAGE][PASSED] - Delayed 1 second(s)

2018-03-06 06:11:23 - [MESSAGE][PASSED] - cupakeysDl.iconad.iconadd is PASSED

2018-03-06 06:11:23 - [TEST_STEP][PASSED] - Statement - (step++): null

2018-03-06 06:11:23 - [TEST_STEP][PASSED] - Statement - (iconcount++): null

2018-03-06 06:11:23 - [TEST_STEP][PASSED] - cupakeysDl.iconres.iconresize: cupakeysDl.iconres.iconresize is PASSED

2018-03-06 06:11:24 - [MESSAGE][PASSED] - Object 'Object Repository/CuPaDl/Icons/Reposition_icon' is visible

2018-03-06 06:11:24 - [MESSAGE][PASSED] - Current viewport's left (x) position is 0

2018-03-06 06:11:24 - [MESSAGE][PASSED] - Current viewport's top (y) position is 54

2018-03-06 06:11:24 - [MESSAGE][PASSED] - Dragged object with id 'Object Repository/CuPaDl/Icons/Resize_icon_bottomright' by offset distance x = 125 and y = 179 successfully

2018-03-06 06:11:25 - [MESSAGE][PASSED] - Object 'Object Repository/CuPaDl/Loading_indicator' is visible

2018-03-06 06:11:27 - [MESSAGE][PASSED] - Object 'Object Repository/CuPaDl/Loading_indicator' is NOT visible

2018-03-06 06:11:28 - [MESSAGE][PASSED] - Delayed 1 second(s)

2018-03-06 06:11:28 - [MESSAGE][PASSED] - cupakeysDl.iconres.iconresize is PASSED

2018-03-06 06:11:28 - [TEST_STEP][PASSED] - Statement - (step++): null

2018-03-06 06:11:28 - [TEST_STEP][PASSED] - cupakeysDl.slink.svlink: cupakeysDl.slink.svlink is PASSED

2018-03-06 06:11:28 - [MESSAGE][PASSED] - Scroll to object 'Object Repository/CuPaDl/Save/Save' successfully

2018-03-06 06:11:28 - [MESSAGE][PASSED] - Object: 'Object Repository/CuPaDl/Save/Save' is clicked on

2018-03-06 06:11:28 - [MESSAGE][WARNING] - Timeout '0' is invalid. Using default page load timeout: '30'

2018-03-06 06:11:29 - [MESSAGE][PASSED] - Object 'Object Repository/CuPaDl/Save/CopyLink' is visible

2018-03-06 06:11:29 - [MESSAGE][PASSED] - Object: 'Object Repository/CuPaDl/Save/CopyLink' is clicked on

2018-03-06 06:11:30 - [MESSAGE][PASSED] - Delayed 1 second(s)

2018-03-06 06:11:30 - [MESSAGE][PASSED] - Object: 'Object Repository/CuPaDl/Save/Close' is clicked on

2018-03-06 06:11:31 - [MESSAGE][PASSED] - Delayed 1 second(s)

2018-03-06 06:11:31 - [MESSAGE][PASSED] - cupakeysDl.slink.svlink is PASSED

2018-03-06 06:11:31 - [TEST_STEP][PASSED] - cupakeysDl.endsession.finishsession: cupakeysDl.endsession.finishsession is PASSED

2018-03-06 06:11:34 - [MESSAGE][PASSED] - Delayed 3 second(s)

2018-03-06 06:11:34 - [MESSAGE][PASSED] - Browser is closed

2018-03-06 06:11:34 - [MESSAGE][PASSED] - cupakeysDl.endsession.finishsession is PASSED]]></system-out>
         <system-err><![CDATA[]]></system-err>
      </testcase>
      <testcase name="Test Cases/CuPaStefanie/7" classname="Test Cases/CuPaStefanie/7" status="PASSED">
         <system-out><![CDATA[2018-03-06 06:11:34 - [TEST_CASE][PASSED] - Test Cases/CuPaStefanie/7: Test Cases/CuPaStefanie/7

2018-03-06 06:11:35 - [TEST_STEP][PASSED] - Statement - timeStamp = new java.text.SimpleDateFormat(dd.MM.yyyy_HH_mm_ss).format(java.util.Calendar.getInstance().getTime()): null

2018-03-06 06:11:35 - [TEST_STEP][PASSED] - Statement - timeStampScreenshot = new java.text.SimpleDateFormat(dd.MM.yyyy).format(java.util.Calendar.getInstance().getTime()): null

2018-03-06 06:11:35 - [TEST_STEP][PASSED] - Statement - iconmap = [:]: null

2018-03-06 06:11:35 - [TEST_STEP][PASSED] - Statement - txtmap = [:]: null

2018-03-06 06:11:35 - [TEST_STEP][PASSED] - Statement - signmap = [:]: null

2018-03-06 06:11:35 - [TEST_STEP][PASSED] - cupakeysDl.initStart.initialStart: cupakeysDl.initStart.initialStart is PASSED

2018-03-06 06:11:36 - [MESSAGE][PASSED] - Browser is opened with url: ''

2018-03-06 06:11:39 - [MESSAGE][PASSED] - Delayed 3 second(s)

2018-03-06 06:11:41 - [MESSAGE][PASSED] - Navigate to 'https://d16a4dsnr8a0k1.cloudfront.net/en/2455233.html?price=150.00%20%E2%82%AC&partName=wilsonPartName&vin=wilsonVin&modelCode=XP11&paint=P0A94&modelDescription=wilsonModelDescription&additionalEquipment=wilsonAdditionalEquipment' successfully

2018-03-06 06:11:41 - [MESSAGE][PASSED] - Object 'Object Repository/CuPaDl/Loading_indicator' is visible

2018-03-06 06:11:45 - [MESSAGE][PASSED] - Object 'Object Repository/CuPaDl/Loading_indicator' is NOT visible

2018-03-06 06:11:46 - [MESSAGE][PASSED] - Delayed 1 second(s)

2018-03-06 06:11:46 - [MESSAGE][PASSED] - cupakeysDl.initStart.initialStart is PASSED

2018-03-06 06:11:46 - [TEST_STEP][PASSED] - Statement - (step++): null

2018-03-06 06:11:46 - [TEST_STEP][PASSED] - cupakeysDl.color.changecolor: cupakeysDl.color.changecolor is PASSED

2018-03-06 06:11:46 - [MESSAGE][PASSED] - Object 'Object Repository/CuPaDl/Color/Color' is visible

2018-03-06 06:11:46 - [MESSAGE][PASSED] - Object: 'Object Repository/CuPaDl/Color/Color' is clicked on

2018-03-06 06:11:47 - [MESSAGE][PASSED] - Delayed 1 second(s)

2018-03-06 06:11:47 - [MESSAGE][PASSED] - Object 'Object Repository/CuPaDl/Color/Color_electricblue' is visible

2018-03-06 06:11:47 - [MESSAGE][PASSED] - Object: 'Object Repository/CuPaDl/Color/Color_electricblue' is clicked on

2018-03-06 06:11:47 - [MESSAGE][WARNING] - Timeout '0' is invalid. Using default page load timeout: '30'

2018-03-06 06:11:47 - [MESSAGE][PASSED] - Object 'Object Repository/CuPaDl/Color/Color_electricblue' is visible

2018-03-06 06:11:48 - [MESSAGE][PASSED] - Delayed 1 second(s)

2018-03-06 06:11:48 - [MESSAGE][PASSED] - Object: 'Object Repository/CuPaDl/Color/Color_electricblue' is clicked on

2018-03-06 06:11:51 - [MESSAGE][WARNING] - Object 'Object Repository/CuPaDl/Loading_indicator' is not visible after 3 second(s)

2018-03-06 06:11:52 - [MESSAGE][PASSED] - Delayed 1 second(s)

2018-03-06 06:11:52 - [MESSAGE][PASSED] - cupakeysDl.color.changecolor is PASSED

2018-03-06 06:11:52 - [TEST_STEP][PASSED] - Statement - (step++): null

2018-03-06 06:11:52 - [TEST_STEP][PASSED] - cupakeysDl.chngstruct.changestructure: cupakeysDl.chngstruct.changestructure is PASSED

2018-03-06 06:11:53 - [MESSAGE][PASSED] - Object: 'Object Repository/CuPaDl/Structure/Structure' is clicked on

2018-03-06 06:11:53 - [MESSAGE][WARNING] - Timeout '0' is invalid. Using default page load timeout: '30'

2018-03-06 06:11:53 - [MESSAGE][PASSED] - Object 'Object Repository/CuPaDl/Structure/Structure_Hahnentritt' is visible

2018-03-06 06:11:53 - [MESSAGE][PASSED] - Object 'Object Repository/CuPaDl/Structure/Structure_quadrops' is visible

2018-03-06 06:11:53 - [MESSAGE][PASSED] - Object: 'Object Repository/CuPaDl/Structure/Structure_quadrops' is clicked on

2018-03-06 06:11:54 - [MESSAGE][PASSED] - Object 'Object Repository/CuPaDl/Loading_indicator' is visible

2018-03-06 06:12:00 - [MESSAGE][PASSED] - Object 'Object Repository/CuPaDl/Loading_indicator' is NOT visible

2018-03-06 06:12:01 - [MESSAGE][PASSED] - Delayed 1 second(s)

2018-03-06 06:12:01 - [MESSAGE][PASSED] - cupakeysDl.chngstruct.changestructure is PASSED

2018-03-06 06:12:01 - [TEST_STEP][PASSED] - Statement - (step++): null

2018-03-06 06:12:01 - [TEST_STEP][PASSED] - cupakeysDl.sclstruct.scalestructure: cupakeysDl.sclstruct.scalestructure is PASSED

2018-03-06 06:12:04 - [MESSAGE][WARNING] - Object 'Object Repository/CuPaDl/Structure/Resize_Structure_bottomright' is not visible after 3 second(s)

2018-03-06 06:12:05 - [MESSAGE][PASSED] - Object: 'Object Repository/CuPaDl/Structure/Resize_Structure' is clicked on

2018-03-06 06:12:05 - [MESSAGE][WARNING] - Timeout '0' is invalid. Using default page load timeout: '30'

2018-03-06 06:12:05 - [MESSAGE][PASSED] - Object 'Object Repository/CuPaDl/Structure/Resize_Structure_bottomright' is visible

2018-03-06 06:12:06 - [MESSAGE][PASSED] - Delayed 1 second(s)

2018-03-06 06:12:06 - [MESSAGE][PASSED] - Current viewport's left (x) position is 0

2018-03-06 06:12:06 - [MESSAGE][PASSED] - Current viewport's top (y) position is 54

2018-03-06 06:12:06 - [MESSAGE][PASSED] - Dragged object with id 'Object Repository/CuPaDl/Structure/Resize_Structure_bottomright' by offset distance x = -225 and y = -171 successfully

2018-03-06 06:12:07 - [MESSAGE][PASSED] - Object 'Object Repository/CuPaDl/Loading_indicator' is visible

2018-03-06 06:12:25 - [MESSAGE][PASSED] - Object 'Object Repository/CuPaDl/Loading_indicator' is NOT visible

2018-03-06 06:12:26 - [MESSAGE][PASSED] - Delayed 1 second(s)

2018-03-06 06:12:26 - [MESSAGE][PASSED] - cupakeysDl.sclstruct.scalestructure is PASSED

2018-03-06 06:12:26 - [TEST_STEP][PASSED] - Statement - (step++): null

2018-03-06 06:12:26 - [TEST_STEP][PASSED] - Statement - iconmap += CustomKeywords.cupakeysDl.iconad.iconadd("pin", LoadTimeCorrector, step, run, device, timeStamp, iconcount): cupakeysDl.iconad.iconadd is PASSED

2018-03-06 06:12:26 - [MESSAGE][PASSED] - Object: 'Object Repository/CuPaDl/Icons/Icon' is clicked on

2018-03-06 06:12:26 - [MESSAGE][PASSED] - Object 'Object Repository/CuPaDl/Icons/Icon_pin' is visible

2018-03-06 06:12:26 - [MESSAGE][PASSED] - Object: 'Object Repository/CuPaDl/Icons/Icon_pin' is clicked on

2018-03-06 06:12:27 - [MESSAGE][PASSED] - Delayed 1 second(s)

2018-03-06 06:12:27 - [MESSAGE][PASSED] - Object 'Object Repository/CuPaDl/Loading_indicator' is visible

2018-03-06 06:12:44 - [MESSAGE][PASSED] - Object 'Object Repository/CuPaDl/Loading_indicator' is NOT visible

2018-03-06 06:12:44 - [MESSAGE][WARNING] - Timeout '0' is invalid. Using default page load timeout: '30'

2018-03-06 06:12:44 - [MESSAGE][PASSED] - Width of element 'Object Repository/CuPaDl/Icons/Reposition_icon' is '40'

2018-03-06 06:12:44 - [MESSAGE][PASSED] - Height of element 'Object Repository/CuPaDl/Icons/Reposition_icon' is '40'.

2018-03-06 06:12:45 - [MESSAGE][PASSED] - Delayed 1 second(s)

2018-03-06 06:12:45 - [MESSAGE][PASSED] - cupakeysDl.iconad.iconadd is PASSED

2018-03-06 06:12:45 - [TEST_STEP][PASSED] - Statement - (step++): null

2018-03-06 06:12:45 - [TEST_STEP][PASSED] - Statement - (iconcount++): null

2018-03-06 06:12:45 - [TEST_STEP][PASSED] - cupakeysDl.iconres.iconresize: cupakeysDl.iconres.iconresize is PASSED

2018-03-06 06:12:45 - [MESSAGE][PASSED] - Object 'Object Repository/CuPaDl/Icons/Reposition_icon' is visible

2018-03-06 06:12:45 - [MESSAGE][PASSED] - Current viewport's left (x) position is 0

2018-03-06 06:12:45 - [MESSAGE][PASSED] - Current viewport's top (y) position is 54

2018-03-06 06:12:45 - [MESSAGE][PASSED] - Dragged object with id 'Object Repository/CuPaDl/Icons/Resize_icon_bottomright' by offset distance x = -125 and y = -71 successfully

2018-03-06 06:12:46 - [MESSAGE][PASSED] - Object 'Object Repository/CuPaDl/Loading_indicator' is visible

2018-03-06 06:13:04 - [MESSAGE][PASSED] - Object 'Object Repository/CuPaDl/Loading_indicator' is NOT visible

2018-03-06 06:13:05 - [MESSAGE][PASSED] - Delayed 1 second(s)

2018-03-06 06:13:05 - [MESSAGE][PASSED] - cupakeysDl.iconres.iconresize is PASSED

2018-03-06 06:13:05 - [TEST_STEP][PASSED] - Statement - (step++): null

2018-03-06 06:13:05 - [TEST_STEP][PASSED] - cupakeysDl.slink.svlink: cupakeysDl.slink.svlink is PASSED

2018-03-06 06:13:05 - [MESSAGE][PASSED] - Scroll to object 'Object Repository/CuPaDl/Save/Save' successfully

2018-03-06 06:13:05 - [MESSAGE][PASSED] - Object: 'Object Repository/CuPaDl/Save/Save' is clicked on

2018-03-06 06:13:05 - [MESSAGE][WARNING] - Timeout '0' is invalid. Using default page load timeout: '30'

2018-03-06 06:13:05 - [MESSAGE][PASSED] - Object 'Object Repository/CuPaDl/Save/CopyLink' is visible

2018-03-06 06:13:05 - [MESSAGE][PASSED] - Object: 'Object Repository/CuPaDl/Save/CopyLink' is clicked on

2018-03-06 06:13:06 - [MESSAGE][PASSED] - Delayed 1 second(s)

2018-03-06 06:13:06 - [MESSAGE][PASSED] - Object: 'Object Repository/CuPaDl/Save/Close' is clicked on

2018-03-06 06:13:07 - [MESSAGE][PASSED] - Delayed 1 second(s)

2018-03-06 06:13:07 - [MESSAGE][PASSED] - cupakeysDl.slink.svlink is PASSED

2018-03-06 06:13:07 - [TEST_STEP][PASSED] - cupakeysDl.endsession.finishsession: cupakeysDl.endsession.finishsession is PASSED

2018-03-06 06:13:10 - [MESSAGE][PASSED] - Delayed 3 second(s)

2018-03-06 06:13:11 - [MESSAGE][PASSED] - Browser is closed

2018-03-06 06:13:11 - [MESSAGE][PASSED] - cupakeysDl.endsession.finishsession is PASSED]]></system-out>
         <system-err><![CDATA[]]></system-err>
      </testcase>
      <testcase name="Test Cases/CuPaStefanie/8" classname="Test Cases/CuPaStefanie/8" status="PASSED">
         <system-out><![CDATA[2018-03-06 06:13:11 - [TEST_CASE][PASSED] - Test Cases/CuPaStefanie/8: Test Cases/CuPaStefanie/8

2018-03-06 06:13:11 - [TEST_STEP][PASSED] - Statement - timeStamp = new java.text.SimpleDateFormat(dd.MM.yyyy_HH_mm_ss).format(java.util.Calendar.getInstance().getTime()): null

2018-03-06 06:13:11 - [TEST_STEP][PASSED] - Statement - timeStampScreenshot = new java.text.SimpleDateFormat(dd.MM.yyyy).format(java.util.Calendar.getInstance().getTime()): null

2018-03-06 06:13:11 - [TEST_STEP][PASSED] - Statement - iconmap = [:]: null

2018-03-06 06:13:11 - [TEST_STEP][PASSED] - Statement - txtmap = [:]: null

2018-03-06 06:13:11 - [TEST_STEP][PASSED] - Statement - signmap = [:]: null

2018-03-06 06:13:11 - [TEST_STEP][PASSED] - cupakeysDl.initStart.initialStart: cupakeysDl.initStart.initialStart is PASSED

2018-03-06 06:13:13 - [MESSAGE][PASSED] - Browser is opened with url: ''

2018-03-06 06:13:16 - [MESSAGE][PASSED] - Delayed 3 second(s)

2018-03-06 06:13:18 - [MESSAGE][PASSED] - Navigate to 'https://d16a4dsnr8a0k1.cloudfront.net/en/2455233.html?price=150.00%20%E2%82%AC&partName=wilsonPartName&vin=wilsonVin&modelCode=XP11&paint=P0A94&modelDescription=wilsonModelDescription&additionalEquipment=wilsonAdditionalEquipment' successfully

2018-03-06 06:13:18 - [MESSAGE][PASSED] - Object 'Object Repository/CuPaDl/Loading_indicator' is visible

2018-03-06 06:13:22 - [MESSAGE][PASSED] - Object 'Object Repository/CuPaDl/Loading_indicator' is NOT visible

2018-03-06 06:13:23 - [MESSAGE][PASSED] - Delayed 1 second(s)

2018-03-06 06:13:23 - [MESSAGE][PASSED] - cupakeysDl.initStart.initialStart is PASSED

2018-03-06 06:13:23 - [TEST_STEP][PASSED] - Statement - (step++): null

2018-03-06 06:13:23 - [TEST_STEP][PASSED] - cupakeysDl.color.changecolor: cupakeysDl.color.changecolor is PASSED

2018-03-06 06:13:23 - [MESSAGE][PASSED] - Object 'Object Repository/CuPaDl/Color/Color' is visible

2018-03-06 06:13:23 - [MESSAGE][PASSED] - Object: 'Object Repository/CuPaDl/Color/Color' is clicked on

2018-03-06 06:13:24 - [MESSAGE][PASSED] - Delayed 1 second(s)

2018-03-06 06:13:24 - [MESSAGE][PASSED] - Object 'Object Repository/CuPaDl/Color/Color_electricblue' is visible

2018-03-06 06:13:24 - [MESSAGE][PASSED] - Object: 'Object Repository/CuPaDl/Color/Color_electricblue' is clicked on

2018-03-06 06:13:24 - [MESSAGE][WARNING] - Timeout '0' is invalid. Using default page load timeout: '30'

2018-03-06 06:13:24 - [MESSAGE][PASSED] - Object 'Object Repository/CuPaDl/Color/Color_electricblue' is visible

2018-03-06 06:13:25 - [MESSAGE][PASSED] - Delayed 1 second(s)

2018-03-06 06:13:25 - [MESSAGE][PASSED] - Object: 'Object Repository/CuPaDl/Color/Color_electricblue' is clicked on

2018-03-06 06:13:28 - [MESSAGE][WARNING] - Object 'Object Repository/CuPaDl/Loading_indicator' is not visible after 3 second(s)

2018-03-06 06:13:29 - [MESSAGE][PASSED] - Delayed 1 second(s)

2018-03-06 06:13:29 - [MESSAGE][PASSED] - cupakeysDl.color.changecolor is PASSED

2018-03-06 06:13:29 - [TEST_STEP][PASSED] - Statement - (step++): null

2018-03-06 06:13:29 - [TEST_STEP][PASSED] - cupakeysDl.chngstruct.changestructure: cupakeysDl.chngstruct.changestructure is PASSED

2018-03-06 06:13:29 - [MESSAGE][PASSED] - Object: 'Object Repository/CuPaDl/Structure/Structure' is clicked on

2018-03-06 06:13:29 - [MESSAGE][WARNING] - Timeout '0' is invalid. Using default page load timeout: '30'

2018-03-06 06:13:29 - [MESSAGE][PASSED] - Object 'Object Repository/CuPaDl/Structure/Structure_Hahnentritt' is visible

2018-03-06 06:13:29 - [MESSAGE][PASSED] - Object 'Object Repository/CuPaDl/Structure/Structure_quadrops' is visible

2018-03-06 06:13:29 - [MESSAGE][PASSED] - Object: 'Object Repository/CuPaDl/Structure/Structure_quadrops' is clicked on

2018-03-06 06:13:31 - [MESSAGE][PASSED] - Object 'Object Repository/CuPaDl/Loading_indicator' is visible

2018-03-06 06:13:37 - [MESSAGE][PASSED] - Object 'Object Repository/CuPaDl/Loading_indicator' is NOT visible

2018-03-06 06:13:38 - [MESSAGE][PASSED] - Delayed 1 second(s)

2018-03-06 06:13:38 - [MESSAGE][PASSED] - cupakeysDl.chngstruct.changestructure is PASSED

2018-03-06 06:13:38 - [TEST_STEP][PASSED] - Statement - (step++): null

2018-03-06 06:13:38 - [TEST_STEP][PASSED] - cupakeysDl.sclstruct.scalestructure: cupakeysDl.sclstruct.scalestructure is PASSED

2018-03-06 06:13:41 - [MESSAGE][WARNING] - Object 'Object Repository/CuPaDl/Structure/Resize_Structure_bottomright' is not visible after 3 second(s)

2018-03-06 06:13:41 - [MESSAGE][PASSED] - Object: 'Object Repository/CuPaDl/Structure/Resize_Structure' is clicked on

2018-03-06 06:13:41 - [MESSAGE][WARNING] - Timeout '0' is invalid. Using default page load timeout: '30'

2018-03-06 06:13:41 - [MESSAGE][PASSED] - Object 'Object Repository/CuPaDl/Structure/Resize_Structure_bottomright' is visible

2018-03-06 06:13:42 - [MESSAGE][PASSED] - Delayed 1 second(s)

2018-03-06 06:13:42 - [MESSAGE][PASSED] - Current viewport's left (x) position is 0

2018-03-06 06:13:42 - [MESSAGE][PASSED] - Current viewport's top (y) position is 54

2018-03-06 06:13:43 - [MESSAGE][PASSED] - Dragged object with id 'Object Repository/CuPaDl/Structure/Resize_Structure_bottomright' by offset distance x = 225 and y = 279 successfully

2018-03-06 06:13:43 - [MESSAGE][PASSED] - Object 'Object Repository/CuPaDl/Loading_indicator' is visible

2018-03-06 06:13:49 - [MESSAGE][PASSED] - Object 'Object Repository/CuPaDl/Loading_indicator' is NOT visible

2018-03-06 06:13:50 - [MESSAGE][PASSED] - Delayed 1 second(s)

2018-03-06 06:13:50 - [MESSAGE][PASSED] - cupakeysDl.sclstruct.scalestructure is PASSED

2018-03-06 06:13:50 - [TEST_STEP][PASSED] - Statement - (step++): null

2018-03-06 06:13:50 - [TEST_STEP][PASSED] - Statement - iconmap += CustomKeywords.cupakeysDl.iconad.iconadd("pin", LoadTimeCorrector, step, run, device, timeStamp, iconcount): cupakeysDl.iconad.iconadd is PASSED

2018-03-06 06:13:50 - [MESSAGE][PASSED] - Object: 'Object Repository/CuPaDl/Icons/Icon' is clicked on

2018-03-06 06:13:50 - [MESSAGE][PASSED] - Object 'Object Repository/CuPaDl/Icons/Icon_pin' is visible

2018-03-06 06:13:50 - [MESSAGE][PASSED] - Object: 'Object Repository/CuPaDl/Icons/Icon_pin' is clicked on

2018-03-06 06:13:51 - [MESSAGE][PASSED] - Delayed 1 second(s)

2018-03-06 06:13:51 - [MESSAGE][PASSED] - Object 'Object Repository/CuPaDl/Loading_indicator' is visible

2018-03-06 06:13:58 - [MESSAGE][PASSED] - Object 'Object Repository/CuPaDl/Loading_indicator' is NOT visible

2018-03-06 06:13:58 - [MESSAGE][WARNING] - Timeout '0' is invalid. Using default page load timeout: '30'

2018-03-06 06:13:58 - [MESSAGE][PASSED] - Width of element 'Object Repository/CuPaDl/Icons/Reposition_icon' is '40'

2018-03-06 06:13:58 - [MESSAGE][PASSED] - Height of element 'Object Repository/CuPaDl/Icons/Reposition_icon' is '40'.

2018-03-06 06:13:59 - [MESSAGE][PASSED] - Delayed 1 second(s)

2018-03-06 06:13:59 - [MESSAGE][PASSED] - cupakeysDl.iconad.iconadd is PASSED

2018-03-06 06:13:59 - [TEST_STEP][PASSED] - Statement - (step++): null

2018-03-06 06:13:59 - [TEST_STEP][PASSED] - Statement - (iconcount++): null

2018-03-06 06:13:59 - [TEST_STEP][PASSED] - cupakeysDl.iconres.iconresize: cupakeysDl.iconres.iconresize is PASSED

2018-03-06 06:13:59 - [MESSAGE][PASSED] - Object 'Object Repository/CuPaDl/Icons/Reposition_icon' is visible

2018-03-06 06:13:59 - [MESSAGE][PASSED] - Current viewport's left (x) position is 0

2018-03-06 06:13:59 - [MESSAGE][PASSED] - Current viewport's top (y) position is 54

2018-03-06 06:13:59 - [MESSAGE][PASSED] - Dragged object with id 'Object Repository/CuPaDl/Icons/Resize_icon_bottomright' by offset distance x = 125 and y = 179 successfully

2018-03-06 06:14:00 - [MESSAGE][PASSED] - Object 'Object Repository/CuPaDl/Loading_indicator' is visible

2018-03-06 06:14:08 - [MESSAGE][PASSED] - Object 'Object Repository/CuPaDl/Loading_indicator' is NOT visible

2018-03-06 06:14:09 - [MESSAGE][PASSED] - Delayed 1 second(s)

2018-03-06 06:14:09 - [MESSAGE][PASSED] - cupakeysDl.iconres.iconresize is PASSED

2018-03-06 06:14:09 - [TEST_STEP][PASSED] - Statement - (step++): null

2018-03-06 06:14:09 - [TEST_STEP][PASSED] - cupakeysDl.slink.svlink: cupakeysDl.slink.svlink is PASSED

2018-03-06 06:14:09 - [MESSAGE][PASSED] - Scroll to object 'Object Repository/CuPaDl/Save/Save' successfully

2018-03-06 06:14:09 - [MESSAGE][PASSED] - Object: 'Object Repository/CuPaDl/Save/Save' is clicked on

2018-03-06 06:14:09 - [MESSAGE][WARNING] - Timeout '0' is invalid. Using default page load timeout: '30'

2018-03-06 06:14:10 - [MESSAGE][PASSED] - Object 'Object Repository/CuPaDl/Save/CopyLink' is visible

2018-03-06 06:14:10 - [MESSAGE][PASSED] - Object: 'Object Repository/CuPaDl/Save/CopyLink' is clicked on

2018-03-06 06:14:11 - [MESSAGE][PASSED] - Delayed 1 second(s)

2018-03-06 06:14:11 - [MESSAGE][PASSED] - Object: 'Object Repository/CuPaDl/Save/Close' is clicked on

2018-03-06 06:14:12 - [MESSAGE][PASSED] - Delayed 1 second(s)

2018-03-06 06:14:12 - [MESSAGE][PASSED] - cupakeysDl.slink.svlink is PASSED

2018-03-06 06:14:12 - [TEST_STEP][PASSED] - cupakeysDl.endsession.finishsession: cupakeysDl.endsession.finishsession is PASSED

2018-03-06 06:14:15 - [MESSAGE][PASSED] - Delayed 3 second(s)

2018-03-06 06:14:16 - [MESSAGE][PASSED] - Browser is closed

2018-03-06 06:14:16 - [MESSAGE][PASSED] - cupakeysDl.endsession.finishsession is PASSED]]></system-out>
         <system-err><![CDATA[]]></system-err>
      </testcase>
      <testcase name="Test Cases/CuPaStefanie/9" classname="Test Cases/CuPaStefanie/9" status="PASSED">
         <system-out><![CDATA[2018-03-06 06:14:16 - [TEST_CASE][PASSED] - Test Cases/CuPaStefanie/9: Test Cases/CuPaStefanie/9

2018-03-06 06:14:16 - [TEST_STEP][PASSED] - Statement - timeStamp = new java.text.SimpleDateFormat(dd.MM.yyyy_HH_mm_ss).format(java.util.Calendar.getInstance().getTime()): null

2018-03-06 06:14:16 - [TEST_STEP][PASSED] - Statement - timeStampScreenshot = new java.text.SimpleDateFormat(dd.MM.yyyy).format(java.util.Calendar.getInstance().getTime()): null

2018-03-06 06:14:16 - [TEST_STEP][PASSED] - Statement - iconmap = [:]: null

2018-03-06 06:14:16 - [TEST_STEP][PASSED] - Statement - txtmap = [:]: null

2018-03-06 06:14:16 - [TEST_STEP][PASSED] - Statement - signmap = [:]: null

2018-03-06 06:14:16 - [TEST_STEP][PASSED] - cupakeysDl.initStart.initialStart: cupakeysDl.initStart.initialStart is PASSED

2018-03-06 06:14:18 - [MESSAGE][PASSED] - Browser is opened with url: ''

2018-03-06 06:14:21 - [MESSAGE][PASSED] - Delayed 3 second(s)

2018-03-06 06:14:22 - [MESSAGE][PASSED] - Navigate to 'https://d16a4dsnr8a0k1.cloudfront.net/en/2455233.html?price=150.00%20%E2%82%AC&partName=wilsonPartName&vin=wilsonVin&modelCode=XP11&paint=P0A94&modelDescription=wilsonModelDescription&additionalEquipment=wilsonAdditionalEquipment' successfully

2018-03-06 06:14:22 - [MESSAGE][PASSED] - Object 'Object Repository/CuPaDl/Loading_indicator' is visible

2018-03-06 06:14:26 - [MESSAGE][PASSED] - Object 'Object Repository/CuPaDl/Loading_indicator' is NOT visible

2018-03-06 06:14:27 - [MESSAGE][PASSED] - Delayed 1 second(s)

2018-03-06 06:14:27 - [MESSAGE][PASSED] - cupakeysDl.initStart.initialStart is PASSED

2018-03-06 06:14:27 - [TEST_STEP][PASSED] - Statement - (step++): null

2018-03-06 06:14:27 - [TEST_STEP][PASSED] - cupakeysDl.color.changecolor: cupakeysDl.color.changecolor is PASSED

2018-03-06 06:14:27 - [MESSAGE][PASSED] - Object 'Object Repository/CuPaDl/Color/Color' is visible

2018-03-06 06:14:27 - [MESSAGE][PASSED] - Object: 'Object Repository/CuPaDl/Color/Color' is clicked on

2018-03-06 06:14:28 - [MESSAGE][PASSED] - Delayed 1 second(s)

2018-03-06 06:14:28 - [MESSAGE][PASSED] - Object 'Object Repository/CuPaDl/Color/Color_rebelgreen' is visible

2018-03-06 06:14:28 - [MESSAGE][PASSED] - Object: 'Object Repository/CuPaDl/Color/Color_rebelgreen' is clicked on

2018-03-06 06:14:28 - [MESSAGE][WARNING] - Timeout '0' is invalid. Using default page load timeout: '30'

2018-03-06 06:14:28 - [MESSAGE][PASSED] - Object 'Object Repository/CuPaDl/Color/Color_rebelgreen' is visible

2018-03-06 06:14:29 - [MESSAGE][PASSED] - Delayed 1 second(s)

2018-03-06 06:14:29 - [MESSAGE][PASSED] - Object: 'Object Repository/CuPaDl/Color/Color_rebelgreen' is clicked on

2018-03-06 06:14:33 - [MESSAGE][WARNING] - Object 'Object Repository/CuPaDl/Loading_indicator' is not visible after 3 second(s)

2018-03-06 06:14:34 - [MESSAGE][PASSED] - Delayed 1 second(s)

2018-03-06 06:14:34 - [MESSAGE][PASSED] - cupakeysDl.color.changecolor is PASSED

2018-03-06 06:14:34 - [TEST_STEP][PASSED] - Statement - (step++): null

2018-03-06 06:14:34 - [TEST_STEP][PASSED] - cupakeysDl.chngstruct.changestructure: cupakeysDl.chngstruct.changestructure is PASSED

2018-03-06 06:14:34 - [MESSAGE][PASSED] - Object: 'Object Repository/CuPaDl/Structure/Structure' is clicked on

2018-03-06 06:14:34 - [MESSAGE][WARNING] - Timeout '0' is invalid. Using default page load timeout: '30'

2018-03-06 06:14:34 - [MESSAGE][PASSED] - Object 'Object Repository/CuPaDl/Structure/Structure_Hahnentritt' is visible

2018-03-06 06:14:34 - [MESSAGE][PASSED] - Object 'Object Repository/CuPaDl/Structure/Structure_dots' is visible

2018-03-06 06:14:34 - [MESSAGE][PASSED] - Object: 'Object Repository/CuPaDl/Structure/Structure_dots' is clicked on

2018-03-06 06:14:35 - [MESSAGE][PASSED] - Object 'Object Repository/CuPaDl/Loading_indicator' is visible

2018-03-06 06:14:38 - [MESSAGE][PASSED] - Object 'Object Repository/CuPaDl/Loading_indicator' is NOT visible

2018-03-06 06:14:39 - [MESSAGE][PASSED] - Delayed 1 second(s)

2018-03-06 06:14:39 - [MESSAGE][PASSED] - cupakeysDl.chngstruct.changestructure is PASSED

2018-03-06 06:14:39 - [TEST_STEP][PASSED] - Statement - (step++): null

2018-03-06 06:14:39 - [TEST_STEP][PASSED] - cupakeysDl.sclstruct.scalestructure: cupakeysDl.sclstruct.scalestructure is PASSED

2018-03-06 06:14:43 - [MESSAGE][WARNING] - Object 'Object Repository/CuPaDl/Structure/Resize_Structure_bottomright' is not visible after 3 second(s)

2018-03-06 06:14:43 - [MESSAGE][PASSED] - Object: 'Object Repository/CuPaDl/Structure/Resize_Structure' is clicked on

2018-03-06 06:14:43 - [MESSAGE][WARNING] - Timeout '0' is invalid. Using default page load timeout: '30'

2018-03-06 06:14:43 - [MESSAGE][PASSED] - Object 'Object Repository/CuPaDl/Structure/Resize_Structure_bottomright' is visible

2018-03-06 06:14:44 - [MESSAGE][PASSED] - Delayed 1 second(s)

2018-03-06 06:14:44 - [MESSAGE][PASSED] - Current viewport's left (x) position is 0

2018-03-06 06:14:44 - [MESSAGE][PASSED] - Current viewport's top (y) position is 54

2018-03-06 06:14:44 - [MESSAGE][PASSED] - Dragged object with id 'Object Repository/CuPaDl/Structure/Resize_Structure_bottomright' by offset distance x = -225 and y = -171 successfully

2018-03-06 06:14:45 - [MESSAGE][PASSED] - Object 'Object Repository/CuPaDl/Loading_indicator' is visible

2018-03-06 06:14:50 - [MESSAGE][PASSED] - Object 'Object Repository/CuPaDl/Loading_indicator' is NOT visible

2018-03-06 06:14:51 - [MESSAGE][PASSED] - Delayed 1 second(s)

2018-03-06 06:14:51 - [MESSAGE][PASSED] - cupakeysDl.sclstruct.scalestructure is PASSED

2018-03-06 06:14:51 - [TEST_STEP][PASSED] - Statement - (step++): null

2018-03-06 06:14:51 - [TEST_STEP][PASSED] - Statement - iconmap += CustomKeywords.cupakeysDl.iconad.iconadd("paperplane", LoadTimeCorrector, step, run, device, timeStamp, iconcount): cupakeysDl.iconad.iconadd is PASSED

2018-03-06 06:14:51 - [MESSAGE][PASSED] - Object: 'Object Repository/CuPaDl/Icons/Icon' is clicked on

2018-03-06 06:14:51 - [MESSAGE][PASSED] - Object 'Object Repository/CuPaDl/Icons/Icon_paperplane' is visible

2018-03-06 06:14:51 - [MESSAGE][PASSED] - Object: 'Object Repository/CuPaDl/Icons/Icon_paperplane' is clicked on

2018-03-06 06:14:52 - [MESSAGE][PASSED] - Delayed 1 second(s)

2018-03-06 06:14:52 - [MESSAGE][PASSED] - Object 'Object Repository/CuPaDl/Loading_indicator' is visible

2018-03-06 06:15:01 - [MESSAGE][PASSED] - Object 'Object Repository/CuPaDl/Loading_indicator' is NOT visible

2018-03-06 06:15:01 - [MESSAGE][WARNING] - Timeout '0' is invalid. Using default page load timeout: '30'

2018-03-06 06:15:01 - [MESSAGE][PASSED] - Width of element 'Object Repository/CuPaDl/Icons/Reposition_icon' is '40'

2018-03-06 06:15:01 - [MESSAGE][PASSED] - Height of element 'Object Repository/CuPaDl/Icons/Reposition_icon' is '40'.

2018-03-06 06:15:02 - [MESSAGE][PASSED] - Delayed 1 second(s)

2018-03-06 06:15:02 - [MESSAGE][PASSED] - cupakeysDl.iconad.iconadd is PASSED

2018-03-06 06:15:02 - [TEST_STEP][PASSED] - Statement - (step++): null

2018-03-06 06:15:02 - [TEST_STEP][PASSED] - Statement - (iconcount++): null

2018-03-06 06:15:02 - [TEST_STEP][PASSED] - cupakeysDl.iconres.iconresize: cupakeysDl.iconres.iconresize is PASSED

2018-03-06 06:15:03 - [MESSAGE][PASSED] - Object 'Object Repository/CuPaDl/Icons/Reposition_icon' is visible

2018-03-06 06:15:03 - [MESSAGE][PASSED] - Current viewport's left (x) position is 0

2018-03-06 06:15:03 - [MESSAGE][PASSED] - Current viewport's top (y) position is 54

2018-03-06 06:15:03 - [MESSAGE][PASSED] - Dragged object with id 'Object Repository/CuPaDl/Icons/Resize_icon_bottomright' by offset distance x = -125 and y = -71 successfully

2018-03-06 06:15:04 - [MESSAGE][PASSED] - Object 'Object Repository/CuPaDl/Loading_indicator' is visible

2018-03-06 06:15:08 - [MESSAGE][PASSED] - Object 'Object Repository/CuPaDl/Loading_indicator' is NOT visible

2018-03-06 06:15:09 - [MESSAGE][PASSED] - Delayed 1 second(s)

2018-03-06 06:15:09 - [MESSAGE][PASSED] - cupakeysDl.iconres.iconresize is PASSED

2018-03-06 06:15:09 - [TEST_STEP][PASSED] - Statement - (step++): null

2018-03-06 06:15:09 - [TEST_STEP][PASSED] - cupakeysDl.slink.svlink: cupakeysDl.slink.svlink is PASSED

2018-03-06 06:15:09 - [MESSAGE][PASSED] - Scroll to object 'Object Repository/CuPaDl/Save/Save' successfully

2018-03-06 06:15:09 - [MESSAGE][PASSED] - Object: 'Object Repository/CuPaDl/Save/Save' is clicked on

2018-03-06 06:15:09 - [MESSAGE][WARNING] - Timeout '0' is invalid. Using default page load timeout: '30'

2018-03-06 06:15:10 - [MESSAGE][PASSED] - Object 'Object Repository/CuPaDl/Save/CopyLink' is visible

2018-03-06 06:15:10 - [MESSAGE][PASSED] - Object: 'Object Repository/CuPaDl/Save/CopyLink' is clicked on

2018-03-06 06:15:11 - [MESSAGE][PASSED] - Delayed 1 second(s)

2018-03-06 06:15:11 - [MESSAGE][PASSED] - Object: 'Object Repository/CuPaDl/Save/Close' is clicked on

2018-03-06 06:15:12 - [MESSAGE][PASSED] - Delayed 1 second(s)

2018-03-06 06:15:12 - [MESSAGE][PASSED] - cupakeysDl.slink.svlink is PASSED

2018-03-06 06:15:12 - [TEST_STEP][PASSED] - cupakeysDl.endsession.finishsession: cupakeysDl.endsession.finishsession is PASSED

2018-03-06 06:15:15 - [MESSAGE][PASSED] - Delayed 3 second(s)

2018-03-06 06:15:16 - [MESSAGE][PASSED] - Browser is closed

2018-03-06 06:15:16 - [MESSAGE][PASSED] - cupakeysDl.endsession.finishsession is PASSED]]></system-out>
         <system-err><![CDATA[]]></system-err>
      </testcase>
      <testcase name="Test Cases/CuPaStefanie/10" classname="Test Cases/CuPaStefanie/10" status="PASSED">
         <system-out><![CDATA[2018-03-06 06:15:16 - [TEST_CASE][PASSED] - Test Cases/CuPaStefanie/10: Test Cases/CuPaStefanie/10

2018-03-06 06:15:16 - [TEST_STEP][PASSED] - Statement - timeStamp = new java.text.SimpleDateFormat(dd.MM.yyyy_HH_mm_ss).format(java.util.Calendar.getInstance().getTime()): null

2018-03-06 06:15:16 - [TEST_STEP][PASSED] - Statement - timeStampScreenshot = new java.text.SimpleDateFormat(dd.MM.yyyy).format(java.util.Calendar.getInstance().getTime()): null

2018-03-06 06:15:16 - [TEST_STEP][PASSED] - Statement - ps = new java.io.PrintStream((((timeStamp + _Run) + run) + .txt)): null

2018-03-06 06:15:16 - [TEST_STEP][PASSED] - Statement - iconmap = [:]: null

2018-03-06 06:15:16 - [TEST_STEP][PASSED] - Statement - txtmap = [:]: null

2018-03-06 06:15:16 - [TEST_STEP][PASSED] - Statement - signmap = [:]: null

2018-03-06 06:15:16 - [TEST_STEP][PASSED] - cupakeysDl.initStart.initialStart: cupakeysDl.initStart.initialStart is PASSED

2018-03-06 06:15:18 - [MESSAGE][PASSED] - Browser is opened with url: ''

2018-03-06 06:15:21 - [MESSAGE][PASSED] - Delayed 3 second(s)

2018-03-06 06:15:22 - [MESSAGE][PASSED] - Navigate to 'https://d16a4dsnr8a0k1.cloudfront.net/en/2455233.html?price=150.00%20%E2%82%AC&partName=wilsonPartName&vin=wilsonVin&modelCode=XP11&paint=P0A94&modelDescription=wilsonModelDescription&additionalEquipment=wilsonAdditionalEquipment' successfully

2018-03-06 06:15:22 - [MESSAGE][PASSED] - Object 'Object Repository/CuPaDl/Loading_indicator' is visible

2018-03-06 06:15:27 - [MESSAGE][PASSED] - Object 'Object Repository/CuPaDl/Loading_indicator' is NOT visible

2018-03-06 06:15:28 - [MESSAGE][PASSED] - Delayed 1 second(s)

2018-03-06 06:15:28 - [MESSAGE][PASSED] - cupakeysDl.initStart.initialStart is PASSED

2018-03-06 06:15:28 - [TEST_STEP][PASSED] - Statement - (step++): null

2018-03-06 06:15:28 - [TEST_STEP][PASSED] - cupakeysDl.color.changecolor: cupakeysDl.color.changecolor is PASSED

2018-03-06 06:15:28 - [MESSAGE][PASSED] - Object 'Object Repository/CuPaDl/Color/Color' is visible

2018-03-06 06:15:28 - [MESSAGE][PASSED] - Object: 'Object Repository/CuPaDl/Color/Color' is clicked on

2018-03-06 06:15:29 - [MESSAGE][PASSED] - Delayed 1 second(s)

2018-03-06 06:15:29 - [MESSAGE][PASSED] - Object 'Object Repository/CuPaDl/Color/Color_rebelgreen' is visible

2018-03-06 06:15:29 - [MESSAGE][PASSED] - Object: 'Object Repository/CuPaDl/Color/Color_rebelgreen' is clicked on

2018-03-06 06:15:29 - [MESSAGE][WARNING] - Timeout '0' is invalid. Using default page load timeout: '30'

2018-03-06 06:15:29 - [MESSAGE][PASSED] - Object 'Object Repository/CuPaDl/Color/Color_rebelgreen' is visible

2018-03-06 06:15:30 - [MESSAGE][PASSED] - Delayed 1 second(s)

2018-03-06 06:15:30 - [MESSAGE][PASSED] - Object: 'Object Repository/CuPaDl/Color/Color_rebelgreen' is clicked on

2018-03-06 06:15:33 - [MESSAGE][WARNING] - Object 'Object Repository/CuPaDl/Loading_indicator' is not visible after 3 second(s)

2018-03-06 06:15:34 - [MESSAGE][PASSED] - Delayed 1 second(s)

2018-03-06 06:15:34 - [MESSAGE][PASSED] - cupakeysDl.color.changecolor is PASSED

2018-03-06 06:15:34 - [TEST_STEP][PASSED] - Statement - (step++): null

2018-03-06 06:15:34 - [TEST_STEP][PASSED] - cupakeysDl.chngstruct.changestructure: cupakeysDl.chngstruct.changestructure is PASSED

2018-03-06 06:15:34 - [MESSAGE][PASSED] - Object: 'Object Repository/CuPaDl/Structure/Structure' is clicked on

2018-03-06 06:15:34 - [MESSAGE][WARNING] - Timeout '0' is invalid. Using default page load timeout: '30'

2018-03-06 06:15:34 - [MESSAGE][PASSED] - Object 'Object Repository/CuPaDl/Structure/Structure_Hahnentritt' is visible

2018-03-06 06:15:34 - [MESSAGE][PASSED] - Object 'Object Repository/CuPaDl/Structure/Structure_dots' is visible

2018-03-06 06:15:34 - [MESSAGE][PASSED] - Object: 'Object Repository/CuPaDl/Structure/Structure_dots' is clicked on

2018-03-06 06:15:35 - [MESSAGE][PASSED] - Object 'Object Repository/CuPaDl/Loading_indicator' is visible

2018-03-06 06:15:39 - [MESSAGE][PASSED] - Object 'Object Repository/CuPaDl/Loading_indicator' is NOT visible

2018-03-06 06:15:40 - [MESSAGE][PASSED] - Delayed 1 second(s)

2018-03-06 06:15:40 - [MESSAGE][PASSED] - cupakeysDl.chngstruct.changestructure is PASSED

2018-03-06 06:15:40 - [TEST_STEP][PASSED] - Statement - (step++): null

2018-03-06 06:15:40 - [TEST_STEP][PASSED] - cupakeysDl.sclstruct.scalestructure: cupakeysDl.sclstruct.scalestructure is PASSED

2018-03-06 06:15:43 - [MESSAGE][WARNING] - Object 'Object Repository/CuPaDl/Structure/Resize_Structure_bottomright' is not visible after 3 second(s)

2018-03-06 06:15:43 - [MESSAGE][PASSED] - Object: 'Object Repository/CuPaDl/Structure/Resize_Structure' is clicked on

2018-03-06 06:15:43 - [MESSAGE][WARNING] - Timeout '0' is invalid. Using default page load timeout: '30'

2018-03-06 06:15:43 - [MESSAGE][PASSED] - Object 'Object Repository/CuPaDl/Structure/Resize_Structure_bottomright' is visible

2018-03-06 06:15:44 - [MESSAGE][PASSED] - Delayed 1 second(s)

2018-03-06 06:15:44 - [MESSAGE][PASSED] - Current viewport's left (x) position is 0

2018-03-06 06:15:44 - [MESSAGE][PASSED] - Current viewport's top (y) position is 54

2018-03-06 06:15:44 - [MESSAGE][PASSED] - Dragged object with id 'Object Repository/CuPaDl/Structure/Resize_Structure_bottomright' by offset distance x = 225 and y = 279 successfully

2018-03-06 06:15:45 - [MESSAGE][PASSED] - Object 'Object Repository/CuPaDl/Loading_indicator' is visible

2018-03-06 06:15:48 - [MESSAGE][PASSED] - Object 'Object Repository/CuPaDl/Loading_indicator' is NOT visible

2018-03-06 06:15:49 - [MESSAGE][PASSED] - Delayed 1 second(s)

2018-03-06 06:15:49 - [MESSAGE][PASSED] - cupakeysDl.sclstruct.scalestructure is PASSED

2018-03-06 06:15:49 - [TEST_STEP][PASSED] - Statement - (step++): null

2018-03-06 06:15:49 - [TEST_STEP][PASSED] - Statement - iconmap += CustomKeywords.cupakeysDl.iconad.iconadd("paperplane", LoadTimeCorrector, step, run, device, timeStamp, iconcount): cupakeysDl.iconad.iconadd is PASSED

2018-03-06 06:15:49 - [MESSAGE][PASSED] - Object: 'Object Repository/CuPaDl/Icons/Icon' is clicked on

2018-03-06 06:15:49 - [MESSAGE][PASSED] - Object 'Object Repository/CuPaDl/Icons/Icon_paperplane' is visible

2018-03-06 06:15:49 - [MESSAGE][PASSED] - Object: 'Object Repository/CuPaDl/Icons/Icon_paperplane' is clicked on

2018-03-06 06:15:50 - [MESSAGE][PASSED] - Delayed 1 second(s)

2018-03-06 06:15:50 - [MESSAGE][PASSED] - Object 'Object Repository/CuPaDl/Loading_indicator' is visible

2018-03-06 06:15:53 - [MESSAGE][PASSED] - Object 'Object Repository/CuPaDl/Loading_indicator' is NOT visible

2018-03-06 06:15:53 - [MESSAGE][WARNING] - Timeout '0' is invalid. Using default page load timeout: '30'

2018-03-06 06:15:53 - [MESSAGE][PASSED] - Width of element 'Object Repository/CuPaDl/Icons/Reposition_icon' is '40'

2018-03-06 06:15:53 - [MESSAGE][PASSED] - Height of element 'Object Repository/CuPaDl/Icons/Reposition_icon' is '40'.

2018-03-06 06:15:54 - [MESSAGE][PASSED] - Delayed 1 second(s)

2018-03-06 06:15:54 - [MESSAGE][PASSED] - cupakeysDl.iconad.iconadd is PASSED

2018-03-06 06:15:54 - [TEST_STEP][PASSED] - Statement - (step++): null

2018-03-06 06:15:54 - [TEST_STEP][PASSED] - Statement - (iconcount++): null

2018-03-06 06:15:54 - [TEST_STEP][PASSED] - cupakeysDl.iconres.iconresize: cupakeysDl.iconres.iconresize is PASSED

2018-03-06 06:15:54 - [MESSAGE][PASSED] - Object 'Object Repository/CuPaDl/Icons/Reposition_icon' is visible

2018-03-06 06:15:54 - [MESSAGE][PASSED] - Current viewport's left (x) position is 0

2018-03-06 06:15:54 - [MESSAGE][PASSED] - Current viewport's top (y) position is 54

2018-03-06 06:15:54 - [MESSAGE][PASSED] - Dragged object with id 'Object Repository/CuPaDl/Icons/Resize_icon_bottomright' by offset distance x = 125 and y = 179 successfully

2018-03-06 06:15:55 - [MESSAGE][PASSED] - Object 'Object Repository/CuPaDl/Loading_indicator' is visible

2018-03-06 06:15:57 - [MESSAGE][PASSED] - Object 'Object Repository/CuPaDl/Loading_indicator' is NOT visible

2018-03-06 06:15:59 - [MESSAGE][PASSED] - Delayed 1 second(s)

2018-03-06 06:15:59 - [MESSAGE][PASSED] - cupakeysDl.iconres.iconresize is PASSED

2018-03-06 06:15:59 - [TEST_STEP][PASSED] - Statement - (step++): null

2018-03-06 06:15:59 - [TEST_STEP][PASSED] - cupakeysDl.slink.svlink: cupakeysDl.slink.svlink is PASSED

2018-03-06 06:15:59 - [MESSAGE][PASSED] - Scroll to object 'Object Repository/CuPaDl/Save/Save' successfully

2018-03-06 06:15:59 - [MESSAGE][PASSED] - Object: 'Object Repository/CuPaDl/Save/Save' is clicked on

2018-03-06 06:15:59 - [MESSAGE][WARNING] - Timeout '0' is invalid. Using default page load timeout: '30'

2018-03-06 06:15:59 - [MESSAGE][PASSED] - Object 'Object Repository/CuPaDl/Save/CopyLink' is visible

2018-03-06 06:15:59 - [MESSAGE][PASSED] - Object: 'Object Repository/CuPaDl/Save/CopyLink' is clicked on

2018-03-06 06:16:00 - [MESSAGE][PASSED] - Delayed 1 second(s)

2018-03-06 06:16:00 - [MESSAGE][PASSED] - Object: 'Object Repository/CuPaDl/Save/Close' is clicked on

2018-03-06 06:16:01 - [MESSAGE][PASSED] - Delayed 1 second(s)

2018-03-06 06:16:01 - [MESSAGE][PASSED] - cupakeysDl.slink.svlink is PASSED

2018-03-06 06:16:01 - [TEST_STEP][PASSED] - cupakeysDl.endsession.finishsession: cupakeysDl.endsession.finishsession is PASSED

2018-03-06 06:16:04 - [MESSAGE][PASSED] - Delayed 3 second(s)

2018-03-06 06:16:05 - [MESSAGE][PASSED] - Browser is closed

2018-03-06 06:16:05 - [MESSAGE][PASSED] - cupakeysDl.endsession.finishsession is PASSED]]></system-out>
         <system-err><![CDATA[]]></system-err>
      </testcase>
      <testcase name="Test Cases/CuPaStefanie/11" classname="Test Cases/CuPaStefanie/11" status="PASSED">
         <system-out><![CDATA[2018-03-06 06:16:05 - [TEST_CASE][PASSED] - Test Cases/CuPaStefanie/11: Test Cases/CuPaStefanie/11

2018-03-06 06:16:05 - [TEST_STEP][PASSED] - Statement - timeStamp = new java.text.SimpleDateFormat(dd.MM.yyyy_HH_mm_ss).format(java.util.Calendar.getInstance().getTime()): null

2018-03-06 06:16:05 - [TEST_STEP][PASSED] - Statement - timeStampScreenshot = new java.text.SimpleDateFormat(dd.MM.yyyy).format(java.util.Calendar.getInstance().getTime()): null

2018-03-06 06:16:05 - [TEST_STEP][PASSED] - Statement - iconmap = [:]: null

2018-03-06 06:16:05 - [TEST_STEP][PASSED] - Statement - txtmap = [:]: null

2018-03-06 06:16:05 - [TEST_STEP][PASSED] - Statement - signmap = [:]: null

2018-03-06 06:16:05 - [TEST_STEP][PASSED] - cupakeysDl.initStart.initialStart: cupakeysDl.initStart.initialStart is PASSED

2018-03-06 06:16:07 - [MESSAGE][PASSED] - Browser is opened with url: ''

2018-03-06 06:16:10 - [MESSAGE][PASSED] - Delayed 3 second(s)

2018-03-06 06:16:12 - [MESSAGE][PASSED] - Navigate to 'https://d16a4dsnr8a0k1.cloudfront.net/en/2455233.html?price=150.00%20%E2%82%AC&partName=wilsonPartName&vin=wilsonVin&modelCode=XP11&paint=P0A94&modelDescription=wilsonModelDescription&additionalEquipment=wilsonAdditionalEquipment' successfully

2018-03-06 06:16:12 - [MESSAGE][PASSED] - Object 'Object Repository/CuPaDl/Loading_indicator' is visible

2018-03-06 06:16:16 - [MESSAGE][PASSED] - Object 'Object Repository/CuPaDl/Loading_indicator' is NOT visible

2018-03-06 06:16:17 - [MESSAGE][PASSED] - Delayed 1 second(s)

2018-03-06 06:16:17 - [MESSAGE][PASSED] - cupakeysDl.initStart.initialStart is PASSED

2018-03-06 06:16:17 - [TEST_STEP][PASSED] - Statement - (step++): null

2018-03-06 06:16:17 - [TEST_STEP][PASSED] - cupakeysDl.color.changecolor: cupakeysDl.color.changecolor is PASSED

2018-03-06 06:16:17 - [MESSAGE][PASSED] - Object 'Object Repository/CuPaDl/Color/Color' is visible

2018-03-06 06:16:17 - [MESSAGE][PASSED] - Object: 'Object Repository/CuPaDl/Color/Color' is clicked on

2018-03-06 06:16:18 - [MESSAGE][PASSED] - Delayed 1 second(s)

2018-03-06 06:16:18 - [MESSAGE][PASSED] - Object 'Object Repository/CuPaDl/Color/Color_passionred' is visible

2018-03-06 06:16:18 - [MESSAGE][PASSED] - Object: 'Object Repository/CuPaDl/Color/Color_passionred' is clicked on

2018-03-06 06:16:18 - [MESSAGE][WARNING] - Timeout '0' is invalid. Using default page load timeout: '30'

2018-03-06 06:16:18 - [MESSAGE][PASSED] - Object 'Object Repository/CuPaDl/Color/Color_passionred' is visible

2018-03-06 06:16:19 - [MESSAGE][PASSED] - Delayed 1 second(s)

2018-03-06 06:16:19 - [MESSAGE][PASSED] - Object: 'Object Repository/CuPaDl/Color/Color_passionred' is clicked on

2018-03-06 06:16:22 - [MESSAGE][WARNING] - Object 'Object Repository/CuPaDl/Loading_indicator' is not visible after 3 second(s)

2018-03-06 06:16:23 - [MESSAGE][PASSED] - Delayed 1 second(s)

2018-03-06 06:16:23 - [MESSAGE][PASSED] - cupakeysDl.color.changecolor is PASSED

2018-03-06 06:16:23 - [TEST_STEP][PASSED] - Statement - (step++): null

2018-03-06 06:16:23 - [TEST_STEP][PASSED] - cupakeysDl.chngstruct.changestructure: cupakeysDl.chngstruct.changestructure is PASSED

2018-03-06 06:16:24 - [MESSAGE][PASSED] - Object: 'Object Repository/CuPaDl/Structure/Structure' is clicked on

2018-03-06 06:16:24 - [MESSAGE][WARNING] - Timeout '0' is invalid. Using default page load timeout: '30'

2018-03-06 06:16:24 - [MESSAGE][PASSED] - Object 'Object Repository/CuPaDl/Structure/Structure_Hahnentritt' is visible

2018-03-06 06:16:24 - [MESSAGE][PASSED] - Object 'Object Repository/CuPaDl/Structure/Structure_hahnentritt' is visible

2018-03-06 06:16:24 - [MESSAGE][PASSED] - Object: 'Object Repository/CuPaDl/Structure/Structure_hahnentritt' is clicked on

2018-03-06 06:16:25 - [MESSAGE][PASSED] - Object 'Object Repository/CuPaDl/Loading_indicator' is visible

2018-03-06 06:16:25 - [MESSAGE][PASSED] - Object 'Object Repository/CuPaDl/Loading_indicator' is NOT visible

2018-03-06 06:16:26 - [MESSAGE][PASSED] - Delayed 1 second(s)

2018-03-06 06:16:26 - [MESSAGE][PASSED] - cupakeysDl.chngstruct.changestructure is PASSED

2018-03-06 06:16:26 - [TEST_STEP][PASSED] - Statement - (step++): null

2018-03-06 06:16:26 - [TEST_STEP][PASSED] - cupakeysDl.sclstruct.scalestructure: cupakeysDl.sclstruct.scalestructure is PASSED

2018-03-06 06:16:29 - [MESSAGE][WARNING] - Object 'Object Repository/CuPaDl/Structure/Resize_Structure_bottomright' is not visible after 3 second(s)

2018-03-06 06:16:29 - [MESSAGE][PASSED] - Object: 'Object Repository/CuPaDl/Structure/Resize_Structure' is clicked on

2018-03-06 06:16:29 - [MESSAGE][WARNING] - Timeout '0' is invalid. Using default page load timeout: '30'

2018-03-06 06:16:29 - [MESSAGE][PASSED] - Object 'Object Repository/CuPaDl/Structure/Resize_Structure_bottomright' is visible

2018-03-06 06:16:30 - [MESSAGE][PASSED] - Delayed 1 second(s)

2018-03-06 06:16:31 - [MESSAGE][PASSED] - Current viewport's left (x) position is 0

2018-03-06 06:16:31 - [MESSAGE][PASSED] - Current viewport's top (y) position is 54

2018-03-06 06:16:31 - [MESSAGE][PASSED] - Dragged object with id 'Object Repository/CuPaDl/Structure/Resize_Structure_bottomright' by offset distance x = -225 and y = -171 successfully

2018-03-06 06:16:34 - [MESSAGE][WARNING] - Object 'Object Repository/CuPaDl/Loading_indicator' is not visible after 3 second(s)

2018-03-06 06:16:35 - [MESSAGE][PASSED] - Delayed 1 second(s)

2018-03-06 06:16:35 - [MESSAGE][PASSED] - cupakeysDl.sclstruct.scalestructure is PASSED

2018-03-06 06:16:35 - [TEST_STEP][PASSED] - Statement - (step++): null

2018-03-06 06:16:35 - [TEST_STEP][PASSED] - Statement - iconmap += CustomKeywords.cupakeysDl.iconad.iconadd("paperplaneline", LoadTimeCorrector, step, run, device, timeStamp, iconcount): cupakeysDl.iconad.iconadd is PASSED

2018-03-06 06:16:35 - [MESSAGE][PASSED] - Object: 'Object Repository/CuPaDl/Icons/Icon' is clicked on

2018-03-06 06:16:35 - [MESSAGE][PASSED] - Object 'Object Repository/CuPaDl/Icons/Icon_paperplaneline' is visible

2018-03-06 06:16:35 - [MESSAGE][PASSED] - Object: 'Object Repository/CuPaDl/Icons/Icon_paperplaneline' is clicked on

2018-03-06 06:16:36 - [MESSAGE][PASSED] - Delayed 1 second(s)

2018-03-06 06:16:36 - [MESSAGE][PASSED] - Object 'Object Repository/CuPaDl/Loading_indicator' is visible

2018-03-06 06:16:37 - [MESSAGE][PASSED] - Object 'Object Repository/CuPaDl/Loading_indicator' is NOT visible

2018-03-06 06:16:37 - [MESSAGE][WARNING] - Timeout '0' is invalid. Using default page load timeout: '30'

2018-03-06 06:16:37 - [MESSAGE][PASSED] - Width of element 'Object Repository/CuPaDl/Icons/Reposition_icon' is '40'

2018-03-06 06:16:37 - [MESSAGE][PASSED] - Height of element 'Object Repository/CuPaDl/Icons/Reposition_icon' is '40'.

2018-03-06 06:16:38 - [MESSAGE][PASSED] - Delayed 1 second(s)

2018-03-06 06:16:38 - [MESSAGE][PASSED] - cupakeysDl.iconad.iconadd is PASSED

2018-03-06 06:16:38 - [TEST_STEP][PASSED] - Statement - (step++): null

2018-03-06 06:16:38 - [TEST_STEP][PASSED] - Statement - (iconcount++): null

2018-03-06 06:16:38 - [TEST_STEP][PASSED] - cupakeysDl.iconres.iconresize: cupakeysDl.iconres.iconresize is PASSED

2018-03-06 06:16:38 - [MESSAGE][PASSED] - Object 'Object Repository/CuPaDl/Icons/Reposition_icon' is visible

2018-03-06 06:16:38 - [MESSAGE][PASSED] - Current viewport's left (x) position is 0

2018-03-06 06:16:38 - [MESSAGE][PASSED] - Current viewport's top (y) position is 54

2018-03-06 06:16:38 - [MESSAGE][PASSED] - Dragged object with id 'Object Repository/CuPaDl/Icons/Resize_icon_bottomright' by offset distance x = -125 and y = -71 successfully

2018-03-06 06:16:41 - [MESSAGE][WARNING] - Object 'Object Repository/CuPaDl/Loading_indicator' is not visible after 3 second(s)

2018-03-06 06:16:42 - [MESSAGE][PASSED] - Delayed 1 second(s)

2018-03-06 06:16:42 - [MESSAGE][PASSED] - cupakeysDl.iconres.iconresize is PASSED

2018-03-06 06:16:42 - [TEST_STEP][PASSED] - Statement - (step++): null

2018-03-06 06:16:42 - [TEST_STEP][PASSED] - cupakeysDl.slink.svlink: cupakeysDl.slink.svlink is PASSED

2018-03-06 06:16:42 - [MESSAGE][PASSED] - Scroll to object 'Object Repository/CuPaDl/Save/Save' successfully

2018-03-06 06:16:42 - [MESSAGE][PASSED] - Object: 'Object Repository/CuPaDl/Save/Save' is clicked on

2018-03-06 06:16:42 - [MESSAGE][WARNING] - Timeout '0' is invalid. Using default page load timeout: '30'

2018-03-06 06:16:43 - [MESSAGE][PASSED] - Object 'Object Repository/CuPaDl/Save/CopyLink' is visible

2018-03-06 06:16:43 - [MESSAGE][PASSED] - Object: 'Object Repository/CuPaDl/Save/CopyLink' is clicked on

2018-03-06 06:16:44 - [MESSAGE][PASSED] - Delayed 1 second(s)

2018-03-06 06:16:44 - [MESSAGE][PASSED] - Object: 'Object Repository/CuPaDl/Save/Close' is clicked on

2018-03-06 06:16:45 - [MESSAGE][PASSED] - Delayed 1 second(s)

2018-03-06 06:16:45 - [MESSAGE][PASSED] - cupakeysDl.slink.svlink is PASSED

2018-03-06 06:16:45 - [TEST_STEP][PASSED] - cupakeysDl.endsession.finishsession: cupakeysDl.endsession.finishsession is PASSED

2018-03-06 06:16:48 - [MESSAGE][PASSED] - Delayed 3 second(s)

2018-03-06 06:16:49 - [MESSAGE][PASSED] - Browser is closed

2018-03-06 06:16:49 - [MESSAGE][PASSED] - cupakeysDl.endsession.finishsession is PASSED]]></system-out>
         <system-err><![CDATA[]]></system-err>
      </testcase>
      <testcase name="Test Cases/CuPaStefanie/12" classname="Test Cases/CuPaStefanie/12" status="PASSED">
         <system-out><![CDATA[2018-03-06 06:16:49 - [TEST_CASE][PASSED] - Test Cases/CuPaStefanie/12: Test Cases/CuPaStefanie/12

2018-03-06 06:16:49 - [TEST_STEP][PASSED] - Statement - timeStamp = new java.text.SimpleDateFormat(dd.MM.yyyy_HH_mm_ss).format(java.util.Calendar.getInstance().getTime()): null

2018-03-06 06:16:49 - [TEST_STEP][PASSED] - Statement - timeStampScreenshot = new java.text.SimpleDateFormat(dd.MM.yyyy).format(java.util.Calendar.getInstance().getTime()): null

2018-03-06 06:16:49 - [TEST_STEP][PASSED] - Statement - iconmap = [:]: null

2018-03-06 06:16:49 - [TEST_STEP][PASSED] - Statement - txtmap = [:]: null

2018-03-06 06:16:49 - [TEST_STEP][PASSED] - Statement - signmap = [:]: null

2018-03-06 06:16:49 - [TEST_STEP][PASSED] - cupakeysDl.initStart.initialStart: cupakeysDl.initStart.initialStart is PASSED

2018-03-06 06:16:51 - [MESSAGE][PASSED] - Browser is opened with url: ''

2018-03-06 06:16:54 - [MESSAGE][PASSED] - Delayed 3 second(s)

2018-03-06 06:16:56 - [MESSAGE][PASSED] - Navigate to 'https://d16a4dsnr8a0k1.cloudfront.net/en/2455233.html?price=150.00%20%E2%82%AC&partName=wilsonPartName&vin=wilsonVin&modelCode=XP11&paint=P0A94&modelDescription=wilsonModelDescription&additionalEquipment=wilsonAdditionalEquipment' successfully

2018-03-06 06:16:56 - [MESSAGE][PASSED] - Object 'Object Repository/CuPaDl/Loading_indicator' is visible

2018-03-06 06:17:00 - [MESSAGE][PASSED] - Object 'Object Repository/CuPaDl/Loading_indicator' is NOT visible

2018-03-06 06:17:01 - [MESSAGE][PASSED] - Delayed 1 second(s)

2018-03-06 06:17:01 - [MESSAGE][PASSED] - cupakeysDl.initStart.initialStart is PASSED

2018-03-06 06:17:01 - [TEST_STEP][PASSED] - Statement - (step++): null

2018-03-06 06:17:01 - [TEST_STEP][PASSED] - cupakeysDl.color.changecolor: cupakeysDl.color.changecolor is PASSED

2018-03-06 06:17:01 - [MESSAGE][PASSED] - Object 'Object Repository/CuPaDl/Color/Color' is visible

2018-03-06 06:17:01 - [MESSAGE][PASSED] - Object: 'Object Repository/CuPaDl/Color/Color' is clicked on

2018-03-06 06:17:02 - [MESSAGE][PASSED] - Delayed 1 second(s)

2018-03-06 06:17:02 - [MESSAGE][PASSED] - Object 'Object Repository/CuPaDl/Color/Color_passionred' is visible

2018-03-06 06:17:02 - [MESSAGE][PASSED] - Object: 'Object Repository/CuPaDl/Color/Color_passionred' is clicked on

2018-03-06 06:17:02 - [MESSAGE][WARNING] - Timeout '0' is invalid. Using default page load timeout: '30'

2018-03-06 06:17:02 - [MESSAGE][PASSED] - Object 'Object Repository/CuPaDl/Color/Color_passionred' is visible

2018-03-06 06:17:03 - [MESSAGE][PASSED] - Delayed 1 second(s)

2018-03-06 06:17:03 - [MESSAGE][PASSED] - Object: 'Object Repository/CuPaDl/Color/Color_passionred' is clicked on

2018-03-06 06:17:06 - [MESSAGE][WARNING] - Object 'Object Repository/CuPaDl/Loading_indicator' is not visible after 3 second(s)

2018-03-06 06:17:07 - [MESSAGE][PASSED] - Delayed 1 second(s)

2018-03-06 06:17:07 - [MESSAGE][PASSED] - cupakeysDl.color.changecolor is PASSED

2018-03-06 06:17:07 - [TEST_STEP][PASSED] - Statement - (step++): null

2018-03-06 06:17:07 - [TEST_STEP][PASSED] - cupakeysDl.chngstruct.changestructure: cupakeysDl.chngstruct.changestructure is PASSED

2018-03-06 06:17:07 - [MESSAGE][PASSED] - Object: 'Object Repository/CuPaDl/Structure/Structure' is clicked on

2018-03-06 06:17:07 - [MESSAGE][WARNING] - Timeout '0' is invalid. Using default page load timeout: '30'

2018-03-06 06:17:07 - [MESSAGE][PASSED] - Object 'Object Repository/CuPaDl/Structure/Structure_Hahnentritt' is visible

2018-03-06 06:17:07 - [MESSAGE][PASSED] - Object 'Object Repository/CuPaDl/Structure/Structure_hahnentritt' is visible

2018-03-06 06:17:07 - [MESSAGE][PASSED] - Object: 'Object Repository/CuPaDl/Structure/Structure_hahnentritt' is clicked on

2018-03-06 06:17:08 - [MESSAGE][PASSED] - Object 'Object Repository/CuPaDl/Loading_indicator' is visible

2018-03-06 06:17:09 - [MESSAGE][PASSED] - Object 'Object Repository/CuPaDl/Loading_indicator' is NOT visible

2018-03-06 06:17:10 - [MESSAGE][PASSED] - Delayed 1 second(s)

2018-03-06 06:17:10 - [MESSAGE][PASSED] - cupakeysDl.chngstruct.changestructure is PASSED

2018-03-06 06:17:10 - [TEST_STEP][PASSED] - Statement - (step++): null

2018-03-06 06:17:10 - [TEST_STEP][PASSED] - cupakeysDl.sclstruct.scalestructure: cupakeysDl.sclstruct.scalestructure is PASSED

2018-03-06 06:17:13 - [MESSAGE][WARNING] - Object 'Object Repository/CuPaDl/Structure/Resize_Structure_bottomright' is not visible after 3 second(s)

2018-03-06 06:17:13 - [MESSAGE][PASSED] - Object: 'Object Repository/CuPaDl/Structure/Resize_Structure' is clicked on

2018-03-06 06:17:13 - [MESSAGE][WARNING] - Timeout '0' is invalid. Using default page load timeout: '30'

2018-03-06 06:17:13 - [MESSAGE][PASSED] - Object 'Object Repository/CuPaDl/Structure/Resize_Structure_bottomright' is visible

2018-03-06 06:17:14 - [MESSAGE][PASSED] - Delayed 1 second(s)

2018-03-06 06:17:14 - [MESSAGE][PASSED] - Current viewport's left (x) position is 0

2018-03-06 06:17:14 - [MESSAGE][PASSED] - Current viewport's top (y) position is 54

2018-03-06 06:17:14 - [MESSAGE][PASSED] - Dragged object with id 'Object Repository/CuPaDl/Structure/Resize_Structure_bottomright' by offset distance x = 225 and y = 279 successfully

2018-03-06 06:17:17 - [MESSAGE][WARNING] - Object 'Object Repository/CuPaDl/Loading_indicator' is not visible after 3 second(s)

2018-03-06 06:17:18 - [MESSAGE][PASSED] - Delayed 1 second(s)

2018-03-06 06:17:18 - [MESSAGE][PASSED] - cupakeysDl.sclstruct.scalestructure is PASSED

2018-03-06 06:17:18 - [TEST_STEP][PASSED] - Statement - (step++): null

2018-03-06 06:17:18 - [TEST_STEP][PASSED] - Statement - iconmap += CustomKeywords.cupakeysDl.iconad.iconadd("paperplaneline", LoadTimeCorrector, step, run, device, timeStamp, iconcount): cupakeysDl.iconad.iconadd is PASSED

2018-03-06 06:17:19 - [MESSAGE][PASSED] - Object: 'Object Repository/CuPaDl/Icons/Icon' is clicked on

2018-03-06 06:17:19 - [MESSAGE][PASSED] - Object 'Object Repository/CuPaDl/Icons/Icon_paperplaneline' is visible

2018-03-06 06:17:19 - [MESSAGE][PASSED] - Object: 'Object Repository/CuPaDl/Icons/Icon_paperplaneline' is clicked on

2018-03-06 06:17:20 - [MESSAGE][PASSED] - Delayed 1 second(s)

2018-03-06 06:17:23 - [MESSAGE][WARNING] - Object 'Object Repository/CuPaDl/Loading_indicator' is not visible after 3 second(s)

2018-03-06 06:17:23 - [MESSAGE][WARNING] - Timeout '0' is invalid. Using default page load timeout: '30'

2018-03-06 06:17:23 - [MESSAGE][PASSED] - Width of element 'Object Repository/CuPaDl/Icons/Reposition_icon' is '40'

2018-03-06 06:17:23 - [MESSAGE][PASSED] - Height of element 'Object Repository/CuPaDl/Icons/Reposition_icon' is '40'.

2018-03-06 06:17:24 - [MESSAGE][PASSED] - Delayed 1 second(s)

2018-03-06 06:17:24 - [MESSAGE][PASSED] - cupakeysDl.iconad.iconadd is PASSED

2018-03-06 06:17:24 - [TEST_STEP][PASSED] - Statement - (step++): null

2018-03-06 06:17:24 - [TEST_STEP][PASSED] - Statement - (iconcount++): null

2018-03-06 06:17:24 - [TEST_STEP][PASSED] - cupakeysDl.iconres.iconresize: cupakeysDl.iconres.iconresize is PASSED

2018-03-06 06:17:24 - [MESSAGE][PASSED] - Object 'Object Repository/CuPaDl/Icons/Reposition_icon' is visible

2018-03-06 06:17:24 - [MESSAGE][PASSED] - Current viewport's left (x) position is 0

2018-03-06 06:17:24 - [MESSAGE][PASSED] - Current viewport's top (y) position is 54

2018-03-06 06:17:24 - [MESSAGE][PASSED] - Dragged object with id 'Object Repository/CuPaDl/Icons/Resize_icon_bottomright' by offset distance x = 125 and y = 179 successfully

2018-03-06 06:17:27 - [MESSAGE][WARNING] - Object 'Object Repository/CuPaDl/Loading_indicator' is not visible after 3 second(s)

2018-03-06 06:17:28 - [MESSAGE][PASSED] - Delayed 1 second(s)

2018-03-06 06:17:28 - [MESSAGE][PASSED] - cupakeysDl.iconres.iconresize is PASSED

2018-03-06 06:17:28 - [TEST_STEP][PASSED] - Statement - (step++): null

2018-03-06 06:17:28 - [TEST_STEP][PASSED] - cupakeysDl.slink.svlink: cupakeysDl.slink.svlink is PASSED

2018-03-06 06:17:28 - [MESSAGE][PASSED] - Scroll to object 'Object Repository/CuPaDl/Save/Save' successfully

2018-03-06 06:17:28 - [MESSAGE][PASSED] - Object: 'Object Repository/CuPaDl/Save/Save' is clicked on

2018-03-06 06:17:28 - [MESSAGE][WARNING] - Timeout '0' is invalid. Using default page load timeout: '30'

2018-03-06 06:17:29 - [MESSAGE][PASSED] - Object 'Object Repository/CuPaDl/Save/CopyLink' is visible

2018-03-06 06:17:29 - [MESSAGE][PASSED] - Object: 'Object Repository/CuPaDl/Save/CopyLink' is clicked on

2018-03-06 06:17:30 - [MESSAGE][PASSED] - Delayed 1 second(s)

2018-03-06 06:17:30 - [MESSAGE][PASSED] - Object: 'Object Repository/CuPaDl/Save/Close' is clicked on

2018-03-06 06:17:31 - [MESSAGE][PASSED] - Delayed 1 second(s)

2018-03-06 06:17:31 - [MESSAGE][PASSED] - cupakeysDl.slink.svlink is PASSED

2018-03-06 06:17:31 - [TEST_STEP][PASSED] - cupakeysDl.endsession.finishsession: cupakeysDl.endsession.finishsession is PASSED

2018-03-06 06:17:34 - [MESSAGE][PASSED] - Delayed 3 second(s)

2018-03-06 06:17:35 - [MESSAGE][PASSED] - Browser is closed

2018-03-06 06:17:35 - [MESSAGE][PASSED] - cupakeysDl.endsession.finishsession is PASSED]]></system-out>
         <system-err><![CDATA[]]></system-err>
      </testcase>
      <testcase name="Test Cases/CuPaStefanie/13" classname="Test Cases/CuPaStefanie/13" status="PASSED">
         <system-out><![CDATA[2018-03-06 06:17:35 - [TEST_CASE][PASSED] - Test Cases/CuPaStefanie/13: Test Cases/CuPaStefanie/13

2018-03-06 06:17:35 - [TEST_STEP][PASSED] - Statement - timeStamp = new java.text.SimpleDateFormat(dd.MM.yyyy).format(java.util.Calendar.getInstance().getTime()): null

2018-03-06 06:17:35 - [TEST_STEP][PASSED] - Statement - timeStampScreenshot = new java.text.SimpleDateFormat(dd.MM.yyyy).format(java.util.Calendar.getInstance().getTime()): null

2018-03-06 06:17:35 - [TEST_STEP][PASSED] - Statement - iconmap = [:]: null

2018-03-06 06:17:35 - [TEST_STEP][PASSED] - Statement - txtmap = [:]: null

2018-03-06 06:17:35 - [TEST_STEP][PASSED] - Statement - signmap = [:]: null

2018-03-06 06:17:35 - [TEST_STEP][PASSED] - cupakeysDl.initStart.initialStart: cupakeysDl.initStart.initialStart is PASSED

2018-03-06 06:17:37 - [MESSAGE][PASSED] - Browser is opened with url: ''

2018-03-06 06:17:40 - [MESSAGE][PASSED] - Delayed 3 second(s)

2018-03-06 06:17:41 - [MESSAGE][PASSED] - Navigate to 'https://d16a4dsnr8a0k1.cloudfront.net/en/2455233.html?price=150.00%20%E2%82%AC&partName=wilsonPartName&vin=wilsonVin&modelCode=XP11&paint=P0A94&modelDescription=wilsonModelDescription&additionalEquipment=wilsonAdditionalEquipment' successfully

2018-03-06 06:17:41 - [MESSAGE][PASSED] - Object 'Object Repository/CuPaDl/Loading_indicator' is visible

2018-03-06 06:17:45 - [MESSAGE][PASSED] - Object 'Object Repository/CuPaDl/Loading_indicator' is NOT visible

2018-03-06 06:17:46 - [MESSAGE][PASSED] - Delayed 1 second(s)

2018-03-06 06:17:46 - [MESSAGE][PASSED] - cupakeysDl.initStart.initialStart is PASSED

2018-03-06 06:17:46 - [TEST_STEP][PASSED] - Statement - (step++): null

2018-03-06 06:17:46 - [TEST_STEP][PASSED] - cupakeysDl.color.changecolor: cupakeysDl.color.changecolor is PASSED

2018-03-06 06:17:46 - [MESSAGE][PASSED] - Object 'Object Repository/CuPaDl/Color/Color' is visible

2018-03-06 06:17:46 - [MESSAGE][PASSED] - Object: 'Object Repository/CuPaDl/Color/Color' is clicked on

2018-03-06 06:17:47 - [MESSAGE][PASSED] - Delayed 1 second(s)

2018-03-06 06:17:47 - [MESSAGE][PASSED] - Object 'Object Repository/CuPaDl/Color/Color_nightlightblue' is visible

2018-03-06 06:17:48 - [MESSAGE][PASSED] - Object: 'Object Repository/CuPaDl/Color/Color_nightlightblue' is clicked on

2018-03-06 06:17:48 - [MESSAGE][WARNING] - Timeout '0' is invalid. Using default page load timeout: '30'

2018-03-06 06:17:48 - [MESSAGE][PASSED] - Object 'Object Repository/CuPaDl/Color/Color_nightlightblue' is visible

2018-03-06 06:17:49 - [MESSAGE][PASSED] - Delayed 1 second(s)

2018-03-06 06:17:49 - [MESSAGE][PASSED] - Object: 'Object Repository/CuPaDl/Color/Color_nightlightblue' is clicked on

2018-03-06 06:17:52 - [MESSAGE][WARNING] - Object 'Object Repository/CuPaDl/Loading_indicator' is not visible after 3 second(s)

2018-03-06 06:17:53 - [MESSAGE][PASSED] - Delayed 1 second(s)

2018-03-06 06:17:53 - [MESSAGE][PASSED] - cupakeysDl.color.changecolor is PASSED

2018-03-06 06:17:53 - [TEST_STEP][PASSED] - Statement - (step++): null

2018-03-06 06:17:53 - [TEST_STEP][PASSED] - cupakeysDl.chngstruct.changestructure: cupakeysDl.chngstruct.changestructure is PASSED

2018-03-06 06:17:53 - [MESSAGE][PASSED] - Object: 'Object Repository/CuPaDl/Structure/Structure' is clicked on

2018-03-06 06:17:53 - [MESSAGE][WARNING] - Timeout '0' is invalid. Using default page load timeout: '30'

2018-03-06 06:17:53 - [MESSAGE][PASSED] - Object 'Object Repository/CuPaDl/Structure/Structure_Hahnentritt' is visible

2018-03-06 06:17:53 - [MESSAGE][PASSED] - Object 'Object Repository/CuPaDl/Structure/Structure_fade' is visible

2018-03-06 06:17:53 - [MESSAGE][PASSED] - Object: 'Object Repository/CuPaDl/Structure/Structure_fade' is clicked on

2018-03-06 06:17:54 - [MESSAGE][PASSED] - Object 'Object Repository/CuPaDl/Loading_indicator' is visible

2018-03-06 06:18:00 - [MESSAGE][PASSED] - Object 'Object Repository/CuPaDl/Loading_indicator' is NOT visible

2018-03-06 06:18:01 - [MESSAGE][PASSED] - Delayed 1 second(s)

2018-03-06 06:18:01 - [MESSAGE][PASSED] - cupakeysDl.chngstruct.changestructure is PASSED

2018-03-06 06:18:01 - [TEST_STEP][PASSED] - Statement - (step++): null

2018-03-06 06:18:01 - [TEST_STEP][PASSED] - cupakeysDl.sclstruct.scalestructure: cupakeysDl.sclstruct.scalestructure is PASSED

2018-03-06 06:18:04 - [MESSAGE][WARNING] - Object 'Object Repository/CuPaDl/Structure/Resize_Structure_bottomright' is not visible after 3 second(s)

2018-03-06 06:18:04 - [MESSAGE][PASSED] - Object: 'Object Repository/CuPaDl/Structure/Resize_Structure' is clicked on

2018-03-06 06:18:04 - [MESSAGE][WARNING] - Timeout '0' is invalid. Using default page load timeout: '30'

2018-03-06 06:18:04 - [MESSAGE][PASSED] - Object 'Object Repository/CuPaDl/Structure/Resize_Structure_bottomright' is visible

2018-03-06 06:18:05 - [MESSAGE][PASSED] - Delayed 1 second(s)

2018-03-06 06:18:05 - [MESSAGE][PASSED] - Current viewport's left (x) position is 0

2018-03-06 06:18:05 - [MESSAGE][PASSED] - Current viewport's top (y) position is 54

2018-03-06 06:18:05 - [MESSAGE][PASSED] - Dragged object with id 'Object Repository/CuPaDl/Structure/Resize_Structure_bottomright' by offset distance x = -225 and y = -171 successfully

2018-03-06 06:18:06 - [MESSAGE][PASSED] - Object 'Object Repository/CuPaDl/Loading_indicator' is visible

2018-03-06 06:18:35 - [MESSAGE][PASSED] - Object 'Object Repository/CuPaDl/Loading_indicator' is NOT visible

2018-03-06 06:18:36 - [MESSAGE][PASSED] - Delayed 1 second(s)

2018-03-06 06:18:36 - [MESSAGE][PASSED] - cupakeysDl.sclstruct.scalestructure is PASSED

2018-03-06 06:18:36 - [TEST_STEP][PASSED] - Statement - (step++): null

2018-03-06 06:18:36 - [TEST_STEP][PASSED] - Statement - iconmap += CustomKeywords.cupakeysDl.iconad.iconadd("heart", LoadTimeCorrector, step, run, device, timeStamp, iconcount): cupakeysDl.iconad.iconadd is PASSED

2018-03-06 06:18:36 - [MESSAGE][PASSED] - Object: 'Object Repository/CuPaDl/Icons/Icon' is clicked on

2018-03-06 06:18:36 - [MESSAGE][PASSED] - Object 'Object Repository/CuPaDl/Icons/Icon_heart' is visible

2018-03-06 06:18:36 - [MESSAGE][PASSED] - Object: 'Object Repository/CuPaDl/Icons/Icon_heart' is clicked on

2018-03-06 06:18:37 - [MESSAGE][PASSED] - Delayed 1 second(s)

2018-03-06 06:18:37 - [MESSAGE][PASSED] - Object 'Object Repository/CuPaDl/Loading_indicator' is visible

2018-03-06 06:18:46 - [MESSAGE][PASSED] - Object 'Object Repository/CuPaDl/Loading_indicator' is NOT visible

2018-03-06 06:18:46 - [MESSAGE][WARNING] - Timeout '0' is invalid. Using default page load timeout: '30'

2018-03-06 06:18:46 - [MESSAGE][PASSED] - Width of element 'Object Repository/CuPaDl/Icons/Reposition_icon' is '40'

2018-03-06 06:18:46 - [MESSAGE][PASSED] - Height of element 'Object Repository/CuPaDl/Icons/Reposition_icon' is '40'.

2018-03-06 06:18:47 - [MESSAGE][PASSED] - Delayed 1 second(s)

2018-03-06 06:18:47 - [MESSAGE][PASSED] - cupakeysDl.iconad.iconadd is PASSED

2018-03-06 06:18:47 - [TEST_STEP][PASSED] - Statement - (step++): null

2018-03-06 06:18:47 - [TEST_STEP][PASSED] - Statement - (iconcount++): null

2018-03-06 06:18:47 - [TEST_STEP][PASSED] - cupakeysDl.iconres.iconresize: cupakeysDl.iconres.iconresize is PASSED

2018-03-06 06:18:47 - [MESSAGE][PASSED] - Object 'Object Repository/CuPaDl/Icons/Reposition_icon' is visible

2018-03-06 06:18:47 - [MESSAGE][PASSED] - Current viewport's left (x) position is 0

2018-03-06 06:18:47 - [MESSAGE][PASSED] - Current viewport's top (y) position is 54

2018-03-06 06:18:47 - [MESSAGE][PASSED] - Dragged object with id 'Object Repository/CuPaDl/Icons/Resize_icon_bottomright' by offset distance x = -125 and y = -71 successfully

2018-03-06 06:18:48 - [MESSAGE][PASSED] - Object 'Object Repository/CuPaDl/Loading_indicator' is visible

2018-03-06 06:19:15 - [MESSAGE][PASSED] - Object 'Object Repository/CuPaDl/Loading_indicator' is NOT visible

2018-03-06 06:19:16 - [MESSAGE][PASSED] - Delayed 1 second(s)

2018-03-06 06:19:16 - [MESSAGE][PASSED] - cupakeysDl.iconres.iconresize is PASSED

2018-03-06 06:19:16 - [TEST_STEP][PASSED] - Statement - (step++): null

2018-03-06 06:19:16 - [TEST_STEP][PASSED] - cupakeysDl.slink.svlink: cupakeysDl.slink.svlink is PASSED

2018-03-06 06:19:17 - [MESSAGE][PASSED] - Scroll to object 'Object Repository/CuPaDl/Save/Save' successfully

2018-03-06 06:19:17 - [MESSAGE][PASSED] - Object: 'Object Repository/CuPaDl/Save/Save' is clicked on

2018-03-06 06:19:17 - [MESSAGE][WARNING] - Timeout '0' is invalid. Using default page load timeout: '30'

2018-03-06 06:19:17 - [MESSAGE][PASSED] - Object 'Object Repository/CuPaDl/Save/CopyLink' is visible

2018-03-06 06:19:17 - [MESSAGE][PASSED] - Object: 'Object Repository/CuPaDl/Save/CopyLink' is clicked on

2018-03-06 06:19:18 - [MESSAGE][PASSED] - Delayed 1 second(s)

2018-03-06 06:19:18 - [MESSAGE][PASSED] - Object: 'Object Repository/CuPaDl/Save/Close' is clicked on

2018-03-06 06:19:19 - [MESSAGE][PASSED] - Delayed 1 second(s)

2018-03-06 06:19:19 - [MESSAGE][PASSED] - cupakeysDl.slink.svlink is PASSED

2018-03-06 06:19:19 - [TEST_STEP][PASSED] - cupakeysDl.endsession.finishsession: cupakeysDl.endsession.finishsession is PASSED

2018-03-06 06:19:22 - [MESSAGE][PASSED] - Delayed 3 second(s)

2018-03-06 06:19:23 - [MESSAGE][PASSED] - Browser is closed

2018-03-06 06:19:23 - [MESSAGE][PASSED] - cupakeysDl.endsession.finishsession is PASSED]]></system-out>
         <system-err><![CDATA[]]></system-err>
      </testcase>
      <testcase name="Test Cases/CuPaStefanie/14" classname="Test Cases/CuPaStefanie/14" status="PASSED">
         <system-out><![CDATA[2018-03-06 06:19:23 - [TEST_CASE][PASSED] - Test Cases/CuPaStefanie/14: Test Cases/CuPaStefanie/14

2018-03-06 06:19:23 - [TEST_STEP][PASSED] - Statement - timeStamp = new java.text.SimpleDateFormat(dd.MM.yyyy).format(java.util.Calendar.getInstance().getTime()): null

2018-03-06 06:19:23 - [TEST_STEP][PASSED] - Statement - timeStampScreenshot = new java.text.SimpleDateFormat(dd.MM.yyyy).format(java.util.Calendar.getInstance().getTime()): null

2018-03-06 06:19:23 - [TEST_STEP][PASSED] - Statement - iconmap = [:]: null

2018-03-06 06:19:23 - [TEST_STEP][PASSED] - Statement - txtmap = [:]: null

2018-03-06 06:19:23 - [TEST_STEP][PASSED] - Statement - signmap = [:]: null

2018-03-06 06:19:23 - [TEST_STEP][PASSED] - cupakeysDl.initStart.initialStart: cupakeysDl.initStart.initialStart is PASSED

2018-03-06 06:19:25 - [MESSAGE][PASSED] - Browser is opened with url: ''

2018-03-06 06:19:28 - [MESSAGE][PASSED] - Delayed 3 second(s)

2018-03-06 06:19:29 - [MESSAGE][PASSED] - Navigate to 'https://d16a4dsnr8a0k1.cloudfront.net/en/2455233.html?price=150.00%20%E2%82%AC&partName=wilsonPartName&vin=wilsonVin&modelCode=XP11&paint=P0A94&modelDescription=wilsonModelDescription&additionalEquipment=wilsonAdditionalEquipment' successfully

2018-03-06 06:19:30 - [MESSAGE][PASSED] - Object 'Object Repository/CuPaDl/Loading_indicator' is visible

2018-03-06 06:19:34 - [MESSAGE][PASSED] - Object 'Object Repository/CuPaDl/Loading_indicator' is NOT visible

2018-03-06 06:19:35 - [MESSAGE][PASSED] - Delayed 1 second(s)

2018-03-06 06:19:35 - [MESSAGE][PASSED] - cupakeysDl.initStart.initialStart is PASSED

2018-03-06 06:19:35 - [TEST_STEP][PASSED] - Statement - (step++): null

2018-03-06 06:19:35 - [TEST_STEP][PASSED] - cupakeysDl.color.changecolor: cupakeysDl.color.changecolor is PASSED

2018-03-06 06:19:35 - [MESSAGE][PASSED] - Object 'Object Repository/CuPaDl/Color/Color' is visible

2018-03-06 06:19:35 - [MESSAGE][PASSED] - Object: 'Object Repository/CuPaDl/Color/Color' is clicked on

2018-03-06 06:19:36 - [MESSAGE][PASSED] - Delayed 1 second(s)

2018-03-06 06:19:36 - [MESSAGE][PASSED] - Object 'Object Repository/CuPaDl/Color/Color_nightlightblue' is visible

2018-03-06 06:19:36 - [MESSAGE][PASSED] - Object: 'Object Repository/CuPaDl/Color/Color_nightlightblue' is clicked on

2018-03-06 06:19:36 - [MESSAGE][WARNING] - Timeout '0' is invalid. Using default page load timeout: '30'

2018-03-06 06:19:36 - [MESSAGE][PASSED] - Object 'Object Repository/CuPaDl/Color/Color_nightlightblue' is visible

2018-03-06 06:19:37 - [MESSAGE][PASSED] - Delayed 1 second(s)

2018-03-06 06:19:37 - [MESSAGE][PASSED] - Object: 'Object Repository/CuPaDl/Color/Color_nightlightblue' is clicked on

2018-03-06 06:19:40 - [MESSAGE][WARNING] - Object 'Object Repository/CuPaDl/Loading_indicator' is not visible after 3 second(s)

2018-03-06 06:19:41 - [MESSAGE][PASSED] - Delayed 1 second(s)

2018-03-06 06:19:41 - [MESSAGE][PASSED] - cupakeysDl.color.changecolor is PASSED

2018-03-06 06:19:41 - [TEST_STEP][PASSED] - Statement - (step++): null

2018-03-06 06:19:41 - [TEST_STEP][PASSED] - cupakeysDl.chngstruct.changestructure: cupakeysDl.chngstruct.changestructure is PASSED

2018-03-06 06:19:41 - [MESSAGE][PASSED] - Object: 'Object Repository/CuPaDl/Structure/Structure' is clicked on

2018-03-06 06:19:41 - [MESSAGE][WARNING] - Timeout '0' is invalid. Using default page load timeout: '30'

2018-03-06 06:19:41 - [MESSAGE][PASSED] - Object 'Object Repository/CuPaDl/Structure/Structure_Hahnentritt' is visible

2018-03-06 06:19:41 - [MESSAGE][PASSED] - Object 'Object Repository/CuPaDl/Structure/Structure_fade' is visible

2018-03-06 06:19:41 - [MESSAGE][PASSED] - Object: 'Object Repository/CuPaDl/Structure/Structure_fade' is clicked on

2018-03-06 06:19:42 - [MESSAGE][PASSED] - Object 'Object Repository/CuPaDl/Loading_indicator' is visible

2018-03-06 06:19:48 - [MESSAGE][PASSED] - Object 'Object Repository/CuPaDl/Loading_indicator' is NOT visible

2018-03-06 06:19:50 - [MESSAGE][PASSED] - Delayed 1 second(s)

2018-03-06 06:19:50 - [MESSAGE][PASSED] - cupakeysDl.chngstruct.changestructure is PASSED

2018-03-06 06:19:50 - [TEST_STEP][PASSED] - Statement - (step++): null

2018-03-06 06:19:50 - [TEST_STEP][PASSED] - cupakeysDl.sclstruct.scalestructure: cupakeysDl.sclstruct.scalestructure is PASSED

2018-03-06 06:19:53 - [MESSAGE][WARNING] - Object 'Object Repository/CuPaDl/Structure/Resize_Structure_bottomright' is not visible after 3 second(s)

2018-03-06 06:19:53 - [MESSAGE][PASSED] - Object: 'Object Repository/CuPaDl/Structure/Resize_Structure' is clicked on

2018-03-06 06:19:53 - [MESSAGE][WARNING] - Timeout '0' is invalid. Using default page load timeout: '30'

2018-03-06 06:19:53 - [MESSAGE][PASSED] - Object 'Object Repository/CuPaDl/Structure/Resize_Structure_bottomright' is visible

2018-03-06 06:19:54 - [MESSAGE][PASSED] - Delayed 1 second(s)

2018-03-06 06:19:54 - [MESSAGE][PASSED] - Current viewport's left (x) position is 0

2018-03-06 06:19:54 - [MESSAGE][PASSED] - Current viewport's top (y) position is 54

2018-03-06 06:19:54 - [MESSAGE][PASSED] - Dragged object with id 'Object Repository/CuPaDl/Structure/Resize_Structure_bottomright' by offset distance x = 225 and y = 279 successfully

2018-03-06 06:19:55 - [MESSAGE][PASSED] - Object 'Object Repository/CuPaDl/Loading_indicator' is visible

2018-03-06 06:20:00 - [MESSAGE][PASSED] - Object 'Object Repository/CuPaDl/Loading_indicator' is NOT visible

2018-03-06 06:20:01 - [MESSAGE][PASSED] - Delayed 1 second(s)

2018-03-06 06:20:01 - [MESSAGE][PASSED] - cupakeysDl.sclstruct.scalestructure is PASSED

2018-03-06 06:20:01 - [TEST_STEP][PASSED] - Statement - (step++): null

2018-03-06 06:20:01 - [TEST_STEP][PASSED] - Statement - iconmap += CustomKeywords.cupakeysDl.iconad.iconadd("heart", LoadTimeCorrector, step, run, device, timeStamp, iconcount): cupakeysDl.iconad.iconadd is PASSED

2018-03-06 06:20:01 - [MESSAGE][PASSED] - Object: 'Object Repository/CuPaDl/Icons/Icon' is clicked on

2018-03-06 06:20:01 - [MESSAGE][PASSED] - Object 'Object Repository/CuPaDl/Icons/Icon_heart' is visible

2018-03-06 06:20:01 - [MESSAGE][PASSED] - Object: 'Object Repository/CuPaDl/Icons/Icon_heart' is clicked on

2018-03-06 06:20:02 - [MESSAGE][PASSED] - Delayed 1 second(s)

2018-03-06 06:20:02 - [MESSAGE][PASSED] - Object 'Object Repository/CuPaDl/Loading_indicator' is visible

2018-03-06 06:20:05 - [MESSAGE][PASSED] - Object 'Object Repository/CuPaDl/Loading_indicator' is NOT visible

2018-03-06 06:20:05 - [MESSAGE][WARNING] - Timeout '0' is invalid. Using default page load timeout: '30'

2018-03-06 06:20:05 - [MESSAGE][PASSED] - Width of element 'Object Repository/CuPaDl/Icons/Reposition_icon' is '40'

2018-03-06 06:20:05 - [MESSAGE][PASSED] - Height of element 'Object Repository/CuPaDl/Icons/Reposition_icon' is '40'.

2018-03-06 06:20:06 - [MESSAGE][PASSED] - Delayed 1 second(s)

2018-03-06 06:20:06 - [MESSAGE][PASSED] - cupakeysDl.iconad.iconadd is PASSED

2018-03-06 06:20:06 - [TEST_STEP][PASSED] - Statement - (step++): null

2018-03-06 06:20:06 - [TEST_STEP][PASSED] - Statement - (iconcount++): null

2018-03-06 06:20:06 - [TEST_STEP][PASSED] - cupakeysDl.iconres.iconresize: cupakeysDl.iconres.iconresize is PASSED

2018-03-06 06:20:06 - [MESSAGE][PASSED] - Object 'Object Repository/CuPaDl/Icons/Reposition_icon' is visible

2018-03-06 06:20:06 - [MESSAGE][PASSED] - Current viewport's left (x) position is 0

2018-03-06 06:20:06 - [MESSAGE][PASSED] - Current viewport's top (y) position is 54

2018-03-06 06:20:06 - [MESSAGE][PASSED] - Dragged object with id 'Object Repository/CuPaDl/Icons/Resize_icon_bottomright' by offset distance x = 125 and y = 179 successfully

2018-03-06 06:20:07 - [MESSAGE][PASSED] - Object 'Object Repository/CuPaDl/Loading_indicator' is visible

2018-03-06 06:20:09 - [MESSAGE][PASSED] - Object 'Object Repository/CuPaDl/Loading_indicator' is NOT visible

2018-03-06 06:20:10 - [MESSAGE][PASSED] - Delayed 1 second(s)

2018-03-06 06:20:10 - [MESSAGE][PASSED] - cupakeysDl.iconres.iconresize is PASSED

2018-03-06 06:20:10 - [TEST_STEP][PASSED] - Statement - (step++): null

2018-03-06 06:20:10 - [TEST_STEP][PASSED] - cupakeysDl.slink.svlink: cupakeysDl.slink.svlink is PASSED

2018-03-06 06:20:10 - [MESSAGE][PASSED] - Scroll to object 'Object Repository/CuPaDl/Save/Save' successfully

2018-03-06 06:20:10 - [MESSAGE][PASSED] - Object: 'Object Repository/CuPaDl/Save/Save' is clicked on

2018-03-06 06:20:10 - [MESSAGE][WARNING] - Timeout '0' is invalid. Using default page load timeout: '30'

2018-03-06 06:20:10 - [MESSAGE][PASSED] - Object 'Object Repository/CuPaDl/Save/CopyLink' is visible

2018-03-06 06:20:10 - [MESSAGE][PASSED] - Object: 'Object Repository/CuPaDl/Save/CopyLink' is clicked on

2018-03-06 06:20:11 - [MESSAGE][PASSED] - Delayed 1 second(s)

2018-03-06 06:20:12 - [MESSAGE][PASSED] - Object: 'Object Repository/CuPaDl/Save/Close' is clicked on

2018-03-06 06:20:13 - [MESSAGE][PASSED] - Delayed 1 second(s)

2018-03-06 06:20:13 - [MESSAGE][PASSED] - cupakeysDl.slink.svlink is PASSED

2018-03-06 06:20:13 - [TEST_STEP][PASSED] - cupakeysDl.endsession.finishsession: cupakeysDl.endsession.finishsession is PASSED

2018-03-06 06:20:16 - [MESSAGE][PASSED] - Delayed 3 second(s)

2018-03-06 06:20:16 - [MESSAGE][PASSED] - Browser is closed

2018-03-06 06:20:16 - [MESSAGE][PASSED] - cupakeysDl.endsession.finishsession is PASSED]]></system-out>
         <system-err><![CDATA[]]></system-err>
      </testcase>
      <testcase name="Test Cases/CuPaStefanie/15" classname="Test Cases/CuPaStefanie/15" status="PASSED">
         <system-out><![CDATA[2018-03-06 06:20:16 - [TEST_CASE][PASSED] - Test Cases/CuPaStefanie/15: Test Cases/CuPaStefanie/15

2018-03-06 06:20:16 - [TEST_STEP][PASSED] - Statement - timeStamp = new java.text.SimpleDateFormat(dd.MM.yyyy).format(java.util.Calendar.getInstance().getTime()): null

2018-03-06 06:20:16 - [TEST_STEP][PASSED] - Statement - timeStampScreenshot = new java.text.SimpleDateFormat(dd.MM.yyyy).format(java.util.Calendar.getInstance().getTime()): null

2018-03-06 06:20:16 - [TEST_STEP][PASSED] - Statement - iconmap = [:]: null

2018-03-06 06:20:16 - [TEST_STEP][PASSED] - Statement - txtmap = [:]: null

2018-03-06 06:20:16 - [TEST_STEP][PASSED] - Statement - signmap = [:]: null

2018-03-06 06:20:16 - [TEST_STEP][PASSED] - cupakeysDl.initStart.initialStart: cupakeysDl.initStart.initialStart is PASSED

2018-03-06 06:20:18 - [MESSAGE][PASSED] - Browser is opened with url: ''

2018-03-06 06:20:21 - [MESSAGE][PASSED] - Delayed 3 second(s)

2018-03-06 06:20:23 - [MESSAGE][PASSED] - Navigate to 'https://d16a4dsnr8a0k1.cloudfront.net/en/2455233.html?price=150.00%20%E2%82%AC&partName=wilsonPartName&vin=wilsonVin&modelCode=XP11&paint=P0A94&modelDescription=wilsonModelDescription&additionalEquipment=wilsonAdditionalEquipment' successfully

2018-03-06 06:20:23 - [MESSAGE][PASSED] - Object 'Object Repository/CuPaDl/Loading_indicator' is visible

2018-03-06 06:20:27 - [MESSAGE][PASSED] - Object 'Object Repository/CuPaDl/Loading_indicator' is NOT visible

2018-03-06 06:20:28 - [MESSAGE][PASSED] - Delayed 1 second(s)

2018-03-06 06:20:28 - [MESSAGE][PASSED] - cupakeysDl.initStart.initialStart is PASSED

2018-03-06 06:20:28 - [TEST_STEP][PASSED] - Statement - (step++): null

2018-03-06 06:20:28 - [TEST_STEP][PASSED] - cupakeysDl.color.changecolor: cupakeysDl.color.changecolor is PASSED

2018-03-06 06:20:28 - [MESSAGE][PASSED] - Object 'Object Repository/CuPaDl/Color/Color' is visible

2018-03-06 06:20:28 - [MESSAGE][PASSED] - Object: 'Object Repository/CuPaDl/Color/Color' is clicked on

2018-03-06 06:20:29 - [MESSAGE][PASSED] - Delayed 1 second(s)

2018-03-06 06:20:29 - [MESSAGE][PASSED] - Object 'Object Repository/CuPaDl/Color/Color_jetblack' is visible

2018-03-06 06:20:29 - [MESSAGE][PASSED] - Object: 'Object Repository/CuPaDl/Color/Color_jetblack' is clicked on

2018-03-06 06:20:29 - [MESSAGE][WARNING] - Timeout '0' is invalid. Using default page load timeout: '30'

2018-03-06 06:20:29 - [MESSAGE][PASSED] - Object 'Object Repository/CuPaDl/Color/Color_jetblack' is visible

2018-03-06 06:20:30 - [MESSAGE][PASSED] - Delayed 1 second(s)

2018-03-06 06:20:30 - [MESSAGE][PASSED] - Object: 'Object Repository/CuPaDl/Color/Color_jetblack' is clicked on

2018-03-06 06:20:33 - [MESSAGE][WARNING] - Object 'Object Repository/CuPaDl/Loading_indicator' is not visible after 3 second(s)

2018-03-06 06:20:34 - [MESSAGE][PASSED] - Delayed 1 second(s)

2018-03-06 06:20:34 - [MESSAGE][PASSED] - cupakeysDl.color.changecolor is PASSED

2018-03-06 06:20:34 - [TEST_STEP][PASSED] - Statement - (step++): null

2018-03-06 06:20:34 - [TEST_STEP][PASSED] - cupakeysDl.chngstruct.changestructure: cupakeysDl.chngstruct.changestructure is PASSED

2018-03-06 06:20:34 - [MESSAGE][PASSED] - Object: 'Object Repository/CuPaDl/Structure/Structure' is clicked on

2018-03-06 06:20:34 - [MESSAGE][WARNING] - Timeout '0' is invalid. Using default page load timeout: '30'

2018-03-06 06:20:34 - [MESSAGE][PASSED] - Object 'Object Repository/CuPaDl/Structure/Structure_Hahnentritt' is visible

2018-03-06 06:20:34 - [MESSAGE][PASSED] - Object 'Object Repository/CuPaDl/Structure/Structure_ring' is visible

2018-03-06 06:20:34 - [MESSAGE][PASSED] - Object: 'Object Repository/CuPaDl/Structure/Structure_ring' is clicked on

2018-03-06 06:20:35 - [MESSAGE][PASSED] - Object 'Object Repository/CuPaDl/Loading_indicator' is visible

2018-03-06 06:20:36 - [MESSAGE][PASSED] - Object 'Object Repository/CuPaDl/Loading_indicator' is NOT visible

2018-03-06 06:20:37 - [MESSAGE][PASSED] - Delayed 1 second(s)

2018-03-06 06:20:37 - [MESSAGE][PASSED] - cupakeysDl.chngstruct.changestructure is PASSED

2018-03-06 06:20:37 - [TEST_STEP][PASSED] - Statement - (step++): null

2018-03-06 06:20:37 - [TEST_STEP][PASSED] - cupakeysDl.sclstruct.scalestructure: cupakeysDl.sclstruct.scalestructure is PASSED

2018-03-06 06:20:41 - [MESSAGE][WARNING] - Object 'Object Repository/CuPaDl/Structure/Resize_Structure_bottomright' is not visible after 3 second(s)

2018-03-06 06:20:41 - [MESSAGE][PASSED] - Object: 'Object Repository/CuPaDl/Structure/Resize_Structure' is clicked on

2018-03-06 06:20:41 - [MESSAGE][WARNING] - Timeout '0' is invalid. Using default page load timeout: '30'

2018-03-06 06:20:41 - [MESSAGE][PASSED] - Object 'Object Repository/CuPaDl/Structure/Resize_Structure_bottomright' is visible

2018-03-06 06:20:42 - [MESSAGE][PASSED] - Delayed 1 second(s)

2018-03-06 06:20:42 - [MESSAGE][PASSED] - Current viewport's left (x) position is 0

2018-03-06 06:20:42 - [MESSAGE][PASSED] - Current viewport's top (y) position is 54

2018-03-06 06:20:42 - [MESSAGE][PASSED] - Dragged object with id 'Object Repository/CuPaDl/Structure/Resize_Structure_bottomright' by offset distance x = -225 and y = -171 successfully

2018-03-06 06:20:45 - [MESSAGE][WARNING] - Object 'Object Repository/CuPaDl/Loading_indicator' is not visible after 3 second(s)

2018-03-06 06:20:46 - [MESSAGE][PASSED] - Delayed 1 second(s)

2018-03-06 06:20:46 - [MESSAGE][PASSED] - cupakeysDl.sclstruct.scalestructure is PASSED

2018-03-06 06:20:46 - [TEST_STEP][PASSED] - Statement - (step++): null

2018-03-06 06:20:46 - [TEST_STEP][PASSED] - Statement - iconmap += CustomKeywords.cupakeysDl.iconad.iconadd("minicooper", LoadTimeCorrector, step, run, device, timeStamp, iconcount): cupakeysDl.iconad.iconadd is PASSED

2018-03-06 06:20:46 - [MESSAGE][PASSED] - Object: 'Object Repository/CuPaDl/Icons/Icon' is clicked on

2018-03-06 06:20:46 - [MESSAGE][PASSED] - Object 'Object Repository/CuPaDl/Icons/Icon_minicooper' is visible

2018-03-06 06:20:46 - [MESSAGE][PASSED] - Object: 'Object Repository/CuPaDl/Icons/Icon_minicooper' is clicked on

2018-03-06 06:20:47 - [MESSAGE][PASSED] - Delayed 1 second(s)

2018-03-06 06:20:47 - [MESSAGE][PASSED] - Object 'Object Repository/CuPaDl/Loading_indicator' is visible

2018-03-06 06:20:48 - [MESSAGE][PASSED] - Object 'Object Repository/CuPaDl/Loading_indicator' is NOT visible

2018-03-06 06:20:48 - [MESSAGE][WARNING] - Timeout '0' is invalid. Using default page load timeout: '30'

2018-03-06 06:20:48 - [MESSAGE][PASSED] - Width of element 'Object Repository/CuPaDl/Icons/Reposition_icon' is '40'

2018-03-06 06:20:48 - [MESSAGE][PASSED] - Height of element 'Object Repository/CuPaDl/Icons/Reposition_icon' is '40'.

2018-03-06 06:20:49 - [MESSAGE][PASSED] - Delayed 1 second(s)

2018-03-06 06:20:49 - [MESSAGE][PASSED] - cupakeysDl.iconad.iconadd is PASSED

2018-03-06 06:20:49 - [TEST_STEP][PASSED] - Statement - (step++): null

2018-03-06 06:20:49 - [TEST_STEP][PASSED] - Statement - (iconcount++): null

2018-03-06 06:20:49 - [TEST_STEP][PASSED] - cupakeysDl.iconres.iconresize: cupakeysDl.iconres.iconresize is PASSED

2018-03-06 06:20:49 - [MESSAGE][PASSED] - Object 'Object Repository/CuPaDl/Icons/Reposition_icon' is visible

2018-03-06 06:20:49 - [MESSAGE][PASSED] - Current viewport's left (x) position is 0

2018-03-06 06:20:49 - [MESSAGE][PASSED] - Current viewport's top (y) position is 54

2018-03-06 06:20:49 - [MESSAGE][PASSED] - Dragged object with id 'Object Repository/CuPaDl/Icons/Resize_icon_bottomright' by offset distance x = -125 and y = -71 successfully

2018-03-06 06:20:50 - [MESSAGE][PASSED] - Object 'Object Repository/CuPaDl/Loading_indicator' is visible

2018-03-06 06:20:51 - [MESSAGE][PASSED] - Object 'Object Repository/CuPaDl/Loading_indicator' is NOT visible

2018-03-06 06:20:52 - [MESSAGE][PASSED] - Delayed 1 second(s)

2018-03-06 06:20:52 - [MESSAGE][PASSED] - cupakeysDl.iconres.iconresize is PASSED

2018-03-06 06:20:52 - [TEST_STEP][PASSED] - Statement - (step++): null

2018-03-06 06:20:52 - [TEST_STEP][PASSED] - cupakeysDl.slink.svlink: cupakeysDl.slink.svlink is PASSED

2018-03-06 06:20:52 - [MESSAGE][PASSED] - Scroll to object 'Object Repository/CuPaDl/Save/Save' successfully

2018-03-06 06:20:52 - [MESSAGE][PASSED] - Object: 'Object Repository/CuPaDl/Save/Save' is clicked on

2018-03-06 06:20:52 - [MESSAGE][WARNING] - Timeout '0' is invalid. Using default page load timeout: '30'

2018-03-06 06:20:53 - [MESSAGE][PASSED] - Object 'Object Repository/CuPaDl/Save/CopyLink' is visible

2018-03-06 06:20:53 - [MESSAGE][PASSED] - Object: 'Object Repository/CuPaDl/Save/CopyLink' is clicked on

2018-03-06 06:20:54 - [MESSAGE][PASSED] - Delayed 1 second(s)

2018-03-06 06:20:54 - [MESSAGE][PASSED] - Object: 'Object Repository/CuPaDl/Save/Close' is clicked on

2018-03-06 06:20:55 - [MESSAGE][PASSED] - Delayed 1 second(s)

2018-03-06 06:20:55 - [MESSAGE][PASSED] - cupakeysDl.slink.svlink is PASSED

2018-03-06 06:20:55 - [TEST_STEP][PASSED] - cupakeysDl.endsession.finishsession: cupakeysDl.endsession.finishsession is PASSED

2018-03-06 06:20:58 - [MESSAGE][PASSED] - Delayed 3 second(s)

2018-03-06 06:20:59 - [MESSAGE][PASSED] - Browser is closed

2018-03-06 06:20:59 - [MESSAGE][PASSED] - cupakeysDl.endsession.finishsession is PASSED]]></system-out>
         <system-err><![CDATA[]]></system-err>
      </testcase>
      <testcase name="Test Cases/CuPaStefanie/16" classname="Test Cases/CuPaStefanie/16" status="PASSED">
         <system-out><![CDATA[2018-03-06 06:20:59 - [TEST_CASE][PASSED] - Test Cases/CuPaStefanie/16: Test Cases/CuPaStefanie/16

2018-03-06 06:20:59 - [TEST_STEP][PASSED] - Statement - timeStamp = new java.text.SimpleDateFormat(dd.MM.yyyy).format(java.util.Calendar.getInstance().getTime()): null

2018-03-06 06:20:59 - [TEST_STEP][PASSED] - Statement - timeStampScreenshot = new java.text.SimpleDateFormat(dd.MM.yyyy).format(java.util.Calendar.getInstance().getTime()): null

2018-03-06 06:20:59 - [TEST_STEP][PASSED] - Statement - iconmap = [:]: null

2018-03-06 06:20:59 - [TEST_STEP][PASSED] - Statement - txtmap = [:]: null

2018-03-06 06:20:59 - [TEST_STEP][PASSED] - Statement - signmap = [:]: null

2018-03-06 06:20:59 - [TEST_STEP][PASSED] - cupakeysDl.initStart.initialStart: cupakeysDl.initStart.initialStart is PASSED

2018-03-06 06:21:01 - [MESSAGE][PASSED] - Browser is opened with url: ''

2018-03-06 06:21:04 - [MESSAGE][PASSED] - Delayed 3 second(s)

2018-03-06 06:21:05 - [MESSAGE][PASSED] - Navigate to 'https://d16a4dsnr8a0k1.cloudfront.net/en/2455233.html?price=150.00%20%E2%82%AC&partName=wilsonPartName&vin=wilsonVin&modelCode=XP11&paint=P0A94&modelDescription=wilsonModelDescription&additionalEquipment=wilsonAdditionalEquipment' successfully

2018-03-06 06:21:05 - [MESSAGE][PASSED] - Object 'Object Repository/CuPaDl/Loading_indicator' is visible

2018-03-06 06:21:09 - [MESSAGE][PASSED] - Object 'Object Repository/CuPaDl/Loading_indicator' is NOT visible

2018-03-06 06:21:10 - [MESSAGE][PASSED] - Delayed 1 second(s)

2018-03-06 06:21:10 - [MESSAGE][PASSED] - cupakeysDl.initStart.initialStart is PASSED

2018-03-06 06:21:10 - [TEST_STEP][PASSED] - Statement - (step++): null

2018-03-06 06:21:10 - [TEST_STEP][PASSED] - cupakeysDl.color.changecolor: cupakeysDl.color.changecolor is PASSED

2018-03-06 06:21:10 - [MESSAGE][PASSED] - Object 'Object Repository/CuPaDl/Color/Color' is visible

2018-03-06 06:21:10 - [MESSAGE][PASSED] - Object: 'Object Repository/CuPaDl/Color/Color' is clicked on

2018-03-06 06:21:11 - [MESSAGE][PASSED] - Delayed 1 second(s)

2018-03-06 06:21:11 - [MESSAGE][PASSED] - Object 'Object Repository/CuPaDl/Color/Color_jetblack' is visible

2018-03-06 06:21:12 - [MESSAGE][PASSED] - Object: 'Object Repository/CuPaDl/Color/Color_jetblack' is clicked on

2018-03-06 06:21:12 - [MESSAGE][WARNING] - Timeout '0' is invalid. Using default page load timeout: '30'

2018-03-06 06:21:12 - [MESSAGE][PASSED] - Object 'Object Repository/CuPaDl/Color/Color_jetblack' is visible

2018-03-06 06:21:13 - [MESSAGE][PASSED] - Delayed 1 second(s)

2018-03-06 06:21:13 - [MESSAGE][PASSED] - Object: 'Object Repository/CuPaDl/Color/Color_jetblack' is clicked on

2018-03-06 06:21:16 - [MESSAGE][WARNING] - Object 'Object Repository/CuPaDl/Loading_indicator' is not visible after 3 second(s)

2018-03-06 06:21:17 - [MESSAGE][PASSED] - Delayed 1 second(s)

2018-03-06 06:21:17 - [MESSAGE][PASSED] - cupakeysDl.color.changecolor is PASSED

2018-03-06 06:21:17 - [TEST_STEP][PASSED] - Statement - (step++): null

2018-03-06 06:21:17 - [TEST_STEP][PASSED] - cupakeysDl.chngstruct.changestructure: cupakeysDl.chngstruct.changestructure is PASSED

2018-03-06 06:21:17 - [MESSAGE][PASSED] - Object: 'Object Repository/CuPaDl/Structure/Structure' is clicked on

2018-03-06 06:21:17 - [MESSAGE][WARNING] - Timeout '0' is invalid. Using default page load timeout: '30'

2018-03-06 06:21:17 - [MESSAGE][PASSED] - Object 'Object Repository/CuPaDl/Structure/Structure_Hahnentritt' is visible

2018-03-06 06:21:17 - [MESSAGE][PASSED] - Object 'Object Repository/CuPaDl/Structure/Structure_ring' is visible

2018-03-06 06:21:17 - [MESSAGE][PASSED] - Object: 'Object Repository/CuPaDl/Structure/Structure_ring' is clicked on

2018-03-06 06:21:18 - [MESSAGE][PASSED] - Object 'Object Repository/CuPaDl/Loading_indicator' is visible

2018-03-06 06:21:19 - [MESSAGE][PASSED] - Object 'Object Repository/CuPaDl/Loading_indicator' is NOT visible

2018-03-06 06:21:20 - [MESSAGE][PASSED] - Delayed 1 second(s)

2018-03-06 06:21:20 - [MESSAGE][PASSED] - cupakeysDl.chngstruct.changestructure is PASSED

2018-03-06 06:21:20 - [TEST_STEP][PASSED] - Statement - (step++): null

2018-03-06 06:21:20 - [TEST_STEP][PASSED] - cupakeysDl.sclstruct.scalestructure: cupakeysDl.sclstruct.scalestructure is PASSED

2018-03-06 06:21:23 - [MESSAGE][WARNING] - Object 'Object Repository/CuPaDl/Structure/Resize_Structure_bottomright' is not visible after 3 second(s)

2018-03-06 06:21:23 - [MESSAGE][PASSED] - Object: 'Object Repository/CuPaDl/Structure/Resize_Structure' is clicked on

2018-03-06 06:21:23 - [MESSAGE][WARNING] - Timeout '0' is invalid. Using default page load timeout: '30'

2018-03-06 06:21:23 - [MESSAGE][PASSED] - Object 'Object Repository/CuPaDl/Structure/Resize_Structure_bottomright' is visible

2018-03-06 06:21:24 - [MESSAGE][PASSED] - Delayed 1 second(s)

2018-03-06 06:21:24 - [MESSAGE][PASSED] - Current viewport's left (x) position is 0

2018-03-06 06:21:24 - [MESSAGE][PASSED] - Current viewport's top (y) position is 54

2018-03-06 06:21:25 - [MESSAGE][PASSED] - Dragged object with id 'Object Repository/CuPaDl/Structure/Resize_Structure_bottomright' by offset distance x = 225 and y = 279 successfully

2018-03-06 06:21:25 - [MESSAGE][PASSED] - Object 'Object Repository/CuPaDl/Loading_indicator' is visible

2018-03-06 06:21:26 - [MESSAGE][PASSED] - Object 'Object Repository/CuPaDl/Loading_indicator' is NOT visible

2018-03-06 06:21:27 - [MESSAGE][PASSED] - Delayed 1 second(s)

2018-03-06 06:21:27 - [MESSAGE][PASSED] - cupakeysDl.sclstruct.scalestructure is PASSED

2018-03-06 06:21:27 - [TEST_STEP][PASSED] - Statement - (step++): null

2018-03-06 06:21:27 - [TEST_STEP][PASSED] - Statement - iconmap += CustomKeywords.cupakeysDl.iconad.iconadd("minicooper", LoadTimeCorrector, step, run, device, timeStamp, iconcount): cupakeysDl.iconad.iconadd is PASSED

2018-03-06 06:21:27 - [MESSAGE][PASSED] - Object: 'Object Repository/CuPaDl/Icons/Icon' is clicked on

2018-03-06 06:21:27 - [MESSAGE][PASSED] - Object 'Object Repository/CuPaDl/Icons/Icon_minicooper' is visible

2018-03-06 06:21:27 - [MESSAGE][PASSED] - Object: 'Object Repository/CuPaDl/Icons/Icon_minicooper' is clicked on

2018-03-06 06:21:28 - [MESSAGE][PASSED] - Delayed 1 second(s)

2018-03-06 06:21:28 - [MESSAGE][PASSED] - Object 'Object Repository/CuPaDl/Loading_indicator' is visible

2018-03-06 06:21:29 - [MESSAGE][PASSED] - Object 'Object Repository/CuPaDl/Loading_indicator' is NOT visible

2018-03-06 06:21:29 - [MESSAGE][WARNING] - Timeout '0' is invalid. Using default page load timeout: '30'

2018-03-06 06:21:29 - [MESSAGE][PASSED] - Width of element 'Object Repository/CuPaDl/Icons/Reposition_icon' is '40'

2018-03-06 06:21:29 - [MESSAGE][PASSED] - Height of element 'Object Repository/CuPaDl/Icons/Reposition_icon' is '40'.

2018-03-06 06:21:30 - [MESSAGE][PASSED] - Delayed 1 second(s)

2018-03-06 06:21:30 - [MESSAGE][PASSED] - cupakeysDl.iconad.iconadd is PASSED

2018-03-06 06:21:30 - [TEST_STEP][PASSED] - Statement - (step++): null

2018-03-06 06:21:30 - [TEST_STEP][PASSED] - Statement - (iconcount++): null

2018-03-06 06:21:30 - [TEST_STEP][PASSED] - cupakeysDl.iconres.iconresize: cupakeysDl.iconres.iconresize is PASSED

2018-03-06 06:21:30 - [MESSAGE][PASSED] - Object 'Object Repository/CuPaDl/Icons/Reposition_icon' is visible

2018-03-06 06:21:30 - [MESSAGE][PASSED] - Current viewport's left (x) position is 0

2018-03-06 06:21:30 - [MESSAGE][PASSED] - Current viewport's top (y) position is 54

2018-03-06 06:21:31 - [MESSAGE][PASSED] - Dragged object with id 'Object Repository/CuPaDl/Icons/Resize_icon_bottomright' by offset distance x = 125 and y = 179 successfully

2018-03-06 06:21:34 - [MESSAGE][WARNING] - Object 'Object Repository/CuPaDl/Loading_indicator' is not visible after 3 second(s)

2018-03-06 06:21:35 - [MESSAGE][PASSED] - Delayed 1 second(s)

2018-03-06 06:21:35 - [MESSAGE][PASSED] - cupakeysDl.iconres.iconresize is PASSED

2018-03-06 06:21:35 - [TEST_STEP][PASSED] - Statement - (step++): null

2018-03-06 06:21:35 - [TEST_STEP][PASSED] - cupakeysDl.slink.svlink: cupakeysDl.slink.svlink is PASSED

2018-03-06 06:21:35 - [MESSAGE][PASSED] - Scroll to object 'Object Repository/CuPaDl/Save/Save' successfully

2018-03-06 06:21:35 - [MESSAGE][PASSED] - Object: 'Object Repository/CuPaDl/Save/Save' is clicked on

2018-03-06 06:21:35 - [MESSAGE][WARNING] - Timeout '0' is invalid. Using default page load timeout: '30'

2018-03-06 06:21:35 - [MESSAGE][PASSED] - Object 'Object Repository/CuPaDl/Save/CopyLink' is visible

2018-03-06 06:21:35 - [MESSAGE][PASSED] - Object: 'Object Repository/CuPaDl/Save/CopyLink' is clicked on

2018-03-06 06:21:36 - [MESSAGE][PASSED] - Delayed 1 second(s)

2018-03-06 06:21:36 - [MESSAGE][PASSED] - Object: 'Object Repository/CuPaDl/Save/Close' is clicked on

2018-03-06 06:21:37 - [MESSAGE][PASSED] - Delayed 1 second(s)

2018-03-06 06:21:37 - [MESSAGE][PASSED] - cupakeysDl.slink.svlink is PASSED

2018-03-06 06:21:37 - [TEST_STEP][PASSED] - cupakeysDl.endsession.finishsession: cupakeysDl.endsession.finishsession is PASSED

2018-03-06 06:21:40 - [MESSAGE][PASSED] - Delayed 3 second(s)

2018-03-06 06:21:41 - [MESSAGE][PASSED] - Browser is closed

2018-03-06 06:21:41 - [MESSAGE][PASSED] - cupakeysDl.endsession.finishsession is PASSED]]></system-out>
         <system-err><![CDATA[]]></system-err>
      </testcase>
      <testcase name="Test Cases/CuPaStefanie/17" classname="Test Cases/CuPaStefanie/17" status="PASSED">
         <system-out><![CDATA[2018-03-06 06:21:41 - [TEST_CASE][PASSED] - Test Cases/CuPaStefanie/17: Test Cases/CuPaStefanie/17

2018-03-06 06:21:41 - [TEST_STEP][PASSED] - Statement - timeStamp = new java.text.SimpleDateFormat(dd.MM.yyyy).format(java.util.Calendar.getInstance().getTime()): null

2018-03-06 06:21:41 - [TEST_STEP][PASSED] - Statement - timeStampScreenshot = new java.text.SimpleDateFormat(dd.MM.yyyy).format(java.util.Calendar.getInstance().getTime()): null

2018-03-06 06:21:41 - [TEST_STEP][PASSED] - Statement - iconmap = [:]: null

2018-03-06 06:21:41 - [TEST_STEP][PASSED] - Statement - txtmap = [:]: null

2018-03-06 06:21:41 - [TEST_STEP][PASSED] - Statement - signmap = [:]: null

2018-03-06 06:21:41 - [TEST_STEP][PASSED] - cupakeysDl.initStart.initialStart: cupakeysDl.initStart.initialStart is PASSED

2018-03-06 06:21:43 - [MESSAGE][PASSED] - Browser is opened with url: ''

2018-03-06 06:21:46 - [MESSAGE][PASSED] - Delayed 3 second(s)

2018-03-06 06:21:48 - [MESSAGE][PASSED] - Navigate to 'https://d16a4dsnr8a0k1.cloudfront.net/en/2455233.html?price=150.00%20%E2%82%AC&partName=wilsonPartName&vin=wilsonVin&modelCode=XP11&paint=P0A94&modelDescription=wilsonModelDescription&additionalEquipment=wilsonAdditionalEquipment' successfully

2018-03-06 06:21:48 - [MESSAGE][PASSED] - Object 'Object Repository/CuPaDl/Loading_indicator' is visible

2018-03-06 06:21:51 - [MESSAGE][PASSED] - Object 'Object Repository/CuPaDl/Loading_indicator' is NOT visible

2018-03-06 06:21:52 - [MESSAGE][PASSED] - Delayed 1 second(s)

2018-03-06 06:21:52 - [MESSAGE][PASSED] - cupakeysDl.initStart.initialStart is PASSED

2018-03-06 06:21:52 - [TEST_STEP][PASSED] - Statement - (step++): null

2018-03-06 06:21:52 - [TEST_STEP][PASSED] - cupakeysDl.color.changecolor: cupakeysDl.color.changecolor is PASSED

2018-03-06 06:21:52 - [MESSAGE][PASSED] - Object 'Object Repository/CuPaDl/Color/Color' is visible

2018-03-06 06:21:53 - [MESSAGE][PASSED] - Object: 'Object Repository/CuPaDl/Color/Color' is clicked on

2018-03-06 06:21:54 - [MESSAGE][PASSED] - Delayed 1 second(s)

2018-03-06 06:21:54 - [MESSAGE][PASSED] - Object 'Object Repository/CuPaDl/Color/Color_moonwalkgrey' is visible

2018-03-06 06:21:54 - [MESSAGE][PASSED] - Object: 'Object Repository/CuPaDl/Color/Color_moonwalkgrey' is clicked on

2018-03-06 06:21:54 - [MESSAGE][WARNING] - Timeout '0' is invalid. Using default page load timeout: '30'

2018-03-06 06:21:54 - [MESSAGE][PASSED] - Object 'Object Repository/CuPaDl/Color/Color_moonwalkgrey' is visible

2018-03-06 06:21:55 - [MESSAGE][PASSED] - Delayed 1 second(s)

2018-03-06 06:21:55 - [MESSAGE][PASSED] - Object: 'Object Repository/CuPaDl/Color/Color_moonwalkgrey' is clicked on

2018-03-06 06:21:58 - [MESSAGE][WARNING] - Object 'Object Repository/CuPaDl/Loading_indicator' is not visible after 3 second(s)

2018-03-06 06:21:59 - [MESSAGE][PASSED] - Delayed 1 second(s)

2018-03-06 06:21:59 - [MESSAGE][PASSED] - cupakeysDl.color.changecolor is PASSED

2018-03-06 06:21:59 - [TEST_STEP][PASSED] - Statement - (step++): null

2018-03-06 06:21:59 - [TEST_STEP][PASSED] - cupakeysDl.chngstruct.changestructure: cupakeysDl.chngstruct.changestructure is PASSED

2018-03-06 06:21:59 - [MESSAGE][PASSED] - Object: 'Object Repository/CuPaDl/Structure/Structure' is clicked on

2018-03-06 06:21:59 - [MESSAGE][WARNING] - Timeout '0' is invalid. Using default page load timeout: '30'

2018-03-06 06:21:59 - [MESSAGE][PASSED] - Object 'Object Repository/CuPaDl/Structure/Structure_Hahnentritt' is visible

2018-03-06 06:21:59 - [MESSAGE][PASSED] - Object 'Object Repository/CuPaDl/Structure/Structure_fadedots' is visible

2018-03-06 06:21:59 - [MESSAGE][PASSED] - Object: 'Object Repository/CuPaDl/Structure/Structure_fadedots' is clicked on

2018-03-06 06:22:00 - [MESSAGE][PASSED] - Object 'Object Repository/CuPaDl/Loading_indicator' is visible

2018-03-06 06:22:03 - [MESSAGE][PASSED] - Object 'Object Repository/CuPaDl/Loading_indicator' is NOT visible

2018-03-06 06:22:04 - [MESSAGE][PASSED] - Delayed 1 second(s)

2018-03-06 06:22:04 - [MESSAGE][PASSED] - cupakeysDl.chngstruct.changestructure is PASSED

2018-03-06 06:22:04 - [TEST_STEP][PASSED] - Statement - (step++): null

2018-03-06 06:22:04 - [TEST_STEP][PASSED] - cupakeysDl.sclstruct.scalestructure: cupakeysDl.sclstruct.scalestructure is PASSED

2018-03-06 06:22:07 - [MESSAGE][WARNING] - Object 'Object Repository/CuPaDl/Structure/Resize_Structure_bottomright' is not visible after 3 second(s)

2018-03-06 06:22:08 - [MESSAGE][PASSED] - Object: 'Object Repository/CuPaDl/Structure/Resize_Structure' is clicked on

2018-03-06 06:22:08 - [MESSAGE][WARNING] - Timeout '0' is invalid. Using default page load timeout: '30'

2018-03-06 06:22:08 - [MESSAGE][PASSED] - Object 'Object Repository/CuPaDl/Structure/Resize_Structure_bottomright' is visible

2018-03-06 06:22:09 - [MESSAGE][PASSED] - Delayed 1 second(s)

2018-03-06 06:22:09 - [MESSAGE][PASSED] - Current viewport's left (x) position is 0

2018-03-06 06:22:09 - [MESSAGE][PASSED] - Current viewport's top (y) position is 54

2018-03-06 06:22:09 - [MESSAGE][PASSED] - Dragged object with id 'Object Repository/CuPaDl/Structure/Resize_Structure_bottomright' by offset distance x = -225 and y = -171 successfully

2018-03-06 06:22:10 - [MESSAGE][PASSED] - Object 'Object Repository/CuPaDl/Loading_indicator' is visible

2018-03-06 06:22:12 - [MESSAGE][PASSED] - Object 'Object Repository/CuPaDl/Loading_indicator' is NOT visible

2018-03-06 06:22:13 - [MESSAGE][PASSED] - Delayed 1 second(s)

2018-03-06 06:22:13 - [MESSAGE][PASSED] - cupakeysDl.sclstruct.scalestructure is PASSED

2018-03-06 06:22:13 - [TEST_STEP][PASSED] - Statement - (step++): null

2018-03-06 06:22:13 - [TEST_STEP][PASSED] - Statement - iconmap += CustomKeywords.cupakeysDl.iconad.iconadd("laurelwreath", LoadTimeCorrector, step, run, device, timeStamp, iconcount): cupakeysDl.iconad.iconadd is PASSED

2018-03-06 06:22:13 - [MESSAGE][PASSED] - Object: 'Object Repository/CuPaDl/Icons/Icon' is clicked on

2018-03-06 06:22:13 - [MESSAGE][PASSED] - Object 'Object Repository/CuPaDl/Icons/Icon_laurelwreath' is visible

2018-03-06 06:22:13 - [MESSAGE][PASSED] - Object: 'Object Repository/CuPaDl/Icons/Icon_laurelwreath' is clicked on

2018-03-06 06:22:14 - [MESSAGE][PASSED] - Delayed 1 second(s)

2018-03-06 06:22:15 - [MESSAGE][PASSED] - Object 'Object Repository/CuPaDl/Loading_indicator' is visible

2018-03-06 06:22:17 - [MESSAGE][PASSED] - Object 'Object Repository/CuPaDl/Loading_indicator' is NOT visible

2018-03-06 06:22:17 - [MESSAGE][WARNING] - Timeout '0' is invalid. Using default page load timeout: '30'

2018-03-06 06:22:17 - [MESSAGE][PASSED] - Width of element 'Object Repository/CuPaDl/Icons/Reposition_icon' is '40'

2018-03-06 06:22:17 - [MESSAGE][PASSED] - Height of element 'Object Repository/CuPaDl/Icons/Reposition_icon' is '40'.

2018-03-06 06:22:18 - [MESSAGE][PASSED] - Delayed 1 second(s)

2018-03-06 06:22:18 - [MESSAGE][PASSED] - cupakeysDl.iconad.iconadd is PASSED

2018-03-06 06:22:18 - [TEST_STEP][PASSED] - Statement - (step++): null

2018-03-06 06:22:18 - [TEST_STEP][PASSED] - Statement - (iconcount++): null

2018-03-06 06:22:18 - [TEST_STEP][PASSED] - cupakeysDl.iconres.iconresize: cupakeysDl.iconres.iconresize is PASSED

2018-03-06 06:22:18 - [MESSAGE][PASSED] - Object 'Object Repository/CuPaDl/Icons/Reposition_icon' is visible

2018-03-06 06:22:18 - [MESSAGE][PASSED] - Current viewport's left (x) position is 0

2018-03-06 06:22:18 - [MESSAGE][PASSED] - Current viewport's top (y) position is 54

2018-03-06 06:22:18 - [MESSAGE][PASSED] - Dragged object with id 'Object Repository/CuPaDl/Icons/Resize_icon_bottomright' by offset distance x = -125 and y = -71 successfully

2018-03-06 06:22:19 - [MESSAGE][PASSED] - Object 'Object Repository/CuPaDl/Loading_indicator' is visible

2018-03-06 06:22:22 - [MESSAGE][PASSED] - Object 'Object Repository/CuPaDl/Loading_indicator' is NOT visible

2018-03-06 06:22:23 - [MESSAGE][PASSED] - Delayed 1 second(s)

2018-03-06 06:22:23 - [MESSAGE][PASSED] - cupakeysDl.iconres.iconresize is PASSED

2018-03-06 06:22:23 - [TEST_STEP][PASSED] - Statement - (step++): null

2018-03-06 06:22:23 - [TEST_STEP][PASSED] - cupakeysDl.slink.svlink: cupakeysDl.slink.svlink is PASSED

2018-03-06 06:22:24 - [MESSAGE][PASSED] - Scroll to object 'Object Repository/CuPaDl/Save/Save' successfully

2018-03-06 06:22:24 - [MESSAGE][PASSED] - Object: 'Object Repository/CuPaDl/Save/Save' is clicked on

2018-03-06 06:22:24 - [MESSAGE][WARNING] - Timeout '0' is invalid. Using default page load timeout: '30'

2018-03-06 06:22:24 - [MESSAGE][PASSED] - Object 'Object Repository/CuPaDl/Save/CopyLink' is visible

2018-03-06 06:22:24 - [MESSAGE][PASSED] - Object: 'Object Repository/CuPaDl/Save/CopyLink' is clicked on

2018-03-06 06:22:25 - [MESSAGE][PASSED] - Delayed 1 second(s)

2018-03-06 06:22:25 - [MESSAGE][PASSED] - Object: 'Object Repository/CuPaDl/Save/Close' is clicked on

2018-03-06 06:22:26 - [MESSAGE][PASSED] - Delayed 1 second(s)

2018-03-06 06:22:26 - [MESSAGE][PASSED] - cupakeysDl.slink.svlink is PASSED

2018-03-06 06:22:26 - [TEST_STEP][PASSED] - cupakeysDl.endsession.finishsession: cupakeysDl.endsession.finishsession is PASSED

2018-03-06 06:22:29 - [MESSAGE][PASSED] - Delayed 3 second(s)

2018-03-06 06:22:30 - [MESSAGE][PASSED] - Browser is closed

2018-03-06 06:22:30 - [MESSAGE][PASSED] - cupakeysDl.endsession.finishsession is PASSED]]></system-out>
         <system-err><![CDATA[]]></system-err>
      </testcase>
      <testcase name="Test Cases/CuPaStefanie/18" classname="Test Cases/CuPaStefanie/18" status="PASSED">
         <system-out><![CDATA[2018-03-06 06:22:30 - [TEST_CASE][PASSED] - Test Cases/CuPaStefanie/18: Test Cases/CuPaStefanie/18

2018-03-06 06:22:30 - [TEST_STEP][PASSED] - Statement - timeStamp = new java.text.SimpleDateFormat(dd.MM.yyyy).format(java.util.Calendar.getInstance().getTime()): null

2018-03-06 06:22:30 - [TEST_STEP][PASSED] - Statement - timeStampScreenshot = new java.text.SimpleDateFormat(dd.MM.yyyy).format(java.util.Calendar.getInstance().getTime()): null

2018-03-06 06:22:30 - [TEST_STEP][PASSED] - Statement - iconmap = [:]: null

2018-03-06 06:22:30 - [TEST_STEP][PASSED] - Statement - txtmap = [:]: null

2018-03-06 06:22:30 - [TEST_STEP][PASSED] - Statement - signmap = [:]: null

2018-03-06 06:22:30 - [TEST_STEP][PASSED] - cupakeysDl.initStart.initialStart: cupakeysDl.initStart.initialStart is PASSED

2018-03-06 06:22:32 - [MESSAGE][PASSED] - Browser is opened with url: ''

2018-03-06 06:22:35 - [MESSAGE][PASSED] - Delayed 3 second(s)

2018-03-06 06:22:37 - [MESSAGE][PASSED] - Navigate to 'https://d16a4dsnr8a0k1.cloudfront.net/en/2455233.html?price=150.00%20%E2%82%AC&partName=wilsonPartName&vin=wilsonVin&modelCode=XP11&paint=P0A94&modelDescription=wilsonModelDescription&additionalEquipment=wilsonAdditionalEquipment' successfully

2018-03-06 06:22:37 - [MESSAGE][PASSED] - Object 'Object Repository/CuPaDl/Loading_indicator' is visible

2018-03-06 06:22:41 - [MESSAGE][PASSED] - Object 'Object Repository/CuPaDl/Loading_indicator' is NOT visible

2018-03-06 06:22:42 - [MESSAGE][PASSED] - Delayed 1 second(s)

2018-03-06 06:22:42 - [MESSAGE][PASSED] - cupakeysDl.initStart.initialStart is PASSED

2018-03-06 06:22:42 - [TEST_STEP][PASSED] - Statement - (step++): null

2018-03-06 06:22:42 - [TEST_STEP][PASSED] - cupakeysDl.color.changecolor: cupakeysDl.color.changecolor is PASSED

2018-03-06 06:22:42 - [MESSAGE][PASSED] - Object 'Object Repository/CuPaDl/Color/Color' is visible

2018-03-06 06:22:42 - [MESSAGE][PASSED] - Object: 'Object Repository/CuPaDl/Color/Color' is clicked on

2018-03-06 06:22:43 - [MESSAGE][PASSED] - Delayed 1 second(s)

2018-03-06 06:22:43 - [MESSAGE][PASSED] - Object 'Object Repository/CuPaDl/Color/Color_moonwalkgrey' is visible

2018-03-06 06:22:43 - [MESSAGE][PASSED] - Object: 'Object Repository/CuPaDl/Color/Color_moonwalkgrey' is clicked on

2018-03-06 06:22:43 - [MESSAGE][WARNING] - Timeout '0' is invalid. Using default page load timeout: '30'

2018-03-06 06:22:43 - [MESSAGE][PASSED] - Object 'Object Repository/CuPaDl/Color/Color_moonwalkgrey' is visible

2018-03-06 06:22:44 - [MESSAGE][PASSED] - Delayed 1 second(s)

2018-03-06 06:22:44 - [MESSAGE][PASSED] - Object: 'Object Repository/CuPaDl/Color/Color_moonwalkgrey' is clicked on

2018-03-06 06:22:47 - [MESSAGE][WARNING] - Object 'Object Repository/CuPaDl/Loading_indicator' is not visible after 3 second(s)

2018-03-06 06:22:48 - [MESSAGE][PASSED] - Delayed 1 second(s)

2018-03-06 06:22:48 - [MESSAGE][PASSED] - cupakeysDl.color.changecolor is PASSED

2018-03-06 06:22:48 - [TEST_STEP][PASSED] - Statement - (step++): null

2018-03-06 06:22:48 - [TEST_STEP][PASSED] - cupakeysDl.chngstruct.changestructure: cupakeysDl.chngstruct.changestructure is PASSED

2018-03-06 06:22:48 - [MESSAGE][PASSED] - Object: 'Object Repository/CuPaDl/Structure/Structure' is clicked on

2018-03-06 06:22:48 - [MESSAGE][WARNING] - Timeout '0' is invalid. Using default page load timeout: '30'

2018-03-06 06:22:49 - [MESSAGE][PASSED] - Object 'Object Repository/CuPaDl/Structure/Structure_Hahnentritt' is visible

2018-03-06 06:22:49 - [MESSAGE][PASSED] - Object 'Object Repository/CuPaDl/Structure/Structure_fadedots' is visible

2018-03-06 06:22:49 - [MESSAGE][PASSED] - Object: 'Object Repository/CuPaDl/Structure/Structure_fadedots' is clicked on

2018-03-06 06:22:50 - [MESSAGE][PASSED] - Object 'Object Repository/CuPaDl/Loading_indicator' is visible

2018-03-06 06:22:53 - [MESSAGE][PASSED] - Object 'Object Repository/CuPaDl/Loading_indicator' is NOT visible

2018-03-06 06:22:54 - [MESSAGE][PASSED] - Delayed 1 second(s)

2018-03-06 06:22:54 - [MESSAGE][PASSED] - cupakeysDl.chngstruct.changestructure is PASSED

2018-03-06 06:22:54 - [TEST_STEP][PASSED] - Statement - (step++): null

2018-03-06 06:22:54 - [TEST_STEP][PASSED] - cupakeysDl.sclstruct.scalestructure: cupakeysDl.sclstruct.scalestructure is PASSED

2018-03-06 06:22:57 - [MESSAGE][WARNING] - Object 'Object Repository/CuPaDl/Structure/Resize_Structure_bottomright' is not visible after 3 second(s)

2018-03-06 06:22:57 - [MESSAGE][PASSED] - Object: 'Object Repository/CuPaDl/Structure/Resize_Structure' is clicked on

2018-03-06 06:22:57 - [MESSAGE][WARNING] - Timeout '0' is invalid. Using default page load timeout: '30'

2018-03-06 06:22:57 - [MESSAGE][PASSED] - Object 'Object Repository/CuPaDl/Structure/Resize_Structure_bottomright' is visible

2018-03-06 06:22:58 - [MESSAGE][PASSED] - Delayed 1 second(s)

2018-03-06 06:22:58 - [MESSAGE][PASSED] - Current viewport's left (x) position is 0

2018-03-06 06:22:58 - [MESSAGE][PASSED] - Current viewport's top (y) position is 54

2018-03-06 06:22:58 - [MESSAGE][PASSED] - Dragged object with id 'Object Repository/CuPaDl/Structure/Resize_Structure_bottomright' by offset distance x = 225 and y = 279 successfully

2018-03-06 06:22:59 - [MESSAGE][PASSED] - Object 'Object Repository/CuPaDl/Loading_indicator' is visible

2018-03-06 06:23:01 - [MESSAGE][PASSED] - Object 'Object Repository/CuPaDl/Loading_indicator' is NOT visible

2018-03-06 06:23:02 - [MESSAGE][PASSED] - Delayed 1 second(s)

2018-03-06 06:23:02 - [MESSAGE][PASSED] - cupakeysDl.sclstruct.scalestructure is PASSED

2018-03-06 06:23:02 - [TEST_STEP][PASSED] - Statement - (step++): null

2018-03-06 06:23:02 - [TEST_STEP][PASSED] - Statement - iconmap += CustomKeywords.cupakeysDl.iconad.iconadd("laurelwreath", LoadTimeCorrector, step, run, device, timeStamp, iconcount): cupakeysDl.iconad.iconadd is PASSED

2018-03-06 06:23:02 - [MESSAGE][PASSED] - Object: 'Object Repository/CuPaDl/Icons/Icon' is clicked on

2018-03-06 06:23:02 - [MESSAGE][PASSED] - Object 'Object Repository/CuPaDl/Icons/Icon_laurelwreath' is visible

2018-03-06 06:23:02 - [MESSAGE][PASSED] - Object: 'Object Repository/CuPaDl/Icons/Icon_laurelwreath' is clicked on

2018-03-06 06:23:03 - [MESSAGE][PASSED] - Delayed 1 second(s)

2018-03-06 06:23:03 - [MESSAGE][PASSED] - Object 'Object Repository/CuPaDl/Loading_indicator' is visible

2018-03-06 06:23:06 - [MESSAGE][PASSED] - Object 'Object Repository/CuPaDl/Loading_indicator' is NOT visible

2018-03-06 06:23:06 - [MESSAGE][WARNING] - Timeout '0' is invalid. Using default page load timeout: '30'

2018-03-06 06:23:06 - [MESSAGE][PASSED] - Width of element 'Object Repository/CuPaDl/Icons/Reposition_icon' is '40'

2018-03-06 06:23:06 - [MESSAGE][PASSED] - Height of element 'Object Repository/CuPaDl/Icons/Reposition_icon' is '40'.

2018-03-06 06:23:07 - [MESSAGE][PASSED] - Delayed 1 second(s)

2018-03-06 06:23:07 - [MESSAGE][PASSED] - cupakeysDl.iconad.iconadd is PASSED

2018-03-06 06:23:07 - [TEST_STEP][PASSED] - Statement - (step++): null

2018-03-06 06:23:07 - [TEST_STEP][PASSED] - Statement - (iconcount++): null

2018-03-06 06:23:07 - [TEST_STEP][PASSED] - cupakeysDl.iconres.iconresize: cupakeysDl.iconres.iconresize is PASSED

2018-03-06 06:23:07 - [MESSAGE][PASSED] - Object 'Object Repository/CuPaDl/Icons/Reposition_icon' is visible

2018-03-06 06:23:07 - [MESSAGE][PASSED] - Current viewport's left (x) position is 0

2018-03-06 06:23:07 - [MESSAGE][PASSED] - Current viewport's top (y) position is 54

2018-03-06 06:23:07 - [MESSAGE][PASSED] - Dragged object with id 'Object Repository/CuPaDl/Icons/Resize_icon_bottomright' by offset distance x = 125 and y = 179 successfully

2018-03-06 06:23:08 - [MESSAGE][PASSED] - Object 'Object Repository/CuPaDl/Loading_indicator' is visible

2018-03-06 06:23:10 - [MESSAGE][PASSED] - Object 'Object Repository/CuPaDl/Loading_indicator' is NOT visible

2018-03-06 06:23:11 - [MESSAGE][PASSED] - Delayed 1 second(s)

2018-03-06 06:23:11 - [MESSAGE][PASSED] - cupakeysDl.iconres.iconresize is PASSED

2018-03-06 06:23:11 - [TEST_STEP][PASSED] - Statement - (step++): null

2018-03-06 06:23:11 - [TEST_STEP][PASSED] - cupakeysDl.slink.svlink: cupakeysDl.slink.svlink is PASSED

2018-03-06 06:23:11 - [MESSAGE][PASSED] - Scroll to object 'Object Repository/CuPaDl/Save/Save' successfully

2018-03-06 06:23:11 - [MESSAGE][PASSED] - Object: 'Object Repository/CuPaDl/Save/Save' is clicked on

2018-03-06 06:23:11 - [MESSAGE][WARNING] - Timeout '0' is invalid. Using default page load timeout: '30'

2018-03-06 06:23:12 - [MESSAGE][PASSED] - Object 'Object Repository/CuPaDl/Save/CopyLink' is visible

2018-03-06 06:23:12 - [MESSAGE][PASSED] - Object: 'Object Repository/CuPaDl/Save/CopyLink' is clicked on

2018-03-06 06:23:13 - [MESSAGE][PASSED] - Delayed 1 second(s)

2018-03-06 06:23:13 - [MESSAGE][PASSED] - Object: 'Object Repository/CuPaDl/Save/Close' is clicked on

2018-03-06 06:23:14 - [MESSAGE][PASSED] - Delayed 1 second(s)

2018-03-06 06:23:14 - [MESSAGE][PASSED] - cupakeysDl.slink.svlink is PASSED

2018-03-06 06:23:14 - [TEST_STEP][PASSED] - cupakeysDl.endsession.finishsession: cupakeysDl.endsession.finishsession is PASSED

2018-03-06 06:23:17 - [MESSAGE][PASSED] - Delayed 3 second(s)

2018-03-06 06:23:18 - [MESSAGE][PASSED] - Browser is closed

2018-03-06 06:23:18 - [MESSAGE][PASSED] - cupakeysDl.endsession.finishsession is PASSED]]></system-out>
         <system-err><![CDATA[]]></system-err>
      </testcase>
      <testcase name="Test Cases/CuPaStefanie/19" classname="Test Cases/CuPaStefanie/19" status="PASSED">
         <system-out><![CDATA[2018-03-06 06:23:18 - [TEST_CASE][PASSED] - Test Cases/CuPaStefanie/19: Test Cases/CuPaStefanie/19

2018-03-06 06:23:18 - [TEST_STEP][PASSED] - Statement - timeStamp = new java.text.SimpleDateFormat(dd.MM.yyyy).format(java.util.Calendar.getInstance().getTime()): null

2018-03-06 06:23:18 - [TEST_STEP][PASSED] - Statement - timeStampScreenshot = new java.text.SimpleDateFormat(dd.MM.yyyy).format(java.util.Calendar.getInstance().getTime()): null

2018-03-06 06:23:18 - [TEST_STEP][PASSED] - Statement - iconmap = [:]: null

2018-03-06 06:23:18 - [TEST_STEP][PASSED] - Statement - txtmap = [:]: null

2018-03-06 06:23:18 - [TEST_STEP][PASSED] - Statement - signmap = [:]: null

2018-03-06 06:23:18 - [TEST_STEP][PASSED] - cupakeysDl.initStart.initialStart: cupakeysDl.initStart.initialStart is PASSED

2018-03-06 06:23:20 - [MESSAGE][PASSED] - Browser is opened with url: ''

2018-03-06 06:23:23 - [MESSAGE][PASSED] - Delayed 3 second(s)

2018-03-06 06:23:24 - [MESSAGE][PASSED] - Navigate to 'https://d16a4dsnr8a0k1.cloudfront.net/en/2455233.html?price=150.00%20%E2%82%AC&partName=wilsonPartName&vin=wilsonVin&modelCode=XP11&paint=P0A94&modelDescription=wilsonModelDescription&additionalEquipment=wilsonAdditionalEquipment' successfully

2018-03-06 06:23:25 - [MESSAGE][PASSED] - Object 'Object Repository/CuPaDl/Loading_indicator' is visible

2018-03-06 06:23:29 - [MESSAGE][PASSED] - Object 'Object Repository/CuPaDl/Loading_indicator' is NOT visible

2018-03-06 06:23:30 - [MESSAGE][PASSED] - Delayed 1 second(s)

2018-03-06 06:23:30 - [MESSAGE][PASSED] - cupakeysDl.initStart.initialStart is PASSED

2018-03-06 06:23:30 - [TEST_STEP][PASSED] - Statement - (step++): null

2018-03-06 06:23:30 - [TEST_STEP][PASSED] - cupakeysDl.color.changecolor: cupakeysDl.color.changecolor is PASSED

2018-03-06 06:23:30 - [MESSAGE][PASSED] - Object 'Object Repository/CuPaDl/Color/Color' is visible

2018-03-06 06:23:30 - [MESSAGE][PASSED] - Object: 'Object Repository/CuPaDl/Color/Color' is clicked on

2018-03-06 06:23:31 - [MESSAGE][PASSED] - Delayed 1 second(s)

2018-03-06 06:23:31 - [MESSAGE][PASSED] - Object 'Object Repository/CuPaDl/Color/Color_thundergrey' is visible

2018-03-06 06:23:31 - [MESSAGE][PASSED] - Object: 'Object Repository/CuPaDl/Color/Color_thundergrey' is clicked on

2018-03-06 06:23:31 - [MESSAGE][WARNING] - Timeout '0' is invalid. Using default page load timeout: '30'

2018-03-06 06:23:31 - [MESSAGE][PASSED] - Object 'Object Repository/CuPaDl/Color/Color_thundergrey' is visible

2018-03-06 06:23:32 - [MESSAGE][PASSED] - Delayed 1 second(s)

2018-03-06 06:23:32 - [MESSAGE][PASSED] - Object: 'Object Repository/CuPaDl/Color/Color_thundergrey' is clicked on

2018-03-06 06:23:35 - [MESSAGE][WARNING] - Object 'Object Repository/CuPaDl/Loading_indicator' is not visible after 3 second(s)

2018-03-06 06:23:36 - [MESSAGE][PASSED] - Delayed 1 second(s)

2018-03-06 06:23:36 - [MESSAGE][PASSED] - cupakeysDl.color.changecolor is PASSED

2018-03-06 06:23:36 - [TEST_STEP][PASSED] - Statement - (step++): null

2018-03-06 06:23:36 - [TEST_STEP][PASSED] - cupakeysDl.chngstruct.changestructure: cupakeysDl.chngstruct.changestructure is PASSED

2018-03-06 06:23:36 - [MESSAGE][PASSED] - Object: 'Object Repository/CuPaDl/Structure/Structure' is clicked on

2018-03-06 06:23:36 - [MESSAGE][WARNING] - Timeout '0' is invalid. Using default page load timeout: '30'

2018-03-06 06:23:36 - [MESSAGE][PASSED] - Object 'Object Repository/CuPaDl/Structure/Structure_Hahnentritt' is visible

2018-03-06 06:23:36 - [MESSAGE][PASSED] - Object 'Object Repository/CuPaDl/Structure/Structure_fadehahnentritt' is visible

2018-03-06 06:23:36 - [MESSAGE][PASSED] - Object: 'Object Repository/CuPaDl/Structure/Structure_fadehahnentritt' is clicked on

2018-03-06 06:23:37 - [MESSAGE][PASSED] - Object 'Object Repository/CuPaDl/Loading_indicator' is visible

2018-03-06 06:23:38 - [MESSAGE][PASSED] - Object 'Object Repository/CuPaDl/Loading_indicator' is NOT visible

2018-03-06 06:23:39 - [MESSAGE][PASSED] - Delayed 1 second(s)

2018-03-06 06:23:39 - [MESSAGE][PASSED] - cupakeysDl.chngstruct.changestructure is PASSED

2018-03-06 06:23:39 - [TEST_STEP][PASSED] - Statement - (step++): null

2018-03-06 06:23:39 - [TEST_STEP][PASSED] - cupakeysDl.sclstruct.scalestructure: cupakeysDl.sclstruct.scalestructure is PASSED

2018-03-06 06:23:43 - [MESSAGE][WARNING] - Object 'Object Repository/CuPaDl/Structure/Resize_Structure_bottomright' is not visible after 3 second(s)

2018-03-06 06:23:43 - [MESSAGE][PASSED] - Object: 'Object Repository/CuPaDl/Structure/Resize_Structure' is clicked on

2018-03-06 06:23:43 - [MESSAGE][WARNING] - Timeout '0' is invalid. Using default page load timeout: '30'

2018-03-06 06:23:43 - [MESSAGE][PASSED] - Object 'Object Repository/CuPaDl/Structure/Resize_Structure_bottomright' is visible

2018-03-06 06:23:44 - [MESSAGE][PASSED] - Delayed 1 second(s)

2018-03-06 06:23:44 - [MESSAGE][PASSED] - Current viewport's left (x) position is 0

2018-03-06 06:23:44 - [MESSAGE][PASSED] - Current viewport's top (y) position is 54

2018-03-06 06:23:44 - [MESSAGE][PASSED] - Dragged object with id 'Object Repository/CuPaDl/Structure/Resize_Structure_bottomright' by offset distance x = -225 and y = -171 successfully

2018-03-06 06:23:45 - [MESSAGE][PASSED] - Object 'Object Repository/CuPaDl/Loading_indicator' is visible

2018-03-06 06:23:45 - [MESSAGE][PASSED] - Object 'Object Repository/CuPaDl/Loading_indicator' is NOT visible

2018-03-06 06:23:46 - [MESSAGE][PASSED] - Delayed 1 second(s)

2018-03-06 06:23:46 - [MESSAGE][PASSED] - cupakeysDl.sclstruct.scalestructure is PASSED

2018-03-06 06:23:46 - [TEST_STEP][PASSED] - Statement - (step++): null

2018-03-06 06:23:46 - [TEST_STEP][PASSED] - Statement - iconmap += CustomKeywords.cupakeysDl.iconad.iconadd("helmet", LoadTimeCorrector, step, run, device, timeStamp, iconcount): cupakeysDl.iconad.iconadd is PASSED

2018-03-06 06:23:46 - [MESSAGE][PASSED] - Object: 'Object Repository/CuPaDl/Icons/Icon' is clicked on

2018-03-06 06:23:47 - [MESSAGE][PASSED] - Object 'Object Repository/CuPaDl/Icons/Icon_helmet' is visible

2018-03-06 06:23:47 - [MESSAGE][PASSED] - Object: 'Object Repository/CuPaDl/Icons/Icon_helmet' is clicked on

2018-03-06 06:23:48 - [MESSAGE][PASSED] - Delayed 1 second(s)

2018-03-06 06:23:48 - [MESSAGE][PASSED] - Object 'Object Repository/CuPaDl/Loading_indicator' is visible

2018-03-06 06:23:49 - [MESSAGE][PASSED] - Object 'Object Repository/CuPaDl/Loading_indicator' is NOT visible

2018-03-06 06:23:49 - [MESSAGE][WARNING] - Timeout '0' is invalid. Using default page load timeout: '30'

2018-03-06 06:23:49 - [MESSAGE][PASSED] - Width of element 'Object Repository/CuPaDl/Icons/Reposition_icon' is '40'

2018-03-06 06:23:49 - [MESSAGE][PASSED] - Height of element 'Object Repository/CuPaDl/Icons/Reposition_icon' is '40'.

2018-03-06 06:23:50 - [MESSAGE][PASSED] - Delayed 1 second(s)

2018-03-06 06:23:50 - [MESSAGE][PASSED] - cupakeysDl.iconad.iconadd is PASSED

2018-03-06 06:23:50 - [TEST_STEP][PASSED] - Statement - (step++): null

2018-03-06 06:23:50 - [TEST_STEP][PASSED] - Statement - (iconcount++): null

2018-03-06 06:23:50 - [TEST_STEP][PASSED] - cupakeysDl.iconres.iconresize: cupakeysDl.iconres.iconresize is PASSED

2018-03-06 06:23:50 - [MESSAGE][PASSED] - Object 'Object Repository/CuPaDl/Icons/Reposition_icon' is visible

2018-03-06 06:23:50 - [MESSAGE][PASSED] - Current viewport's left (x) position is 0

2018-03-06 06:23:50 - [MESSAGE][PASSED] - Current viewport's top (y) position is 54

2018-03-06 06:23:50 - [MESSAGE][PASSED] - Dragged object with id 'Object Repository/CuPaDl/Icons/Resize_icon_bottomright' by offset distance x = -125 and y = -71 successfully

2018-03-06 06:23:53 - [MESSAGE][WARNING] - Object 'Object Repository/CuPaDl/Loading_indicator' is not visible after 3 second(s)

2018-03-06 06:23:54 - [MESSAGE][PASSED] - Delayed 1 second(s)

2018-03-06 06:23:54 - [MESSAGE][PASSED] - cupakeysDl.iconres.iconresize is PASSED

2018-03-06 06:23:54 - [TEST_STEP][PASSED] - Statement - (step++): null

2018-03-06 06:23:54 - [TEST_STEP][PASSED] - cupakeysDl.slink.svlink: cupakeysDl.slink.svlink is PASSED

2018-03-06 06:23:54 - [MESSAGE][PASSED] - Scroll to object 'Object Repository/CuPaDl/Save/Save' successfully

2018-03-06 06:23:54 - [MESSAGE][PASSED] - Object: 'Object Repository/CuPaDl/Save/Save' is clicked on

2018-03-06 06:23:54 - [MESSAGE][WARNING] - Timeout '0' is invalid. Using default page load timeout: '30'

2018-03-06 06:23:55 - [MESSAGE][PASSED] - Object 'Object Repository/CuPaDl/Save/CopyLink' is visible

2018-03-06 06:23:55 - [MESSAGE][PASSED] - Object: 'Object Repository/CuPaDl/Save/CopyLink' is clicked on

2018-03-06 06:23:56 - [MESSAGE][PASSED] - Delayed 1 second(s)

2018-03-06 06:23:56 - [MESSAGE][PASSED] - Object: 'Object Repository/CuPaDl/Save/Close' is clicked on

2018-03-06 06:23:57 - [MESSAGE][PASSED] - Delayed 1 second(s)

2018-03-06 06:23:57 - [MESSAGE][PASSED] - cupakeysDl.slink.svlink is PASSED

2018-03-06 06:23:57 - [TEST_STEP][PASSED] - cupakeysDl.endsession.finishsession: cupakeysDl.endsession.finishsession is PASSED

2018-03-06 06:24:00 - [MESSAGE][PASSED] - Delayed 3 second(s)

2018-03-06 06:24:01 - [MESSAGE][PASSED] - Browser is closed

2018-03-06 06:24:01 - [MESSAGE][PASSED] - cupakeysDl.endsession.finishsession is PASSED]]></system-out>
         <system-err><![CDATA[]]></system-err>
      </testcase>
      <testcase name="Test Cases/CuPaStefanie/20" classname="Test Cases/CuPaStefanie/20" status="PASSED">
         <system-out><![CDATA[2018-03-06 06:24:01 - [TEST_CASE][PASSED] - Test Cases/CuPaStefanie/20: Test Cases/CuPaStefanie/20

2018-03-06 06:24:01 - [TEST_STEP][PASSED] - Statement - timeStamp = new java.text.SimpleDateFormat(dd.MM.yyyy).format(java.util.Calendar.getInstance().getTime()): null

2018-03-06 06:24:01 - [TEST_STEP][PASSED] - Statement - timeStampScreenshot = new java.text.SimpleDateFormat(dd.MM.yyyy).format(java.util.Calendar.getInstance().getTime()): null

2018-03-06 06:24:01 - [TEST_STEP][PASSED] - Statement - iconmap = [:]: null

2018-03-06 06:24:01 - [TEST_STEP][PASSED] - Statement - txtmap = [:]: null

2018-03-06 06:24:01 - [TEST_STEP][PASSED] - Statement - signmap = [:]: null

2018-03-06 06:24:01 - [TEST_STEP][PASSED] - cupakeysDl.initStart.initialStart: cupakeysDl.initStart.initialStart is PASSED

2018-03-06 06:24:03 - [MESSAGE][PASSED] - Browser is opened with url: ''

2018-03-06 06:24:06 - [MESSAGE][PASSED] - Delayed 3 second(s)

2018-03-06 06:24:07 - [MESSAGE][PASSED] - Navigate to 'https://d16a4dsnr8a0k1.cloudfront.net/en/2455233.html?price=150.00%20%E2%82%AC&partName=wilsonPartName&vin=wilsonVin&modelCode=XP11&paint=P0A94&modelDescription=wilsonModelDescription&additionalEquipment=wilsonAdditionalEquipment' successfully

2018-03-06 06:24:07 - [MESSAGE][PASSED] - Object 'Object Repository/CuPaDl/Loading_indicator' is visible

2018-03-06 06:24:11 - [MESSAGE][PASSED] - Object 'Object Repository/CuPaDl/Loading_indicator' is NOT visible

2018-03-06 06:24:12 - [MESSAGE][PASSED] - Delayed 1 second(s)

2018-03-06 06:24:12 - [MESSAGE][PASSED] - cupakeysDl.initStart.initialStart is PASSED

2018-03-06 06:24:12 - [TEST_STEP][PASSED] - Statement - (step++): null

2018-03-06 06:24:12 - [TEST_STEP][PASSED] - cupakeysDl.color.changecolor: cupakeysDl.color.changecolor is PASSED

2018-03-06 06:24:12 - [MESSAGE][PASSED] - Object 'Object Repository/CuPaDl/Color/Color' is visible

2018-03-06 06:24:12 - [MESSAGE][PASSED] - Object: 'Object Repository/CuPaDl/Color/Color' is clicked on

2018-03-06 06:24:13 - [MESSAGE][PASSED] - Delayed 1 second(s)

2018-03-06 06:24:13 - [MESSAGE][PASSED] - Object 'Object Repository/CuPaDl/Color/Color_thundergrey' is visible

2018-03-06 06:24:13 - [MESSAGE][PASSED] - Object: 'Object Repository/CuPaDl/Color/Color_thundergrey' is clicked on

2018-03-06 06:24:13 - [MESSAGE][WARNING] - Timeout '0' is invalid. Using default page load timeout: '30'

2018-03-06 06:24:13 - [MESSAGE][PASSED] - Object 'Object Repository/CuPaDl/Color/Color_thundergrey' is visible

2018-03-06 06:24:14 - [MESSAGE][PASSED] - Delayed 1 second(s)

2018-03-06 06:24:14 - [MESSAGE][PASSED] - Object: 'Object Repository/CuPaDl/Color/Color_thundergrey' is clicked on

2018-03-06 06:24:18 - [MESSAGE][WARNING] - Object 'Object Repository/CuPaDl/Loading_indicator' is not visible after 3 second(s)

2018-03-06 06:24:19 - [MESSAGE][PASSED] - Delayed 1 second(s)

2018-03-06 06:24:19 - [MESSAGE][PASSED] - cupakeysDl.color.changecolor is PASSED

2018-03-06 06:24:19 - [TEST_STEP][PASSED] - Statement - (step++): null

2018-03-06 06:24:19 - [TEST_STEP][PASSED] - cupakeysDl.chngstruct.changestructure: cupakeysDl.chngstruct.changestructure is PASSED

2018-03-06 06:24:19 - [MESSAGE][PASSED] - Object: 'Object Repository/CuPaDl/Structure/Structure' is clicked on

2018-03-06 06:24:19 - [MESSAGE][WARNING] - Timeout '0' is invalid. Using default page load timeout: '30'

2018-03-06 06:24:19 - [MESSAGE][PASSED] - Object 'Object Repository/CuPaDl/Structure/Structure_Hahnentritt' is visible

2018-03-06 06:24:19 - [MESSAGE][PASSED] - Object 'Object Repository/CuPaDl/Structure/Structure_fadehahnentritt' is visible

2018-03-06 06:24:19 - [MESSAGE][PASSED] - Object: 'Object Repository/CuPaDl/Structure/Structure_fadehahnentritt' is clicked on

2018-03-06 06:24:20 - [MESSAGE][PASSED] - Object 'Object Repository/CuPaDl/Loading_indicator' is visible

2018-03-06 06:24:21 - [MESSAGE][PASSED] - Object 'Object Repository/CuPaDl/Loading_indicator' is NOT visible

2018-03-06 06:24:22 - [MESSAGE][PASSED] - Delayed 1 second(s)

2018-03-06 06:24:22 - [MESSAGE][PASSED] - cupakeysDl.chngstruct.changestructure is PASSED

2018-03-06 06:24:22 - [TEST_STEP][PASSED] - Statement - (step++): null

2018-03-06 06:24:22 - [TEST_STEP][PASSED] - cupakeysDl.sclstruct.scalestructure: cupakeysDl.sclstruct.scalestructure is PASSED

2018-03-06 06:24:25 - [MESSAGE][WARNING] - Object 'Object Repository/CuPaDl/Structure/Resize_Structure_bottomright' is not visible after 3 second(s)

2018-03-06 06:24:25 - [MESSAGE][PASSED] - Object: 'Object Repository/CuPaDl/Structure/Resize_Structure' is clicked on

2018-03-06 06:24:25 - [MESSAGE][WARNING] - Timeout '0' is invalid. Using default page load timeout: '30'

2018-03-06 06:24:25 - [MESSAGE][PASSED] - Object 'Object Repository/CuPaDl/Structure/Resize_Structure_bottomright' is visible

2018-03-06 06:24:26 - [MESSAGE][PASSED] - Delayed 1 second(s)

2018-03-06 06:24:26 - [MESSAGE][PASSED] - Current viewport's left (x) position is 0

2018-03-06 06:24:26 - [MESSAGE][PASSED] - Current viewport's top (y) position is 54

2018-03-06 06:24:26 - [MESSAGE][PASSED] - Dragged object with id 'Object Repository/CuPaDl/Structure/Resize_Structure_bottomright' by offset distance x = 225 and y = 279 successfully

2018-03-06 06:24:29 - [MESSAGE][WARNING] - Object 'Object Repository/CuPaDl/Loading_indicator' is not visible after 3 second(s)

2018-03-06 06:24:30 - [MESSAGE][PASSED] - Delayed 1 second(s)

2018-03-06 06:24:30 - [MESSAGE][PASSED] - cupakeysDl.sclstruct.scalestructure is PASSED

2018-03-06 06:24:30 - [TEST_STEP][PASSED] - Statement - (step++): null

2018-03-06 06:24:30 - [TEST_STEP][PASSED] - Statement - iconmap += CustomKeywords.cupakeysDl.iconad.iconadd("helmet", LoadTimeCorrector, step, run, device, timeStamp, iconcount): cupakeysDl.iconad.iconadd is PASSED

2018-03-06 06:24:30 - [MESSAGE][PASSED] - Object: 'Object Repository/CuPaDl/Icons/Icon' is clicked on

2018-03-06 06:24:31 - [MESSAGE][PASSED] - Object 'Object Repository/CuPaDl/Icons/Icon_helmet' is visible

2018-03-06 06:24:31 - [MESSAGE][PASSED] - Object: 'Object Repository/CuPaDl/Icons/Icon_helmet' is clicked on

2018-03-06 06:24:32 - [MESSAGE][PASSED] - Delayed 1 second(s)

2018-03-06 06:24:32 - [MESSAGE][PASSED] - Object 'Object Repository/CuPaDl/Loading_indicator' is visible

2018-03-06 06:24:32 - [MESSAGE][PASSED] - Object 'Object Repository/CuPaDl/Loading_indicator' is NOT visible

2018-03-06 06:24:32 - [MESSAGE][WARNING] - Timeout '0' is invalid. Using default page load timeout: '30'

2018-03-06 06:24:32 - [MESSAGE][PASSED] - Width of element 'Object Repository/CuPaDl/Icons/Reposition_icon' is '40'

2018-03-06 06:24:32 - [MESSAGE][PASSED] - Height of element 'Object Repository/CuPaDl/Icons/Reposition_icon' is '40'.

2018-03-06 06:24:33 - [MESSAGE][PASSED] - Delayed 1 second(s)

2018-03-06 06:24:33 - [MESSAGE][PASSED] - cupakeysDl.iconad.iconadd is PASSED

2018-03-06 06:24:33 - [TEST_STEP][PASSED] - Statement - (step++): null

2018-03-06 06:24:33 - [TEST_STEP][PASSED] - Statement - (iconcount++): null

2018-03-06 06:24:33 - [TEST_STEP][PASSED] - cupakeysDl.iconres.iconresize: cupakeysDl.iconres.iconresize is PASSED

2018-03-06 06:24:33 - [MESSAGE][PASSED] - Object 'Object Repository/CuPaDl/Icons/Reposition_icon' is visible

2018-03-06 06:24:33 - [MESSAGE][PASSED] - Current viewport's left (x) position is 0

2018-03-06 06:24:33 - [MESSAGE][PASSED] - Current viewport's top (y) position is 54

2018-03-06 06:24:33 - [MESSAGE][PASSED] - Dragged object with id 'Object Repository/CuPaDl/Icons/Resize_icon_bottomright' by offset distance x = 125 and y = 179 successfully

2018-03-06 06:24:37 - [MESSAGE][WARNING] - Object 'Object Repository/CuPaDl/Loading_indicator' is not visible after 3 second(s)

2018-03-06 06:24:38 - [MESSAGE][PASSED] - Delayed 1 second(s)

2018-03-06 06:24:38 - [MESSAGE][PASSED] - cupakeysDl.iconres.iconresize is PASSED

2018-03-06 06:24:38 - [TEST_STEP][PASSED] - Statement - (step++): null

2018-03-06 06:24:38 - [TEST_STEP][PASSED] - cupakeysDl.slink.svlink: cupakeysDl.slink.svlink is PASSED

2018-03-06 06:24:38 - [MESSAGE][PASSED] - Scroll to object 'Object Repository/CuPaDl/Save/Save' successfully

2018-03-06 06:24:38 - [MESSAGE][PASSED] - Object: 'Object Repository/CuPaDl/Save/Save' is clicked on

2018-03-06 06:24:38 - [MESSAGE][WARNING] - Timeout '0' is invalid. Using default page load timeout: '30'

2018-03-06 06:24:38 - [MESSAGE][PASSED] - Object 'Object Repository/CuPaDl/Save/CopyLink' is visible

2018-03-06 06:24:38 - [MESSAGE][PASSED] - Object: 'Object Repository/CuPaDl/Save/CopyLink' is clicked on

2018-03-06 06:24:39 - [MESSAGE][PASSED] - Delayed 1 second(s)

2018-03-06 06:24:39 - [MESSAGE][PASSED] - Object: 'Object Repository/CuPaDl/Save/Close' is clicked on

2018-03-06 06:24:40 - [MESSAGE][PASSED] - Delayed 1 second(s)

2018-03-06 06:24:40 - [MESSAGE][PASSED] - cupakeysDl.slink.svlink is PASSED

2018-03-06 06:24:40 - [TEST_STEP][PASSED] - cupakeysDl.endsession.finishsession: cupakeysDl.endsession.finishsession is PASSED

2018-03-06 06:24:43 - [MESSAGE][PASSED] - Delayed 3 second(s)

2018-03-06 06:24:44 - [MESSAGE][PASSED] - Browser is closed

2018-03-06 06:24:44 - [MESSAGE][PASSED] - cupakeysDl.endsession.finishsession is PASSED]]></system-out>
         <system-err><![CDATA[]]></system-err>
      </testcase>
      <testcase name="Test Cases/CuPaStefanie/21" classname="Test Cases/CuPaStefanie/21" status="PASSED">
         <system-out><![CDATA[2018-03-06 06:24:44 - [TEST_CASE][PASSED] - Test Cases/CuPaStefanie/21: Test Cases/CuPaStefanie/21

2018-03-06 06:24:44 - [TEST_STEP][PASSED] - Statement - timeStamp = new java.text.SimpleDateFormat(dd.MM.yyyy).format(java.util.Calendar.getInstance().getTime()): null

2018-03-06 06:24:44 - [TEST_STEP][PASSED] - Statement - timeStampScreenshot = new java.text.SimpleDateFormat(dd.MM.yyyy).format(java.util.Calendar.getInstance().getTime()): null

2018-03-06 06:24:44 - [TEST_STEP][PASSED] - Statement - iconmap = [:]: null

2018-03-06 06:24:44 - [TEST_STEP][PASSED] - Statement - txtmap = [:]: null

2018-03-06 06:24:44 - [TEST_STEP][PASSED] - Statement - signmap = [:]: null

2018-03-06 06:24:44 - [TEST_STEP][PASSED] - cupakeysDl.initStart.initialStart: cupakeysDl.initStart.initialStart is PASSED

2018-03-06 06:24:46 - [MESSAGE][PASSED] - Browser is opened with url: ''

2018-03-06 06:24:49 - [MESSAGE][PASSED] - Delayed 3 second(s)

2018-03-06 06:24:51 - [MESSAGE][PASSED] - Navigate to 'https://d16a4dsnr8a0k1.cloudfront.net/en/2455233.html?price=150.00%20%E2%82%AC&partName=wilsonPartName&vin=wilsonVin&modelCode=XP11&paint=P0A94&modelDescription=wilsonModelDescription&additionalEquipment=wilsonAdditionalEquipment' successfully

2018-03-06 06:24:51 - [MESSAGE][PASSED] - Object 'Object Repository/CuPaDl/Loading_indicator' is visible

2018-03-06 06:24:54 - [MESSAGE][PASSED] - Object 'Object Repository/CuPaDl/Loading_indicator' is NOT visible

2018-03-06 06:24:55 - [MESSAGE][PASSED] - Delayed 1 second(s)

2018-03-06 06:24:55 - [MESSAGE][PASSED] - cupakeysDl.initStart.initialStart is PASSED

2018-03-06 06:24:55 - [TEST_STEP][PASSED] - Statement - (step++): null

2018-03-06 06:24:55 - [TEST_STEP][PASSED] - cupakeysDl.color.changecolor: cupakeysDl.color.changecolor is PASSED

2018-03-06 06:24:56 - [MESSAGE][PASSED] - Object 'Object Repository/CuPaDl/Color/Color' is visible

2018-03-06 06:24:56 - [MESSAGE][PASSED] - Object: 'Object Repository/CuPaDl/Color/Color' is clicked on

2018-03-06 06:24:57 - [MESSAGE][PASSED] - Delayed 1 second(s)

2018-03-06 06:24:57 - [MESSAGE][PASSED] - Object 'Object Repository/CuPaDl/Color/Color_lapisblue' is visible

2018-03-06 06:24:57 - [MESSAGE][PASSED] - Object: 'Object Repository/CuPaDl/Color/Color_lapisblue' is clicked on

2018-03-06 06:24:57 - [MESSAGE][WARNING] - Timeout '0' is invalid. Using default page load timeout: '30'

2018-03-06 06:24:57 - [MESSAGE][PASSED] - Object 'Object Repository/CuPaDl/Color/Color_lapisblue' is visible

2018-03-06 06:24:58 - [MESSAGE][PASSED] - Delayed 1 second(s)

2018-03-06 06:24:58 - [MESSAGE][PASSED] - Object: 'Object Repository/CuPaDl/Color/Color_lapisblue' is clicked on

2018-03-06 06:25:01 - [MESSAGE][WARNING] - Object 'Object Repository/CuPaDl/Loading_indicator' is not visible after 3 second(s)

2018-03-06 06:25:02 - [MESSAGE][PASSED] - Delayed 1 second(s)

2018-03-06 06:25:02 - [MESSAGE][PASSED] - cupakeysDl.color.changecolor is PASSED

2018-03-06 06:25:02 - [TEST_STEP][PASSED] - Statement - (step++): null

2018-03-06 06:25:02 - [TEST_STEP][PASSED] - cupakeysDl.chngstruct.changestructure: cupakeysDl.chngstruct.changestructure is PASSED

2018-03-06 06:25:02 - [MESSAGE][PASSED] - Object: 'Object Repository/CuPaDl/Structure/Structure' is clicked on

2018-03-06 06:25:02 - [MESSAGE][WARNING] - Timeout '0' is invalid. Using default page load timeout: '30'

2018-03-06 06:25:02 - [MESSAGE][PASSED] - Object 'Object Repository/CuPaDl/Structure/Structure_Hahnentritt' is visible

2018-03-06 06:25:02 - [MESSAGE][PASSED] - Object 'Object Repository/CuPaDl/Structure/Structure_fadedotscircular' is visible

2018-03-06 06:25:02 - [MESSAGE][PASSED] - Object: 'Object Repository/CuPaDl/Structure/Structure_fadedotscircular' is clicked on

2018-03-06 06:25:03 - [MESSAGE][PASSED] - Object 'Object Repository/CuPaDl/Loading_indicator' is visible

2018-03-06 06:25:05 - [MESSAGE][PASSED] - Object 'Object Repository/CuPaDl/Loading_indicator' is NOT visible

2018-03-06 06:25:06 - [MESSAGE][PASSED] - Delayed 1 second(s)

2018-03-06 06:25:06 - [MESSAGE][PASSED] - cupakeysDl.chngstruct.changestructure is PASSED

2018-03-06 06:25:06 - [TEST_STEP][PASSED] - Statement - (step++): null

2018-03-06 06:25:06 - [TEST_STEP][PASSED] - cupakeysDl.sclstruct.scalestructure: cupakeysDl.sclstruct.scalestructure is PASSED

2018-03-06 06:25:09 - [MESSAGE][WARNING] - Object 'Object Repository/CuPaDl/Structure/Resize_Structure_bottomright' is not visible after 3 second(s)

2018-03-06 06:25:09 - [MESSAGE][PASSED] - Object: 'Object Repository/CuPaDl/Structure/Resize_Structure' is clicked on

2018-03-06 06:25:09 - [MESSAGE][WARNING] - Timeout '0' is invalid. Using default page load timeout: '30'

2018-03-06 06:25:09 - [MESSAGE][PASSED] - Object 'Object Repository/CuPaDl/Structure/Resize_Structure_bottomright' is visible

2018-03-06 06:25:10 - [MESSAGE][PASSED] - Delayed 1 second(s)

2018-03-06 06:25:10 - [MESSAGE][PASSED] - Current viewport's left (x) position is 0

2018-03-06 06:25:10 - [MESSAGE][PASSED] - Current viewport's top (y) position is 54

2018-03-06 06:25:10 - [MESSAGE][PASSED] - Dragged object with id 'Object Repository/CuPaDl/Structure/Resize_Structure_bottomright' by offset distance x = -225 and y = -171 successfully

2018-03-06 06:25:11 - [MESSAGE][PASSED] - Object 'Object Repository/CuPaDl/Loading_indicator' is visible

2018-03-06 06:25:12 - [MESSAGE][PASSED] - Object 'Object Repository/CuPaDl/Loading_indicator' is NOT visible

2018-03-06 06:25:13 - [MESSAGE][PASSED] - Delayed 1 second(s)

2018-03-06 06:25:13 - [MESSAGE][PASSED] - cupakeysDl.sclstruct.scalestructure is PASSED

2018-03-06 06:25:13 - [TEST_STEP][PASSED] - Statement - (step++): null

2018-03-06 06:25:13 - [TEST_STEP][PASSED] - Statement - iconmap += CustomKeywords.cupakeysDl.iconad.iconadd("longboard", LoadTimeCorrector, step, run, device, timeStamp, iconcount): cupakeysDl.iconad.iconadd is PASSED

2018-03-06 06:25:13 - [MESSAGE][PASSED] - Object: 'Object Repository/CuPaDl/Icons/Icon' is clicked on

2018-03-06 06:25:13 - [MESSAGE][PASSED] - Object 'Object Repository/CuPaDl/Icons/Icon_longboard' is visible

2018-03-06 06:25:13 - [MESSAGE][PASSED] - Object: 'Object Repository/CuPaDl/Icons/Icon_longboard' is clicked on

2018-03-06 06:25:14 - [MESSAGE][PASSED] - Delayed 1 second(s)

2018-03-06 06:25:14 - [MESSAGE][PASSED] - Object 'Object Repository/CuPaDl/Loading_indicator' is visible

2018-03-06 06:25:18 - [MESSAGE][PASSED] - Object 'Object Repository/CuPaDl/Loading_indicator' is NOT visible

2018-03-06 06:25:18 - [MESSAGE][WARNING] - Timeout '0' is invalid. Using default page load timeout: '30'

2018-03-06 06:25:18 - [MESSAGE][PASSED] - Width of element 'Object Repository/CuPaDl/Icons/Reposition_icon' is '40'

2018-03-06 06:25:18 - [MESSAGE][PASSED] - Height of element 'Object Repository/CuPaDl/Icons/Reposition_icon' is '40'.

2018-03-06 06:25:19 - [MESSAGE][PASSED] - Delayed 1 second(s)

2018-03-06 06:25:19 - [MESSAGE][PASSED] - cupakeysDl.iconad.iconadd is PASSED

2018-03-06 06:25:19 - [TEST_STEP][PASSED] - Statement - (step++): null

2018-03-06 06:25:19 - [TEST_STEP][PASSED] - Statement - (iconcount++): null

2018-03-06 06:25:19 - [TEST_STEP][PASSED] - cupakeysDl.iconres.iconresize: cupakeysDl.iconres.iconresize is PASSED

2018-03-06 06:25:19 - [MESSAGE][PASSED] - Object 'Object Repository/CuPaDl/Icons/Reposition_icon' is visible

2018-03-06 06:25:19 - [MESSAGE][PASSED] - Current viewport's left (x) position is 0

2018-03-06 06:25:19 - [MESSAGE][PASSED] - Current viewport's top (y) position is 54

2018-03-06 06:25:19 - [MESSAGE][PASSED] - Dragged object with id 'Object Repository/CuPaDl/Icons/Resize_icon_bottomright' by offset distance x = -125 and y = -71 successfully

2018-03-06 06:25:20 - [MESSAGE][PASSED] - Object 'Object Repository/CuPaDl/Loading_indicator' is visible

2018-03-06 06:25:26 - [MESSAGE][PASSED] - Object 'Object Repository/CuPaDl/Loading_indicator' is NOT visible

2018-03-06 06:25:27 - [MESSAGE][PASSED] - Delayed 1 second(s)

2018-03-06 06:25:27 - [MESSAGE][PASSED] - cupakeysDl.iconres.iconresize is PASSED

2018-03-06 06:25:27 - [TEST_STEP][PASSED] - Statement - (step++): null

2018-03-06 06:25:27 - [TEST_STEP][PASSED] - cupakeysDl.slink.svlink: cupakeysDl.slink.svlink is PASSED

2018-03-06 06:25:27 - [MESSAGE][PASSED] - Scroll to object 'Object Repository/CuPaDl/Save/Save' successfully

2018-03-06 06:25:27 - [MESSAGE][PASSED] - Object: 'Object Repository/CuPaDl/Save/Save' is clicked on

2018-03-06 06:25:27 - [MESSAGE][WARNING] - Timeout '0' is invalid. Using default page load timeout: '30'

2018-03-06 06:25:29 - [MESSAGE][PASSED] - Object 'Object Repository/CuPaDl/Save/CopyLink' is visible

2018-03-06 06:25:29 - [MESSAGE][PASSED] - Object: 'Object Repository/CuPaDl/Save/CopyLink' is clicked on

2018-03-06 06:25:30 - [MESSAGE][PASSED] - Delayed 1 second(s)

2018-03-06 06:25:30 - [MESSAGE][PASSED] - Object: 'Object Repository/CuPaDl/Save/Close' is clicked on

2018-03-06 06:25:31 - [MESSAGE][PASSED] - Delayed 1 second(s)

2018-03-06 06:25:31 - [MESSAGE][PASSED] - cupakeysDl.slink.svlink is PASSED

2018-03-06 06:25:31 - [TEST_STEP][PASSED] - cupakeysDl.endsession.finishsession: cupakeysDl.endsession.finishsession is PASSED

2018-03-06 06:25:34 - [MESSAGE][PASSED] - Delayed 3 second(s)

2018-03-06 06:25:34 - [MESSAGE][PASSED] - Browser is closed

2018-03-06 06:25:34 - [MESSAGE][PASSED] - cupakeysDl.endsession.finishsession is PASSED]]></system-out>
         <system-err><![CDATA[]]></system-err>
      </testcase>
      <testcase name="Test Cases/CuPaStefanie/22" classname="Test Cases/CuPaStefanie/22" status="PASSED">
         <system-out><![CDATA[2018-03-06 06:25:34 - [TEST_CASE][PASSED] - Test Cases/CuPaStefanie/22: Test Cases/CuPaStefanie/22

2018-03-06 06:25:35 - [TEST_STEP][PASSED] - Statement - timeStamp = new java.text.SimpleDateFormat(dd.MM.yyyy).format(java.util.Calendar.getInstance().getTime()): null

2018-03-06 06:25:35 - [TEST_STEP][PASSED] - Statement - timeStampScreenshot = new java.text.SimpleDateFormat(dd.MM.yyyy).format(java.util.Calendar.getInstance().getTime()): null

2018-03-06 06:25:35 - [TEST_STEP][PASSED] - Statement - iconmap = [:]: null

2018-03-06 06:25:35 - [TEST_STEP][PASSED] - Statement - txtmap = [:]: null

2018-03-06 06:25:35 - [TEST_STEP][PASSED] - Statement - signmap = [:]: null

2018-03-06 06:25:35 - [TEST_STEP][PASSED] - cupakeysDl.initStart.initialStart: cupakeysDl.initStart.initialStart is PASSED

2018-03-06 06:25:36 - [MESSAGE][PASSED] - Browser is opened with url: ''

2018-03-06 06:25:39 - [MESSAGE][PASSED] - Delayed 3 second(s)

2018-03-06 06:25:41 - [MESSAGE][PASSED] - Navigate to 'https://d16a4dsnr8a0k1.cloudfront.net/en/2455233.html?price=150.00%20%E2%82%AC&partName=wilsonPartName&vin=wilsonVin&modelCode=XP11&paint=P0A94&modelDescription=wilsonModelDescription&additionalEquipment=wilsonAdditionalEquipment' successfully

2018-03-06 06:25:41 - [MESSAGE][PASSED] - Object 'Object Repository/CuPaDl/Loading_indicator' is visible

2018-03-06 06:25:45 - [MESSAGE][PASSED] - Object 'Object Repository/CuPaDl/Loading_indicator' is NOT visible

2018-03-06 06:25:46 - [MESSAGE][PASSED] - Delayed 1 second(s)

2018-03-06 06:25:46 - [MESSAGE][PASSED] - cupakeysDl.initStart.initialStart is PASSED

2018-03-06 06:25:46 - [TEST_STEP][PASSED] - Statement - (step++): null

2018-03-06 06:25:46 - [TEST_STEP][PASSED] - cupakeysDl.color.changecolor: cupakeysDl.color.changecolor is PASSED

2018-03-06 06:25:46 - [MESSAGE][PASSED] - Object 'Object Repository/CuPaDl/Color/Color' is visible

2018-03-06 06:25:46 - [MESSAGE][PASSED] - Object: 'Object Repository/CuPaDl/Color/Color' is clicked on

2018-03-06 06:25:47 - [MESSAGE][PASSED] - Delayed 1 second(s)

2018-03-06 06:25:47 - [MESSAGE][PASSED] - Object 'Object Repository/CuPaDl/Color/Color_lapisblue' is visible

2018-03-06 06:25:47 - [MESSAGE][PASSED] - Object: 'Object Repository/CuPaDl/Color/Color_lapisblue' is clicked on

2018-03-06 06:25:47 - [MESSAGE][WARNING] - Timeout '0' is invalid. Using default page load timeout: '30'

2018-03-06 06:25:47 - [MESSAGE][PASSED] - Object 'Object Repository/CuPaDl/Color/Color_lapisblue' is visible

2018-03-06 06:25:48 - [MESSAGE][PASSED] - Delayed 1 second(s)

2018-03-06 06:25:48 - [MESSAGE][PASSED] - Object: 'Object Repository/CuPaDl/Color/Color_lapisblue' is clicked on

2018-03-06 06:25:51 - [MESSAGE][WARNING] - Object 'Object Repository/CuPaDl/Loading_indicator' is not visible after 3 second(s)

2018-03-06 06:25:52 - [MESSAGE][PASSED] - Delayed 1 second(s)

2018-03-06 06:25:52 - [MESSAGE][PASSED] - cupakeysDl.color.changecolor is PASSED

2018-03-06 06:25:52 - [TEST_STEP][PASSED] - Statement - (step++): null

2018-03-06 06:25:52 - [TEST_STEP][PASSED] - cupakeysDl.chngstruct.changestructure: cupakeysDl.chngstruct.changestructure is PASSED

2018-03-06 06:25:52 - [MESSAGE][PASSED] - Object: 'Object Repository/CuPaDl/Structure/Structure' is clicked on

2018-03-06 06:25:52 - [MESSAGE][WARNING] - Timeout '0' is invalid. Using default page load timeout: '30'

2018-03-06 06:25:52 - [MESSAGE][PASSED] - Object 'Object Repository/CuPaDl/Structure/Structure_Hahnentritt' is visible

2018-03-06 06:25:52 - [MESSAGE][PASSED] - Object 'Object Repository/CuPaDl/Structure/Structure_fadedotscircular' is visible

2018-03-06 06:25:52 - [MESSAGE][PASSED] - Object: 'Object Repository/CuPaDl/Structure/Structure_fadedotscircular' is clicked on

2018-03-06 06:25:53 - [MESSAGE][PASSED] - Object 'Object Repository/CuPaDl/Loading_indicator' is visible

2018-03-06 06:25:55 - [MESSAGE][PASSED] - Object 'Object Repository/CuPaDl/Loading_indicator' is NOT visible

2018-03-06 06:25:56 - [MESSAGE][PASSED] - Delayed 1 second(s)

2018-03-06 06:25:56 - [MESSAGE][PASSED] - cupakeysDl.chngstruct.changestructure is PASSED

2018-03-06 06:25:56 - [TEST_STEP][PASSED] - Statement - (step++): null

2018-03-06 06:25:56 - [TEST_STEP][PASSED] - cupakeysDl.sclstruct.scalestructure: cupakeysDl.sclstruct.scalestructure is PASSED

2018-03-06 06:25:59 - [MESSAGE][WARNING] - Object 'Object Repository/CuPaDl/Structure/Resize_Structure_bottomright' is not visible after 3 second(s)

2018-03-06 06:25:59 - [MESSAGE][PASSED] - Object: 'Object Repository/CuPaDl/Structure/Resize_Structure' is clicked on

2018-03-06 06:25:59 - [MESSAGE][WARNING] - Timeout '0' is invalid. Using default page load timeout: '30'

2018-03-06 06:25:59 - [MESSAGE][PASSED] - Object 'Object Repository/CuPaDl/Structure/Resize_Structure_bottomright' is visible

2018-03-06 06:26:00 - [MESSAGE][PASSED] - Delayed 1 second(s)

2018-03-06 06:26:00 - [MESSAGE][PASSED] - Current viewport's left (x) position is 0

2018-03-06 06:26:00 - [MESSAGE][PASSED] - Current viewport's top (y) position is 54

2018-03-06 06:26:00 - [MESSAGE][PASSED] - Dragged object with id 'Object Repository/CuPaDl/Structure/Resize_Structure_bottomright' by offset distance x = 225 and y = 279 successfully

2018-03-06 06:26:01 - [MESSAGE][PASSED] - Object 'Object Repository/CuPaDl/Loading_indicator' is visible

2018-03-06 06:26:02 - [MESSAGE][PASSED] - Object 'Object Repository/CuPaDl/Loading_indicator' is NOT visible

2018-03-06 06:26:03 - [MESSAGE][PASSED] - Delayed 1 second(s)

2018-03-06 06:26:03 - [MESSAGE][PASSED] - cupakeysDl.sclstruct.scalestructure is PASSED

2018-03-06 06:26:03 - [TEST_STEP][PASSED] - Statement - (step++): null

2018-03-06 06:26:03 - [TEST_STEP][PASSED] - Statement - iconmap += CustomKeywords.cupakeysDl.iconad.iconadd("longboard", LoadTimeCorrector, step, run, device, timeStamp, iconcount): cupakeysDl.iconad.iconadd is PASSED

2018-03-06 06:26:03 - [MESSAGE][PASSED] - Object: 'Object Repository/CuPaDl/Icons/Icon' is clicked on

2018-03-06 06:26:03 - [MESSAGE][PASSED] - Object 'Object Repository/CuPaDl/Icons/Icon_longboard' is visible

2018-03-06 06:26:03 - [MESSAGE][PASSED] - Object: 'Object Repository/CuPaDl/Icons/Icon_longboard' is clicked on

2018-03-06 06:26:04 - [MESSAGE][PASSED] - Delayed 1 second(s)

2018-03-06 06:26:04 - [MESSAGE][PASSED] - Object 'Object Repository/CuPaDl/Loading_indicator' is visible

2018-03-06 06:26:08 - [MESSAGE][PASSED] - Object 'Object Repository/CuPaDl/Loading_indicator' is NOT visible

2018-03-06 06:26:08 - [MESSAGE][WARNING] - Timeout '0' is invalid. Using default page load timeout: '30'

2018-03-06 06:26:08 - [MESSAGE][PASSED] - Width of element 'Object Repository/CuPaDl/Icons/Reposition_icon' is '40'

2018-03-06 06:26:08 - [MESSAGE][PASSED] - Height of element 'Object Repository/CuPaDl/Icons/Reposition_icon' is '40'.

2018-03-06 06:26:09 - [MESSAGE][PASSED] - Delayed 1 second(s)

2018-03-06 06:26:09 - [MESSAGE][PASSED] - cupakeysDl.iconad.iconadd is PASSED

2018-03-06 06:26:09 - [TEST_STEP][PASSED] - Statement - (step++): null

2018-03-06 06:26:09 - [TEST_STEP][PASSED] - Statement - (iconcount++): null

2018-03-06 06:26:09 - [TEST_STEP][PASSED] - cupakeysDl.iconres.iconresize: cupakeysDl.iconres.iconresize is PASSED

2018-03-06 06:26:09 - [MESSAGE][PASSED] - Object 'Object Repository/CuPaDl/Icons/Reposition_icon' is visible

2018-03-06 06:26:09 - [MESSAGE][PASSED] - Current viewport's left (x) position is 0

2018-03-06 06:26:09 - [MESSAGE][PASSED] - Current viewport's top (y) position is 54

2018-03-06 06:26:09 - [MESSAGE][PASSED] - Dragged object with id 'Object Repository/CuPaDl/Icons/Resize_icon_bottomright' by offset distance x = 125 and y = 179 successfully

2018-03-06 06:26:10 - [MESSAGE][PASSED] - Object 'Object Repository/CuPaDl/Loading_indicator' is visible

2018-03-06 06:26:13 - [MESSAGE][PASSED] - Object 'Object Repository/CuPaDl/Loading_indicator' is NOT visible

2018-03-06 06:26:14 - [MESSAGE][PASSED] - Delayed 1 second(s)

2018-03-06 06:26:14 - [MESSAGE][PASSED] - cupakeysDl.iconres.iconresize is PASSED

2018-03-06 06:26:14 - [TEST_STEP][PASSED] - Statement - (step++): null

2018-03-06 06:26:14 - [TEST_STEP][PASSED] - cupakeysDl.slink.svlink: cupakeysDl.slink.svlink is PASSED

2018-03-06 06:26:14 - [MESSAGE][PASSED] - Scroll to object 'Object Repository/CuPaDl/Save/Save' successfully

2018-03-06 06:26:14 - [MESSAGE][PASSED] - Object: 'Object Repository/CuPaDl/Save/Save' is clicked on

2018-03-06 06:26:14 - [MESSAGE][WARNING] - Timeout '0' is invalid. Using default page load timeout: '30'

2018-03-06 06:26:15 - [MESSAGE][PASSED] - Object 'Object Repository/CuPaDl/Save/CopyLink' is visible

2018-03-06 06:26:15 - [MESSAGE][PASSED] - Object: 'Object Repository/CuPaDl/Save/CopyLink' is clicked on

2018-03-06 06:26:16 - [MESSAGE][PASSED] - Delayed 1 second(s)

2018-03-06 06:26:16 - [MESSAGE][PASSED] - Object: 'Object Repository/CuPaDl/Save/Close' is clicked on

2018-03-06 06:26:17 - [MESSAGE][PASSED] - Delayed 1 second(s)

2018-03-06 06:26:17 - [MESSAGE][PASSED] - cupakeysDl.slink.svlink is PASSED

2018-03-06 06:26:17 - [TEST_STEP][PASSED] - cupakeysDl.endsession.finishsession: cupakeysDl.endsession.finishsession is PASSED

2018-03-06 06:26:20 - [MESSAGE][PASSED] - Delayed 3 second(s)

2018-03-06 06:26:21 - [MESSAGE][PASSED] - Browser is closed

2018-03-06 06:26:21 - [MESSAGE][PASSED] - cupakeysDl.endsession.finishsession is PASSED]]></system-out>
         <system-err><![CDATA[]]></system-err>
      </testcase>
      <testcase name="Test Cases/CuPaStefanie/23" classname="Test Cases/CuPaStefanie/23" status="PASSED">
         <system-out><![CDATA[2018-03-06 06:26:21 - [TEST_CASE][PASSED] - Test Cases/CuPaStefanie/23: Test Cases/CuPaStefanie/23

2018-03-06 06:26:21 - [TEST_STEP][PASSED] - Statement - timeStamp = new java.text.SimpleDateFormat(dd.MM.yyyy).format(java.util.Calendar.getInstance().getTime()): null

2018-03-06 06:26:21 - [TEST_STEP][PASSED] - Statement - timeStampScreenshot = new java.text.SimpleDateFormat(dd.MM.yyyy).format(java.util.Calendar.getInstance().getTime()): null

2018-03-06 06:26:21 - [TEST_STEP][PASSED] - Statement - iconmap = [:]: null

2018-03-06 06:26:21 - [TEST_STEP][PASSED] - Statement - txtmap = [:]: null

2018-03-06 06:26:21 - [TEST_STEP][PASSED] - Statement - signmap = [:]: null

2018-03-06 06:26:21 - [TEST_STEP][PASSED] - cupakeysDl.initStart.initialStart: cupakeysDl.initStart.initialStart is PASSED

2018-03-06 06:26:23 - [MESSAGE][PASSED] - Browser is opened with url: ''

2018-03-06 06:26:26 - [MESSAGE][PASSED] - Delayed 3 second(s)

2018-03-06 06:26:27 - [MESSAGE][PASSED] - Navigate to 'https://d16a4dsnr8a0k1.cloudfront.net/en/2455233.html?price=150.00%20%E2%82%AC&partName=wilsonPartName&vin=wilsonVin&modelCode=XP11&paint=P0A94&modelDescription=wilsonModelDescription&additionalEquipment=wilsonAdditionalEquipment' successfully

2018-03-06 06:26:27 - [MESSAGE][PASSED] - Object 'Object Repository/CuPaDl/Loading_indicator' is visible

2018-03-06 06:26:31 - [MESSAGE][PASSED] - Object 'Object Repository/CuPaDl/Loading_indicator' is NOT visible

2018-03-06 06:26:32 - [MESSAGE][PASSED] - Delayed 1 second(s)

2018-03-06 06:26:32 - [MESSAGE][PASSED] - cupakeysDl.initStart.initialStart is PASSED

2018-03-06 06:26:32 - [TEST_STEP][PASSED] - Statement - (step++): null

2018-03-06 06:26:32 - [TEST_STEP][PASSED] - cupakeysDl.color.changecolor: cupakeysDl.color.changecolor is PASSED

2018-03-06 06:26:32 - [MESSAGE][PASSED] - Object 'Object Repository/CuPaDl/Color/Color' is visible

2018-03-06 06:26:32 - [MESSAGE][PASSED] - Object: 'Object Repository/CuPaDl/Color/Color' is clicked on

2018-03-06 06:26:33 - [MESSAGE][PASSED] - Delayed 1 second(s)

2018-03-06 06:26:33 - [MESSAGE][PASSED] - Object 'Object Repository/CuPaDl/Color/Color_caribeanaqua' is visible

2018-03-06 06:26:33 - [MESSAGE][PASSED] - Object: 'Object Repository/CuPaDl/Color/Color_caribeanaqua' is clicked on

2018-03-06 06:26:33 - [MESSAGE][WARNING] - Timeout '0' is invalid. Using default page load timeout: '30'

2018-03-06 06:26:33 - [MESSAGE][PASSED] - Object 'Object Repository/CuPaDl/Color/Color_caribeanaqua' is visible

2018-03-06 06:26:34 - [MESSAGE][PASSED] - Delayed 1 second(s)

2018-03-06 06:26:34 - [MESSAGE][PASSED] - Object: 'Object Repository/CuPaDl/Color/Color_caribeanaqua' is clicked on

2018-03-06 06:26:37 - [MESSAGE][WARNING] - Object 'Object Repository/CuPaDl/Loading_indicator' is not visible after 3 second(s)

2018-03-06 06:26:38 - [MESSAGE][PASSED] - Delayed 1 second(s)

2018-03-06 06:26:38 - [MESSAGE][PASSED] - cupakeysDl.color.changecolor is PASSED

2018-03-06 06:26:38 - [TEST_STEP][PASSED] - Statement - (step++): null

2018-03-06 06:26:38 - [TEST_STEP][PASSED] - cupakeysDl.chngstruct.changestructure: cupakeysDl.chngstruct.changestructure is PASSED

2018-03-06 06:26:38 - [MESSAGE][PASSED] - Object: 'Object Repository/CuPaDl/Structure/Structure' is clicked on

2018-03-06 06:26:38 - [MESSAGE][WARNING] - Timeout '0' is invalid. Using default page load timeout: '30'

2018-03-06 06:26:38 - [MESSAGE][PASSED] - Object 'Object Repository/CuPaDl/Structure/Structure_Hahnentritt' is visible

2018-03-06 06:26:39 - [MESSAGE][PASSED] - Object 'Object Repository/CuPaDl/Structure/Structure_fadechessboard' is visible

2018-03-06 06:26:39 - [MESSAGE][PASSED] - Object: 'Object Repository/CuPaDl/Structure/Structure_fadechessboard' is clicked on

2018-03-06 06:26:40 - [MESSAGE][PASSED] - Object 'Object Repository/CuPaDl/Loading_indicator' is visible

2018-03-06 06:26:40 - [MESSAGE][PASSED] - Object 'Object Repository/CuPaDl/Loading_indicator' is NOT visible

2018-03-06 06:26:41 - [MESSAGE][PASSED] - Delayed 1 second(s)

2018-03-06 06:26:41 - [MESSAGE][PASSED] - cupakeysDl.chngstruct.changestructure is PASSED

2018-03-06 06:26:41 - [TEST_STEP][PASSED] - Statement - (step++): null

2018-03-06 06:26:41 - [TEST_STEP][PASSED] - cupakeysDl.sclstruct.scalestructure: cupakeysDl.sclstruct.scalestructure is PASSED

2018-03-06 06:26:44 - [MESSAGE][WARNING] - Object 'Object Repository/CuPaDl/Structure/Resize_Structure_bottomright' is not visible after 3 second(s)

2018-03-06 06:26:44 - [MESSAGE][PASSED] - Object: 'Object Repository/CuPaDl/Structure/Resize_Structure' is clicked on

2018-03-06 06:26:44 - [MESSAGE][WARNING] - Timeout '0' is invalid. Using default page load timeout: '30'

2018-03-06 06:26:44 - [MESSAGE][PASSED] - Object 'Object Repository/CuPaDl/Structure/Resize_Structure_bottomright' is visible

2018-03-06 06:26:45 - [MESSAGE][PASSED] - Delayed 1 second(s)

2018-03-06 06:26:45 - [MESSAGE][PASSED] - Current viewport's left (x) position is 0

2018-03-06 06:26:45 - [MESSAGE][PASSED] - Current viewport's top (y) position is 54

2018-03-06 06:26:46 - [MESSAGE][PASSED] - Dragged object with id 'Object Repository/CuPaDl/Structure/Resize_Structure_bottomright' by offset distance x = -225 and y = -171 successfully

2018-03-06 06:26:49 - [MESSAGE][WARNING] - Object 'Object Repository/CuPaDl/Loading_indicator' is not visible after 3 second(s)

2018-03-06 06:26:50 - [MESSAGE][PASSED] - Delayed 1 second(s)

2018-03-06 06:26:50 - [MESSAGE][PASSED] - cupakeysDl.sclstruct.scalestructure is PASSED

2018-03-06 06:26:50 - [TEST_STEP][PASSED] - Statement - (step++): null

2018-03-06 06:26:50 - [TEST_STEP][PASSED] - Statement - iconmap += CustomKeywords.cupakeysDl.iconad.iconadd("surf", LoadTimeCorrector, step, run, device, timeStamp, iconcount): cupakeysDl.iconad.iconadd is PASSED

2018-03-06 06:26:50 - [MESSAGE][PASSED] - Object: 'Object Repository/CuPaDl/Icons/Icon' is clicked on

2018-03-06 06:26:50 - [MESSAGE][PASSED] - Object 'Object Repository/CuPaDl/Icons/Icon_surf' is visible

2018-03-06 06:26:50 - [MESSAGE][PASSED] - Object: 'Object Repository/CuPaDl/Icons/Icon_surf' is clicked on

2018-03-06 06:26:51 - [MESSAGE][PASSED] - Delayed 1 second(s)

2018-03-06 06:26:51 - [MESSAGE][PASSED] - Object 'Object Repository/CuPaDl/Loading_indicator' is visible

2018-03-06 06:26:52 - [MESSAGE][PASSED] - Object 'Object Repository/CuPaDl/Loading_indicator' is NOT visible

2018-03-06 06:26:52 - [MESSAGE][WARNING] - Timeout '0' is invalid. Using default page load timeout: '30'

2018-03-06 06:26:52 - [MESSAGE][PASSED] - Width of element 'Object Repository/CuPaDl/Icons/Reposition_icon' is '40'

2018-03-06 06:26:52 - [MESSAGE][PASSED] - Height of element 'Object Repository/CuPaDl/Icons/Reposition_icon' is '40'.

2018-03-06 06:26:53 - [MESSAGE][PASSED] - Delayed 1 second(s)

2018-03-06 06:26:53 - [MESSAGE][PASSED] - cupakeysDl.iconad.iconadd is PASSED

2018-03-06 06:26:53 - [TEST_STEP][PASSED] - Statement - (step++): null

2018-03-06 06:26:53 - [TEST_STEP][PASSED] - Statement - (iconcount++): null

2018-03-06 06:26:53 - [TEST_STEP][PASSED] - cupakeysDl.iconres.iconresize: cupakeysDl.iconres.iconresize is PASSED

2018-03-06 06:26:53 - [MESSAGE][PASSED] - Object 'Object Repository/CuPaDl/Icons/Reposition_icon' is visible

2018-03-06 06:26:53 - [MESSAGE][PASSED] - Current viewport's left (x) position is 0

2018-03-06 06:26:53 - [MESSAGE][PASSED] - Current viewport's top (y) position is 54

2018-03-06 06:26:53 - [MESSAGE][PASSED] - Dragged object with id 'Object Repository/CuPaDl/Icons/Resize_icon_bottomright' by offset distance x = -125 and y = -71 successfully

2018-03-06 06:26:56 - [MESSAGE][WARNING] - Object 'Object Repository/CuPaDl/Loading_indicator' is not visible after 3 second(s)

2018-03-06 06:26:57 - [MESSAGE][PASSED] - Delayed 1 second(s)

2018-03-06 06:26:57 - [MESSAGE][PASSED] - cupakeysDl.iconres.iconresize is PASSED

2018-03-06 06:26:57 - [TEST_STEP][PASSED] - Statement - (step++): null

2018-03-06 06:26:57 - [TEST_STEP][PASSED] - cupakeysDl.slink.svlink: cupakeysDl.slink.svlink is PASSED

2018-03-06 06:26:57 - [MESSAGE][PASSED] - Scroll to object 'Object Repository/CuPaDl/Save/Save' successfully

2018-03-06 06:26:57 - [MESSAGE][PASSED] - Object: 'Object Repository/CuPaDl/Save/Save' is clicked on

2018-03-06 06:26:57 - [MESSAGE][WARNING] - Timeout '0' is invalid. Using default page load timeout: '30'

2018-03-06 06:26:58 - [MESSAGE][PASSED] - Object 'Object Repository/CuPaDl/Save/CopyLink' is visible

2018-03-06 06:26:58 - [MESSAGE][PASSED] - Object: 'Object Repository/CuPaDl/Save/CopyLink' is clicked on

2018-03-06 06:26:59 - [MESSAGE][PASSED] - Delayed 1 second(s)

2018-03-06 06:26:59 - [MESSAGE][PASSED] - Object: 'Object Repository/CuPaDl/Save/Close' is clicked on

2018-03-06 06:27:00 - [MESSAGE][PASSED] - Delayed 1 second(s)

2018-03-06 06:27:00 - [MESSAGE][PASSED] - cupakeysDl.slink.svlink is PASSED

2018-03-06 06:27:00 - [TEST_STEP][PASSED] - cupakeysDl.endsession.finishsession: cupakeysDl.endsession.finishsession is PASSED

2018-03-06 06:27:03 - [MESSAGE][PASSED] - Delayed 3 second(s)

2018-03-06 06:27:04 - [MESSAGE][PASSED] - Browser is closed

2018-03-06 06:27:04 - [MESSAGE][PASSED] - cupakeysDl.endsession.finishsession is PASSED]]></system-out>
         <system-err><![CDATA[]]></system-err>
      </testcase>
      <testcase name="Test Cases/CuPaStefanie/24" classname="Test Cases/CuPaStefanie/24" status="PASSED">
         <system-out><![CDATA[2018-03-06 06:27:04 - [TEST_CASE][PASSED] - Test Cases/CuPaStefanie/24: Test Cases/CuPaStefanie/24

2018-03-06 06:27:04 - [TEST_STEP][PASSED] - Statement - timeStamp = new java.text.SimpleDateFormat(dd.MM.yyyy).format(java.util.Calendar.getInstance().getTime()): null

2018-03-06 06:27:04 - [TEST_STEP][PASSED] - Statement - timeStampScreenshot = new java.text.SimpleDateFormat(dd.MM.yyyy).format(java.util.Calendar.getInstance().getTime()): null

2018-03-06 06:27:04 - [TEST_STEP][PASSED] - Statement - iconmap = [:]: null

2018-03-06 06:27:04 - [TEST_STEP][PASSED] - Statement - txtmap = [:]: null

2018-03-06 06:27:04 - [TEST_STEP][PASSED] - Statement - signmap = [:]: null

2018-03-06 06:27:04 - [TEST_STEP][PASSED] - cupakeysDl.initStart.initialStart: cupakeysDl.initStart.initialStart is PASSED

2018-03-06 06:27:06 - [MESSAGE][PASSED] - Browser is opened with url: ''

2018-03-06 06:27:09 - [MESSAGE][PASSED] - Delayed 3 second(s)

2018-03-06 06:27:11 - [MESSAGE][PASSED] - Navigate to 'https://d16a4dsnr8a0k1.cloudfront.net/en/2455233.html?price=150.00%20%E2%82%AC&partName=wilsonPartName&vin=wilsonVin&modelCode=XP11&paint=P0A94&modelDescription=wilsonModelDescription&additionalEquipment=wilsonAdditionalEquipment' successfully

2018-03-06 06:27:11 - [MESSAGE][PASSED] - Object 'Object Repository/CuPaDl/Loading_indicator' is visible

2018-03-06 06:27:14 - [MESSAGE][PASSED] - Object 'Object Repository/CuPaDl/Loading_indicator' is NOT visible

2018-03-06 06:27:15 - [MESSAGE][PASSED] - Delayed 1 second(s)

2018-03-06 06:27:15 - [MESSAGE][PASSED] - cupakeysDl.initStart.initialStart is PASSED

2018-03-06 06:27:15 - [TEST_STEP][PASSED] - Statement - (step++): null

2018-03-06 06:27:15 - [TEST_STEP][PASSED] - cupakeysDl.color.changecolor: cupakeysDl.color.changecolor is PASSED

2018-03-06 06:27:15 - [MESSAGE][PASSED] - Object 'Object Repository/CuPaDl/Color/Color' is visible

2018-03-06 06:27:15 - [MESSAGE][PASSED] - Object: 'Object Repository/CuPaDl/Color/Color' is clicked on

2018-03-06 06:27:16 - [MESSAGE][PASSED] - Delayed 1 second(s)

2018-03-06 06:27:17 - [MESSAGE][PASSED] - Object 'Object Repository/CuPaDl/Color/Color_caribeanaqua' is visible

2018-03-06 06:27:17 - [MESSAGE][PASSED] - Object: 'Object Repository/CuPaDl/Color/Color_caribeanaqua' is clicked on

2018-03-06 06:27:17 - [MESSAGE][WARNING] - Timeout '0' is invalid. Using default page load timeout: '30'

2018-03-06 06:27:17 - [MESSAGE][PASSED] - Object 'Object Repository/CuPaDl/Color/Color_caribeanaqua' is visible

2018-03-06 06:27:18 - [MESSAGE][PASSED] - Delayed 1 second(s)

2018-03-06 06:27:18 - [MESSAGE][PASSED] - Object: 'Object Repository/CuPaDl/Color/Color_caribeanaqua' is clicked on

2018-03-06 06:27:21 - [MESSAGE][WARNING] - Object 'Object Repository/CuPaDl/Loading_indicator' is not visible after 3 second(s)

2018-03-06 06:27:22 - [MESSAGE][PASSED] - Delayed 1 second(s)

2018-03-06 06:27:22 - [MESSAGE][PASSED] - cupakeysDl.color.changecolor is PASSED

2018-03-06 06:27:22 - [TEST_STEP][PASSED] - Statement - (step++): null

2018-03-06 06:27:22 - [TEST_STEP][PASSED] - cupakeysDl.chngstruct.changestructure: cupakeysDl.chngstruct.changestructure is PASSED

2018-03-06 06:27:22 - [MESSAGE][PASSED] - Object: 'Object Repository/CuPaDl/Structure/Structure' is clicked on

2018-03-06 06:27:22 - [MESSAGE][WARNING] - Timeout '0' is invalid. Using default page load timeout: '30'

2018-03-06 06:27:22 - [MESSAGE][PASSED] - Object 'Object Repository/CuPaDl/Structure/Structure_Hahnentritt' is visible

2018-03-06 06:27:22 - [MESSAGE][PASSED] - Object 'Object Repository/CuPaDl/Structure/Structure_fadechessboard' is visible

2018-03-06 06:27:22 - [MESSAGE][PASSED] - Object: 'Object Repository/CuPaDl/Structure/Structure_fadechessboard' is clicked on

2018-03-06 06:27:23 - [MESSAGE][PASSED] - Object 'Object Repository/CuPaDl/Loading_indicator' is visible

2018-03-06 06:27:24 - [MESSAGE][PASSED] - Object 'Object Repository/CuPaDl/Loading_indicator' is NOT visible

2018-03-06 06:27:25 - [MESSAGE][PASSED] - Delayed 1 second(s)

2018-03-06 06:27:25 - [MESSAGE][PASSED] - cupakeysDl.chngstruct.changestructure is PASSED

2018-03-06 06:27:25 - [TEST_STEP][PASSED] - Statement - (step++): null

2018-03-06 06:27:25 - [TEST_STEP][PASSED] - cupakeysDl.sclstruct.scalestructure: cupakeysDl.sclstruct.scalestructure is PASSED

2018-03-06 06:27:28 - [MESSAGE][WARNING] - Object 'Object Repository/CuPaDl/Structure/Resize_Structure_bottomright' is not visible after 3 second(s)

2018-03-06 06:27:28 - [MESSAGE][PASSED] - Object: 'Object Repository/CuPaDl/Structure/Resize_Structure' is clicked on

2018-03-06 06:27:28 - [MESSAGE][WARNING] - Timeout '0' is invalid. Using default page load timeout: '30'

2018-03-06 06:27:28 - [MESSAGE][PASSED] - Object 'Object Repository/CuPaDl/Structure/Resize_Structure_bottomright' is visible

2018-03-06 06:27:29 - [MESSAGE][PASSED] - Delayed 1 second(s)

2018-03-06 06:27:29 - [MESSAGE][PASSED] - Current viewport's left (x) position is 0

2018-03-06 06:27:29 - [MESSAGE][PASSED] - Current viewport's top (y) position is 54

2018-03-06 06:27:29 - [MESSAGE][PASSED] - Dragged object with id 'Object Repository/CuPaDl/Structure/Resize_Structure_bottomright' by offset distance x = 225 and y = 279 successfully

2018-03-06 06:27:32 - [MESSAGE][WARNING] - Object 'Object Repository/CuPaDl/Loading_indicator' is not visible after 3 second(s)

2018-03-06 06:27:33 - [MESSAGE][PASSED] - Delayed 1 second(s)

2018-03-06 06:27:33 - [MESSAGE][PASSED] - cupakeysDl.sclstruct.scalestructure is PASSED

2018-03-06 06:27:33 - [TEST_STEP][PASSED] - Statement - (step++): null

2018-03-06 06:27:33 - [TEST_STEP][PASSED] - Statement - iconmap += CustomKeywords.cupakeysDl.iconad.iconadd("surf", LoadTimeCorrector, step, run, device, timeStamp, iconcount): cupakeysDl.iconad.iconadd is PASSED

2018-03-06 06:27:33 - [MESSAGE][PASSED] - Object: 'Object Repository/CuPaDl/Icons/Icon' is clicked on

2018-03-06 06:27:33 - [MESSAGE][PASSED] - Object 'Object Repository/CuPaDl/Icons/Icon_surf' is visible

2018-03-06 06:27:33 - [MESSAGE][PASSED] - Object: 'Object Repository/CuPaDl/Icons/Icon_surf' is clicked on

2018-03-06 06:27:34 - [MESSAGE][PASSED] - Delayed 1 second(s)

2018-03-06 06:27:34 - [MESSAGE][PASSED] - Object 'Object Repository/CuPaDl/Loading_indicator' is visible

2018-03-06 06:27:36 - [MESSAGE][PASSED] - Object 'Object Repository/CuPaDl/Loading_indicator' is NOT visible

2018-03-06 06:27:36 - [MESSAGE][WARNING] - Timeout '0' is invalid. Using default page load timeout: '30'

2018-03-06 06:27:36 - [MESSAGE][PASSED] - Width of element 'Object Repository/CuPaDl/Icons/Reposition_icon' is '40'

2018-03-06 06:27:36 - [MESSAGE][PASSED] - Height of element 'Object Repository/CuPaDl/Icons/Reposition_icon' is '40'.

2018-03-06 06:27:37 - [MESSAGE][PASSED] - Delayed 1 second(s)

2018-03-06 06:27:37 - [MESSAGE][PASSED] - cupakeysDl.iconad.iconadd is PASSED

2018-03-06 06:27:37 - [TEST_STEP][PASSED] - Statement - (step++): null

2018-03-06 06:27:37 - [TEST_STEP][PASSED] - Statement - (iconcount++): null

2018-03-06 06:27:37 - [TEST_STEP][PASSED] - cupakeysDl.iconres.iconresize: cupakeysDl.iconres.iconresize is PASSED

2018-03-06 06:27:37 - [MESSAGE][PASSED] - Object 'Object Repository/CuPaDl/Icons/Reposition_icon' is visible

2018-03-06 06:27:37 - [MESSAGE][PASSED] - Current viewport's left (x) position is 0

2018-03-06 06:27:37 - [MESSAGE][PASSED] - Current viewport's top (y) position is 54

2018-03-06 06:27:37 - [MESSAGE][PASSED] - Dragged object with id 'Object Repository/CuPaDl/Icons/Resize_icon_bottomright' by offset distance x = 125 and y = 179 successfully

2018-03-06 06:27:40 - [MESSAGE][WARNING] - Object 'Object Repository/CuPaDl/Loading_indicator' is not visible after 3 second(s)

2018-03-06 06:27:41 - [MESSAGE][PASSED] - Delayed 1 second(s)

2018-03-06 06:27:41 - [MESSAGE][PASSED] - cupakeysDl.iconres.iconresize is PASSED

2018-03-06 06:27:41 - [TEST_STEP][PASSED] - Statement - (step++): null

2018-03-06 06:27:41 - [TEST_STEP][PASSED] - cupakeysDl.slink.svlink: cupakeysDl.slink.svlink is PASSED

2018-03-06 06:27:41 - [MESSAGE][PASSED] - Scroll to object 'Object Repository/CuPaDl/Save/Save' successfully

2018-03-06 06:27:41 - [MESSAGE][PASSED] - Object: 'Object Repository/CuPaDl/Save/Save' is clicked on

2018-03-06 06:27:41 - [MESSAGE][WARNING] - Timeout '0' is invalid. Using default page load timeout: '30'

2018-03-06 06:27:42 - [MESSAGE][PASSED] - Object 'Object Repository/CuPaDl/Save/CopyLink' is visible

2018-03-06 06:27:42 - [MESSAGE][PASSED] - Object: 'Object Repository/CuPaDl/Save/CopyLink' is clicked on

2018-03-06 06:27:43 - [MESSAGE][PASSED] - Delayed 1 second(s)

2018-03-06 06:27:43 - [MESSAGE][PASSED] - Object: 'Object Repository/CuPaDl/Save/Close' is clicked on

2018-03-06 06:27:44 - [MESSAGE][PASSED] - Delayed 1 second(s)

2018-03-06 06:27:44 - [MESSAGE][PASSED] - cupakeysDl.slink.svlink is PASSED

2018-03-06 06:27:44 - [TEST_STEP][PASSED] - cupakeysDl.endsession.finishsession: cupakeysDl.endsession.finishsession is PASSED

2018-03-06 06:27:47 - [MESSAGE][PASSED] - Delayed 3 second(s)

2018-03-06 06:27:47 - [MESSAGE][PASSED] - Browser is closed

2018-03-06 06:27:47 - [MESSAGE][PASSED] - cupakeysDl.endsession.finishsession is PASSED]]></system-out>
         <system-err><![CDATA[]]></system-err>
      </testcase>
      <testcase name="Test Cases/CuPaStefanie/25" classname="Test Cases/CuPaStefanie/25" status="PASSED">
         <system-out><![CDATA[2018-03-06 06:27:47 - [TEST_CASE][PASSED] - Test Cases/CuPaStefanie/25: Test Cases/CuPaStefanie/25

2018-03-06 06:27:48 - [TEST_STEP][PASSED] - Statement - timeStamp = new java.text.SimpleDateFormat(dd.MM.yyyy).format(java.util.Calendar.getInstance().getTime()): null

2018-03-06 06:27:48 - [TEST_STEP][PASSED] - Statement - timeStampScreenshot = new java.text.SimpleDateFormat(dd.MM.yyyy).format(java.util.Calendar.getInstance().getTime()): null

2018-03-06 06:27:48 - [TEST_STEP][PASSED] - Statement - iconmap = [:]: null

2018-03-06 06:27:48 - [TEST_STEP][PASSED] - Statement - txtmap = [:]: null

2018-03-06 06:27:48 - [TEST_STEP][PASSED] - Statement - signmap = [:]: null

2018-03-06 06:27:48 - [TEST_STEP][PASSED] - cupakeysDl.initStart.initialStart: cupakeysDl.initStart.initialStart is PASSED

2018-03-06 06:27:50 - [MESSAGE][PASSED] - Browser is opened with url: ''

2018-03-06 06:27:53 - [MESSAGE][PASSED] - Delayed 3 second(s)

2018-03-06 06:27:54 - [MESSAGE][PASSED] - Navigate to 'https://d16a4dsnr8a0k1.cloudfront.net/en/2455233.html?price=150.00%20%E2%82%AC&partName=wilsonPartName&vin=wilsonVin&modelCode=XP11&paint=P0A94&modelDescription=wilsonModelDescription&additionalEquipment=wilsonAdditionalEquipment' successfully

2018-03-06 06:27:54 - [MESSAGE][PASSED] - Object 'Object Repository/CuPaDl/Loading_indicator' is visible

2018-03-06 06:27:58 - [MESSAGE][PASSED] - Object 'Object Repository/CuPaDl/Loading_indicator' is NOT visible

2018-03-06 06:27:59 - [MESSAGE][PASSED] - Delayed 1 second(s)

2018-03-06 06:27:59 - [MESSAGE][PASSED] - cupakeysDl.initStart.initialStart is PASSED

2018-03-06 06:27:59 - [TEST_STEP][PASSED] - Statement - (step++): null

2018-03-06 06:27:59 - [TEST_STEP][PASSED] - cupakeysDl.color.changecolor: cupakeysDl.color.changecolor is PASSED

2018-03-06 06:27:59 - [MESSAGE][PASSED] - Object 'Object Repository/CuPaDl/Color/Color' is visible

2018-03-06 06:27:59 - [MESSAGE][PASSED] - Object: 'Object Repository/CuPaDl/Color/Color' is clicked on

2018-03-06 06:28:00 - [MESSAGE][PASSED] - Delayed 1 second(s)

2018-03-06 06:28:00 - [MESSAGE][PASSED] - Object 'Object Repository/CuPaDl/Color/Color_jetblack' is visible

2018-03-06 06:28:00 - [MESSAGE][PASSED] - Object: 'Object Repository/CuPaDl/Color/Color_jetblack' is clicked on

2018-03-06 06:28:00 - [MESSAGE][WARNING] - Timeout '0' is invalid. Using default page load timeout: '30'

2018-03-06 06:28:00 - [MESSAGE][PASSED] - Object 'Object Repository/CuPaDl/Color/Color_jetblack' is visible

2018-03-06 06:28:01 - [MESSAGE][PASSED] - Delayed 1 second(s)

2018-03-06 06:28:01 - [MESSAGE][PASSED] - Object: 'Object Repository/CuPaDl/Color/Color_jetblack' is clicked on

2018-03-06 06:28:04 - [MESSAGE][WARNING] - Object 'Object Repository/CuPaDl/Loading_indicator' is not visible after 3 second(s)

2018-03-06 06:28:05 - [MESSAGE][PASSED] - Delayed 1 second(s)

2018-03-06 06:28:05 - [MESSAGE][PASSED] - cupakeysDl.color.changecolor is PASSED

2018-03-06 06:28:05 - [TEST_STEP][PASSED] - Statement - (step++): null

2018-03-06 06:28:05 - [TEST_STEP][PASSED] - cupakeysDl.chngstruct.changestructure: cupakeysDl.chngstruct.changestructure is PASSED

2018-03-06 06:28:06 - [MESSAGE][PASSED] - Object: 'Object Repository/CuPaDl/Structure/Structure' is clicked on

2018-03-06 06:28:06 - [MESSAGE][WARNING] - Timeout '0' is invalid. Using default page load timeout: '30'

2018-03-06 06:28:06 - [MESSAGE][PASSED] - Object 'Object Repository/CuPaDl/Structure/Structure_Hahnentritt' is visible

2018-03-06 06:28:06 - [MESSAGE][PASSED] - Object 'Object Repository/CuPaDl/Structure/Structure_fadeangel' is visible

2018-03-06 06:28:06 - [MESSAGE][PASSED] - Object: 'Object Repository/CuPaDl/Structure/Structure_fadeangel' is clicked on

2018-03-06 06:28:07 - [MESSAGE][PASSED] - Object 'Object Repository/CuPaDl/Loading_indicator' is visible

2018-03-06 06:28:09 - [MESSAGE][PASSED] - Object 'Object Repository/CuPaDl/Loading_indicator' is NOT visible

2018-03-06 06:28:10 - [MESSAGE][PASSED] - Delayed 1 second(s)

2018-03-06 06:28:10 - [MESSAGE][PASSED] - cupakeysDl.chngstruct.changestructure is PASSED

2018-03-06 06:28:10 - [TEST_STEP][PASSED] - Statement - (step++): null

2018-03-06 06:28:10 - [TEST_STEP][PASSED] - cupakeysDl.sclstruct.scalestructure: cupakeysDl.sclstruct.scalestructure is PASSED

2018-03-06 06:28:13 - [MESSAGE][WARNING] - Object 'Object Repository/CuPaDl/Structure/Resize_Structure_bottomright' is not visible after 3 second(s)

2018-03-06 06:28:13 - [MESSAGE][PASSED] - Object: 'Object Repository/CuPaDl/Structure/Resize_Structure' is clicked on

2018-03-06 06:28:13 - [MESSAGE][WARNING] - Timeout '0' is invalid. Using default page load timeout: '30'

2018-03-06 06:28:13 - [MESSAGE][PASSED] - Object 'Object Repository/CuPaDl/Structure/Resize_Structure_bottomright' is visible

2018-03-06 06:28:14 - [MESSAGE][PASSED] - Delayed 1 second(s)

2018-03-06 06:28:14 - [MESSAGE][PASSED] - Current viewport's left (x) position is 0

2018-03-06 06:28:14 - [MESSAGE][PASSED] - Current viewport's top (y) position is 54

2018-03-06 06:28:14 - [MESSAGE][PASSED] - Dragged object with id 'Object Repository/CuPaDl/Structure/Resize_Structure_bottomright' by offset distance x = -225 and y = -171 successfully

2018-03-06 06:28:15 - [MESSAGE][PASSED] - Object 'Object Repository/CuPaDl/Loading_indicator' is visible

2018-03-06 06:28:17 - [MESSAGE][PASSED] - Object 'Object Repository/CuPaDl/Loading_indicator' is NOT visible

2018-03-06 06:28:18 - [MESSAGE][PASSED] - Delayed 1 second(s)

2018-03-06 06:28:18 - [MESSAGE][PASSED] - cupakeysDl.sclstruct.scalestructure is PASSED

2018-03-06 06:28:18 - [TEST_STEP][PASSED] - Statement - (step++): null

2018-03-06 06:28:18 - [TEST_STEP][PASSED] - Statement - iconmap += CustomKeywords.cupakeysDl.iconad.iconadd("snow", LoadTimeCorrector, step, run, device, timeStamp, iconcount): cupakeysDl.iconad.iconadd is PASSED

2018-03-06 06:28:18 - [MESSAGE][PASSED] - Object: 'Object Repository/CuPaDl/Icons/Icon' is clicked on

2018-03-06 06:28:18 - [MESSAGE][PASSED] - Object 'Object Repository/CuPaDl/Icons/Icon_snow' is visible

2018-03-06 06:28:18 - [MESSAGE][PASSED] - Object: 'Object Repository/CuPaDl/Icons/Icon_snow' is clicked on

2018-03-06 06:28:19 - [MESSAGE][PASSED] - Delayed 1 second(s)

2018-03-06 06:28:19 - [MESSAGE][PASSED] - Object 'Object Repository/CuPaDl/Loading_indicator' is visible

2018-03-06 06:28:22 - [MESSAGE][PASSED] - Object 'Object Repository/CuPaDl/Loading_indicator' is NOT visible

2018-03-06 06:28:22 - [MESSAGE][WARNING] - Timeout '0' is invalid. Using default page load timeout: '30'

2018-03-06 06:28:22 - [MESSAGE][PASSED] - Width of element 'Object Repository/CuPaDl/Icons/Reposition_icon' is '40'

2018-03-06 06:28:22 - [MESSAGE][PASSED] - Height of element 'Object Repository/CuPaDl/Icons/Reposition_icon' is '40'.

2018-03-06 06:28:23 - [MESSAGE][PASSED] - Delayed 1 second(s)

2018-03-06 06:28:23 - [MESSAGE][PASSED] - cupakeysDl.iconad.iconadd is PASSED

2018-03-06 06:28:23 - [TEST_STEP][PASSED] - Statement - (step++): null

2018-03-06 06:28:23 - [TEST_STEP][PASSED] - Statement - (iconcount++): null

2018-03-06 06:28:23 - [TEST_STEP][PASSED] - cupakeysDl.iconres.iconresize: cupakeysDl.iconres.iconresize is PASSED

2018-03-06 06:28:23 - [MESSAGE][PASSED] - Object 'Object Repository/CuPaDl/Icons/Reposition_icon' is visible

2018-03-06 06:28:23 - [MESSAGE][PASSED] - Current viewport's left (x) position is 0

2018-03-06 06:28:23 - [MESSAGE][PASSED] - Current viewport's top (y) position is 54

2018-03-06 06:28:23 - [MESSAGE][PASSED] - Dragged object with id 'Object Repository/CuPaDl/Icons/Resize_icon_bottomright' by offset distance x = -125 and y = -71 successfully

2018-03-06 06:28:24 - [MESSAGE][PASSED] - Object 'Object Repository/CuPaDl/Loading_indicator' is visible

2018-03-06 06:28:26 - [MESSAGE][PASSED] - Object 'Object Repository/CuPaDl/Loading_indicator' is NOT visible

2018-03-06 06:28:27 - [MESSAGE][PASSED] - Delayed 1 second(s)

2018-03-06 06:28:27 - [MESSAGE][PASSED] - cupakeysDl.iconres.iconresize is PASSED

2018-03-06 06:28:27 - [TEST_STEP][PASSED] - Statement - (step++): null

2018-03-06 06:28:27 - [TEST_STEP][PASSED] - cupakeysDl.slink.svlink: cupakeysDl.slink.svlink is PASSED

2018-03-06 06:28:27 - [MESSAGE][PASSED] - Scroll to object 'Object Repository/CuPaDl/Save/Save' successfully

2018-03-06 06:28:28 - [MESSAGE][PASSED] - Object: 'Object Repository/CuPaDl/Save/Save' is clicked on

2018-03-06 06:28:28 - [MESSAGE][WARNING] - Timeout '0' is invalid. Using default page load timeout: '30'

2018-03-06 06:28:28 - [MESSAGE][PASSED] - Object 'Object Repository/CuPaDl/Save/CopyLink' is visible

2018-03-06 06:28:28 - [MESSAGE][PASSED] - Object: 'Object Repository/CuPaDl/Save/CopyLink' is clicked on

2018-03-06 06:28:29 - [MESSAGE][PASSED] - Delayed 1 second(s)

2018-03-06 06:28:29 - [MESSAGE][PASSED] - Object: 'Object Repository/CuPaDl/Save/Close' is clicked on

2018-03-06 06:28:30 - [MESSAGE][PASSED] - Delayed 1 second(s)

2018-03-06 06:28:30 - [MESSAGE][PASSED] - cupakeysDl.slink.svlink is PASSED

2018-03-06 06:28:30 - [TEST_STEP][PASSED] - cupakeysDl.endsession.finishsession: cupakeysDl.endsession.finishsession is PASSED

2018-03-06 06:28:33 - [MESSAGE][PASSED] - Delayed 3 second(s)

2018-03-06 06:28:34 - [MESSAGE][PASSED] - Browser is closed

2018-03-06 06:28:34 - [MESSAGE][PASSED] - cupakeysDl.endsession.finishsession is PASSED]]></system-out>
         <system-err><![CDATA[]]></system-err>
      </testcase>
      <testcase name="Test Cases/CuPaStefanie/26" classname="Test Cases/CuPaStefanie/26" status="PASSED">
         <system-out><![CDATA[2018-03-06 06:28:34 - [TEST_CASE][PASSED] - Test Cases/CuPaStefanie/26: Test Cases/CuPaStefanie/26

2018-03-06 06:28:34 - [TEST_STEP][PASSED] - Statement - timeStamp = new java.text.SimpleDateFormat(dd.MM.yyyy).format(java.util.Calendar.getInstance().getTime()): null

2018-03-06 06:28:34 - [TEST_STEP][PASSED] - Statement - timeStampScreenshot = new java.text.SimpleDateFormat(dd.MM.yyyy).format(java.util.Calendar.getInstance().getTime()): null

2018-03-06 06:28:34 - [TEST_STEP][PASSED] - Statement - iconmap = [:]: null

2018-03-06 06:28:34 - [TEST_STEP][PASSED] - Statement - txtmap = [:]: null

2018-03-06 06:28:34 - [TEST_STEP][PASSED] - Statement - signmap = [:]: null

2018-03-06 06:28:34 - [TEST_STEP][PASSED] - cupakeysDl.initStart.initialStart: cupakeysDl.initStart.initialStart is PASSED

2018-03-06 06:28:36 - [MESSAGE][PASSED] - Browser is opened with url: ''

2018-03-06 06:28:39 - [MESSAGE][PASSED] - Delayed 3 second(s)

2018-03-06 06:28:41 - [MESSAGE][PASSED] - Navigate to 'https://d16a4dsnr8a0k1.cloudfront.net/en/2455233.html?price=150.00%20%E2%82%AC&partName=wilsonPartName&vin=wilsonVin&modelCode=XP11&paint=P0A94&modelDescription=wilsonModelDescription&additionalEquipment=wilsonAdditionalEquipment' successfully

2018-03-06 06:28:41 - [MESSAGE][PASSED] - Object 'Object Repository/CuPaDl/Loading_indicator' is visible

2018-03-06 06:28:44 - [MESSAGE][PASSED] - Object 'Object Repository/CuPaDl/Loading_indicator' is NOT visible

2018-03-06 06:28:45 - [MESSAGE][PASSED] - Delayed 1 second(s)

2018-03-06 06:28:45 - [MESSAGE][PASSED] - cupakeysDl.initStart.initialStart is PASSED

2018-03-06 06:28:45 - [TEST_STEP][PASSED] - Statement - (step++): null

2018-03-06 06:28:45 - [TEST_STEP][PASSED] - cupakeysDl.color.changecolor: cupakeysDl.color.changecolor is PASSED

2018-03-06 06:28:45 - [MESSAGE][PASSED] - Object 'Object Repository/CuPaDl/Color/Color' is visible

2018-03-06 06:28:46 - [MESSAGE][PASSED] - Object: 'Object Repository/CuPaDl/Color/Color' is clicked on

2018-03-06 06:28:47 - [MESSAGE][PASSED] - Delayed 1 second(s)

2018-03-06 06:28:47 - [MESSAGE][PASSED] - Object 'Object Repository/CuPaDl/Color/Color_jetblack' is visible

2018-03-06 06:28:47 - [MESSAGE][PASSED] - Object: 'Object Repository/CuPaDl/Color/Color_jetblack' is clicked on

2018-03-06 06:28:47 - [MESSAGE][WARNING] - Timeout '0' is invalid. Using default page load timeout: '30'

2018-03-06 06:28:47 - [MESSAGE][PASSED] - Object 'Object Repository/CuPaDl/Color/Color_jetblack' is visible

2018-03-06 06:28:48 - [MESSAGE][PASSED] - Delayed 1 second(s)

2018-03-06 06:28:48 - [MESSAGE][PASSED] - Object: 'Object Repository/CuPaDl/Color/Color_jetblack' is clicked on

2018-03-06 06:28:51 - [MESSAGE][WARNING] - Object 'Object Repository/CuPaDl/Loading_indicator' is not visible after 3 second(s)

2018-03-06 06:28:52 - [MESSAGE][PASSED] - Delayed 1 second(s)

2018-03-06 06:28:52 - [MESSAGE][PASSED] - cupakeysDl.color.changecolor is PASSED

2018-03-06 06:28:52 - [TEST_STEP][PASSED] - Statement - (step++): null

2018-03-06 06:28:52 - [TEST_STEP][PASSED] - cupakeysDl.chngstruct.changestructure: cupakeysDl.chngstruct.changestructure is PASSED

2018-03-06 06:28:52 - [MESSAGE][PASSED] - Object: 'Object Repository/CuPaDl/Structure/Structure' is clicked on

2018-03-06 06:28:52 - [MESSAGE][WARNING] - Timeout '0' is invalid. Using default page load timeout: '30'

2018-03-06 06:28:52 - [MESSAGE][PASSED] - Object 'Object Repository/CuPaDl/Structure/Structure_Hahnentritt' is visible

2018-03-06 06:28:52 - [MESSAGE][PASSED] - Object 'Object Repository/CuPaDl/Structure/Structure_fadeangel' is visible

2018-03-06 06:28:52 - [MESSAGE][PASSED] - Object: 'Object Repository/CuPaDl/Structure/Structure_fadeangel' is clicked on

2018-03-06 06:28:53 - [MESSAGE][PASSED] - Object 'Object Repository/CuPaDl/Loading_indicator' is visible

2018-03-06 06:28:56 - [MESSAGE][PASSED] - Object 'Object Repository/CuPaDl/Loading_indicator' is NOT visible

2018-03-06 06:28:57 - [MESSAGE][PASSED] - Delayed 1 second(s)

2018-03-06 06:28:57 - [MESSAGE][PASSED] - cupakeysDl.chngstruct.changestructure is PASSED

2018-03-06 06:28:57 - [TEST_STEP][PASSED] - Statement - (step++): null

2018-03-06 06:28:57 - [TEST_STEP][PASSED] - cupakeysDl.sclstruct.scalestructure: cupakeysDl.sclstruct.scalestructure is PASSED

2018-03-06 06:29:00 - [MESSAGE][WARNING] - Object 'Object Repository/CuPaDl/Structure/Resize_Structure_bottomright' is not visible after 3 second(s)

2018-03-06 06:29:00 - [MESSAGE][PASSED] - Object: 'Object Repository/CuPaDl/Structure/Resize_Structure' is clicked on

2018-03-06 06:29:00 - [MESSAGE][WARNING] - Timeout '0' is invalid. Using default page load timeout: '30'

2018-03-06 06:29:00 - [MESSAGE][PASSED] - Object 'Object Repository/CuPaDl/Structure/Resize_Structure_bottomright' is visible

2018-03-06 06:29:01 - [MESSAGE][PASSED] - Delayed 1 second(s)

2018-03-06 06:29:01 - [MESSAGE][PASSED] - Current viewport's left (x) position is 0

2018-03-06 06:29:01 - [MESSAGE][PASSED] - Current viewport's top (y) position is 54

2018-03-06 06:29:01 - [MESSAGE][PASSED] - Dragged object with id 'Object Repository/CuPaDl/Structure/Resize_Structure_bottomright' by offset distance x = 225 and y = 279 successfully

2018-03-06 06:29:02 - [MESSAGE][PASSED] - Object 'Object Repository/CuPaDl/Loading_indicator' is visible

2018-03-06 06:29:04 - [MESSAGE][PASSED] - Object 'Object Repository/CuPaDl/Loading_indicator' is NOT visible

2018-03-06 06:29:05 - [MESSAGE][PASSED] - Delayed 1 second(s)

2018-03-06 06:29:05 - [MESSAGE][PASSED] - cupakeysDl.sclstruct.scalestructure is PASSED

2018-03-06 06:29:05 - [TEST_STEP][PASSED] - Statement - (step++): null

2018-03-06 06:29:05 - [TEST_STEP][PASSED] - Statement - iconmap += CustomKeywords.cupakeysDl.iconad.iconadd("snow", LoadTimeCorrector, step, run, device, timeStamp, iconcount): cupakeysDl.iconad.iconadd is PASSED

2018-03-06 06:29:05 - [MESSAGE][PASSED] - Object: 'Object Repository/CuPaDl/Icons/Icon' is clicked on

2018-03-06 06:29:05 - [MESSAGE][PASSED] - Object 'Object Repository/CuPaDl/Icons/Icon_snow' is visible

2018-03-06 06:29:05 - [MESSAGE][PASSED] - Object: 'Object Repository/CuPaDl/Icons/Icon_snow' is clicked on

2018-03-06 06:29:06 - [MESSAGE][PASSED] - Delayed 1 second(s)

2018-03-06 06:29:06 - [MESSAGE][PASSED] - Object 'Object Repository/CuPaDl/Loading_indicator' is visible

2018-03-06 06:29:09 - [MESSAGE][PASSED] - Object 'Object Repository/CuPaDl/Loading_indicator' is NOT visible

2018-03-06 06:29:09 - [MESSAGE][WARNING] - Timeout '0' is invalid. Using default page load timeout: '30'

2018-03-06 06:29:09 - [MESSAGE][PASSED] - Width of element 'Object Repository/CuPaDl/Icons/Reposition_icon' is '40'

2018-03-06 06:29:09 - [MESSAGE][PASSED] - Height of element 'Object Repository/CuPaDl/Icons/Reposition_icon' is '40'.

2018-03-06 06:29:10 - [MESSAGE][PASSED] - Delayed 1 second(s)

2018-03-06 06:29:10 - [MESSAGE][PASSED] - cupakeysDl.iconad.iconadd is PASSED

2018-03-06 06:29:10 - [TEST_STEP][PASSED] - Statement - (step++): null

2018-03-06 06:29:10 - [TEST_STEP][PASSED] - Statement - (iconcount++): null

2018-03-06 06:29:10 - [TEST_STEP][PASSED] - cupakeysDl.iconres.iconresize: cupakeysDl.iconres.iconresize is PASSED

2018-03-06 06:29:10 - [MESSAGE][PASSED] - Object 'Object Repository/CuPaDl/Icons/Reposition_icon' is visible

2018-03-06 06:29:10 - [MESSAGE][PASSED] - Current viewport's left (x) position is 0

2018-03-06 06:29:10 - [MESSAGE][PASSED] - Current viewport's top (y) position is 54

2018-03-06 06:29:10 - [MESSAGE][PASSED] - Dragged object with id 'Object Repository/CuPaDl/Icons/Resize_icon_bottomright' by offset distance x = 125 and y = 179 successfully

2018-03-06 06:29:11 - [MESSAGE][PASSED] - Object 'Object Repository/CuPaDl/Loading_indicator' is visible

2018-03-06 06:29:13 - [MESSAGE][PASSED] - Object 'Object Repository/CuPaDl/Loading_indicator' is NOT visible

2018-03-06 06:29:14 - [MESSAGE][PASSED] - Delayed 1 second(s)

2018-03-06 06:29:14 - [MESSAGE][PASSED] - cupakeysDl.iconres.iconresize is PASSED

2018-03-06 06:29:14 - [TEST_STEP][PASSED] - Statement - (step++): null

2018-03-06 06:29:14 - [TEST_STEP][PASSED] - cupakeysDl.slink.svlink: cupakeysDl.slink.svlink is PASSED

2018-03-06 06:29:14 - [MESSAGE][PASSED] - Scroll to object 'Object Repository/CuPaDl/Save/Save' successfully

2018-03-06 06:29:14 - [MESSAGE][PASSED] - Object: 'Object Repository/CuPaDl/Save/Save' is clicked on

2018-03-06 06:29:14 - [MESSAGE][WARNING] - Timeout '0' is invalid. Using default page load timeout: '30'

2018-03-06 06:29:15 - [MESSAGE][PASSED] - Object 'Object Repository/CuPaDl/Save/CopyLink' is visible

2018-03-06 06:29:15 - [MESSAGE][PASSED] - Object: 'Object Repository/CuPaDl/Save/CopyLink' is clicked on

2018-03-06 06:29:16 - [MESSAGE][PASSED] - Delayed 1 second(s)

2018-03-06 06:29:16 - [MESSAGE][PASSED] - Object: 'Object Repository/CuPaDl/Save/Close' is clicked on

2018-03-06 06:29:17 - [MESSAGE][PASSED] - Delayed 1 second(s)

2018-03-06 06:29:17 - [MESSAGE][PASSED] - cupakeysDl.slink.svlink is PASSED

2018-03-06 06:29:17 - [TEST_STEP][PASSED] - cupakeysDl.endsession.finishsession: cupakeysDl.endsession.finishsession is PASSED

2018-03-06 06:29:20 - [MESSAGE][PASSED] - Delayed 3 second(s)

2018-03-06 06:29:20 - [MESSAGE][PASSED] - Browser is closed

2018-03-06 06:29:20 - [MESSAGE][PASSED] - cupakeysDl.endsession.finishsession is PASSED]]></system-out>
         <system-err><![CDATA[]]></system-err>
      </testcase>
      <testcase name="Test Cases/CuPaStefanie/27" classname="Test Cases/CuPaStefanie/27" status="PASSED">
         <system-out><![CDATA[2018-03-06 06:29:20 - [TEST_CASE][PASSED] - Test Cases/CuPaStefanie/27: Test Cases/CuPaStefanie/27

2018-03-06 06:29:21 - [TEST_STEP][PASSED] - Statement - timeStamp = new java.text.SimpleDateFormat(dd.MM.yyyy).format(java.util.Calendar.getInstance().getTime()): null

2018-03-06 06:29:21 - [TEST_STEP][PASSED] - Statement - timeStampScreenshot = new java.text.SimpleDateFormat(dd.MM.yyyy).format(java.util.Calendar.getInstance().getTime()): null

2018-03-06 06:29:21 - [TEST_STEP][PASSED] - Statement - iconmap = [:]: null

2018-03-06 06:29:21 - [TEST_STEP][PASSED] - Statement - txtmap = [:]: null

2018-03-06 06:29:21 - [TEST_STEP][PASSED] - Statement - signmap = [:]: null

2018-03-06 06:29:21 - [TEST_STEP][PASSED] - cupakeysDl.initStart.initialStart: cupakeysDl.initStart.initialStart is PASSED

2018-03-06 06:29:23 - [MESSAGE][PASSED] - Browser is opened with url: ''

2018-03-06 06:29:26 - [MESSAGE][PASSED] - Delayed 3 second(s)

2018-03-06 06:29:27 - [MESSAGE][PASSED] - Navigate to 'https://d16a4dsnr8a0k1.cloudfront.net/en/2455233.html?price=150.00%20%E2%82%AC&partName=wilsonPartName&vin=wilsonVin&modelCode=XP11&paint=P0A94&modelDescription=wilsonModelDescription&additionalEquipment=wilsonAdditionalEquipment' successfully

2018-03-06 06:29:27 - [MESSAGE][PASSED] - Object 'Object Repository/CuPaDl/Loading_indicator' is visible

2018-03-06 06:29:31 - [MESSAGE][PASSED] - Object 'Object Repository/CuPaDl/Loading_indicator' is NOT visible

2018-03-06 06:29:32 - [MESSAGE][PASSED] - Delayed 1 second(s)

2018-03-06 06:29:32 - [MESSAGE][PASSED] - cupakeysDl.initStart.initialStart is PASSED

2018-03-06 06:29:32 - [TEST_STEP][PASSED] - Statement - (step++): null

2018-03-06 06:29:32 - [TEST_STEP][PASSED] - cupakeysDl.color.changecolor: cupakeysDl.color.changecolor is PASSED

2018-03-06 06:29:32 - [MESSAGE][PASSED] - Object 'Object Repository/CuPaDl/Color/Color' is visible

2018-03-06 06:29:32 - [MESSAGE][PASSED] - Object: 'Object Repository/CuPaDl/Color/Color' is clicked on

2018-03-06 06:29:33 - [MESSAGE][PASSED] - Delayed 1 second(s)

2018-03-06 06:29:33 - [MESSAGE][PASSED] - Object 'Object Repository/CuPaDl/Color/Color_moonwalkgrey' is visible

2018-03-06 06:29:33 - [MESSAGE][PASSED] - Object: 'Object Repository/CuPaDl/Color/Color_moonwalkgrey' is clicked on

2018-03-06 06:29:33 - [MESSAGE][WARNING] - Timeout '0' is invalid. Using default page load timeout: '30'

2018-03-06 06:29:33 - [MESSAGE][PASSED] - Object 'Object Repository/CuPaDl/Color/Color_moonwalkgrey' is visible

2018-03-06 06:29:34 - [MESSAGE][PASSED] - Delayed 1 second(s)

2018-03-06 06:29:34 - [MESSAGE][PASSED] - Object: 'Object Repository/CuPaDl/Color/Color_moonwalkgrey' is clicked on

2018-03-06 06:29:37 - [MESSAGE][WARNING] - Object 'Object Repository/CuPaDl/Loading_indicator' is not visible after 3 second(s)

2018-03-06 06:29:38 - [MESSAGE][PASSED] - Delayed 1 second(s)

2018-03-06 06:29:38 - [MESSAGE][PASSED] - cupakeysDl.color.changecolor is PASSED

2018-03-06 06:29:38 - [TEST_STEP][PASSED] - Statement - (step++): null

2018-03-06 06:29:38 - [TEST_STEP][PASSED] - cupakeysDl.chngstruct.changestructure: cupakeysDl.chngstruct.changestructure is PASSED

2018-03-06 06:29:39 - [MESSAGE][PASSED] - Object: 'Object Repository/CuPaDl/Structure/Structure' is clicked on

2018-03-06 06:29:39 - [MESSAGE][WARNING] - Timeout '0' is invalid. Using default page load timeout: '30'

2018-03-06 06:29:39 - [MESSAGE][PASSED] - Object 'Object Repository/CuPaDl/Structure/Structure_Hahnentritt' is visible

2018-03-06 06:29:39 - [MESSAGE][PASSED] - Object 'Object Repository/CuPaDl/Structure/Structure_fadequadrop' is visible

2018-03-06 06:29:39 - [MESSAGE][PASSED] - Object: 'Object Repository/CuPaDl/Structure/Structure_fadequadrop' is clicked on

2018-03-06 06:29:40 - [MESSAGE][PASSED] - Object 'Object Repository/CuPaDl/Loading_indicator' is visible

2018-03-06 06:29:43 - [MESSAGE][PASSED] - Object 'Object Repository/CuPaDl/Loading_indicator' is NOT visible

2018-03-06 06:29:44 - [MESSAGE][PASSED] - Delayed 1 second(s)

2018-03-06 06:29:44 - [MESSAGE][PASSED] - cupakeysDl.chngstruct.changestructure is PASSED

2018-03-06 06:29:44 - [TEST_STEP][PASSED] - Statement - (step++): null

2018-03-06 06:29:44 - [TEST_STEP][PASSED] - cupakeysDl.sclstruct.scalestructure: cupakeysDl.sclstruct.scalestructure is PASSED

2018-03-06 06:29:47 - [MESSAGE][WARNING] - Object 'Object Repository/CuPaDl/Structure/Resize_Structure_bottomright' is not visible after 3 second(s)

2018-03-06 06:29:48 - [MESSAGE][PASSED] - Object: 'Object Repository/CuPaDl/Structure/Resize_Structure' is clicked on

2018-03-06 06:29:48 - [MESSAGE][WARNING] - Timeout '0' is invalid. Using default page load timeout: '30'

2018-03-06 06:29:48 - [MESSAGE][PASSED] - Object 'Object Repository/CuPaDl/Structure/Resize_Structure_bottomright' is visible

2018-03-06 06:29:49 - [MESSAGE][PASSED] - Delayed 1 second(s)

2018-03-06 06:29:49 - [MESSAGE][PASSED] - Current viewport's left (x) position is 0

2018-03-06 06:29:49 - [MESSAGE][PASSED] - Current viewport's top (y) position is 54

2018-03-06 06:29:49 - [MESSAGE][PASSED] - Dragged object with id 'Object Repository/CuPaDl/Structure/Resize_Structure_bottomright' by offset distance x = -225 and y = -171 successfully

2018-03-06 06:29:50 - [MESSAGE][PASSED] - Object 'Object Repository/CuPaDl/Loading_indicator' is visible

2018-03-06 06:29:53 - [MESSAGE][PASSED] - Object 'Object Repository/CuPaDl/Loading_indicator' is NOT visible

2018-03-06 06:29:54 - [MESSAGE][PASSED] - Delayed 1 second(s)

2018-03-06 06:29:54 - [MESSAGE][PASSED] - cupakeysDl.sclstruct.scalestructure is PASSED

2018-03-06 06:29:54 - [TEST_STEP][PASSED] - Statement - (step++): null

2018-03-06 06:29:54 - [TEST_STEP][PASSED] - Statement - iconmap += CustomKeywords.cupakeysDl.iconad.iconadd("hangloose", LoadTimeCorrector, step, run, device, timeStamp, iconcount): cupakeysDl.iconad.iconadd is PASSED

2018-03-06 06:29:54 - [MESSAGE][PASSED] - Object: 'Object Repository/CuPaDl/Icons/Icon' is clicked on

2018-03-06 06:29:54 - [MESSAGE][PASSED] - Object 'Object Repository/CuPaDl/Icons/Icon_hangloose' is visible

2018-03-06 06:29:54 - [MESSAGE][PASSED] - Object: 'Object Repository/CuPaDl/Icons/Icon_hangloose' is clicked on

2018-03-06 06:29:55 - [MESSAGE][PASSED] - Delayed 1 second(s)

2018-03-06 06:29:55 - [MESSAGE][PASSED] - Object 'Object Repository/CuPaDl/Loading_indicator' is visible

2018-03-06 06:30:00 - [MESSAGE][PASSED] - Object 'Object Repository/CuPaDl/Loading_indicator' is NOT visible

2018-03-06 06:30:00 - [MESSAGE][WARNING] - Timeout '0' is invalid. Using default page load timeout: '30'

2018-03-06 06:30:00 - [MESSAGE][PASSED] - Width of element 'Object Repository/CuPaDl/Icons/Reposition_icon' is '40'

2018-03-06 06:30:00 - [MESSAGE][PASSED] - Height of element 'Object Repository/CuPaDl/Icons/Reposition_icon' is '40'.

2018-03-06 06:30:01 - [MESSAGE][PASSED] - Delayed 1 second(s)

2018-03-06 06:30:01 - [MESSAGE][PASSED] - cupakeysDl.iconad.iconadd is PASSED

2018-03-06 06:30:01 - [TEST_STEP][PASSED] - Statement - (step++): null

2018-03-06 06:30:01 - [TEST_STEP][PASSED] - Statement - (iconcount++): null

2018-03-06 06:30:01 - [TEST_STEP][PASSED] - cupakeysDl.iconres.iconresize: cupakeysDl.iconres.iconresize is PASSED

2018-03-06 06:30:01 - [MESSAGE][PASSED] - Object 'Object Repository/CuPaDl/Icons/Reposition_icon' is visible

2018-03-06 06:30:01 - [MESSAGE][PASSED] - Current viewport's left (x) position is 0

2018-03-06 06:30:01 - [MESSAGE][PASSED] - Current viewport's top (y) position is 54

2018-03-06 06:30:01 - [MESSAGE][PASSED] - Dragged object with id 'Object Repository/CuPaDl/Icons/Resize_icon_bottomright' by offset distance x = -125 and y = -71 successfully

2018-03-06 06:30:02 - [MESSAGE][PASSED] - Object 'Object Repository/CuPaDl/Loading_indicator' is visible

2018-03-06 06:30:06 - [MESSAGE][PASSED] - Object 'Object Repository/CuPaDl/Loading_indicator' is NOT visible

2018-03-06 06:30:07 - [MESSAGE][PASSED] - Delayed 1 second(s)

2018-03-06 06:30:07 - [MESSAGE][PASSED] - cupakeysDl.iconres.iconresize is PASSED

2018-03-06 06:30:07 - [TEST_STEP][PASSED] - Statement - (step++): null

2018-03-06 06:30:07 - [TEST_STEP][PASSED] - cupakeysDl.slink.svlink: cupakeysDl.slink.svlink is PASSED

2018-03-06 06:30:07 - [MESSAGE][PASSED] - Scroll to object 'Object Repository/CuPaDl/Save/Save' successfully

2018-03-06 06:30:07 - [MESSAGE][PASSED] - Object: 'Object Repository/CuPaDl/Save/Save' is clicked on

2018-03-06 06:30:07 - [MESSAGE][WARNING] - Timeout '0' is invalid. Using default page load timeout: '30'

2018-03-06 06:30:08 - [MESSAGE][PASSED] - Object 'Object Repository/CuPaDl/Save/CopyLink' is visible

2018-03-06 06:30:08 - [MESSAGE][PASSED] - Object: 'Object Repository/CuPaDl/Save/CopyLink' is clicked on

2018-03-06 06:30:09 - [MESSAGE][PASSED] - Delayed 1 second(s)

2018-03-06 06:30:09 - [MESSAGE][PASSED] - Object: 'Object Repository/CuPaDl/Save/Close' is clicked on

2018-03-06 06:30:10 - [MESSAGE][PASSED] - Delayed 1 second(s)

2018-03-06 06:30:10 - [MESSAGE][PASSED] - cupakeysDl.slink.svlink is PASSED

2018-03-06 06:30:10 - [TEST_STEP][PASSED] - cupakeysDl.endsession.finishsession: cupakeysDl.endsession.finishsession is PASSED

2018-03-06 06:30:13 - [MESSAGE][PASSED] - Delayed 3 second(s)

2018-03-06 06:30:13 - [MESSAGE][PASSED] - Browser is closed

2018-03-06 06:30:13 - [MESSAGE][PASSED] - cupakeysDl.endsession.finishsession is PASSED]]></system-out>
         <system-err><![CDATA[]]></system-err>
      </testcase>
      <testcase name="Test Cases/CuPaStefanie/28" classname="Test Cases/CuPaStefanie/28" status="PASSED">
         <system-out><![CDATA[2018-03-06 06:30:13 - [TEST_CASE][PASSED] - Test Cases/CuPaStefanie/28: Test Cases/CuPaStefanie/28

2018-03-06 06:30:14 - [TEST_STEP][PASSED] - Statement - timeStamp = new java.text.SimpleDateFormat(dd.MM.yyyy).format(java.util.Calendar.getInstance().getTime()): null

2018-03-06 06:30:14 - [TEST_STEP][PASSED] - Statement - timeStampScreenshot = new java.text.SimpleDateFormat(dd.MM.yyyy).format(java.util.Calendar.getInstance().getTime()): null

2018-03-06 06:30:14 - [TEST_STEP][PASSED] - Statement - iconmap = [:]: null

2018-03-06 06:30:14 - [TEST_STEP][PASSED] - Statement - txtmap = [:]: null

2018-03-06 06:30:14 - [TEST_STEP][PASSED] - Statement - signmap = [:]: null

2018-03-06 06:30:14 - [TEST_STEP][PASSED] - cupakeysDl.initStart.initialStart: cupakeysDl.initStart.initialStart is PASSED

2018-03-06 06:30:16 - [MESSAGE][PASSED] - Browser is opened with url: ''

2018-03-06 06:30:19 - [MESSAGE][PASSED] - Delayed 3 second(s)

2018-03-06 06:30:20 - [MESSAGE][PASSED] - Navigate to 'https://d16a4dsnr8a0k1.cloudfront.net/en/2455233.html?price=150.00%20%E2%82%AC&partName=wilsonPartName&vin=wilsonVin&modelCode=XP11&paint=P0A94&modelDescription=wilsonModelDescription&additionalEquipment=wilsonAdditionalEquipment' successfully

2018-03-06 06:30:20 - [MESSAGE][PASSED] - Object 'Object Repository/CuPaDl/Loading_indicator' is visible

2018-03-06 06:30:24 - [MESSAGE][PASSED] - Object 'Object Repository/CuPaDl/Loading_indicator' is NOT visible

2018-03-06 06:30:25 - [MESSAGE][PASSED] - Delayed 1 second(s)

2018-03-06 06:30:25 - [MESSAGE][PASSED] - cupakeysDl.initStart.initialStart is PASSED

2018-03-06 06:30:25 - [TEST_STEP][PASSED] - Statement - (step++): null

2018-03-06 06:30:25 - [TEST_STEP][PASSED] - cupakeysDl.color.changecolor: cupakeysDl.color.changecolor is PASSED

2018-03-06 06:30:25 - [MESSAGE][PASSED] - Object 'Object Repository/CuPaDl/Color/Color' is visible

2018-03-06 06:30:25 - [MESSAGE][PASSED] - Object: 'Object Repository/CuPaDl/Color/Color' is clicked on

2018-03-06 06:30:26 - [MESSAGE][PASSED] - Delayed 1 second(s)

2018-03-06 06:30:26 - [MESSAGE][PASSED] - Object 'Object Repository/CuPaDl/Color/Color_moonwalkgrey' is visible

2018-03-06 06:30:26 - [MESSAGE][PASSED] - Object: 'Object Repository/CuPaDl/Color/Color_moonwalkgrey' is clicked on

2018-03-06 06:30:26 - [MESSAGE][WARNING] - Timeout '0' is invalid. Using default page load timeout: '30'

2018-03-06 06:30:26 - [MESSAGE][PASSED] - Object 'Object Repository/CuPaDl/Color/Color_moonwalkgrey' is visible

2018-03-06 06:30:27 - [MESSAGE][PASSED] - Delayed 1 second(s)

2018-03-06 06:30:27 - [MESSAGE][PASSED] - Object: 'Object Repository/CuPaDl/Color/Color_moonwalkgrey' is clicked on

2018-03-06 06:30:30 - [MESSAGE][WARNING] - Object 'Object Repository/CuPaDl/Loading_indicator' is not visible after 3 second(s)

2018-03-06 06:30:31 - [MESSAGE][PASSED] - Delayed 1 second(s)

2018-03-06 06:30:31 - [MESSAGE][PASSED] - cupakeysDl.color.changecolor is PASSED

2018-03-06 06:30:31 - [TEST_STEP][PASSED] - Statement - (step++): null

2018-03-06 06:30:31 - [TEST_STEP][PASSED] - cupakeysDl.chngstruct.changestructure: cupakeysDl.chngstruct.changestructure is PASSED

2018-03-06 06:30:31 - [MESSAGE][PASSED] - Object: 'Object Repository/CuPaDl/Structure/Structure' is clicked on

2018-03-06 06:30:31 - [MESSAGE][WARNING] - Timeout '0' is invalid. Using default page load timeout: '30'

2018-03-06 06:30:31 - [MESSAGE][PASSED] - Object 'Object Repository/CuPaDl/Structure/Structure_Hahnentritt' is visible

2018-03-06 06:30:31 - [MESSAGE][PASSED] - Object 'Object Repository/CuPaDl/Structure/Structure_fadequadrop' is visible

2018-03-06 06:30:31 - [MESSAGE][PASSED] - Object: 'Object Repository/CuPaDl/Structure/Structure_fadequadrop' is clicked on

2018-03-06 06:30:32 - [MESSAGE][PASSED] - Object 'Object Repository/CuPaDl/Loading_indicator' is visible

2018-03-06 06:30:36 - [MESSAGE][PASSED] - Object 'Object Repository/CuPaDl/Loading_indicator' is NOT visible

2018-03-06 06:30:37 - [MESSAGE][PASSED] - Delayed 1 second(s)

2018-03-06 06:30:37 - [MESSAGE][PASSED] - cupakeysDl.chngstruct.changestructure is PASSED

2018-03-06 06:30:37 - [TEST_STEP][PASSED] - Statement - (step++): null

2018-03-06 06:30:37 - [TEST_STEP][PASSED] - cupakeysDl.sclstruct.scalestructure: cupakeysDl.sclstruct.scalestructure is PASSED

2018-03-06 06:30:40 - [MESSAGE][WARNING] - Object 'Object Repository/CuPaDl/Structure/Resize_Structure_bottomright' is not visible after 3 second(s)

2018-03-06 06:30:40 - [MESSAGE][PASSED] - Object: 'Object Repository/CuPaDl/Structure/Resize_Structure' is clicked on

2018-03-06 06:30:40 - [MESSAGE][WARNING] - Timeout '0' is invalid. Using default page load timeout: '30'

2018-03-06 06:30:40 - [MESSAGE][PASSED] - Object 'Object Repository/CuPaDl/Structure/Resize_Structure_bottomright' is visible

2018-03-06 06:30:41 - [MESSAGE][PASSED] - Delayed 1 second(s)

2018-03-06 06:30:41 - [MESSAGE][PASSED] - Current viewport's left (x) position is 0

2018-03-06 06:30:41 - [MESSAGE][PASSED] - Current viewport's top (y) position is 54

2018-03-06 06:30:41 - [MESSAGE][PASSED] - Dragged object with id 'Object Repository/CuPaDl/Structure/Resize_Structure_bottomright' by offset distance x = 225 and y = 279 successfully

2018-03-06 06:30:42 - [MESSAGE][PASSED] - Object 'Object Repository/CuPaDl/Loading_indicator' is visible

2018-03-06 06:30:45 - [MESSAGE][PASSED] - Object 'Object Repository/CuPaDl/Loading_indicator' is NOT visible

2018-03-06 06:30:46 - [MESSAGE][PASSED] - Delayed 1 second(s)

2018-03-06 06:30:46 - [MESSAGE][PASSED] - cupakeysDl.sclstruct.scalestructure is PASSED

2018-03-06 06:30:46 - [TEST_STEP][PASSED] - Statement - (step++): null

2018-03-06 06:30:46 - [TEST_STEP][PASSED] - Statement - iconmap += CustomKeywords.cupakeysDl.iconad.iconadd("hangloose", LoadTimeCorrector, step, run, device, timeStamp, iconcount): cupakeysDl.iconad.iconadd is PASSED

2018-03-06 06:30:46 - [MESSAGE][PASSED] - Object: 'Object Repository/CuPaDl/Icons/Icon' is clicked on

2018-03-06 06:30:46 - [MESSAGE][PASSED] - Object 'Object Repository/CuPaDl/Icons/Icon_hangloose' is visible

2018-03-06 06:30:46 - [MESSAGE][PASSED] - Object: 'Object Repository/CuPaDl/Icons/Icon_hangloose' is clicked on

2018-03-06 06:30:47 - [MESSAGE][PASSED] - Delayed 1 second(s)

2018-03-06 06:30:47 - [MESSAGE][PASSED] - Object 'Object Repository/CuPaDl/Loading_indicator' is visible

2018-03-06 06:30:51 - [MESSAGE][PASSED] - Object 'Object Repository/CuPaDl/Loading_indicator' is NOT visible

2018-03-06 06:30:51 - [MESSAGE][WARNING] - Timeout '0' is invalid. Using default page load timeout: '30'

2018-03-06 06:30:51 - [MESSAGE][PASSED] - Width of element 'Object Repository/CuPaDl/Icons/Reposition_icon' is '40'

2018-03-06 06:30:51 - [MESSAGE][PASSED] - Height of element 'Object Repository/CuPaDl/Icons/Reposition_icon' is '40'.

2018-03-06 06:30:52 - [MESSAGE][PASSED] - Delayed 1 second(s)

2018-03-06 06:30:52 - [MESSAGE][PASSED] - cupakeysDl.iconad.iconadd is PASSED

2018-03-06 06:30:52 - [TEST_STEP][PASSED] - Statement - (step++): null

2018-03-06 06:30:52 - [TEST_STEP][PASSED] - Statement - (iconcount++): null

2018-03-06 06:30:52 - [TEST_STEP][PASSED] - cupakeysDl.iconres.iconresize: cupakeysDl.iconres.iconresize is PASSED

2018-03-06 06:30:52 - [MESSAGE][PASSED] - Object 'Object Repository/CuPaDl/Icons/Reposition_icon' is visible

2018-03-06 06:30:52 - [MESSAGE][PASSED] - Current viewport's left (x) position is 0

2018-03-06 06:30:52 - [MESSAGE][PASSED] - Current viewport's top (y) position is 54

2018-03-06 06:30:53 - [MESSAGE][PASSED] - Dragged object with id 'Object Repository/CuPaDl/Icons/Resize_icon_bottomright' by offset distance x = 125 and y = 179 successfully

2018-03-06 06:30:54 - [MESSAGE][PASSED] - Object 'Object Repository/CuPaDl/Loading_indicator' is visible

2018-03-06 06:30:58 - [MESSAGE][PASSED] - Object 'Object Repository/CuPaDl/Loading_indicator' is NOT visible

2018-03-06 06:30:59 - [MESSAGE][PASSED] - Delayed 1 second(s)

2018-03-06 06:30:59 - [MESSAGE][PASSED] - cupakeysDl.iconres.iconresize is PASSED

2018-03-06 06:30:59 - [TEST_STEP][PASSED] - Statement - (step++): null

2018-03-06 06:30:59 - [TEST_STEP][PASSED] - cupakeysDl.slink.svlink: cupakeysDl.slink.svlink is PASSED

2018-03-06 06:30:59 - [MESSAGE][PASSED] - Scroll to object 'Object Repository/CuPaDl/Save/Save' successfully

2018-03-06 06:30:59 - [MESSAGE][PASSED] - Object: 'Object Repository/CuPaDl/Save/Save' is clicked on

2018-03-06 06:30:59 - [MESSAGE][WARNING] - Timeout '0' is invalid. Using default page load timeout: '30'

2018-03-06 06:31:00 - [MESSAGE][PASSED] - Object 'Object Repository/CuPaDl/Save/CopyLink' is visible

2018-03-06 06:31:00 - [MESSAGE][PASSED] - Object: 'Object Repository/CuPaDl/Save/CopyLink' is clicked on

2018-03-06 06:31:01 - [MESSAGE][PASSED] - Delayed 1 second(s)

2018-03-06 06:31:01 - [MESSAGE][PASSED] - Object: 'Object Repository/CuPaDl/Save/Close' is clicked on

2018-03-06 06:31:02 - [MESSAGE][PASSED] - Delayed 1 second(s)

2018-03-06 06:31:02 - [MESSAGE][PASSED] - cupakeysDl.slink.svlink is PASSED

2018-03-06 06:31:02 - [TEST_STEP][PASSED] - cupakeysDl.endsession.finishsession: cupakeysDl.endsession.finishsession is PASSED

2018-03-06 06:31:05 - [MESSAGE][PASSED] - Delayed 3 second(s)

2018-03-06 06:31:06 - [MESSAGE][PASSED] - Browser is closed

2018-03-06 06:31:06 - [MESSAGE][PASSED] - cupakeysDl.endsession.finishsession is PASSED]]></system-out>
         <system-err><![CDATA[]]></system-err>
      </testcase>
      <testcase name="Test Cases/CuPaStefanie/29" classname="Test Cases/CuPaStefanie/29" status="PASSED">
         <system-out><![CDATA[2018-03-06 06:31:06 - [TEST_CASE][PASSED] - Test Cases/CuPaStefanie/29: Test Cases/CuPaStefanie/29

2018-03-06 06:31:06 - [TEST_STEP][PASSED] - Statement - timeStamp = new java.text.SimpleDateFormat(dd.MM.yyyy).format(java.util.Calendar.getInstance().getTime()): null

2018-03-06 06:31:06 - [TEST_STEP][PASSED] - Statement - timeStampScreenshot = new java.text.SimpleDateFormat(dd.MM.yyyy).format(java.util.Calendar.getInstance().getTime()): null

2018-03-06 06:31:06 - [TEST_STEP][PASSED] - Statement - iconmap = [:]: null

2018-03-06 06:31:06 - [TEST_STEP][PASSED] - Statement - txtmap = [:]: null

2018-03-06 06:31:06 - [TEST_STEP][PASSED] - Statement - signmap = [:]: null

2018-03-06 06:31:06 - [TEST_STEP][PASSED] - cupakeysDl.initStart.initialStart: cupakeysDl.initStart.initialStart is PASSED

2018-03-06 06:31:08 - [MESSAGE][PASSED] - Browser is opened with url: ''

2018-03-06 06:31:11 - [MESSAGE][PASSED] - Delayed 3 second(s)

2018-03-06 06:31:12 - [MESSAGE][PASSED] - Navigate to 'https://d16a4dsnr8a0k1.cloudfront.net/en/2455233.html?price=150.00%20%E2%82%AC&partName=wilsonPartName&vin=wilsonVin&modelCode=XP11&paint=P0A94&modelDescription=wilsonModelDescription&additionalEquipment=wilsonAdditionalEquipment' successfully

2018-03-06 06:31:12 - [MESSAGE][PASSED] - Object 'Object Repository/CuPaDl/Loading_indicator' is visible

2018-03-06 06:31:16 - [MESSAGE][PASSED] - Object 'Object Repository/CuPaDl/Loading_indicator' is NOT visible

2018-03-06 06:31:17 - [MESSAGE][PASSED] - Delayed 1 second(s)

2018-03-06 06:31:17 - [MESSAGE][PASSED] - cupakeysDl.initStart.initialStart is PASSED

2018-03-06 06:31:17 - [TEST_STEP][PASSED] - Statement - (step++): null

2018-03-06 06:31:17 - [TEST_STEP][PASSED] - cupakeysDl.color.changecolor: cupakeysDl.color.changecolor is PASSED

2018-03-06 06:31:17 - [MESSAGE][PASSED] - Object 'Object Repository/CuPaDl/Color/Color' is visible

2018-03-06 06:31:17 - [MESSAGE][PASSED] - Object: 'Object Repository/CuPaDl/Color/Color' is clicked on

2018-03-06 06:31:18 - [MESSAGE][PASSED] - Delayed 1 second(s)

2018-03-06 06:31:18 - [MESSAGE][PASSED] - Object 'Object Repository/CuPaDl/Color/Color_thundergrey' is visible

2018-03-06 06:31:18 - [MESSAGE][PASSED] - Object: 'Object Repository/CuPaDl/Color/Color_thundergrey' is clicked on

2018-03-06 06:31:18 - [MESSAGE][WARNING] - Timeout '0' is invalid. Using default page load timeout: '30'

2018-03-06 06:31:18 - [MESSAGE][PASSED] - Object 'Object Repository/CuPaDl/Color/Color_thundergrey' is visible

2018-03-06 06:31:19 - [MESSAGE][PASSED] - Delayed 1 second(s)

2018-03-06 06:31:19 - [MESSAGE][PASSED] - Object: 'Object Repository/CuPaDl/Color/Color_thundergrey' is clicked on

2018-03-06 06:31:22 - [MESSAGE][WARNING] - Object 'Object Repository/CuPaDl/Loading_indicator' is not visible after 3 second(s)

2018-03-06 06:31:23 - [MESSAGE][PASSED] - Delayed 1 second(s)

2018-03-06 06:31:23 - [MESSAGE][PASSED] - cupakeysDl.color.changecolor is PASSED

2018-03-06 06:31:23 - [TEST_STEP][PASSED] - Statement - (step++): null

2018-03-06 06:31:23 - [TEST_STEP][PASSED] - cupakeysDl.chngstruct.changestructure: cupakeysDl.chngstruct.changestructure is PASSED

2018-03-06 06:31:24 - [MESSAGE][PASSED] - Object: 'Object Repository/CuPaDl/Structure/Structure' is clicked on

2018-03-06 06:31:24 - [MESSAGE][WARNING] - Timeout '0' is invalid. Using default page load timeout: '30'

2018-03-06 06:31:24 - [MESSAGE][PASSED] - Object 'Object Repository/CuPaDl/Structure/Structure_Hahnentritt' is visible

2018-03-06 06:31:24 - [MESSAGE][PASSED] - Object 'Object Repository/CuPaDl/Structure/Structure_fadedrop' is visible

2018-03-06 06:31:24 - [MESSAGE][PASSED] - Object: 'Object Repository/CuPaDl/Structure/Structure_fadedrop' is clicked on

2018-03-06 06:31:25 - [MESSAGE][PASSED] - Object 'Object Repository/CuPaDl/Loading_indicator' is visible

2018-03-06 06:31:30 - [MESSAGE][PASSED] - Object 'Object Repository/CuPaDl/Loading_indicator' is NOT visible

2018-03-06 06:31:31 - [MESSAGE][PASSED] - Delayed 1 second(s)

2018-03-06 06:31:31 - [MESSAGE][PASSED] - cupakeysDl.chngstruct.changestructure is PASSED

2018-03-06 06:31:31 - [TEST_STEP][PASSED] - Statement - (step++): null

2018-03-06 06:31:31 - [TEST_STEP][PASSED] - cupakeysDl.sclstruct.scalestructure: cupakeysDl.sclstruct.scalestructure is PASSED

2018-03-06 06:31:34 - [MESSAGE][WARNING] - Object 'Object Repository/CuPaDl/Structure/Resize_Structure_bottomright' is not visible after 3 second(s)

2018-03-06 06:31:34 - [MESSAGE][PASSED] - Object: 'Object Repository/CuPaDl/Structure/Resize_Structure' is clicked on

2018-03-06 06:31:34 - [MESSAGE][WARNING] - Timeout '0' is invalid. Using default page load timeout: '30'

2018-03-06 06:31:34 - [MESSAGE][PASSED] - Object 'Object Repository/CuPaDl/Structure/Resize_Structure_bottomright' is visible

2018-03-06 06:31:35 - [MESSAGE][PASSED] - Delayed 1 second(s)

2018-03-06 06:31:35 - [MESSAGE][PASSED] - Current viewport's left (x) position is 0

2018-03-06 06:31:35 - [MESSAGE][PASSED] - Current viewport's top (y) position is 54

2018-03-06 06:31:35 - [MESSAGE][PASSED] - Dragged object with id 'Object Repository/CuPaDl/Structure/Resize_Structure_bottomright' by offset distance x = -225 and y = -171 successfully

2018-03-06 06:31:36 - [MESSAGE][PASSED] - Object 'Object Repository/CuPaDl/Loading_indicator' is visible

2018-03-06 06:31:42 - [MESSAGE][PASSED] - Object 'Object Repository/CuPaDl/Loading_indicator' is NOT visible

2018-03-06 06:31:43 - [MESSAGE][PASSED] - Delayed 1 second(s)

2018-03-06 06:31:43 - [MESSAGE][PASSED] - cupakeysDl.sclstruct.scalestructure is PASSED

2018-03-06 06:31:43 - [TEST_STEP][PASSED] - Statement - (step++): null

2018-03-06 06:31:43 - [TEST_STEP][PASSED] - Statement - iconmap += CustomKeywords.cupakeysDl.iconad.iconadd("wave", LoadTimeCorrector, step, run, device, timeStamp, iconcount): cupakeysDl.iconad.iconadd is PASSED

2018-03-06 06:31:43 - [MESSAGE][PASSED] - Object: 'Object Repository/CuPaDl/Icons/Icon' is clicked on

2018-03-06 06:31:43 - [MESSAGE][PASSED] - Object 'Object Repository/CuPaDl/Icons/Icon_wave' is visible

2018-03-06 06:31:43 - [MESSAGE][PASSED] - Object: 'Object Repository/CuPaDl/Icons/Icon_wave' is clicked on

2018-03-06 06:31:44 - [MESSAGE][PASSED] - Delayed 1 second(s)

2018-03-06 06:31:44 - [MESSAGE][PASSED] - Object 'Object Repository/CuPaDl/Loading_indicator' is visible

2018-03-06 06:31:50 - [MESSAGE][PASSED] - Object 'Object Repository/CuPaDl/Loading_indicator' is NOT visible

2018-03-06 06:31:50 - [MESSAGE][WARNING] - Timeout '0' is invalid. Using default page load timeout: '30'

2018-03-06 06:31:50 - [MESSAGE][PASSED] - Width of element 'Object Repository/CuPaDl/Icons/Reposition_icon' is '40'

2018-03-06 06:31:50 - [MESSAGE][PASSED] - Height of element 'Object Repository/CuPaDl/Icons/Reposition_icon' is '40'.

2018-03-06 06:31:51 - [MESSAGE][PASSED] - Delayed 1 second(s)

2018-03-06 06:31:51 - [MESSAGE][PASSED] - cupakeysDl.iconad.iconadd is PASSED

2018-03-06 06:31:51 - [TEST_STEP][PASSED] - Statement - (step++): null

2018-03-06 06:31:51 - [TEST_STEP][PASSED] - Statement - (iconcount++): null

2018-03-06 06:31:51 - [TEST_STEP][PASSED] - cupakeysDl.iconres.iconresize: cupakeysDl.iconres.iconresize is PASSED

2018-03-06 06:31:51 - [MESSAGE][PASSED] - Object 'Object Repository/CuPaDl/Icons/Reposition_icon' is visible

2018-03-06 06:31:51 - [MESSAGE][PASSED] - Current viewport's left (x) position is 0

2018-03-06 06:31:51 - [MESSAGE][PASSED] - Current viewport's top (y) position is 54

2018-03-06 06:31:51 - [MESSAGE][PASSED] - Dragged object with id 'Object Repository/CuPaDl/Icons/Resize_icon_bottomright' by offset distance x = -125 and y = -71 successfully

2018-03-06 06:31:52 - [MESSAGE][PASSED] - Object 'Object Repository/CuPaDl/Loading_indicator' is visible

2018-03-06 06:31:58 - [MESSAGE][PASSED] - Object 'Object Repository/CuPaDl/Loading_indicator' is NOT visible

2018-03-06 06:31:59 - [MESSAGE][PASSED] - Delayed 1 second(s)

2018-03-06 06:31:59 - [MESSAGE][PASSED] - cupakeysDl.iconres.iconresize is PASSED

2018-03-06 06:31:59 - [TEST_STEP][PASSED] - Statement - (step++): null

2018-03-06 06:31:59 - [TEST_STEP][PASSED] - cupakeysDl.slink.svlink: cupakeysDl.slink.svlink is PASSED

2018-03-06 06:31:59 - [MESSAGE][PASSED] - Scroll to object 'Object Repository/CuPaDl/Save/Save' successfully

2018-03-06 06:31:59 - [MESSAGE][PASSED] - Object: 'Object Repository/CuPaDl/Save/Save' is clicked on

2018-03-06 06:31:59 - [MESSAGE][WARNING] - Timeout '0' is invalid. Using default page load timeout: '30'

2018-03-06 06:31:59 - [MESSAGE][PASSED] - Object 'Object Repository/CuPaDl/Save/CopyLink' is visible

2018-03-06 06:31:59 - [MESSAGE][PASSED] - Object: 'Object Repository/CuPaDl/Save/CopyLink' is clicked on

2018-03-06 06:32:00 - [MESSAGE][PASSED] - Delayed 1 second(s)

2018-03-06 06:32:01 - [MESSAGE][PASSED] - Object: 'Object Repository/CuPaDl/Save/Close' is clicked on

2018-03-06 06:32:02 - [MESSAGE][PASSED] - Delayed 1 second(s)

2018-03-06 06:32:02 - [MESSAGE][PASSED] - cupakeysDl.slink.svlink is PASSED

2018-03-06 06:32:02 - [TEST_STEP][PASSED] - cupakeysDl.endsession.finishsession: cupakeysDl.endsession.finishsession is PASSED

2018-03-06 06:32:05 - [MESSAGE][PASSED] - Delayed 3 second(s)

2018-03-06 06:32:05 - [MESSAGE][PASSED] - Browser is closed

2018-03-06 06:32:05 - [MESSAGE][PASSED] - cupakeysDl.endsession.finishsession is PASSED]]></system-out>
         <system-err><![CDATA[]]></system-err>
      </testcase>
      <testcase name="Test Cases/CuPaStefanie/30" classname="Test Cases/CuPaStefanie/30" status="PASSED">
         <system-out><![CDATA[2018-03-06 06:32:05 - [TEST_CASE][PASSED] - Test Cases/CuPaStefanie/30: Test Cases/CuPaStefanie/30

2018-03-06 06:32:05 - [TEST_STEP][PASSED] - Statement - timeStamp = new java.text.SimpleDateFormat(dd.MM.yyyy).format(java.util.Calendar.getInstance().getTime()): null

2018-03-06 06:32:05 - [TEST_STEP][PASSED] - Statement - timeStampScreenshot = new java.text.SimpleDateFormat(dd.MM.yyyy).format(java.util.Calendar.getInstance().getTime()): null

2018-03-06 06:32:05 - [TEST_STEP][PASSED] - Statement - iconmap = [:]: null

2018-03-06 06:32:05 - [TEST_STEP][PASSED] - Statement - txtmap = [:]: null

2018-03-06 06:32:05 - [TEST_STEP][PASSED] - Statement - signmap = [:]: null

2018-03-06 06:32:05 - [TEST_STEP][PASSED] - cupakeysDl.initStart.initialStart: cupakeysDl.initStart.initialStart is PASSED

2018-03-06 06:32:07 - [MESSAGE][PASSED] - Browser is opened with url: ''

2018-03-06 06:32:10 - [MESSAGE][PASSED] - Delayed 3 second(s)

2018-03-06 06:32:12 - [MESSAGE][PASSED] - Navigate to 'https://d16a4dsnr8a0k1.cloudfront.net/en/2455233.html?price=150.00%20%E2%82%AC&partName=wilsonPartName&vin=wilsonVin&modelCode=XP11&paint=P0A94&modelDescription=wilsonModelDescription&additionalEquipment=wilsonAdditionalEquipment' successfully

2018-03-06 06:32:12 - [MESSAGE][PASSED] - Object 'Object Repository/CuPaDl/Loading_indicator' is visible

2018-03-06 06:32:16 - [MESSAGE][PASSED] - Object 'Object Repository/CuPaDl/Loading_indicator' is NOT visible

2018-03-06 06:32:17 - [MESSAGE][PASSED] - Delayed 1 second(s)

2018-03-06 06:32:17 - [MESSAGE][PASSED] - cupakeysDl.initStart.initialStart is PASSED

2018-03-06 06:32:17 - [TEST_STEP][PASSED] - Statement - (step++): null

2018-03-06 06:32:17 - [TEST_STEP][PASSED] - cupakeysDl.color.changecolor: cupakeysDl.color.changecolor is PASSED

2018-03-06 06:32:17 - [MESSAGE][PASSED] - Object 'Object Repository/CuPaDl/Color/Color' is visible

2018-03-06 06:32:17 - [MESSAGE][PASSED] - Object: 'Object Repository/CuPaDl/Color/Color' is clicked on

2018-03-06 06:32:18 - [MESSAGE][PASSED] - Delayed 1 second(s)

2018-03-06 06:32:18 - [MESSAGE][PASSED] - Object 'Object Repository/CuPaDl/Color/Color_thundergrey' is visible

2018-03-06 06:32:18 - [MESSAGE][PASSED] - Object: 'Object Repository/CuPaDl/Color/Color_thundergrey' is clicked on

2018-03-06 06:32:18 - [MESSAGE][WARNING] - Timeout '0' is invalid. Using default page load timeout: '30'

2018-03-06 06:32:18 - [MESSAGE][PASSED] - Object 'Object Repository/CuPaDl/Color/Color_thundergrey' is visible

2018-03-06 06:32:19 - [MESSAGE][PASSED] - Delayed 1 second(s)

2018-03-06 06:32:19 - [MESSAGE][PASSED] - Object: 'Object Repository/CuPaDl/Color/Color_thundergrey' is clicked on

2018-03-06 06:32:22 - [MESSAGE][WARNING] - Object 'Object Repository/CuPaDl/Loading_indicator' is not visible after 3 second(s)

2018-03-06 06:32:23 - [MESSAGE][PASSED] - Delayed 1 second(s)

2018-03-06 06:32:23 - [MESSAGE][PASSED] - cupakeysDl.color.changecolor is PASSED

2018-03-06 06:32:23 - [TEST_STEP][PASSED] - Statement - (step++): null

2018-03-06 06:32:23 - [TEST_STEP][PASSED] - cupakeysDl.chngstruct.changestructure: cupakeysDl.chngstruct.changestructure is PASSED

2018-03-06 06:32:23 - [MESSAGE][PASSED] - Object: 'Object Repository/CuPaDl/Structure/Structure' is clicked on

2018-03-06 06:32:23 - [MESSAGE][WARNING] - Timeout '0' is invalid. Using default page load timeout: '30'

2018-03-06 06:32:23 - [MESSAGE][PASSED] - Object 'Object Repository/CuPaDl/Structure/Structure_Hahnentritt' is visible

2018-03-06 06:32:24 - [MESSAGE][PASSED] - Object 'Object Repository/CuPaDl/Structure/Structure_fadedrop' is visible

2018-03-06 06:32:24 - [MESSAGE][PASSED] - Object: 'Object Repository/CuPaDl/Structure/Structure_fadedrop' is clicked on

2018-03-06 06:32:25 - [MESSAGE][PASSED] - Object 'Object Repository/CuPaDl/Loading_indicator' is visible

2018-03-06 06:32:30 - [MESSAGE][PASSED] - Object 'Object Repository/CuPaDl/Loading_indicator' is NOT visible

2018-03-06 06:32:31 - [MESSAGE][PASSED] - Delayed 1 second(s)

2018-03-06 06:32:31 - [MESSAGE][PASSED] - cupakeysDl.chngstruct.changestructure is PASSED

2018-03-06 06:32:31 - [TEST_STEP][PASSED] - Statement - (step++): null

2018-03-06 06:32:31 - [TEST_STEP][PASSED] - cupakeysDl.sclstruct.scalestructure: cupakeysDl.sclstruct.scalestructure is PASSED

2018-03-06 06:32:34 - [MESSAGE][WARNING] - Object 'Object Repository/CuPaDl/Structure/Resize_Structure_bottomright' is not visible after 3 second(s)

2018-03-06 06:32:34 - [MESSAGE][PASSED] - Object: 'Object Repository/CuPaDl/Structure/Resize_Structure' is clicked on

2018-03-06 06:32:34 - [MESSAGE][WARNING] - Timeout '0' is invalid. Using default page load timeout: '30'

2018-03-06 06:32:34 - [MESSAGE][PASSED] - Object 'Object Repository/CuPaDl/Structure/Resize_Structure_bottomright' is visible

2018-03-06 06:32:35 - [MESSAGE][PASSED] - Delayed 1 second(s)

2018-03-06 06:32:35 - [MESSAGE][PASSED] - Current viewport's left (x) position is 0

2018-03-06 06:32:35 - [MESSAGE][PASSED] - Current viewport's top (y) position is 54

2018-03-06 06:32:35 - [MESSAGE][PASSED] - Dragged object with id 'Object Repository/CuPaDl/Structure/Resize_Structure_bottomright' by offset distance x = 225 and y = 279 successfully

2018-03-06 06:32:36 - [MESSAGE][PASSED] - Object 'Object Repository/CuPaDl/Loading_indicator' is visible

2018-03-06 06:32:41 - [MESSAGE][PASSED] - Object 'Object Repository/CuPaDl/Loading_indicator' is NOT visible

2018-03-06 06:32:42 - [MESSAGE][PASSED] - Delayed 1 second(s)

2018-03-06 06:32:42 - [MESSAGE][PASSED] - cupakeysDl.sclstruct.scalestructure is PASSED

2018-03-06 06:32:42 - [TEST_STEP][PASSED] - Statement - (step++): null

2018-03-06 06:32:42 - [TEST_STEP][PASSED] - Statement - iconmap += CustomKeywords.cupakeysDl.iconad.iconadd("wave", LoadTimeCorrector, step, run, device, timeStamp, iconcount): cupakeysDl.iconad.iconadd is PASSED

2018-03-06 06:32:42 - [MESSAGE][PASSED] - Object: 'Object Repository/CuPaDl/Icons/Icon' is clicked on

2018-03-06 06:32:42 - [MESSAGE][PASSED] - Object 'Object Repository/CuPaDl/Icons/Icon_wave' is visible

2018-03-06 06:32:42 - [MESSAGE][PASSED] - Object: 'Object Repository/CuPaDl/Icons/Icon_wave' is clicked on

2018-03-06 06:32:43 - [MESSAGE][PASSED] - Delayed 1 second(s)

2018-03-06 06:32:43 - [MESSAGE][PASSED] - Object 'Object Repository/CuPaDl/Loading_indicator' is visible

2018-03-06 06:32:48 - [MESSAGE][PASSED] - Object 'Object Repository/CuPaDl/Loading_indicator' is NOT visible

2018-03-06 06:32:48 - [MESSAGE][WARNING] - Timeout '0' is invalid. Using default page load timeout: '30'

2018-03-06 06:32:48 - [MESSAGE][PASSED] - Width of element 'Object Repository/CuPaDl/Icons/Reposition_icon' is '40'

2018-03-06 06:32:48 - [MESSAGE][PASSED] - Height of element 'Object Repository/CuPaDl/Icons/Reposition_icon' is '40'.

2018-03-06 06:32:49 - [MESSAGE][PASSED] - Delayed 1 second(s)

2018-03-06 06:32:49 - [MESSAGE][PASSED] - cupakeysDl.iconad.iconadd is PASSED

2018-03-06 06:32:49 - [TEST_STEP][PASSED] - Statement - (step++): null

2018-03-06 06:32:49 - [TEST_STEP][PASSED] - Statement - (iconcount++): null

2018-03-06 06:32:49 - [TEST_STEP][PASSED] - cupakeysDl.iconres.iconresize: cupakeysDl.iconres.iconresize is PASSED

2018-03-06 06:32:49 - [MESSAGE][PASSED] - Object 'Object Repository/CuPaDl/Icons/Reposition_icon' is visible

2018-03-06 06:32:49 - [MESSAGE][PASSED] - Current viewport's left (x) position is 0

2018-03-06 06:32:49 - [MESSAGE][PASSED] - Current viewport's top (y) position is 54

2018-03-06 06:32:49 - [MESSAGE][PASSED] - Dragged object with id 'Object Repository/CuPaDl/Icons/Resize_icon_bottomright' by offset distance x = 125 and y = 179 successfully

2018-03-06 06:32:50 - [MESSAGE][PASSED] - Object 'Object Repository/CuPaDl/Loading_indicator' is visible

2018-03-06 06:32:54 - [MESSAGE][PASSED] - Object 'Object Repository/CuPaDl/Loading_indicator' is NOT visible

2018-03-06 06:32:55 - [MESSAGE][PASSED] - Delayed 1 second(s)

2018-03-06 06:32:55 - [MESSAGE][PASSED] - cupakeysDl.iconres.iconresize is PASSED

2018-03-06 06:32:55 - [TEST_STEP][PASSED] - Statement - (step++): null

2018-03-06 06:32:55 - [TEST_STEP][PASSED] - cupakeysDl.slink.svlink: cupakeysDl.slink.svlink is PASSED

2018-03-06 06:32:55 - [MESSAGE][PASSED] - Scroll to object 'Object Repository/CuPaDl/Save/Save' successfully

2018-03-06 06:32:56 - [MESSAGE][PASSED] - Object: 'Object Repository/CuPaDl/Save/Save' is clicked on

2018-03-06 06:32:56 - [MESSAGE][WARNING] - Timeout '0' is invalid. Using default page load timeout: '30'

2018-03-06 06:32:57 - [MESSAGE][PASSED] - Object 'Object Repository/CuPaDl/Save/CopyLink' is visible

2018-03-06 06:32:57 - [MESSAGE][PASSED] - Object: 'Object Repository/CuPaDl/Save/CopyLink' is clicked on

2018-03-06 06:32:58 - [MESSAGE][PASSED] - Delayed 1 second(s)

2018-03-06 06:32:58 - [MESSAGE][PASSED] - Object: 'Object Repository/CuPaDl/Save/Close' is clicked on

2018-03-06 06:32:59 - [MESSAGE][PASSED] - Delayed 1 second(s)

2018-03-06 06:32:59 - [MESSAGE][PASSED] - cupakeysDl.slink.svlink is PASSED

2018-03-06 06:32:59 - [TEST_STEP][PASSED] - cupakeysDl.endsession.finishsession: cupakeysDl.endsession.finishsession is PASSED

2018-03-06 06:33:02 - [MESSAGE][PASSED] - Delayed 3 second(s)

2018-03-06 06:33:03 - [MESSAGE][PASSED] - Browser is closed

2018-03-06 06:33:03 - [MESSAGE][PASSED] - cupakeysDl.endsession.finishsession is PASSED]]></system-out>
         <system-err><![CDATA[]]></system-err>
      </testcase>
      <testcase name="Test Cases/CuPaStefanie/31" classname="Test Cases/CuPaStefanie/31" status="PASSED">
         <system-out><![CDATA[2018-03-06 06:33:03 - [TEST_CASE][PASSED] - Test Cases/CuPaStefanie/31: Test Cases/CuPaStefanie/31

2018-03-06 06:33:03 - [TEST_STEP][PASSED] - Statement - timeStamp = new java.text.SimpleDateFormat(dd.MM.yyyy).format(java.util.Calendar.getInstance().getTime()): null

2018-03-06 06:33:03 - [TEST_STEP][PASSED] - Statement - timeStampScreenshot = new java.text.SimpleDateFormat(dd.MM.yyyy).format(java.util.Calendar.getInstance().getTime()): null

2018-03-06 06:33:03 - [TEST_STEP][PASSED] - Statement - iconmap = [:]: null

2018-03-06 06:33:03 - [TEST_STEP][PASSED] - Statement - txtmap = [:]: null

2018-03-06 06:33:03 - [TEST_STEP][PASSED] - Statement - signmap = [:]: null

2018-03-06 06:33:03 - [TEST_STEP][PASSED] - cupakeysDl.initStart.initialStart: cupakeysDl.initStart.initialStart is PASSED

2018-03-06 06:33:05 - [MESSAGE][PASSED] - Browser is opened with url: ''

2018-03-06 06:33:08 - [MESSAGE][PASSED] - Delayed 3 second(s)

2018-03-06 06:33:10 - [MESSAGE][PASSED] - Navigate to 'https://d16a4dsnr8a0k1.cloudfront.net/en/2455233.html?price=150.00%20%E2%82%AC&partName=wilsonPartName&vin=wilsonVin&modelCode=XP11&paint=P0A94&modelDescription=wilsonModelDescription&additionalEquipment=wilsonAdditionalEquipment' successfully

2018-03-06 06:33:10 - [MESSAGE][PASSED] - Object 'Object Repository/CuPaDl/Loading_indicator' is visible

2018-03-06 06:33:15 - [MESSAGE][PASSED] - Object 'Object Repository/CuPaDl/Loading_indicator' is NOT visible

2018-03-06 06:33:16 - [MESSAGE][PASSED] - Delayed 1 second(s)

2018-03-06 06:33:16 - [MESSAGE][PASSED] - cupakeysDl.initStart.initialStart is PASSED

2018-03-06 06:33:16 - [TEST_STEP][PASSED] - Statement - (step++): null

2018-03-06 06:33:16 - [TEST_STEP][PASSED] - cupakeysDl.color.changecolor: cupakeysDl.color.changecolor is PASSED

2018-03-06 06:33:16 - [MESSAGE][PASSED] - Object 'Object Repository/CuPaDl/Color/Color' is visible

2018-03-06 06:33:16 - [MESSAGE][PASSED] - Object: 'Object Repository/CuPaDl/Color/Color' is clicked on

2018-03-06 06:33:17 - [MESSAGE][PASSED] - Delayed 1 second(s)

2018-03-06 06:33:17 - [MESSAGE][PASSED] - Object 'Object Repository/CuPaDl/Color/Color_lapisblue' is visible

2018-03-06 06:33:17 - [MESSAGE][PASSED] - Object: 'Object Repository/CuPaDl/Color/Color_lapisblue' is clicked on

2018-03-06 06:33:17 - [MESSAGE][WARNING] - Timeout '0' is invalid. Using default page load timeout: '30'

2018-03-06 06:33:17 - [MESSAGE][PASSED] - Object 'Object Repository/CuPaDl/Color/Color_lapisblue' is visible

2018-03-06 06:33:18 - [MESSAGE][PASSED] - Delayed 1 second(s)

2018-03-06 06:33:18 - [MESSAGE][PASSED] - Object: 'Object Repository/CuPaDl/Color/Color_lapisblue' is clicked on

2018-03-06 06:33:21 - [MESSAGE][WARNING] - Object 'Object Repository/CuPaDl/Loading_indicator' is not visible after 3 second(s)

2018-03-06 06:33:22 - [MESSAGE][PASSED] - Delayed 1 second(s)

2018-03-06 06:33:22 - [MESSAGE][PASSED] - cupakeysDl.color.changecolor is PASSED

2018-03-06 06:33:22 - [TEST_STEP][PASSED] - Statement - (step++): null

2018-03-06 06:33:22 - [TEST_STEP][PASSED] - Statement - iconmap += CustomKeywords.cupakeysDl.iconad.iconadd("america", LoadTimeCorrector, step, run, device, timeStamp, iconcount): cupakeysDl.iconad.iconadd is PASSED

2018-03-06 06:33:22 - [MESSAGE][PASSED] - Object: 'Object Repository/CuPaDl/Icons/Icon' is clicked on

2018-03-06 06:33:22 - [MESSAGE][PASSED] - Object 'Object Repository/CuPaDl/Icons/Icon_america' is visible

2018-03-06 06:33:22 - [MESSAGE][PASSED] - Object: 'Object Repository/CuPaDl/Icons/Icon_america' is clicked on

2018-03-06 06:33:23 - [MESSAGE][PASSED] - Delayed 1 second(s)

2018-03-06 06:33:26 - [MESSAGE][WARNING] - Object 'Object Repository/CuPaDl/Loading_indicator' is not visible after 3 second(s)

2018-03-06 06:33:26 - [MESSAGE][WARNING] - Timeout '0' is invalid. Using default page load timeout: '30'

2018-03-06 06:33:27 - [MESSAGE][PASSED] - Width of element 'Object Repository/CuPaDl/Icons/Reposition_icon' is '40'

2018-03-06 06:33:27 - [MESSAGE][PASSED] - Height of element 'Object Repository/CuPaDl/Icons/Reposition_icon' is '40'.

2018-03-06 06:33:28 - [MESSAGE][PASSED] - Delayed 1 second(s)

2018-03-06 06:33:28 - [MESSAGE][PASSED] - cupakeysDl.iconad.iconadd is PASSED

2018-03-06 06:33:28 - [TEST_STEP][PASSED] - Statement - (step++): null

2018-03-06 06:33:28 - [TEST_STEP][PASSED] - Statement - (iconcount++): null

2018-03-06 06:33:28 - [TEST_STEP][PASSED] - cupakeysDl.iconres.iconresize: cupakeysDl.iconres.iconresize is PASSED

2018-03-06 06:33:28 - [MESSAGE][PASSED] - Object 'Object Repository/CuPaDl/Icons/Reposition_icon' is visible

2018-03-06 06:33:28 - [MESSAGE][PASSED] - Current viewport's left (x) position is 0

2018-03-06 06:33:28 - [MESSAGE][PASSED] - Current viewport's top (y) position is 54

2018-03-06 06:33:28 - [MESSAGE][PASSED] - Dragged object with id 'Object Repository/CuPaDl/Icons/Resize_icon_bottomright' by offset distance x = -125 and y = -71 successfully

2018-03-06 06:33:31 - [MESSAGE][WARNING] - Object 'Object Repository/CuPaDl/Loading_indicator' is not visible after 3 second(s)

2018-03-06 06:33:32 - [MESSAGE][PASSED] - Delayed 1 second(s)

2018-03-06 06:33:32 - [MESSAGE][PASSED] - cupakeysDl.iconres.iconresize is PASSED

2018-03-06 06:33:32 - [TEST_STEP][PASSED] - Statement - (step++): null

2018-03-06 06:33:32 - [TEST_STEP][PASSED] - cupakeysDl.slink.svlink: cupakeysDl.slink.svlink is PASSED

2018-03-06 06:33:32 - [MESSAGE][PASSED] - Scroll to object 'Object Repository/CuPaDl/Save/Save' successfully

2018-03-06 06:33:32 - [MESSAGE][PASSED] - Object: 'Object Repository/CuPaDl/Save/Save' is clicked on

2018-03-06 06:33:32 - [MESSAGE][WARNING] - Timeout '0' is invalid. Using default page load timeout: '30'

2018-03-06 06:33:33 - [MESSAGE][PASSED] - Object 'Object Repository/CuPaDl/Save/CopyLink' is visible

2018-03-06 06:33:33 - [MESSAGE][PASSED] - Object: 'Object Repository/CuPaDl/Save/CopyLink' is clicked on

2018-03-06 06:33:34 - [MESSAGE][PASSED] - Delayed 1 second(s)

2018-03-06 06:33:34 - [MESSAGE][PASSED] - Object: 'Object Repository/CuPaDl/Save/Close' is clicked on

2018-03-06 06:33:35 - [MESSAGE][PASSED] - Delayed 1 second(s)

2018-03-06 06:33:35 - [MESSAGE][PASSED] - cupakeysDl.slink.svlink is PASSED

2018-03-06 06:33:35 - [TEST_STEP][PASSED] - cupakeysDl.endsession.finishsession: cupakeysDl.endsession.finishsession is PASSED

2018-03-06 06:33:38 - [MESSAGE][PASSED] - Delayed 3 second(s)

2018-03-06 06:33:38 - [MESSAGE][PASSED] - Browser is closed

2018-03-06 06:33:38 - [MESSAGE][PASSED] - cupakeysDl.endsession.finishsession is PASSED]]></system-out>
         <system-err><![CDATA[]]></system-err>
      </testcase>
      <testcase name="Test Cases/CuPaStefanie/32" classname="Test Cases/CuPaStefanie/32" status="PASSED">
         <system-out><![CDATA[2018-03-06 06:33:38 - [TEST_CASE][PASSED] - Test Cases/CuPaStefanie/32: Test Cases/CuPaStefanie/32

2018-03-06 06:33:38 - [TEST_STEP][PASSED] - Statement - timeStamp = new java.text.SimpleDateFormat(dd.MM.yyyy).format(java.util.Calendar.getInstance().getTime()): null

2018-03-06 06:33:38 - [TEST_STEP][PASSED] - Statement - timeStampScreenshot = new java.text.SimpleDateFormat(dd.MM.yyyy).format(java.util.Calendar.getInstance().getTime()): null

2018-03-06 06:33:38 - [TEST_STEP][PASSED] - Statement - iconmap = [:]: null

2018-03-06 06:33:38 - [TEST_STEP][PASSED] - Statement - txtmap = [:]: null

2018-03-06 06:33:38 - [TEST_STEP][PASSED] - Statement - signmap = [:]: null

2018-03-06 06:33:38 - [TEST_STEP][PASSED] - cupakeysDl.initStart.initialStart: cupakeysDl.initStart.initialStart is PASSED

2018-03-06 06:33:40 - [MESSAGE][PASSED] - Browser is opened with url: ''

2018-03-06 06:33:43 - [MESSAGE][PASSED] - Delayed 3 second(s)

2018-03-06 06:33:45 - [MESSAGE][PASSED] - Navigate to 'https://d16a4dsnr8a0k1.cloudfront.net/en/2455233.html?price=150.00%20%E2%82%AC&partName=wilsonPartName&vin=wilsonVin&modelCode=XP11&paint=P0A94&modelDescription=wilsonModelDescription&additionalEquipment=wilsonAdditionalEquipment' successfully

2018-03-06 06:33:45 - [MESSAGE][PASSED] - Object 'Object Repository/CuPaDl/Loading_indicator' is visible

2018-03-06 06:33:49 - [MESSAGE][PASSED] - Object 'Object Repository/CuPaDl/Loading_indicator' is NOT visible

2018-03-06 06:33:50 - [MESSAGE][PASSED] - Delayed 1 second(s)

2018-03-06 06:33:50 - [MESSAGE][PASSED] - cupakeysDl.initStart.initialStart is PASSED

2018-03-06 06:33:50 - [TEST_STEP][PASSED] - Statement - (step++): null

2018-03-06 06:33:50 - [TEST_STEP][PASSED] - cupakeysDl.color.changecolor: cupakeysDl.color.changecolor is PASSED

2018-03-06 06:33:50 - [MESSAGE][PASSED] - Object 'Object Repository/CuPaDl/Color/Color' is visible

2018-03-06 06:33:50 - [MESSAGE][PASSED] - Object: 'Object Repository/CuPaDl/Color/Color' is clicked on

2018-03-06 06:33:51 - [MESSAGE][PASSED] - Delayed 1 second(s)

2018-03-06 06:33:51 - [MESSAGE][PASSED] - Object 'Object Repository/CuPaDl/Color/Color_lapisblue' is visible

2018-03-06 06:33:51 - [MESSAGE][PASSED] - Object: 'Object Repository/CuPaDl/Color/Color_lapisblue' is clicked on

2018-03-06 06:33:51 - [MESSAGE][WARNING] - Timeout '0' is invalid. Using default page load timeout: '30'

2018-03-06 06:33:51 - [MESSAGE][PASSED] - Object 'Object Repository/CuPaDl/Color/Color_lapisblue' is visible

2018-03-06 06:33:52 - [MESSAGE][PASSED] - Delayed 1 second(s)

2018-03-06 06:33:52 - [MESSAGE][PASSED] - Object: 'Object Repository/CuPaDl/Color/Color_lapisblue' is clicked on

2018-03-06 06:33:55 - [MESSAGE][WARNING] - Object 'Object Repository/CuPaDl/Loading_indicator' is not visible after 3 second(s)

2018-03-06 06:33:56 - [MESSAGE][PASSED] - Delayed 1 second(s)

2018-03-06 06:33:56 - [MESSAGE][PASSED] - cupakeysDl.color.changecolor is PASSED

2018-03-06 06:33:56 - [TEST_STEP][PASSED] - Statement - (step++): null

2018-03-06 06:33:56 - [TEST_STEP][PASSED] - Statement - iconmap += CustomKeywords.cupakeysDl.iconad.iconadd("america", LoadTimeCorrector, step, run, device, timeStamp, iconcount): cupakeysDl.iconad.iconadd is PASSED

2018-03-06 06:33:56 - [MESSAGE][PASSED] - Object: 'Object Repository/CuPaDl/Icons/Icon' is clicked on

2018-03-06 06:33:57 - [MESSAGE][PASSED] - Object 'Object Repository/CuPaDl/Icons/Icon_america' is visible

2018-03-06 06:33:57 - [MESSAGE][PASSED] - Object: 'Object Repository/CuPaDl/Icons/Icon_america' is clicked on

2018-03-06 06:33:58 - [MESSAGE][PASSED] - Delayed 1 second(s)

2018-03-06 06:34:01 - [MESSAGE][WARNING] - Object 'Object Repository/CuPaDl/Loading_indicator' is not visible after 3 second(s)

2018-03-06 06:34:01 - [MESSAGE][WARNING] - Timeout '0' is invalid. Using default page load timeout: '30'

2018-03-06 06:34:01 - [MESSAGE][PASSED] - Width of element 'Object Repository/CuPaDl/Icons/Reposition_icon' is '40'

2018-03-06 06:34:01 - [MESSAGE][PASSED] - Height of element 'Object Repository/CuPaDl/Icons/Reposition_icon' is '40'.

2018-03-06 06:34:02 - [MESSAGE][PASSED] - Delayed 1 second(s)

2018-03-06 06:34:02 - [MESSAGE][PASSED] - cupakeysDl.iconad.iconadd is PASSED

2018-03-06 06:34:02 - [TEST_STEP][PASSED] - Statement - (step++): null

2018-03-06 06:34:02 - [TEST_STEP][PASSED] - Statement - (iconcount++): null

2018-03-06 06:34:02 - [TEST_STEP][PASSED] - cupakeysDl.iconres.iconresize: cupakeysDl.iconres.iconresize is PASSED

2018-03-06 06:34:02 - [MESSAGE][PASSED] - Object 'Object Repository/CuPaDl/Icons/Reposition_icon' is visible

2018-03-06 06:34:02 - [MESSAGE][PASSED] - Current viewport's left (x) position is 0

2018-03-06 06:34:02 - [MESSAGE][PASSED] - Current viewport's top (y) position is 54

2018-03-06 06:34:02 - [MESSAGE][PASSED] - Dragged object with id 'Object Repository/CuPaDl/Icons/Resize_icon_bottomright' by offset distance x = 125 and y = 179 successfully

2018-03-06 06:34:05 - [MESSAGE][WARNING] - Object 'Object Repository/CuPaDl/Loading_indicator' is not visible after 3 second(s)

2018-03-06 06:34:06 - [MESSAGE][PASSED] - Delayed 1 second(s)

2018-03-06 06:34:06 - [MESSAGE][PASSED] - cupakeysDl.iconres.iconresize is PASSED

2018-03-06 06:34:06 - [TEST_STEP][PASSED] - Statement - (step++): null

2018-03-06 06:34:06 - [TEST_STEP][PASSED] - cupakeysDl.slink.svlink: cupakeysDl.slink.svlink is PASSED

2018-03-06 06:34:06 - [MESSAGE][PASSED] - Scroll to object 'Object Repository/CuPaDl/Save/Save' successfully

2018-03-06 06:34:06 - [MESSAGE][PASSED] - Object: 'Object Repository/CuPaDl/Save/Save' is clicked on

2018-03-06 06:34:06 - [MESSAGE][WARNING] - Timeout '0' is invalid. Using default page load timeout: '30'

2018-03-06 06:34:07 - [MESSAGE][PASSED] - Object 'Object Repository/CuPaDl/Save/CopyLink' is visible

2018-03-06 06:34:07 - [MESSAGE][PASSED] - Object: 'Object Repository/CuPaDl/Save/CopyLink' is clicked on

2018-03-06 06:34:08 - [MESSAGE][PASSED] - Delayed 1 second(s)

2018-03-06 06:34:08 - [MESSAGE][PASSED] - Object: 'Object Repository/CuPaDl/Save/Close' is clicked on

2018-03-06 06:34:09 - [MESSAGE][PASSED] - Delayed 1 second(s)

2018-03-06 06:34:09 - [MESSAGE][PASSED] - cupakeysDl.slink.svlink is PASSED

2018-03-06 06:34:09 - [TEST_STEP][PASSED] - cupakeysDl.endsession.finishsession: cupakeysDl.endsession.finishsession is PASSED

2018-03-06 06:34:12 - [MESSAGE][PASSED] - Delayed 3 second(s)

2018-03-06 06:34:13 - [MESSAGE][PASSED] - Browser is closed

2018-03-06 06:34:13 - [MESSAGE][PASSED] - cupakeysDl.endsession.finishsession is PASSED]]></system-out>
         <system-err><![CDATA[]]></system-err>
      </testcase>
      <testcase name="Test Cases/CuPaStefanie/33" classname="Test Cases/CuPaStefanie/33" status="PASSED">
         <system-out><![CDATA[2018-03-06 06:34:13 - [TEST_CASE][PASSED] - Test Cases/CuPaStefanie/33: Test Cases/CuPaStefanie/33

2018-03-06 06:34:13 - [TEST_STEP][PASSED] - Statement - timeStamp = new java.text.SimpleDateFormat(dd.MM.yyyy).format(java.util.Calendar.getInstance().getTime()): null

2018-03-06 06:34:13 - [TEST_STEP][PASSED] - Statement - timeStampScreenshot = new java.text.SimpleDateFormat(dd.MM.yyyy).format(java.util.Calendar.getInstance().getTime()): null

2018-03-06 06:34:13 - [TEST_STEP][PASSED] - Statement - iconmap = [:]: null

2018-03-06 06:34:13 - [TEST_STEP][PASSED] - Statement - txtmap = [:]: null

2018-03-06 06:34:13 - [TEST_STEP][PASSED] - Statement - signmap = [:]: null

2018-03-06 06:34:13 - [TEST_STEP][PASSED] - cupakeysDl.initStart.initialStart: cupakeysDl.initStart.initialStart is PASSED

2018-03-06 06:34:15 - [MESSAGE][PASSED] - Browser is opened with url: ''

2018-03-06 06:34:18 - [MESSAGE][PASSED] - Delayed 3 second(s)

2018-03-06 06:34:19 - [MESSAGE][PASSED] - Navigate to 'https://d16a4dsnr8a0k1.cloudfront.net/en/2455233.html?price=150.00%20%E2%82%AC&partName=wilsonPartName&vin=wilsonVin&modelCode=XP11&paint=P0A94&modelDescription=wilsonModelDescription&additionalEquipment=wilsonAdditionalEquipment' successfully

2018-03-06 06:34:19 - [MESSAGE][PASSED] - Object 'Object Repository/CuPaDl/Loading_indicator' is visible

2018-03-06 06:34:23 - [MESSAGE][PASSED] - Object 'Object Repository/CuPaDl/Loading_indicator' is NOT visible

2018-03-06 06:34:24 - [MESSAGE][PASSED] - Delayed 1 second(s)

2018-03-06 06:34:24 - [MESSAGE][PASSED] - cupakeysDl.initStart.initialStart is PASSED

2018-03-06 06:34:24 - [TEST_STEP][PASSED] - Statement - (step++): null

2018-03-06 06:34:24 - [TEST_STEP][PASSED] - cupakeysDl.color.changecolor: cupakeysDl.color.changecolor is PASSED

2018-03-06 06:34:24 - [MESSAGE][PASSED] - Object 'Object Repository/CuPaDl/Color/Color' is visible

2018-03-06 06:34:24 - [MESSAGE][PASSED] - Object: 'Object Repository/CuPaDl/Color/Color' is clicked on

2018-03-06 06:34:25 - [MESSAGE][PASSED] - Delayed 1 second(s)

2018-03-06 06:34:25 - [MESSAGE][PASSED] - Object 'Object Repository/CuPaDl/Color/Color_passionred' is visible

2018-03-06 06:34:25 - [MESSAGE][PASSED] - Object: 'Object Repository/CuPaDl/Color/Color_passionred' is clicked on

2018-03-06 06:34:25 - [MESSAGE][WARNING] - Timeout '0' is invalid. Using default page load timeout: '30'

2018-03-06 06:34:25 - [MESSAGE][PASSED] - Object 'Object Repository/CuPaDl/Color/Color_passionred' is visible

2018-03-06 06:34:26 - [MESSAGE][PASSED] - Delayed 1 second(s)

2018-03-06 06:34:26 - [MESSAGE][PASSED] - Object: 'Object Repository/CuPaDl/Color/Color_passionred' is clicked on

2018-03-06 06:34:29 - [MESSAGE][WARNING] - Object 'Object Repository/CuPaDl/Loading_indicator' is not visible after 3 second(s)

2018-03-06 06:34:30 - [MESSAGE][PASSED] - Delayed 1 second(s)

2018-03-06 06:34:30 - [MESSAGE][PASSED] - cupakeysDl.color.changecolor is PASSED

2018-03-06 06:34:30 - [TEST_STEP][PASSED] - Statement - (step++): null

2018-03-06 06:34:30 - [TEST_STEP][PASSED] - Statement - iconmap += CustomKeywords.cupakeysDl.iconad.iconadd("australia", LoadTimeCorrector, step, run, device, timeStamp, iconcount): cupakeysDl.iconad.iconadd is PASSED

2018-03-06 06:34:31 - [MESSAGE][PASSED] - Object: 'Object Repository/CuPaDl/Icons/Icon' is clicked on

2018-03-06 06:34:33 - [MESSAGE][WARNING] - Object 'Object Repository/CuPaDl/Icons/Icon_australia' is not visible after 2 second(s)

2018-03-06 06:34:33 - [MESSAGE][PASSED] - Object: 'Object Repository/CuPaDl/MenuScroll/ObjectsScrollRight' is clicked on

2018-03-06 06:34:35 - [MESSAGE][PASSED] - Delayed 2 second(s)

2018-03-06 06:34:35 - [MESSAGE][PASSED] - Object 'Object Repository/CuPaDl/Icons/Icon_australia' is visible

2018-03-06 06:34:35 - [MESSAGE][PASSED] - Object: 'Object Repository/CuPaDl/Icons/Icon_australia' is clicked on

2018-03-06 06:34:36 - [MESSAGE][PASSED] - Delayed 1 second(s)

2018-03-06 06:34:39 - [MESSAGE][WARNING] - Object 'Object Repository/CuPaDl/Loading_indicator' is not visible after 3 second(s)

2018-03-06 06:34:39 - [MESSAGE][WARNING] - Timeout '0' is invalid. Using default page load timeout: '30'

2018-03-06 06:34:39 - [MESSAGE][PASSED] - Width of element 'Object Repository/CuPaDl/Icons/Reposition_icon' is '40'

2018-03-06 06:34:39 - [MESSAGE][PASSED] - Height of element 'Object Repository/CuPaDl/Icons/Reposition_icon' is '40'.

2018-03-06 06:34:40 - [MESSAGE][PASSED] - Delayed 1 second(s)

2018-03-06 06:34:40 - [MESSAGE][PASSED] - cupakeysDl.iconad.iconadd is PASSED

2018-03-06 06:34:40 - [TEST_STEP][PASSED] - Statement - (step++): null

2018-03-06 06:34:40 - [TEST_STEP][PASSED] - Statement - (iconcount++): null

2018-03-06 06:34:40 - [TEST_STEP][PASSED] - cupakeysDl.iconres.iconresize: cupakeysDl.iconres.iconresize is PASSED

2018-03-06 06:34:40 - [MESSAGE][PASSED] - Object 'Object Repository/CuPaDl/Icons/Reposition_icon' is visible

2018-03-06 06:34:40 - [MESSAGE][PASSED] - Current viewport's left (x) position is 0

2018-03-06 06:34:40 - [MESSAGE][PASSED] - Current viewport's top (y) position is 54

2018-03-06 06:34:40 - [MESSAGE][PASSED] - Dragged object with id 'Object Repository/CuPaDl/Icons/Resize_icon_bottomright' by offset distance x = -125 and y = -71 successfully

2018-03-06 06:34:43 - [MESSAGE][WARNING] - Object 'Object Repository/CuPaDl/Loading_indicator' is not visible after 3 second(s)

2018-03-06 06:34:44 - [MESSAGE][PASSED] - Delayed 1 second(s)

2018-03-06 06:34:44 - [MESSAGE][PASSED] - cupakeysDl.iconres.iconresize is PASSED

2018-03-06 06:34:44 - [TEST_STEP][PASSED] - Statement - (step++): null

2018-03-06 06:34:44 - [TEST_STEP][PASSED] - cupakeysDl.slink.svlink: cupakeysDl.slink.svlink is PASSED

2018-03-06 06:34:44 - [MESSAGE][PASSED] - Scroll to object 'Object Repository/CuPaDl/Save/Save' successfully

2018-03-06 06:34:45 - [MESSAGE][PASSED] - Object: 'Object Repository/CuPaDl/Save/Save' is clicked on

2018-03-06 06:34:45 - [MESSAGE][WARNING] - Timeout '0' is invalid. Using default page load timeout: '30'

2018-03-06 06:34:45 - [MESSAGE][PASSED] - Object 'Object Repository/CuPaDl/Save/CopyLink' is visible

2018-03-06 06:34:45 - [MESSAGE][PASSED] - Object: 'Object Repository/CuPaDl/Save/CopyLink' is clicked on

2018-03-06 06:34:46 - [MESSAGE][PASSED] - Delayed 1 second(s)

2018-03-06 06:34:46 - [MESSAGE][PASSED] - Object: 'Object Repository/CuPaDl/Save/Close' is clicked on

2018-03-06 06:34:47 - [MESSAGE][PASSED] - Delayed 1 second(s)

2018-03-06 06:34:47 - [MESSAGE][PASSED] - cupakeysDl.slink.svlink is PASSED

2018-03-06 06:34:47 - [TEST_STEP][PASSED] - cupakeysDl.endsession.finishsession: cupakeysDl.endsession.finishsession is PASSED

2018-03-06 06:34:50 - [MESSAGE][PASSED] - Delayed 3 second(s)

2018-03-06 06:34:51 - [MESSAGE][PASSED] - Browser is closed

2018-03-06 06:34:51 - [MESSAGE][PASSED] - cupakeysDl.endsession.finishsession is PASSED]]></system-out>
         <system-err><![CDATA[]]></system-err>
      </testcase>
      <testcase name="Test Cases/CuPaStefanie/34" classname="Test Cases/CuPaStefanie/34" status="PASSED">
         <system-out><![CDATA[2018-03-06 06:34:51 - [TEST_CASE][PASSED] - Test Cases/CuPaStefanie/34: Test Cases/CuPaStefanie/34

2018-03-06 06:34:51 - [TEST_STEP][PASSED] - Statement - timeStamp = new java.text.SimpleDateFormat(dd.MM.yyyy).format(java.util.Calendar.getInstance().getTime()): null

2018-03-06 06:34:51 - [TEST_STEP][PASSED] - Statement - timeStampScreenshot = new java.text.SimpleDateFormat(dd.MM.yyyy).format(java.util.Calendar.getInstance().getTime()): null

2018-03-06 06:34:51 - [TEST_STEP][PASSED] - Statement - iconmap = [:]: null

2018-03-06 06:34:51 - [TEST_STEP][PASSED] - Statement - txtmap = [:]: null

2018-03-06 06:34:51 - [TEST_STEP][PASSED] - Statement - signmap = [:]: null

2018-03-06 06:34:51 - [TEST_STEP][PASSED] - cupakeysDl.initStart.initialStart: cupakeysDl.initStart.initialStart is PASSED

2018-03-06 06:34:53 - [MESSAGE][PASSED] - Browser is opened with url: ''

2018-03-06 06:34:56 - [MESSAGE][PASSED] - Delayed 3 second(s)

2018-03-06 06:34:57 - [MESSAGE][PASSED] - Navigate to 'https://d16a4dsnr8a0k1.cloudfront.net/en/2455233.html?price=150.00%20%E2%82%AC&partName=wilsonPartName&vin=wilsonVin&modelCode=XP11&paint=P0A94&modelDescription=wilsonModelDescription&additionalEquipment=wilsonAdditionalEquipment' successfully

2018-03-06 06:34:57 - [MESSAGE][PASSED] - Object 'Object Repository/CuPaDl/Loading_indicator' is visible

2018-03-06 06:35:02 - [MESSAGE][PASSED] - Object 'Object Repository/CuPaDl/Loading_indicator' is NOT visible

2018-03-06 06:35:03 - [MESSAGE][PASSED] - Delayed 1 second(s)

2018-03-06 06:35:03 - [MESSAGE][PASSED] - cupakeysDl.initStart.initialStart is PASSED

2018-03-06 06:35:03 - [TEST_STEP][PASSED] - Statement - (step++): null

2018-03-06 06:35:03 - [TEST_STEP][PASSED] - cupakeysDl.color.changecolor: cupakeysDl.color.changecolor is PASSED

2018-03-06 06:35:03 - [MESSAGE][PASSED] - Object 'Object Repository/CuPaDl/Color/Color' is visible

2018-03-06 06:35:03 - [MESSAGE][PASSED] - Object: 'Object Repository/CuPaDl/Color/Color' is clicked on

2018-03-06 06:35:04 - [MESSAGE][PASSED] - Delayed 1 second(s)

2018-03-06 06:35:04 - [MESSAGE][PASSED] - Object 'Object Repository/CuPaDl/Color/Color_jetblack' is visible

2018-03-06 06:35:04 - [MESSAGE][PASSED] - Object: 'Object Repository/CuPaDl/Color/Color_jetblack' is clicked on

2018-03-06 06:35:04 - [MESSAGE][WARNING] - Timeout '0' is invalid. Using default page load timeout: '30'

2018-03-06 06:35:04 - [MESSAGE][PASSED] - Object 'Object Repository/CuPaDl/Color/Color_jetblack' is visible

2018-03-06 06:35:05 - [MESSAGE][PASSED] - Delayed 1 second(s)

2018-03-06 06:35:05 - [MESSAGE][PASSED] - Object: 'Object Repository/CuPaDl/Color/Color_jetblack' is clicked on

2018-03-06 06:35:08 - [MESSAGE][WARNING] - Object 'Object Repository/CuPaDl/Loading_indicator' is not visible after 3 second(s)

2018-03-06 06:35:09 - [MESSAGE][PASSED] - Delayed 1 second(s)

2018-03-06 06:35:09 - [MESSAGE][PASSED] - cupakeysDl.color.changecolor is PASSED

2018-03-06 06:35:09 - [TEST_STEP][PASSED] - Statement - (step++): null

2018-03-06 06:35:09 - [TEST_STEP][PASSED] - Statement - iconmap += CustomKeywords.cupakeysDl.iconad.iconadd("australia", LoadTimeCorrector, step, run, device, timeStamp, iconcount): cupakeysDl.iconad.iconadd is PASSED

2018-03-06 06:35:09 - [MESSAGE][PASSED] - Object: 'Object Repository/CuPaDl/Icons/Icon' is clicked on

2018-03-06 06:35:11 - [MESSAGE][WARNING] - Object 'Object Repository/CuPaDl/Icons/Icon_australia' is not visible after 2 second(s)

2018-03-06 06:35:11 - [MESSAGE][PASSED] - Object: 'Object Repository/CuPaDl/MenuScroll/ObjectsScrollRight' is clicked on

2018-03-06 06:35:13 - [MESSAGE][PASSED] - Delayed 2 second(s)

2018-03-06 06:35:13 - [MESSAGE][PASSED] - Object 'Object Repository/CuPaDl/Icons/Icon_australia' is visible

2018-03-06 06:35:13 - [MESSAGE][PASSED] - Object: 'Object Repository/CuPaDl/Icons/Icon_australia' is clicked on

2018-03-06 06:35:14 - [MESSAGE][PASSED] - Delayed 1 second(s)

2018-03-06 06:35:18 - [MESSAGE][WARNING] - Object 'Object Repository/CuPaDl/Loading_indicator' is not visible after 3 second(s)

2018-03-06 06:35:18 - [MESSAGE][WARNING] - Timeout '0' is invalid. Using default page load timeout: '30'

2018-03-06 06:35:18 - [MESSAGE][PASSED] - Width of element 'Object Repository/CuPaDl/Icons/Reposition_icon' is '40'

2018-03-06 06:35:18 - [MESSAGE][PASSED] - Height of element 'Object Repository/CuPaDl/Icons/Reposition_icon' is '40'.

2018-03-06 06:35:19 - [MESSAGE][PASSED] - Delayed 1 second(s)

2018-03-06 06:35:19 - [MESSAGE][PASSED] - cupakeysDl.iconad.iconadd is PASSED

2018-03-06 06:35:19 - [TEST_STEP][PASSED] - Statement - (step++): null

2018-03-06 06:35:19 - [TEST_STEP][PASSED] - Statement - (iconcount++): null

2018-03-06 06:35:19 - [TEST_STEP][PASSED] - cupakeysDl.iconres.iconresize: cupakeysDl.iconres.iconresize is PASSED

2018-03-06 06:35:19 - [MESSAGE][PASSED] - Object 'Object Repository/CuPaDl/Icons/Reposition_icon' is visible

2018-03-06 06:35:19 - [MESSAGE][PASSED] - Current viewport's left (x) position is 0

2018-03-06 06:35:19 - [MESSAGE][PASSED] - Current viewport's top (y) position is 54

2018-03-06 06:35:19 - [MESSAGE][PASSED] - Dragged object with id 'Object Repository/CuPaDl/Icons/Resize_icon_bottomright' by offset distance x = 125 and y = 179 successfully

2018-03-06 06:35:22 - [MESSAGE][WARNING] - Object 'Object Repository/CuPaDl/Loading_indicator' is not visible after 3 second(s)

2018-03-06 06:35:23 - [MESSAGE][PASSED] - Delayed 1 second(s)

2018-03-06 06:35:23 - [MESSAGE][PASSED] - cupakeysDl.iconres.iconresize is PASSED

2018-03-06 06:35:23 - [TEST_STEP][PASSED] - Statement - (step++): null

2018-03-06 06:35:23 - [TEST_STEP][PASSED] - cupakeysDl.slink.svlink: cupakeysDl.slink.svlink is PASSED

2018-03-06 06:35:23 - [MESSAGE][PASSED] - Scroll to object 'Object Repository/CuPaDl/Save/Save' successfully

2018-03-06 06:35:23 - [MESSAGE][PASSED] - Object: 'Object Repository/CuPaDl/Save/Save' is clicked on

2018-03-06 06:35:23 - [MESSAGE][WARNING] - Timeout '0' is invalid. Using default page load timeout: '30'

2018-03-06 06:35:24 - [MESSAGE][PASSED] - Object 'Object Repository/CuPaDl/Save/CopyLink' is visible

2018-03-06 06:35:24 - [MESSAGE][PASSED] - Object: 'Object Repository/CuPaDl/Save/CopyLink' is clicked on

2018-03-06 06:35:25 - [MESSAGE][PASSED] - Delayed 1 second(s)

2018-03-06 06:35:25 - [MESSAGE][PASSED] - Object: 'Object Repository/CuPaDl/Save/Close' is clicked on

2018-03-06 06:35:26 - [MESSAGE][PASSED] - Delayed 1 second(s)

2018-03-06 06:35:26 - [MESSAGE][PASSED] - cupakeysDl.slink.svlink is PASSED

2018-03-06 06:35:26 - [TEST_STEP][PASSED] - cupakeysDl.endsession.finishsession: cupakeysDl.endsession.finishsession is PASSED

2018-03-06 06:35:29 - [MESSAGE][PASSED] - Delayed 3 second(s)

2018-03-06 06:35:30 - [MESSAGE][PASSED] - Browser is closed

2018-03-06 06:35:30 - [MESSAGE][PASSED] - cupakeysDl.endsession.finishsession is PASSED]]></system-out>
         <system-err><![CDATA[]]></system-err>
      </testcase>
      <testcase name="Test Cases/CuPaStefanie/35" classname="Test Cases/CuPaStefanie/35" status="PASSED">
         <system-out><![CDATA[2018-03-06 06:35:30 - [TEST_CASE][PASSED] - Test Cases/CuPaStefanie/35: Test Cases/CuPaStefanie/35

2018-03-06 06:35:30 - [TEST_STEP][PASSED] - Statement - timeStamp = new java.text.SimpleDateFormat(dd.MM.yyyy).format(java.util.Calendar.getInstance().getTime()): null

2018-03-06 06:35:30 - [TEST_STEP][PASSED] - Statement - timeStampScreenshot = new java.text.SimpleDateFormat(dd.MM.yyyy).format(java.util.Calendar.getInstance().getTime()): null

2018-03-06 06:35:30 - [TEST_STEP][PASSED] - Statement - iconmap = [:]: null

2018-03-06 06:35:30 - [TEST_STEP][PASSED] - Statement - txtmap = [:]: null

2018-03-06 06:35:30 - [TEST_STEP][PASSED] - Statement - signmap = [:]: null

2018-03-06 06:35:30 - [TEST_STEP][PASSED] - cupakeysDl.initStart.initialStart: cupakeysDl.initStart.initialStart is PASSED

2018-03-06 06:35:32 - [MESSAGE][PASSED] - Browser is opened with url: ''

2018-03-06 06:35:35 - [MESSAGE][PASSED] - Delayed 3 second(s)

2018-03-06 06:35:36 - [MESSAGE][PASSED] - Navigate to 'https://d16a4dsnr8a0k1.cloudfront.net/en/2455233.html?price=150.00%20%E2%82%AC&partName=wilsonPartName&vin=wilsonVin&modelCode=XP11&paint=P0A94&modelDescription=wilsonModelDescription&additionalEquipment=wilsonAdditionalEquipment' successfully

2018-03-06 06:35:36 - [MESSAGE][PASSED] - Object 'Object Repository/CuPaDl/Loading_indicator' is visible

2018-03-06 06:35:40 - [MESSAGE][PASSED] - Object 'Object Repository/CuPaDl/Loading_indicator' is NOT visible

2018-03-06 06:35:41 - [MESSAGE][PASSED] - Delayed 1 second(s)

2018-03-06 06:35:41 - [MESSAGE][PASSED] - cupakeysDl.initStart.initialStart is PASSED

2018-03-06 06:35:41 - [TEST_STEP][PASSED] - Statement - (step++): null

2018-03-06 06:35:41 - [TEST_STEP][PASSED] - cupakeysDl.color.changecolor: cupakeysDl.color.changecolor is PASSED

2018-03-06 06:35:41 - [MESSAGE][PASSED] - Object 'Object Repository/CuPaDl/Color/Color' is visible

2018-03-06 06:35:42 - [MESSAGE][PASSED] - Object: 'Object Repository/CuPaDl/Color/Color' is clicked on

2018-03-06 06:35:43 - [MESSAGE][PASSED] - Delayed 1 second(s)

2018-03-06 06:35:43 - [MESSAGE][PASSED] - Object 'Object Repository/CuPaDl/Color/Color_nightlightblue' is visible

2018-03-06 06:35:43 - [MESSAGE][PASSED] - Object: 'Object Repository/CuPaDl/Color/Color_nightlightblue' is clicked on

2018-03-06 06:35:43 - [MESSAGE][WARNING] - Timeout '0' is invalid. Using default page load timeout: '30'

2018-03-06 06:35:43 - [MESSAGE][PASSED] - Object 'Object Repository/CuPaDl/Color/Color_nightlightblue' is visible

2018-03-06 06:35:44 - [MESSAGE][PASSED] - Delayed 1 second(s)

2018-03-06 06:35:44 - [MESSAGE][PASSED] - Object: 'Object Repository/CuPaDl/Color/Color_nightlightblue' is clicked on

2018-03-06 06:35:47 - [MESSAGE][WARNING] - Object 'Object Repository/CuPaDl/Loading_indicator' is not visible after 3 second(s)

2018-03-06 06:35:48 - [MESSAGE][PASSED] - Delayed 1 second(s)

2018-03-06 06:35:48 - [MESSAGE][PASSED] - cupakeysDl.color.changecolor is PASSED

2018-03-06 06:35:48 - [TEST_STEP][PASSED] - Statement - (step++): null

2018-03-06 06:35:48 - [TEST_STEP][PASSED] - Statement - iconmap += CustomKeywords.cupakeysDl.iconad.iconadd("londoncircle", LoadTimeCorrector, step, run, device, timeStamp, iconcount): cupakeysDl.iconad.iconadd is PASSED

2018-03-06 06:35:48 - [MESSAGE][PASSED] - Object: 'Object Repository/CuPaDl/Icons/Icon' is clicked on

2018-03-06 06:35:50 - [MESSAGE][WARNING] - Object 'Object Repository/CuPaDl/Icons/Icon_londoncircle' is not visible after 2 second(s)

2018-03-06 06:35:50 - [MESSAGE][PASSED] - Object: 'Object Repository/CuPaDl/MenuScroll/ObjectsScrollRight' is clicked on

2018-03-06 06:35:52 - [MESSAGE][PASSED] - Delayed 2 second(s)

2018-03-06 06:35:52 - [MESSAGE][PASSED] - Object 'Object Repository/CuPaDl/Icons/Icon_londoncircle' is visible

2018-03-06 06:35:52 - [MESSAGE][PASSED] - Object: 'Object Repository/CuPaDl/Icons/Icon_londoncircle' is clicked on

2018-03-06 06:35:53 - [MESSAGE][PASSED] - Delayed 1 second(s)

2018-03-06 06:35:53 - [MESSAGE][PASSED] - Object 'Object Repository/CuPaDl/Loading_indicator' is visible

2018-03-06 06:36:19 - [MESSAGE][PASSED] - Object 'Object Repository/CuPaDl/Loading_indicator' is NOT visible

2018-03-06 06:36:19 - [MESSAGE][WARNING] - Timeout '0' is invalid. Using default page load timeout: '30'

2018-03-06 06:36:19 - [MESSAGE][PASSED] - Width of element 'Object Repository/CuPaDl/Icons/Reposition_icon' is '40'

2018-03-06 06:36:19 - [MESSAGE][PASSED] - Height of element 'Object Repository/CuPaDl/Icons/Reposition_icon' is '40'.

2018-03-06 06:36:20 - [MESSAGE][PASSED] - Delayed 1 second(s)

2018-03-06 06:36:20 - [MESSAGE][PASSED] - cupakeysDl.iconad.iconadd is PASSED

2018-03-06 06:36:20 - [TEST_STEP][PASSED] - Statement - (step++): null

2018-03-06 06:36:20 - [TEST_STEP][PASSED] - Statement - (iconcount++): null

2018-03-06 06:36:20 - [TEST_STEP][PASSED] - cupakeysDl.iconres.iconresize: cupakeysDl.iconres.iconresize is PASSED

2018-03-06 06:36:20 - [MESSAGE][PASSED] - Object 'Object Repository/CuPaDl/Icons/Reposition_icon' is visible

2018-03-06 06:36:20 - [MESSAGE][PASSED] - Current viewport's left (x) position is 0

2018-03-06 06:36:20 - [MESSAGE][PASSED] - Current viewport's top (y) position is 54

2018-03-06 06:36:20 - [MESSAGE][PASSED] - Dragged object with id 'Object Repository/CuPaDl/Icons/Resize_icon_bottomright' by offset distance x = -125 and y = -71 successfully

2018-03-06 06:36:21 - [MESSAGE][PASSED] - Object 'Object Repository/CuPaDl/Loading_indicator' is visible

2018-03-06 08:40:10 - [MESSAGE][WARNING] - Object 'Object Repository/CuPaDl/Loading_indicator' is visible after 30 second(s)

2018-03-06 08:40:11 - [MESSAGE][PASSED] - Delayed 1 second(s)

2018-03-06 08:40:11 - [MESSAGE][PASSED] - cupakeysDl.iconres.iconresize is PASSED

2018-03-06 08:40:11 - [TEST_STEP][PASSED] - Statement - (step++): null

2018-03-06 08:40:11 - [TEST_STEP][PASSED] - cupakeysDl.slink.svlink: cupakeysDl.slink.svlink is PASSED

2018-03-06 08:40:12 - [MESSAGE][PASSED] - Scroll to object 'Object Repository/CuPaDl/Save/Save' successfully

2018-03-06 08:40:12 - [MESSAGE][PASSED] - Object: 'Object Repository/CuPaDl/Save/Save' is clicked on

2018-03-06 08:40:12 - [MESSAGE][WARNING] - Timeout '0' is invalid. Using default page load timeout: '30'

2018-03-06 08:40:40 - [MESSAGE][PASSED] - Object 'Object Repository/CuPaDl/Save/CopyLink' is visible

2018-03-06 08:40:40 - [MESSAGE][PASSED] - Object: 'Object Repository/CuPaDl/Save/CopyLink' is clicked on

2018-03-06 08:40:41 - [MESSAGE][PASSED] - Delayed 1 second(s)

2018-03-06 08:40:41 - [MESSAGE][PASSED] - Object: 'Object Repository/CuPaDl/Save/Close' is clicked on

2018-03-06 08:40:42 - [MESSAGE][PASSED] - Delayed 1 second(s)

2018-03-06 08:40:42 - [MESSAGE][PASSED] - cupakeysDl.slink.svlink is PASSED

2018-03-06 08:40:42 - [TEST_STEP][PASSED] - cupakeysDl.endsession.finishsession: cupakeysDl.endsession.finishsession is PASSED

2018-03-06 08:40:45 - [MESSAGE][PASSED] - Delayed 3 second(s)

2018-03-06 08:40:46 - [MESSAGE][PASSED] - Browser is closed

2018-03-06 08:40:46 - [MESSAGE][PASSED] - cupakeysDl.endsession.finishsession is PASSED]]></system-out>
         <system-err><![CDATA[]]></system-err>
      </testcase>
      <testcase name="Test Cases/CuPaStefanie/36" classname="Test Cases/CuPaStefanie/36" status="PASSED">
         <system-out><![CDATA[2018-03-06 08:40:46 - [TEST_CASE][PASSED] - Test Cases/CuPaStefanie/36: Test Cases/CuPaStefanie/36

2018-03-06 08:40:46 - [TEST_STEP][PASSED] - Statement - timeStamp = new java.text.SimpleDateFormat(dd.MM.yyyy).format(java.util.Calendar.getInstance().getTime()): null

2018-03-06 08:40:46 - [TEST_STEP][PASSED] - Statement - timeStampScreenshot = new java.text.SimpleDateFormat(dd.MM.yyyy).format(java.util.Calendar.getInstance().getTime()): null

2018-03-06 08:40:46 - [TEST_STEP][PASSED] - Statement - iconmap = [:]: null

2018-03-06 08:40:46 - [TEST_STEP][PASSED] - Statement - txtmap = [:]: null

2018-03-06 08:40:46 - [TEST_STEP][PASSED] - Statement - signmap = [:]: null

2018-03-06 08:40:46 - [TEST_STEP][PASSED] - cupakeysDl.initStart.initialStart: cupakeysDl.initStart.initialStart is PASSED

2018-03-06 08:40:48 - [MESSAGE][PASSED] - Browser is opened with url: ''

2018-03-06 08:40:51 - [MESSAGE][PASSED] - Delayed 3 second(s)

2018-03-06 08:40:52 - [MESSAGE][PASSED] - Navigate to 'https://d16a4dsnr8a0k1.cloudfront.net/en/2455233.html?price=150.00%20%E2%82%AC&partName=wilsonPartName&vin=wilsonVin&modelCode=XP11&paint=P0A94&modelDescription=wilsonModelDescription&additionalEquipment=wilsonAdditionalEquipment' successfully

2018-03-06 08:40:52 - [MESSAGE][PASSED] - Object 'Object Repository/CuPaDl/Loading_indicator' is visible

2018-03-06 08:40:56 - [MESSAGE][PASSED] - Object 'Object Repository/CuPaDl/Loading_indicator' is NOT visible

2018-03-06 08:40:57 - [MESSAGE][PASSED] - Delayed 1 second(s)

2018-03-06 08:40:57 - [MESSAGE][PASSED] - cupakeysDl.initStart.initialStart is PASSED

2018-03-06 08:40:57 - [TEST_STEP][PASSED] - Statement - (step++): null

2018-03-06 08:40:57 - [TEST_STEP][PASSED] - cupakeysDl.color.changecolor: cupakeysDl.color.changecolor is PASSED

2018-03-06 08:40:57 - [MESSAGE][PASSED] - Object 'Object Repository/CuPaDl/Color/Color' is visible

2018-03-06 08:40:57 - [MESSAGE][PASSED] - Object: 'Object Repository/CuPaDl/Color/Color' is clicked on

2018-03-06 08:40:58 - [MESSAGE][PASSED] - Delayed 1 second(s)

2018-03-06 08:40:58 - [MESSAGE][PASSED] - Object 'Object Repository/CuPaDl/Color/Color_moonwalkgrey' is visible

2018-03-06 08:40:58 - [MESSAGE][PASSED] - Object: 'Object Repository/CuPaDl/Color/Color_moonwalkgrey' is clicked on

2018-03-06 08:40:58 - [MESSAGE][WARNING] - Timeout '0' is invalid. Using default page load timeout: '30'

2018-03-06 08:40:58 - [MESSAGE][PASSED] - Object 'Object Repository/CuPaDl/Color/Color_moonwalkgrey' is visible

2018-03-06 08:40:59 - [MESSAGE][PASSED] - Delayed 1 second(s)

2018-03-06 08:40:59 - [MESSAGE][PASSED] - Object: 'Object Repository/CuPaDl/Color/Color_moonwalkgrey' is clicked on

2018-03-06 08:41:02 - [MESSAGE][WARNING] - Object 'Object Repository/CuPaDl/Loading_indicator' is not visible after 3 second(s)

2018-03-06 08:41:03 - [MESSAGE][PASSED] - Delayed 1 second(s)

2018-03-06 08:41:03 - [MESSAGE][PASSED] - cupakeysDl.color.changecolor is PASSED

2018-03-06 08:41:03 - [TEST_STEP][PASSED] - Statement - (step++): null

2018-03-06 08:41:03 - [TEST_STEP][PASSED] - Statement - iconmap += CustomKeywords.cupakeysDl.iconad.iconadd("londoncircle", LoadTimeCorrector, step, run, device, timeStamp, iconcount): cupakeysDl.iconad.iconadd is PASSED

2018-03-06 08:41:03 - [MESSAGE][PASSED] - Object: 'Object Repository/CuPaDl/Icons/Icon' is clicked on

2018-03-06 08:41:05 - [MESSAGE][WARNING] - Object 'Object Repository/CuPaDl/Icons/Icon_londoncircle' is not visible after 2 second(s)

2018-03-06 08:41:05 - [MESSAGE][PASSED] - Object: 'Object Repository/CuPaDl/MenuScroll/ObjectsScrollRight' is clicked on

2018-03-06 08:41:07 - [MESSAGE][PASSED] - Delayed 2 second(s)

2018-03-06 08:41:07 - [MESSAGE][PASSED] - Object 'Object Repository/CuPaDl/Icons/Icon_londoncircle' is visible

2018-03-06 08:41:08 - [MESSAGE][PASSED] - Object: 'Object Repository/CuPaDl/Icons/Icon_londoncircle' is clicked on

2018-03-06 08:41:09 - [MESSAGE][PASSED] - Delayed 1 second(s)

2018-03-06 08:41:09 - [MESSAGE][PASSED] - Object 'Object Repository/CuPaDl/Loading_indicator' is visible

2018-03-06 08:41:34 - [MESSAGE][PASSED] - Object 'Object Repository/CuPaDl/Loading_indicator' is NOT visible

2018-03-06 08:41:34 - [MESSAGE][WARNING] - Timeout '0' is invalid. Using default page load timeout: '30'

2018-03-06 08:41:34 - [MESSAGE][PASSED] - Width of element 'Object Repository/CuPaDl/Icons/Reposition_icon' is '40'

2018-03-06 08:41:34 - [MESSAGE][PASSED] - Height of element 'Object Repository/CuPaDl/Icons/Reposition_icon' is '40'.

2018-03-06 08:41:35 - [MESSAGE][PASSED] - Delayed 1 second(s)

2018-03-06 08:41:35 - [MESSAGE][PASSED] - cupakeysDl.iconad.iconadd is PASSED

2018-03-06 08:41:35 - [TEST_STEP][PASSED] - Statement - (step++): null

2018-03-06 08:41:35 - [TEST_STEP][PASSED] - Statement - (iconcount++): null

2018-03-06 08:41:35 - [TEST_STEP][PASSED] - cupakeysDl.iconres.iconresize: cupakeysDl.iconres.iconresize is PASSED

2018-03-06 08:41:35 - [MESSAGE][PASSED] - Object 'Object Repository/CuPaDl/Icons/Reposition_icon' is visible

2018-03-06 08:41:35 - [MESSAGE][PASSED] - Current viewport's left (x) position is 0

2018-03-06 08:41:35 - [MESSAGE][PASSED] - Current viewport's top (y) position is 54

2018-03-06 08:41:36 - [MESSAGE][PASSED] - Dragged object with id 'Object Repository/CuPaDl/Icons/Resize_icon_bottomright' by offset distance x = 125 and y = 179 successfully

2018-03-06 08:41:37 - [MESSAGE][PASSED] - Object 'Object Repository/CuPaDl/Loading_indicator' is visible

2018-03-06 08:41:52 - [MESSAGE][PASSED] - Object 'Object Repository/CuPaDl/Loading_indicator' is NOT visible

2018-03-06 08:41:53 - [MESSAGE][PASSED] - Delayed 1 second(s)

2018-03-06 08:41:53 - [MESSAGE][PASSED] - cupakeysDl.iconres.iconresize is PASSED

2018-03-06 08:41:53 - [TEST_STEP][PASSED] - Statement - (step++): null

2018-03-06 08:41:53 - [TEST_STEP][PASSED] - cupakeysDl.slink.svlink: cupakeysDl.slink.svlink is PASSED

2018-03-06 08:41:53 - [MESSAGE][PASSED] - Scroll to object 'Object Repository/CuPaDl/Save/Save' successfully

2018-03-06 08:41:53 - [MESSAGE][PASSED] - Object: 'Object Repository/CuPaDl/Save/Save' is clicked on

2018-03-06 08:41:53 - [MESSAGE][WARNING] - Timeout '0' is invalid. Using default page load timeout: '30'

2018-03-06 08:41:54 - [MESSAGE][PASSED] - Object 'Object Repository/CuPaDl/Save/CopyLink' is visible

2018-03-06 08:41:54 - [MESSAGE][PASSED] - Object: 'Object Repository/CuPaDl/Save/CopyLink' is clicked on

2018-03-06 08:41:55 - [MESSAGE][PASSED] - Delayed 1 second(s)

2018-03-06 08:41:55 - [MESSAGE][PASSED] - Object: 'Object Repository/CuPaDl/Save/Close' is clicked on

2018-03-06 08:41:56 - [MESSAGE][PASSED] - Delayed 1 second(s)

2018-03-06 08:41:56 - [MESSAGE][PASSED] - cupakeysDl.slink.svlink is PASSED

2018-03-06 08:41:56 - [TEST_STEP][PASSED] - cupakeysDl.endsession.finishsession: cupakeysDl.endsession.finishsession is PASSED

2018-03-06 08:41:59 - [MESSAGE][PASSED] - Delayed 3 second(s)

2018-03-06 08:41:59 - [MESSAGE][PASSED] - Browser is closed

2018-03-06 08:41:59 - [MESSAGE][PASSED] - cupakeysDl.endsession.finishsession is PASSED]]></system-out>
         <system-err><![CDATA[]]></system-err>
      </testcase>
      <testcase name="Test Cases/CuPaStefanie/37" classname="Test Cases/CuPaStefanie/37" status="PASSED">
         <system-out><![CDATA[2018-03-06 08:41:59 - [TEST_CASE][PASSED] - Test Cases/CuPaStefanie/37: Test Cases/CuPaStefanie/37

2018-03-06 08:41:59 - [TEST_STEP][PASSED] - Statement - timeStamp = new java.text.SimpleDateFormat(dd.MM.yyyy).format(java.util.Calendar.getInstance().getTime()): null

2018-03-06 08:41:59 - [TEST_STEP][PASSED] - Statement - timeStampScreenshot = new java.text.SimpleDateFormat(dd.MM.yyyy).format(java.util.Calendar.getInstance().getTime()): null

2018-03-06 08:41:59 - [TEST_STEP][PASSED] - Statement - iconmap = [:]: null

2018-03-06 08:41:59 - [TEST_STEP][PASSED] - Statement - txtmap = [:]: null

2018-03-06 08:41:59 - [TEST_STEP][PASSED] - Statement - signmap = [:]: null

2018-03-06 08:41:59 - [TEST_STEP][PASSED] - cupakeysDl.initStart.initialStart: cupakeysDl.initStart.initialStart is PASSED

2018-03-06 08:42:01 - [MESSAGE][PASSED] - Browser is opened with url: ''

2018-03-06 08:42:04 - [MESSAGE][PASSED] - Delayed 3 second(s)

2018-03-06 08:42:06 - [MESSAGE][PASSED] - Navigate to 'https://d16a4dsnr8a0k1.cloudfront.net/en/2455233.html?price=150.00%20%E2%82%AC&partName=wilsonPartName&vin=wilsonVin&modelCode=XP11&paint=P0A94&modelDescription=wilsonModelDescription&additionalEquipment=wilsonAdditionalEquipment' successfully

2018-03-06 08:42:06 - [MESSAGE][PASSED] - Object 'Object Repository/CuPaDl/Loading_indicator' is visible

2018-03-06 08:42:10 - [MESSAGE][PASSED] - Object 'Object Repository/CuPaDl/Loading_indicator' is NOT visible

2018-03-06 08:42:11 - [MESSAGE][PASSED] - Delayed 1 second(s)

2018-03-06 08:42:11 - [MESSAGE][PASSED] - cupakeysDl.initStart.initialStart is PASSED

2018-03-06 08:42:11 - [TEST_STEP][PASSED] - Statement - (step++): null

2018-03-06 08:42:11 - [TEST_STEP][PASSED] - cupakeysDl.color.changecolor: cupakeysDl.color.changecolor is PASSED

2018-03-06 08:42:12 - [MESSAGE][PASSED] - Object 'Object Repository/CuPaDl/Color/Color' is visible

2018-03-06 08:42:12 - [MESSAGE][PASSED] - Object: 'Object Repository/CuPaDl/Color/Color' is clicked on

2018-03-06 08:42:13 - [MESSAGE][PASSED] - Delayed 1 second(s)

2018-03-06 08:42:13 - [MESSAGE][PASSED] - Object 'Object Repository/CuPaDl/Color/Color_solartsorange' is visible

2018-03-06 08:42:13 - [MESSAGE][PASSED] - Object: 'Object Repository/CuPaDl/Color/Color_solartsorange' is clicked on

2018-03-06 08:42:13 - [MESSAGE][WARNING] - Timeout '0' is invalid. Using default page load timeout: '30'

2018-03-06 08:42:13 - [MESSAGE][PASSED] - Object 'Object Repository/CuPaDl/Color/Color_solartsorange' is visible

2018-03-06 08:42:14 - [MESSAGE][PASSED] - Delayed 1 second(s)

2018-03-06 08:42:14 - [MESSAGE][PASSED] - Object: 'Object Repository/CuPaDl/Color/Color_solartsorange' is clicked on

2018-03-06 08:42:17 - [MESSAGE][WARNING] - Object 'Object Repository/CuPaDl/Loading_indicator' is not visible after 3 second(s)

2018-03-06 08:42:18 - [MESSAGE][PASSED] - Delayed 1 second(s)

2018-03-06 08:42:18 - [MESSAGE][PASSED] - cupakeysDl.color.changecolor is PASSED

2018-03-06 08:42:18 - [TEST_STEP][PASSED] - Statement - (step++): null

2018-03-06 08:42:18 - [TEST_STEP][PASSED] - Statement - iconmap += CustomKeywords.cupakeysDl.iconad.iconadd("mountain", LoadTimeCorrector, step, run, device, timeStamp, iconcount): cupakeysDl.iconad.iconadd is PASSED

2018-03-06 08:42:18 - [MESSAGE][PASSED] - Object: 'Object Repository/CuPaDl/Icons/Icon' is clicked on

2018-03-06 08:42:20 - [MESSAGE][WARNING] - Object 'Object Repository/CuPaDl/Icons/Icon_mountain' is not visible after 2 second(s)

2018-03-06 08:42:20 - [MESSAGE][PASSED] - Object: 'Object Repository/CuPaDl/MenuScroll/ObjectsScrollRight' is clicked on

2018-03-06 08:42:22 - [MESSAGE][PASSED] - Delayed 2 second(s)

2018-03-06 08:42:22 - [MESSAGE][PASSED] - Object 'Object Repository/CuPaDl/Icons/Icon_mountain' is visible

2018-03-06 08:42:22 - [MESSAGE][PASSED] - Object: 'Object Repository/CuPaDl/Icons/Icon_mountain' is clicked on

2018-03-06 08:42:23 - [MESSAGE][PASSED] - Delayed 1 second(s)

2018-03-06 08:42:26 - [MESSAGE][WARNING] - Object 'Object Repository/CuPaDl/Loading_indicator' is not visible after 3 second(s)

2018-03-06 08:42:26 - [MESSAGE][WARNING] - Timeout '0' is invalid. Using default page load timeout: '30'

2018-03-06 08:42:26 - [MESSAGE][PASSED] - Width of element 'Object Repository/CuPaDl/Icons/Reposition_icon' is '40'

2018-03-06 08:42:26 - [MESSAGE][PASSED] - Height of element 'Object Repository/CuPaDl/Icons/Reposition_icon' is '40'.

2018-03-06 08:42:27 - [MESSAGE][PASSED] - Delayed 1 second(s)

2018-03-06 08:42:27 - [MESSAGE][PASSED] - cupakeysDl.iconad.iconadd is PASSED

2018-03-06 08:42:27 - [TEST_STEP][PASSED] - Statement - (step++): null

2018-03-06 08:42:27 - [TEST_STEP][PASSED] - Statement - (iconcount++): null

2018-03-06 08:42:27 - [TEST_STEP][PASSED] - cupakeysDl.iconres.iconresize: cupakeysDl.iconres.iconresize is PASSED

2018-03-06 08:42:27 - [MESSAGE][PASSED] - Object 'Object Repository/CuPaDl/Icons/Reposition_icon' is visible

2018-03-06 08:42:27 - [MESSAGE][PASSED] - Current viewport's left (x) position is 0

2018-03-06 08:42:27 - [MESSAGE][PASSED] - Current viewport's top (y) position is 54

2018-03-06 08:42:27 - [MESSAGE][PASSED] - Dragged object with id 'Object Repository/CuPaDl/Icons/Resize_icon_bottomright' by offset distance x = -125 and y = -71 successfully

2018-03-06 08:42:30 - [MESSAGE][WARNING] - Object 'Object Repository/CuPaDl/Loading_indicator' is not visible after 3 second(s)

2018-03-06 08:42:31 - [MESSAGE][PASSED] - Delayed 1 second(s)

2018-03-06 08:42:31 - [MESSAGE][PASSED] - cupakeysDl.iconres.iconresize is PASSED

2018-03-06 08:42:31 - [TEST_STEP][PASSED] - Statement - (step++): null

2018-03-06 08:42:31 - [TEST_STEP][PASSED] - cupakeysDl.slink.svlink: cupakeysDl.slink.svlink is PASSED

2018-03-06 08:42:31 - [MESSAGE][PASSED] - Scroll to object 'Object Repository/CuPaDl/Save/Save' successfully

2018-03-06 08:42:31 - [MESSAGE][PASSED] - Object: 'Object Repository/CuPaDl/Save/Save' is clicked on

2018-03-06 08:42:31 - [MESSAGE][WARNING] - Timeout '0' is invalid. Using default page load timeout: '30'

2018-03-06 08:42:32 - [MESSAGE][PASSED] - Object 'Object Repository/CuPaDl/Save/CopyLink' is visible

2018-03-06 08:42:32 - [MESSAGE][PASSED] - Object: 'Object Repository/CuPaDl/Save/CopyLink' is clicked on

2018-03-06 08:42:33 - [MESSAGE][PASSED] - Delayed 1 second(s)

2018-03-06 08:42:33 - [MESSAGE][PASSED] - Object: 'Object Repository/CuPaDl/Save/Close' is clicked on

2018-03-06 08:42:34 - [MESSAGE][PASSED] - Delayed 1 second(s)

2018-03-06 08:42:34 - [MESSAGE][PASSED] - cupakeysDl.slink.svlink is PASSED

2018-03-06 08:42:34 - [TEST_STEP][PASSED] - cupakeysDl.endsession.finishsession: cupakeysDl.endsession.finishsession is PASSED

2018-03-06 08:42:37 - [MESSAGE][PASSED] - Delayed 3 second(s)

2018-03-06 08:42:38 - [MESSAGE][PASSED] - Browser is closed

2018-03-06 08:42:38 - [MESSAGE][PASSED] - cupakeysDl.endsession.finishsession is PASSED]]></system-out>
         <system-err><![CDATA[]]></system-err>
      </testcase>
      <testcase name="Test Cases/CuPaStefanie/38" classname="Test Cases/CuPaStefanie/38" status="PASSED">
         <system-out><![CDATA[2018-03-06 08:42:38 - [TEST_CASE][PASSED] - Test Cases/CuPaStefanie/38: Test Cases/CuPaStefanie/38

2018-03-06 08:42:38 - [TEST_STEP][PASSED] - Statement - timeStamp = new java.text.SimpleDateFormat(dd.MM.yyyy).format(java.util.Calendar.getInstance().getTime()): null

2018-03-06 08:42:38 - [TEST_STEP][PASSED] - Statement - timeStampScreenshot = new java.text.SimpleDateFormat(dd.MM.yyyy).format(java.util.Calendar.getInstance().getTime()): null

2018-03-06 08:42:38 - [TEST_STEP][PASSED] - Statement - iconmap = [:]: null

2018-03-06 08:42:38 - [TEST_STEP][PASSED] - Statement - txtmap = [:]: null

2018-03-06 08:42:38 - [TEST_STEP][PASSED] - Statement - signmap = [:]: null

2018-03-06 08:42:38 - [TEST_STEP][PASSED] - cupakeysDl.initStart.initialStart: cupakeysDl.initStart.initialStart is PASSED

2018-03-06 08:42:40 - [MESSAGE][PASSED] - Browser is opened with url: ''

2018-03-06 08:42:43 - [MESSAGE][PASSED] - Delayed 3 second(s)

2018-03-06 08:42:44 - [MESSAGE][PASSED] - Navigate to 'https://d16a4dsnr8a0k1.cloudfront.net/en/2455233.html?price=150.00%20%E2%82%AC&partName=wilsonPartName&vin=wilsonVin&modelCode=XP11&paint=P0A94&modelDescription=wilsonModelDescription&additionalEquipment=wilsonAdditionalEquipment' successfully

2018-03-06 08:42:44 - [MESSAGE][PASSED] - Object 'Object Repository/CuPaDl/Loading_indicator' is visible

2018-03-06 08:42:48 - [MESSAGE][PASSED] - Object 'Object Repository/CuPaDl/Loading_indicator' is NOT visible

2018-03-06 08:42:49 - [MESSAGE][PASSED] - Delayed 1 second(s)

2018-03-06 08:42:49 - [MESSAGE][PASSED] - cupakeysDl.initStart.initialStart is PASSED

2018-03-06 08:42:49 - [TEST_STEP][PASSED] - Statement - (step++): null

2018-03-06 08:42:49 - [TEST_STEP][PASSED] - cupakeysDl.color.changecolor: cupakeysDl.color.changecolor is PASSED

2018-03-06 08:42:49 - [MESSAGE][PASSED] - Object 'Object Repository/CuPaDl/Color/Color' is visible

2018-03-06 08:42:49 - [MESSAGE][PASSED] - Object: 'Object Repository/CuPaDl/Color/Color' is clicked on

2018-03-06 08:42:50 - [MESSAGE][PASSED] - Delayed 1 second(s)

2018-03-06 08:42:50 - [MESSAGE][PASSED] - Object 'Object Repository/CuPaDl/Color/Color_thundergrey' is visible

2018-03-06 08:42:50 - [MESSAGE][PASSED] - Object: 'Object Repository/CuPaDl/Color/Color_thundergrey' is clicked on

2018-03-06 08:42:50 - [MESSAGE][WARNING] - Timeout '0' is invalid. Using default page load timeout: '30'

2018-03-06 08:42:50 - [MESSAGE][PASSED] - Object 'Object Repository/CuPaDl/Color/Color_thundergrey' is visible

2018-03-06 08:42:51 - [MESSAGE][PASSED] - Delayed 1 second(s)

2018-03-06 08:42:51 - [MESSAGE][PASSED] - Object: 'Object Repository/CuPaDl/Color/Color_thundergrey' is clicked on

2018-03-06 08:42:54 - [MESSAGE][WARNING] - Object 'Object Repository/CuPaDl/Loading_indicator' is not visible after 3 second(s)

2018-03-06 08:42:55 - [MESSAGE][PASSED] - Delayed 1 second(s)

2018-03-06 08:42:55 - [MESSAGE][PASSED] - cupakeysDl.color.changecolor is PASSED

2018-03-06 08:42:55 - [TEST_STEP][PASSED] - Statement - (step++): null

2018-03-06 08:42:55 - [TEST_STEP][PASSED] - Statement - iconmap += CustomKeywords.cupakeysDl.iconad.iconadd("mountain", LoadTimeCorrector, step, run, device, timeStamp, iconcount): cupakeysDl.iconad.iconadd is PASSED

2018-03-06 08:42:55 - [MESSAGE][PASSED] - Object: 'Object Repository/CuPaDl/Icons/Icon' is clicked on

2018-03-06 08:42:57 - [MESSAGE][WARNING] - Object 'Object Repository/CuPaDl/Icons/Icon_mountain' is not visible after 2 second(s)

2018-03-06 08:42:57 - [MESSAGE][PASSED] - Object: 'Object Repository/CuPaDl/MenuScroll/ObjectsScrollRight' is clicked on

2018-03-06 08:42:59 - [MESSAGE][PASSED] - Delayed 2 second(s)

2018-03-06 08:42:59 - [MESSAGE][PASSED] - Object 'Object Repository/CuPaDl/Icons/Icon_mountain' is visible

2018-03-06 08:43:00 - [MESSAGE][PASSED] - Object: 'Object Repository/CuPaDl/Icons/Icon_mountain' is clicked on

2018-03-06 08:43:01 - [MESSAGE][PASSED] - Delayed 1 second(s)

2018-03-06 08:43:04 - [MESSAGE][WARNING] - Object 'Object Repository/CuPaDl/Loading_indicator' is not visible after 3 second(s)

2018-03-06 08:43:04 - [MESSAGE][WARNING] - Timeout '0' is invalid. Using default page load timeout: '30'

2018-03-06 08:43:04 - [MESSAGE][PASSED] - Width of element 'Object Repository/CuPaDl/Icons/Reposition_icon' is '40'

2018-03-06 08:43:04 - [MESSAGE][PASSED] - Height of element 'Object Repository/CuPaDl/Icons/Reposition_icon' is '40'.

2018-03-06 08:43:05 - [MESSAGE][PASSED] - Delayed 1 second(s)

2018-03-06 08:43:05 - [MESSAGE][PASSED] - cupakeysDl.iconad.iconadd is PASSED

2018-03-06 08:43:05 - [TEST_STEP][PASSED] - Statement - (step++): null

2018-03-06 08:43:05 - [TEST_STEP][PASSED] - Statement - (iconcount++): null

2018-03-06 08:43:05 - [TEST_STEP][PASSED] - cupakeysDl.iconres.iconresize: cupakeysDl.iconres.iconresize is PASSED

2018-03-06 08:43:05 - [MESSAGE][PASSED] - Object 'Object Repository/CuPaDl/Icons/Reposition_icon' is visible

2018-03-06 08:43:05 - [MESSAGE][PASSED] - Current viewport's left (x) position is 0

2018-03-06 08:43:05 - [MESSAGE][PASSED] - Current viewport's top (y) position is 54

2018-03-06 08:43:05 - [MESSAGE][PASSED] - Dragged object with id 'Object Repository/CuPaDl/Icons/Resize_icon_bottomright' by offset distance x = 125 and y = 179 successfully

2018-03-06 08:43:08 - [MESSAGE][WARNING] - Object 'Object Repository/CuPaDl/Loading_indicator' is not visible after 3 second(s)

2018-03-06 08:43:09 - [MESSAGE][PASSED] - Delayed 1 second(s)

2018-03-06 08:43:09 - [MESSAGE][PASSED] - cupakeysDl.iconres.iconresize is PASSED

2018-03-06 08:43:09 - [TEST_STEP][PASSED] - Statement - (step++): null

2018-03-06 08:43:09 - [TEST_STEP][PASSED] - cupakeysDl.slink.svlink: cupakeysDl.slink.svlink is PASSED

2018-03-06 08:43:09 - [MESSAGE][PASSED] - Scroll to object 'Object Repository/CuPaDl/Save/Save' successfully

2018-03-06 08:43:09 - [MESSAGE][PASSED] - Object: 'Object Repository/CuPaDl/Save/Save' is clicked on

2018-03-06 08:43:09 - [MESSAGE][WARNING] - Timeout '0' is invalid. Using default page load timeout: '30'

2018-03-06 08:43:09 - [MESSAGE][PASSED] - Object 'Object Repository/CuPaDl/Save/CopyLink' is visible

2018-03-06 08:43:10 - [MESSAGE][PASSED] - Object: 'Object Repository/CuPaDl/Save/CopyLink' is clicked on

2018-03-06 08:43:11 - [MESSAGE][PASSED] - Delayed 1 second(s)

2018-03-06 08:43:11 - [MESSAGE][PASSED] - Object: 'Object Repository/CuPaDl/Save/Close' is clicked on

2018-03-06 08:43:12 - [MESSAGE][PASSED] - Delayed 1 second(s)

2018-03-06 08:43:12 - [MESSAGE][PASSED] - cupakeysDl.slink.svlink is PASSED

2018-03-06 08:43:12 - [TEST_STEP][PASSED] - cupakeysDl.endsession.finishsession: cupakeysDl.endsession.finishsession is PASSED

2018-03-06 08:43:15 - [MESSAGE][PASSED] - Delayed 3 second(s)

2018-03-06 08:43:15 - [MESSAGE][PASSED] - Browser is closed

2018-03-06 08:43:15 - [MESSAGE][PASSED] - cupakeysDl.endsession.finishsession is PASSED]]></system-out>
         <system-err><![CDATA[]]></system-err>
      </testcase>
      <testcase name="Test Cases/CuPaStefanie/39" classname="Test Cases/CuPaStefanie/39" status="PASSED">
         <system-out><![CDATA[2018-03-06 08:43:15 - [TEST_CASE][PASSED] - Test Cases/CuPaStefanie/39: Test Cases/CuPaStefanie/39

2018-03-06 08:43:15 - [TEST_STEP][PASSED] - Statement - timeStamp = new java.text.SimpleDateFormat(dd.MM.yyyy).format(java.util.Calendar.getInstance().getTime()): null

2018-03-06 08:43:15 - [TEST_STEP][PASSED] - Statement - timeStampScreenshot = new java.text.SimpleDateFormat(dd.MM.yyyy).format(java.util.Calendar.getInstance().getTime()): null

2018-03-06 08:43:15 - [TEST_STEP][PASSED] - Statement - iconmap = [:]: null

2018-03-06 08:43:15 - [TEST_STEP][PASSED] - Statement - txtmap = [:]: null

2018-03-06 08:43:15 - [TEST_STEP][PASSED] - Statement - signmap = [:]: null

2018-03-06 08:43:15 - [TEST_STEP][PASSED] - cupakeysDl.initStart.initialStart: cupakeysDl.initStart.initialStart is PASSED

2018-03-06 08:43:17 - [MESSAGE][PASSED] - Browser is opened with url: ''

2018-03-06 08:43:20 - [MESSAGE][PASSED] - Delayed 3 second(s)

2018-03-06 08:43:22 - [MESSAGE][PASSED] - Navigate to 'https://d16a4dsnr8a0k1.cloudfront.net/en/2455233.html?price=150.00%20%E2%82%AC&partName=wilsonPartName&vin=wilsonVin&modelCode=XP11&paint=P0A94&modelDescription=wilsonModelDescription&additionalEquipment=wilsonAdditionalEquipment' successfully

2018-03-06 08:43:22 - [MESSAGE][PASSED] - Object 'Object Repository/CuPaDl/Loading_indicator' is visible

2018-03-06 08:43:26 - [MESSAGE][PASSED] - Object 'Object Repository/CuPaDl/Loading_indicator' is NOT visible

2018-03-06 08:43:27 - [MESSAGE][PASSED] - Delayed 1 second(s)

2018-03-06 08:43:27 - [MESSAGE][PASSED] - cupakeysDl.initStart.initialStart is PASSED

2018-03-06 08:43:27 - [TEST_STEP][PASSED] - Statement - (step++): null

2018-03-06 08:43:27 - [TEST_STEP][PASSED] - cupakeysDl.color.changecolor: cupakeysDl.color.changecolor is PASSED

2018-03-06 08:43:27 - [MESSAGE][PASSED] - Object 'Object Repository/CuPaDl/Color/Color' is visible

2018-03-06 08:43:27 - [MESSAGE][PASSED] - Object: 'Object Repository/CuPaDl/Color/Color' is clicked on

2018-03-06 08:43:28 - [MESSAGE][PASSED] - Delayed 1 second(s)

2018-03-06 08:43:28 - [MESSAGE][PASSED] - Object 'Object Repository/CuPaDl/Color/Color_electricblue' is visible

2018-03-06 08:43:28 - [MESSAGE][PASSED] - Object: 'Object Repository/CuPaDl/Color/Color_electricblue' is clicked on

2018-03-06 08:43:28 - [MESSAGE][WARNING] - Timeout '0' is invalid. Using default page load timeout: '30'

2018-03-06 08:43:28 - [MESSAGE][PASSED] - Object 'Object Repository/CuPaDl/Color/Color_electricblue' is visible

2018-03-06 08:43:29 - [MESSAGE][PASSED] - Delayed 1 second(s)

2018-03-06 08:43:29 - [MESSAGE][PASSED] - Object: 'Object Repository/CuPaDl/Color/Color_electricblue' is clicked on

2018-03-06 08:43:33 - [MESSAGE][WARNING] - Object 'Object Repository/CuPaDl/Loading_indicator' is not visible after 3 second(s)

2018-03-06 08:43:34 - [MESSAGE][PASSED] - Delayed 1 second(s)

2018-03-06 08:43:34 - [MESSAGE][PASSED] - cupakeysDl.color.changecolor is PASSED

2018-03-06 08:43:34 - [TEST_STEP][PASSED] - Statement - (step++): null

2018-03-06 08:43:34 - [TEST_STEP][PASSED] - Statement - iconmap += CustomKeywords.cupakeysDl.iconad.iconadd("simplecompass", LoadTimeCorrector, step, run, device, timeStamp, iconcount): cupakeysDl.iconad.iconadd is PASSED

2018-03-06 08:43:34 - [MESSAGE][PASSED] - Object: 'Object Repository/CuPaDl/Icons/Icon' is clicked on

2018-03-06 08:43:36 - [MESSAGE][WARNING] - Object 'Object Repository/CuPaDl/Icons/Icon_simplecompass' is not visible after 2 second(s)

2018-03-06 08:43:36 - [MESSAGE][PASSED] - Object: 'Object Repository/CuPaDl/MenuScroll/ObjectsScrollRight' is clicked on

2018-03-06 08:43:38 - [MESSAGE][PASSED] - Delayed 2 second(s)

2018-03-06 08:43:38 - [MESSAGE][PASSED] - Object 'Object Repository/CuPaDl/Icons/Icon_simplecompass' is visible

2018-03-06 08:43:38 - [MESSAGE][PASSED] - Object: 'Object Repository/CuPaDl/Icons/Icon_simplecompass' is clicked on

2018-03-06 08:43:39 - [MESSAGE][PASSED] - Delayed 1 second(s)

2018-03-06 08:43:42 - [MESSAGE][WARNING] - Object 'Object Repository/CuPaDl/Loading_indicator' is not visible after 3 second(s)

2018-03-06 08:43:42 - [MESSAGE][WARNING] - Timeout '0' is invalid. Using default page load timeout: '30'

2018-03-06 08:43:42 - [MESSAGE][PASSED] - Width of element 'Object Repository/CuPaDl/Icons/Reposition_icon' is '40'

2018-03-06 08:43:42 - [MESSAGE][PASSED] - Height of element 'Object Repository/CuPaDl/Icons/Reposition_icon' is '40'.

2018-03-06 08:43:43 - [MESSAGE][PASSED] - Delayed 1 second(s)

2018-03-06 08:43:43 - [MESSAGE][PASSED] - cupakeysDl.iconad.iconadd is PASSED

2018-03-06 08:43:43 - [TEST_STEP][PASSED] - Statement - (step++): null

2018-03-06 08:43:43 - [TEST_STEP][PASSED] - Statement - (iconcount++): null

2018-03-06 08:43:43 - [TEST_STEP][PASSED] - cupakeysDl.iconres.iconresize: cupakeysDl.iconres.iconresize is PASSED

2018-03-06 08:43:43 - [MESSAGE][PASSED] - Object 'Object Repository/CuPaDl/Icons/Reposition_icon' is visible

2018-03-06 08:43:43 - [MESSAGE][PASSED] - Current viewport's left (x) position is 0

2018-03-06 08:43:43 - [MESSAGE][PASSED] - Current viewport's top (y) position is 54

2018-03-06 08:43:43 - [MESSAGE][PASSED] - Dragged object with id 'Object Repository/CuPaDl/Icons/Resize_icon_bottomright' by offset distance x = -125 and y = -71 successfully

2018-03-06 08:43:47 - [MESSAGE][WARNING] - Object 'Object Repository/CuPaDl/Loading_indicator' is not visible after 3 second(s)

2018-03-06 08:43:48 - [MESSAGE][PASSED] - Delayed 1 second(s)

2018-03-06 08:43:48 - [MESSAGE][PASSED] - cupakeysDl.iconres.iconresize is PASSED

2018-03-06 08:43:48 - [TEST_STEP][PASSED] - Statement - (step++): null

2018-03-06 08:43:48 - [TEST_STEP][PASSED] - cupakeysDl.slink.svlink: cupakeysDl.slink.svlink is PASSED

2018-03-06 08:43:48 - [MESSAGE][PASSED] - Scroll to object 'Object Repository/CuPaDl/Save/Save' successfully

2018-03-06 08:43:48 - [MESSAGE][PASSED] - Object: 'Object Repository/CuPaDl/Save/Save' is clicked on

2018-03-06 08:43:48 - [MESSAGE][WARNING] - Timeout '0' is invalid. Using default page load timeout: '30'

2018-03-06 08:43:48 - [MESSAGE][PASSED] - Object 'Object Repository/CuPaDl/Save/CopyLink' is visible

2018-03-06 08:43:48 - [MESSAGE][PASSED] - Object: 'Object Repository/CuPaDl/Save/CopyLink' is clicked on

2018-03-06 08:43:49 - [MESSAGE][PASSED] - Delayed 1 second(s)

2018-03-06 08:43:49 - [MESSAGE][PASSED] - Object: 'Object Repository/CuPaDl/Save/Close' is clicked on

2018-03-06 08:43:50 - [MESSAGE][PASSED] - Delayed 1 second(s)

2018-03-06 08:43:50 - [MESSAGE][PASSED] - cupakeysDl.slink.svlink is PASSED

2018-03-06 08:43:50 - [TEST_STEP][PASSED] - cupakeysDl.endsession.finishsession: cupakeysDl.endsession.finishsession is PASSED

2018-03-06 08:43:53 - [MESSAGE][PASSED] - Delayed 3 second(s)

2018-03-06 08:43:54 - [MESSAGE][PASSED] - Browser is closed

2018-03-06 08:43:54 - [MESSAGE][PASSED] - cupakeysDl.endsession.finishsession is PASSED]]></system-out>
         <system-err><![CDATA[]]></system-err>
      </testcase>
      <testcase name="Test Cases/CuPaStefanie/40" classname="Test Cases/CuPaStefanie/40" status="PASSED">
         <system-out><![CDATA[2018-03-06 08:43:54 - [TEST_CASE][PASSED] - Test Cases/CuPaStefanie/40: Test Cases/CuPaStefanie/40

2018-03-06 08:43:54 - [TEST_STEP][PASSED] - Statement - timeStamp = new java.text.SimpleDateFormat(dd.MM.yyyy).format(java.util.Calendar.getInstance().getTime()): null

2018-03-06 08:43:54 - [TEST_STEP][PASSED] - Statement - timeStampScreenshot = new java.text.SimpleDateFormat(dd.MM.yyyy).format(java.util.Calendar.getInstance().getTime()): null

2018-03-06 08:43:54 - [TEST_STEP][PASSED] - Statement - iconmap = [:]: null

2018-03-06 08:43:54 - [TEST_STEP][PASSED] - Statement - txtmap = [:]: null

2018-03-06 08:43:54 - [TEST_STEP][PASSED] - Statement - signmap = [:]: null

2018-03-06 08:43:54 - [TEST_STEP][PASSED] - cupakeysDl.initStart.initialStart: cupakeysDl.initStart.initialStart is PASSED

2018-03-06 08:43:56 - [MESSAGE][PASSED] - Browser is opened with url: ''

2018-03-06 08:43:59 - [MESSAGE][PASSED] - Delayed 3 second(s)

2018-03-06 08:44:01 - [MESSAGE][PASSED] - Navigate to 'https://d16a4dsnr8a0k1.cloudfront.net/en/2455233.html?price=150.00%20%E2%82%AC&partName=wilsonPartName&vin=wilsonVin&modelCode=XP11&paint=P0A94&modelDescription=wilsonModelDescription&additionalEquipment=wilsonAdditionalEquipment' successfully

2018-03-06 08:44:01 - [MESSAGE][PASSED] - Object 'Object Repository/CuPaDl/Loading_indicator' is visible

2018-03-06 08:44:05 - [MESSAGE][PASSED] - Object 'Object Repository/CuPaDl/Loading_indicator' is NOT visible

2018-03-06 08:44:06 - [MESSAGE][PASSED] - Delayed 1 second(s)

2018-03-06 08:44:06 - [MESSAGE][PASSED] - cupakeysDl.initStart.initialStart is PASSED

2018-03-06 08:44:06 - [TEST_STEP][PASSED] - Statement - (step++): null

2018-03-06 08:44:06 - [TEST_STEP][PASSED] - cupakeysDl.color.changecolor: cupakeysDl.color.changecolor is PASSED

2018-03-06 08:44:06 - [MESSAGE][PASSED] - Object 'Object Repository/CuPaDl/Color/Color' is visible

2018-03-06 08:44:06 - [MESSAGE][PASSED] - Object: 'Object Repository/CuPaDl/Color/Color' is clicked on

2018-03-06 08:44:07 - [MESSAGE][PASSED] - Delayed 1 second(s)

2018-03-06 08:44:07 - [MESSAGE][PASSED] - Object 'Object Repository/CuPaDl/Color/Color_lapisblue' is visible

2018-03-06 08:44:07 - [MESSAGE][PASSED] - Object: 'Object Repository/CuPaDl/Color/Color_lapisblue' is clicked on

2018-03-06 08:44:07 - [MESSAGE][WARNING] - Timeout '0' is invalid. Using default page load timeout: '30'

2018-03-06 08:44:07 - [MESSAGE][PASSED] - Object 'Object Repository/CuPaDl/Color/Color_lapisblue' is visible

2018-03-06 08:44:08 - [MESSAGE][PASSED] - Delayed 1 second(s)

2018-03-06 08:44:09 - [MESSAGE][PASSED] - Object: 'Object Repository/CuPaDl/Color/Color_lapisblue' is clicked on

2018-03-06 08:44:12 - [MESSAGE][WARNING] - Object 'Object Repository/CuPaDl/Loading_indicator' is not visible after 3 second(s)

2018-03-06 08:44:13 - [MESSAGE][PASSED] - Delayed 1 second(s)

2018-03-06 08:44:13 - [MESSAGE][PASSED] - cupakeysDl.color.changecolor is PASSED

2018-03-06 08:44:13 - [TEST_STEP][PASSED] - Statement - (step++): null

2018-03-06 08:44:13 - [TEST_STEP][PASSED] - Statement - iconmap += CustomKeywords.cupakeysDl.iconad.iconadd("simplecompass", LoadTimeCorrector, step, run, device, timeStamp, iconcount): cupakeysDl.iconad.iconadd is PASSED

2018-03-06 08:44:13 - [MESSAGE][PASSED] - Object: 'Object Repository/CuPaDl/Icons/Icon' is clicked on

2018-03-06 08:44:15 - [MESSAGE][WARNING] - Object 'Object Repository/CuPaDl/Icons/Icon_simplecompass' is not visible after 2 second(s)

2018-03-06 08:44:15 - [MESSAGE][PASSED] - Object: 'Object Repository/CuPaDl/MenuScroll/ObjectsScrollRight' is clicked on

2018-03-06 08:44:17 - [MESSAGE][PASSED] - Delayed 2 second(s)

2018-03-06 08:44:17 - [MESSAGE][PASSED] - Object 'Object Repository/CuPaDl/Icons/Icon_simplecompass' is visible

2018-03-06 08:44:17 - [MESSAGE][PASSED] - Object: 'Object Repository/CuPaDl/Icons/Icon_simplecompass' is clicked on

2018-03-06 08:44:18 - [MESSAGE][PASSED] - Delayed 1 second(s)

2018-03-06 08:44:21 - [MESSAGE][WARNING] - Object 'Object Repository/CuPaDl/Loading_indicator' is not visible after 3 second(s)

2018-03-06 08:44:21 - [MESSAGE][WARNING] - Timeout '0' is invalid. Using default page load timeout: '30'

2018-03-06 08:44:21 - [MESSAGE][PASSED] - Width of element 'Object Repository/CuPaDl/Icons/Reposition_icon' is '40'

2018-03-06 08:44:21 - [MESSAGE][PASSED] - Height of element 'Object Repository/CuPaDl/Icons/Reposition_icon' is '40'.

2018-03-06 08:44:22 - [MESSAGE][PASSED] - Delayed 1 second(s)

2018-03-06 08:44:22 - [MESSAGE][PASSED] - cupakeysDl.iconad.iconadd is PASSED

2018-03-06 08:44:22 - [TEST_STEP][PASSED] - Statement - (step++): null

2018-03-06 08:44:22 - [TEST_STEP][PASSED] - Statement - (iconcount++): null

2018-03-06 08:44:22 - [TEST_STEP][PASSED] - cupakeysDl.iconres.iconresize: cupakeysDl.iconres.iconresize is PASSED

2018-03-06 08:44:22 - [MESSAGE][PASSED] - Object 'Object Repository/CuPaDl/Icons/Reposition_icon' is visible

2018-03-06 08:44:22 - [MESSAGE][PASSED] - Current viewport's left (x) position is 0

2018-03-06 08:44:22 - [MESSAGE][PASSED] - Current viewport's top (y) position is 54

2018-03-06 08:44:22 - [MESSAGE][PASSED] - Dragged object with id 'Object Repository/CuPaDl/Icons/Resize_icon_bottomright' by offset distance x = 125 and y = 179 successfully

2018-03-06 08:44:26 - [MESSAGE][WARNING] - Object 'Object Repository/CuPaDl/Loading_indicator' is not visible after 3 second(s)

2018-03-06 08:44:27 - [MESSAGE][PASSED] - Delayed 1 second(s)

2018-03-06 08:44:27 - [MESSAGE][PASSED] - cupakeysDl.iconres.iconresize is PASSED

2018-03-06 08:44:27 - [TEST_STEP][PASSED] - Statement - (step++): null

2018-03-06 08:44:27 - [TEST_STEP][PASSED] - cupakeysDl.slink.svlink: cupakeysDl.slink.svlink is PASSED

2018-03-06 08:44:27 - [MESSAGE][PASSED] - Scroll to object 'Object Repository/CuPaDl/Save/Save' successfully

2018-03-06 08:44:27 - [MESSAGE][PASSED] - Object: 'Object Repository/CuPaDl/Save/Save' is clicked on

2018-03-06 08:44:27 - [MESSAGE][WARNING] - Timeout '0' is invalid. Using default page load timeout: '30'

2018-03-06 08:44:28 - [MESSAGE][PASSED] - Object 'Object Repository/CuPaDl/Save/CopyLink' is visible

2018-03-06 08:44:28 - [MESSAGE][PASSED] - Object: 'Object Repository/CuPaDl/Save/CopyLink' is clicked on

2018-03-06 08:44:29 - [MESSAGE][PASSED] - Delayed 1 second(s)

2018-03-06 08:44:29 - [MESSAGE][PASSED] - Object: 'Object Repository/CuPaDl/Save/Close' is clicked on

2018-03-06 08:44:30 - [MESSAGE][PASSED] - Delayed 1 second(s)

2018-03-06 08:44:30 - [MESSAGE][PASSED] - cupakeysDl.slink.svlink is PASSED

2018-03-06 08:44:30 - [TEST_STEP][PASSED] - cupakeysDl.endsession.finishsession: cupakeysDl.endsession.finishsession is PASSED

2018-03-06 08:44:33 - [MESSAGE][PASSED] - Delayed 3 second(s)

2018-03-06 08:44:34 - [MESSAGE][PASSED] - Browser is closed

2018-03-06 08:44:34 - [MESSAGE][PASSED] - cupakeysDl.endsession.finishsession is PASSED]]></system-out>
         <system-err><![CDATA[]]></system-err>
      </testcase>
      <testcase name="Test Cases/CuPaStefanie/41" classname="Test Cases/CuPaStefanie/41" status="PASSED">
         <system-out><![CDATA[2018-03-06 08:44:34 - [TEST_CASE][PASSED] - Test Cases/CuPaStefanie/41: Test Cases/CuPaStefanie/41

2018-03-06 08:44:34 - [TEST_STEP][PASSED] - Statement - timeStamp = new java.text.SimpleDateFormat(dd.MM.yyyy).format(java.util.Calendar.getInstance().getTime()): null

2018-03-06 08:44:34 - [TEST_STEP][PASSED] - Statement - timeStampScreenshot = new java.text.SimpleDateFormat(dd.MM.yyyy).format(java.util.Calendar.getInstance().getTime()): null

2018-03-06 08:44:34 - [TEST_STEP][PASSED] - Statement - iconmap = [:]: null

2018-03-06 08:44:34 - [TEST_STEP][PASSED] - Statement - txtmap = [:]: null

2018-03-06 08:44:34 - [TEST_STEP][PASSED] - Statement - signmap = [:]: null

2018-03-06 08:44:34 - [TEST_STEP][PASSED] - cupakeysDl.initStart.initialStart: cupakeysDl.initStart.initialStart is PASSED

2018-03-06 08:44:36 - [MESSAGE][PASSED] - Browser is opened with url: ''

2018-03-06 08:44:39 - [MESSAGE][PASSED] - Delayed 3 second(s)

2018-03-06 08:44:41 - [MESSAGE][PASSED] - Navigate to 'https://d16a4dsnr8a0k1.cloudfront.net/en/2455233.html?price=150.00%20%E2%82%AC&partName=wilsonPartName&vin=wilsonVin&modelCode=XP11&paint=P0A94&modelDescription=wilsonModelDescription&additionalEquipment=wilsonAdditionalEquipment' successfully

2018-03-06 08:44:41 - [MESSAGE][PASSED] - Object 'Object Repository/CuPaDl/Loading_indicator' is visible

2018-03-06 08:44:45 - [MESSAGE][PASSED] - Object 'Object Repository/CuPaDl/Loading_indicator' is NOT visible

2018-03-06 08:44:46 - [MESSAGE][PASSED] - Delayed 1 second(s)

2018-03-06 08:44:46 - [MESSAGE][PASSED] - cupakeysDl.initStart.initialStart is PASSED

2018-03-06 08:44:46 - [TEST_STEP][PASSED] - Statement - (step++): null

2018-03-06 08:44:46 - [TEST_STEP][PASSED] - cupakeysDl.color.changecolor: cupakeysDl.color.changecolor is PASSED

2018-03-06 08:44:46 - [MESSAGE][PASSED] - Object 'Object Repository/CuPaDl/Color/Color' is visible

2018-03-06 08:44:46 - [MESSAGE][PASSED] - Object: 'Object Repository/CuPaDl/Color/Color' is clicked on

2018-03-06 08:44:47 - [MESSAGE][PASSED] - Delayed 1 second(s)

2018-03-06 08:44:47 - [MESSAGE][PASSED] - Object 'Object Repository/CuPaDl/Color/Color_rebelgreen' is visible

2018-03-06 08:44:47 - [MESSAGE][PASSED] - Object: 'Object Repository/CuPaDl/Color/Color_rebelgreen' is clicked on

2018-03-06 08:44:47 - [MESSAGE][WARNING] - Timeout '0' is invalid. Using default page load timeout: '30'

2018-03-06 08:44:47 - [MESSAGE][PASSED] - Object 'Object Repository/CuPaDl/Color/Color_rebelgreen' is visible

2018-03-06 08:44:48 - [MESSAGE][PASSED] - Delayed 1 second(s)

2018-03-06 08:44:48 - [MESSAGE][PASSED] - Object: 'Object Repository/CuPaDl/Color/Color_rebelgreen' is clicked on

2018-03-06 08:44:51 - [MESSAGE][WARNING] - Object 'Object Repository/CuPaDl/Loading_indicator' is not visible after 3 second(s)

2018-03-06 08:44:52 - [MESSAGE][PASSED] - Delayed 1 second(s)

2018-03-06 08:44:52 - [MESSAGE][PASSED] - cupakeysDl.color.changecolor is PASSED

2018-03-06 08:44:52 - [TEST_STEP][PASSED] - Statement - (step++): null

2018-03-06 08:44:52 - [TEST_STEP][PASSED] - Statement - iconmap += CustomKeywords.cupakeysDl.iconad.iconadd("worldmap", LoadTimeCorrector, step, run, device, timeStamp, iconcount): cupakeysDl.iconad.iconadd is PASSED

2018-03-06 08:44:52 - [MESSAGE][PASSED] - Object: 'Object Repository/CuPaDl/Icons/Icon' is clicked on

2018-03-06 08:44:54 - [MESSAGE][WARNING] - Object 'Object Repository/CuPaDl/Icons/Icon_worldmap' is not visible after 2 second(s)

2018-03-06 08:44:54 - [MESSAGE][PASSED] - Object: 'Object Repository/CuPaDl/MenuScroll/ObjectsScrollRight' is clicked on

2018-03-06 08:44:56 - [MESSAGE][PASSED] - Delayed 2 second(s)

2018-03-06 08:44:56 - [MESSAGE][PASSED] - Object 'Object Repository/CuPaDl/Icons/Icon_worldmap' is visible

2018-03-06 08:44:56 - [MESSAGE][PASSED] - Object: 'Object Repository/CuPaDl/Icons/Icon_worldmap' is clicked on

2018-03-06 08:44:57 - [MESSAGE][PASSED] - Delayed 1 second(s)

2018-03-06 08:44:57 - [MESSAGE][PASSED] - Object 'Object Repository/CuPaDl/Loading_indicator' is visible

2018-03-06 08:45:00 - [MESSAGE][PASSED] - Object 'Object Repository/CuPaDl/Loading_indicator' is NOT visible

2018-03-06 08:45:00 - [MESSAGE][WARNING] - Timeout '0' is invalid. Using default page load timeout: '30'

2018-03-06 08:45:00 - [MESSAGE][PASSED] - Width of element 'Object Repository/CuPaDl/Icons/Reposition_icon' is '40'

2018-03-06 08:45:00 - [MESSAGE][PASSED] - Height of element 'Object Repository/CuPaDl/Icons/Reposition_icon' is '40'.

2018-03-06 08:45:01 - [MESSAGE][PASSED] - Delayed 1 second(s)

2018-03-06 08:45:01 - [MESSAGE][PASSED] - cupakeysDl.iconad.iconadd is PASSED

2018-03-06 08:45:01 - [TEST_STEP][PASSED] - Statement - (step++): null

2018-03-06 08:45:01 - [TEST_STEP][PASSED] - Statement - (iconcount++): null

2018-03-06 08:45:01 - [TEST_STEP][PASSED] - cupakeysDl.iconres.iconresize: cupakeysDl.iconres.iconresize is PASSED

2018-03-06 08:45:01 - [MESSAGE][PASSED] - Object 'Object Repository/CuPaDl/Icons/Reposition_icon' is visible

2018-03-06 08:45:01 - [MESSAGE][PASSED] - Current viewport's left (x) position is 0

2018-03-06 08:45:01 - [MESSAGE][PASSED] - Current viewport's top (y) position is 54

2018-03-06 08:45:01 - [MESSAGE][PASSED] - Dragged object with id 'Object Repository/CuPaDl/Icons/Resize_icon_bottomright' by offset distance x = -125 and y = -71 successfully

2018-03-06 08:45:02 - [MESSAGE][PASSED] - Object 'Object Repository/CuPaDl/Loading_indicator' is visible

2018-03-06 08:45:04 - [MESSAGE][PASSED] - Object 'Object Repository/CuPaDl/Loading_indicator' is NOT visible

2018-03-06 08:45:05 - [MESSAGE][PASSED] - Delayed 1 second(s)

2018-03-06 08:45:05 - [MESSAGE][PASSED] - cupakeysDl.iconres.iconresize is PASSED

2018-03-06 08:45:05 - [TEST_STEP][PASSED] - Statement - (step++): null

2018-03-06 08:45:05 - [TEST_STEP][PASSED] - cupakeysDl.slink.svlink: cupakeysDl.slink.svlink is PASSED

2018-03-06 08:45:05 - [MESSAGE][PASSED] - Scroll to object 'Object Repository/CuPaDl/Save/Save' successfully

2018-03-06 08:45:05 - [MESSAGE][PASSED] - Object: 'Object Repository/CuPaDl/Save/Save' is clicked on

2018-03-06 08:45:05 - [MESSAGE][WARNING] - Timeout '0' is invalid. Using default page load timeout: '30'

2018-03-06 08:45:05 - [MESSAGE][PASSED] - Object 'Object Repository/CuPaDl/Save/CopyLink' is visible

2018-03-06 08:45:06 - [MESSAGE][PASSED] - Object: 'Object Repository/CuPaDl/Save/CopyLink' is clicked on

2018-03-06 08:45:07 - [MESSAGE][PASSED] - Delayed 1 second(s)

2018-03-06 08:45:07 - [MESSAGE][PASSED] - Object: 'Object Repository/CuPaDl/Save/Close' is clicked on

2018-03-06 08:45:08 - [MESSAGE][PASSED] - Delayed 1 second(s)

2018-03-06 08:45:08 - [MESSAGE][PASSED] - cupakeysDl.slink.svlink is PASSED

2018-03-06 08:45:08 - [TEST_STEP][PASSED] - cupakeysDl.endsession.finishsession: cupakeysDl.endsession.finishsession is PASSED

2018-03-06 08:45:11 - [MESSAGE][PASSED] - Delayed 3 second(s)

2018-03-06 08:45:11 - [MESSAGE][PASSED] - Browser is closed

2018-03-06 08:45:11 - [MESSAGE][PASSED] - cupakeysDl.endsession.finishsession is PASSED]]></system-out>
         <system-err><![CDATA[]]></system-err>
      </testcase>
      <testcase name="Test Cases/CuPaStefanie/42" classname="Test Cases/CuPaStefanie/42" status="PASSED">
         <system-out><![CDATA[2018-03-06 08:45:11 - [TEST_CASE][PASSED] - Test Cases/CuPaStefanie/42: Test Cases/CuPaStefanie/42

2018-03-06 08:45:11 - [TEST_STEP][PASSED] - Statement - timeStamp = new java.text.SimpleDateFormat(dd.MM.yyyy).format(java.util.Calendar.getInstance().getTime()): null

2018-03-06 08:45:11 - [TEST_STEP][PASSED] - Statement - timeStampScreenshot = new java.text.SimpleDateFormat(dd.MM.yyyy).format(java.util.Calendar.getInstance().getTime()): null

2018-03-06 08:45:11 - [TEST_STEP][PASSED] - Statement - iconmap = [:]: null

2018-03-06 08:45:11 - [TEST_STEP][PASSED] - Statement - txtmap = [:]: null

2018-03-06 08:45:11 - [TEST_STEP][PASSED] - Statement - signmap = [:]: null

2018-03-06 08:45:11 - [TEST_STEP][PASSED] - cupakeysDl.initStart.initialStart: cupakeysDl.initStart.initialStart is PASSED

2018-03-06 08:45:13 - [MESSAGE][PASSED] - Browser is opened with url: ''

2018-03-06 08:45:16 - [MESSAGE][PASSED] - Delayed 3 second(s)

2018-03-06 08:45:18 - [MESSAGE][PASSED] - Navigate to 'https://d16a4dsnr8a0k1.cloudfront.net/en/2455233.html?price=150.00%20%E2%82%AC&partName=wilsonPartName&vin=wilsonVin&modelCode=XP11&paint=P0A94&modelDescription=wilsonModelDescription&additionalEquipment=wilsonAdditionalEquipment' successfully

2018-03-06 08:45:18 - [MESSAGE][PASSED] - Object 'Object Repository/CuPaDl/Loading_indicator' is visible

2018-03-06 08:45:22 - [MESSAGE][PASSED] - Object 'Object Repository/CuPaDl/Loading_indicator' is NOT visible

2018-03-06 08:45:23 - [MESSAGE][PASSED] - Delayed 1 second(s)

2018-03-06 08:45:23 - [MESSAGE][PASSED] - cupakeysDl.initStart.initialStart is PASSED

2018-03-06 08:45:23 - [TEST_STEP][PASSED] - Statement - (step++): null

2018-03-06 08:45:23 - [TEST_STEP][PASSED] - cupakeysDl.color.changecolor: cupakeysDl.color.changecolor is PASSED

2018-03-06 08:45:23 - [MESSAGE][PASSED] - Object 'Object Repository/CuPaDl/Color/Color' is visible

2018-03-06 08:45:23 - [MESSAGE][PASSED] - Object: 'Object Repository/CuPaDl/Color/Color' is clicked on

2018-03-06 08:45:24 - [MESSAGE][PASSED] - Delayed 1 second(s)

2018-03-06 08:45:24 - [MESSAGE][PASSED] - Object 'Object Repository/CuPaDl/Color/Color_caribeanaqua' is visible

2018-03-06 08:45:24 - [MESSAGE][PASSED] - Object: 'Object Repository/CuPaDl/Color/Color_caribeanaqua' is clicked on

2018-03-06 08:45:24 - [MESSAGE][WARNING] - Timeout '0' is invalid. Using default page load timeout: '30'

2018-03-06 08:45:24 - [MESSAGE][PASSED] - Object 'Object Repository/CuPaDl/Color/Color_caribeanaqua' is visible

2018-03-06 08:45:25 - [MESSAGE][PASSED] - Delayed 1 second(s)

2018-03-06 08:45:25 - [MESSAGE][PASSED] - Object: 'Object Repository/CuPaDl/Color/Color_caribeanaqua' is clicked on

2018-03-06 08:45:28 - [MESSAGE][WARNING] - Object 'Object Repository/CuPaDl/Loading_indicator' is not visible after 3 second(s)

2018-03-06 08:45:29 - [MESSAGE][PASSED] - Delayed 1 second(s)

2018-03-06 08:45:29 - [MESSAGE][PASSED] - cupakeysDl.color.changecolor is PASSED

2018-03-06 08:45:29 - [TEST_STEP][PASSED] - Statement - (step++): null

2018-03-06 08:45:29 - [TEST_STEP][PASSED] - Statement - iconmap += CustomKeywords.cupakeysDl.iconad.iconadd("worldmap", LoadTimeCorrector, step, run, device, timeStamp, iconcount): cupakeysDl.iconad.iconadd is PASSED

2018-03-06 08:45:30 - [MESSAGE][PASSED] - Object: 'Object Repository/CuPaDl/Icons/Icon' is clicked on

2018-03-06 08:45:32 - [MESSAGE][WARNING] - Object 'Object Repository/CuPaDl/Icons/Icon_worldmap' is not visible after 2 second(s)

2018-03-06 08:45:32 - [MESSAGE][PASSED] - Object: 'Object Repository/CuPaDl/MenuScroll/ObjectsScrollRight' is clicked on

2018-03-06 08:45:34 - [MESSAGE][PASSED] - Delayed 2 second(s)

2018-03-06 08:45:34 - [MESSAGE][PASSED] - Object 'Object Repository/CuPaDl/Icons/Icon_worldmap' is visible

2018-03-06 08:45:34 - [MESSAGE][PASSED] - Object: 'Object Repository/CuPaDl/Icons/Icon_worldmap' is clicked on

2018-03-06 08:45:35 - [MESSAGE][PASSED] - Delayed 1 second(s)

2018-03-06 08:45:35 - [MESSAGE][PASSED] - Object 'Object Repository/CuPaDl/Loading_indicator' is visible

2018-03-06 08:45:37 - [MESSAGE][PASSED] - Object 'Object Repository/CuPaDl/Loading_indicator' is NOT visible

2018-03-06 08:45:37 - [MESSAGE][WARNING] - Timeout '0' is invalid. Using default page load timeout: '30'

2018-03-06 08:45:37 - [MESSAGE][PASSED] - Width of element 'Object Repository/CuPaDl/Icons/Reposition_icon' is '40'

2018-03-06 08:45:37 - [MESSAGE][PASSED] - Height of element 'Object Repository/CuPaDl/Icons/Reposition_icon' is '40'.

2018-03-06 08:45:38 - [MESSAGE][PASSED] - Delayed 1 second(s)

2018-03-06 08:45:38 - [MESSAGE][PASSED] - cupakeysDl.iconad.iconadd is PASSED

2018-03-06 08:45:38 - [TEST_STEP][PASSED] - Statement - (step++): null

2018-03-06 08:45:38 - [TEST_STEP][PASSED] - Statement - (iconcount++): null

2018-03-06 08:45:38 - [TEST_STEP][PASSED] - cupakeysDl.iconres.iconresize: cupakeysDl.iconres.iconresize is PASSED

2018-03-06 08:45:38 - [MESSAGE][PASSED] - Object 'Object Repository/CuPaDl/Icons/Reposition_icon' is visible

2018-03-06 08:45:38 - [MESSAGE][PASSED] - Current viewport's left (x) position is 0

2018-03-06 08:45:38 - [MESSAGE][PASSED] - Current viewport's top (y) position is 54

2018-03-06 08:45:38 - [MESSAGE][PASSED] - Dragged object with id 'Object Repository/CuPaDl/Icons/Resize_icon_bottomright' by offset distance x = 125 and y = 179 successfully

2018-03-06 08:45:39 - [MESSAGE][PASSED] - Object 'Object Repository/CuPaDl/Loading_indicator' is visible

2018-03-06 08:45:41 - [MESSAGE][PASSED] - Object 'Object Repository/CuPaDl/Loading_indicator' is NOT visible

2018-03-06 08:45:42 - [MESSAGE][PASSED] - Delayed 1 second(s)

2018-03-06 08:45:42 - [MESSAGE][PASSED] - cupakeysDl.iconres.iconresize is PASSED

2018-03-06 08:45:42 - [TEST_STEP][PASSED] - Statement - (step++): null

2018-03-06 08:45:42 - [TEST_STEP][PASSED] - cupakeysDl.slink.svlink: cupakeysDl.slink.svlink is PASSED

2018-03-06 08:45:42 - [MESSAGE][PASSED] - Scroll to object 'Object Repository/CuPaDl/Save/Save' successfully

2018-03-06 08:45:42 - [MESSAGE][PASSED] - Object: 'Object Repository/CuPaDl/Save/Save' is clicked on

2018-03-06 08:45:42 - [MESSAGE][WARNING] - Timeout '0' is invalid. Using default page load timeout: '30'

2018-03-06 08:45:42 - [MESSAGE][PASSED] - Object 'Object Repository/CuPaDl/Save/CopyLink' is visible

2018-03-06 08:45:43 - [MESSAGE][PASSED] - Object: 'Object Repository/CuPaDl/Save/CopyLink' is clicked on

2018-03-06 08:45:44 - [MESSAGE][PASSED] - Delayed 1 second(s)

2018-03-06 08:45:44 - [MESSAGE][PASSED] - Object: 'Object Repository/CuPaDl/Save/Close' is clicked on

2018-03-06 08:45:45 - [MESSAGE][PASSED] - Delayed 1 second(s)

2018-03-06 08:45:45 - [MESSAGE][PASSED] - cupakeysDl.slink.svlink is PASSED

2018-03-06 08:45:45 - [TEST_STEP][PASSED] - cupakeysDl.endsession.finishsession: cupakeysDl.endsession.finishsession is PASSED

2018-03-06 08:45:48 - [MESSAGE][PASSED] - Delayed 3 second(s)

2018-03-06 08:45:48 - [MESSAGE][PASSED] - Browser is closed

2018-03-06 08:45:48 - [MESSAGE][PASSED] - cupakeysDl.endsession.finishsession is PASSED]]></system-out>
         <system-err><![CDATA[]]></system-err>
      </testcase>
      <system-out><![CDATA[2018-03-06 06:06:22 - [TEST_SUITE][PASSED] - CuPa: Test Cases/CuPaStefanie/42]]></system-out>
      <system-err><![CDATA[]]></system-err>
   </testsuite>
</testsuites>
