<?xml version="1.0" encoding="UTF-8"?>
<testsuites name="CuPa" time="86" tests="2" failures="0" errors="0">
   <testsuite name="CuPa" tests="2" failures="0" errors="0" time="86" timestamp="2018-03-06 11:28:23" hostname="Megapoort - DESKTOP-47R6KV7.localdomain" id="Test Suites/CuPa">
      <properties>
         <property name="deviceName" value=""/>
         <property name="devicePlatform" value=""/>
         <property name="logFolder" value="D:\\Project\\DS5.2.1\\Reports\\CuPa\\20180306_112822"/>
         <property name="logFiles" value="D:\\Project\\DS5.2.1\\Reports\\CuPa\\20180306_112822\\execution0.log"/>
         <property name="attachments" value=""/>
         <property name="hostName" value="Megapoort - DESKTOP-47R6KV7.localdomain"/>
         <property name="os" value="Windows 10 64bit"/>
         <property name="katalonVersion" value="5.3.1.1"/>
         <property name="browser" value="Chrome 64.0.3282.186"/>
         <property name="hostAddress" value="192.168.100.78"/>
         <property name="sessionId" value="e36aa9ff616c8375f7faa53c1395eff3"/>
         <property name="seleniumVersion" value="3.7.1"/>
         <property name="proxyInformation" value="ProxyInformation{proxyOption=NO_PROXY, proxyServerType=HTTP, password=, proxyServerAddress=, proxyServerPort=0}"/>
         <property name="platform" value="Windows 10"/>
      </properties>
      <testcase name="Test Cases/CuPaStefanie/0" classname="Test Cases/CuPaStefanie/0" status="PASSED">
         <system-out><![CDATA[2018-03-06 11:28:23 - [TEST_CASE][PASSED] - Test Cases/CuPaStefanie/0: Test Cases/CuPaStefanie/0

2018-03-06 11:28:23 - [TEST_STEP][PASSED] - Statement - timeStamp = new java.text.SimpleDateFormat(dd.MM.yyyy).format(java.util.Calendar.getInstance().getTime()): null

2018-03-06 11:28:23 - [TEST_STEP][PASSED] - Statement - timeStampScreenshot = new java.text.SimpleDateFormat(dd.MM.yyyy).format(java.util.Calendar.getInstance().getTime()): null

2018-03-06 11:28:23 - [TEST_STEP][PASSED] - Statement - ps = new java.io.PrintStream((((timeStamp + _Run) + run) + .txt)): null]]></system-out>
         <system-err><![CDATA[]]></system-err>
      </testcase>
      <testcase name="Test Cases/CuPaStefanie/1" classname="Test Cases/CuPaStefanie/1" status="PASSED">
         <system-out><![CDATA[2018-03-06 11:28:23 - [TEST_CASE][PASSED] - Test Cases/CuPaStefanie/1: Test Cases/CuPaStefanie/1

2018-03-06 11:28:24 - [TEST_STEP][PASSED] - Statement - timeStamp = new java.text.SimpleDateFormat(dd.MM.yyyy).format(java.util.Calendar.getInstance().getTime()): null

2018-03-06 11:28:24 - [TEST_STEP][PASSED] - Statement - timeStampScreenshot = new java.text.SimpleDateFormat(dd.MM.yyyy).format(java.util.Calendar.getInstance().getTime()): null

2018-03-06 11:28:24 - [TEST_STEP][PASSED] - Statement - iconmap = [:]: null

2018-03-06 11:28:24 - [TEST_STEP][PASSED] - Statement - txtmap = [:]: null

2018-03-06 11:28:24 - [TEST_STEP][PASSED] - Statement - signmap = [:]: null

2018-03-06 11:28:24 - [TEST_STEP][PASSED] - cupakeysDl.initStart.initialStart: cupakeysDl.initStart.initialStart is PASSED

2018-03-06 11:28:26 - [MESSAGE][PASSED] - Browser is opened with url: ''

2018-03-06 11:28:29 - [MESSAGE][PASSED] - Delayed 3 second(s)

2018-03-06 11:28:31 - [MESSAGE][PASSED] - Navigate to 'https://d16a4dsnr8a0k1.cloudfront.net/en/2455233.html?price=150.00%20%E2%82%AC&partName=wilsonPartName&vin=wilsonVin&modelCode=XP11&paint=P0A94&modelDescription=wilsonModelDescription&additionalEquipment=wilsonAdditionalEquipment' successfully

2018-03-06 11:28:31 - [MESSAGE][PASSED] - Object 'Object Repository/CuPaDl/Loading_indicator' is visible

2018-03-06 11:28:39 - [MESSAGE][PASSED] - Object 'Object Repository/CuPaDl/Loading_indicator' is NOT visible

2018-03-06 11:28:40 - [MESSAGE][PASSED] - Delayed 1 second(s)

2018-03-06 11:28:40 - [MESSAGE][PASSED] - cupakeysDl.initStart.initialStart is PASSED

2018-03-06 11:28:40 - [TEST_STEP][PASSED] - Statement - (step++): null

2018-03-06 11:28:40 - [TEST_STEP][PASSED] - cupakeysDl.color.changecolor: cupakeysDl.color.changecolor is PASSED

2018-03-06 11:28:40 - [MESSAGE][PASSED] - Object 'Object Repository/CuPaDl/Color/Color' is visible

2018-03-06 11:28:40 - [MESSAGE][PASSED] - Object: 'Object Repository/CuPaDl/Color/Color' is clicked on

2018-03-06 11:28:41 - [MESSAGE][PASSED] - Delayed 1 second(s)

2018-03-06 11:28:41 - [MESSAGE][PASSED] - Object 'Object Repository/CuPaDl/Color/Color_passionred' is visible

2018-03-06 11:28:41 - [MESSAGE][PASSED] - Object: 'Object Repository/CuPaDl/Color/Color_passionred' is clicked on

2018-03-06 11:28:41 - [MESSAGE][WARNING] - Timeout '0' is invalid. Using default page load timeout: '30'

2018-03-06 11:28:41 - [MESSAGE][PASSED] - Object 'Object Repository/CuPaDl/Color/Color_passionred' is visible

2018-03-06 11:28:42 - [MESSAGE][PASSED] - Delayed 1 second(s)

2018-03-06 11:28:42 - [MESSAGE][PASSED] - Object: 'Object Repository/CuPaDl/Color/Color_passionred' is clicked on

2018-03-06 11:28:42 - [MESSAGE][PASSED] - Object 'Object Repository/CuPaDl/Loading_indicator' is visible

2018-03-06 11:28:45 - [MESSAGE][PASSED] - Object 'Object Repository/CuPaDl/Loading_indicator' is NOT visible

2018-03-06 11:28:46 - [MESSAGE][PASSED] - Delayed 1 second(s)

2018-03-06 11:28:46 - [MESSAGE][PASSED] - cupakeysDl.color.changecolor is PASSED

2018-03-06 11:28:46 - [TEST_STEP][PASSED] - Statement - (step++): null

2018-03-06 11:28:46 - [TEST_STEP][PASSED] - cupakeysDl.chngstruct.changestructure: cupakeysDl.chngstruct.changestructure is PASSED

2018-03-06 11:28:46 - [MESSAGE][PASSED] - Object: 'Object Repository/CuPaDl/Structure/Structure' is clicked on

2018-03-06 11:28:46 - [MESSAGE][WARNING] - Timeout '0' is invalid. Using default page load timeout: '30'

2018-03-06 11:28:46 - [MESSAGE][PASSED] - Object 'Object Repository/CuPaDl/Structure/Structure_Hahnentritt' is visible

2018-03-06 11:28:46 - [MESSAGE][PASSED] - Object 'Object Repository/CuPaDl/Structure/Structure_drops' is visible

2018-03-06 11:28:46 - [MESSAGE][PASSED] - Object: 'Object Repository/CuPaDl/Structure/Structure_drops' is clicked on

2018-03-06 11:28:47 - [MESSAGE][PASSED] - Object 'Object Repository/CuPaDl/Loading_indicator' is visible

2018-03-06 11:28:53 - [MESSAGE][PASSED] - Object 'Object Repository/CuPaDl/Loading_indicator' is NOT visible

2018-03-06 11:28:54 - [MESSAGE][PASSED] - Delayed 1 second(s)

2018-03-06 11:28:54 - [MESSAGE][PASSED] - cupakeysDl.chngstruct.changestructure is PASSED

2018-03-06 11:28:54 - [TEST_STEP][PASSED] - Statement - (step++): null

2018-03-06 11:28:54 - [TEST_STEP][PASSED] - cupakeysDl.sclstruct.scalestructure: cupakeysDl.sclstruct.scalestructure is PASSED

2018-03-06 11:28:57 - [MESSAGE][WARNING] - Object 'Object Repository/CuPaDl/Structure/Resize_Structure_bottomright' is not visible after 3 second(s)

2018-03-06 11:28:57 - [MESSAGE][PASSED] - Object: 'Object Repository/CuPaDl/Structure/Resize_Structure' is clicked on

2018-03-06 11:28:57 - [MESSAGE][WARNING] - Timeout '0' is invalid. Using default page load timeout: '30'

2018-03-06 11:28:57 - [MESSAGE][PASSED] - Object 'Object Repository/CuPaDl/Structure/Resize_Structure_bottomright' is visible

2018-03-06 11:28:58 - [MESSAGE][PASSED] - Delayed 1 second(s)

2018-03-06 11:28:58 - [MESSAGE][PASSED] - Current viewport's left (x) position is 0

2018-03-06 11:28:58 - [MESSAGE][PASSED] - Current viewport's top (y) position is 54

2018-03-06 11:28:58 - [MESSAGE][PASSED] - Dragged object with id 'Object Repository/CuPaDl/Structure/Resize_Structure_bottomright' by offset distance x = -225 and y = -171 successfully

2018-03-06 11:28:59 - [MESSAGE][PASSED] - Object 'Object Repository/CuPaDl/Loading_indicator' is visible

2018-03-06 11:29:21 - [MESSAGE][PASSED] - Object 'Object Repository/CuPaDl/Loading_indicator' is NOT visible

2018-03-06 11:29:22 - [MESSAGE][PASSED] - Delayed 1 second(s)

2018-03-06 11:29:22 - [MESSAGE][PASSED] - cupakeysDl.sclstruct.scalestructure is PASSED

2018-03-06 11:29:22 - [TEST_STEP][PASSED] - Statement - (step++): null

2018-03-06 11:29:22 - [TEST_STEP][PASSED] - Statement - iconmap += CustomKeywords.cupakeysDl.iconad.iconadd("unionjack", LoadTimeCorrector, step, run, device, timeStamp, iconcount): cupakeysDl.iconad.iconadd is PASSED

2018-03-06 11:29:22 - [MESSAGE][PASSED] - Object: 'Object Repository/CuPaDl/Icons/Icon' is clicked on

2018-03-06 11:29:22 - [MESSAGE][PASSED] - Object 'Object Repository/CuPaDl/Icons/Icon_unionjack' is visible

2018-03-06 11:29:22 - [MESSAGE][PASSED] - Object: 'Object Repository/CuPaDl/Icons/Icon_unionjack' is clicked on

2018-03-06 11:29:23 - [MESSAGE][PASSED] - Delayed 1 second(s)

2018-03-06 11:29:23 - [MESSAGE][PASSED] - Object 'Object Repository/CuPaDl/Loading_indicator' is visible

2018-03-06 11:29:25 - [MESSAGE][PASSED] - Object 'Object Repository/CuPaDl/Loading_indicator' is NOT visible

2018-03-06 11:29:25 - [MESSAGE][WARNING] - Timeout '0' is invalid. Using default page load timeout: '30'

2018-03-06 11:29:25 - [MESSAGE][PASSED] - Width of element 'Object Repository/CuPaDl/Icons/Reposition_icon' is '40'

2018-03-06 11:29:25 - [MESSAGE][PASSED] - Height of element 'Object Repository/CuPaDl/Icons/Reposition_icon' is '40'.

2018-03-06 11:29:26 - [MESSAGE][PASSED] - Delayed 1 second(s)

2018-03-06 11:29:26 - [MESSAGE][PASSED] - cupakeysDl.iconad.iconadd is PASSED

2018-03-06 11:29:26 - [TEST_STEP][PASSED] - Statement - (step++): null

2018-03-06 11:29:26 - [TEST_STEP][PASSED] - Statement - (iconcount++): null

2018-03-06 11:29:26 - [TEST_STEP][PASSED] - cupakeysDl.iconres.iconresize: cupakeysDl.iconres.iconresize is PASSED

2018-03-06 11:29:26 - [MESSAGE][PASSED] - Object 'Object Repository/CuPaDl/Icons/Reposition_icon' is visible

2018-03-06 11:29:26 - [MESSAGE][PASSED] - Current viewport's left (x) position is 0

2018-03-06 11:29:26 - [MESSAGE][PASSED] - Current viewport's top (y) position is 54

2018-03-06 11:29:26 - [MESSAGE][PASSED] - Dragged object with id 'Object Repository/CuPaDl/Icons/Resize_icon_bottomright' by offset distance x = -125 and y = -71 successfully

2018-03-06 11:29:27 - [MESSAGE][PASSED] - Object 'Object Repository/CuPaDl/Loading_indicator' is visible

2018-03-06 11:29:42 - [MESSAGE][PASSED] - Object 'Object Repository/CuPaDl/Loading_indicator' is NOT visible

2018-03-06 11:29:43 - [MESSAGE][PASSED] - Delayed 1 second(s)

2018-03-06 11:29:43 - [MESSAGE][PASSED] - cupakeysDl.iconres.iconresize is PASSED

2018-03-06 11:29:43 - [TEST_STEP][PASSED] - Statement - (step++): null

2018-03-06 11:29:43 - [TEST_STEP][PASSED] - cupakeysDl.slink.svlink: cupakeysDl.slink.svlink is PASSED

2018-03-06 11:29:43 - [MESSAGE][PASSED] - Scroll to object 'Object Repository/CuPaDl/Save/Save' successfully

2018-03-06 11:29:44 - [MESSAGE][PASSED] - Object: 'Object Repository/CuPaDl/Save/Save' is clicked on

2018-03-06 11:29:44 - [MESSAGE][WARNING] - Timeout '0' is invalid. Using default page load timeout: '30'

2018-03-06 11:29:45 - [MESSAGE][PASSED] - Object 'Object Repository/CuPaDl/Save/CopyLink' is visible

2018-03-06 11:29:45 - [MESSAGE][PASSED] - Attribute 'value' of object 'Object Repository/CuPaDl/Save/Link' is: 'https://d16a4dsnr8a0k1.cloudfront.net/en/2455233.html?scupaId=DjE2MGtbOC4nUHo0RURF'

2018-03-06 11:29:45 - [MESSAGE][PASSED] - cupakeysDl.slink.svlink is PASSED

2018-03-06 11:29:45 - [TEST_STEP][PASSED] - cupakeysDl.endsession.finishsession: cupakeysDl.endsession.finishsession is PASSED

2018-03-06 11:29:48 - [MESSAGE][PASSED] - Delayed 3 second(s)

2018-03-06 11:29:49 - [MESSAGE][PASSED] - Browser is closed

2018-03-06 11:29:49 - [MESSAGE][PASSED] - cupakeysDl.endsession.finishsession is PASSED]]></system-out>
         <system-err><![CDATA[]]></system-err>
      </testcase>
      <system-out><![CDATA[2018-03-06 11:28:23 - [TEST_SUITE][PASSED] - CuPa: Test Cases/CuPaStefanie/1]]></system-out>
      <system-err><![CDATA[]]></system-err>
   </testsuite>
</testsuites>
