<?xml version="1.0" encoding="UTF-8"?>
<testsuites name="CuPa" time="295" tests="5" failures="0" errors="0">
   <testsuite name="CuPa" tests="5" failures="0" errors="0" time="295" timestamp="2018-03-06 14:49:07" hostname="Megapoort - DESKTOP-47R6KV7.localdomain" id="Test Suites/CuPa">
      <properties>
         <property name="deviceName" value=""/>
         <property name="devicePlatform" value=""/>
         <property name="logFolder" value="D:\\Project\\DS5.2.1\\Reports\\CuPa\\20180306_144905"/>
         <property name="logFiles" value="D:\\Project\\DS5.2.1\\Reports\\CuPa\\20180306_144905\\execution0.log"/>
         <property name="attachments" value=""/>
         <property name="hostName" value="Megapoort - DESKTOP-47R6KV7.localdomain"/>
         <property name="os" value="Windows 10 64bit"/>
         <property name="katalonVersion" value="5.3.1.1"/>
         <property name="browser" value="Chrome 64.0.3282.186"/>
         <property name="hostAddress" value="192.168.100.78"/>
         <property name="sessionId" value="de2dc30f61f32b8ac72d8e8fe23037c7"/>
         <property name="seleniumVersion" value="3.7.1"/>
         <property name="proxyInformation" value="ProxyInformation{proxyOption=NO_PROXY, proxyServerType=HTTP, password=, proxyServerAddress=, proxyServerPort=0}"/>
         <property name="platform" value="Windows 10"/>
      </properties>
      <testcase name="Test Cases/CuPaStefanie/0" classname="Test Cases/CuPaStefanie/0" status="PASSED">
         <system-out><![CDATA[2018-03-06 14:49:07 - [TEST_CASE][PASSED] - Test Cases/CuPaStefanie/0: Test Cases/CuPaStefanie/0

2018-03-06 14:49:08 - [TEST_STEP][PASSED] - Statement - timeStamp = new java.text.SimpleDateFormat(dd.MM.yyyy).format(java.util.Calendar.getInstance().getTime()): null

2018-03-06 14:49:08 - [TEST_STEP][PASSED] - Statement - timeStampScreenshot = new java.text.SimpleDateFormat(dd.MM.yyyy).format(java.util.Calendar.getInstance().getTime()): null

2018-03-06 14:49:08 - [TEST_STEP][PASSED] - Statement - ps = new java.io.PrintStream((((timeStamp + _Run) + run) + .txt)): null]]></system-out>
         <system-err><![CDATA[]]></system-err>
      </testcase>
      <testcase name="Test Cases/CuPaStefanie/1" classname="Test Cases/CuPaStefanie/1" status="PASSED">
         <system-out><![CDATA[2018-03-06 14:49:08 - [TEST_CASE][PASSED] - Test Cases/CuPaStefanie/1: Test Cases/CuPaStefanie/1

2018-03-06 14:49:08 - [TEST_STEP][PASSED] - Statement - timeStamp = new java.text.SimpleDateFormat(dd.MM.yyyy).format(java.util.Calendar.getInstance().getTime()): null

2018-03-06 14:49:08 - [TEST_STEP][PASSED] - Statement - timeStampScreenshot = new java.text.SimpleDateFormat(dd.MM.yyyy).format(java.util.Calendar.getInstance().getTime()): null

2018-03-06 14:49:08 - [TEST_STEP][PASSED] - Statement - iconmap = [:]: null

2018-03-06 14:49:08 - [TEST_STEP][PASSED] - Statement - txtmap = [:]: null

2018-03-06 14:49:08 - [TEST_STEP][PASSED] - Statement - signmap = [:]: null

2018-03-06 14:49:08 - [TEST_STEP][PASSED] - cupakeysDl.initStart.initialStart: cupakeysDl.initStart.initialStart is PASSED

2018-03-06 14:49:11 - [MESSAGE][PASSED] - Browser is opened with url: ''

2018-03-06 14:49:14 - [MESSAGE][PASSED] - Delayed 3 second(s)

2018-03-06 14:49:25 - [MESSAGE][PASSED] - Navigate to 'https://d16a4dsnr8a0k1.cloudfront.net/en/2455233.html?price=150.00%20%E2%82%AC&partName=wilsonPartName&vin=wilsonVin&modelCode=XP11&paint=P0A94&modelDescription=wilsonModelDescription&additionalEquipment=wilsonAdditionalEquipment' successfully

2018-03-06 14:49:25 - [MESSAGE][PASSED] - Object 'Object Repository/CuPaDl/Loading_indicator' is visible

2018-03-06 14:49:37 - [MESSAGE][PASSED] - Object 'Object Repository/CuPaDl/Loading_indicator' is NOT visible

2018-03-06 14:49:38 - [MESSAGE][PASSED] - Delayed 1 second(s)

2018-03-06 14:49:38 - [MESSAGE][PASSED] - cupakeysDl.initStart.initialStart is PASSED

2018-03-06 14:49:38 - [TEST_STEP][PASSED] - Statement - (step++): null

2018-03-06 14:49:38 - [TEST_STEP][PASSED] - cupakeysDl.color.changecolor: cupakeysDl.color.changecolor is PASSED

2018-03-06 14:49:38 - [MESSAGE][PASSED] - Object 'Object Repository/CuPaDl/Color/Color' is visible

2018-03-06 14:49:38 - [MESSAGE][PASSED] - Object: 'Object Repository/CuPaDl/Color/Color' is clicked on

2018-03-06 14:49:39 - [MESSAGE][PASSED] - Delayed 1 second(s)

2018-03-06 14:49:39 - [MESSAGE][PASSED] - Object 'Object Repository/CuPaDl/Color/Color_passionred' is visible

2018-03-06 14:49:39 - [MESSAGE][PASSED] - Object: 'Object Repository/CuPaDl/Color/Color_passionred' is clicked on

2018-03-06 14:49:39 - [MESSAGE][WARNING] - Timeout '0' is invalid. Using default page load timeout: '30'

2018-03-06 14:49:39 - [MESSAGE][PASSED] - Object 'Object Repository/CuPaDl/Color/Color_passionred' is visible

2018-03-06 14:49:40 - [MESSAGE][PASSED] - Delayed 1 second(s)

2018-03-06 14:49:41 - [MESSAGE][PASSED] - Object: 'Object Repository/CuPaDl/Color/Color_passionred' is clicked on

2018-03-06 14:49:44 - [MESSAGE][WARNING] - Object 'Object Repository/CuPaDl/Loading_indicator' is not visible after 3 second(s)

2018-03-06 14:49:45 - [MESSAGE][PASSED] - Delayed 1 second(s)

2018-03-06 14:49:45 - [MESSAGE][PASSED] - cupakeysDl.color.changecolor is PASSED

2018-03-06 14:49:45 - [TEST_STEP][PASSED] - Statement - (step++): null

2018-03-06 14:49:45 - [TEST_STEP][PASSED] - cupakeysDl.chngstruct.changestructure: cupakeysDl.chngstruct.changestructure is PASSED

2018-03-06 14:49:45 - [MESSAGE][PASSED] - Object: 'Object Repository/CuPaDl/Structure/Structure' is clicked on

2018-03-06 14:49:45 - [MESSAGE][WARNING] - Timeout '0' is invalid. Using default page load timeout: '30'

2018-03-06 14:49:45 - [MESSAGE][PASSED] - Object 'Object Repository/CuPaDl/Structure/Structure_Hahnentritt' is visible

2018-03-06 14:49:45 - [MESSAGE][PASSED] - Object 'Object Repository/CuPaDl/Structure/Structure_drops' is visible

2018-03-06 14:49:46 - [MESSAGE][PASSED] - Object: 'Object Repository/CuPaDl/Structure/Structure_drops' is clicked on

2018-03-06 14:49:47 - [MESSAGE][PASSED] - Object 'Object Repository/CuPaDl/Loading_indicator' is visible

2018-03-06 14:49:54 - [MESSAGE][PASSED] - Object 'Object Repository/CuPaDl/Loading_indicator' is NOT visible

2018-03-06 14:49:55 - [MESSAGE][PASSED] - Delayed 1 second(s)

2018-03-06 14:49:55 - [MESSAGE][PASSED] - cupakeysDl.chngstruct.changestructure is PASSED

2018-03-06 14:49:55 - [TEST_STEP][PASSED] - Statement - (step++): null

2018-03-06 14:49:55 - [TEST_STEP][PASSED] - cupakeysDl.sclstruct.scalestructure: cupakeysDl.sclstruct.scalestructure is PASSED

2018-03-06 14:49:58 - [MESSAGE][WARNING] - Object 'Object Repository/CuPaDl/Structure/Resize_Structure_bottomright' is not visible after 3 second(s)

2018-03-06 14:49:58 - [MESSAGE][PASSED] - Object: 'Object Repository/CuPaDl/Structure/Resize_Structure' is clicked on

2018-03-06 14:49:58 - [MESSAGE][WARNING] - Timeout '0' is invalid. Using default page load timeout: '30'

2018-03-06 14:49:58 - [MESSAGE][PASSED] - Object 'Object Repository/CuPaDl/Structure/Resize_Structure_bottomright' is visible

2018-03-06 14:49:59 - [MESSAGE][PASSED] - Delayed 1 second(s)

2018-03-06 14:50:00 - [MESSAGE][PASSED] - Current viewport's left (x) position is 0

2018-03-06 14:50:00 - [MESSAGE][PASSED] - Current viewport's top (y) position is 54

2018-03-06 14:50:00 - [MESSAGE][PASSED] - Dragged object with id 'Object Repository/CuPaDl/Structure/Resize_Structure_bottomright' by offset distance x = -225 and y = -171 successfully

2018-03-06 14:50:01 - [MESSAGE][PASSED] - Object 'Object Repository/CuPaDl/Loading_indicator' is visible

2018-03-06 14:50:31 - [MESSAGE][PASSED] - Object 'Object Repository/CuPaDl/Loading_indicator' is NOT visible

2018-03-06 14:50:32 - [MESSAGE][PASSED] - Delayed 1 second(s)

2018-03-06 14:50:32 - [MESSAGE][PASSED] - cupakeysDl.sclstruct.scalestructure is PASSED

2018-03-06 14:50:32 - [TEST_STEP][PASSED] - Statement - (step++): null

2018-03-06 14:50:32 - [TEST_STEP][PASSED] - Statement - iconmap += CustomKeywords.cupakeysDl.iconad.iconadd("unionjack", LoadTimeCorrector, step, run, device, timeStamp, iconcount): cupakeysDl.iconad.iconadd is PASSED

2018-03-06 14:50:32 - [MESSAGE][PASSED] - Object: 'Object Repository/CuPaDl/Icons/Icon' is clicked on

2018-03-06 14:50:32 - [MESSAGE][PASSED] - Object 'Object Repository/CuPaDl/Icons/Icon_unionjack' is visible

2018-03-06 14:50:32 - [MESSAGE][PASSED] - Object: 'Object Repository/CuPaDl/Icons/Icon_unionjack' is clicked on

2018-03-06 14:50:33 - [MESSAGE][PASSED] - Delayed 1 second(s)

2018-03-06 14:50:33 - [MESSAGE][PASSED] - Object 'Object Repository/CuPaDl/Loading_indicator' is visible

2018-03-06 14:50:36 - [MESSAGE][PASSED] - Object 'Object Repository/CuPaDl/Loading_indicator' is NOT visible

2018-03-06 14:50:36 - [MESSAGE][WARNING] - Timeout '0' is invalid. Using default page load timeout: '30'

2018-03-06 14:50:36 - [MESSAGE][PASSED] - Width of element 'Object Repository/CuPaDl/Icons/Reposition_icon' is '40'

2018-03-06 14:50:36 - [MESSAGE][PASSED] - Height of element 'Object Repository/CuPaDl/Icons/Reposition_icon' is '40'.

2018-03-06 14:50:37 - [MESSAGE][PASSED] - Delayed 1 second(s)

2018-03-06 14:50:37 - [MESSAGE][PASSED] - cupakeysDl.iconad.iconadd is PASSED

2018-03-06 14:50:37 - [TEST_STEP][PASSED] - Statement - (step++): null

2018-03-06 14:50:37 - [TEST_STEP][PASSED] - Statement - (iconcount++): null

2018-03-06 14:50:37 - [TEST_STEP][PASSED] - cupakeysDl.iconres.iconresize: cupakeysDl.iconres.iconresize is PASSED

2018-03-06 14:50:37 - [MESSAGE][PASSED] - Object 'Object Repository/CuPaDl/Icons/Reposition_icon' is visible

2018-03-06 14:50:37 - [MESSAGE][PASSED] - Current viewport's left (x) position is 0

2018-03-06 14:50:37 - [MESSAGE][PASSED] - Current viewport's top (y) position is 54

2018-03-06 14:50:37 - [MESSAGE][PASSED] - Dragged object with id 'Object Repository/CuPaDl/Icons/Resize_icon_bottomright' by offset distance x = -125 and y = -71 successfully

2018-03-06 14:50:38 - [MESSAGE][PASSED] - Object 'Object Repository/CuPaDl/Loading_indicator' is visible

2018-03-06 14:50:59 - [MESSAGE][PASSED] - Object 'Object Repository/CuPaDl/Loading_indicator' is NOT visible

2018-03-06 14:51:00 - [MESSAGE][PASSED] - Delayed 1 second(s)

2018-03-06 14:51:00 - [MESSAGE][PASSED] - cupakeysDl.iconres.iconresize is PASSED

2018-03-06 14:51:00 - [TEST_STEP][PASSED] - Statement - (step++): null

2018-03-06 14:51:00 - [TEST_STEP][PASSED] - cupakeysDl.slink.svlink: cupakeysDl.slink.svlink is PASSED

2018-03-06 14:51:00 - [MESSAGE][PASSED] - Scroll to object 'Object Repository/CuPaDl/Save/Save' successfully

2018-03-06 14:51:01 - [MESSAGE][PASSED] - Object: 'Object Repository/CuPaDl/Save/Save' is clicked on

2018-03-06 14:51:01 - [MESSAGE][WARNING] - Timeout '0' is invalid. Using default page load timeout: '30'

2018-03-06 14:51:02 - [MESSAGE][PASSED] - Object 'Object Repository/CuPaDl/Save/CopyLink' is visible

2018-03-06 14:51:02 - [MESSAGE][PASSED] - Attribute 'value' of object 'Object Repository/CuPaDl/Save/Link' is: 'https://d16a4dsnr8a0k1.cloudfront.net/en/2455233.html?scupaId=Azw6KXM7IS8oIXo0RURF'

2018-03-06 14:51:02 - [MESSAGE][PASSED] - cupakeysDl.slink.svlink is PASSED

2018-03-06 14:51:02 - [TEST_STEP][PASSED] - cupakeysDl.endsession.finishsession: cupakeysDl.endsession.finishsession is PASSED

2018-03-06 14:51:05 - [MESSAGE][PASSED] - Delayed 3 second(s)

2018-03-06 14:51:05 - [MESSAGE][PASSED] - Browser is closed

2018-03-06 14:51:05 - [MESSAGE][PASSED] - cupakeysDl.endsession.finishsession is PASSED]]></system-out>
         <system-err><![CDATA[]]></system-err>
      </testcase>
      <testcase name="Test Cases/CuPaStefanie/2" classname="Test Cases/CuPaStefanie/2" status="PASSED">
         <system-out><![CDATA[2018-03-06 14:51:05 - [TEST_CASE][PASSED] - Test Cases/CuPaStefanie/2: Test Cases/CuPaStefanie/2

2018-03-06 14:51:06 - [TEST_STEP][PASSED] - Statement - timeStamp = new java.text.SimpleDateFormat(dd.MM.yyyy).format(java.util.Calendar.getInstance().getTime()): null

2018-03-06 14:51:06 - [TEST_STEP][PASSED] - Statement - timeStampScreenshot = new java.text.SimpleDateFormat(dd.MM.yyyy).format(java.util.Calendar.getInstance().getTime()): null

2018-03-06 14:51:06 - [TEST_STEP][PASSED] - Statement - iconmap = [:]: null

2018-03-06 14:51:06 - [TEST_STEP][PASSED] - Statement - txtmap = [:]: null

2018-03-06 14:51:06 - [TEST_STEP][PASSED] - Statement - signmap = [:]: null

2018-03-06 14:51:06 - [TEST_STEP][PASSED] - cupakeysDl.initStart.initialStart: cupakeysDl.initStart.initialStart is PASSED

2018-03-06 14:51:08 - [MESSAGE][PASSED] - Browser is opened with url: ''

2018-03-06 14:51:11 - [MESSAGE][PASSED] - Delayed 3 second(s)

2018-03-06 14:51:17 - [MESSAGE][PASSED] - Navigate to 'https://d16a4dsnr8a0k1.cloudfront.net/en/2455233.html?price=150.00%20%E2%82%AC&partName=wilsonPartName&vin=wilsonVin&modelCode=XP11&paint=P0A94&modelDescription=wilsonModelDescription&additionalEquipment=wilsonAdditionalEquipment' successfully

2018-03-06 14:51:17 - [MESSAGE][PASSED] - Object 'Object Repository/CuPaDl/Loading_indicator' is visible

2018-03-06 14:51:28 - [MESSAGE][PASSED] - Object 'Object Repository/CuPaDl/Loading_indicator' is NOT visible

2018-03-06 14:51:29 - [MESSAGE][PASSED] - Delayed 1 second(s)

2018-03-06 14:51:29 - [MESSAGE][PASSED] - cupakeysDl.initStart.initialStart is PASSED

2018-03-06 14:51:29 - [TEST_STEP][PASSED] - Statement - (step++): null

2018-03-06 14:51:29 - [TEST_STEP][PASSED] - cupakeysDl.color.changecolor: cupakeysDl.color.changecolor is PASSED

2018-03-06 14:51:29 - [MESSAGE][PASSED] - Object 'Object Repository/CuPaDl/Color/Color' is visible

2018-03-06 14:51:29 - [MESSAGE][PASSED] - Object: 'Object Repository/CuPaDl/Color/Color' is clicked on

2018-03-06 14:51:30 - [MESSAGE][PASSED] - Delayed 1 second(s)

2018-03-06 14:51:30 - [MESSAGE][PASSED] - Object 'Object Repository/CuPaDl/Color/Color_passionred' is visible

2018-03-06 14:51:30 - [MESSAGE][PASSED] - Object: 'Object Repository/CuPaDl/Color/Color_passionred' is clicked on

2018-03-06 14:51:30 - [MESSAGE][WARNING] - Timeout '0' is invalid. Using default page load timeout: '30'

2018-03-06 14:51:30 - [MESSAGE][PASSED] - Object 'Object Repository/CuPaDl/Color/Color_passionred' is visible

2018-03-06 14:51:31 - [MESSAGE][PASSED] - Delayed 1 second(s)

2018-03-06 14:51:32 - [MESSAGE][PASSED] - Object: 'Object Repository/CuPaDl/Color/Color_passionred' is clicked on

2018-03-06 14:51:32 - [MESSAGE][PASSED] - Object 'Object Repository/CuPaDl/Loading_indicator' is visible

2018-03-06 14:51:36 - [MESSAGE][PASSED] - Object 'Object Repository/CuPaDl/Loading_indicator' is NOT visible

2018-03-06 14:51:37 - [MESSAGE][PASSED] - Delayed 1 second(s)

2018-03-06 14:51:37 - [MESSAGE][PASSED] - cupakeysDl.color.changecolor is PASSED

2018-03-06 14:51:37 - [TEST_STEP][PASSED] - Statement - (step++): null

2018-03-06 14:51:37 - [TEST_STEP][PASSED] - cupakeysDl.chngstruct.changestructure: cupakeysDl.chngstruct.changestructure is PASSED

2018-03-06 14:51:37 - [MESSAGE][PASSED] - Object: 'Object Repository/CuPaDl/Structure/Structure' is clicked on

2018-03-06 14:51:37 - [MESSAGE][WARNING] - Timeout '0' is invalid. Using default page load timeout: '30'

2018-03-06 14:51:37 - [MESSAGE][PASSED] - Object 'Object Repository/CuPaDl/Structure/Structure_Hahnentritt' is visible

2018-03-06 14:51:37 - [MESSAGE][PASSED] - Object 'Object Repository/CuPaDl/Structure/Structure_drops' is visible

2018-03-06 14:51:37 - [MESSAGE][PASSED] - Object: 'Object Repository/CuPaDl/Structure/Structure_drops' is clicked on

2018-03-06 14:51:37 - [MESSAGE][PASSED] - Object 'Object Repository/CuPaDl/Loading_indicator' is visible

2018-03-06 14:51:46 - [MESSAGE][PASSED] - Object 'Object Repository/CuPaDl/Loading_indicator' is NOT visible

2018-03-06 14:51:47 - [MESSAGE][PASSED] - Delayed 1 second(s)

2018-03-06 14:51:47 - [MESSAGE][PASSED] - cupakeysDl.chngstruct.changestructure is PASSED

2018-03-06 14:51:47 - [TEST_STEP][PASSED] - Statement - (step++): null

2018-03-06 14:51:47 - [TEST_STEP][PASSED] - cupakeysDl.sclstruct.scalestructure: cupakeysDl.sclstruct.scalestructure is PASSED

2018-03-06 14:51:50 - [MESSAGE][WARNING] - Object 'Object Repository/CuPaDl/Structure/Resize_Structure_bottomright' is not visible after 3 second(s)

2018-03-06 14:51:50 - [MESSAGE][PASSED] - Object: 'Object Repository/CuPaDl/Structure/Resize_Structure' is clicked on

2018-03-06 14:51:50 - [MESSAGE][WARNING] - Timeout '0' is invalid. Using default page load timeout: '30'

2018-03-06 14:51:50 - [MESSAGE][PASSED] - Object 'Object Repository/CuPaDl/Structure/Resize_Structure_bottomright' is visible

2018-03-06 14:51:51 - [MESSAGE][PASSED] - Delayed 1 second(s)

2018-03-06 14:51:51 - [MESSAGE][PASSED] - Current viewport's left (x) position is 0

2018-03-06 14:51:51 - [MESSAGE][PASSED] - Current viewport's top (y) position is 54

2018-03-06 14:51:51 - [MESSAGE][PASSED] - Dragged object with id 'Object Repository/CuPaDl/Structure/Resize_Structure_bottomright' by offset distance x = 225 and y = 279 successfully

2018-03-06 14:51:52 - [MESSAGE][PASSED] - Object 'Object Repository/CuPaDl/Loading_indicator' is visible

2018-03-06 14:51:57 - [MESSAGE][PASSED] - Object 'Object Repository/CuPaDl/Loading_indicator' is NOT visible

2018-03-06 14:51:58 - [MESSAGE][PASSED] - Delayed 1 second(s)

2018-03-06 14:51:58 - [MESSAGE][PASSED] - cupakeysDl.sclstruct.scalestructure is PASSED

2018-03-06 14:51:58 - [TEST_STEP][PASSED] - Statement - (step++): null

2018-03-06 14:51:58 - [TEST_STEP][PASSED] - Statement - iconmap += CustomKeywords.cupakeysDl.iconad.iconadd("unionjack", LoadTimeCorrector, step, run, device, timeStamp, iconcount): cupakeysDl.iconad.iconadd is PASSED

2018-03-06 14:51:58 - [MESSAGE][PASSED] - Object: 'Object Repository/CuPaDl/Icons/Icon' is clicked on

2018-03-06 14:51:58 - [MESSAGE][PASSED] - Object 'Object Repository/CuPaDl/Icons/Icon_unionjack' is visible

2018-03-06 14:51:58 - [MESSAGE][PASSED] - Object: 'Object Repository/CuPaDl/Icons/Icon_unionjack' is clicked on

2018-03-06 14:51:59 - [MESSAGE][PASSED] - Delayed 1 second(s)

2018-03-06 14:51:59 - [MESSAGE][PASSED] - Object 'Object Repository/CuPaDl/Loading_indicator' is visible

2018-03-06 14:52:02 - [MESSAGE][PASSED] - Object 'Object Repository/CuPaDl/Loading_indicator' is NOT visible

2018-03-06 14:52:02 - [MESSAGE][WARNING] - Timeout '0' is invalid. Using default page load timeout: '30'

2018-03-06 14:52:02 - [MESSAGE][PASSED] - Width of element 'Object Repository/CuPaDl/Icons/Reposition_icon' is '40'

2018-03-06 14:52:02 - [MESSAGE][PASSED] - Height of element 'Object Repository/CuPaDl/Icons/Reposition_icon' is '40'.

2018-03-06 14:52:03 - [MESSAGE][PASSED] - Delayed 1 second(s)

2018-03-06 14:52:03 - [MESSAGE][PASSED] - cupakeysDl.iconad.iconadd is PASSED

2018-03-06 14:52:03 - [TEST_STEP][PASSED] - Statement - (step++): null

2018-03-06 14:52:03 - [TEST_STEP][PASSED] - Statement - (iconcount++): null

2018-03-06 14:52:03 - [TEST_STEP][PASSED] - cupakeysDl.iconres.iconresize: cupakeysDl.iconres.iconresize is PASSED

2018-03-06 14:52:03 - [MESSAGE][PASSED] - Object 'Object Repository/CuPaDl/Icons/Reposition_icon' is visible

2018-03-06 14:52:03 - [MESSAGE][PASSED] - Current viewport's left (x) position is 0

2018-03-06 14:52:03 - [MESSAGE][PASSED] - Current viewport's top (y) position is 54

2018-03-06 14:52:03 - [MESSAGE][PASSED] - Dragged object with id 'Object Repository/CuPaDl/Icons/Resize_icon_bottomright' by offset distance x = 125 and y = 179 successfully

2018-03-06 14:52:03 - [MESSAGE][PASSED] - Object 'Object Repository/CuPaDl/Loading_indicator' is visible

2018-03-06 14:52:06 - [MESSAGE][PASSED] - Object 'Object Repository/CuPaDl/Loading_indicator' is NOT visible

2018-03-06 14:52:07 - [MESSAGE][PASSED] - Delayed 1 second(s)

2018-03-06 14:52:07 - [MESSAGE][PASSED] - cupakeysDl.iconres.iconresize is PASSED

2018-03-06 14:52:07 - [TEST_STEP][PASSED] - Statement - (step++): null

2018-03-06 14:52:07 - [TEST_STEP][PASSED] - cupakeysDl.slink.svlink: cupakeysDl.slink.svlink is PASSED

2018-03-06 14:52:07 - [MESSAGE][PASSED] - Scroll to object 'Object Repository/CuPaDl/Save/Save' successfully

2018-03-06 14:52:07 - [MESSAGE][PASSED] - Object: 'Object Repository/CuPaDl/Save/Save' is clicked on

2018-03-06 14:52:07 - [MESSAGE][WARNING] - Timeout '0' is invalid. Using default page load timeout: '30'

2018-03-06 14:52:08 - [MESSAGE][PASSED] - Object 'Object Repository/CuPaDl/Save/CopyLink' is visible

2018-03-06 14:52:08 - [MESSAGE][PASSED] - Attribute 'value' of object 'Object Repository/CuPaDl/Save/Link' is: 'https://d16a4dsnr8a0k1.cloudfront.net/en/2455233.html?scupaId=DTAnUnYuWzwjIno0RURF'

2018-03-06 14:52:08 - [MESSAGE][PASSED] - cupakeysDl.slink.svlink is PASSED

2018-03-06 14:52:08 - [TEST_STEP][PASSED] - cupakeysDl.endsession.finishsession: cupakeysDl.endsession.finishsession is PASSED

2018-03-06 14:52:11 - [MESSAGE][PASSED] - Delayed 3 second(s)

2018-03-06 14:52:12 - [MESSAGE][PASSED] - Browser is closed

2018-03-06 14:52:12 - [MESSAGE][PASSED] - cupakeysDl.endsession.finishsession is PASSED]]></system-out>
         <system-err><![CDATA[]]></system-err>
      </testcase>
      <testcase name="Test Cases/CuPaStefanie/3" classname="Test Cases/CuPaStefanie/3" status="PASSED">
         <system-out><![CDATA[2018-03-06 14:52:12 - [TEST_CASE][PASSED] - Test Cases/CuPaStefanie/3: Test Cases/CuPaStefanie/3

2018-03-06 14:52:12 - [TEST_STEP][PASSED] - Statement - timeStamp = new java.text.SimpleDateFormat(dd.MM.yyyy).format(java.util.Calendar.getInstance().getTime()): null

2018-03-06 14:52:12 - [TEST_STEP][PASSED] - Statement - timeStampScreenshot = new java.text.SimpleDateFormat(dd.MM.yyyy).format(java.util.Calendar.getInstance().getTime()): null

2018-03-06 14:52:12 - [TEST_STEP][PASSED] - Statement - iconmap = [:]: null

2018-03-06 14:52:12 - [TEST_STEP][PASSED] - Statement - txtmap = [:]: null

2018-03-06 14:52:12 - [TEST_STEP][PASSED] - Statement - signmap = [:]: null

2018-03-06 14:52:12 - [TEST_STEP][PASSED] - cupakeysDl.initStart.initialStart: cupakeysDl.initStart.initialStart is PASSED

2018-03-06 14:52:14 - [MESSAGE][PASSED] - Browser is opened with url: ''

2018-03-06 14:52:17 - [MESSAGE][PASSED] - Delayed 3 second(s)

2018-03-06 14:52:22 - [MESSAGE][PASSED] - Navigate to 'https://d16a4dsnr8a0k1.cloudfront.net/en/2455233.html?price=150.00%20%E2%82%AC&partName=wilsonPartName&vin=wilsonVin&modelCode=XP11&paint=P0A94&modelDescription=wilsonModelDescription&additionalEquipment=wilsonAdditionalEquipment' successfully

2018-03-06 14:52:22 - [MESSAGE][PASSED] - Object 'Object Repository/CuPaDl/Loading_indicator' is visible

2018-03-06 14:52:32 - [MESSAGE][PASSED] - Object 'Object Repository/CuPaDl/Loading_indicator' is NOT visible

2018-03-06 14:52:33 - [MESSAGE][PASSED] - Delayed 1 second(s)

2018-03-06 14:52:33 - [MESSAGE][PASSED] - cupakeysDl.initStart.initialStart is PASSED

2018-03-06 14:52:33 - [TEST_STEP][PASSED] - Statement - (step++): null

2018-03-06 14:52:33 - [TEST_STEP][PASSED] - cupakeysDl.color.changecolor: cupakeysDl.color.changecolor is PASSED

2018-03-06 14:52:33 - [MESSAGE][PASSED] - Object 'Object Repository/CuPaDl/Color/Color' is visible

2018-03-06 14:52:33 - [MESSAGE][PASSED] - Object: 'Object Repository/CuPaDl/Color/Color' is clicked on

2018-03-06 14:52:34 - [MESSAGE][PASSED] - Delayed 1 second(s)

2018-03-06 14:52:34 - [MESSAGE][PASSED] - Object 'Object Repository/CuPaDl/Color/Color_nightlightblue' is visible

2018-03-06 14:52:34 - [MESSAGE][PASSED] - Object: 'Object Repository/CuPaDl/Color/Color_nightlightblue' is clicked on

2018-03-06 14:52:34 - [MESSAGE][WARNING] - Timeout '0' is invalid. Using default page load timeout: '30'

2018-03-06 14:52:34 - [MESSAGE][PASSED] - Object 'Object Repository/CuPaDl/Color/Color_nightlightblue' is visible

2018-03-06 14:52:35 - [MESSAGE][PASSED] - Delayed 1 second(s)

2018-03-06 14:52:36 - [MESSAGE][PASSED] - Object: 'Object Repository/CuPaDl/Color/Color_nightlightblue' is clicked on

2018-03-06 14:52:36 - [MESSAGE][PASSED] - Object 'Object Repository/CuPaDl/Loading_indicator' is visible

2018-03-06 14:52:39 - [MESSAGE][PASSED] - Object 'Object Repository/CuPaDl/Loading_indicator' is NOT visible

2018-03-06 14:52:40 - [MESSAGE][PASSED] - Delayed 1 second(s)

2018-03-06 14:52:40 - [MESSAGE][PASSED] - cupakeysDl.color.changecolor is PASSED

2018-03-06 14:52:40 - [TEST_STEP][PASSED] - Statement - (step++): null

2018-03-06 14:52:40 - [TEST_STEP][PASSED] - cupakeysDl.chngstruct.changestructure: cupakeysDl.chngstruct.changestructure is PASSED

2018-03-06 14:52:40 - [MESSAGE][PASSED] - Object: 'Object Repository/CuPaDl/Structure/Structure' is clicked on

2018-03-06 14:52:40 - [MESSAGE][WARNING] - Timeout '0' is invalid. Using default page load timeout: '30'

2018-03-06 14:52:40 - [MESSAGE][PASSED] - Object 'Object Repository/CuPaDl/Structure/Structure_Hahnentritt' is visible

2018-03-06 14:52:40 - [MESSAGE][PASSED] - Object 'Object Repository/CuPaDl/Structure/Structure_chess' is visible

2018-03-06 14:52:40 - [MESSAGE][PASSED] - Object: 'Object Repository/CuPaDl/Structure/Structure_chess' is clicked on

2018-03-06 14:52:42 - [MESSAGE][PASSED] - Object 'Object Repository/CuPaDl/Loading_indicator' is visible

2018-03-06 14:52:43 - [MESSAGE][PASSED] - Object 'Object Repository/CuPaDl/Loading_indicator' is NOT visible

2018-03-06 14:52:44 - [MESSAGE][PASSED] - Delayed 1 second(s)

2018-03-06 14:52:44 - [MESSAGE][PASSED] - cupakeysDl.chngstruct.changestructure is PASSED

2018-03-06 14:52:44 - [TEST_STEP][PASSED] - Statement - (step++): null

2018-03-06 14:52:44 - [TEST_STEP][PASSED] - cupakeysDl.sclstruct.scalestructure: cupakeysDl.sclstruct.scalestructure is PASSED

2018-03-06 14:52:47 - [MESSAGE][WARNING] - Object 'Object Repository/CuPaDl/Structure/Resize_Structure_bottomright' is not visible after 3 second(s)

2018-03-06 14:52:48 - [MESSAGE][PASSED] - Object: 'Object Repository/CuPaDl/Structure/Resize_Structure' is clicked on

2018-03-06 14:52:48 - [MESSAGE][WARNING] - Timeout '0' is invalid. Using default page load timeout: '30'

2018-03-06 14:52:48 - [MESSAGE][PASSED] - Object 'Object Repository/CuPaDl/Structure/Resize_Structure_bottomright' is visible

2018-03-06 14:52:49 - [MESSAGE][PASSED] - Delayed 1 second(s)

2018-03-06 14:52:49 - [MESSAGE][PASSED] - Current viewport's left (x) position is 0

2018-03-06 14:52:49 - [MESSAGE][PASSED] - Current viewport's top (y) position is 54

2018-03-06 14:52:49 - [MESSAGE][PASSED] - Dragged object with id 'Object Repository/CuPaDl/Structure/Resize_Structure_bottomright' by offset distance x = -225 and y = -171 successfully

2018-03-06 14:52:51 - [MESSAGE][PASSED] - Object 'Object Repository/CuPaDl/Loading_indicator' is visible

2018-03-06 14:52:52 - [MESSAGE][PASSED] - Object 'Object Repository/CuPaDl/Loading_indicator' is NOT visible

2018-03-06 14:52:53 - [MESSAGE][PASSED] - Delayed 1 second(s)

2018-03-06 14:52:53 - [MESSAGE][PASSED] - cupakeysDl.sclstruct.scalestructure is PASSED

2018-03-06 14:52:53 - [TEST_STEP][PASSED] - Statement - (step++): null

2018-03-06 14:52:53 - [TEST_STEP][PASSED] - Statement - iconmap += CustomKeywords.cupakeysDl.iconad.iconadd("racing", LoadTimeCorrector, step, run, device, timeStamp, iconcount): cupakeysDl.iconad.iconadd is PASSED

2018-03-06 14:52:53 - [MESSAGE][PASSED] - Object: 'Object Repository/CuPaDl/Icons/Icon' is clicked on

2018-03-06 14:52:53 - [MESSAGE][PASSED] - Object 'Object Repository/CuPaDl/Icons/Icon_racing' is visible

2018-03-06 14:52:53 - [MESSAGE][PASSED] - Object: 'Object Repository/CuPaDl/Icons/Icon_racing' is clicked on

2018-03-06 14:52:54 - [MESSAGE][PASSED] - Delayed 1 second(s)

2018-03-06 14:52:55 - [MESSAGE][PASSED] - Object 'Object Repository/CuPaDl/Loading_indicator' is visible

2018-03-06 14:52:56 - [MESSAGE][PASSED] - Object 'Object Repository/CuPaDl/Loading_indicator' is NOT visible

2018-03-06 14:52:56 - [MESSAGE][WARNING] - Timeout '0' is invalid. Using default page load timeout: '30'

2018-03-06 14:52:56 - [MESSAGE][PASSED] - Width of element 'Object Repository/CuPaDl/Icons/Reposition_icon' is '40'

2018-03-06 14:52:56 - [MESSAGE][PASSED] - Height of element 'Object Repository/CuPaDl/Icons/Reposition_icon' is '40'.

2018-03-06 14:52:57 - [MESSAGE][PASSED] - Delayed 1 second(s)

2018-03-06 14:52:57 - [MESSAGE][PASSED] - cupakeysDl.iconad.iconadd is PASSED

2018-03-06 14:52:57 - [TEST_STEP][PASSED] - Statement - (step++): null

2018-03-06 14:52:57 - [TEST_STEP][PASSED] - Statement - (iconcount++): null

2018-03-06 14:52:57 - [TEST_STEP][PASSED] - cupakeysDl.iconres.iconresize: cupakeysDl.iconres.iconresize is PASSED

2018-03-06 14:52:57 - [MESSAGE][PASSED] - Object 'Object Repository/CuPaDl/Icons/Reposition_icon' is visible

2018-03-06 14:52:57 - [MESSAGE][PASSED] - Current viewport's left (x) position is 0

2018-03-06 14:52:57 - [MESSAGE][PASSED] - Current viewport's top (y) position is 54

2018-03-06 14:52:57 - [MESSAGE][PASSED] - Dragged object with id 'Object Repository/CuPaDl/Icons/Resize_icon_bottomright' by offset distance x = -125 and y = -71 successfully

2018-03-06 14:52:59 - [MESSAGE][PASSED] - Object 'Object Repository/CuPaDl/Loading_indicator' is visible

2018-03-06 14:53:00 - [MESSAGE][PASSED] - Object 'Object Repository/CuPaDl/Loading_indicator' is NOT visible

2018-03-06 14:53:01 - [MESSAGE][PASSED] - Delayed 1 second(s)

2018-03-06 14:53:01 - [MESSAGE][PASSED] - cupakeysDl.iconres.iconresize is PASSED

2018-03-06 14:53:01 - [TEST_STEP][PASSED] - Statement - (step++): null

2018-03-06 14:53:01 - [TEST_STEP][PASSED] - cupakeysDl.slink.svlink: cupakeysDl.slink.svlink is PASSED

2018-03-06 14:53:01 - [MESSAGE][PASSED] - Scroll to object 'Object Repository/CuPaDl/Save/Save' successfully

2018-03-06 14:53:01 - [MESSAGE][PASSED] - Object: 'Object Repository/CuPaDl/Save/Save' is clicked on

2018-03-06 14:53:01 - [MESSAGE][WARNING] - Timeout '0' is invalid. Using default page load timeout: '30'

2018-03-06 14:53:03 - [MESSAGE][PASSED] - Object 'Object Repository/CuPaDl/Save/CopyLink' is visible

2018-03-06 14:53:03 - [MESSAGE][PASSED] - Attribute 'value' of object 'Object Repository/CuPaDl/Save/Link' is: 'https://d16a4dsnr8a0k1.cloudfront.net/en/2455233.html?scupaId=HS0gKXorJyI7M3o0RURG'

2018-03-06 14:53:03 - [MESSAGE][PASSED] - cupakeysDl.slink.svlink is PASSED

2018-03-06 14:53:03 - [TEST_STEP][PASSED] - cupakeysDl.endsession.finishsession: cupakeysDl.endsession.finishsession is PASSED

2018-03-06 14:53:06 - [MESSAGE][PASSED] - Delayed 3 second(s)

2018-03-06 14:53:06 - [MESSAGE][PASSED] - Browser is closed

2018-03-06 14:53:06 - [MESSAGE][PASSED] - cupakeysDl.endsession.finishsession is PASSED]]></system-out>
         <system-err><![CDATA[]]></system-err>
      </testcase>
      <testcase name="Test Cases/CuPaStefanie/4" classname="Test Cases/CuPaStefanie/4" status="PASSED">
         <system-out><![CDATA[2018-03-06 14:53:06 - [TEST_CASE][PASSED] - Test Cases/CuPaStefanie/4: Test Cases/CuPaStefanie/4

2018-03-06 14:53:07 - [TEST_STEP][PASSED] - Statement - timeStamp = new java.text.SimpleDateFormat(dd.MM.yyyy).format(java.util.Calendar.getInstance().getTime()): null

2018-03-06 14:53:07 - [TEST_STEP][PASSED] - Statement - timeStampScreenshot = new java.text.SimpleDateFormat(dd.MM.yyyy).format(java.util.Calendar.getInstance().getTime()): null

2018-03-06 14:53:07 - [TEST_STEP][PASSED] - Statement - iconmap = [:]: null

2018-03-06 14:53:07 - [TEST_STEP][PASSED] - Statement - txtmap = [:]: null

2018-03-06 14:53:07 - [TEST_STEP][PASSED] - Statement - signmap = [:]: null

2018-03-06 14:53:07 - [TEST_STEP][PASSED] - cupakeysDl.initStart.initialStart: cupakeysDl.initStart.initialStart is PASSED

2018-03-06 14:53:09 - [MESSAGE][PASSED] - Browser is opened with url: ''

2018-03-06 14:53:12 - [MESSAGE][PASSED] - Delayed 3 second(s)

2018-03-06 14:53:20 - [MESSAGE][PASSED] - Navigate to 'https://d16a4dsnr8a0k1.cloudfront.net/en/2455233.html?price=150.00%20%E2%82%AC&partName=wilsonPartName&vin=wilsonVin&modelCode=XP11&paint=P0A94&modelDescription=wilsonModelDescription&additionalEquipment=wilsonAdditionalEquipment' successfully

2018-03-06 14:53:20 - [MESSAGE][PASSED] - Object 'Object Repository/CuPaDl/Loading_indicator' is visible

2018-03-06 14:53:29 - [MESSAGE][PASSED] - Object 'Object Repository/CuPaDl/Loading_indicator' is NOT visible

2018-03-06 14:53:30 - [MESSAGE][PASSED] - Delayed 1 second(s)

2018-03-06 14:53:30 - [MESSAGE][PASSED] - cupakeysDl.initStart.initialStart is PASSED

2018-03-06 14:53:30 - [TEST_STEP][PASSED] - Statement - (step++): null

2018-03-06 14:53:30 - [TEST_STEP][PASSED] - cupakeysDl.color.changecolor: cupakeysDl.color.changecolor is PASSED

2018-03-06 14:53:30 - [MESSAGE][PASSED] - Object 'Object Repository/CuPaDl/Color/Color' is visible

2018-03-06 14:53:31 - [MESSAGE][PASSED] - Object: 'Object Repository/CuPaDl/Color/Color' is clicked on

2018-03-06 14:53:32 - [MESSAGE][PASSED] - Delayed 1 second(s)

2018-03-06 14:53:32 - [MESSAGE][PASSED] - Object 'Object Repository/CuPaDl/Color/Color_nightlightblue' is visible

2018-03-06 14:53:32 - [MESSAGE][PASSED] - Object: 'Object Repository/CuPaDl/Color/Color_nightlightblue' is clicked on

2018-03-06 14:53:32 - [MESSAGE][WARNING] - Timeout '0' is invalid. Using default page load timeout: '30'

2018-03-06 14:53:32 - [MESSAGE][PASSED] - Object 'Object Repository/CuPaDl/Color/Color_nightlightblue' is visible

2018-03-06 14:53:33 - [MESSAGE][PASSED] - Delayed 1 second(s)

2018-03-06 14:53:34 - [MESSAGE][PASSED] - Object: 'Object Repository/CuPaDl/Color/Color_nightlightblue' is clicked on

2018-03-06 14:53:34 - [MESSAGE][PASSED] - Object 'Object Repository/CuPaDl/Loading_indicator' is visible

2018-03-06 14:53:36 - [MESSAGE][PASSED] - Object 'Object Repository/CuPaDl/Loading_indicator' is NOT visible

2018-03-06 14:53:37 - [MESSAGE][PASSED] - Delayed 1 second(s)

2018-03-06 14:53:37 - [MESSAGE][PASSED] - cupakeysDl.color.changecolor is PASSED

2018-03-06 14:53:37 - [TEST_STEP][PASSED] - Statement - (step++): null

2018-03-06 14:53:37 - [TEST_STEP][PASSED] - cupakeysDl.chngstruct.changestructure: cupakeysDl.chngstruct.changestructure is PASSED

2018-03-06 14:53:37 - [MESSAGE][PASSED] - Object: 'Object Repository/CuPaDl/Structure/Structure' is clicked on

2018-03-06 14:53:37 - [MESSAGE][WARNING] - Timeout '0' is invalid. Using default page load timeout: '30'

2018-03-06 14:53:37 - [MESSAGE][PASSED] - Object 'Object Repository/CuPaDl/Structure/Structure_Hahnentritt' is visible

2018-03-06 14:53:37 - [MESSAGE][PASSED] - Object 'Object Repository/CuPaDl/Structure/Structure_chess' is visible

2018-03-06 14:53:37 - [MESSAGE][PASSED] - Object: 'Object Repository/CuPaDl/Structure/Structure_chess' is clicked on

2018-03-06 14:53:39 - [MESSAGE][PASSED] - Object 'Object Repository/CuPaDl/Loading_indicator' is visible

2018-03-06 14:53:41 - [MESSAGE][PASSED] - Object 'Object Repository/CuPaDl/Loading_indicator' is NOT visible

2018-03-06 14:53:42 - [MESSAGE][PASSED] - Delayed 1 second(s)

2018-03-06 14:53:42 - [MESSAGE][PASSED] - cupakeysDl.chngstruct.changestructure is PASSED

2018-03-06 14:53:42 - [TEST_STEP][PASSED] - Statement - (step++): null

2018-03-06 14:53:42 - [TEST_STEP][PASSED] - cupakeysDl.sclstruct.scalestructure: cupakeysDl.sclstruct.scalestructure is PASSED

2018-03-06 14:53:45 - [MESSAGE][WARNING] - Object 'Object Repository/CuPaDl/Structure/Resize_Structure_bottomright' is not visible after 3 second(s)

2018-03-06 14:53:45 - [MESSAGE][PASSED] - Object: 'Object Repository/CuPaDl/Structure/Resize_Structure' is clicked on

2018-03-06 14:53:45 - [MESSAGE][WARNING] - Timeout '0' is invalid. Using default page load timeout: '30'

2018-03-06 14:53:45 - [MESSAGE][PASSED] - Object 'Object Repository/CuPaDl/Structure/Resize_Structure_bottomright' is visible

2018-03-06 14:53:46 - [MESSAGE][PASSED] - Delayed 1 second(s)

2018-03-06 14:53:46 - [MESSAGE][PASSED] - Current viewport's left (x) position is 0

2018-03-06 14:53:46 - [MESSAGE][PASSED] - Current viewport's top (y) position is 54

2018-03-06 14:53:46 - [MESSAGE][PASSED] - Dragged object with id 'Object Repository/CuPaDl/Structure/Resize_Structure_bottomright' by offset distance x = 225 and y = 279 successfully

2018-03-06 14:53:47 - [MESSAGE][PASSED] - Object 'Object Repository/CuPaDl/Loading_indicator' is visible

2018-03-06 14:53:48 - [MESSAGE][PASSED] - Object 'Object Repository/CuPaDl/Loading_indicator' is NOT visible

2018-03-06 14:53:49 - [MESSAGE][PASSED] - Delayed 1 second(s)

2018-03-06 14:53:49 - [MESSAGE][PASSED] - cupakeysDl.sclstruct.scalestructure is PASSED

2018-03-06 14:53:49 - [TEST_STEP][PASSED] - Statement - (step++): null

2018-03-06 14:53:49 - [TEST_STEP][PASSED] - Statement - iconmap += CustomKeywords.cupakeysDl.iconad.iconadd("racing", LoadTimeCorrector, step, run, device, timeStamp, iconcount): cupakeysDl.iconad.iconadd is PASSED

2018-03-06 14:53:50 - [MESSAGE][PASSED] - Object: 'Object Repository/CuPaDl/Icons/Icon' is clicked on

2018-03-06 14:53:50 - [MESSAGE][PASSED] - Object 'Object Repository/CuPaDl/Icons/Icon_racing' is visible

2018-03-06 14:53:50 - [MESSAGE][PASSED] - Object: 'Object Repository/CuPaDl/Icons/Icon_racing' is clicked on

2018-03-06 14:53:51 - [MESSAGE][PASSED] - Delayed 1 second(s)

2018-03-06 14:53:52 - [MESSAGE][PASSED] - Object 'Object Repository/CuPaDl/Loading_indicator' is visible

2018-03-06 14:53:53 - [MESSAGE][PASSED] - Object 'Object Repository/CuPaDl/Loading_indicator' is NOT visible

2018-03-06 14:53:53 - [MESSAGE][WARNING] - Timeout '0' is invalid. Using default page load timeout: '30'

2018-03-06 14:53:53 - [MESSAGE][PASSED] - Width of element 'Object Repository/CuPaDl/Icons/Reposition_icon' is '40'

2018-03-06 14:53:53 - [MESSAGE][PASSED] - Height of element 'Object Repository/CuPaDl/Icons/Reposition_icon' is '40'.

2018-03-06 14:53:54 - [MESSAGE][PASSED] - Delayed 1 second(s)

2018-03-06 14:53:54 - [MESSAGE][PASSED] - cupakeysDl.iconad.iconadd is PASSED

2018-03-06 14:53:54 - [TEST_STEP][PASSED] - Statement - (step++): null

2018-03-06 14:53:54 - [TEST_STEP][PASSED] - Statement - (iconcount++): null

2018-03-06 14:53:54 - [TEST_STEP][PASSED] - cupakeysDl.iconres.iconresize: cupakeysDl.iconres.iconresize is PASSED

2018-03-06 14:53:54 - [MESSAGE][PASSED] - Object 'Object Repository/CuPaDl/Icons/Reposition_icon' is visible

2018-03-06 14:53:54 - [MESSAGE][PASSED] - Current viewport's left (x) position is 0

2018-03-06 14:53:54 - [MESSAGE][PASSED] - Current viewport's top (y) position is 54

2018-03-06 14:53:54 - [MESSAGE][PASSED] - Dragged object with id 'Object Repository/CuPaDl/Icons/Resize_icon_bottomright' by offset distance x = 125 and y = 179 successfully

2018-03-06 14:53:56 - [MESSAGE][PASSED] - Object 'Object Repository/CuPaDl/Loading_indicator' is visible

2018-03-06 14:53:57 - [MESSAGE][PASSED] - Object 'Object Repository/CuPaDl/Loading_indicator' is NOT visible

2018-03-06 14:53:58 - [MESSAGE][PASSED] - Delayed 1 second(s)

2018-03-06 14:53:58 - [MESSAGE][PASSED] - cupakeysDl.iconres.iconresize is PASSED

2018-03-06 14:53:58 - [TEST_STEP][PASSED] - Statement - (step++): null

2018-03-06 14:53:58 - [TEST_STEP][PASSED] - cupakeysDl.slink.svlink: cupakeysDl.slink.svlink is PASSED

2018-03-06 14:53:58 - [MESSAGE][PASSED] - Scroll to object 'Object Repository/CuPaDl/Save/Save' successfully

2018-03-06 14:53:58 - [MESSAGE][PASSED] - Object: 'Object Repository/CuPaDl/Save/Save' is clicked on

2018-03-06 14:53:58 - [MESSAGE][WARNING] - Timeout '0' is invalid. Using default page load timeout: '30'

2018-03-06 14:53:59 - [MESSAGE][PASSED] - Object 'Object Repository/CuPaDl/Save/CopyLink' is visible

2018-03-06 14:53:59 - [MESSAGE][PASSED] - Attribute 'value' of object 'Object Repository/CuPaDl/Save/Link' is: 'https://d16a4dsnr8a0k1.cloudfront.net/en/2455233.html?scupaId=GVxaP3kmIS8tMno0RURG'

2018-03-06 14:53:59 - [MESSAGE][PASSED] - cupakeysDl.slink.svlink is PASSED

2018-03-06 14:53:59 - [TEST_STEP][PASSED] - cupakeysDl.endsession.finishsession: cupakeysDl.endsession.finishsession is PASSED

2018-03-06 14:54:02 - [MESSAGE][PASSED] - Delayed 3 second(s)

2018-03-06 14:54:03 - [MESSAGE][PASSED] - Browser is closed

2018-03-06 14:54:03 - [MESSAGE][PASSED] - cupakeysDl.endsession.finishsession is PASSED]]></system-out>
         <system-err><![CDATA[]]></system-err>
      </testcase>
      <system-out><![CDATA[2018-03-06 14:49:07 - [TEST_SUITE][PASSED] - CuPa: Test Cases/CuPaStefanie/4]]></system-out>
      <system-err><![CDATA[]]></system-err>
   </testsuite>
</testsuites>
