<?xml version="1.0" encoding="UTF-8"?>
<testsuites name="CuPa" time="189" tests="4" failures="0" errors="0">
   <testsuite name="CuPa" tests="4" failures="0" errors="0" time="189" timestamp="2018-03-06 12:43:12" hostname="DESKTOP-47R6KV7$ - DESKTOP-47R6KV7.localdomain" id="Test Suites/CuPa">
      <properties>
         <property name="deviceName" value=""/>
         <property name="devicePlatform" value=""/>
         <property name="logFolder" value="D:\\Project\\DS5.2.1\\Reports\\CuPa\\20180306_124310"/>
         <property name="logFiles" value="D:\\Project\\DS5.2.1\\Reports\\CuPa\\20180306_124310\\execution0.log"/>
         <property name="attachments" value=""/>
         <property name="hostName" value="DESKTOP-47R6KV7$ - DESKTOP-47R6KV7.localdomain"/>
         <property name="os" value="Windows 10 64bit"/>
         <property name="katalonVersion" value="5.3.1.1"/>
         <property name="browser" value="Chrome 64.0.3282.186"/>
         <property name="hostAddress" value="192.168.100.78"/>
         <property name="sessionId" value="ad92ae29810e5bc3b8f6fad6d15a9fb6"/>
         <property name="seleniumVersion" value="3.7.1"/>
         <property name="proxyInformation" value="ProxyInformation{proxyOption=NO_PROXY, proxyServerType=HTTP, password=, proxyServerAddress=, proxyServerPort=0}"/>
         <property name="platform" value="Windows 10"/>
      </properties>
      <testcase name="Test Cases/CuPaStefanie/0" classname="Test Cases/CuPaStefanie/0" status="PASSED">
         <system-out><![CDATA[2018-03-06 12:43:12 - [TEST_CASE][PASSED] - Test Cases/CuPaStefanie/0: Test Cases/CuPaStefanie/0

2018-03-06 12:43:13 - [TEST_STEP][PASSED] - Statement - timeStamp = new java.text.SimpleDateFormat(dd.MM.yyyy).format(java.util.Calendar.getInstance().getTime()): null

2018-03-06 12:43:13 - [TEST_STEP][PASSED] - Statement - timeStampScreenshot = new java.text.SimpleDateFormat(dd.MM.yyyy).format(java.util.Calendar.getInstance().getTime()): null

2018-03-06 12:43:13 - [TEST_STEP][PASSED] - Statement - ps = new java.io.PrintStream((((timeStamp + _Run) + run) + .txt)): null]]></system-out>
         <system-err><![CDATA[]]></system-err>
      </testcase>
      <testcase name="Test Cases/CuPaStefanie/1" classname="Test Cases/CuPaStefanie/1" status="PASSED">
         <system-out><![CDATA[2018-03-06 12:43:13 - [TEST_CASE][PASSED] - Test Cases/CuPaStefanie/1: Test Cases/CuPaStefanie/1

2018-03-06 12:43:13 - [TEST_STEP][PASSED] - Statement - timeStamp = new java.text.SimpleDateFormat(dd.MM.yyyy).format(java.util.Calendar.getInstance().getTime()): null

2018-03-06 12:43:13 - [TEST_STEP][PASSED] - Statement - timeStampScreenshot = new java.text.SimpleDateFormat(dd.MM.yyyy).format(java.util.Calendar.getInstance().getTime()): null

2018-03-06 12:43:13 - [TEST_STEP][PASSED] - Statement - iconmap = [:]: null

2018-03-06 12:43:13 - [TEST_STEP][PASSED] - Statement - txtmap = [:]: null

2018-03-06 12:43:13 - [TEST_STEP][PASSED] - Statement - signmap = [:]: null

2018-03-06 12:43:13 - [TEST_STEP][PASSED] - cupakeysDl.initStart.initialStart: cupakeysDl.initStart.initialStart is PASSED

2018-03-06 12:43:16 - [MESSAGE][PASSED] - Browser is opened with url: ''

2018-03-06 12:43:19 - [MESSAGE][PASSED] - Delayed 3 second(s)

2018-03-06 12:43:20 - [MESSAGE][PASSED] - Navigate to 'https://d16a4dsnr8a0k1.cloudfront.net/en/2455233.html?price=150.00%20%E2%82%AC&partName=wilsonPartName&vin=wilsonVin&modelCode=XP11&paint=P0A94&modelDescription=wilsonModelDescription&additionalEquipment=wilsonAdditionalEquipment' successfully

2018-03-06 12:43:20 - [MESSAGE][PASSED] - Object 'Object Repository/CuPaDl/Loading_indicator' is visible

2018-03-06 12:43:28 - [MESSAGE][PASSED] - Object 'Object Repository/CuPaDl/Loading_indicator' is NOT visible

2018-03-06 12:43:29 - [MESSAGE][PASSED] - Delayed 1 second(s)

2018-03-06 12:43:29 - [MESSAGE][PASSED] - cupakeysDl.initStart.initialStart is PASSED

2018-03-06 12:43:29 - [TEST_STEP][PASSED] - Statement - (step++): null

2018-03-06 12:43:29 - [TEST_STEP][PASSED] - cupakeysDl.color.changecolor: cupakeysDl.color.changecolor is PASSED

2018-03-06 12:43:29 - [MESSAGE][PASSED] - Object 'Object Repository/CuPaDl/Color/Color' is visible

2018-03-06 12:43:29 - [MESSAGE][PASSED] - Object: 'Object Repository/CuPaDl/Color/Color' is clicked on

2018-03-06 12:43:30 - [MESSAGE][PASSED] - Delayed 1 second(s)

2018-03-06 12:43:30 - [MESSAGE][PASSED] - Object 'Object Repository/CuPaDl/Color/Color_passionred' is visible

2018-03-06 12:43:30 - [MESSAGE][PASSED] - Object: 'Object Repository/CuPaDl/Color/Color_passionred' is clicked on

2018-03-06 12:43:30 - [MESSAGE][WARNING] - Timeout '0' is invalid. Using default page load timeout: '30'

2018-03-06 12:43:30 - [MESSAGE][PASSED] - Object 'Object Repository/CuPaDl/Color/Color_passionred' is visible

2018-03-06 12:43:31 - [MESSAGE][PASSED] - Delayed 1 second(s)

2018-03-06 12:43:32 - [MESSAGE][PASSED] - Object: 'Object Repository/CuPaDl/Color/Color_passionred' is clicked on

2018-03-06 12:43:32 - [MESSAGE][PASSED] - Object 'Object Repository/CuPaDl/Loading_indicator' is visible

2018-03-06 12:43:34 - [MESSAGE][PASSED] - Object 'Object Repository/CuPaDl/Loading_indicator' is NOT visible

2018-03-06 12:43:35 - [MESSAGE][PASSED] - Delayed 1 second(s)

2018-03-06 12:43:35 - [MESSAGE][PASSED] - cupakeysDl.color.changecolor is PASSED

2018-03-06 12:43:35 - [TEST_STEP][PASSED] - Statement - (step++): null

2018-03-06 12:43:35 - [TEST_STEP][PASSED] - cupakeysDl.chngstruct.changestructure: cupakeysDl.chngstruct.changestructure is PASSED

2018-03-06 12:43:35 - [MESSAGE][PASSED] - Object: 'Object Repository/CuPaDl/Structure/Structure' is clicked on

2018-03-06 12:43:35 - [MESSAGE][WARNING] - Timeout '0' is invalid. Using default page load timeout: '30'

2018-03-06 12:43:35 - [MESSAGE][PASSED] - Object 'Object Repository/CuPaDl/Structure/Structure_Hahnentritt' is visible

2018-03-06 12:43:35 - [MESSAGE][PASSED] - Object 'Object Repository/CuPaDl/Structure/Structure_drops' is visible

2018-03-06 12:43:35 - [MESSAGE][PASSED] - Object: 'Object Repository/CuPaDl/Structure/Structure_drops' is clicked on

2018-03-06 12:43:36 - [MESSAGE][PASSED] - Object 'Object Repository/CuPaDl/Loading_indicator' is visible

2018-03-06 12:43:42 - [MESSAGE][PASSED] - Object 'Object Repository/CuPaDl/Loading_indicator' is NOT visible

2018-03-06 12:43:43 - [MESSAGE][PASSED] - Delayed 1 second(s)

2018-03-06 12:43:43 - [MESSAGE][PASSED] - cupakeysDl.chngstruct.changestructure is PASSED

2018-03-06 12:43:43 - [TEST_STEP][PASSED] - Statement - (step++): null

2018-03-06 12:43:43 - [TEST_STEP][PASSED] - cupakeysDl.sclstruct.scalestructure: cupakeysDl.sclstruct.scalestructure is PASSED

2018-03-06 12:43:46 - [MESSAGE][WARNING] - Object 'Object Repository/CuPaDl/Structure/Resize_Structure_bottomright' is not visible after 3 second(s)

2018-03-06 12:43:46 - [MESSAGE][PASSED] - Object: 'Object Repository/CuPaDl/Structure/Resize_Structure' is clicked on

2018-03-06 12:43:46 - [MESSAGE][WARNING] - Timeout '0' is invalid. Using default page load timeout: '30'

2018-03-06 12:43:46 - [MESSAGE][PASSED] - Object 'Object Repository/CuPaDl/Structure/Resize_Structure_bottomright' is visible

2018-03-06 12:43:47 - [MESSAGE][PASSED] - Delayed 1 second(s)

2018-03-06 12:43:47 - [MESSAGE][PASSED] - Current viewport's left (x) position is 0

2018-03-06 12:43:47 - [MESSAGE][PASSED] - Current viewport's top (y) position is 54

2018-03-06 12:43:47 - [MESSAGE][PASSED] - Dragged object with id 'Object Repository/CuPaDl/Structure/Resize_Structure_bottomright' by offset distance x = -225 and y = -171 successfully

2018-03-06 12:43:48 - [MESSAGE][PASSED] - Object 'Object Repository/CuPaDl/Loading_indicator' is visible

2018-03-06 12:44:10 - [MESSAGE][PASSED] - Object 'Object Repository/CuPaDl/Loading_indicator' is NOT visible

2018-03-06 12:44:11 - [MESSAGE][PASSED] - Delayed 1 second(s)

2018-03-06 12:44:11 - [MESSAGE][PASSED] - cupakeysDl.sclstruct.scalestructure is PASSED

2018-03-06 12:44:11 - [TEST_STEP][PASSED] - Statement - (step++): null

2018-03-06 12:44:11 - [TEST_STEP][PASSED] - Statement - iconmap += CustomKeywords.cupakeysDl.iconad.iconadd("unionjack", LoadTimeCorrector, step, run, device, timeStamp, iconcount): cupakeysDl.iconad.iconadd is PASSED

2018-03-06 12:44:12 - [MESSAGE][PASSED] - Object: 'Object Repository/CuPaDl/Icons/Icon' is clicked on

2018-03-06 12:44:12 - [MESSAGE][PASSED] - Object 'Object Repository/CuPaDl/Icons/Icon_unionjack' is visible

2018-03-06 12:44:12 - [MESSAGE][PASSED] - Object: 'Object Repository/CuPaDl/Icons/Icon_unionjack' is clicked on

2018-03-06 12:44:13 - [MESSAGE][PASSED] - Delayed 1 second(s)

2018-03-06 12:44:13 - [MESSAGE][PASSED] - Object 'Object Repository/CuPaDl/Loading_indicator' is visible

2018-03-06 12:44:15 - [MESSAGE][PASSED] - Object 'Object Repository/CuPaDl/Loading_indicator' is NOT visible

2018-03-06 12:44:15 - [MESSAGE][WARNING] - Timeout '0' is invalid. Using default page load timeout: '30'

2018-03-06 12:44:15 - [MESSAGE][PASSED] - Width of element 'Object Repository/CuPaDl/Icons/Reposition_icon' is '40'

2018-03-06 12:44:15 - [MESSAGE][PASSED] - Height of element 'Object Repository/CuPaDl/Icons/Reposition_icon' is '40'.

2018-03-06 12:44:16 - [MESSAGE][PASSED] - Delayed 1 second(s)

2018-03-06 12:44:16 - [MESSAGE][PASSED] - cupakeysDl.iconad.iconadd is PASSED

2018-03-06 12:44:16 - [TEST_STEP][PASSED] - Statement - (step++): null

2018-03-06 12:44:16 - [TEST_STEP][PASSED] - Statement - (iconcount++): null

2018-03-06 12:44:16 - [TEST_STEP][PASSED] - cupakeysDl.iconres.iconresize: cupakeysDl.iconres.iconresize is PASSED

2018-03-06 12:44:16 - [MESSAGE][PASSED] - Object 'Object Repository/CuPaDl/Icons/Reposition_icon' is visible

2018-03-06 12:44:16 - [MESSAGE][PASSED] - Current viewport's left (x) position is 0

2018-03-06 12:44:16 - [MESSAGE][PASSED] - Current viewport's top (y) position is 54

2018-03-06 12:44:16 - [MESSAGE][PASSED] - Dragged object with id 'Object Repository/CuPaDl/Icons/Resize_icon_bottomright' by offset distance x = -125 and y = -71 successfully

2018-03-06 12:44:17 - [MESSAGE][PASSED] - Object 'Object Repository/CuPaDl/Loading_indicator' is visible

2018-03-06 12:44:33 - [MESSAGE][PASSED] - Object 'Object Repository/CuPaDl/Loading_indicator' is NOT visible

2018-03-06 12:44:34 - [MESSAGE][PASSED] - Delayed 1 second(s)

2018-03-06 12:44:34 - [MESSAGE][PASSED] - cupakeysDl.iconres.iconresize is PASSED

2018-03-06 12:44:34 - [TEST_STEP][PASSED] - Statement - (step++): null

2018-03-06 12:44:34 - [TEST_STEP][PASSED] - cupakeysDl.slink.svlink: cupakeysDl.slink.svlink is PASSED

2018-03-06 12:44:34 - [MESSAGE][PASSED] - Scroll to object 'Object Repository/CuPaDl/Save/Save' successfully

2018-03-06 12:44:34 - [MESSAGE][PASSED] - Object: 'Object Repository/CuPaDl/Save/Save' is clicked on

2018-03-06 12:44:34 - [MESSAGE][WARNING] - Timeout '0' is invalid. Using default page load timeout: '30'

2018-03-06 12:44:36 - [MESSAGE][PASSED] - Object 'Object Repository/CuPaDl/Save/CopyLink' is visible

2018-03-06 12:44:36 - [MESSAGE][PASSED] - Attribute 'value' of object 'Object Repository/CuPaDl/Save/Link' is: 'https://d16a4dsnr8a0k1.cloudfront.net/en/2455233.html?scupaId=HS4iP3k6PFI5KHo0RURF'

2018-03-06 12:44:36 - [MESSAGE][PASSED] - cupakeysDl.slink.svlink is PASSED

2018-03-06 12:44:36 - [TEST_STEP][PASSED] - cupakeysDl.endsession.finishsession: cupakeysDl.endsession.finishsession is PASSED

2018-03-06 12:44:39 - [MESSAGE][PASSED] - Delayed 3 second(s)

2018-03-06 12:44:39 - [MESSAGE][PASSED] - Browser is closed

2018-03-06 12:44:39 - [MESSAGE][PASSED] - cupakeysDl.endsession.finishsession is PASSED]]></system-out>
         <system-err><![CDATA[]]></system-err>
      </testcase>
      <testcase name="Test Cases/CuPaStefanie/2" classname="Test Cases/CuPaStefanie/2" status="PASSED">
         <system-out><![CDATA[2018-03-06 12:44:39 - [TEST_CASE][PASSED] - Test Cases/CuPaStefanie/2: Test Cases/CuPaStefanie/2

2018-03-06 12:44:39 - [TEST_STEP][PASSED] - Statement - timeStamp = new java.text.SimpleDateFormat(dd.MM.yyyy).format(java.util.Calendar.getInstance().getTime()): null

2018-03-06 12:44:39 - [TEST_STEP][PASSED] - Statement - timeStampScreenshot = new java.text.SimpleDateFormat(dd.MM.yyyy).format(java.util.Calendar.getInstance().getTime()): null

2018-03-06 12:44:39 - [TEST_STEP][PASSED] - Statement - iconmap = [:]: null

2018-03-06 12:44:39 - [TEST_STEP][PASSED] - Statement - txtmap = [:]: null

2018-03-06 12:44:39 - [TEST_STEP][PASSED] - Statement - signmap = [:]: null

2018-03-06 12:44:39 - [TEST_STEP][PASSED] - cupakeysDl.initStart.initialStart: cupakeysDl.initStart.initialStart is PASSED

2018-03-06 12:44:41 - [MESSAGE][PASSED] - Browser is opened with url: ''

2018-03-06 12:44:44 - [MESSAGE][PASSED] - Delayed 3 second(s)

2018-03-06 12:44:46 - [MESSAGE][PASSED] - Navigate to 'https://d16a4dsnr8a0k1.cloudfront.net/en/2455233.html?price=150.00%20%E2%82%AC&partName=wilsonPartName&vin=wilsonVin&modelCode=XP11&paint=P0A94&modelDescription=wilsonModelDescription&additionalEquipment=wilsonAdditionalEquipment' successfully

2018-03-06 12:44:46 - [MESSAGE][PASSED] - Object 'Object Repository/CuPaDl/Loading_indicator' is visible

2018-03-06 12:44:54 - [MESSAGE][PASSED] - Object 'Object Repository/CuPaDl/Loading_indicator' is NOT visible

2018-03-06 12:44:55 - [MESSAGE][PASSED] - Delayed 1 second(s)

2018-03-06 12:44:55 - [MESSAGE][PASSED] - cupakeysDl.initStart.initialStart is PASSED

2018-03-06 12:44:55 - [TEST_STEP][PASSED] - Statement - (step++): null

2018-03-06 12:44:55 - [TEST_STEP][PASSED] - cupakeysDl.color.changecolor: cupakeysDl.color.changecolor is PASSED

2018-03-06 12:44:55 - [MESSAGE][PASSED] - Object 'Object Repository/CuPaDl/Color/Color' is visible

2018-03-06 12:44:55 - [MESSAGE][PASSED] - Object: 'Object Repository/CuPaDl/Color/Color' is clicked on

2018-03-06 12:44:56 - [MESSAGE][PASSED] - Delayed 1 second(s)

2018-03-06 12:44:56 - [MESSAGE][PASSED] - Object 'Object Repository/CuPaDl/Color/Color_passionred' is visible

2018-03-06 12:44:56 - [MESSAGE][PASSED] - Object: 'Object Repository/CuPaDl/Color/Color_passionred' is clicked on

2018-03-06 12:44:56 - [MESSAGE][WARNING] - Timeout '0' is invalid. Using default page load timeout: '30'

2018-03-06 12:44:56 - [MESSAGE][PASSED] - Object 'Object Repository/CuPaDl/Color/Color_passionred' is visible

2018-03-06 12:44:57 - [MESSAGE][PASSED] - Delayed 1 second(s)

2018-03-06 12:44:57 - [MESSAGE][PASSED] - Object: 'Object Repository/CuPaDl/Color/Color_passionred' is clicked on

2018-03-06 12:45:00 - [MESSAGE][WARNING] - Object 'Object Repository/CuPaDl/Loading_indicator' is not visible after 3 second(s)

2018-03-06 12:45:01 - [MESSAGE][PASSED] - Delayed 1 second(s)

2018-03-06 12:45:01 - [MESSAGE][PASSED] - cupakeysDl.color.changecolor is PASSED

2018-03-06 12:45:01 - [TEST_STEP][PASSED] - Statement - (step++): null

2018-03-06 12:45:01 - [TEST_STEP][PASSED] - cupakeysDl.chngstruct.changestructure: cupakeysDl.chngstruct.changestructure is PASSED

2018-03-06 12:45:01 - [MESSAGE][PASSED] - Object: 'Object Repository/CuPaDl/Structure/Structure' is clicked on

2018-03-06 12:45:01 - [MESSAGE][WARNING] - Timeout '0' is invalid. Using default page load timeout: '30'

2018-03-06 12:45:01 - [MESSAGE][PASSED] - Object 'Object Repository/CuPaDl/Structure/Structure_Hahnentritt' is visible

2018-03-06 12:45:01 - [MESSAGE][PASSED] - Object 'Object Repository/CuPaDl/Structure/Structure_drops' is visible

2018-03-06 12:45:02 - [MESSAGE][PASSED] - Object: 'Object Repository/CuPaDl/Structure/Structure_drops' is clicked on

2018-03-06 12:45:03 - [MESSAGE][PASSED] - Object 'Object Repository/CuPaDl/Loading_indicator' is visible

2018-03-06 12:45:09 - [MESSAGE][PASSED] - Object 'Object Repository/CuPaDl/Loading_indicator' is NOT visible

2018-03-06 12:45:10 - [MESSAGE][PASSED] - Delayed 1 second(s)

2018-03-06 12:45:10 - [MESSAGE][PASSED] - cupakeysDl.chngstruct.changestructure is PASSED

2018-03-06 12:45:10 - [TEST_STEP][PASSED] - Statement - (step++): null

2018-03-06 12:45:10 - [TEST_STEP][PASSED] - cupakeysDl.sclstruct.scalestructure: cupakeysDl.sclstruct.scalestructure is PASSED

2018-03-06 12:45:13 - [MESSAGE][WARNING] - Object 'Object Repository/CuPaDl/Structure/Resize_Structure_bottomright' is not visible after 3 second(s)

2018-03-06 12:45:13 - [MESSAGE][PASSED] - Object: 'Object Repository/CuPaDl/Structure/Resize_Structure' is clicked on

2018-03-06 12:45:13 - [MESSAGE][WARNING] - Timeout '0' is invalid. Using default page load timeout: '30'

2018-03-06 12:45:13 - [MESSAGE][PASSED] - Object 'Object Repository/CuPaDl/Structure/Resize_Structure_bottomright' is visible

2018-03-06 12:45:14 - [MESSAGE][PASSED] - Delayed 1 second(s)

2018-03-06 12:45:14 - [MESSAGE][PASSED] - Current viewport's left (x) position is 0

2018-03-06 12:45:14 - [MESSAGE][PASSED] - Current viewport's top (y) position is 54

2018-03-06 12:45:14 - [MESSAGE][PASSED] - Dragged object with id 'Object Repository/CuPaDl/Structure/Resize_Structure_bottomright' by offset distance x = 225 and y = 279 successfully

2018-03-06 12:45:15 - [MESSAGE][PASSED] - Object 'Object Repository/CuPaDl/Loading_indicator' is visible

2018-03-06 12:45:19 - [MESSAGE][PASSED] - Object 'Object Repository/CuPaDl/Loading_indicator' is NOT visible

2018-03-06 12:45:20 - [MESSAGE][PASSED] - Delayed 1 second(s)

2018-03-06 12:45:20 - [MESSAGE][PASSED] - cupakeysDl.sclstruct.scalestructure is PASSED

2018-03-06 12:45:20 - [TEST_STEP][PASSED] - Statement - (step++): null

2018-03-06 12:45:20 - [TEST_STEP][PASSED] - Statement - iconmap += CustomKeywords.cupakeysDl.iconad.iconadd("unionjack", LoadTimeCorrector, step, run, device, timeStamp, iconcount): cupakeysDl.iconad.iconadd is PASSED

2018-03-06 12:45:20 - [MESSAGE][PASSED] - Object: 'Object Repository/CuPaDl/Icons/Icon' is clicked on

2018-03-06 12:45:21 - [MESSAGE][PASSED] - Object 'Object Repository/CuPaDl/Icons/Icon_unionjack' is visible

2018-03-06 12:45:21 - [MESSAGE][PASSED] - Object: 'Object Repository/CuPaDl/Icons/Icon_unionjack' is clicked on

2018-03-06 12:45:22 - [MESSAGE][PASSED] - Delayed 1 second(s)

2018-03-06 12:45:22 - [MESSAGE][PASSED] - Object 'Object Repository/CuPaDl/Loading_indicator' is visible

2018-03-06 12:45:24 - [MESSAGE][PASSED] - Object 'Object Repository/CuPaDl/Loading_indicator' is NOT visible

2018-03-06 12:45:24 - [MESSAGE][WARNING] - Timeout '0' is invalid. Using default page load timeout: '30'

2018-03-06 12:45:24 - [MESSAGE][PASSED] - Width of element 'Object Repository/CuPaDl/Icons/Reposition_icon' is '40'

2018-03-06 12:45:24 - [MESSAGE][PASSED] - Height of element 'Object Repository/CuPaDl/Icons/Reposition_icon' is '40'.

2018-03-06 12:45:25 - [MESSAGE][PASSED] - Delayed 1 second(s)

2018-03-06 12:45:25 - [MESSAGE][PASSED] - cupakeysDl.iconad.iconadd is PASSED

2018-03-06 12:45:25 - [TEST_STEP][PASSED] - Statement - (step++): null

2018-03-06 12:45:25 - [TEST_STEP][PASSED] - Statement - (iconcount++): null

2018-03-06 12:45:25 - [TEST_STEP][PASSED] - cupakeysDl.iconres.iconresize: cupakeysDl.iconres.iconresize is PASSED

2018-03-06 12:45:25 - [MESSAGE][PASSED] - Object 'Object Repository/CuPaDl/Icons/Reposition_icon' is visible

2018-03-06 12:45:25 - [MESSAGE][PASSED] - Current viewport's left (x) position is 0

2018-03-06 12:45:25 - [MESSAGE][PASSED] - Current viewport's top (y) position is 54

2018-03-06 12:45:25 - [MESSAGE][PASSED] - Dragged object with id 'Object Repository/CuPaDl/Icons/Resize_icon_bottomright' by offset distance x = 125 and y = 179 successfully

2018-03-06 12:45:27 - [MESSAGE][PASSED] - Object 'Object Repository/CuPaDl/Loading_indicator' is visible

2018-03-06 12:45:29 - [MESSAGE][PASSED] - Object 'Object Repository/CuPaDl/Loading_indicator' is NOT visible

2018-03-06 12:45:30 - [MESSAGE][PASSED] - Delayed 1 second(s)

2018-03-06 12:45:30 - [MESSAGE][PASSED] - cupakeysDl.iconres.iconresize is PASSED

2018-03-06 12:45:30 - [TEST_STEP][PASSED] - Statement - (step++): null

2018-03-06 12:45:30 - [TEST_STEP][PASSED] - cupakeysDl.slink.svlink: cupakeysDl.slink.svlink is PASSED

2018-03-06 12:45:30 - [MESSAGE][PASSED] - Scroll to object 'Object Repository/CuPaDl/Save/Save' successfully

2018-03-06 12:45:30 - [MESSAGE][PASSED] - Object: 'Object Repository/CuPaDl/Save/Save' is clicked on

2018-03-06 12:45:30 - [MESSAGE][WARNING] - Timeout '0' is invalid. Using default page load timeout: '30'

2018-03-06 12:45:31 - [MESSAGE][PASSED] - Object 'Object Repository/CuPaDl/Save/CopyLink' is visible

2018-03-06 12:45:31 - [MESSAGE][PASSED] - Attribute 'value' of object 'Object Repository/CuPaDl/Save/Link' is: 'https://d16a4dsnr8a0k1.cloudfront.net/en/2455233.html?scupaId=AlcvU3klOTdbVHo0RURF'

2018-03-06 12:45:31 - [MESSAGE][PASSED] - cupakeysDl.slink.svlink is PASSED

2018-03-06 12:45:31 - [TEST_STEP][PASSED] - cupakeysDl.endsession.finishsession: cupakeysDl.endsession.finishsession is PASSED

2018-03-06 12:45:34 - [MESSAGE][PASSED] - Delayed 3 second(s)

2018-03-06 12:45:35 - [MESSAGE][PASSED] - Browser is closed

2018-03-06 12:45:35 - [MESSAGE][PASSED] - cupakeysDl.endsession.finishsession is PASSED]]></system-out>
         <system-err><![CDATA[]]></system-err>
      </testcase>
      <testcase name="Test Cases/CuPaStefanie/3" classname="Test Cases/CuPaStefanie/3" status="PASSED">
         <system-out><![CDATA[2018-03-06 12:45:35 - [TEST_CASE][PASSED] - Test Cases/CuPaStefanie/3: Test Cases/CuPaStefanie/3

2018-03-06 12:45:35 - [TEST_STEP][PASSED] - Statement - timeStamp = new java.text.SimpleDateFormat(dd.MM.yyyy_HH_mm_ss).format(java.util.Calendar.getInstance().getTime()): null

2018-03-06 12:45:35 - [TEST_STEP][PASSED] - Statement - timeStampScreenshot = new java.text.SimpleDateFormat(dd.MM.yyyy).format(java.util.Calendar.getInstance().getTime()): null

2018-03-06 12:45:35 - [TEST_STEP][PASSED] - Statement - iconmap = [:]: null

2018-03-06 12:45:35 - [TEST_STEP][PASSED] - Statement - txtmap = [:]: null

2018-03-06 12:45:35 - [TEST_STEP][PASSED] - Statement - signmap = [:]: null

2018-03-06 12:45:35 - [TEST_STEP][PASSED] - cupakeysDl.initStart.initialStart: cupakeysDl.initStart.initialStart is PASSED

2018-03-06 12:45:37 - [MESSAGE][PASSED] - Browser is opened with url: ''

2018-03-06 12:45:40 - [MESSAGE][PASSED] - Delayed 3 second(s)

2018-03-06 12:45:41 - [MESSAGE][PASSED] - Navigate to 'https://d16a4dsnr8a0k1.cloudfront.net/en/2455233.html?price=150.00%20%E2%82%AC&partName=wilsonPartName&vin=wilsonVin&modelCode=XP11&paint=P0A94&modelDescription=wilsonModelDescription&additionalEquipment=wilsonAdditionalEquipment' successfully

2018-03-06 12:45:41 - [MESSAGE][PASSED] - Object 'Object Repository/CuPaDl/Loading_indicator' is visible

2018-03-06 12:45:49 - [MESSAGE][PASSED] - Object 'Object Repository/CuPaDl/Loading_indicator' is NOT visible

2018-03-06 12:45:50 - [MESSAGE][PASSED] - Delayed 1 second(s)

2018-03-06 12:45:50 - [MESSAGE][PASSED] - cupakeysDl.initStart.initialStart is PASSED

2018-03-06 12:45:50 - [TEST_STEP][PASSED] - Statement - (step++): null

2018-03-06 12:45:50 - [TEST_STEP][PASSED] - cupakeysDl.color.changecolor: cupakeysDl.color.changecolor is PASSED

2018-03-06 12:45:50 - [MESSAGE][PASSED] - Object 'Object Repository/CuPaDl/Color/Color' is visible

2018-03-06 12:45:50 - [MESSAGE][PASSED] - Object: 'Object Repository/CuPaDl/Color/Color' is clicked on

2018-03-06 12:45:51 - [MESSAGE][PASSED] - Delayed 1 second(s)

2018-03-06 12:45:51 - [MESSAGE][PASSED] - Object 'Object Repository/CuPaDl/Color/Color_nightlightblue' is visible

2018-03-06 12:45:52 - [MESSAGE][PASSED] - Object: 'Object Repository/CuPaDl/Color/Color_nightlightblue' is clicked on

2018-03-06 12:45:52 - [MESSAGE][WARNING] - Timeout '0' is invalid. Using default page load timeout: '30'

2018-03-06 12:45:52 - [MESSAGE][PASSED] - Object 'Object Repository/CuPaDl/Color/Color_nightlightblue' is visible

2018-03-06 12:45:53 - [MESSAGE][PASSED] - Delayed 1 second(s)

2018-03-06 12:45:53 - [MESSAGE][PASSED] - Object: 'Object Repository/CuPaDl/Color/Color_nightlightblue' is clicked on

2018-03-06 12:45:53 - [MESSAGE][PASSED] - Object 'Object Repository/CuPaDl/Loading_indicator' is visible

2018-03-06 12:45:55 - [MESSAGE][PASSED] - Object 'Object Repository/CuPaDl/Loading_indicator' is NOT visible

2018-03-06 12:45:56 - [MESSAGE][PASSED] - Delayed 1 second(s)

2018-03-06 12:45:56 - [MESSAGE][PASSED] - cupakeysDl.color.changecolor is PASSED

2018-03-06 12:45:56 - [TEST_STEP][PASSED] - Statement - (step++): null

2018-03-06 12:45:56 - [TEST_STEP][PASSED] - cupakeysDl.chngstruct.changestructure: cupakeysDl.chngstruct.changestructure is PASSED

2018-03-06 12:45:56 - [MESSAGE][PASSED] - Object: 'Object Repository/CuPaDl/Structure/Structure' is clicked on

2018-03-06 12:45:56 - [MESSAGE][WARNING] - Timeout '0' is invalid. Using default page load timeout: '30'

2018-03-06 12:45:56 - [MESSAGE][PASSED] - Object 'Object Repository/CuPaDl/Structure/Structure_Hahnentritt' is visible

2018-03-06 12:45:56 - [MESSAGE][PASSED] - Object 'Object Repository/CuPaDl/Structure/Structure_chess' is visible

2018-03-06 12:45:56 - [MESSAGE][PASSED] - Object: 'Object Repository/CuPaDl/Structure/Structure_chess' is clicked on

2018-03-06 12:45:58 - [MESSAGE][PASSED] - Object 'Object Repository/CuPaDl/Loading_indicator' is visible

2018-03-06 12:45:59 - [MESSAGE][PASSED] - Object 'Object Repository/CuPaDl/Loading_indicator' is NOT visible

2018-03-06 12:46:00 - [MESSAGE][PASSED] - Delayed 1 second(s)

2018-03-06 12:46:00 - [MESSAGE][PASSED] - cupakeysDl.chngstruct.changestructure is PASSED

2018-03-06 12:46:00 - [TEST_STEP][PASSED] - Statement - (step++): null

2018-03-06 12:46:00 - [TEST_STEP][PASSED] - cupakeysDl.sclstruct.scalestructure: cupakeysDl.sclstruct.scalestructure is PASSED

2018-03-06 12:46:03 - [MESSAGE][WARNING] - Object 'Object Repository/CuPaDl/Structure/Resize_Structure_bottomright' is not visible after 3 second(s)

2018-03-06 12:46:03 - [MESSAGE][PASSED] - Object: 'Object Repository/CuPaDl/Structure/Resize_Structure' is clicked on

2018-03-06 12:46:03 - [MESSAGE][WARNING] - Timeout '0' is invalid. Using default page load timeout: '30'

2018-03-06 12:46:03 - [MESSAGE][PASSED] - Object 'Object Repository/CuPaDl/Structure/Resize_Structure_bottomright' is visible

2018-03-06 12:46:04 - [MESSAGE][PASSED] - Delayed 1 second(s)

2018-03-06 12:46:04 - [MESSAGE][PASSED] - Current viewport's left (x) position is 0

2018-03-06 12:46:04 - [MESSAGE][PASSED] - Current viewport's top (y) position is 54

2018-03-06 12:46:04 - [MESSAGE][PASSED] - Dragged object with id 'Object Repository/CuPaDl/Structure/Resize_Structure_bottomright' by offset distance x = -225 and y = -171 successfully

2018-03-06 12:46:06 - [MESSAGE][PASSED] - Object 'Object Repository/CuPaDl/Loading_indicator' is visible

2018-03-06 12:46:07 - [MESSAGE][PASSED] - Object 'Object Repository/CuPaDl/Loading_indicator' is NOT visible

2018-03-06 12:46:08 - [MESSAGE][PASSED] - Delayed 1 second(s)

2018-03-06 12:46:08 - [MESSAGE][PASSED] - cupakeysDl.sclstruct.scalestructure is PASSED

2018-03-06 12:46:08 - [TEST_STEP][PASSED] - Statement - (step++): null

2018-03-06 12:46:08 - [TEST_STEP][PASSED] - Statement - iconmap += CustomKeywords.cupakeysDl.iconad.iconadd("racing", LoadTimeCorrector, step, run, device, timeStamp, iconcount): cupakeysDl.iconad.iconadd is PASSED

2018-03-06 12:46:08 - [MESSAGE][PASSED] - Object: 'Object Repository/CuPaDl/Icons/Icon' is clicked on

2018-03-06 12:46:08 - [MESSAGE][PASSED] - Object 'Object Repository/CuPaDl/Icons/Icon_racing' is visible

2018-03-06 12:46:08 - [MESSAGE][PASSED] - Object: 'Object Repository/CuPaDl/Icons/Icon_racing' is clicked on

2018-03-06 12:46:09 - [MESSAGE][PASSED] - Delayed 1 second(s)

2018-03-06 12:46:10 - [MESSAGE][PASSED] - Object 'Object Repository/CuPaDl/Loading_indicator' is visible

2018-03-06 12:46:11 - [MESSAGE][PASSED] - Object 'Object Repository/CuPaDl/Loading_indicator' is NOT visible

2018-03-06 12:46:11 - [MESSAGE][WARNING] - Timeout '0' is invalid. Using default page load timeout: '30'

2018-03-06 12:46:11 - [MESSAGE][PASSED] - Width of element 'Object Repository/CuPaDl/Icons/Reposition_icon' is '40'

2018-03-06 12:46:11 - [MESSAGE][PASSED] - Height of element 'Object Repository/CuPaDl/Icons/Reposition_icon' is '40'.

2018-03-06 12:46:12 - [MESSAGE][PASSED] - Delayed 1 second(s)

2018-03-06 12:46:12 - [MESSAGE][PASSED] - cupakeysDl.iconad.iconadd is PASSED

2018-03-06 12:46:12 - [TEST_STEP][PASSED] - Statement - (step++): null

2018-03-06 12:46:12 - [TEST_STEP][PASSED] - Statement - (iconcount++): null

2018-03-06 12:46:12 - [TEST_STEP][PASSED] - cupakeysDl.iconres.iconresize: cupakeysDl.iconres.iconresize is PASSED

2018-03-06 12:46:12 - [MESSAGE][PASSED] - Object 'Object Repository/CuPaDl/Icons/Reposition_icon' is visible

2018-03-06 12:46:12 - [MESSAGE][PASSED] - Current viewport's left (x) position is 0

2018-03-06 12:46:12 - [MESSAGE][PASSED] - Current viewport's top (y) position is 54

2018-03-06 12:46:12 - [MESSAGE][PASSED] - Dragged object with id 'Object Repository/CuPaDl/Icons/Resize_icon_bottomright' by offset distance x = -125 and y = -71 successfully

2018-03-06 12:46:16 - [MESSAGE][WARNING] - Object 'Object Repository/CuPaDl/Loading_indicator' is not visible after 3 second(s)

2018-03-06 12:46:17 - [MESSAGE][PASSED] - Delayed 1 second(s)

2018-03-06 12:46:17 - [MESSAGE][PASSED] - cupakeysDl.iconres.iconresize is PASSED

2018-03-06 12:46:17 - [TEST_STEP][PASSED] - Statement - (step++): null

2018-03-06 12:46:17 - [TEST_STEP][PASSED] - cupakeysDl.slink.svlink: cupakeysDl.slink.svlink is PASSED

2018-03-06 12:46:17 - [MESSAGE][PASSED] - Scroll to object 'Object Repository/CuPaDl/Save/Save' successfully

2018-03-06 12:46:17 - [MESSAGE][PASSED] - Object: 'Object Repository/CuPaDl/Save/Save' is clicked on

2018-03-06 12:46:17 - [MESSAGE][WARNING] - Timeout '0' is invalid. Using default page load timeout: '30'

2018-03-06 12:46:18 - [MESSAGE][PASSED] - Object 'Object Repository/CuPaDl/Save/CopyLink' is visible

2018-03-06 12:46:18 - [MESSAGE][PASSED] - Attribute 'value' of object 'Object Repository/CuPaDl/Save/Link' is: 'https://d16a4dsnr8a0k1.cloudfront.net/en/2455233.html?scupaId=HiMpLhUmLFNaNHo0RURG'

2018-03-06 12:46:18 - [MESSAGE][PASSED] - cupakeysDl.slink.svlink is PASSED

2018-03-06 12:46:18 - [TEST_STEP][PASSED] - cupakeysDl.endsession.finishsession: cupakeysDl.endsession.finishsession is PASSED

2018-03-06 12:46:21 - [MESSAGE][PASSED] - Delayed 3 second(s)

2018-03-06 12:46:22 - [MESSAGE][PASSED] - Browser is closed

2018-03-06 12:46:22 - [MESSAGE][PASSED] - cupakeysDl.endsession.finishsession is PASSED]]></system-out>
         <system-err><![CDATA[]]></system-err>
      </testcase>
      <system-out><![CDATA[2018-03-06 12:43:12 - [TEST_SUITE][PASSED] - CuPa: Test Cases/CuPaStefanie/3]]></system-out>
      <system-err><![CDATA[]]></system-err>
   </testsuite>
</testsuites>
