<?xml version="1.0" encoding="UTF-8"?>
<testsuites name="CuPa" time="2423" tests="43" failures="0" errors="0">
   <testsuite name="CuPa" tests="43" failures="0" errors="0" time="2423" timestamp="2018-03-06 09:38:18" hostname="Megapoort - DESKTOP-47R6KV7.localdomain" id="Test Suites/CuPa">
      <properties>
         <property name="deviceName" value=""/>
         <property name="devicePlatform" value=""/>
         <property name="logFolder" value="D:\\Project\\DS5.2.1\\Reports\\CuPa\\20180306_093817"/>
         <property name="logFiles" value="D:\\Project\\DS5.2.1\\Reports\\CuPa\\20180306_093817\\execution0.log"/>
         <property name="attachments" value=""/>
         <property name="hostName" value="Megapoort - DESKTOP-47R6KV7.localdomain"/>
         <property name="os" value="Windows 10 64bit"/>
         <property name="katalonVersion" value="5.3.1.1"/>
         <property name="browser" value="Chrome 64.0.3282.186"/>
         <property name="hostAddress" value="192.168.100.78"/>
         <property name="sessionId" value="0f878a042bd28bf7510cb4a8b98d2411"/>
         <property name="seleniumVersion" value="3.7.1"/>
         <property name="proxyInformation" value="ProxyInformation{proxyOption=NO_PROXY, proxyServerType=HTTP, password=, proxyServerAddress=, proxyServerPort=0}"/>
         <property name="platform" value="Windows 10"/>
      </properties>
      <testcase name="Test Cases/CuPaStefanie/0" classname="Test Cases/CuPaStefanie/0" status="PASSED">
         <system-out><![CDATA[2018-03-06 09:38:19 - [TEST_CASE][PASSED] - Test Cases/CuPaStefanie/0: Test Cases/CuPaStefanie/0

2018-03-06 09:38:19 - [TEST_STEP][PASSED] - Statement - timeStamp = new java.text.SimpleDateFormat(dd.MM.yyyy).format(java.util.Calendar.getInstance().getTime()): null

2018-03-06 09:38:19 - [TEST_STEP][PASSED] - Statement - timeStampScreenshot = new java.text.SimpleDateFormat(dd.MM.yyyy).format(java.util.Calendar.getInstance().getTime()): null

2018-03-06 09:38:19 - [TEST_STEP][PASSED] - Statement - ps = new java.io.PrintStream((((timeStamp + _Run) + run) + .txt)): null]]></system-out>
         <system-err><![CDATA[]]></system-err>
      </testcase>
      <testcase name="Test Cases/CuPaStefanie/1" classname="Test Cases/CuPaStefanie/1" status="PASSED">
         <system-out><![CDATA[2018-03-06 09:38:19 - [TEST_CASE][PASSED] - Test Cases/CuPaStefanie/1: Test Cases/CuPaStefanie/1

2018-03-06 09:38:19 - [TEST_STEP][PASSED] - Statement - timeStamp = new java.text.SimpleDateFormat(dd.MM.yyyy).format(java.util.Calendar.getInstance().getTime()): null

2018-03-06 09:38:19 - [TEST_STEP][PASSED] - Statement - timeStampScreenshot = new java.text.SimpleDateFormat(dd.MM.yyyy).format(java.util.Calendar.getInstance().getTime()): null

2018-03-06 09:38:19 - [TEST_STEP][PASSED] - Statement - iconmap = [:]: null

2018-03-06 09:38:19 - [TEST_STEP][PASSED] - Statement - txtmap = [:]: null

2018-03-06 09:38:19 - [TEST_STEP][PASSED] - Statement - signmap = [:]: null

2018-03-06 09:38:19 - [TEST_STEP][PASSED] - cupakeysDl.initStart.initialStart: cupakeysDl.initStart.initialStart is PASSED

2018-03-06 09:38:22 - [MESSAGE][PASSED] - Browser is opened with url: ''

2018-03-06 09:38:25 - [MESSAGE][PASSED] - Delayed 3 second(s)

2018-03-06 09:38:27 - [MESSAGE][PASSED] - Navigate to 'https://d16a4dsnr8a0k1.cloudfront.net/en/2455233.html?price=150.00%20%E2%82%AC&partName=wilsonPartName&vin=wilsonVin&modelCode=XP11&paint=P0A94&modelDescription=wilsonModelDescription&additionalEquipment=wilsonAdditionalEquipment' successfully

2018-03-06 09:38:27 - [MESSAGE][PASSED] - Object 'Object Repository/CuPaDl/Loading_indicator' is visible

2018-03-06 09:38:37 - [MESSAGE][PASSED] - Object 'Object Repository/CuPaDl/Loading_indicator' is NOT visible

2018-03-06 09:38:38 - [MESSAGE][PASSED] - Delayed 1 second(s)

2018-03-06 09:38:38 - [MESSAGE][PASSED] - cupakeysDl.initStart.initialStart is PASSED

2018-03-06 09:38:38 - [TEST_STEP][PASSED] - Statement - (step++): null

2018-03-06 09:38:38 - [TEST_STEP][PASSED] - cupakeysDl.color.changecolor: cupakeysDl.color.changecolor is PASSED

2018-03-06 09:38:38 - [MESSAGE][PASSED] - Object 'Object Repository/CuPaDl/Color/Color' is visible

2018-03-06 09:38:38 - [MESSAGE][PASSED] - Object: 'Object Repository/CuPaDl/Color/Color' is clicked on

2018-03-06 09:38:39 - [MESSAGE][PASSED] - Delayed 1 second(s)

2018-03-06 09:38:39 - [MESSAGE][PASSED] - Object 'Object Repository/CuPaDl/Color/Color_passionred' is visible

2018-03-06 09:38:39 - [MESSAGE][PASSED] - Object: 'Object Repository/CuPaDl/Color/Color_passionred' is clicked on

2018-03-06 09:38:39 - [MESSAGE][WARNING] - Timeout '0' is invalid. Using default page load timeout: '30'

2018-03-06 09:38:39 - [MESSAGE][PASSED] - Object 'Object Repository/CuPaDl/Color/Color_passionred' is visible

2018-03-06 09:38:40 - [MESSAGE][PASSED] - Delayed 1 second(s)

2018-03-06 09:38:41 - [MESSAGE][PASSED] - Object: 'Object Repository/CuPaDl/Color/Color_passionred' is clicked on

2018-03-06 09:38:44 - [MESSAGE][WARNING] - Object 'Object Repository/CuPaDl/Loading_indicator' is not visible after 3 second(s)

2018-03-06 09:38:45 - [MESSAGE][PASSED] - Delayed 1 second(s)

2018-03-06 09:38:45 - [MESSAGE][PASSED] - cupakeysDl.color.changecolor is PASSED

2018-03-06 09:38:45 - [TEST_STEP][PASSED] - Statement - (step++): null

2018-03-06 09:38:45 - [TEST_STEP][PASSED] - cupakeysDl.chngstruct.changestructure: cupakeysDl.chngstruct.changestructure is PASSED

2018-03-06 09:38:45 - [MESSAGE][PASSED] - Object: 'Object Repository/CuPaDl/Structure/Structure' is clicked on

2018-03-06 09:38:45 - [MESSAGE][WARNING] - Timeout '0' is invalid. Using default page load timeout: '30'

2018-03-06 09:38:45 - [MESSAGE][PASSED] - Object 'Object Repository/CuPaDl/Structure/Structure_Hahnentritt' is visible

2018-03-06 09:38:45 - [MESSAGE][PASSED] - Object 'Object Repository/CuPaDl/Structure/Structure_drops' is visible

2018-03-06 09:38:45 - [MESSAGE][PASSED] - Object: 'Object Repository/CuPaDl/Structure/Structure_drops' is clicked on

2018-03-06 09:38:46 - [MESSAGE][PASSED] - Object 'Object Repository/CuPaDl/Loading_indicator' is visible

2018-03-06 09:38:53 - [MESSAGE][PASSED] - Object 'Object Repository/CuPaDl/Loading_indicator' is NOT visible

2018-03-06 09:38:54 - [MESSAGE][PASSED] - Delayed 1 second(s)

2018-03-06 09:38:54 - [MESSAGE][PASSED] - cupakeysDl.chngstruct.changestructure is PASSED

2018-03-06 09:38:54 - [TEST_STEP][PASSED] - Statement - (step++): null

2018-03-06 09:38:54 - [TEST_STEP][PASSED] - cupakeysDl.sclstruct.scalestructure: cupakeysDl.sclstruct.scalestructure is PASSED

2018-03-06 09:38:57 - [MESSAGE][WARNING] - Object 'Object Repository/CuPaDl/Structure/Resize_Structure_bottomright' is not visible after 3 second(s)

2018-03-06 09:38:57 - [MESSAGE][PASSED] - Object: 'Object Repository/CuPaDl/Structure/Resize_Structure' is clicked on

2018-03-06 09:38:57 - [MESSAGE][WARNING] - Timeout '0' is invalid. Using default page load timeout: '30'

2018-03-06 09:38:57 - [MESSAGE][PASSED] - Object 'Object Repository/CuPaDl/Structure/Resize_Structure_bottomright' is visible

2018-03-06 09:38:58 - [MESSAGE][PASSED] - Delayed 1 second(s)

2018-03-06 09:38:58 - [MESSAGE][PASSED] - Current viewport's left (x) position is 0

2018-03-06 09:38:58 - [MESSAGE][PASSED] - Current viewport's top (y) position is 54

2018-03-06 09:38:58 - [MESSAGE][PASSED] - Dragged object with id 'Object Repository/CuPaDl/Structure/Resize_Structure_bottomright' by offset distance x = -225 and y = -171 successfully

2018-03-06 09:38:59 - [MESSAGE][PASSED] - Object 'Object Repository/CuPaDl/Loading_indicator' is visible

2018-03-06 09:39:27 - [MESSAGE][PASSED] - Object 'Object Repository/CuPaDl/Loading_indicator' is NOT visible

2018-03-06 09:39:28 - [MESSAGE][PASSED] - Delayed 1 second(s)

2018-03-06 09:39:28 - [MESSAGE][PASSED] - cupakeysDl.sclstruct.scalestructure is PASSED

2018-03-06 09:39:28 - [TEST_STEP][PASSED] - Statement - (step++): null

2018-03-06 09:39:28 - [TEST_STEP][PASSED] - Statement - iconmap += CustomKeywords.cupakeysDl.iconad.iconadd("unionjack", LoadTimeCorrector, step, run, device, timeStamp, iconcount): cupakeysDl.iconad.iconadd is PASSED

2018-03-06 09:39:28 - [MESSAGE][PASSED] - Object: 'Object Repository/CuPaDl/Icons/Icon' is clicked on

2018-03-06 09:39:28 - [MESSAGE][PASSED] - Object 'Object Repository/CuPaDl/Icons/Icon_unionjack' is visible

2018-03-06 09:39:28 - [MESSAGE][PASSED] - Object: 'Object Repository/CuPaDl/Icons/Icon_unionjack' is clicked on

2018-03-06 09:39:29 - [MESSAGE][PASSED] - Delayed 1 second(s)

2018-03-06 09:39:29 - [MESSAGE][PASSED] - Object 'Object Repository/CuPaDl/Loading_indicator' is visible

2018-03-06 09:39:31 - [MESSAGE][PASSED] - Object 'Object Repository/CuPaDl/Loading_indicator' is NOT visible

2018-03-06 09:39:31 - [MESSAGE][WARNING] - Timeout '0' is invalid. Using default page load timeout: '30'

2018-03-06 09:39:31 - [MESSAGE][PASSED] - Width of element 'Object Repository/CuPaDl/Icons/Reposition_icon' is '40'

2018-03-06 09:39:31 - [MESSAGE][PASSED] - Height of element 'Object Repository/CuPaDl/Icons/Reposition_icon' is '40'.

2018-03-06 09:39:32 - [MESSAGE][PASSED] - Delayed 1 second(s)

2018-03-06 09:39:32 - [MESSAGE][PASSED] - cupakeysDl.iconad.iconadd is PASSED

2018-03-06 09:39:32 - [TEST_STEP][PASSED] - Statement - (step++): null

2018-03-06 09:39:32 - [TEST_STEP][PASSED] - Statement - (iconcount++): null

2018-03-06 09:39:32 - [TEST_STEP][PASSED] - cupakeysDl.iconres.iconresize: cupakeysDl.iconres.iconresize is PASSED

2018-03-06 09:39:32 - [MESSAGE][PASSED] - Object 'Object Repository/CuPaDl/Icons/Reposition_icon' is visible

2018-03-06 09:39:32 - [MESSAGE][PASSED] - Current viewport's left (x) position is 0

2018-03-06 09:39:32 - [MESSAGE][PASSED] - Current viewport's top (y) position is 54

2018-03-06 09:39:33 - [MESSAGE][PASSED] - Dragged object with id 'Object Repository/CuPaDl/Icons/Resize_icon_bottomright' by offset distance x = -125 and y = -71 successfully

2018-03-06 09:39:34 - [MESSAGE][PASSED] - Object 'Object Repository/CuPaDl/Loading_indicator' is visible

2018-03-06 09:39:52 - [MESSAGE][PASSED] - Object 'Object Repository/CuPaDl/Loading_indicator' is NOT visible

2018-03-06 09:39:53 - [MESSAGE][PASSED] - Delayed 1 second(s)

2018-03-06 09:39:53 - [MESSAGE][PASSED] - cupakeysDl.iconres.iconresize is PASSED

2018-03-06 09:39:53 - [TEST_STEP][PASSED] - Statement - (step++): null

2018-03-06 09:39:53 - [TEST_STEP][PASSED] - cupakeysDl.slink.svlink: cupakeysDl.slink.svlink is PASSED

2018-03-06 09:39:53 - [MESSAGE][PASSED] - Scroll to object 'Object Repository/CuPaDl/Save/Save' successfully

2018-03-06 09:39:55 - [MESSAGE][PASSED] - Object: 'Object Repository/CuPaDl/Save/Save' is clicked on

2018-03-06 09:39:55 - [MESSAGE][WARNING] - Timeout '0' is invalid. Using default page load timeout: '30'

2018-03-06 09:39:56 - [MESSAGE][PASSED] - Object 'Object Repository/CuPaDl/Save/CopyLink' is visible

2018-03-06 09:39:56 - [MESSAGE][PASSED] - Attribute 'value' of object 'Object Repository/CuPaDl/Save/Link' is: 'https://d16a4dsnr8a0k1.cloudfront.net/en/2455233.html?scupaId=By8qXGovMC4qI3o0RURF'

2018-03-06 09:39:56 - [MESSAGE][PASSED] - cupakeysDl.slink.svlink is PASSED

2018-03-06 09:39:56 - [TEST_STEP][PASSED] - cupakeysDl.endsession.finishsession: cupakeysDl.endsession.finishsession is PASSED

2018-03-06 09:39:59 - [MESSAGE][PASSED] - Delayed 3 second(s)

2018-03-06 09:40:00 - [MESSAGE][PASSED] - Browser is closed

2018-03-06 09:40:00 - [MESSAGE][PASSED] - cupakeysDl.endsession.finishsession is PASSED]]></system-out>
         <system-err><![CDATA[]]></system-err>
      </testcase>
      <testcase name="Test Cases/CuPaStefanie/2" classname="Test Cases/CuPaStefanie/2" status="PASSED">
         <system-out><![CDATA[2018-03-06 09:40:00 - [TEST_CASE][PASSED] - Test Cases/CuPaStefanie/2: Test Cases/CuPaStefanie/2

2018-03-06 09:40:00 - [TEST_STEP][PASSED] - Statement - timeStamp = new java.text.SimpleDateFormat(dd.MM.yyyy).format(java.util.Calendar.getInstance().getTime()): null

2018-03-06 09:40:00 - [TEST_STEP][PASSED] - Statement - timeStampScreenshot = new java.text.SimpleDateFormat(dd.MM.yyyy).format(java.util.Calendar.getInstance().getTime()): null

2018-03-06 09:40:00 - [TEST_STEP][PASSED] - Statement - iconmap = [:]: null

2018-03-06 09:40:00 - [TEST_STEP][PASSED] - Statement - txtmap = [:]: null

2018-03-06 09:40:00 - [TEST_STEP][PASSED] - Statement - signmap = [:]: null

2018-03-06 09:40:00 - [TEST_STEP][PASSED] - cupakeysDl.initStart.initialStart: cupakeysDl.initStart.initialStart is PASSED

2018-03-06 09:40:02 - [MESSAGE][PASSED] - Browser is opened with url: ''

2018-03-06 09:40:05 - [MESSAGE][PASSED] - Delayed 3 second(s)

2018-03-06 09:40:06 - [MESSAGE][PASSED] - Navigate to 'https://d16a4dsnr8a0k1.cloudfront.net/en/2455233.html?price=150.00%20%E2%82%AC&partName=wilsonPartName&vin=wilsonVin&modelCode=XP11&paint=P0A94&modelDescription=wilsonModelDescription&additionalEquipment=wilsonAdditionalEquipment' successfully

2018-03-06 09:40:06 - [MESSAGE][PASSED] - Object 'Object Repository/CuPaDl/Loading_indicator' is visible

2018-03-06 09:40:14 - [MESSAGE][PASSED] - Object 'Object Repository/CuPaDl/Loading_indicator' is NOT visible

2018-03-06 09:40:15 - [MESSAGE][PASSED] - Delayed 1 second(s)

2018-03-06 09:40:15 - [MESSAGE][PASSED] - cupakeysDl.initStart.initialStart is PASSED

2018-03-06 09:40:15 - [TEST_STEP][PASSED] - Statement - (step++): null

2018-03-06 09:40:15 - [TEST_STEP][PASSED] - cupakeysDl.color.changecolor: cupakeysDl.color.changecolor is PASSED

2018-03-06 09:40:17 - [MESSAGE][PASSED] - Object 'Object Repository/CuPaDl/Color/Color' is visible

2018-03-06 09:40:17 - [MESSAGE][PASSED] - Object: 'Object Repository/CuPaDl/Color/Color' is clicked on

2018-03-06 09:40:18 - [MESSAGE][PASSED] - Delayed 1 second(s)

2018-03-06 09:40:18 - [MESSAGE][PASSED] - Object 'Object Repository/CuPaDl/Color/Color_passionred' is visible

2018-03-06 09:40:18 - [MESSAGE][PASSED] - Object: 'Object Repository/CuPaDl/Color/Color_passionred' is clicked on

2018-03-06 09:40:18 - [MESSAGE][WARNING] - Timeout '0' is invalid. Using default page load timeout: '30'

2018-03-06 09:40:18 - [MESSAGE][PASSED] - Object 'Object Repository/CuPaDl/Color/Color_passionred' is visible

2018-03-06 09:40:19 - [MESSAGE][PASSED] - Delayed 1 second(s)

2018-03-06 09:40:20 - [MESSAGE][PASSED] - Object: 'Object Repository/CuPaDl/Color/Color_passionred' is clicked on

2018-03-06 09:40:23 - [MESSAGE][WARNING] - Object 'Object Repository/CuPaDl/Loading_indicator' is not visible after 3 second(s)

2018-03-06 09:40:24 - [MESSAGE][PASSED] - Delayed 1 second(s)

2018-03-06 09:40:24 - [MESSAGE][PASSED] - cupakeysDl.color.changecolor is PASSED

2018-03-06 09:40:24 - [TEST_STEP][PASSED] - Statement - (step++): null

2018-03-06 09:40:24 - [TEST_STEP][PASSED] - cupakeysDl.chngstruct.changestructure: cupakeysDl.chngstruct.changestructure is PASSED

2018-03-06 09:40:24 - [MESSAGE][PASSED] - Object: 'Object Repository/CuPaDl/Structure/Structure' is clicked on

2018-03-06 09:40:24 - [MESSAGE][WARNING] - Timeout '0' is invalid. Using default page load timeout: '30'

2018-03-06 09:40:24 - [MESSAGE][PASSED] - Object 'Object Repository/CuPaDl/Structure/Structure_Hahnentritt' is visible

2018-03-06 09:40:24 - [MESSAGE][PASSED] - Object 'Object Repository/CuPaDl/Structure/Structure_drops' is visible

2018-03-06 09:40:24 - [MESSAGE][PASSED] - Object: 'Object Repository/CuPaDl/Structure/Structure_drops' is clicked on

2018-03-06 09:40:25 - [MESSAGE][PASSED] - Object 'Object Repository/CuPaDl/Loading_indicator' is visible

2018-03-06 09:40:33 - [MESSAGE][PASSED] - Object 'Object Repository/CuPaDl/Loading_indicator' is NOT visible

2018-03-06 09:40:34 - [MESSAGE][PASSED] - Delayed 1 second(s)

2018-03-06 09:40:34 - [MESSAGE][PASSED] - cupakeysDl.chngstruct.changestructure is PASSED

2018-03-06 09:40:34 - [TEST_STEP][PASSED] - Statement - (step++): null

2018-03-06 09:40:34 - [TEST_STEP][PASSED] - cupakeysDl.sclstruct.scalestructure: cupakeysDl.sclstruct.scalestructure is PASSED

2018-03-06 09:40:37 - [MESSAGE][WARNING] - Object 'Object Repository/CuPaDl/Structure/Resize_Structure_bottomright' is not visible after 3 second(s)

2018-03-06 09:40:37 - [MESSAGE][PASSED] - Object: 'Object Repository/CuPaDl/Structure/Resize_Structure' is clicked on

2018-03-06 09:40:37 - [MESSAGE][WARNING] - Timeout '0' is invalid. Using default page load timeout: '30'

2018-03-06 09:40:37 - [MESSAGE][PASSED] - Object 'Object Repository/CuPaDl/Structure/Resize_Structure_bottomright' is visible

2018-03-06 09:40:38 - [MESSAGE][PASSED] - Delayed 1 second(s)

2018-03-06 09:40:38 - [MESSAGE][PASSED] - Current viewport's left (x) position is 0

2018-03-06 09:40:38 - [MESSAGE][PASSED] - Current viewport's top (y) position is 54

2018-03-06 09:40:38 - [MESSAGE][PASSED] - Dragged object with id 'Object Repository/CuPaDl/Structure/Resize_Structure_bottomright' by offset distance x = 225 and y = 279 successfully

2018-03-06 09:40:39 - [MESSAGE][PASSED] - Object 'Object Repository/CuPaDl/Loading_indicator' is visible

2018-03-06 09:40:44 - [MESSAGE][PASSED] - Object 'Object Repository/CuPaDl/Loading_indicator' is NOT visible

2018-03-06 09:40:45 - [MESSAGE][PASSED] - Delayed 1 second(s)

2018-03-06 09:40:45 - [MESSAGE][PASSED] - cupakeysDl.sclstruct.scalestructure is PASSED

2018-03-06 09:40:45 - [TEST_STEP][PASSED] - Statement - (step++): null

2018-03-06 09:40:45 - [TEST_STEP][PASSED] - Statement - iconmap += CustomKeywords.cupakeysDl.iconad.iconadd("unionjack", LoadTimeCorrector, step, run, device, timeStamp, iconcount): cupakeysDl.iconad.iconadd is PASSED

2018-03-06 09:40:45 - [MESSAGE][PASSED] - Object: 'Object Repository/CuPaDl/Icons/Icon' is clicked on

2018-03-06 09:40:45 - [MESSAGE][PASSED] - Object 'Object Repository/CuPaDl/Icons/Icon_unionjack' is visible

2018-03-06 09:40:45 - [MESSAGE][PASSED] - Object: 'Object Repository/CuPaDl/Icons/Icon_unionjack' is clicked on

2018-03-06 09:40:46 - [MESSAGE][PASSED] - Delayed 1 second(s)

2018-03-06 09:40:46 - [MESSAGE][PASSED] - Object 'Object Repository/CuPaDl/Loading_indicator' is visible

2018-03-06 09:40:49 - [MESSAGE][PASSED] - Object 'Object Repository/CuPaDl/Loading_indicator' is NOT visible

2018-03-06 09:40:49 - [MESSAGE][WARNING] - Timeout '0' is invalid. Using default page load timeout: '30'

2018-03-06 09:40:49 - [MESSAGE][PASSED] - Width of element 'Object Repository/CuPaDl/Icons/Reposition_icon' is '40'

2018-03-06 09:40:49 - [MESSAGE][PASSED] - Height of element 'Object Repository/CuPaDl/Icons/Reposition_icon' is '40'.

2018-03-06 09:40:50 - [MESSAGE][PASSED] - Delayed 1 second(s)

2018-03-06 09:40:50 - [MESSAGE][PASSED] - cupakeysDl.iconad.iconadd is PASSED

2018-03-06 09:40:50 - [TEST_STEP][PASSED] - Statement - (step++): null

2018-03-06 09:40:50 - [TEST_STEP][PASSED] - Statement - (iconcount++): null

2018-03-06 09:40:50 - [TEST_STEP][PASSED] - cupakeysDl.iconres.iconresize: cupakeysDl.iconres.iconresize is PASSED

2018-03-06 09:40:50 - [MESSAGE][PASSED] - Object 'Object Repository/CuPaDl/Icons/Reposition_icon' is visible

2018-03-06 09:40:50 - [MESSAGE][PASSED] - Current viewport's left (x) position is 0

2018-03-06 09:40:50 - [MESSAGE][PASSED] - Current viewport's top (y) position is 54

2018-03-06 09:40:50 - [MESSAGE][PASSED] - Dragged object with id 'Object Repository/CuPaDl/Icons/Resize_icon_bottomright' by offset distance x = 125 and y = 179 successfully

2018-03-06 09:40:51 - [MESSAGE][PASSED] - Object 'Object Repository/CuPaDl/Loading_indicator' is visible

2018-03-06 09:40:54 - [MESSAGE][PASSED] - Object 'Object Repository/CuPaDl/Loading_indicator' is NOT visible

2018-03-06 09:40:55 - [MESSAGE][PASSED] - Delayed 1 second(s)

2018-03-06 09:40:55 - [MESSAGE][PASSED] - cupakeysDl.iconres.iconresize is PASSED

2018-03-06 09:40:55 - [TEST_STEP][PASSED] - Statement - (step++): null

2018-03-06 09:40:55 - [TEST_STEP][PASSED] - cupakeysDl.slink.svlink: cupakeysDl.slink.svlink is PASSED

2018-03-06 09:40:55 - [MESSAGE][PASSED] - Scroll to object 'Object Repository/CuPaDl/Save/Save' successfully

2018-03-06 09:40:55 - [MESSAGE][PASSED] - Object: 'Object Repository/CuPaDl/Save/Save' is clicked on

2018-03-06 09:40:55 - [MESSAGE][WARNING] - Timeout '0' is invalid. Using default page load timeout: '30'

2018-03-06 09:40:57 - [MESSAGE][PASSED] - Object 'Object Repository/CuPaDl/Save/CopyLink' is visible

2018-03-06 09:40:57 - [MESSAGE][PASSED] - Attribute 'value' of object 'Object Repository/CuPaDl/Save/Link' is: 'https://d16a4dsnr8a0k1.cloudfront.net/en/2455233.html?scupaId=BCYmLXE1LF1XXHo0RURF'

2018-03-06 09:40:57 - [MESSAGE][PASSED] - cupakeysDl.slink.svlink is PASSED

2018-03-06 09:40:57 - [TEST_STEP][PASSED] - cupakeysDl.endsession.finishsession: cupakeysDl.endsession.finishsession is PASSED

2018-03-06 09:41:00 - [MESSAGE][PASSED] - Delayed 3 second(s)

2018-03-06 09:41:01 - [MESSAGE][PASSED] - Browser is closed

2018-03-06 09:41:01 - [MESSAGE][PASSED] - cupakeysDl.endsession.finishsession is PASSED]]></system-out>
         <system-err><![CDATA[]]></system-err>
      </testcase>
      <testcase name="Test Cases/CuPaStefanie/3" classname="Test Cases/CuPaStefanie/3" status="PASSED">
         <system-out><![CDATA[2018-03-06 09:41:01 - [TEST_CASE][PASSED] - Test Cases/CuPaStefanie/3: Test Cases/CuPaStefanie/3

2018-03-06 09:41:01 - [TEST_STEP][PASSED] - Statement - timeStamp = new java.text.SimpleDateFormat(dd.MM.yyyy_HH_mm_ss).format(java.util.Calendar.getInstance().getTime()): null

2018-03-06 09:41:01 - [TEST_STEP][PASSED] - Statement - timeStampScreenshot = new java.text.SimpleDateFormat(dd.MM.yyyy).format(java.util.Calendar.getInstance().getTime()): null

2018-03-06 09:41:01 - [TEST_STEP][PASSED] - Statement - iconmap = [:]: null

2018-03-06 09:41:01 - [TEST_STEP][PASSED] - Statement - txtmap = [:]: null

2018-03-06 09:41:01 - [TEST_STEP][PASSED] - Statement - signmap = [:]: null

2018-03-06 09:41:01 - [TEST_STEP][PASSED] - cupakeysDl.initStart.initialStart: cupakeysDl.initStart.initialStart is PASSED

2018-03-06 09:41:03 - [MESSAGE][PASSED] - Browser is opened with url: ''

2018-03-06 09:41:06 - [MESSAGE][PASSED] - Delayed 3 second(s)

2018-03-06 09:41:07 - [MESSAGE][PASSED] - Navigate to 'https://d16a4dsnr8a0k1.cloudfront.net/en/2455233.html?price=150.00%20%E2%82%AC&partName=wilsonPartName&vin=wilsonVin&modelCode=XP11&paint=P0A94&modelDescription=wilsonModelDescription&additionalEquipment=wilsonAdditionalEquipment' successfully

2018-03-06 09:41:07 - [MESSAGE][PASSED] - Object 'Object Repository/CuPaDl/Loading_indicator' is visible

2018-03-06 09:41:14 - [MESSAGE][PASSED] - Object 'Object Repository/CuPaDl/Loading_indicator' is NOT visible

2018-03-06 09:41:15 - [MESSAGE][PASSED] - Delayed 1 second(s)

2018-03-06 09:41:15 - [MESSAGE][PASSED] - cupakeysDl.initStart.initialStart is PASSED

2018-03-06 09:41:15 - [TEST_STEP][PASSED] - Statement - (step++): null

2018-03-06 09:41:15 - [TEST_STEP][PASSED] - cupakeysDl.color.changecolor: cupakeysDl.color.changecolor is PASSED

2018-03-06 09:41:16 - [MESSAGE][PASSED] - Object 'Object Repository/CuPaDl/Color/Color' is visible

2018-03-06 09:41:16 - [MESSAGE][PASSED] - Object: 'Object Repository/CuPaDl/Color/Color' is clicked on

2018-03-06 09:41:17 - [MESSAGE][PASSED] - Delayed 1 second(s)

2018-03-06 09:41:17 - [MESSAGE][PASSED] - Object 'Object Repository/CuPaDl/Color/Color_nightlightblue' is visible

2018-03-06 09:41:17 - [MESSAGE][PASSED] - Object: 'Object Repository/CuPaDl/Color/Color_nightlightblue' is clicked on

2018-03-06 09:41:17 - [MESSAGE][WARNING] - Timeout '0' is invalid. Using default page load timeout: '30'

2018-03-06 09:41:17 - [MESSAGE][PASSED] - Object 'Object Repository/CuPaDl/Color/Color_nightlightblue' is visible

2018-03-06 09:41:18 - [MESSAGE][PASSED] - Delayed 1 second(s)

2018-03-06 09:41:19 - [MESSAGE][PASSED] - Object: 'Object Repository/CuPaDl/Color/Color_nightlightblue' is clicked on

2018-03-06 09:41:21 - [MESSAGE][PASSED] - Object 'Object Repository/CuPaDl/Loading_indicator' is visible

2018-03-06 09:41:22 - [MESSAGE][PASSED] - Object 'Object Repository/CuPaDl/Loading_indicator' is NOT visible

2018-03-06 09:41:23 - [MESSAGE][PASSED] - Delayed 1 second(s)

2018-03-06 09:41:23 - [MESSAGE][PASSED] - cupakeysDl.color.changecolor is PASSED

2018-03-06 09:41:23 - [TEST_STEP][PASSED] - Statement - (step++): null

2018-03-06 09:41:23 - [TEST_STEP][PASSED] - cupakeysDl.chngstruct.changestructure: cupakeysDl.chngstruct.changestructure is PASSED

2018-03-06 09:41:23 - [MESSAGE][PASSED] - Object: 'Object Repository/CuPaDl/Structure/Structure' is clicked on

2018-03-06 09:41:23 - [MESSAGE][WARNING] - Timeout '0' is invalid. Using default page load timeout: '30'

2018-03-06 09:41:23 - [MESSAGE][PASSED] - Object 'Object Repository/CuPaDl/Structure/Structure_Hahnentritt' is visible

2018-03-06 09:41:23 - [MESSAGE][PASSED] - Object 'Object Repository/CuPaDl/Structure/Structure_chess' is visible

2018-03-06 09:41:23 - [MESSAGE][PASSED] - Object: 'Object Repository/CuPaDl/Structure/Structure_chess' is clicked on

2018-03-06 09:41:25 - [MESSAGE][PASSED] - Object 'Object Repository/CuPaDl/Loading_indicator' is visible

2018-03-06 09:41:26 - [MESSAGE][PASSED] - Object 'Object Repository/CuPaDl/Loading_indicator' is NOT visible

2018-03-06 09:41:27 - [MESSAGE][PASSED] - Delayed 1 second(s)

2018-03-06 09:41:27 - [MESSAGE][PASSED] - cupakeysDl.chngstruct.changestructure is PASSED

2018-03-06 09:41:27 - [TEST_STEP][PASSED] - Statement - (step++): null

2018-03-06 09:41:27 - [TEST_STEP][PASSED] - cupakeysDl.sclstruct.scalestructure: cupakeysDl.sclstruct.scalestructure is PASSED

2018-03-06 09:41:30 - [MESSAGE][WARNING] - Object 'Object Repository/CuPaDl/Structure/Resize_Structure_bottomright' is not visible after 3 second(s)

2018-03-06 09:41:30 - [MESSAGE][PASSED] - Object: 'Object Repository/CuPaDl/Structure/Resize_Structure' is clicked on

2018-03-06 09:41:30 - [MESSAGE][WARNING] - Timeout '0' is invalid. Using default page load timeout: '30'

2018-03-06 09:41:30 - [MESSAGE][PASSED] - Object 'Object Repository/CuPaDl/Structure/Resize_Structure_bottomright' is visible

2018-03-06 09:41:31 - [MESSAGE][PASSED] - Delayed 1 second(s)

2018-03-06 09:41:31 - [MESSAGE][PASSED] - Current viewport's left (x) position is 0

2018-03-06 09:41:31 - [MESSAGE][PASSED] - Current viewport's top (y) position is 54

2018-03-06 09:41:31 - [MESSAGE][PASSED] - Dragged object with id 'Object Repository/CuPaDl/Structure/Resize_Structure_bottomright' by offset distance x = -225 and y = -171 successfully

2018-03-06 09:41:33 - [MESSAGE][PASSED] - Object 'Object Repository/CuPaDl/Loading_indicator' is visible

2018-03-06 09:41:34 - [MESSAGE][PASSED] - Object 'Object Repository/CuPaDl/Loading_indicator' is NOT visible

2018-03-06 09:41:35 - [MESSAGE][PASSED] - Delayed 1 second(s)

2018-03-06 09:41:35 - [MESSAGE][PASSED] - cupakeysDl.sclstruct.scalestructure is PASSED

2018-03-06 09:41:35 - [TEST_STEP][PASSED] - Statement - (step++): null

2018-03-06 09:41:35 - [TEST_STEP][PASSED] - Statement - iconmap += CustomKeywords.cupakeysDl.iconad.iconadd("racing", LoadTimeCorrector, step, run, device, timeStamp, iconcount): cupakeysDl.iconad.iconadd is PASSED

2018-03-06 09:41:35 - [MESSAGE][PASSED] - Object: 'Object Repository/CuPaDl/Icons/Icon' is clicked on

2018-03-06 09:41:35 - [MESSAGE][PASSED] - Object 'Object Repository/CuPaDl/Icons/Icon_racing' is visible

2018-03-06 09:41:36 - [MESSAGE][PASSED] - Object: 'Object Repository/CuPaDl/Icons/Icon_racing' is clicked on

2018-03-06 09:41:37 - [MESSAGE][PASSED] - Delayed 1 second(s)

2018-03-06 09:41:37 - [MESSAGE][PASSED] - Object 'Object Repository/CuPaDl/Loading_indicator' is visible

2018-03-06 09:41:39 - [MESSAGE][PASSED] - Object 'Object Repository/CuPaDl/Loading_indicator' is NOT visible

2018-03-06 09:41:39 - [MESSAGE][WARNING] - Timeout '0' is invalid. Using default page load timeout: '30'

2018-03-06 09:41:39 - [MESSAGE][PASSED] - Width of element 'Object Repository/CuPaDl/Icons/Reposition_icon' is '40'

2018-03-06 09:41:39 - [MESSAGE][PASSED] - Height of element 'Object Repository/CuPaDl/Icons/Reposition_icon' is '40'.

2018-03-06 09:41:40 - [MESSAGE][PASSED] - Delayed 1 second(s)

2018-03-06 09:41:40 - [MESSAGE][PASSED] - cupakeysDl.iconad.iconadd is PASSED

2018-03-06 09:41:40 - [TEST_STEP][PASSED] - Statement - (step++): null

2018-03-06 09:41:40 - [TEST_STEP][PASSED] - Statement - (iconcount++): null

2018-03-06 09:41:40 - [TEST_STEP][PASSED] - cupakeysDl.iconres.iconresize: cupakeysDl.iconres.iconresize is PASSED

2018-03-06 09:41:40 - [MESSAGE][PASSED] - Object 'Object Repository/CuPaDl/Icons/Reposition_icon' is visible

2018-03-06 09:41:40 - [MESSAGE][PASSED] - Current viewport's left (x) position is 0

2018-03-06 09:41:40 - [MESSAGE][PASSED] - Current viewport's top (y) position is 54

2018-03-06 09:41:40 - [MESSAGE][PASSED] - Dragged object with id 'Object Repository/CuPaDl/Icons/Resize_icon_bottomright' by offset distance x = -125 and y = -71 successfully

2018-03-06 09:41:42 - [MESSAGE][PASSED] - Object 'Object Repository/CuPaDl/Loading_indicator' is visible

2018-03-06 09:41:43 - [MESSAGE][PASSED] - Object 'Object Repository/CuPaDl/Loading_indicator' is NOT visible

2018-03-06 09:41:44 - [MESSAGE][PASSED] - Delayed 1 second(s)

2018-03-06 09:41:44 - [MESSAGE][PASSED] - cupakeysDl.iconres.iconresize is PASSED

2018-03-06 09:41:44 - [TEST_STEP][PASSED] - Statement - (step++): null

2018-03-06 09:41:44 - [TEST_STEP][PASSED] - cupakeysDl.slink.svlink: cupakeysDl.slink.svlink is PASSED

2018-03-06 09:41:44 - [MESSAGE][PASSED] - Scroll to object 'Object Repository/CuPaDl/Save/Save' successfully

2018-03-06 09:41:44 - [MESSAGE][PASSED] - Object: 'Object Repository/CuPaDl/Save/Save' is clicked on

2018-03-06 09:41:44 - [MESSAGE][WARNING] - Timeout '0' is invalid. Using default page load timeout: '30'

2018-03-06 09:41:46 - [MESSAGE][PASSED] - Object 'Object Repository/CuPaDl/Save/CopyLink' is visible

2018-03-06 09:41:46 - [MESSAGE][PASSED] - Attribute 'value' of object 'Object Repository/CuPaDl/Save/Link' is: 'https://d16a4dsnr8a0k1.cloudfront.net/en/2455233.html?scupaId=H1Q6NhUjJzA5LHo0RURG'

2018-03-06 09:41:46 - [MESSAGE][PASSED] - cupakeysDl.slink.svlink is PASSED

2018-03-06 09:41:46 - [TEST_STEP][PASSED] - cupakeysDl.endsession.finishsession: cupakeysDl.endsession.finishsession is PASSED

2018-03-06 09:41:49 - [MESSAGE][PASSED] - Delayed 3 second(s)

2018-03-06 09:41:50 - [MESSAGE][PASSED] - Browser is closed

2018-03-06 09:41:50 - [MESSAGE][PASSED] - cupakeysDl.endsession.finishsession is PASSED]]></system-out>
         <system-err><![CDATA[]]></system-err>
      </testcase>
      <testcase name="Test Cases/CuPaStefanie/4" classname="Test Cases/CuPaStefanie/4" status="PASSED">
         <system-out><![CDATA[2018-03-06 09:41:50 - [TEST_CASE][PASSED] - Test Cases/CuPaStefanie/4: Test Cases/CuPaStefanie/4

2018-03-06 09:41:50 - [TEST_STEP][PASSED] - Statement - timeStamp = new java.text.SimpleDateFormat(dd.MM.yyyy_HH_mm_ss).format(java.util.Calendar.getInstance().getTime()): null

2018-03-06 09:41:50 - [TEST_STEP][PASSED] - Statement - timeStampScreenshot = new java.text.SimpleDateFormat(dd.MM.yyyy).format(java.util.Calendar.getInstance().getTime()): null

2018-03-06 09:41:50 - [TEST_STEP][PASSED] - Statement - iconmap = [:]: null

2018-03-06 09:41:50 - [TEST_STEP][PASSED] - Statement - txtmap = [:]: null

2018-03-06 09:41:50 - [TEST_STEP][PASSED] - Statement - signmap = [:]: null

2018-03-06 09:41:50 - [TEST_STEP][PASSED] - cupakeysDl.initStart.initialStart: cupakeysDl.initStart.initialStart is PASSED

2018-03-06 09:41:52 - [MESSAGE][PASSED] - Browser is opened with url: ''

2018-03-06 09:41:55 - [MESSAGE][PASSED] - Delayed 3 second(s)

2018-03-06 09:41:56 - [MESSAGE][PASSED] - Navigate to 'https://d16a4dsnr8a0k1.cloudfront.net/en/2455233.html?price=150.00%20%E2%82%AC&partName=wilsonPartName&vin=wilsonVin&modelCode=XP11&paint=P0A94&modelDescription=wilsonModelDescription&additionalEquipment=wilsonAdditionalEquipment' successfully

2018-03-06 09:41:56 - [MESSAGE][PASSED] - Object 'Object Repository/CuPaDl/Loading_indicator' is visible

2018-03-06 09:42:01 - [MESSAGE][PASSED] - Object 'Object Repository/CuPaDl/Loading_indicator' is NOT visible

2018-03-06 09:42:02 - [MESSAGE][PASSED] - Delayed 1 second(s)

2018-03-06 09:42:02 - [MESSAGE][PASSED] - cupakeysDl.initStart.initialStart is PASSED

2018-03-06 09:42:02 - [TEST_STEP][PASSED] - Statement - (step++): null

2018-03-06 09:42:02 - [TEST_STEP][PASSED] - cupakeysDl.color.changecolor: cupakeysDl.color.changecolor is PASSED

2018-03-06 09:42:03 - [MESSAGE][PASSED] - Object 'Object Repository/CuPaDl/Color/Color' is visible

2018-03-06 09:42:03 - [MESSAGE][PASSED] - Object: 'Object Repository/CuPaDl/Color/Color' is clicked on

2018-03-06 09:42:04 - [MESSAGE][PASSED] - Delayed 1 second(s)

2018-03-06 09:42:04 - [MESSAGE][PASSED] - Object 'Object Repository/CuPaDl/Color/Color_nightlightblue' is visible

2018-03-06 09:42:04 - [MESSAGE][PASSED] - Object: 'Object Repository/CuPaDl/Color/Color_nightlightblue' is clicked on

2018-03-06 09:42:04 - [MESSAGE][WARNING] - Timeout '0' is invalid. Using default page load timeout: '30'

2018-03-06 09:42:04 - [MESSAGE][PASSED] - Object 'Object Repository/CuPaDl/Color/Color_nightlightblue' is visible

2018-03-06 09:42:05 - [MESSAGE][PASSED] - Delayed 1 second(s)

2018-03-06 09:42:05 - [MESSAGE][PASSED] - Object: 'Object Repository/CuPaDl/Color/Color_nightlightblue' is clicked on

2018-03-06 09:42:09 - [MESSAGE][WARNING] - Object 'Object Repository/CuPaDl/Loading_indicator' is not visible after 3 second(s)

2018-03-06 09:42:10 - [MESSAGE][PASSED] - Delayed 1 second(s)

2018-03-06 09:42:10 - [MESSAGE][PASSED] - cupakeysDl.color.changecolor is PASSED

2018-03-06 09:42:10 - [TEST_STEP][PASSED] - Statement - (step++): null

2018-03-06 09:42:10 - [TEST_STEP][PASSED] - cupakeysDl.chngstruct.changestructure: cupakeysDl.chngstruct.changestructure is PASSED

2018-03-06 09:42:10 - [MESSAGE][PASSED] - Object: 'Object Repository/CuPaDl/Structure/Structure' is clicked on

2018-03-06 09:42:10 - [MESSAGE][WARNING] - Timeout '0' is invalid. Using default page load timeout: '30'

2018-03-06 09:42:10 - [MESSAGE][PASSED] - Object 'Object Repository/CuPaDl/Structure/Structure_Hahnentritt' is visible

2018-03-06 09:42:10 - [MESSAGE][PASSED] - Object 'Object Repository/CuPaDl/Structure/Structure_chess' is visible

2018-03-06 09:42:10 - [MESSAGE][PASSED] - Object: 'Object Repository/CuPaDl/Structure/Structure_chess' is clicked on

2018-03-06 09:42:11 - [MESSAGE][PASSED] - Object 'Object Repository/CuPaDl/Loading_indicator' is visible

2018-03-06 09:42:13 - [MESSAGE][PASSED] - Object 'Object Repository/CuPaDl/Loading_indicator' is NOT visible

2018-03-06 09:42:14 - [MESSAGE][PASSED] - Delayed 1 second(s)

2018-03-06 09:42:14 - [MESSAGE][PASSED] - cupakeysDl.chngstruct.changestructure is PASSED

2018-03-06 09:42:14 - [TEST_STEP][PASSED] - Statement - (step++): null

2018-03-06 09:42:14 - [TEST_STEP][PASSED] - cupakeysDl.sclstruct.scalestructure: cupakeysDl.sclstruct.scalestructure is PASSED

2018-03-06 09:42:17 - [MESSAGE][WARNING] - Object 'Object Repository/CuPaDl/Structure/Resize_Structure_bottomright' is not visible after 3 second(s)

2018-03-06 09:42:17 - [MESSAGE][PASSED] - Object: 'Object Repository/CuPaDl/Structure/Resize_Structure' is clicked on

2018-03-06 09:42:17 - [MESSAGE][WARNING] - Timeout '0' is invalid. Using default page load timeout: '30'

2018-03-06 09:42:17 - [MESSAGE][PASSED] - Object 'Object Repository/CuPaDl/Structure/Resize_Structure_bottomright' is visible

2018-03-06 09:42:18 - [MESSAGE][PASSED] - Delayed 1 second(s)

2018-03-06 09:42:18 - [MESSAGE][PASSED] - Current viewport's left (x) position is 0

2018-03-06 09:42:18 - [MESSAGE][PASSED] - Current viewport's top (y) position is 54

2018-03-06 09:42:18 - [MESSAGE][PASSED] - Dragged object with id 'Object Repository/CuPaDl/Structure/Resize_Structure_bottomright' by offset distance x = 225 and y = 279 successfully

2018-03-06 09:42:19 - [MESSAGE][PASSED] - Object 'Object Repository/CuPaDl/Loading_indicator' is visible

2018-03-06 09:42:20 - [MESSAGE][PASSED] - Object 'Object Repository/CuPaDl/Loading_indicator' is NOT visible

2018-03-06 09:42:21 - [MESSAGE][PASSED] - Delayed 1 second(s)

2018-03-06 09:42:21 - [MESSAGE][PASSED] - cupakeysDl.sclstruct.scalestructure is PASSED

2018-03-06 09:42:21 - [TEST_STEP][PASSED] - Statement - (step++): null

2018-03-06 09:42:21 - [TEST_STEP][PASSED] - Statement - iconmap += CustomKeywords.cupakeysDl.iconad.iconadd("racing", LoadTimeCorrector, step, run, device, timeStamp, iconcount): cupakeysDl.iconad.iconadd is PASSED

2018-03-06 09:42:21 - [MESSAGE][PASSED] - Object: 'Object Repository/CuPaDl/Icons/Icon' is clicked on

2018-03-06 09:42:21 - [MESSAGE][PASSED] - Object 'Object Repository/CuPaDl/Icons/Icon_racing' is visible

2018-03-06 09:42:21 - [MESSAGE][PASSED] - Object: 'Object Repository/CuPaDl/Icons/Icon_racing' is clicked on

2018-03-06 09:42:22 - [MESSAGE][PASSED] - Delayed 1 second(s)

2018-03-06 09:42:23 - [MESSAGE][PASSED] - Object 'Object Repository/CuPaDl/Loading_indicator' is visible

2018-03-06 09:42:24 - [MESSAGE][PASSED] - Object 'Object Repository/CuPaDl/Loading_indicator' is NOT visible

2018-03-06 09:42:24 - [MESSAGE][WARNING] - Timeout '0' is invalid. Using default page load timeout: '30'

2018-03-06 09:42:24 - [MESSAGE][PASSED] - Width of element 'Object Repository/CuPaDl/Icons/Reposition_icon' is '40'

2018-03-06 09:42:24 - [MESSAGE][PASSED] - Height of element 'Object Repository/CuPaDl/Icons/Reposition_icon' is '40'.

2018-03-06 09:42:25 - [MESSAGE][PASSED] - Delayed 1 second(s)

2018-03-06 09:42:25 - [MESSAGE][PASSED] - cupakeysDl.iconad.iconadd is PASSED

2018-03-06 09:42:25 - [TEST_STEP][PASSED] - Statement - (step++): null

2018-03-06 09:42:25 - [TEST_STEP][PASSED] - Statement - (iconcount++): null

2018-03-06 09:42:25 - [TEST_STEP][PASSED] - cupakeysDl.iconres.iconresize: cupakeysDl.iconres.iconresize is PASSED

2018-03-06 09:42:25 - [MESSAGE][PASSED] - Object 'Object Repository/CuPaDl/Icons/Reposition_icon' is visible

2018-03-06 09:42:25 - [MESSAGE][PASSED] - Current viewport's left (x) position is 0

2018-03-06 09:42:25 - [MESSAGE][PASSED] - Current viewport's top (y) position is 54

2018-03-06 09:42:25 - [MESSAGE][PASSED] - Dragged object with id 'Object Repository/CuPaDl/Icons/Resize_icon_bottomright' by offset distance x = 125 and y = 179 successfully

2018-03-06 09:42:27 - [MESSAGE][PASSED] - Object 'Object Repository/CuPaDl/Loading_indicator' is visible

2018-03-06 09:42:28 - [MESSAGE][PASSED] - Object 'Object Repository/CuPaDl/Loading_indicator' is NOT visible

2018-03-06 09:42:29 - [MESSAGE][PASSED] - Delayed 1 second(s)

2018-03-06 09:42:29 - [MESSAGE][PASSED] - cupakeysDl.iconres.iconresize is PASSED

2018-03-06 09:42:29 - [TEST_STEP][PASSED] - Statement - (step++): null

2018-03-06 09:42:29 - [TEST_STEP][PASSED] - cupakeysDl.slink.svlink: cupakeysDl.slink.svlink is PASSED

2018-03-06 09:42:29 - [MESSAGE][PASSED] - Scroll to object 'Object Repository/CuPaDl/Save/Save' successfully

2018-03-06 09:42:29 - [MESSAGE][PASSED] - Object: 'Object Repository/CuPaDl/Save/Save' is clicked on

2018-03-06 09:42:29 - [MESSAGE][WARNING] - Timeout '0' is invalid. Using default page load timeout: '30'

2018-03-06 09:42:31 - [MESSAGE][PASSED] - Object 'Object Repository/CuPaDl/Save/CopyLink' is visible

2018-03-06 09:42:31 - [MESSAGE][PASSED] - Attribute 'value' of object 'Object Repository/CuPaDl/Save/Link' is: 'https://d16a4dsnr8a0k1.cloudfront.net/en/2455233.html?scupaId=GVYiKRUmLCc/Uno0RURG'

2018-03-06 09:42:31 - [MESSAGE][PASSED] - cupakeysDl.slink.svlink is PASSED

2018-03-06 09:42:31 - [TEST_STEP][PASSED] - cupakeysDl.endsession.finishsession: cupakeysDl.endsession.finishsession is PASSED

2018-03-06 09:42:34 - [MESSAGE][PASSED] - Delayed 3 second(s)

2018-03-06 09:42:34 - [MESSAGE][PASSED] - Browser is closed

2018-03-06 09:42:34 - [MESSAGE][PASSED] - cupakeysDl.endsession.finishsession is PASSED]]></system-out>
         <system-err><![CDATA[]]></system-err>
      </testcase>
      <testcase name="Test Cases/CuPaStefanie/5" classname="Test Cases/CuPaStefanie/5" status="PASSED">
         <system-out><![CDATA[2018-03-06 09:42:34 - [TEST_CASE][PASSED] - Test Cases/CuPaStefanie/5: Test Cases/CuPaStefanie/5

2018-03-06 09:42:34 - [TEST_STEP][PASSED] - Statement - timeStamp = new java.text.SimpleDateFormat(dd.MM.yyyy_HH_mm_ss).format(java.util.Calendar.getInstance().getTime()): null

2018-03-06 09:42:34 - [TEST_STEP][PASSED] - Statement - timeStampScreenshot = new java.text.SimpleDateFormat(dd.MM.yyyy).format(java.util.Calendar.getInstance().getTime()): null

2018-03-06 09:42:34 - [TEST_STEP][PASSED] - Statement - iconmap = [:]: null

2018-03-06 09:42:34 - [TEST_STEP][PASSED] - Statement - txtmap = [:]: null

2018-03-06 09:42:34 - [TEST_STEP][PASSED] - Statement - signmap = [:]: null

2018-03-06 09:42:34 - [TEST_STEP][PASSED] - cupakeysDl.initStart.initialStart: cupakeysDl.initStart.initialStart is PASSED

2018-03-06 09:42:36 - [MESSAGE][PASSED] - Browser is opened with url: ''

2018-03-06 09:42:39 - [MESSAGE][PASSED] - Delayed 3 second(s)

2018-03-06 09:42:41 - [MESSAGE][PASSED] - Navigate to 'https://d16a4dsnr8a0k1.cloudfront.net/en/2455233.html?price=150.00%20%E2%82%AC&partName=wilsonPartName&vin=wilsonVin&modelCode=XP11&paint=P0A94&modelDescription=wilsonModelDescription&additionalEquipment=wilsonAdditionalEquipment' successfully

2018-03-06 09:42:41 - [MESSAGE][PASSED] - Object 'Object Repository/CuPaDl/Loading_indicator' is visible

2018-03-06 09:42:48 - [MESSAGE][PASSED] - Object 'Object Repository/CuPaDl/Loading_indicator' is NOT visible

2018-03-06 09:42:49 - [MESSAGE][PASSED] - Delayed 1 second(s)

2018-03-06 09:42:49 - [MESSAGE][PASSED] - cupakeysDl.initStart.initialStart is PASSED

2018-03-06 09:42:49 - [TEST_STEP][PASSED] - Statement - (step++): null

2018-03-06 09:42:49 - [TEST_STEP][PASSED] - cupakeysDl.color.changecolor: cupakeysDl.color.changecolor is PASSED

2018-03-06 09:42:49 - [MESSAGE][PASSED] - Object 'Object Repository/CuPaDl/Color/Color' is visible

2018-03-06 09:42:49 - [MESSAGE][PASSED] - Object: 'Object Repository/CuPaDl/Color/Color' is clicked on

2018-03-06 09:42:50 - [MESSAGE][PASSED] - Delayed 1 second(s)

2018-03-06 09:42:50 - [MESSAGE][PASSED] - Object 'Object Repository/CuPaDl/Color/Color_solartsorange' is visible

2018-03-06 09:42:50 - [MESSAGE][PASSED] - Object: 'Object Repository/CuPaDl/Color/Color_solartsorange' is clicked on

2018-03-06 09:42:50 - [MESSAGE][WARNING] - Timeout '0' is invalid. Using default page load timeout: '30'

2018-03-06 09:42:50 - [MESSAGE][PASSED] - Object 'Object Repository/CuPaDl/Color/Color_solartsorange' is visible

2018-03-06 09:42:51 - [MESSAGE][PASSED] - Delayed 1 second(s)

2018-03-06 09:42:52 - [MESSAGE][PASSED] - Object: 'Object Repository/CuPaDl/Color/Color_solartsorange' is clicked on

2018-03-06 09:42:53 - [MESSAGE][PASSED] - Object 'Object Repository/CuPaDl/Loading_indicator' is visible

2018-03-06 09:42:54 - [MESSAGE][PASSED] - Object 'Object Repository/CuPaDl/Loading_indicator' is NOT visible

2018-03-06 09:42:55 - [MESSAGE][PASSED] - Delayed 1 second(s)

2018-03-06 09:42:55 - [MESSAGE][PASSED] - cupakeysDl.color.changecolor is PASSED

2018-03-06 09:42:55 - [TEST_STEP][PASSED] - Statement - (step++): null

2018-03-06 09:42:55 - [TEST_STEP][PASSED] - cupakeysDl.chngstruct.changestructure: cupakeysDl.chngstruct.changestructure is PASSED

2018-03-06 09:42:55 - [MESSAGE][PASSED] - Object: 'Object Repository/CuPaDl/Structure/Structure' is clicked on

2018-03-06 09:42:55 - [MESSAGE][WARNING] - Timeout '0' is invalid. Using default page load timeout: '30'

2018-03-06 09:42:55 - [MESSAGE][PASSED] - Object 'Object Repository/CuPaDl/Structure/Structure_Hahnentritt' is visible

2018-03-06 09:42:55 - [MESSAGE][PASSED] - Object 'Object Repository/CuPaDl/Structure/Structure_angles' is visible

2018-03-06 09:42:55 - [MESSAGE][PASSED] - Object: 'Object Repository/CuPaDl/Structure/Structure_angles' is clicked on

2018-03-06 09:42:56 - [MESSAGE][PASSED] - Object 'Object Repository/CuPaDl/Loading_indicator' is visible

2018-03-06 09:43:00 - [MESSAGE][PASSED] - Object 'Object Repository/CuPaDl/Loading_indicator' is NOT visible

2018-03-06 09:43:01 - [MESSAGE][PASSED] - Delayed 1 second(s)

2018-03-06 09:43:01 - [MESSAGE][PASSED] - cupakeysDl.chngstruct.changestructure is PASSED

2018-03-06 09:43:01 - [TEST_STEP][PASSED] - Statement - (step++): null

2018-03-06 09:43:01 - [TEST_STEP][PASSED] - cupakeysDl.sclstruct.scalestructure: cupakeysDl.sclstruct.scalestructure is PASSED

2018-03-06 09:43:05 - [MESSAGE][WARNING] - Object 'Object Repository/CuPaDl/Structure/Resize_Structure_bottomright' is not visible after 3 second(s)

2018-03-06 09:43:05 - [MESSAGE][PASSED] - Object: 'Object Repository/CuPaDl/Structure/Resize_Structure' is clicked on

2018-03-06 09:43:05 - [MESSAGE][WARNING] - Timeout '0' is invalid. Using default page load timeout: '30'

2018-03-06 09:43:05 - [MESSAGE][PASSED] - Object 'Object Repository/CuPaDl/Structure/Resize_Structure_bottomright' is visible

2018-03-06 09:43:06 - [MESSAGE][PASSED] - Delayed 1 second(s)

2018-03-06 09:43:06 - [MESSAGE][PASSED] - Current viewport's left (x) position is 0

2018-03-06 09:43:06 - [MESSAGE][PASSED] - Current viewport's top (y) position is 54

2018-03-06 09:43:06 - [MESSAGE][PASSED] - Dragged object with id 'Object Repository/CuPaDl/Structure/Resize_Structure_bottomright' by offset distance x = -225 and y = -171 successfully

2018-03-06 09:43:07 - [MESSAGE][PASSED] - Object 'Object Repository/CuPaDl/Loading_indicator' is visible

2018-03-06 09:43:12 - [MESSAGE][PASSED] - Object 'Object Repository/CuPaDl/Loading_indicator' is NOT visible

2018-03-06 09:43:13 - [MESSAGE][PASSED] - Delayed 1 second(s)

2018-03-06 09:43:13 - [MESSAGE][PASSED] - cupakeysDl.sclstruct.scalestructure is PASSED

2018-03-06 09:43:13 - [TEST_STEP][PASSED] - Statement - (step++): null

2018-03-06 09:43:13 - [TEST_STEP][PASSED] - Statement - iconmap += CustomKeywords.cupakeysDl.iconad.iconadd("compass", LoadTimeCorrector, step, run, device, timeStamp, iconcount): cupakeysDl.iconad.iconadd is PASSED

2018-03-06 09:43:13 - [MESSAGE][PASSED] - Object: 'Object Repository/CuPaDl/Icons/Icon' is clicked on

2018-03-06 09:43:13 - [MESSAGE][PASSED] - Object 'Object Repository/CuPaDl/Icons/Icon_compass' is visible

2018-03-06 09:43:13 - [MESSAGE][PASSED] - Object: 'Object Repository/CuPaDl/Icons/Icon_compass' is clicked on

2018-03-06 09:43:14 - [MESSAGE][PASSED] - Delayed 1 second(s)

2018-03-06 09:43:14 - [MESSAGE][PASSED] - Object 'Object Repository/CuPaDl/Loading_indicator' is visible

2018-03-06 09:43:18 - [MESSAGE][PASSED] - Object 'Object Repository/CuPaDl/Loading_indicator' is NOT visible

2018-03-06 09:43:18 - [MESSAGE][WARNING] - Timeout '0' is invalid. Using default page load timeout: '30'

2018-03-06 09:43:18 - [MESSAGE][PASSED] - Width of element 'Object Repository/CuPaDl/Icons/Reposition_icon' is '40'

2018-03-06 09:43:18 - [MESSAGE][PASSED] - Height of element 'Object Repository/CuPaDl/Icons/Reposition_icon' is '40'.

2018-03-06 09:43:19 - [MESSAGE][PASSED] - Delayed 1 second(s)

2018-03-06 09:43:19 - [MESSAGE][PASSED] - cupakeysDl.iconad.iconadd is PASSED

2018-03-06 09:43:19 - [TEST_STEP][PASSED] - Statement - (step++): null

2018-03-06 09:43:19 - [TEST_STEP][PASSED] - Statement - (iconcount++): null

2018-03-06 09:43:19 - [TEST_STEP][PASSED] - cupakeysDl.iconres.iconresize: cupakeysDl.iconres.iconresize is PASSED

2018-03-06 09:43:19 - [MESSAGE][PASSED] - Object 'Object Repository/CuPaDl/Icons/Reposition_icon' is visible

2018-03-06 09:43:19 - [MESSAGE][PASSED] - Current viewport's left (x) position is 0

2018-03-06 09:43:19 - [MESSAGE][PASSED] - Current viewport's top (y) position is 54

2018-03-06 09:43:19 - [MESSAGE][PASSED] - Dragged object with id 'Object Repository/CuPaDl/Icons/Resize_icon_bottomright' by offset distance x = -125 and y = -71 successfully

2018-03-06 09:43:20 - [MESSAGE][PASSED] - Object 'Object Repository/CuPaDl/Loading_indicator' is visible

2018-03-06 09:43:25 - [MESSAGE][PASSED] - Object 'Object Repository/CuPaDl/Loading_indicator' is NOT visible

2018-03-06 09:43:26 - [MESSAGE][PASSED] - Delayed 1 second(s)

2018-03-06 09:43:26 - [MESSAGE][PASSED] - cupakeysDl.iconres.iconresize is PASSED

2018-03-06 09:43:26 - [TEST_STEP][PASSED] - Statement - (step++): null

2018-03-06 09:43:26 - [TEST_STEP][PASSED] - cupakeysDl.slink.svlink: cupakeysDl.slink.svlink is PASSED

2018-03-06 09:43:27 - [MESSAGE][PASSED] - Scroll to object 'Object Repository/CuPaDl/Save/Save' successfully

2018-03-06 09:43:27 - [MESSAGE][PASSED] - Object: 'Object Repository/CuPaDl/Save/Save' is clicked on

2018-03-06 09:43:27 - [MESSAGE][WARNING] - Timeout '0' is invalid. Using default page load timeout: '30'

2018-03-06 09:43:28 - [MESSAGE][PASSED] - Object 'Object Repository/CuPaDl/Save/CopyLink' is visible

2018-03-06 09:43:28 - [MESSAGE][PASSED] - Attribute 'value' of object 'Object Repository/CuPaDl/Save/Link' is: 'https://d16a4dsnr8a0k1.cloudfront.net/en/2455233.html?scupaId=Ci0sNHBaJytcUXo0RURH'

2018-03-06 09:43:28 - [MESSAGE][PASSED] - cupakeysDl.slink.svlink is PASSED

2018-03-06 09:43:28 - [TEST_STEP][PASSED] - cupakeysDl.endsession.finishsession: cupakeysDl.endsession.finishsession is PASSED

2018-03-06 09:43:31 - [MESSAGE][PASSED] - Delayed 3 second(s)

2018-03-06 09:43:32 - [MESSAGE][PASSED] - Browser is closed

2018-03-06 09:43:32 - [MESSAGE][PASSED] - cupakeysDl.endsession.finishsession is PASSED]]></system-out>
         <system-err><![CDATA[]]></system-err>
      </testcase>
      <testcase name="Test Cases/CuPaStefanie/6" classname="Test Cases/CuPaStefanie/6" status="PASSED">
         <system-out><![CDATA[2018-03-06 09:43:32 - [TEST_CASE][PASSED] - Test Cases/CuPaStefanie/6: Test Cases/CuPaStefanie/6

2018-03-06 09:43:32 - [TEST_STEP][PASSED] - Statement - timeStamp = new java.text.SimpleDateFormat(dd.MM.yyyy_HH_mm_ss).format(java.util.Calendar.getInstance().getTime()): null

2018-03-06 09:43:32 - [TEST_STEP][PASSED] - Statement - timeStampScreenshot = new java.text.SimpleDateFormat(dd.MM.yyyy).format(java.util.Calendar.getInstance().getTime()): null

2018-03-06 09:43:32 - [TEST_STEP][PASSED] - Statement - iconmap = [:]: null

2018-03-06 09:43:32 - [TEST_STEP][PASSED] - Statement - txtmap = [:]: null

2018-03-06 09:43:32 - [TEST_STEP][PASSED] - Statement - signmap = [:]: null

2018-03-06 09:43:32 - [TEST_STEP][PASSED] - cupakeysDl.initStart.initialStart: cupakeysDl.initStart.initialStart is PASSED

2018-03-06 09:43:34 - [MESSAGE][PASSED] - Browser is opened with url: ''

2018-03-06 09:43:37 - [MESSAGE][PASSED] - Delayed 3 second(s)

2018-03-06 09:43:38 - [MESSAGE][PASSED] - Navigate to 'https://d16a4dsnr8a0k1.cloudfront.net/en/2455233.html?price=150.00%20%E2%82%AC&partName=wilsonPartName&vin=wilsonVin&modelCode=XP11&paint=P0A94&modelDescription=wilsonModelDescription&additionalEquipment=wilsonAdditionalEquipment' successfully

2018-03-06 09:43:38 - [MESSAGE][PASSED] - Object 'Object Repository/CuPaDl/Loading_indicator' is visible

2018-03-06 09:43:47 - [MESSAGE][PASSED] - Object 'Object Repository/CuPaDl/Loading_indicator' is NOT visible

2018-03-06 09:43:48 - [MESSAGE][PASSED] - Delayed 1 second(s)

2018-03-06 09:43:48 - [MESSAGE][PASSED] - cupakeysDl.initStart.initialStart is PASSED

2018-03-06 09:43:48 - [TEST_STEP][PASSED] - Statement - (step++): null

2018-03-06 09:43:48 - [TEST_STEP][PASSED] - cupakeysDl.color.changecolor: cupakeysDl.color.changecolor is PASSED

2018-03-06 09:43:48 - [MESSAGE][PASSED] - Object 'Object Repository/CuPaDl/Color/Color' is visible

2018-03-06 09:43:48 - [MESSAGE][PASSED] - Object: 'Object Repository/CuPaDl/Color/Color' is clicked on

2018-03-06 09:43:49 - [MESSAGE][PASSED] - Delayed 1 second(s)

2018-03-06 09:43:49 - [MESSAGE][PASSED] - Object 'Object Repository/CuPaDl/Color/Color_solartsorange' is visible

2018-03-06 09:43:49 - [MESSAGE][PASSED] - Object: 'Object Repository/CuPaDl/Color/Color_solartsorange' is clicked on

2018-03-06 09:43:49 - [MESSAGE][WARNING] - Timeout '0' is invalid. Using default page load timeout: '30'

2018-03-06 09:43:49 - [MESSAGE][PASSED] - Object 'Object Repository/CuPaDl/Color/Color_solartsorange' is visible

2018-03-06 09:43:50 - [MESSAGE][PASSED] - Delayed 1 second(s)

2018-03-06 09:43:50 - [MESSAGE][PASSED] - Object: 'Object Repository/CuPaDl/Color/Color_solartsorange' is clicked on

2018-03-06 09:43:53 - [MESSAGE][WARNING] - Object 'Object Repository/CuPaDl/Loading_indicator' is not visible after 3 second(s)

2018-03-06 09:43:54 - [MESSAGE][PASSED] - Delayed 1 second(s)

2018-03-06 09:43:54 - [MESSAGE][PASSED] - cupakeysDl.color.changecolor is PASSED

2018-03-06 09:43:54 - [TEST_STEP][PASSED] - Statement - (step++): null

2018-03-06 09:43:54 - [TEST_STEP][PASSED] - cupakeysDl.chngstruct.changestructure: cupakeysDl.chngstruct.changestructure is PASSED

2018-03-06 09:43:54 - [MESSAGE][PASSED] - Object: 'Object Repository/CuPaDl/Structure/Structure' is clicked on

2018-03-06 09:43:54 - [MESSAGE][WARNING] - Timeout '0' is invalid. Using default page load timeout: '30'

2018-03-06 09:43:54 - [MESSAGE][PASSED] - Object 'Object Repository/CuPaDl/Structure/Structure_Hahnentritt' is visible

2018-03-06 09:43:54 - [MESSAGE][PASSED] - Object 'Object Repository/CuPaDl/Structure/Structure_angles' is visible

2018-03-06 09:43:54 - [MESSAGE][PASSED] - Object: 'Object Repository/CuPaDl/Structure/Structure_angles' is clicked on

2018-03-06 09:43:55 - [MESSAGE][PASSED] - Object 'Object Repository/CuPaDl/Loading_indicator' is visible

2018-03-06 09:44:00 - [MESSAGE][PASSED] - Object 'Object Repository/CuPaDl/Loading_indicator' is NOT visible

2018-03-06 09:44:01 - [MESSAGE][PASSED] - Delayed 1 second(s)

2018-03-06 09:44:01 - [MESSAGE][PASSED] - cupakeysDl.chngstruct.changestructure is PASSED

2018-03-06 09:44:01 - [TEST_STEP][PASSED] - Statement - (step++): null

2018-03-06 09:44:01 - [TEST_STEP][PASSED] - cupakeysDl.sclstruct.scalestructure: cupakeysDl.sclstruct.scalestructure is PASSED

2018-03-06 09:44:04 - [MESSAGE][WARNING] - Object 'Object Repository/CuPaDl/Structure/Resize_Structure_bottomright' is not visible after 3 second(s)

2018-03-06 09:44:04 - [MESSAGE][PASSED] - Object: 'Object Repository/CuPaDl/Structure/Resize_Structure' is clicked on

2018-03-06 09:44:04 - [MESSAGE][WARNING] - Timeout '0' is invalid. Using default page load timeout: '30'

2018-03-06 09:44:04 - [MESSAGE][PASSED] - Object 'Object Repository/CuPaDl/Structure/Resize_Structure_bottomright' is visible

2018-03-06 09:44:05 - [MESSAGE][PASSED] - Delayed 1 second(s)

2018-03-06 09:44:05 - [MESSAGE][PASSED] - Current viewport's left (x) position is 0

2018-03-06 09:44:05 - [MESSAGE][PASSED] - Current viewport's top (y) position is 54

2018-03-06 09:44:05 - [MESSAGE][PASSED] - Dragged object with id 'Object Repository/CuPaDl/Structure/Resize_Structure_bottomright' by offset distance x = 225 and y = 279 successfully

2018-03-06 09:44:06 - [MESSAGE][PASSED] - Object 'Object Repository/CuPaDl/Loading_indicator' is visible

2018-03-06 09:44:09 - [MESSAGE][PASSED] - Object 'Object Repository/CuPaDl/Loading_indicator' is NOT visible

2018-03-06 09:44:10 - [MESSAGE][PASSED] - Delayed 1 second(s)

2018-03-06 09:44:10 - [MESSAGE][PASSED] - cupakeysDl.sclstruct.scalestructure is PASSED

2018-03-06 09:44:10 - [TEST_STEP][PASSED] - Statement - (step++): null

2018-03-06 09:44:10 - [TEST_STEP][PASSED] - Statement - iconmap += CustomKeywords.cupakeysDl.iconad.iconadd("compass", LoadTimeCorrector, step, run, device, timeStamp, iconcount): cupakeysDl.iconad.iconadd is PASSED

2018-03-06 09:44:10 - [MESSAGE][PASSED] - Object: 'Object Repository/CuPaDl/Icons/Icon' is clicked on

2018-03-06 09:44:10 - [MESSAGE][PASSED] - Object 'Object Repository/CuPaDl/Icons/Icon_compass' is visible

2018-03-06 09:44:10 - [MESSAGE][PASSED] - Object: 'Object Repository/CuPaDl/Icons/Icon_compass' is clicked on

2018-03-06 09:44:11 - [MESSAGE][PASSED] - Delayed 1 second(s)

2018-03-06 09:44:11 - [MESSAGE][PASSED] - Object 'Object Repository/CuPaDl/Loading_indicator' is visible

2018-03-06 09:44:15 - [MESSAGE][PASSED] - Object 'Object Repository/CuPaDl/Loading_indicator' is NOT visible

2018-03-06 09:44:15 - [MESSAGE][WARNING] - Timeout '0' is invalid. Using default page load timeout: '30'

2018-03-06 09:44:15 - [MESSAGE][PASSED] - Width of element 'Object Repository/CuPaDl/Icons/Reposition_icon' is '40'

2018-03-06 09:44:15 - [MESSAGE][PASSED] - Height of element 'Object Repository/CuPaDl/Icons/Reposition_icon' is '40'.

2018-03-06 09:44:16 - [MESSAGE][PASSED] - Delayed 1 second(s)

2018-03-06 09:44:16 - [MESSAGE][PASSED] - cupakeysDl.iconad.iconadd is PASSED

2018-03-06 09:44:16 - [TEST_STEP][PASSED] - Statement - (step++): null

2018-03-06 09:44:16 - [TEST_STEP][PASSED] - Statement - (iconcount++): null

2018-03-06 09:44:16 - [TEST_STEP][PASSED] - cupakeysDl.iconres.iconresize: cupakeysDl.iconres.iconresize is PASSED

2018-03-06 09:44:16 - [MESSAGE][PASSED] - Object 'Object Repository/CuPaDl/Icons/Reposition_icon' is visible

2018-03-06 09:44:16 - [MESSAGE][PASSED] - Current viewport's left (x) position is 0

2018-03-06 09:44:16 - [MESSAGE][PASSED] - Current viewport's top (y) position is 54

2018-03-06 09:44:16 - [MESSAGE][PASSED] - Dragged object with id 'Object Repository/CuPaDl/Icons/Resize_icon_bottomright' by offset distance x = 125 and y = 179 successfully

2018-03-06 09:44:17 - [MESSAGE][PASSED] - Object 'Object Repository/CuPaDl/Loading_indicator' is visible

2018-03-06 09:44:20 - [MESSAGE][PASSED] - Object 'Object Repository/CuPaDl/Loading_indicator' is NOT visible

2018-03-06 09:44:21 - [MESSAGE][PASSED] - Delayed 1 second(s)

2018-03-06 09:44:21 - [MESSAGE][PASSED] - cupakeysDl.iconres.iconresize is PASSED

2018-03-06 09:44:21 - [TEST_STEP][PASSED] - Statement - (step++): null

2018-03-06 09:44:21 - [TEST_STEP][PASSED] - cupakeysDl.slink.svlink: cupakeysDl.slink.svlink is PASSED

2018-03-06 09:44:21 - [MESSAGE][PASSED] - Scroll to object 'Object Repository/CuPaDl/Save/Save' successfully

2018-03-06 09:44:21 - [MESSAGE][PASSED] - Object: 'Object Repository/CuPaDl/Save/Save' is clicked on

2018-03-06 09:44:21 - [MESSAGE][WARNING] - Timeout '0' is invalid. Using default page load timeout: '30'

2018-03-06 09:44:23 - [MESSAGE][PASSED] - Object 'Object Repository/CuPaDl/Save/CopyLink' is visible

2018-03-06 09:44:23 - [MESSAGE][PASSED] - Attribute 'value' of object 'Object Repository/CuPaDl/Save/Link' is: 'https://d16a4dsnr8a0k1.cloudfront.net/en/2455233.html?scupaId=DS1XLnkmX1IvV3o0RURH'

2018-03-06 09:44:23 - [MESSAGE][PASSED] - cupakeysDl.slink.svlink is PASSED

2018-03-06 09:44:23 - [TEST_STEP][PASSED] - cupakeysDl.endsession.finishsession: cupakeysDl.endsession.finishsession is PASSED

2018-03-06 09:44:26 - [MESSAGE][PASSED] - Delayed 3 second(s)

2018-03-06 09:44:26 - [MESSAGE][PASSED] - Browser is closed

2018-03-06 09:44:26 - [MESSAGE][PASSED] - cupakeysDl.endsession.finishsession is PASSED]]></system-out>
         <system-err><![CDATA[]]></system-err>
      </testcase>
      <testcase name="Test Cases/CuPaStefanie/7" classname="Test Cases/CuPaStefanie/7" status="PASSED">
         <system-out><![CDATA[2018-03-06 09:44:26 - [TEST_CASE][PASSED] - Test Cases/CuPaStefanie/7: Test Cases/CuPaStefanie/7

2018-03-06 09:44:26 - [TEST_STEP][PASSED] - Statement - timeStamp = new java.text.SimpleDateFormat(dd.MM.yyyy_HH_mm_ss).format(java.util.Calendar.getInstance().getTime()): null

2018-03-06 09:44:26 - [TEST_STEP][PASSED] - Statement - timeStampScreenshot = new java.text.SimpleDateFormat(dd.MM.yyyy).format(java.util.Calendar.getInstance().getTime()): null

2018-03-06 09:44:26 - [TEST_STEP][PASSED] - Statement - iconmap = [:]: null

2018-03-06 09:44:26 - [TEST_STEP][PASSED] - Statement - txtmap = [:]: null

2018-03-06 09:44:26 - [TEST_STEP][PASSED] - Statement - signmap = [:]: null

2018-03-06 09:44:26 - [TEST_STEP][PASSED] - cupakeysDl.initStart.initialStart: cupakeysDl.initStart.initialStart is PASSED

2018-03-06 09:44:28 - [MESSAGE][PASSED] - Browser is opened with url: ''

2018-03-06 09:44:31 - [MESSAGE][PASSED] - Delayed 3 second(s)

2018-03-06 09:44:33 - [MESSAGE][PASSED] - Navigate to 'https://d16a4dsnr8a0k1.cloudfront.net/en/2455233.html?price=150.00%20%E2%82%AC&partName=wilsonPartName&vin=wilsonVin&modelCode=XP11&paint=P0A94&modelDescription=wilsonModelDescription&additionalEquipment=wilsonAdditionalEquipment' successfully

2018-03-06 09:44:33 - [MESSAGE][PASSED] - Object 'Object Repository/CuPaDl/Loading_indicator' is visible

2018-03-06 09:44:40 - [MESSAGE][PASSED] - Object 'Object Repository/CuPaDl/Loading_indicator' is NOT visible

2018-03-06 09:44:41 - [MESSAGE][PASSED] - Delayed 1 second(s)

2018-03-06 09:44:41 - [MESSAGE][PASSED] - cupakeysDl.initStart.initialStart is PASSED

2018-03-06 09:44:41 - [TEST_STEP][PASSED] - Statement - (step++): null

2018-03-06 09:44:41 - [TEST_STEP][PASSED] - cupakeysDl.color.changecolor: cupakeysDl.color.changecolor is PASSED

2018-03-06 09:44:41 - [MESSAGE][PASSED] - Object 'Object Repository/CuPaDl/Color/Color' is visible

2018-03-06 09:44:42 - [MESSAGE][PASSED] - Object: 'Object Repository/CuPaDl/Color/Color' is clicked on

2018-03-06 09:44:43 - [MESSAGE][PASSED] - Delayed 1 second(s)

2018-03-06 09:44:43 - [MESSAGE][PASSED] - Object 'Object Repository/CuPaDl/Color/Color_electricblue' is visible

2018-03-06 09:44:43 - [MESSAGE][PASSED] - Object: 'Object Repository/CuPaDl/Color/Color_electricblue' is clicked on

2018-03-06 09:44:43 - [MESSAGE][WARNING] - Timeout '0' is invalid. Using default page load timeout: '30'

2018-03-06 09:44:43 - [MESSAGE][PASSED] - Object 'Object Repository/CuPaDl/Color/Color_electricblue' is visible

2018-03-06 09:44:44 - [MESSAGE][PASSED] - Delayed 1 second(s)

2018-03-06 09:44:44 - [MESSAGE][PASSED] - Object: 'Object Repository/CuPaDl/Color/Color_electricblue' is clicked on

2018-03-06 09:44:44 - [MESSAGE][PASSED] - Object 'Object Repository/CuPaDl/Loading_indicator' is visible

2018-03-06 09:44:46 - [MESSAGE][PASSED] - Object 'Object Repository/CuPaDl/Loading_indicator' is NOT visible

2018-03-06 09:44:47 - [MESSAGE][PASSED] - Delayed 1 second(s)

2018-03-06 09:44:47 - [MESSAGE][PASSED] - cupakeysDl.color.changecolor is PASSED

2018-03-06 09:44:47 - [TEST_STEP][PASSED] - Statement - (step++): null

2018-03-06 09:44:47 - [TEST_STEP][PASSED] - cupakeysDl.chngstruct.changestructure: cupakeysDl.chngstruct.changestructure is PASSED

2018-03-06 09:44:47 - [MESSAGE][PASSED] - Object: 'Object Repository/CuPaDl/Structure/Structure' is clicked on

2018-03-06 09:44:47 - [MESSAGE][WARNING] - Timeout '0' is invalid. Using default page load timeout: '30'

2018-03-06 09:44:47 - [MESSAGE][PASSED] - Object 'Object Repository/CuPaDl/Structure/Structure_Hahnentritt' is visible

2018-03-06 09:44:47 - [MESSAGE][PASSED] - Object 'Object Repository/CuPaDl/Structure/Structure_quadrops' is visible

2018-03-06 09:44:47 - [MESSAGE][PASSED] - Object: 'Object Repository/CuPaDl/Structure/Structure_quadrops' is clicked on

2018-03-06 09:44:48 - [MESSAGE][PASSED] - Object 'Object Repository/CuPaDl/Loading_indicator' is visible

2018-03-06 09:44:57 - [MESSAGE][PASSED] - Object 'Object Repository/CuPaDl/Loading_indicator' is NOT visible

2018-03-06 09:44:58 - [MESSAGE][PASSED] - Delayed 1 second(s)

2018-03-06 09:44:58 - [MESSAGE][PASSED] - cupakeysDl.chngstruct.changestructure is PASSED

2018-03-06 09:44:58 - [TEST_STEP][PASSED] - Statement - (step++): null

2018-03-06 09:44:58 - [TEST_STEP][PASSED] - cupakeysDl.sclstruct.scalestructure: cupakeysDl.sclstruct.scalestructure is PASSED

2018-03-06 09:45:01 - [MESSAGE][WARNING] - Object 'Object Repository/CuPaDl/Structure/Resize_Structure_bottomright' is not visible after 3 second(s)

2018-03-06 09:45:01 - [MESSAGE][PASSED] - Object: 'Object Repository/CuPaDl/Structure/Resize_Structure' is clicked on

2018-03-06 09:45:01 - [MESSAGE][WARNING] - Timeout '0' is invalid. Using default page load timeout: '30'

2018-03-06 09:45:01 - [MESSAGE][PASSED] - Object 'Object Repository/CuPaDl/Structure/Resize_Structure_bottomright' is visible

2018-03-06 09:45:02 - [MESSAGE][PASSED] - Delayed 1 second(s)

2018-03-06 09:45:02 - [MESSAGE][PASSED] - Current viewport's left (x) position is 0

2018-03-06 09:45:02 - [MESSAGE][PASSED] - Current viewport's top (y) position is 54

2018-03-06 09:45:02 - [MESSAGE][PASSED] - Dragged object with id 'Object Repository/CuPaDl/Structure/Resize_Structure_bottomright' by offset distance x = -225 and y = -171 successfully

2018-03-06 09:45:03 - [MESSAGE][PASSED] - Object 'Object Repository/CuPaDl/Loading_indicator' is visible

2018-03-06 09:45:24 - [MESSAGE][PASSED] - Object 'Object Repository/CuPaDl/Loading_indicator' is NOT visible

2018-03-06 09:45:25 - [MESSAGE][PASSED] - Delayed 1 second(s)

2018-03-06 09:45:25 - [MESSAGE][PASSED] - cupakeysDl.sclstruct.scalestructure is PASSED

2018-03-06 09:45:25 - [TEST_STEP][PASSED] - Statement - (step++): null

2018-03-06 09:45:25 - [TEST_STEP][PASSED] - Statement - iconmap += CustomKeywords.cupakeysDl.iconad.iconadd("pin", LoadTimeCorrector, step, run, device, timeStamp, iconcount): cupakeysDl.iconad.iconadd is PASSED

2018-03-06 09:45:25 - [MESSAGE][PASSED] - Object: 'Object Repository/CuPaDl/Icons/Icon' is clicked on

2018-03-06 09:45:25 - [MESSAGE][PASSED] - Object 'Object Repository/CuPaDl/Icons/Icon_pin' is visible

2018-03-06 09:45:25 - [MESSAGE][PASSED] - Object: 'Object Repository/CuPaDl/Icons/Icon_pin' is clicked on

2018-03-06 09:45:26 - [MESSAGE][PASSED] - Delayed 1 second(s)

2018-03-06 09:45:26 - [MESSAGE][PASSED] - Object 'Object Repository/CuPaDl/Loading_indicator' is visible

2018-03-06 09:45:47 - [MESSAGE][PASSED] - Object 'Object Repository/CuPaDl/Loading_indicator' is NOT visible

2018-03-06 09:45:47 - [MESSAGE][WARNING] - Timeout '0' is invalid. Using default page load timeout: '30'

2018-03-06 09:45:47 - [MESSAGE][PASSED] - Width of element 'Object Repository/CuPaDl/Icons/Reposition_icon' is '40'

2018-03-06 09:45:47 - [MESSAGE][PASSED] - Height of element 'Object Repository/CuPaDl/Icons/Reposition_icon' is '40'.

2018-03-06 09:45:48 - [MESSAGE][PASSED] - Delayed 1 second(s)

2018-03-06 09:45:48 - [MESSAGE][PASSED] - cupakeysDl.iconad.iconadd is PASSED

2018-03-06 09:45:48 - [TEST_STEP][PASSED] - Statement - (step++): null

2018-03-06 09:45:48 - [TEST_STEP][PASSED] - Statement - (iconcount++): null

2018-03-06 09:45:48 - [TEST_STEP][PASSED] - cupakeysDl.iconres.iconresize: cupakeysDl.iconres.iconresize is PASSED

2018-03-06 09:45:48 - [MESSAGE][PASSED] - Object 'Object Repository/CuPaDl/Icons/Reposition_icon' is visible

2018-03-06 09:45:48 - [MESSAGE][PASSED] - Current viewport's left (x) position is 0

2018-03-06 09:45:48 - [MESSAGE][PASSED] - Current viewport's top (y) position is 54

2018-03-06 09:45:48 - [MESSAGE][PASSED] - Dragged object with id 'Object Repository/CuPaDl/Icons/Resize_icon_bottomright' by offset distance x = -125 and y = -71 successfully

2018-03-06 09:45:49 - [MESSAGE][PASSED] - Object 'Object Repository/CuPaDl/Loading_indicator' is visible

2018-03-06 09:46:09 - [MESSAGE][PASSED] - Object 'Object Repository/CuPaDl/Loading_indicator' is NOT visible

2018-03-06 09:46:10 - [MESSAGE][PASSED] - Delayed 1 second(s)

2018-03-06 09:46:10 - [MESSAGE][PASSED] - cupakeysDl.iconres.iconresize is PASSED

2018-03-06 09:46:10 - [TEST_STEP][PASSED] - Statement - (step++): null

2018-03-06 09:46:10 - [TEST_STEP][PASSED] - cupakeysDl.slink.svlink: cupakeysDl.slink.svlink is PASSED

2018-03-06 09:46:10 - [MESSAGE][PASSED] - Scroll to object 'Object Repository/CuPaDl/Save/Save' successfully

2018-03-06 09:46:10 - [MESSAGE][PASSED] - Object: 'Object Repository/CuPaDl/Save/Save' is clicked on

2018-03-06 09:46:10 - [MESSAGE][WARNING] - Timeout '0' is invalid. Using default page load timeout: '30'

2018-03-06 09:46:12 - [MESSAGE][PASSED] - Object 'Object Repository/CuPaDl/Save/CopyLink' is visible

2018-03-06 09:46:12 - [MESSAGE][PASSED] - Attribute 'value' of object 'Object Repository/CuPaDl/Save/Link' is: 'https://d16a4dsnr8a0k1.cloudfront.net/en/2455233.html?scupaId=D1wkUnc1WF0qLno0RURB'

2018-03-06 09:46:12 - [MESSAGE][PASSED] - cupakeysDl.slink.svlink is PASSED

2018-03-06 09:46:12 - [TEST_STEP][PASSED] - cupakeysDl.endsession.finishsession: cupakeysDl.endsession.finishsession is PASSED

2018-03-06 09:46:15 - [MESSAGE][PASSED] - Delayed 3 second(s)

2018-03-06 09:46:16 - [MESSAGE][PASSED] - Browser is closed

2018-03-06 09:46:16 - [MESSAGE][PASSED] - cupakeysDl.endsession.finishsession is PASSED]]></system-out>
         <system-err><![CDATA[]]></system-err>
      </testcase>
      <testcase name="Test Cases/CuPaStefanie/8" classname="Test Cases/CuPaStefanie/8" status="PASSED">
         <system-out><![CDATA[2018-03-06 09:46:16 - [TEST_CASE][PASSED] - Test Cases/CuPaStefanie/8: Test Cases/CuPaStefanie/8

2018-03-06 09:46:16 - [TEST_STEP][PASSED] - Statement - timeStamp = new java.text.SimpleDateFormat(dd.MM.yyyy_HH_mm_ss).format(java.util.Calendar.getInstance().getTime()): null

2018-03-06 09:46:16 - [TEST_STEP][PASSED] - Statement - timeStampScreenshot = new java.text.SimpleDateFormat(dd.MM.yyyy).format(java.util.Calendar.getInstance().getTime()): null

2018-03-06 09:46:16 - [TEST_STEP][PASSED] - Statement - iconmap = [:]: null

2018-03-06 09:46:16 - [TEST_STEP][PASSED] - Statement - txtmap = [:]: null

2018-03-06 09:46:16 - [TEST_STEP][PASSED] - Statement - signmap = [:]: null

2018-03-06 09:46:16 - [TEST_STEP][PASSED] - cupakeysDl.initStart.initialStart: cupakeysDl.initStart.initialStart is PASSED

2018-03-06 09:46:18 - [MESSAGE][PASSED] - Browser is opened with url: ''

2018-03-06 09:46:21 - [MESSAGE][PASSED] - Delayed 3 second(s)

2018-03-06 09:46:22 - [MESSAGE][PASSED] - Navigate to 'https://d16a4dsnr8a0k1.cloudfront.net/en/2455233.html?price=150.00%20%E2%82%AC&partName=wilsonPartName&vin=wilsonVin&modelCode=XP11&paint=P0A94&modelDescription=wilsonModelDescription&additionalEquipment=wilsonAdditionalEquipment' successfully

2018-03-06 09:46:22 - [MESSAGE][PASSED] - Object 'Object Repository/CuPaDl/Loading_indicator' is visible

2018-03-06 09:46:30 - [MESSAGE][PASSED] - Object 'Object Repository/CuPaDl/Loading_indicator' is NOT visible

2018-03-06 09:46:31 - [MESSAGE][PASSED] - Delayed 1 second(s)

2018-03-06 09:46:31 - [MESSAGE][PASSED] - cupakeysDl.initStart.initialStart is PASSED

2018-03-06 09:46:31 - [TEST_STEP][PASSED] - Statement - (step++): null

2018-03-06 09:46:31 - [TEST_STEP][PASSED] - cupakeysDl.color.changecolor: cupakeysDl.color.changecolor is PASSED

2018-03-06 09:46:31 - [MESSAGE][PASSED] - Object 'Object Repository/CuPaDl/Color/Color' is visible

2018-03-06 09:46:31 - [MESSAGE][PASSED] - Object: 'Object Repository/CuPaDl/Color/Color' is clicked on

2018-03-06 09:46:32 - [MESSAGE][PASSED] - Delayed 1 second(s)

2018-03-06 09:46:32 - [MESSAGE][PASSED] - Object 'Object Repository/CuPaDl/Color/Color_electricblue' is visible

2018-03-06 09:46:32 - [MESSAGE][PASSED] - Object: 'Object Repository/CuPaDl/Color/Color_electricblue' is clicked on

2018-03-06 09:46:32 - [MESSAGE][WARNING] - Timeout '0' is invalid. Using default page load timeout: '30'

2018-03-06 09:46:32 - [MESSAGE][PASSED] - Object 'Object Repository/CuPaDl/Color/Color_electricblue' is visible

2018-03-06 09:46:33 - [MESSAGE][PASSED] - Delayed 1 second(s)

2018-03-06 09:46:33 - [MESSAGE][PASSED] - Object: 'Object Repository/CuPaDl/Color/Color_electricblue' is clicked on

2018-03-06 09:46:34 - [MESSAGE][PASSED] - Object 'Object Repository/CuPaDl/Loading_indicator' is visible

2018-03-06 09:46:36 - [MESSAGE][PASSED] - Object 'Object Repository/CuPaDl/Loading_indicator' is NOT visible

2018-03-06 09:46:37 - [MESSAGE][PASSED] - Delayed 1 second(s)

2018-03-06 09:46:37 - [MESSAGE][PASSED] - cupakeysDl.color.changecolor is PASSED

2018-03-06 09:46:37 - [TEST_STEP][PASSED] - Statement - (step++): null

2018-03-06 09:46:37 - [TEST_STEP][PASSED] - cupakeysDl.chngstruct.changestructure: cupakeysDl.chngstruct.changestructure is PASSED

2018-03-06 09:46:37 - [MESSAGE][PASSED] - Object: 'Object Repository/CuPaDl/Structure/Structure' is clicked on

2018-03-06 09:46:37 - [MESSAGE][WARNING] - Timeout '0' is invalid. Using default page load timeout: '30'

2018-03-06 09:46:37 - [MESSAGE][PASSED] - Object 'Object Repository/CuPaDl/Structure/Structure_Hahnentritt' is visible

2018-03-06 09:46:37 - [MESSAGE][PASSED] - Object 'Object Repository/CuPaDl/Structure/Structure_quadrops' is visible

2018-03-06 09:46:37 - [MESSAGE][PASSED] - Object: 'Object Repository/CuPaDl/Structure/Structure_quadrops' is clicked on

2018-03-06 09:46:38 - [MESSAGE][PASSED] - Object 'Object Repository/CuPaDl/Loading_indicator' is visible

2018-03-06 09:46:47 - [MESSAGE][PASSED] - Object 'Object Repository/CuPaDl/Loading_indicator' is NOT visible

2018-03-06 09:46:48 - [MESSAGE][PASSED] - Delayed 1 second(s)

2018-03-06 09:46:48 - [MESSAGE][PASSED] - cupakeysDl.chngstruct.changestructure is PASSED

2018-03-06 09:46:48 - [TEST_STEP][PASSED] - Statement - (step++): null

2018-03-06 09:46:48 - [TEST_STEP][PASSED] - cupakeysDl.sclstruct.scalestructure: cupakeysDl.sclstruct.scalestructure is PASSED

2018-03-06 09:46:51 - [MESSAGE][WARNING] - Object 'Object Repository/CuPaDl/Structure/Resize_Structure_bottomright' is not visible after 3 second(s)

2018-03-06 09:46:51 - [MESSAGE][PASSED] - Object: 'Object Repository/CuPaDl/Structure/Resize_Structure' is clicked on

2018-03-06 09:46:51 - [MESSAGE][WARNING] - Timeout '0' is invalid. Using default page load timeout: '30'

2018-03-06 09:46:51 - [MESSAGE][PASSED] - Object 'Object Repository/CuPaDl/Structure/Resize_Structure_bottomright' is visible

2018-03-06 09:46:52 - [MESSAGE][PASSED] - Delayed 1 second(s)

2018-03-06 09:46:52 - [MESSAGE][PASSED] - Current viewport's left (x) position is 0

2018-03-06 09:46:52 - [MESSAGE][PASSED] - Current viewport's top (y) position is 54

2018-03-06 09:46:52 - [MESSAGE][PASSED] - Dragged object with id 'Object Repository/CuPaDl/Structure/Resize_Structure_bottomright' by offset distance x = 225 and y = 279 successfully

2018-03-06 09:46:53 - [MESSAGE][PASSED] - Object 'Object Repository/CuPaDl/Loading_indicator' is visible

2018-03-06 09:46:59 - [MESSAGE][PASSED] - Object 'Object Repository/CuPaDl/Loading_indicator' is NOT visible

2018-03-06 09:47:00 - [MESSAGE][PASSED] - Delayed 1 second(s)

2018-03-06 09:47:00 - [MESSAGE][PASSED] - cupakeysDl.sclstruct.scalestructure is PASSED

2018-03-06 09:47:00 - [TEST_STEP][PASSED] - Statement - (step++): null

2018-03-06 09:47:00 - [TEST_STEP][PASSED] - Statement - iconmap += CustomKeywords.cupakeysDl.iconad.iconadd("pin", LoadTimeCorrector, step, run, device, timeStamp, iconcount): cupakeysDl.iconad.iconadd is PASSED

2018-03-06 09:47:00 - [MESSAGE][PASSED] - Object: 'Object Repository/CuPaDl/Icons/Icon' is clicked on

2018-03-06 09:47:00 - [MESSAGE][PASSED] - Object 'Object Repository/CuPaDl/Icons/Icon_pin' is visible

2018-03-06 09:47:01 - [MESSAGE][PASSED] - Object: 'Object Repository/CuPaDl/Icons/Icon_pin' is clicked on

2018-03-06 09:47:02 - [MESSAGE][PASSED] - Delayed 1 second(s)

2018-03-06 09:47:02 - [MESSAGE][PASSED] - Object 'Object Repository/CuPaDl/Loading_indicator' is visible

2018-03-06 09:47:10 - [MESSAGE][PASSED] - Object 'Object Repository/CuPaDl/Loading_indicator' is NOT visible

2018-03-06 09:47:10 - [MESSAGE][WARNING] - Timeout '0' is invalid. Using default page load timeout: '30'

2018-03-06 09:47:10 - [MESSAGE][PASSED] - Width of element 'Object Repository/CuPaDl/Icons/Reposition_icon' is '40'

2018-03-06 09:47:10 - [MESSAGE][PASSED] - Height of element 'Object Repository/CuPaDl/Icons/Reposition_icon' is '40'.

2018-03-06 09:47:11 - [MESSAGE][PASSED] - Delayed 1 second(s)

2018-03-06 09:47:11 - [MESSAGE][PASSED] - cupakeysDl.iconad.iconadd is PASSED

2018-03-06 09:47:11 - [TEST_STEP][PASSED] - Statement - (step++): null

2018-03-06 09:47:11 - [TEST_STEP][PASSED] - Statement - (iconcount++): null

2018-03-06 09:47:11 - [TEST_STEP][PASSED] - cupakeysDl.iconres.iconresize: cupakeysDl.iconres.iconresize is PASSED

2018-03-06 09:47:11 - [MESSAGE][PASSED] - Object 'Object Repository/CuPaDl/Icons/Reposition_icon' is visible

2018-03-06 09:47:11 - [MESSAGE][PASSED] - Current viewport's left (x) position is 0

2018-03-06 09:47:11 - [MESSAGE][PASSED] - Current viewport's top (y) position is 54

2018-03-06 09:47:11 - [MESSAGE][PASSED] - Dragged object with id 'Object Repository/CuPaDl/Icons/Resize_icon_bottomright' by offset distance x = 125 and y = 179 successfully

2018-03-06 09:47:13 - [MESSAGE][PASSED] - Object 'Object Repository/CuPaDl/Loading_indicator' is visible

2018-03-06 09:47:21 - [MESSAGE][PASSED] - Object 'Object Repository/CuPaDl/Loading_indicator' is NOT visible

2018-03-06 09:47:22 - [MESSAGE][PASSED] - Delayed 1 second(s)

2018-03-06 09:47:22 - [MESSAGE][PASSED] - cupakeysDl.iconres.iconresize is PASSED

2018-03-06 09:47:22 - [TEST_STEP][PASSED] - Statement - (step++): null

2018-03-06 09:47:22 - [TEST_STEP][PASSED] - cupakeysDl.slink.svlink: cupakeysDl.slink.svlink is PASSED

2018-03-06 09:47:23 - [MESSAGE][PASSED] - Scroll to object 'Object Repository/CuPaDl/Save/Save' successfully

2018-03-06 09:47:23 - [MESSAGE][PASSED] - Object: 'Object Repository/CuPaDl/Save/Save' is clicked on

2018-03-06 09:47:23 - [MESSAGE][WARNING] - Timeout '0' is invalid. Using default page load timeout: '30'

2018-03-06 09:47:24 - [MESSAGE][PASSED] - Object 'Object Repository/CuPaDl/Save/CopyLink' is visible

2018-03-06 09:47:24 - [MESSAGE][PASSED] - Attribute 'value' of object 'Object Repository/CuPaDl/Save/Link' is: 'https://d16a4dsnr8a0k1.cloudfront.net/en/2455233.html?scupaId=HTM5K2hYWCJWLHo0RURB'

2018-03-06 09:47:24 - [MESSAGE][PASSED] - cupakeysDl.slink.svlink is PASSED

2018-03-06 09:47:24 - [TEST_STEP][PASSED] - cupakeysDl.endsession.finishsession: cupakeysDl.endsession.finishsession is PASSED

2018-03-06 09:47:27 - [MESSAGE][PASSED] - Delayed 3 second(s)

2018-03-06 09:47:28 - [MESSAGE][PASSED] - Browser is closed

2018-03-06 09:47:28 - [MESSAGE][PASSED] - cupakeysDl.endsession.finishsession is PASSED]]></system-out>
         <system-err><![CDATA[]]></system-err>
      </testcase>
      <testcase name="Test Cases/CuPaStefanie/9" classname="Test Cases/CuPaStefanie/9" status="PASSED">
         <system-out><![CDATA[2018-03-06 09:47:28 - [TEST_CASE][PASSED] - Test Cases/CuPaStefanie/9: Test Cases/CuPaStefanie/9

2018-03-06 09:47:28 - [TEST_STEP][PASSED] - Statement - timeStamp = new java.text.SimpleDateFormat(dd.MM.yyyy_HH_mm_ss).format(java.util.Calendar.getInstance().getTime()): null

2018-03-06 09:47:28 - [TEST_STEP][PASSED] - Statement - timeStampScreenshot = new java.text.SimpleDateFormat(dd.MM.yyyy).format(java.util.Calendar.getInstance().getTime()): null

2018-03-06 09:47:28 - [TEST_STEP][PASSED] - Statement - iconmap = [:]: null

2018-03-06 09:47:28 - [TEST_STEP][PASSED] - Statement - txtmap = [:]: null

2018-03-06 09:47:28 - [TEST_STEP][PASSED] - Statement - signmap = [:]: null

2018-03-06 09:47:28 - [TEST_STEP][PASSED] - cupakeysDl.initStart.initialStart: cupakeysDl.initStart.initialStart is PASSED

2018-03-06 09:47:30 - [MESSAGE][PASSED] - Browser is opened with url: ''

2018-03-06 09:47:33 - [MESSAGE][PASSED] - Delayed 3 second(s)

2018-03-06 09:47:34 - [MESSAGE][PASSED] - Navigate to 'https://d16a4dsnr8a0k1.cloudfront.net/en/2455233.html?price=150.00%20%E2%82%AC&partName=wilsonPartName&vin=wilsonVin&modelCode=XP11&paint=P0A94&modelDescription=wilsonModelDescription&additionalEquipment=wilsonAdditionalEquipment' successfully

2018-03-06 09:47:34 - [MESSAGE][PASSED] - Object 'Object Repository/CuPaDl/Loading_indicator' is visible

2018-03-06 09:47:43 - [MESSAGE][PASSED] - Object 'Object Repository/CuPaDl/Loading_indicator' is NOT visible

2018-03-06 09:47:44 - [MESSAGE][PASSED] - Delayed 1 second(s)

2018-03-06 09:47:44 - [MESSAGE][PASSED] - cupakeysDl.initStart.initialStart is PASSED

2018-03-06 09:47:44 - [TEST_STEP][PASSED] - Statement - (step++): null

2018-03-06 09:47:44 - [TEST_STEP][PASSED] - cupakeysDl.color.changecolor: cupakeysDl.color.changecolor is PASSED

2018-03-06 09:47:44 - [MESSAGE][PASSED] - Object 'Object Repository/CuPaDl/Color/Color' is visible

2018-03-06 09:47:44 - [MESSAGE][PASSED] - Object: 'Object Repository/CuPaDl/Color/Color' is clicked on

2018-03-06 09:47:45 - [MESSAGE][PASSED] - Delayed 1 second(s)

2018-03-06 09:47:45 - [MESSAGE][PASSED] - Object 'Object Repository/CuPaDl/Color/Color_rebelgreen' is visible

2018-03-06 09:47:45 - [MESSAGE][PASSED] - Object: 'Object Repository/CuPaDl/Color/Color_rebelgreen' is clicked on

2018-03-06 09:47:45 - [MESSAGE][WARNING] - Timeout '0' is invalid. Using default page load timeout: '30'

2018-03-06 09:47:45 - [MESSAGE][PASSED] - Object 'Object Repository/CuPaDl/Color/Color_rebelgreen' is visible

2018-03-06 09:47:46 - [MESSAGE][PASSED] - Delayed 1 second(s)

2018-03-06 09:47:46 - [MESSAGE][PASSED] - Object: 'Object Repository/CuPaDl/Color/Color_rebelgreen' is clicked on

2018-03-06 09:47:46 - [MESSAGE][PASSED] - Object 'Object Repository/CuPaDl/Loading_indicator' is visible

2018-03-06 09:47:48 - [MESSAGE][PASSED] - Object 'Object Repository/CuPaDl/Loading_indicator' is NOT visible

2018-03-06 09:47:49 - [MESSAGE][PASSED] - Delayed 1 second(s)

2018-03-06 09:47:49 - [MESSAGE][PASSED] - cupakeysDl.color.changecolor is PASSED

2018-03-06 09:47:49 - [TEST_STEP][PASSED] - Statement - (step++): null

2018-03-06 09:47:49 - [TEST_STEP][PASSED] - cupakeysDl.chngstruct.changestructure: cupakeysDl.chngstruct.changestructure is PASSED

2018-03-06 09:47:49 - [MESSAGE][PASSED] - Object: 'Object Repository/CuPaDl/Structure/Structure' is clicked on

2018-03-06 09:47:49 - [MESSAGE][WARNING] - Timeout '0' is invalid. Using default page load timeout: '30'

2018-03-06 09:47:49 - [MESSAGE][PASSED] - Object 'Object Repository/CuPaDl/Structure/Structure_Hahnentritt' is visible

2018-03-06 09:47:49 - [MESSAGE][PASSED] - Object 'Object Repository/CuPaDl/Structure/Structure_dots' is visible

2018-03-06 09:47:49 - [MESSAGE][PASSED] - Object: 'Object Repository/CuPaDl/Structure/Structure_dots' is clicked on

2018-03-06 09:47:50 - [MESSAGE][PASSED] - Object 'Object Repository/CuPaDl/Loading_indicator' is visible

2018-03-06 09:47:55 - [MESSAGE][PASSED] - Object 'Object Repository/CuPaDl/Loading_indicator' is NOT visible

2018-03-06 09:47:56 - [MESSAGE][PASSED] - Delayed 1 second(s)

2018-03-06 09:47:56 - [MESSAGE][PASSED] - cupakeysDl.chngstruct.changestructure is PASSED

2018-03-06 09:47:56 - [TEST_STEP][PASSED] - Statement - (step++): null

2018-03-06 09:47:56 - [TEST_STEP][PASSED] - cupakeysDl.sclstruct.scalestructure: cupakeysDl.sclstruct.scalestructure is PASSED

2018-03-06 09:47:59 - [MESSAGE][WARNING] - Object 'Object Repository/CuPaDl/Structure/Resize_Structure_bottomright' is not visible after 3 second(s)

2018-03-06 09:47:59 - [MESSAGE][PASSED] - Object: 'Object Repository/CuPaDl/Structure/Resize_Structure' is clicked on

2018-03-06 09:47:59 - [MESSAGE][WARNING] - Timeout '0' is invalid. Using default page load timeout: '30'

2018-03-06 09:47:59 - [MESSAGE][PASSED] - Object 'Object Repository/CuPaDl/Structure/Resize_Structure_bottomright' is visible

2018-03-06 09:48:00 - [MESSAGE][PASSED] - Delayed 1 second(s)

2018-03-06 09:48:00 - [MESSAGE][PASSED] - Current viewport's left (x) position is 0

2018-03-06 09:48:00 - [MESSAGE][PASSED] - Current viewport's top (y) position is 54

2018-03-06 09:48:00 - [MESSAGE][PASSED] - Dragged object with id 'Object Repository/CuPaDl/Structure/Resize_Structure_bottomright' by offset distance x = -225 and y = -171 successfully

2018-03-06 09:48:01 - [MESSAGE][PASSED] - Object 'Object Repository/CuPaDl/Loading_indicator' is visible

2018-03-06 09:48:07 - [MESSAGE][PASSED] - Object 'Object Repository/CuPaDl/Loading_indicator' is NOT visible

2018-03-06 09:48:08 - [MESSAGE][PASSED] - Delayed 1 second(s)

2018-03-06 09:48:08 - [MESSAGE][PASSED] - cupakeysDl.sclstruct.scalestructure is PASSED

2018-03-06 09:48:08 - [TEST_STEP][PASSED] - Statement - (step++): null

2018-03-06 09:48:08 - [TEST_STEP][PASSED] - Statement - iconmap += CustomKeywords.cupakeysDl.iconad.iconadd("paperplane", LoadTimeCorrector, step, run, device, timeStamp, iconcount): cupakeysDl.iconad.iconadd is PASSED

2018-03-06 09:48:08 - [MESSAGE][PASSED] - Object: 'Object Repository/CuPaDl/Icons/Icon' is clicked on

2018-03-06 09:48:08 - [MESSAGE][PASSED] - Object 'Object Repository/CuPaDl/Icons/Icon_paperplane' is visible

2018-03-06 09:48:09 - [MESSAGE][PASSED] - Object: 'Object Repository/CuPaDl/Icons/Icon_paperplane' is clicked on

2018-03-06 09:48:10 - [MESSAGE][PASSED] - Delayed 1 second(s)

2018-03-06 09:48:10 - [MESSAGE][PASSED] - Object 'Object Repository/CuPaDl/Loading_indicator' is visible

2018-03-06 09:48:21 - [MESSAGE][PASSED] - Object 'Object Repository/CuPaDl/Loading_indicator' is NOT visible

2018-03-06 09:48:21 - [MESSAGE][WARNING] - Timeout '0' is invalid. Using default page load timeout: '30'

2018-03-06 09:48:21 - [MESSAGE][PASSED] - Width of element 'Object Repository/CuPaDl/Icons/Reposition_icon' is '40'

2018-03-06 09:48:21 - [MESSAGE][PASSED] - Height of element 'Object Repository/CuPaDl/Icons/Reposition_icon' is '40'.

2018-03-06 09:48:22 - [MESSAGE][PASSED] - Delayed 1 second(s)

2018-03-06 09:48:22 - [MESSAGE][PASSED] - cupakeysDl.iconad.iconadd is PASSED

2018-03-06 09:48:22 - [TEST_STEP][PASSED] - Statement - (step++): null

2018-03-06 09:48:22 - [TEST_STEP][PASSED] - Statement - (iconcount++): null

2018-03-06 09:48:22 - [TEST_STEP][PASSED] - cupakeysDl.iconres.iconresize: cupakeysDl.iconres.iconresize is PASSED

2018-03-06 09:48:22 - [MESSAGE][PASSED] - Object 'Object Repository/CuPaDl/Icons/Reposition_icon' is visible

2018-03-06 09:48:22 - [MESSAGE][PASSED] - Current viewport's left (x) position is 0

2018-03-06 09:48:22 - [MESSAGE][PASSED] - Current viewport's top (y) position is 54

2018-03-06 09:48:22 - [MESSAGE][PASSED] - Dragged object with id 'Object Repository/CuPaDl/Icons/Resize_icon_bottomright' by offset distance x = -125 and y = -71 successfully

2018-03-06 09:48:23 - [MESSAGE][PASSED] - Object 'Object Repository/CuPaDl/Loading_indicator' is visible

2018-03-06 09:48:29 - [MESSAGE][PASSED] - Object 'Object Repository/CuPaDl/Loading_indicator' is NOT visible

2018-03-06 09:48:30 - [MESSAGE][PASSED] - Delayed 1 second(s)

2018-03-06 09:48:30 - [MESSAGE][PASSED] - cupakeysDl.iconres.iconresize is PASSED

2018-03-06 09:48:30 - [TEST_STEP][PASSED] - Statement - (step++): null

2018-03-06 09:48:30 - [TEST_STEP][PASSED] - cupakeysDl.slink.svlink: cupakeysDl.slink.svlink is PASSED

2018-03-06 09:48:30 - [MESSAGE][PASSED] - Scroll to object 'Object Repository/CuPaDl/Save/Save' successfully

2018-03-06 09:48:30 - [MESSAGE][PASSED] - Object: 'Object Repository/CuPaDl/Save/Save' is clicked on

2018-03-06 09:48:30 - [MESSAGE][WARNING] - Timeout '0' is invalid. Using default page load timeout: '30'

2018-03-06 09:48:32 - [MESSAGE][PASSED] - Object 'Object Repository/CuPaDl/Save/CopyLink' is visible

2018-03-06 09:48:32 - [MESSAGE][PASSED] - Attribute 'value' of object 'Object Repository/CuPaDl/Save/Link' is: 'https://d16a4dsnr8a0k1.cloudfront.net/en/2455233.html?scupaId=BCEjJHcuKjUnI3o0RURD'

2018-03-06 09:48:32 - [MESSAGE][PASSED] - cupakeysDl.slink.svlink is PASSED

2018-03-06 09:48:32 - [TEST_STEP][PASSED] - cupakeysDl.endsession.finishsession: cupakeysDl.endsession.finishsession is PASSED

2018-03-06 09:48:35 - [MESSAGE][PASSED] - Delayed 3 second(s)

2018-03-06 09:48:36 - [MESSAGE][PASSED] - Browser is closed

2018-03-06 09:48:36 - [MESSAGE][PASSED] - cupakeysDl.endsession.finishsession is PASSED]]></system-out>
         <system-err><![CDATA[]]></system-err>
      </testcase>
      <testcase name="Test Cases/CuPaStefanie/10" classname="Test Cases/CuPaStefanie/10" status="PASSED">
         <system-out><![CDATA[2018-03-06 09:48:36 - [TEST_CASE][PASSED] - Test Cases/CuPaStefanie/10: Test Cases/CuPaStefanie/10

2018-03-06 09:48:36 - [TEST_STEP][PASSED] - Statement - timeStamp = new java.text.SimpleDateFormat(dd.MM.yyyy_HH_mm_ss).format(java.util.Calendar.getInstance().getTime()): null

2018-03-06 09:48:36 - [TEST_STEP][PASSED] - Statement - timeStampScreenshot = new java.text.SimpleDateFormat(dd.MM.yyyy).format(java.util.Calendar.getInstance().getTime()): null

2018-03-06 09:48:36 - [TEST_STEP][PASSED] - Statement - ps = new java.io.PrintStream((((timeStamp + _Run) + run) + .txt)): null

2018-03-06 09:48:36 - [TEST_STEP][PASSED] - Statement - iconmap = [:]: null

2018-03-06 09:48:36 - [TEST_STEP][PASSED] - Statement - txtmap = [:]: null

2018-03-06 09:48:36 - [TEST_STEP][PASSED] - Statement - signmap = [:]: null

2018-03-06 09:48:36 - [TEST_STEP][PASSED] - cupakeysDl.initStart.initialStart: cupakeysDl.initStart.initialStart is PASSED

2018-03-06 09:48:38 - [MESSAGE][PASSED] - Browser is opened with url: ''

2018-03-06 09:48:41 - [MESSAGE][PASSED] - Delayed 3 second(s)

2018-03-06 09:48:42 - [MESSAGE][PASSED] - Navigate to 'https://d16a4dsnr8a0k1.cloudfront.net/en/2455233.html?price=150.00%20%E2%82%AC&partName=wilsonPartName&vin=wilsonVin&modelCode=XP11&paint=P0A94&modelDescription=wilsonModelDescription&additionalEquipment=wilsonAdditionalEquipment' successfully

2018-03-06 09:48:42 - [MESSAGE][PASSED] - Object 'Object Repository/CuPaDl/Loading_indicator' is visible

2018-03-06 09:48:50 - [MESSAGE][PASSED] - Object 'Object Repository/CuPaDl/Loading_indicator' is NOT visible

2018-03-06 09:48:51 - [MESSAGE][PASSED] - Delayed 1 second(s)

2018-03-06 09:48:51 - [MESSAGE][PASSED] - cupakeysDl.initStart.initialStart is PASSED

2018-03-06 09:48:51 - [TEST_STEP][PASSED] - Statement - (step++): null

2018-03-06 09:48:51 - [TEST_STEP][PASSED] - cupakeysDl.color.changecolor: cupakeysDl.color.changecolor is PASSED

2018-03-06 09:48:51 - [MESSAGE][PASSED] - Object 'Object Repository/CuPaDl/Color/Color' is visible

2018-03-06 09:48:51 - [MESSAGE][PASSED] - Object: 'Object Repository/CuPaDl/Color/Color' is clicked on

2018-03-06 09:48:52 - [MESSAGE][PASSED] - Delayed 1 second(s)

2018-03-06 09:48:52 - [MESSAGE][PASSED] - Object 'Object Repository/CuPaDl/Color/Color_rebelgreen' is visible

2018-03-06 09:48:52 - [MESSAGE][PASSED] - Object: 'Object Repository/CuPaDl/Color/Color_rebelgreen' is clicked on

2018-03-06 09:48:52 - [MESSAGE][WARNING] - Timeout '0' is invalid. Using default page load timeout: '30'

2018-03-06 09:48:52 - [MESSAGE][PASSED] - Object 'Object Repository/CuPaDl/Color/Color_rebelgreen' is visible

2018-03-06 09:48:53 - [MESSAGE][PASSED] - Delayed 1 second(s)

2018-03-06 09:48:53 - [MESSAGE][PASSED] - Object: 'Object Repository/CuPaDl/Color/Color_rebelgreen' is clicked on

2018-03-06 09:48:56 - [MESSAGE][WARNING] - Object 'Object Repository/CuPaDl/Loading_indicator' is not visible after 3 second(s)

2018-03-06 09:48:57 - [MESSAGE][PASSED] - Delayed 1 second(s)

2018-03-06 09:48:57 - [MESSAGE][PASSED] - cupakeysDl.color.changecolor is PASSED

2018-03-06 09:48:57 - [TEST_STEP][PASSED] - Statement - (step++): null

2018-03-06 09:48:57 - [TEST_STEP][PASSED] - cupakeysDl.chngstruct.changestructure: cupakeysDl.chngstruct.changestructure is PASSED

2018-03-06 09:48:57 - [MESSAGE][PASSED] - Object: 'Object Repository/CuPaDl/Structure/Structure' is clicked on

2018-03-06 09:48:58 - [MESSAGE][WARNING] - Timeout '0' is invalid. Using default page load timeout: '30'

2018-03-06 09:48:58 - [MESSAGE][PASSED] - Object 'Object Repository/CuPaDl/Structure/Structure_Hahnentritt' is visible

2018-03-06 09:48:58 - [MESSAGE][PASSED] - Object 'Object Repository/CuPaDl/Structure/Structure_dots' is visible

2018-03-06 09:48:58 - [MESSAGE][PASSED] - Object: 'Object Repository/CuPaDl/Structure/Structure_dots' is clicked on

2018-03-06 09:48:59 - [MESSAGE][PASSED] - Object 'Object Repository/CuPaDl/Loading_indicator' is visible

2018-03-06 09:49:03 - [MESSAGE][PASSED] - Object 'Object Repository/CuPaDl/Loading_indicator' is NOT visible

2018-03-06 09:49:04 - [MESSAGE][PASSED] - Delayed 1 second(s)

2018-03-06 09:49:04 - [MESSAGE][PASSED] - cupakeysDl.chngstruct.changestructure is PASSED

2018-03-06 09:49:04 - [TEST_STEP][PASSED] - Statement - (step++): null

2018-03-06 09:49:04 - [TEST_STEP][PASSED] - cupakeysDl.sclstruct.scalestructure: cupakeysDl.sclstruct.scalestructure is PASSED

2018-03-06 09:49:07 - [MESSAGE][WARNING] - Object 'Object Repository/CuPaDl/Structure/Resize_Structure_bottomright' is not visible after 3 second(s)

2018-03-06 09:49:07 - [MESSAGE][PASSED] - Object: 'Object Repository/CuPaDl/Structure/Resize_Structure' is clicked on

2018-03-06 09:49:07 - [MESSAGE][WARNING] - Timeout '0' is invalid. Using default page load timeout: '30'

2018-03-06 09:49:08 - [MESSAGE][PASSED] - Object 'Object Repository/CuPaDl/Structure/Resize_Structure_bottomright' is visible

2018-03-06 09:49:09 - [MESSAGE][PASSED] - Delayed 1 second(s)

2018-03-06 09:49:09 - [MESSAGE][PASSED] - Current viewport's left (x) position is 0

2018-03-06 09:49:09 - [MESSAGE][PASSED] - Current viewport's top (y) position is 54

2018-03-06 09:49:09 - [MESSAGE][PASSED] - Dragged object with id 'Object Repository/CuPaDl/Structure/Resize_Structure_bottomright' by offset distance x = 225 and y = 279 successfully

2018-03-06 09:49:10 - [MESSAGE][PASSED] - Object 'Object Repository/CuPaDl/Loading_indicator' is visible

2018-03-06 09:49:13 - [MESSAGE][PASSED] - Object 'Object Repository/CuPaDl/Loading_indicator' is NOT visible

2018-03-06 09:49:14 - [MESSAGE][PASSED] - Delayed 1 second(s)

2018-03-06 09:49:14 - [MESSAGE][PASSED] - cupakeysDl.sclstruct.scalestructure is PASSED

2018-03-06 09:49:14 - [TEST_STEP][PASSED] - Statement - (step++): null

2018-03-06 09:49:14 - [TEST_STEP][PASSED] - Statement - iconmap += CustomKeywords.cupakeysDl.iconad.iconadd("paperplane", LoadTimeCorrector, step, run, device, timeStamp, iconcount): cupakeysDl.iconad.iconadd is PASSED

2018-03-06 09:49:14 - [MESSAGE][PASSED] - Object: 'Object Repository/CuPaDl/Icons/Icon' is clicked on

2018-03-06 09:49:14 - [MESSAGE][PASSED] - Object 'Object Repository/CuPaDl/Icons/Icon_paperplane' is visible

2018-03-06 09:49:14 - [MESSAGE][PASSED] - Object: 'Object Repository/CuPaDl/Icons/Icon_paperplane' is clicked on

2018-03-06 09:49:15 - [MESSAGE][PASSED] - Delayed 1 second(s)

2018-03-06 09:49:15 - [MESSAGE][PASSED] - Object 'Object Repository/CuPaDl/Loading_indicator' is visible

2018-03-06 09:49:19 - [MESSAGE][PASSED] - Object 'Object Repository/CuPaDl/Loading_indicator' is NOT visible

2018-03-06 09:49:19 - [MESSAGE][WARNING] - Timeout '0' is invalid. Using default page load timeout: '30'

2018-03-06 09:49:19 - [MESSAGE][PASSED] - Width of element 'Object Repository/CuPaDl/Icons/Reposition_icon' is '40'

2018-03-06 09:49:19 - [MESSAGE][PASSED] - Height of element 'Object Repository/CuPaDl/Icons/Reposition_icon' is '40'.

2018-03-06 09:49:20 - [MESSAGE][PASSED] - Delayed 1 second(s)

2018-03-06 09:49:20 - [MESSAGE][PASSED] - cupakeysDl.iconad.iconadd is PASSED

2018-03-06 09:49:20 - [TEST_STEP][PASSED] - Statement - (step++): null

2018-03-06 09:49:20 - [TEST_STEP][PASSED] - Statement - (iconcount++): null

2018-03-06 09:49:20 - [TEST_STEP][PASSED] - cupakeysDl.iconres.iconresize: cupakeysDl.iconres.iconresize is PASSED

2018-03-06 09:49:20 - [MESSAGE][PASSED] - Object 'Object Repository/CuPaDl/Icons/Reposition_icon' is visible

2018-03-06 09:49:20 - [MESSAGE][PASSED] - Current viewport's left (x) position is 0

2018-03-06 09:49:20 - [MESSAGE][PASSED] - Current viewport's top (y) position is 54

2018-03-06 09:49:20 - [MESSAGE][PASSED] - Dragged object with id 'Object Repository/CuPaDl/Icons/Resize_icon_bottomright' by offset distance x = 125 and y = 179 successfully

2018-03-06 09:49:21 - [MESSAGE][PASSED] - Object 'Object Repository/CuPaDl/Loading_indicator' is visible

2018-03-06 09:49:25 - [MESSAGE][PASSED] - Object 'Object Repository/CuPaDl/Loading_indicator' is NOT visible

2018-03-06 09:49:26 - [MESSAGE][PASSED] - Delayed 1 second(s)

2018-03-06 09:49:26 - [MESSAGE][PASSED] - cupakeysDl.iconres.iconresize is PASSED

2018-03-06 09:49:26 - [TEST_STEP][PASSED] - Statement - (step++): null

2018-03-06 09:49:26 - [TEST_STEP][PASSED] - cupakeysDl.slink.svlink: cupakeysDl.slink.svlink is PASSED

2018-03-06 09:49:26 - [MESSAGE][PASSED] - Scroll to object 'Object Repository/CuPaDl/Save/Save' successfully

2018-03-06 09:49:26 - [MESSAGE][PASSED] - Object: 'Object Repository/CuPaDl/Save/Save' is clicked on

2018-03-06 09:49:26 - [MESSAGE][WARNING] - Timeout '0' is invalid. Using default page load timeout: '30'

2018-03-06 09:49:28 - [MESSAGE][PASSED] - Object 'Object Repository/CuPaDl/Save/CopyLink' is visible

2018-03-06 09:49:28 - [MESSAGE][PASSED] - Attribute 'value' of object 'Object Repository/CuPaDl/Save/Link' is: 'https://d16a4dsnr8a0k1.cloudfront.net/en/2455233.html?scupaId=CiRXIhQmPTMiU3o0RURD'

2018-03-06 09:49:28 - [MESSAGE][PASSED] - cupakeysDl.slink.svlink is PASSED

2018-03-06 09:49:28 - [TEST_STEP][PASSED] - cupakeysDl.endsession.finishsession: cupakeysDl.endsession.finishsession is PASSED

2018-03-06 09:49:31 - [MESSAGE][PASSED] - Delayed 3 second(s)

2018-03-06 09:49:32 - [MESSAGE][PASSED] - Browser is closed

2018-03-06 09:49:32 - [MESSAGE][PASSED] - cupakeysDl.endsession.finishsession is PASSED]]></system-out>
         <system-err><![CDATA[]]></system-err>
      </testcase>
      <testcase name="Test Cases/CuPaStefanie/11" classname="Test Cases/CuPaStefanie/11" status="PASSED">
         <system-out><![CDATA[2018-03-06 09:49:32 - [TEST_CASE][PASSED] - Test Cases/CuPaStefanie/11: Test Cases/CuPaStefanie/11

2018-03-06 09:49:32 - [TEST_STEP][PASSED] - Statement - timeStamp = new java.text.SimpleDateFormat(dd.MM.yyyy_HH_mm_ss).format(java.util.Calendar.getInstance().getTime()): null

2018-03-06 09:49:32 - [TEST_STEP][PASSED] - Statement - timeStampScreenshot = new java.text.SimpleDateFormat(dd.MM.yyyy).format(java.util.Calendar.getInstance().getTime()): null

2018-03-06 09:49:32 - [TEST_STEP][PASSED] - Statement - iconmap = [:]: null

2018-03-06 09:49:32 - [TEST_STEP][PASSED] - Statement - txtmap = [:]: null

2018-03-06 09:49:32 - [TEST_STEP][PASSED] - Statement - signmap = [:]: null

2018-03-06 09:49:32 - [TEST_STEP][PASSED] - cupakeysDl.initStart.initialStart: cupakeysDl.initStart.initialStart is PASSED

2018-03-06 09:49:34 - [MESSAGE][PASSED] - Browser is opened with url: ''

2018-03-06 09:49:37 - [MESSAGE][PASSED] - Delayed 3 second(s)

2018-03-06 09:49:38 - [MESSAGE][PASSED] - Navigate to 'https://d16a4dsnr8a0k1.cloudfront.net/en/2455233.html?price=150.00%20%E2%82%AC&partName=wilsonPartName&vin=wilsonVin&modelCode=XP11&paint=P0A94&modelDescription=wilsonModelDescription&additionalEquipment=wilsonAdditionalEquipment' successfully

2018-03-06 09:49:38 - [MESSAGE][PASSED] - Object 'Object Repository/CuPaDl/Loading_indicator' is visible

2018-03-06 09:49:46 - [MESSAGE][PASSED] - Object 'Object Repository/CuPaDl/Loading_indicator' is NOT visible

2018-03-06 09:49:47 - [MESSAGE][PASSED] - Delayed 1 second(s)

2018-03-06 09:49:47 - [MESSAGE][PASSED] - cupakeysDl.initStart.initialStart is PASSED

2018-03-06 09:49:47 - [TEST_STEP][PASSED] - Statement - (step++): null

2018-03-06 09:49:47 - [TEST_STEP][PASSED] - cupakeysDl.color.changecolor: cupakeysDl.color.changecolor is PASSED

2018-03-06 09:49:47 - [MESSAGE][PASSED] - Object 'Object Repository/CuPaDl/Color/Color' is visible

2018-03-06 09:49:47 - [MESSAGE][PASSED] - Object: 'Object Repository/CuPaDl/Color/Color' is clicked on

2018-03-06 09:49:48 - [MESSAGE][PASSED] - Delayed 1 second(s)

2018-03-06 09:49:48 - [MESSAGE][PASSED] - Object 'Object Repository/CuPaDl/Color/Color_passionred' is visible

2018-03-06 09:49:48 - [MESSAGE][PASSED] - Object: 'Object Repository/CuPaDl/Color/Color_passionred' is clicked on

2018-03-06 09:49:48 - [MESSAGE][WARNING] - Timeout '0' is invalid. Using default page load timeout: '30'

2018-03-06 09:49:48 - [MESSAGE][PASSED] - Object 'Object Repository/CuPaDl/Color/Color_passionred' is visible

2018-03-06 09:49:49 - [MESSAGE][PASSED] - Delayed 1 second(s)

2018-03-06 09:49:49 - [MESSAGE][PASSED] - Object: 'Object Repository/CuPaDl/Color/Color_passionred' is clicked on

2018-03-06 09:49:53 - [MESSAGE][WARNING] - Object 'Object Repository/CuPaDl/Loading_indicator' is not visible after 3 second(s)

2018-03-06 09:49:54 - [MESSAGE][PASSED] - Delayed 1 second(s)

2018-03-06 09:49:54 - [MESSAGE][PASSED] - cupakeysDl.color.changecolor is PASSED

2018-03-06 09:49:54 - [TEST_STEP][PASSED] - Statement - (step++): null

2018-03-06 09:49:54 - [TEST_STEP][PASSED] - cupakeysDl.chngstruct.changestructure: cupakeysDl.chngstruct.changestructure is PASSED

2018-03-06 09:49:54 - [MESSAGE][PASSED] - Object: 'Object Repository/CuPaDl/Structure/Structure' is clicked on

2018-03-06 09:49:54 - [MESSAGE][WARNING] - Timeout '0' is invalid. Using default page load timeout: '30'

2018-03-06 09:49:54 - [MESSAGE][PASSED] - Object 'Object Repository/CuPaDl/Structure/Structure_Hahnentritt' is visible

2018-03-06 09:49:54 - [MESSAGE][PASSED] - Object 'Object Repository/CuPaDl/Structure/Structure_hahnentritt' is visible

2018-03-06 09:49:54 - [MESSAGE][PASSED] - Object: 'Object Repository/CuPaDl/Structure/Structure_hahnentritt' is clicked on

2018-03-06 09:49:55 - [MESSAGE][PASSED] - Object 'Object Repository/CuPaDl/Loading_indicator' is visible

2018-03-06 09:49:57 - [MESSAGE][PASSED] - Object 'Object Repository/CuPaDl/Loading_indicator' is NOT visible

2018-03-06 09:49:58 - [MESSAGE][PASSED] - Delayed 1 second(s)

2018-03-06 09:49:58 - [MESSAGE][PASSED] - cupakeysDl.chngstruct.changestructure is PASSED

2018-03-06 09:49:58 - [TEST_STEP][PASSED] - Statement - (step++): null

2018-03-06 09:49:58 - [TEST_STEP][PASSED] - cupakeysDl.sclstruct.scalestructure: cupakeysDl.sclstruct.scalestructure is PASSED

2018-03-06 09:50:01 - [MESSAGE][WARNING] - Object 'Object Repository/CuPaDl/Structure/Resize_Structure_bottomright' is not visible after 3 second(s)

2018-03-06 09:50:01 - [MESSAGE][PASSED] - Object: 'Object Repository/CuPaDl/Structure/Resize_Structure' is clicked on

2018-03-06 09:50:01 - [MESSAGE][WARNING] - Timeout '0' is invalid. Using default page load timeout: '30'

2018-03-06 09:50:01 - [MESSAGE][PASSED] - Object 'Object Repository/CuPaDl/Structure/Resize_Structure_bottomright' is visible

2018-03-06 09:50:02 - [MESSAGE][PASSED] - Delayed 1 second(s)

2018-03-06 09:50:02 - [MESSAGE][PASSED] - Current viewport's left (x) position is 0

2018-03-06 09:50:02 - [MESSAGE][PASSED] - Current viewport's top (y) position is 54

2018-03-06 09:50:02 - [MESSAGE][PASSED] - Dragged object with id 'Object Repository/CuPaDl/Structure/Resize_Structure_bottomright' by offset distance x = -225 and y = -171 successfully

2018-03-06 09:50:05 - [MESSAGE][WARNING] - Object 'Object Repository/CuPaDl/Loading_indicator' is not visible after 3 second(s)

2018-03-06 09:50:06 - [MESSAGE][PASSED] - Delayed 1 second(s)

2018-03-06 09:50:06 - [MESSAGE][PASSED] - cupakeysDl.sclstruct.scalestructure is PASSED

2018-03-06 09:50:06 - [TEST_STEP][PASSED] - Statement - (step++): null

2018-03-06 09:50:06 - [TEST_STEP][PASSED] - Statement - iconmap += CustomKeywords.cupakeysDl.iconad.iconadd("paperplaneline", LoadTimeCorrector, step, run, device, timeStamp, iconcount): cupakeysDl.iconad.iconadd is PASSED

2018-03-06 09:50:06 - [MESSAGE][PASSED] - Object: 'Object Repository/CuPaDl/Icons/Icon' is clicked on

2018-03-06 09:50:06 - [MESSAGE][PASSED] - Object 'Object Repository/CuPaDl/Icons/Icon_paperplaneline' is visible

2018-03-06 09:50:06 - [MESSAGE][PASSED] - Object: 'Object Repository/CuPaDl/Icons/Icon_paperplaneline' is clicked on

2018-03-06 09:50:07 - [MESSAGE][PASSED] - Delayed 1 second(s)

2018-03-06 09:50:08 - [MESSAGE][PASSED] - Object 'Object Repository/CuPaDl/Loading_indicator' is visible

2018-03-06 09:50:09 - [MESSAGE][PASSED] - Object 'Object Repository/CuPaDl/Loading_indicator' is NOT visible

2018-03-06 09:50:09 - [MESSAGE][WARNING] - Timeout '0' is invalid. Using default page load timeout: '30'

2018-03-06 09:50:09 - [MESSAGE][PASSED] - Width of element 'Object Repository/CuPaDl/Icons/Reposition_icon' is '40'

2018-03-06 09:50:09 - [MESSAGE][PASSED] - Height of element 'Object Repository/CuPaDl/Icons/Reposition_icon' is '40'.

2018-03-06 09:50:10 - [MESSAGE][PASSED] - Delayed 1 second(s)

2018-03-06 09:50:10 - [MESSAGE][PASSED] - cupakeysDl.iconad.iconadd is PASSED

2018-03-06 09:50:10 - [TEST_STEP][PASSED] - Statement - (step++): null

2018-03-06 09:50:10 - [TEST_STEP][PASSED] - Statement - (iconcount++): null

2018-03-06 09:50:10 - [TEST_STEP][PASSED] - cupakeysDl.iconres.iconresize: cupakeysDl.iconres.iconresize is PASSED

2018-03-06 09:50:10 - [MESSAGE][PASSED] - Object 'Object Repository/CuPaDl/Icons/Reposition_icon' is visible

2018-03-06 09:50:10 - [MESSAGE][PASSED] - Current viewport's left (x) position is 0

2018-03-06 09:50:10 - [MESSAGE][PASSED] - Current viewport's top (y) position is 54

2018-03-06 09:50:10 - [MESSAGE][PASSED] - Dragged object with id 'Object Repository/CuPaDl/Icons/Resize_icon_bottomright' by offset distance x = -125 and y = -71 successfully

2018-03-06 09:50:12 - [MESSAGE][PASSED] - Object 'Object Repository/CuPaDl/Loading_indicator' is visible

2018-03-06 09:50:13 - [MESSAGE][PASSED] - Object 'Object Repository/CuPaDl/Loading_indicator' is NOT visible

2018-03-06 09:50:14 - [MESSAGE][PASSED] - Delayed 1 second(s)

2018-03-06 09:50:14 - [MESSAGE][PASSED] - cupakeysDl.iconres.iconresize is PASSED

2018-03-06 09:50:14 - [TEST_STEP][PASSED] - Statement - (step++): null

2018-03-06 09:50:14 - [TEST_STEP][PASSED] - cupakeysDl.slink.svlink: cupakeysDl.slink.svlink is PASSED

2018-03-06 09:50:14 - [MESSAGE][PASSED] - Scroll to object 'Object Repository/CuPaDl/Save/Save' successfully

2018-03-06 09:50:15 - [MESSAGE][PASSED] - Object: 'Object Repository/CuPaDl/Save/Save' is clicked on

2018-03-06 09:50:15 - [MESSAGE][WARNING] - Timeout '0' is invalid. Using default page load timeout: '30'

2018-03-06 09:50:16 - [MESSAGE][PASSED] - Object 'Object Repository/CuPaDl/Save/CopyLink' is visible

2018-03-06 09:50:16 - [MESSAGE][PASSED] - Attribute 'value' of object 'Object Repository/CuPaDl/Save/Link' is: 'https://d16a4dsnr8a0k1.cloudfront.net/en/2455233.html?scupaId=HVE+IWFYMSFfPHo0RURF'

2018-03-06 09:50:16 - [MESSAGE][PASSED] - cupakeysDl.slink.svlink is PASSED

2018-03-06 09:50:16 - [TEST_STEP][PASSED] - cupakeysDl.endsession.finishsession: cupakeysDl.endsession.finishsession is PASSED

2018-03-06 09:50:19 - [MESSAGE][PASSED] - Delayed 3 second(s)

2018-03-06 09:50:19 - [MESSAGE][PASSED] - Browser is closed

2018-03-06 09:50:19 - [MESSAGE][PASSED] - cupakeysDl.endsession.finishsession is PASSED]]></system-out>
         <system-err><![CDATA[]]></system-err>
      </testcase>
      <testcase name="Test Cases/CuPaStefanie/12" classname="Test Cases/CuPaStefanie/12" status="PASSED">
         <system-out><![CDATA[2018-03-06 09:50:19 - [TEST_CASE][PASSED] - Test Cases/CuPaStefanie/12: Test Cases/CuPaStefanie/12

2018-03-06 09:50:20 - [TEST_STEP][PASSED] - Statement - timeStamp = new java.text.SimpleDateFormat(dd.MM.yyyy_HH_mm_ss).format(java.util.Calendar.getInstance().getTime()): null

2018-03-06 09:50:20 - [TEST_STEP][PASSED] - Statement - timeStampScreenshot = new java.text.SimpleDateFormat(dd.MM.yyyy).format(java.util.Calendar.getInstance().getTime()): null

2018-03-06 09:50:20 - [TEST_STEP][PASSED] - Statement - iconmap = [:]: null

2018-03-06 09:50:20 - [TEST_STEP][PASSED] - Statement - txtmap = [:]: null

2018-03-06 09:50:20 - [TEST_STEP][PASSED] - Statement - signmap = [:]: null

2018-03-06 09:50:20 - [TEST_STEP][PASSED] - cupakeysDl.initStart.initialStart: cupakeysDl.initStart.initialStart is PASSED

2018-03-06 09:50:21 - [MESSAGE][PASSED] - Browser is opened with url: ''

2018-03-06 09:50:24 - [MESSAGE][PASSED] - Delayed 3 second(s)

2018-03-06 09:50:26 - [MESSAGE][PASSED] - Navigate to 'https://d16a4dsnr8a0k1.cloudfront.net/en/2455233.html?price=150.00%20%E2%82%AC&partName=wilsonPartName&vin=wilsonVin&modelCode=XP11&paint=P0A94&modelDescription=wilsonModelDescription&additionalEquipment=wilsonAdditionalEquipment' successfully

2018-03-06 09:50:26 - [MESSAGE][PASSED] - Object 'Object Repository/CuPaDl/Loading_indicator' is visible

2018-03-06 09:50:34 - [MESSAGE][PASSED] - Object 'Object Repository/CuPaDl/Loading_indicator' is NOT visible

2018-03-06 09:50:35 - [MESSAGE][PASSED] - Delayed 1 second(s)

2018-03-06 09:50:35 - [MESSAGE][PASSED] - cupakeysDl.initStart.initialStart is PASSED

2018-03-06 09:50:35 - [TEST_STEP][PASSED] - Statement - (step++): null

2018-03-06 09:50:35 - [TEST_STEP][PASSED] - cupakeysDl.color.changecolor: cupakeysDl.color.changecolor is PASSED

2018-03-06 09:50:35 - [MESSAGE][PASSED] - Object 'Object Repository/CuPaDl/Color/Color' is visible

2018-03-06 09:50:35 - [MESSAGE][PASSED] - Object: 'Object Repository/CuPaDl/Color/Color' is clicked on

2018-03-06 09:50:36 - [MESSAGE][PASSED] - Delayed 1 second(s)

2018-03-06 09:50:36 - [MESSAGE][PASSED] - Object 'Object Repository/CuPaDl/Color/Color_passionred' is visible

2018-03-06 09:50:36 - [MESSAGE][PASSED] - Object: 'Object Repository/CuPaDl/Color/Color_passionred' is clicked on

2018-03-06 09:50:36 - [MESSAGE][WARNING] - Timeout '0' is invalid. Using default page load timeout: '30'

2018-03-06 09:50:36 - [MESSAGE][PASSED] - Object 'Object Repository/CuPaDl/Color/Color_passionred' is visible

2018-03-06 09:50:37 - [MESSAGE][PASSED] - Delayed 1 second(s)

2018-03-06 09:50:37 - [MESSAGE][PASSED] - Object: 'Object Repository/CuPaDl/Color/Color_passionred' is clicked on

2018-03-06 09:50:37 - [MESSAGE][PASSED] - Object 'Object Repository/CuPaDl/Loading_indicator' is visible

2018-03-06 09:50:39 - [MESSAGE][PASSED] - Object 'Object Repository/CuPaDl/Loading_indicator' is NOT visible

2018-03-06 09:50:40 - [MESSAGE][PASSED] - Delayed 1 second(s)

2018-03-06 09:50:40 - [MESSAGE][PASSED] - cupakeysDl.color.changecolor is PASSED

2018-03-06 09:50:40 - [TEST_STEP][PASSED] - Statement - (step++): null

2018-03-06 09:50:40 - [TEST_STEP][PASSED] - cupakeysDl.chngstruct.changestructure: cupakeysDl.chngstruct.changestructure is PASSED

2018-03-06 09:50:40 - [MESSAGE][PASSED] - Object: 'Object Repository/CuPaDl/Structure/Structure' is clicked on

2018-03-06 09:50:40 - [MESSAGE][WARNING] - Timeout '0' is invalid. Using default page load timeout: '30'

2018-03-06 09:50:40 - [MESSAGE][PASSED] - Object 'Object Repository/CuPaDl/Structure/Structure_Hahnentritt' is visible

2018-03-06 09:50:40 - [MESSAGE][PASSED] - Object 'Object Repository/CuPaDl/Structure/Structure_hahnentritt' is visible

2018-03-06 09:50:40 - [MESSAGE][PASSED] - Object: 'Object Repository/CuPaDl/Structure/Structure_hahnentritt' is clicked on

2018-03-06 09:50:42 - [MESSAGE][PASSED] - Object 'Object Repository/CuPaDl/Loading_indicator' is visible

2018-03-06 09:50:43 - [MESSAGE][PASSED] - Object 'Object Repository/CuPaDl/Loading_indicator' is NOT visible

2018-03-06 09:50:44 - [MESSAGE][PASSED] - Delayed 1 second(s)

2018-03-06 09:50:44 - [MESSAGE][PASSED] - cupakeysDl.chngstruct.changestructure is PASSED

2018-03-06 09:50:44 - [TEST_STEP][PASSED] - Statement - (step++): null

2018-03-06 09:50:44 - [TEST_STEP][PASSED] - cupakeysDl.sclstruct.scalestructure: cupakeysDl.sclstruct.scalestructure is PASSED

2018-03-06 09:50:47 - [MESSAGE][WARNING] - Object 'Object Repository/CuPaDl/Structure/Resize_Structure_bottomright' is not visible after 3 second(s)

2018-03-06 09:50:47 - [MESSAGE][PASSED] - Object: 'Object Repository/CuPaDl/Structure/Resize_Structure' is clicked on

2018-03-06 09:50:47 - [MESSAGE][WARNING] - Timeout '0' is invalid. Using default page load timeout: '30'

2018-03-06 09:50:47 - [MESSAGE][PASSED] - Object 'Object Repository/CuPaDl/Structure/Resize_Structure_bottomright' is visible

2018-03-06 09:50:48 - [MESSAGE][PASSED] - Delayed 1 second(s)

2018-03-06 09:50:48 - [MESSAGE][PASSED] - Current viewport's left (x) position is 0

2018-03-06 09:50:48 - [MESSAGE][PASSED] - Current viewport's top (y) position is 54

2018-03-06 09:50:49 - [MESSAGE][PASSED] - Dragged object with id 'Object Repository/CuPaDl/Structure/Resize_Structure_bottomright' by offset distance x = 225 and y = 279 successfully

2018-03-06 09:50:52 - [MESSAGE][WARNING] - Object 'Object Repository/CuPaDl/Loading_indicator' is not visible after 3 second(s)

2018-03-06 09:50:53 - [MESSAGE][PASSED] - Delayed 1 second(s)

2018-03-06 09:50:53 - [MESSAGE][PASSED] - cupakeysDl.sclstruct.scalestructure is PASSED

2018-03-06 09:50:53 - [TEST_STEP][PASSED] - Statement - (step++): null

2018-03-06 09:50:53 - [TEST_STEP][PASSED] - Statement - iconmap += CustomKeywords.cupakeysDl.iconad.iconadd("paperplaneline", LoadTimeCorrector, step, run, device, timeStamp, iconcount): cupakeysDl.iconad.iconadd is PASSED

2018-03-06 09:50:53 - [MESSAGE][PASSED] - Object: 'Object Repository/CuPaDl/Icons/Icon' is clicked on

2018-03-06 09:50:53 - [MESSAGE][PASSED] - Object 'Object Repository/CuPaDl/Icons/Icon_paperplaneline' is visible

2018-03-06 09:50:53 - [MESSAGE][PASSED] - Object: 'Object Repository/CuPaDl/Icons/Icon_paperplaneline' is clicked on

2018-03-06 09:50:54 - [MESSAGE][PASSED] - Delayed 1 second(s)

2018-03-06 09:50:55 - [MESSAGE][PASSED] - Object 'Object Repository/CuPaDl/Loading_indicator' is visible

2018-03-06 09:50:56 - [MESSAGE][PASSED] - Object 'Object Repository/CuPaDl/Loading_indicator' is NOT visible

2018-03-06 09:50:56 - [MESSAGE][WARNING] - Timeout '0' is invalid. Using default page load timeout: '30'

2018-03-06 09:50:56 - [MESSAGE][PASSED] - Width of element 'Object Repository/CuPaDl/Icons/Reposition_icon' is '40'

2018-03-06 09:50:56 - [MESSAGE][PASSED] - Height of element 'Object Repository/CuPaDl/Icons/Reposition_icon' is '40'.

2018-03-06 09:50:57 - [MESSAGE][PASSED] - Delayed 1 second(s)

2018-03-06 09:50:57 - [MESSAGE][PASSED] - cupakeysDl.iconad.iconadd is PASSED

2018-03-06 09:50:57 - [TEST_STEP][PASSED] - Statement - (step++): null

2018-03-06 09:50:57 - [TEST_STEP][PASSED] - Statement - (iconcount++): null

2018-03-06 09:50:57 - [TEST_STEP][PASSED] - cupakeysDl.iconres.iconresize: cupakeysDl.iconres.iconresize is PASSED

2018-03-06 09:50:57 - [MESSAGE][PASSED] - Object 'Object Repository/CuPaDl/Icons/Reposition_icon' is visible

2018-03-06 09:50:57 - [MESSAGE][PASSED] - Current viewport's left (x) position is 0

2018-03-06 09:50:57 - [MESSAGE][PASSED] - Current viewport's top (y) position is 54

2018-03-06 09:50:57 - [MESSAGE][PASSED] - Dragged object with id 'Object Repository/CuPaDl/Icons/Resize_icon_bottomright' by offset distance x = 125 and y = 179 successfully

2018-03-06 09:51:00 - [MESSAGE][WARNING] - Object 'Object Repository/CuPaDl/Loading_indicator' is not visible after 3 second(s)

2018-03-06 09:51:01 - [MESSAGE][PASSED] - Delayed 1 second(s)

2018-03-06 09:51:01 - [MESSAGE][PASSED] - cupakeysDl.iconres.iconresize is PASSED

2018-03-06 09:51:01 - [TEST_STEP][PASSED] - Statement - (step++): null

2018-03-06 09:51:01 - [TEST_STEP][PASSED] - cupakeysDl.slink.svlink: cupakeysDl.slink.svlink is PASSED

2018-03-06 09:51:01 - [MESSAGE][PASSED] - Scroll to object 'Object Repository/CuPaDl/Save/Save' successfully

2018-03-06 09:51:01 - [MESSAGE][PASSED] - Object: 'Object Repository/CuPaDl/Save/Save' is clicked on

2018-03-06 09:51:01 - [MESSAGE][WARNING] - Timeout '0' is invalid. Using default page load timeout: '30'

2018-03-06 09:51:03 - [MESSAGE][PASSED] - Object 'Object Repository/CuPaDl/Save/CopyLink' is visible

2018-03-06 09:51:03 - [MESSAGE][PASSED] - Attribute 'value' of object 'Object Repository/CuPaDl/Save/Link' is: 'https://d16a4dsnr8a0k1.cloudfront.net/en/2455233.html?scupaId=DyE9JGMsLTAmJ3o0RURF'

2018-03-06 09:51:03 - [MESSAGE][PASSED] - cupakeysDl.slink.svlink is PASSED

2018-03-06 09:51:03 - [TEST_STEP][PASSED] - cupakeysDl.endsession.finishsession: cupakeysDl.endsession.finishsession is PASSED

2018-03-06 09:51:06 - [MESSAGE][PASSED] - Delayed 3 second(s)

2018-03-06 09:51:07 - [MESSAGE][PASSED] - Browser is closed

2018-03-06 09:51:07 - [MESSAGE][PASSED] - cupakeysDl.endsession.finishsession is PASSED]]></system-out>
         <system-err><![CDATA[]]></system-err>
      </testcase>
      <testcase name="Test Cases/CuPaStefanie/13" classname="Test Cases/CuPaStefanie/13" status="PASSED">
         <system-out><![CDATA[2018-03-06 09:51:07 - [TEST_CASE][PASSED] - Test Cases/CuPaStefanie/13: Test Cases/CuPaStefanie/13

2018-03-06 09:51:07 - [TEST_STEP][PASSED] - Statement - timeStamp = new java.text.SimpleDateFormat(dd.MM.yyyy).format(java.util.Calendar.getInstance().getTime()): null

2018-03-06 09:51:07 - [TEST_STEP][PASSED] - Statement - timeStampScreenshot = new java.text.SimpleDateFormat(dd.MM.yyyy).format(java.util.Calendar.getInstance().getTime()): null

2018-03-06 09:51:07 - [TEST_STEP][PASSED] - Statement - iconmap = [:]: null

2018-03-06 09:51:07 - [TEST_STEP][PASSED] - Statement - txtmap = [:]: null

2018-03-06 09:51:07 - [TEST_STEP][PASSED] - Statement - signmap = [:]: null

2018-03-06 09:51:07 - [TEST_STEP][PASSED] - cupakeysDl.initStart.initialStart: cupakeysDl.initStart.initialStart is PASSED

2018-03-06 09:51:09 - [MESSAGE][PASSED] - Browser is opened with url: ''

2018-03-06 09:51:12 - [MESSAGE][PASSED] - Delayed 3 second(s)

2018-03-06 09:51:13 - [MESSAGE][PASSED] - Navigate to 'https://d16a4dsnr8a0k1.cloudfront.net/en/2455233.html?price=150.00%20%E2%82%AC&partName=wilsonPartName&vin=wilsonVin&modelCode=XP11&paint=P0A94&modelDescription=wilsonModelDescription&additionalEquipment=wilsonAdditionalEquipment' successfully

2018-03-06 09:51:13 - [MESSAGE][PASSED] - Object 'Object Repository/CuPaDl/Loading_indicator' is visible

2018-03-06 09:51:21 - [MESSAGE][PASSED] - Object 'Object Repository/CuPaDl/Loading_indicator' is NOT visible

2018-03-06 09:51:22 - [MESSAGE][PASSED] - Delayed 1 second(s)

2018-03-06 09:51:22 - [MESSAGE][PASSED] - cupakeysDl.initStart.initialStart is PASSED

2018-03-06 09:51:22 - [TEST_STEP][PASSED] - Statement - (step++): null

2018-03-06 09:51:22 - [TEST_STEP][PASSED] - cupakeysDl.color.changecolor: cupakeysDl.color.changecolor is PASSED

2018-03-06 09:51:22 - [MESSAGE][PASSED] - Object 'Object Repository/CuPaDl/Color/Color' is visible

2018-03-06 09:51:22 - [MESSAGE][PASSED] - Object: 'Object Repository/CuPaDl/Color/Color' is clicked on

2018-03-06 09:51:23 - [MESSAGE][PASSED] - Delayed 1 second(s)

2018-03-06 09:51:23 - [MESSAGE][PASSED] - Object 'Object Repository/CuPaDl/Color/Color_nightlightblue' is visible

2018-03-06 09:51:23 - [MESSAGE][PASSED] - Object: 'Object Repository/CuPaDl/Color/Color_nightlightblue' is clicked on

2018-03-06 09:51:23 - [MESSAGE][WARNING] - Timeout '0' is invalid. Using default page load timeout: '30'

2018-03-06 09:51:23 - [MESSAGE][PASSED] - Object 'Object Repository/CuPaDl/Color/Color_nightlightblue' is visible

2018-03-06 09:51:24 - [MESSAGE][PASSED] - Delayed 1 second(s)

2018-03-06 09:51:24 - [MESSAGE][PASSED] - Object: 'Object Repository/CuPaDl/Color/Color_nightlightblue' is clicked on

2018-03-06 09:51:25 - [MESSAGE][PASSED] - Object 'Object Repository/CuPaDl/Loading_indicator' is visible

2018-03-06 09:51:26 - [MESSAGE][PASSED] - Object 'Object Repository/CuPaDl/Loading_indicator' is NOT visible

2018-03-06 09:51:27 - [MESSAGE][PASSED] - Delayed 1 second(s)

2018-03-06 09:51:27 - [MESSAGE][PASSED] - cupakeysDl.color.changecolor is PASSED

2018-03-06 09:51:27 - [TEST_STEP][PASSED] - Statement - (step++): null

2018-03-06 09:51:27 - [TEST_STEP][PASSED] - cupakeysDl.chngstruct.changestructure: cupakeysDl.chngstruct.changestructure is PASSED

2018-03-06 09:51:27 - [MESSAGE][PASSED] - Object: 'Object Repository/CuPaDl/Structure/Structure' is clicked on

2018-03-06 09:51:27 - [MESSAGE][WARNING] - Timeout '0' is invalid. Using default page load timeout: '30'

2018-03-06 09:51:27 - [MESSAGE][PASSED] - Object 'Object Repository/CuPaDl/Structure/Structure_Hahnentritt' is visible

2018-03-06 09:51:29 - [MESSAGE][WARNING] - Object 'Object Repository/CuPaDl/Structure/Structure_fade' is not visible after 2 second(s)

2018-03-06 09:51:30 - [MESSAGE][PASSED] - Object: 'Object Repository/CuPaDl/MenuScroll/ObjectsScrollRight' is clicked on

2018-03-06 09:51:32 - [MESSAGE][PASSED] - Delayed 2 second(s)

2018-03-06 09:51:32 - [MESSAGE][PASSED] - Object: 'Object Repository/CuPaDl/Structure/Structure_fade' is clicked on

2018-03-06 09:51:33 - [MESSAGE][PASSED] - Object 'Object Repository/CuPaDl/Loading_indicator' is visible

2018-03-06 09:51:40 - [MESSAGE][PASSED] - Object 'Object Repository/CuPaDl/Loading_indicator' is NOT visible

2018-03-06 09:51:41 - [MESSAGE][PASSED] - Delayed 1 second(s)

2018-03-06 09:51:41 - [MESSAGE][PASSED] - cupakeysDl.chngstruct.changestructure is PASSED

2018-03-06 09:51:41 - [TEST_STEP][PASSED] - Statement - (step++): null

2018-03-06 09:51:41 - [TEST_STEP][PASSED] - cupakeysDl.sclstruct.scalestructure: cupakeysDl.sclstruct.scalestructure is PASSED

2018-03-06 09:51:44 - [MESSAGE][WARNING] - Object 'Object Repository/CuPaDl/Structure/Resize_Structure_bottomright' is not visible after 3 second(s)

2018-03-06 09:51:44 - [MESSAGE][PASSED] - Object: 'Object Repository/CuPaDl/Structure/Resize_Structure' is clicked on

2018-03-06 09:51:44 - [MESSAGE][WARNING] - Timeout '0' is invalid. Using default page load timeout: '30'

2018-03-06 09:51:44 - [MESSAGE][PASSED] - Object 'Object Repository/CuPaDl/Structure/Resize_Structure_bottomright' is visible

2018-03-06 09:51:45 - [MESSAGE][PASSED] - Delayed 1 second(s)

2018-03-06 09:51:45 - [MESSAGE][PASSED] - Current viewport's left (x) position is 0

2018-03-06 09:51:45 - [MESSAGE][PASSED] - Current viewport's top (y) position is 54

2018-03-06 09:51:46 - [MESSAGE][PASSED] - Dragged object with id 'Object Repository/CuPaDl/Structure/Resize_Structure_bottomright' by offset distance x = -225 and y = -171 successfully

2018-03-06 09:51:47 - [MESSAGE][PASSED] - Object 'Object Repository/CuPaDl/Loading_indicator' is visible

2018-03-06 09:52:17 - [MESSAGE][WARNING] - Object 'Object Repository/CuPaDl/Loading_indicator' is visible after 30 second(s)

2018-03-06 09:52:18 - [MESSAGE][PASSED] - Delayed 1 second(s)

2018-03-06 09:52:18 - [MESSAGE][PASSED] - cupakeysDl.sclstruct.scalestructure is PASSED

2018-03-06 09:52:18 - [TEST_STEP][PASSED] - Statement - (step++): null

2018-03-06 09:52:18 - [TEST_STEP][PASSED] - Statement - iconmap += CustomKeywords.cupakeysDl.iconad.iconadd("heart", LoadTimeCorrector, step, run, device, timeStamp, iconcount): cupakeysDl.iconad.iconadd is PASSED

2018-03-06 09:52:18 - [MESSAGE][PASSED] - Object: 'Object Repository/CuPaDl/Icons/Icon' is clicked on

2018-03-06 09:52:18 - [MESSAGE][PASSED] - Object 'Object Repository/CuPaDl/Icons/Icon_heart' is visible

2018-03-06 09:52:18 - [MESSAGE][PASSED] - Object: 'Object Repository/CuPaDl/Icons/Icon_heart' is clicked on

2018-03-06 09:52:19 - [MESSAGE][PASSED] - Delayed 1 second(s)

2018-03-06 09:52:19 - [MESSAGE][PASSED] - Object 'Object Repository/CuPaDl/Loading_indicator' is visible

2018-03-06 09:52:29 - [MESSAGE][PASSED] - Object 'Object Repository/CuPaDl/Loading_indicator' is NOT visible

2018-03-06 09:52:29 - [MESSAGE][WARNING] - Timeout '0' is invalid. Using default page load timeout: '30'

2018-03-06 09:52:29 - [MESSAGE][PASSED] - Width of element 'Object Repository/CuPaDl/Icons/Reposition_icon' is '40'

2018-03-06 09:52:30 - [MESSAGE][PASSED] - Height of element 'Object Repository/CuPaDl/Icons/Reposition_icon' is '40'.

2018-03-06 09:52:31 - [MESSAGE][PASSED] - Delayed 1 second(s)

2018-03-06 09:52:31 - [MESSAGE][PASSED] - cupakeysDl.iconad.iconadd is PASSED

2018-03-06 09:52:31 - [TEST_STEP][PASSED] - Statement - (step++): null

2018-03-06 09:52:31 - [TEST_STEP][PASSED] - Statement - (iconcount++): null

2018-03-06 09:52:31 - [TEST_STEP][PASSED] - cupakeysDl.iconres.iconresize: cupakeysDl.iconres.iconresize is PASSED

2018-03-06 09:52:31 - [MESSAGE][PASSED] - Object 'Object Repository/CuPaDl/Icons/Reposition_icon' is visible

2018-03-06 09:52:31 - [MESSAGE][PASSED] - Current viewport's left (x) position is 0

2018-03-06 09:52:31 - [MESSAGE][PASSED] - Current viewport's top (y) position is 54

2018-03-06 09:52:31 - [MESSAGE][PASSED] - Dragged object with id 'Object Repository/CuPaDl/Icons/Resize_icon_bottomright' by offset distance x = -125 and y = -71 successfully

2018-03-06 09:52:32 - [MESSAGE][PASSED] - Object 'Object Repository/CuPaDl/Loading_indicator' is visible

2018-03-06 09:53:02 - [MESSAGE][WARNING] - Object 'Object Repository/CuPaDl/Loading_indicator' is visible after 30 second(s)

2018-03-06 09:53:03 - [MESSAGE][PASSED] - Delayed 1 second(s)

2018-03-06 09:53:03 - [MESSAGE][PASSED] - cupakeysDl.iconres.iconresize is PASSED

2018-03-06 09:53:03 - [TEST_STEP][PASSED] - Statement - (step++): null

2018-03-06 09:53:03 - [TEST_STEP][PASSED] - cupakeysDl.slink.svlink: cupakeysDl.slink.svlink is PASSED

2018-03-06 09:53:03 - [MESSAGE][PASSED] - Scroll to object 'Object Repository/CuPaDl/Save/Save' successfully

2018-03-06 09:53:03 - [MESSAGE][PASSED] - Object: 'Object Repository/CuPaDl/Save/Save' is clicked on

2018-03-06 09:53:03 - [MESSAGE][WARNING] - Timeout '0' is invalid. Using default page load timeout: '30'

2018-03-06 09:53:05 - [MESSAGE][PASSED] - Object 'Object Repository/CuPaDl/Save/CopyLink' is visible

2018-03-06 09:53:05 - [MESSAGE][PASSED] - Attribute 'value' of object 'Object Repository/CuPaDl/Save/Link' is: 'https://d16a4dsnr8a0k1.cloudfront.net/en/2455233.html?scupaId=GCQ7J2chKCJXIXo0RURG'

2018-03-06 09:53:05 - [MESSAGE][PASSED] - cupakeysDl.slink.svlink is PASSED

2018-03-06 09:53:05 - [TEST_STEP][PASSED] - cupakeysDl.endsession.finishsession: cupakeysDl.endsession.finishsession is PASSED

2018-03-06 09:53:08 - [MESSAGE][PASSED] - Delayed 3 second(s)

2018-03-06 09:53:09 - [MESSAGE][PASSED] - Browser is closed

2018-03-06 09:53:09 - [MESSAGE][PASSED] - cupakeysDl.endsession.finishsession is PASSED]]></system-out>
         <system-err><![CDATA[]]></system-err>
      </testcase>
      <testcase name="Test Cases/CuPaStefanie/14" classname="Test Cases/CuPaStefanie/14" status="PASSED">
         <system-out><![CDATA[2018-03-06 09:53:09 - [TEST_CASE][PASSED] - Test Cases/CuPaStefanie/14: Test Cases/CuPaStefanie/14

2018-03-06 09:53:09 - [TEST_STEP][PASSED] - Statement - timeStamp = new java.text.SimpleDateFormat(dd.MM.yyyy).format(java.util.Calendar.getInstance().getTime()): null

2018-03-06 09:53:09 - [TEST_STEP][PASSED] - Statement - timeStampScreenshot = new java.text.SimpleDateFormat(dd.MM.yyyy).format(java.util.Calendar.getInstance().getTime()): null

2018-03-06 09:53:09 - [TEST_STEP][PASSED] - Statement - iconmap = [:]: null

2018-03-06 09:53:09 - [TEST_STEP][PASSED] - Statement - txtmap = [:]: null

2018-03-06 09:53:09 - [TEST_STEP][PASSED] - Statement - signmap = [:]: null

2018-03-06 09:53:09 - [TEST_STEP][PASSED] - cupakeysDl.initStart.initialStart: cupakeysDl.initStart.initialStart is PASSED

2018-03-06 09:53:11 - [MESSAGE][PASSED] - Browser is opened with url: ''

2018-03-06 09:53:14 - [MESSAGE][PASSED] - Delayed 3 second(s)

2018-03-06 09:53:15 - [MESSAGE][PASSED] - Navigate to 'https://d16a4dsnr8a0k1.cloudfront.net/en/2455233.html?price=150.00%20%E2%82%AC&partName=wilsonPartName&vin=wilsonVin&modelCode=XP11&paint=P0A94&modelDescription=wilsonModelDescription&additionalEquipment=wilsonAdditionalEquipment' successfully

2018-03-06 09:53:15 - [MESSAGE][PASSED] - Object 'Object Repository/CuPaDl/Loading_indicator' is visible

2018-03-06 09:53:23 - [MESSAGE][PASSED] - Object 'Object Repository/CuPaDl/Loading_indicator' is NOT visible

2018-03-06 09:53:24 - [MESSAGE][PASSED] - Delayed 1 second(s)

2018-03-06 09:53:24 - [MESSAGE][PASSED] - cupakeysDl.initStart.initialStart is PASSED

2018-03-06 09:53:24 - [TEST_STEP][PASSED] - Statement - (step++): null

2018-03-06 09:53:24 - [TEST_STEP][PASSED] - cupakeysDl.color.changecolor: cupakeysDl.color.changecolor is PASSED

2018-03-06 09:53:24 - [MESSAGE][PASSED] - Object 'Object Repository/CuPaDl/Color/Color' is visible

2018-03-06 09:53:24 - [MESSAGE][PASSED] - Object: 'Object Repository/CuPaDl/Color/Color' is clicked on

2018-03-06 09:53:25 - [MESSAGE][PASSED] - Delayed 1 second(s)

2018-03-06 09:53:25 - [MESSAGE][PASSED] - Object 'Object Repository/CuPaDl/Color/Color_nightlightblue' is visible

2018-03-06 09:53:25 - [MESSAGE][PASSED] - Object: 'Object Repository/CuPaDl/Color/Color_nightlightblue' is clicked on

2018-03-06 09:53:25 - [MESSAGE][WARNING] - Timeout '0' is invalid. Using default page load timeout: '30'

2018-03-06 09:53:25 - [MESSAGE][PASSED] - Object 'Object Repository/CuPaDl/Color/Color_nightlightblue' is visible

2018-03-06 09:53:26 - [MESSAGE][PASSED] - Delayed 1 second(s)

2018-03-06 09:53:26 - [MESSAGE][PASSED] - Object: 'Object Repository/CuPaDl/Color/Color_nightlightblue' is clicked on

2018-03-06 09:53:27 - [MESSAGE][PASSED] - Object 'Object Repository/CuPaDl/Loading_indicator' is visible

2018-03-06 09:53:28 - [MESSAGE][PASSED] - Object 'Object Repository/CuPaDl/Loading_indicator' is NOT visible

2018-03-06 09:53:29 - [MESSAGE][PASSED] - Delayed 1 second(s)

2018-03-06 09:53:29 - [MESSAGE][PASSED] - cupakeysDl.color.changecolor is PASSED

2018-03-06 09:53:29 - [TEST_STEP][PASSED] - Statement - (step++): null

2018-03-06 09:53:29 - [TEST_STEP][PASSED] - cupakeysDl.chngstruct.changestructure: cupakeysDl.chngstruct.changestructure is PASSED

2018-03-06 09:53:29 - [MESSAGE][PASSED] - Object: 'Object Repository/CuPaDl/Structure/Structure' is clicked on

2018-03-06 09:53:29 - [MESSAGE][WARNING] - Timeout '0' is invalid. Using default page load timeout: '30'

2018-03-06 09:53:29 - [MESSAGE][PASSED] - Object 'Object Repository/CuPaDl/Structure/Structure_Hahnentritt' is visible

2018-03-06 09:53:31 - [MESSAGE][WARNING] - Object 'Object Repository/CuPaDl/Structure/Structure_fade' is not visible after 2 second(s)

2018-03-06 09:53:31 - [MESSAGE][PASSED] - Object: 'Object Repository/CuPaDl/MenuScroll/ObjectsScrollRight' is clicked on

2018-03-06 09:53:33 - [MESSAGE][PASSED] - Delayed 2 second(s)

2018-03-06 09:53:34 - [MESSAGE][PASSED] - Object: 'Object Repository/CuPaDl/Structure/Structure_fade' is clicked on

2018-03-06 09:53:35 - [MESSAGE][PASSED] - Object 'Object Repository/CuPaDl/Loading_indicator' is visible

2018-03-06 09:53:42 - [MESSAGE][PASSED] - Object 'Object Repository/CuPaDl/Loading_indicator' is NOT visible

2018-03-06 09:53:43 - [MESSAGE][PASSED] - Delayed 1 second(s)

2018-03-06 09:53:43 - [MESSAGE][PASSED] - cupakeysDl.chngstruct.changestructure is PASSED

2018-03-06 09:53:43 - [TEST_STEP][PASSED] - Statement - (step++): null

2018-03-06 09:53:43 - [TEST_STEP][PASSED] - cupakeysDl.sclstruct.scalestructure: cupakeysDl.sclstruct.scalestructure is PASSED

2018-03-06 09:53:46 - [MESSAGE][WARNING] - Object 'Object Repository/CuPaDl/Structure/Resize_Structure_bottomright' is not visible after 3 second(s)

2018-03-06 09:53:46 - [MESSAGE][PASSED] - Object: 'Object Repository/CuPaDl/Structure/Resize_Structure' is clicked on

2018-03-06 09:53:46 - [MESSAGE][WARNING] - Timeout '0' is invalid. Using default page load timeout: '30'

2018-03-06 09:53:47 - [MESSAGE][PASSED] - Object 'Object Repository/CuPaDl/Structure/Resize_Structure_bottomright' is visible

2018-03-06 09:53:48 - [MESSAGE][PASSED] - Delayed 1 second(s)

2018-03-06 09:53:48 - [MESSAGE][PASSED] - Current viewport's left (x) position is 0

2018-03-06 09:53:48 - [MESSAGE][PASSED] - Current viewport's top (y) position is 54

2018-03-06 09:53:48 - [MESSAGE][PASSED] - Dragged object with id 'Object Repository/CuPaDl/Structure/Resize_Structure_bottomright' by offset distance x = 225 and y = 279 successfully

2018-03-06 09:53:49 - [MESSAGE][PASSED] - Object 'Object Repository/CuPaDl/Loading_indicator' is visible

2018-03-06 09:53:55 - [MESSAGE][PASSED] - Object 'Object Repository/CuPaDl/Loading_indicator' is NOT visible

2018-03-06 09:53:56 - [MESSAGE][PASSED] - Delayed 1 second(s)

2018-03-06 09:53:56 - [MESSAGE][PASSED] - cupakeysDl.sclstruct.scalestructure is PASSED

2018-03-06 09:53:56 - [TEST_STEP][PASSED] - Statement - (step++): null

2018-03-06 09:53:56 - [TEST_STEP][PASSED] - Statement - iconmap += CustomKeywords.cupakeysDl.iconad.iconadd("heart", LoadTimeCorrector, step, run, device, timeStamp, iconcount): cupakeysDl.iconad.iconadd is PASSED

2018-03-06 09:53:56 - [MESSAGE][PASSED] - Object: 'Object Repository/CuPaDl/Icons/Icon' is clicked on

2018-03-06 09:53:56 - [MESSAGE][PASSED] - Object 'Object Repository/CuPaDl/Icons/Icon_heart' is visible

2018-03-06 09:53:56 - [MESSAGE][PASSED] - Object: 'Object Repository/CuPaDl/Icons/Icon_heart' is clicked on

2018-03-06 09:53:57 - [MESSAGE][PASSED] - Delayed 1 second(s)

2018-03-06 09:53:57 - [MESSAGE][PASSED] - Object 'Object Repository/CuPaDl/Loading_indicator' is visible

2018-03-06 09:54:01 - [MESSAGE][PASSED] - Object 'Object Repository/CuPaDl/Loading_indicator' is NOT visible

2018-03-06 09:54:01 - [MESSAGE][WARNING] - Timeout '0' is invalid. Using default page load timeout: '30'

2018-03-06 09:54:01 - [MESSAGE][PASSED] - Width of element 'Object Repository/CuPaDl/Icons/Reposition_icon' is '40'

2018-03-06 09:54:01 - [MESSAGE][PASSED] - Height of element 'Object Repository/CuPaDl/Icons/Reposition_icon' is '40'.

2018-03-06 09:54:02 - [MESSAGE][PASSED] - Delayed 1 second(s)

2018-03-06 09:54:02 - [MESSAGE][PASSED] - cupakeysDl.iconad.iconadd is PASSED

2018-03-06 09:54:02 - [TEST_STEP][PASSED] - Statement - (step++): null

2018-03-06 09:54:02 - [TEST_STEP][PASSED] - Statement - (iconcount++): null

2018-03-06 09:54:02 - [TEST_STEP][PASSED] - cupakeysDl.iconres.iconresize: cupakeysDl.iconres.iconresize is PASSED

2018-03-06 09:54:02 - [MESSAGE][PASSED] - Object 'Object Repository/CuPaDl/Icons/Reposition_icon' is visible

2018-03-06 09:54:02 - [MESSAGE][PASSED] - Current viewport's left (x) position is 0

2018-03-06 09:54:02 - [MESSAGE][PASSED] - Current viewport's top (y) position is 54

2018-03-06 09:54:02 - [MESSAGE][PASSED] - Dragged object with id 'Object Repository/CuPaDl/Icons/Resize_icon_bottomright' by offset distance x = 125 and y = 179 successfully

2018-03-06 09:54:03 - [MESSAGE][PASSED] - Object 'Object Repository/CuPaDl/Loading_indicator' is visible

2018-03-06 09:54:05 - [MESSAGE][PASSED] - Object 'Object Repository/CuPaDl/Loading_indicator' is NOT visible

2018-03-06 09:54:06 - [MESSAGE][PASSED] - Delayed 1 second(s)

2018-03-06 09:54:06 - [MESSAGE][PASSED] - cupakeysDl.iconres.iconresize is PASSED

2018-03-06 09:54:06 - [TEST_STEP][PASSED] - Statement - (step++): null

2018-03-06 09:54:06 - [TEST_STEP][PASSED] - cupakeysDl.slink.svlink: cupakeysDl.slink.svlink is PASSED

2018-03-06 09:54:06 - [MESSAGE][PASSED] - Scroll to object 'Object Repository/CuPaDl/Save/Save' successfully

2018-03-06 09:54:06 - [MESSAGE][PASSED] - Object: 'Object Repository/CuPaDl/Save/Save' is clicked on

2018-03-06 09:54:06 - [MESSAGE][WARNING] - Timeout '0' is invalid. Using default page load timeout: '30'

2018-03-06 09:54:08 - [MESSAGE][PASSED] - Object 'Object Repository/CuPaDl/Save/CopyLink' is visible

2018-03-06 09:54:08 - [MESSAGE][PASSED] - Attribute 'value' of object 'Object Repository/CuPaDl/Save/Link' is: 'https://d16a4dsnr8a0k1.cloudfront.net/en/2455233.html?scupaId=GiArM2s0Xyg5LXo0RURG'

2018-03-06 09:54:08 - [MESSAGE][PASSED] - cupakeysDl.slink.svlink is PASSED

2018-03-06 09:54:08 - [TEST_STEP][PASSED] - cupakeysDl.endsession.finishsession: cupakeysDl.endsession.finishsession is PASSED

2018-03-06 09:54:11 - [MESSAGE][PASSED] - Delayed 3 second(s)

2018-03-06 09:54:12 - [MESSAGE][PASSED] - Browser is closed

2018-03-06 09:54:12 - [MESSAGE][PASSED] - cupakeysDl.endsession.finishsession is PASSED]]></system-out>
         <system-err><![CDATA[]]></system-err>
      </testcase>
      <testcase name="Test Cases/CuPaStefanie/15" classname="Test Cases/CuPaStefanie/15" status="PASSED">
         <system-out><![CDATA[2018-03-06 09:54:12 - [TEST_CASE][PASSED] - Test Cases/CuPaStefanie/15: Test Cases/CuPaStefanie/15

2018-03-06 09:54:12 - [TEST_STEP][PASSED] - Statement - timeStamp = new java.text.SimpleDateFormat(dd.MM.yyyy).format(java.util.Calendar.getInstance().getTime()): null

2018-03-06 09:54:12 - [TEST_STEP][PASSED] - Statement - timeStampScreenshot = new java.text.SimpleDateFormat(dd.MM.yyyy).format(java.util.Calendar.getInstance().getTime()): null

2018-03-06 09:54:12 - [TEST_STEP][PASSED] - Statement - iconmap = [:]: null

2018-03-06 09:54:12 - [TEST_STEP][PASSED] - Statement - txtmap = [:]: null

2018-03-06 09:54:12 - [TEST_STEP][PASSED] - Statement - signmap = [:]: null

2018-03-06 09:54:12 - [TEST_STEP][PASSED] - cupakeysDl.initStart.initialStart: cupakeysDl.initStart.initialStart is PASSED

2018-03-06 09:54:14 - [MESSAGE][PASSED] - Browser is opened with url: ''

2018-03-06 09:54:17 - [MESSAGE][PASSED] - Delayed 3 second(s)

2018-03-06 09:54:18 - [MESSAGE][PASSED] - Navigate to 'https://d16a4dsnr8a0k1.cloudfront.net/en/2455233.html?price=150.00%20%E2%82%AC&partName=wilsonPartName&vin=wilsonVin&modelCode=XP11&paint=P0A94&modelDescription=wilsonModelDescription&additionalEquipment=wilsonAdditionalEquipment' successfully

2018-03-06 09:54:18 - [MESSAGE][PASSED] - Object 'Object Repository/CuPaDl/Loading_indicator' is visible

2018-03-06 09:54:26 - [MESSAGE][PASSED] - Object 'Object Repository/CuPaDl/Loading_indicator' is NOT visible

2018-03-06 09:54:27 - [MESSAGE][PASSED] - Delayed 1 second(s)

2018-03-06 09:54:27 - [MESSAGE][PASSED] - cupakeysDl.initStart.initialStart is PASSED

2018-03-06 09:54:27 - [TEST_STEP][PASSED] - Statement - (step++): null

2018-03-06 09:54:27 - [TEST_STEP][PASSED] - cupakeysDl.color.changecolor: cupakeysDl.color.changecolor is PASSED

2018-03-06 09:54:27 - [MESSAGE][PASSED] - Object 'Object Repository/CuPaDl/Color/Color' is visible

2018-03-06 09:54:27 - [MESSAGE][PASSED] - Object: 'Object Repository/CuPaDl/Color/Color' is clicked on

2018-03-06 09:54:28 - [MESSAGE][PASSED] - Delayed 1 second(s)

2018-03-06 09:54:28 - [MESSAGE][PASSED] - Object 'Object Repository/CuPaDl/Color/Color_jetblack' is visible

2018-03-06 09:54:28 - [MESSAGE][PASSED] - Object: 'Object Repository/CuPaDl/Color/Color_jetblack' is clicked on

2018-03-06 09:54:28 - [MESSAGE][WARNING] - Timeout '0' is invalid. Using default page load timeout: '30'

2018-03-06 09:54:28 - [MESSAGE][PASSED] - Object 'Object Repository/CuPaDl/Color/Color_jetblack' is visible

2018-03-06 09:54:29 - [MESSAGE][PASSED] - Delayed 1 second(s)

2018-03-06 09:54:29 - [MESSAGE][PASSED] - Object: 'Object Repository/CuPaDl/Color/Color_jetblack' is clicked on

2018-03-06 09:54:29 - [MESSAGE][PASSED] - Object 'Object Repository/CuPaDl/Loading_indicator' is visible

2018-03-06 09:54:31 - [MESSAGE][PASSED] - Object 'Object Repository/CuPaDl/Loading_indicator' is NOT visible

2018-03-06 09:54:32 - [MESSAGE][PASSED] - Delayed 1 second(s)

2018-03-06 09:54:32 - [MESSAGE][PASSED] - cupakeysDl.color.changecolor is PASSED

2018-03-06 09:54:32 - [TEST_STEP][PASSED] - Statement - (step++): null

2018-03-06 09:54:32 - [TEST_STEP][PASSED] - cupakeysDl.chngstruct.changestructure: cupakeysDl.chngstruct.changestructure is PASSED

2018-03-06 09:54:32 - [MESSAGE][PASSED] - Object: 'Object Repository/CuPaDl/Structure/Structure' is clicked on

2018-03-06 09:54:32 - [MESSAGE][WARNING] - Timeout '0' is invalid. Using default page load timeout: '30'

2018-03-06 09:54:32 - [MESSAGE][PASSED] - Object 'Object Repository/CuPaDl/Structure/Structure_Hahnentritt' is visible

2018-03-06 09:54:34 - [MESSAGE][WARNING] - Object 'Object Repository/CuPaDl/Structure/Structure_ring' is not visible after 2 second(s)

2018-03-06 09:54:34 - [MESSAGE][PASSED] - Object: 'Object Repository/CuPaDl/MenuScroll/ObjectsScrollRight' is clicked on

2018-03-06 09:54:36 - [MESSAGE][PASSED] - Delayed 2 second(s)

2018-03-06 09:54:37 - [MESSAGE][PASSED] - Object: 'Object Repository/CuPaDl/Structure/Structure_ring' is clicked on

2018-03-06 09:54:38 - [MESSAGE][PASSED] - Object 'Object Repository/CuPaDl/Loading_indicator' is visible

2018-03-06 09:54:39 - [MESSAGE][PASSED] - Object 'Object Repository/CuPaDl/Loading_indicator' is NOT visible

2018-03-06 09:54:40 - [MESSAGE][PASSED] - Delayed 1 second(s)

2018-03-06 09:54:40 - [MESSAGE][PASSED] - cupakeysDl.chngstruct.changestructure is PASSED

2018-03-06 09:54:40 - [TEST_STEP][PASSED] - Statement - (step++): null

2018-03-06 09:54:40 - [TEST_STEP][PASSED] - cupakeysDl.sclstruct.scalestructure: cupakeysDl.sclstruct.scalestructure is PASSED

2018-03-06 09:54:43 - [MESSAGE][WARNING] - Object 'Object Repository/CuPaDl/Structure/Resize_Structure_bottomright' is not visible after 3 second(s)

2018-03-06 09:54:44 - [MESSAGE][PASSED] - Object: 'Object Repository/CuPaDl/Structure/Resize_Structure' is clicked on

2018-03-06 09:54:44 - [MESSAGE][WARNING] - Timeout '0' is invalid. Using default page load timeout: '30'

2018-03-06 09:54:44 - [MESSAGE][PASSED] - Object 'Object Repository/CuPaDl/Structure/Resize_Structure_bottomright' is visible

2018-03-06 09:54:45 - [MESSAGE][PASSED] - Delayed 1 second(s)

2018-03-06 09:54:45 - [MESSAGE][PASSED] - Current viewport's left (x) position is 0

2018-03-06 09:54:45 - [MESSAGE][PASSED] - Current viewport's top (y) position is 54

2018-03-06 09:54:45 - [MESSAGE][PASSED] - Dragged object with id 'Object Repository/CuPaDl/Structure/Resize_Structure_bottomright' by offset distance x = -225 and y = -171 successfully

2018-03-06 09:54:48 - [MESSAGE][WARNING] - Object 'Object Repository/CuPaDl/Loading_indicator' is not visible after 3 second(s)

2018-03-06 09:54:49 - [MESSAGE][PASSED] - Delayed 1 second(s)

2018-03-06 09:54:49 - [MESSAGE][PASSED] - cupakeysDl.sclstruct.scalestructure is PASSED

2018-03-06 09:54:49 - [TEST_STEP][PASSED] - Statement - (step++): null

2018-03-06 09:54:49 - [TEST_STEP][PASSED] - Statement - iconmap += CustomKeywords.cupakeysDl.iconad.iconadd("minicooper", LoadTimeCorrector, step, run, device, timeStamp, iconcount): cupakeysDl.iconad.iconadd is PASSED

2018-03-06 09:54:49 - [MESSAGE][PASSED] - Object: 'Object Repository/CuPaDl/Icons/Icon' is clicked on

2018-03-06 09:54:49 - [MESSAGE][PASSED] - Object 'Object Repository/CuPaDl/Icons/Icon_minicooper' is visible

2018-03-06 09:54:49 - [MESSAGE][PASSED] - Object: 'Object Repository/CuPaDl/Icons/Icon_minicooper' is clicked on

2018-03-06 09:54:50 - [MESSAGE][PASSED] - Delayed 1 second(s)

2018-03-06 09:54:51 - [MESSAGE][PASSED] - Object 'Object Repository/CuPaDl/Loading_indicator' is visible

2018-03-06 09:54:52 - [MESSAGE][PASSED] - Object 'Object Repository/CuPaDl/Loading_indicator' is NOT visible

2018-03-06 09:54:52 - [MESSAGE][WARNING] - Timeout '0' is invalid. Using default page load timeout: '30'

2018-03-06 09:54:52 - [MESSAGE][PASSED] - Width of element 'Object Repository/CuPaDl/Icons/Reposition_icon' is '40'

2018-03-06 09:54:52 - [MESSAGE][PASSED] - Height of element 'Object Repository/CuPaDl/Icons/Reposition_icon' is '40'.

2018-03-06 09:54:53 - [MESSAGE][PASSED] - Delayed 1 second(s)

2018-03-06 09:54:53 - [MESSAGE][PASSED] - cupakeysDl.iconad.iconadd is PASSED

2018-03-06 09:54:53 - [TEST_STEP][PASSED] - Statement - (step++): null

2018-03-06 09:54:53 - [TEST_STEP][PASSED] - Statement - (iconcount++): null

2018-03-06 09:54:53 - [TEST_STEP][PASSED] - cupakeysDl.iconres.iconresize: cupakeysDl.iconres.iconresize is PASSED

2018-03-06 09:54:53 - [MESSAGE][PASSED] - Object 'Object Repository/CuPaDl/Icons/Reposition_icon' is visible

2018-03-06 09:54:53 - [MESSAGE][PASSED] - Current viewport's left (x) position is 0

2018-03-06 09:54:53 - [MESSAGE][PASSED] - Current viewport's top (y) position is 54

2018-03-06 09:54:53 - [MESSAGE][PASSED] - Dragged object with id 'Object Repository/CuPaDl/Icons/Resize_icon_bottomright' by offset distance x = -125 and y = -71 successfully

2018-03-06 09:54:55 - [MESSAGE][PASSED] - Object 'Object Repository/CuPaDl/Loading_indicator' is visible

2018-03-06 09:54:56 - [MESSAGE][PASSED] - Object 'Object Repository/CuPaDl/Loading_indicator' is NOT visible

2018-03-06 09:54:57 - [MESSAGE][PASSED] - Delayed 1 second(s)

2018-03-06 09:54:57 - [MESSAGE][PASSED] - cupakeysDl.iconres.iconresize is PASSED

2018-03-06 09:54:57 - [TEST_STEP][PASSED] - Statement - (step++): null

2018-03-06 09:54:57 - [TEST_STEP][PASSED] - cupakeysDl.slink.svlink: cupakeysDl.slink.svlink is PASSED

2018-03-06 09:54:57 - [MESSAGE][PASSED] - Scroll to object 'Object Repository/CuPaDl/Save/Save' successfully

2018-03-06 09:54:57 - [MESSAGE][PASSED] - Object: 'Object Repository/CuPaDl/Save/Save' is clicked on

2018-03-06 09:54:57 - [MESSAGE][WARNING] - Timeout '0' is invalid. Using default page load timeout: '30'

2018-03-06 09:54:59 - [MESSAGE][PASSED] - Object 'Object Repository/CuPaDl/Save/CopyLink' is visible

2018-03-06 09:54:59 - [MESSAGE][PASSED] - Attribute 'value' of object 'Object Repository/CuPaDl/Save/Link' is: 'https://d16a4dsnr8a0k1.cloudfront.net/en/2455233.html?scupaId=AC0tU2VcPjc/J3o4Q0JM'

2018-03-06 09:54:59 - [MESSAGE][PASSED] - cupakeysDl.slink.svlink is PASSED

2018-03-06 09:54:59 - [TEST_STEP][PASSED] - cupakeysDl.endsession.finishsession: cupakeysDl.endsession.finishsession is PASSED

2018-03-06 09:55:02 - [MESSAGE][PASSED] - Delayed 3 second(s)

2018-03-06 09:55:03 - [MESSAGE][PASSED] - Browser is closed

2018-03-06 09:55:03 - [MESSAGE][PASSED] - cupakeysDl.endsession.finishsession is PASSED]]></system-out>
         <system-err><![CDATA[]]></system-err>
      </testcase>
      <testcase name="Test Cases/CuPaStefanie/16" classname="Test Cases/CuPaStefanie/16" status="PASSED">
         <system-out><![CDATA[2018-03-06 09:55:03 - [TEST_CASE][PASSED] - Test Cases/CuPaStefanie/16: Test Cases/CuPaStefanie/16

2018-03-06 09:55:03 - [TEST_STEP][PASSED] - Statement - timeStamp = new java.text.SimpleDateFormat(dd.MM.yyyy).format(java.util.Calendar.getInstance().getTime()): null

2018-03-06 09:55:03 - [TEST_STEP][PASSED] - Statement - timeStampScreenshot = new java.text.SimpleDateFormat(dd.MM.yyyy).format(java.util.Calendar.getInstance().getTime()): null

2018-03-06 09:55:03 - [TEST_STEP][PASSED] - Statement - iconmap = [:]: null

2018-03-06 09:55:03 - [TEST_STEP][PASSED] - Statement - txtmap = [:]: null

2018-03-06 09:55:03 - [TEST_STEP][PASSED] - Statement - signmap = [:]: null

2018-03-06 09:55:03 - [TEST_STEP][PASSED] - cupakeysDl.initStart.initialStart: cupakeysDl.initStart.initialStart is PASSED

2018-03-06 09:55:05 - [MESSAGE][PASSED] - Browser is opened with url: ''

2018-03-06 09:55:08 - [MESSAGE][PASSED] - Delayed 3 second(s)

2018-03-06 09:55:09 - [MESSAGE][PASSED] - Navigate to 'https://d16a4dsnr8a0k1.cloudfront.net/en/2455233.html?price=150.00%20%E2%82%AC&partName=wilsonPartName&vin=wilsonVin&modelCode=XP11&paint=P0A94&modelDescription=wilsonModelDescription&additionalEquipment=wilsonAdditionalEquipment' successfully

2018-03-06 09:55:09 - [MESSAGE][PASSED] - Object 'Object Repository/CuPaDl/Loading_indicator' is visible

2018-03-06 09:55:17 - [MESSAGE][PASSED] - Object 'Object Repository/CuPaDl/Loading_indicator' is NOT visible

2018-03-06 09:55:18 - [MESSAGE][PASSED] - Delayed 1 second(s)

2018-03-06 09:55:18 - [MESSAGE][PASSED] - cupakeysDl.initStart.initialStart is PASSED

2018-03-06 09:55:18 - [TEST_STEP][PASSED] - Statement - (step++): null

2018-03-06 09:55:18 - [TEST_STEP][PASSED] - cupakeysDl.color.changecolor: cupakeysDl.color.changecolor is PASSED

2018-03-06 09:55:18 - [MESSAGE][PASSED] - Object 'Object Repository/CuPaDl/Color/Color' is visible

2018-03-06 09:55:18 - [MESSAGE][PASSED] - Object: 'Object Repository/CuPaDl/Color/Color' is clicked on

2018-03-06 09:55:19 - [MESSAGE][PASSED] - Delayed 1 second(s)

2018-03-06 09:55:19 - [MESSAGE][PASSED] - Object 'Object Repository/CuPaDl/Color/Color_jetblack' is visible

2018-03-06 09:55:19 - [MESSAGE][PASSED] - Object: 'Object Repository/CuPaDl/Color/Color_jetblack' is clicked on

2018-03-06 09:55:19 - [MESSAGE][WARNING] - Timeout '0' is invalid. Using default page load timeout: '30'

2018-03-06 09:55:19 - [MESSAGE][PASSED] - Object 'Object Repository/CuPaDl/Color/Color_jetblack' is visible

2018-03-06 09:55:20 - [MESSAGE][PASSED] - Delayed 1 second(s)

2018-03-06 09:55:21 - [MESSAGE][PASSED] - Object: 'Object Repository/CuPaDl/Color/Color_jetblack' is clicked on

2018-03-06 09:55:21 - [MESSAGE][PASSED] - Object 'Object Repository/CuPaDl/Loading_indicator' is visible

2018-03-06 09:55:23 - [MESSAGE][PASSED] - Object 'Object Repository/CuPaDl/Loading_indicator' is NOT visible

2018-03-06 09:55:24 - [MESSAGE][PASSED] - Delayed 1 second(s)

2018-03-06 09:55:24 - [MESSAGE][PASSED] - cupakeysDl.color.changecolor is PASSED

2018-03-06 09:55:24 - [TEST_STEP][PASSED] - Statement - (step++): null

2018-03-06 09:55:24 - [TEST_STEP][PASSED] - cupakeysDl.chngstruct.changestructure: cupakeysDl.chngstruct.changestructure is PASSED

2018-03-06 09:55:24 - [MESSAGE][PASSED] - Object: 'Object Repository/CuPaDl/Structure/Structure' is clicked on

2018-03-06 09:55:24 - [MESSAGE][WARNING] - Timeout '0' is invalid. Using default page load timeout: '30'

2018-03-06 09:55:24 - [MESSAGE][PASSED] - Object 'Object Repository/CuPaDl/Structure/Structure_Hahnentritt' is visible

2018-03-06 09:55:26 - [MESSAGE][WARNING] - Object 'Object Repository/CuPaDl/Structure/Structure_ring' is not visible after 2 second(s)

2018-03-06 09:55:26 - [MESSAGE][PASSED] - Object: 'Object Repository/CuPaDl/MenuScroll/ObjectsScrollRight' is clicked on

2018-03-06 09:55:28 - [MESSAGE][PASSED] - Delayed 2 second(s)

2018-03-06 09:55:28 - [MESSAGE][PASSED] - Object: 'Object Repository/CuPaDl/Structure/Structure_ring' is clicked on

2018-03-06 09:55:30 - [MESSAGE][PASSED] - Object 'Object Repository/CuPaDl/Loading_indicator' is visible

2018-03-06 09:55:31 - [MESSAGE][PASSED] - Object 'Object Repository/CuPaDl/Loading_indicator' is NOT visible

2018-03-06 09:55:32 - [MESSAGE][PASSED] - Delayed 1 second(s)

2018-03-06 09:55:32 - [MESSAGE][PASSED] - cupakeysDl.chngstruct.changestructure is PASSED

2018-03-06 09:55:32 - [TEST_STEP][PASSED] - Statement - (step++): null

2018-03-06 09:55:32 - [TEST_STEP][PASSED] - cupakeysDl.sclstruct.scalestructure: cupakeysDl.sclstruct.scalestructure is PASSED

2018-03-06 09:55:35 - [MESSAGE][WARNING] - Object 'Object Repository/CuPaDl/Structure/Resize_Structure_bottomright' is not visible after 3 second(s)

2018-03-06 09:55:35 - [MESSAGE][PASSED] - Object: 'Object Repository/CuPaDl/Structure/Resize_Structure' is clicked on

2018-03-06 09:55:35 - [MESSAGE][WARNING] - Timeout '0' is invalid. Using default page load timeout: '30'

2018-03-06 09:55:35 - [MESSAGE][PASSED] - Object 'Object Repository/CuPaDl/Structure/Resize_Structure_bottomright' is visible

2018-03-06 09:55:36 - [MESSAGE][PASSED] - Delayed 1 second(s)

2018-03-06 09:55:36 - [MESSAGE][PASSED] - Current viewport's left (x) position is 0

2018-03-06 09:55:36 - [MESSAGE][PASSED] - Current viewport's top (y) position is 54

2018-03-06 09:55:36 - [MESSAGE][PASSED] - Dragged object with id 'Object Repository/CuPaDl/Structure/Resize_Structure_bottomright' by offset distance x = 225 and y = 279 successfully

2018-03-06 09:55:38 - [MESSAGE][PASSED] - Object 'Object Repository/CuPaDl/Loading_indicator' is visible

2018-03-06 09:55:39 - [MESSAGE][PASSED] - Object 'Object Repository/CuPaDl/Loading_indicator' is NOT visible

2018-03-06 09:55:40 - [MESSAGE][PASSED] - Delayed 1 second(s)

2018-03-06 09:55:40 - [MESSAGE][PASSED] - cupakeysDl.sclstruct.scalestructure is PASSED

2018-03-06 09:55:40 - [TEST_STEP][PASSED] - Statement - (step++): null

2018-03-06 09:55:40 - [TEST_STEP][PASSED] - Statement - iconmap += CustomKeywords.cupakeysDl.iconad.iconadd("minicooper", LoadTimeCorrector, step, run, device, timeStamp, iconcount): cupakeysDl.iconad.iconadd is PASSED

2018-03-06 09:55:40 - [MESSAGE][PASSED] - Object: 'Object Repository/CuPaDl/Icons/Icon' is clicked on

2018-03-06 09:55:40 - [MESSAGE][PASSED] - Object 'Object Repository/CuPaDl/Icons/Icon_minicooper' is visible

2018-03-06 09:55:40 - [MESSAGE][PASSED] - Object: 'Object Repository/CuPaDl/Icons/Icon_minicooper' is clicked on

2018-03-06 09:55:41 - [MESSAGE][PASSED] - Delayed 1 second(s)

2018-03-06 09:55:42 - [MESSAGE][PASSED] - Object 'Object Repository/CuPaDl/Loading_indicator' is visible

2018-03-06 09:55:43 - [MESSAGE][PASSED] - Object 'Object Repository/CuPaDl/Loading_indicator' is NOT visible

2018-03-06 09:55:43 - [MESSAGE][WARNING] - Timeout '0' is invalid. Using default page load timeout: '30'

2018-03-06 09:55:43 - [MESSAGE][PASSED] - Width of element 'Object Repository/CuPaDl/Icons/Reposition_icon' is '40'

2018-03-06 09:55:43 - [MESSAGE][PASSED] - Height of element 'Object Repository/CuPaDl/Icons/Reposition_icon' is '40'.

2018-03-06 09:55:44 - [MESSAGE][PASSED] - Delayed 1 second(s)

2018-03-06 09:55:44 - [MESSAGE][PASSED] - cupakeysDl.iconad.iconadd is PASSED

2018-03-06 09:55:44 - [TEST_STEP][PASSED] - Statement - (step++): null

2018-03-06 09:55:44 - [TEST_STEP][PASSED] - Statement - (iconcount++): null

2018-03-06 09:55:44 - [TEST_STEP][PASSED] - cupakeysDl.iconres.iconresize: cupakeysDl.iconres.iconresize is PASSED

2018-03-06 09:55:44 - [MESSAGE][PASSED] - Object 'Object Repository/CuPaDl/Icons/Reposition_icon' is visible

2018-03-06 09:55:44 - [MESSAGE][PASSED] - Current viewport's left (x) position is 0

2018-03-06 09:55:44 - [MESSAGE][PASSED] - Current viewport's top (y) position is 54

2018-03-06 09:55:44 - [MESSAGE][PASSED] - Dragged object with id 'Object Repository/CuPaDl/Icons/Resize_icon_bottomright' by offset distance x = 125 and y = 179 successfully

2018-03-06 09:55:45 - [MESSAGE][PASSED] - Object 'Object Repository/CuPaDl/Loading_indicator' is visible

2018-03-06 09:55:47 - [MESSAGE][PASSED] - Object 'Object Repository/CuPaDl/Loading_indicator' is NOT visible

2018-03-06 09:55:48 - [MESSAGE][PASSED] - Delayed 1 second(s)

2018-03-06 09:55:48 - [MESSAGE][PASSED] - cupakeysDl.iconres.iconresize is PASSED

2018-03-06 09:55:48 - [TEST_STEP][PASSED] - Statement - (step++): null

2018-03-06 09:55:48 - [TEST_STEP][PASSED] - cupakeysDl.slink.svlink: cupakeysDl.slink.svlink is PASSED

2018-03-06 09:55:48 - [MESSAGE][PASSED] - Scroll to object 'Object Repository/CuPaDl/Save/Save' successfully

2018-03-06 09:55:48 - [MESSAGE][PASSED] - Object: 'Object Repository/CuPaDl/Save/Save' is clicked on

2018-03-06 09:55:48 - [MESSAGE][WARNING] - Timeout '0' is invalid. Using default page load timeout: '30'

2018-03-06 09:55:49 - [MESSAGE][PASSED] - Object 'Object Repository/CuPaDl/Save/CopyLink' is visible

2018-03-06 09:55:49 - [MESSAGE][PASSED] - Attribute 'value' of object 'Object Repository/CuPaDl/Save/Link' is: 'https://d16a4dsnr8a0k1.cloudfront.net/en/2455233.html?scupaId=CDE7VmNbIj8mV3o4Q0JM'

2018-03-06 09:55:49 - [MESSAGE][PASSED] - cupakeysDl.slink.svlink is PASSED

2018-03-06 09:55:49 - [TEST_STEP][PASSED] - cupakeysDl.endsession.finishsession: cupakeysDl.endsession.finishsession is PASSED

2018-03-06 09:55:52 - [MESSAGE][PASSED] - Delayed 3 second(s)

2018-03-06 09:55:53 - [MESSAGE][PASSED] - Browser is closed

2018-03-06 09:55:53 - [MESSAGE][PASSED] - cupakeysDl.endsession.finishsession is PASSED]]></system-out>
         <system-err><![CDATA[]]></system-err>
      </testcase>
      <testcase name="Test Cases/CuPaStefanie/17" classname="Test Cases/CuPaStefanie/17" status="PASSED">
         <system-out><![CDATA[2018-03-06 09:55:53 - [TEST_CASE][PASSED] - Test Cases/CuPaStefanie/17: Test Cases/CuPaStefanie/17

2018-03-06 09:55:53 - [TEST_STEP][PASSED] - Statement - timeStamp = new java.text.SimpleDateFormat(dd.MM.yyyy).format(java.util.Calendar.getInstance().getTime()): null

2018-03-06 09:55:53 - [TEST_STEP][PASSED] - Statement - timeStampScreenshot = new java.text.SimpleDateFormat(dd.MM.yyyy).format(java.util.Calendar.getInstance().getTime()): null

2018-03-06 09:55:53 - [TEST_STEP][PASSED] - Statement - iconmap = [:]: null

2018-03-06 09:55:53 - [TEST_STEP][PASSED] - Statement - txtmap = [:]: null

2018-03-06 09:55:53 - [TEST_STEP][PASSED] - Statement - signmap = [:]: null

2018-03-06 09:55:53 - [TEST_STEP][PASSED] - cupakeysDl.initStart.initialStart: cupakeysDl.initStart.initialStart is PASSED

2018-03-06 09:55:55 - [MESSAGE][PASSED] - Browser is opened with url: ''

2018-03-06 09:55:58 - [MESSAGE][PASSED] - Delayed 3 second(s)

2018-03-06 09:56:00 - [MESSAGE][PASSED] - Navigate to 'https://d16a4dsnr8a0k1.cloudfront.net/en/2455233.html?price=150.00%20%E2%82%AC&partName=wilsonPartName&vin=wilsonVin&modelCode=XP11&paint=P0A94&modelDescription=wilsonModelDescription&additionalEquipment=wilsonAdditionalEquipment' successfully

2018-03-06 09:56:00 - [MESSAGE][PASSED] - Object 'Object Repository/CuPaDl/Loading_indicator' is visible

2018-03-06 09:56:07 - [MESSAGE][PASSED] - Object 'Object Repository/CuPaDl/Loading_indicator' is NOT visible

2018-03-06 09:56:08 - [MESSAGE][PASSED] - Delayed 1 second(s)

2018-03-06 09:56:08 - [MESSAGE][PASSED] - cupakeysDl.initStart.initialStart is PASSED

2018-03-06 09:56:08 - [TEST_STEP][PASSED] - Statement - (step++): null

2018-03-06 09:56:08 - [TEST_STEP][PASSED] - cupakeysDl.color.changecolor: cupakeysDl.color.changecolor is PASSED

2018-03-06 09:56:08 - [MESSAGE][PASSED] - Object 'Object Repository/CuPaDl/Color/Color' is visible

2018-03-06 09:56:08 - [MESSAGE][PASSED] - Object: 'Object Repository/CuPaDl/Color/Color' is clicked on

2018-03-06 09:56:09 - [MESSAGE][PASSED] - Delayed 1 second(s)

2018-03-06 09:56:09 - [MESSAGE][PASSED] - Object 'Object Repository/CuPaDl/Color/Color_moonwalkgrey' is visible

2018-03-06 09:56:09 - [MESSAGE][PASSED] - Object: 'Object Repository/CuPaDl/Color/Color_moonwalkgrey' is clicked on

2018-03-06 09:56:09 - [MESSAGE][WARNING] - Timeout '0' is invalid. Using default page load timeout: '30'

2018-03-06 09:56:09 - [MESSAGE][PASSED] - Object 'Object Repository/CuPaDl/Color/Color_moonwalkgrey' is visible

2018-03-06 09:56:10 - [MESSAGE][PASSED] - Delayed 1 second(s)

2018-03-06 09:56:11 - [MESSAGE][PASSED] - Object: 'Object Repository/CuPaDl/Color/Color_moonwalkgrey' is clicked on

2018-03-06 09:56:11 - [MESSAGE][PASSED] - Object 'Object Repository/CuPaDl/Loading_indicator' is visible

2018-03-06 09:56:13 - [MESSAGE][PASSED] - Object 'Object Repository/CuPaDl/Loading_indicator' is NOT visible

2018-03-06 09:56:14 - [MESSAGE][PASSED] - Delayed 1 second(s)

2018-03-06 09:56:14 - [MESSAGE][PASSED] - cupakeysDl.color.changecolor is PASSED

2018-03-06 09:56:14 - [TEST_STEP][PASSED] - Statement - (step++): null

2018-03-06 09:56:14 - [TEST_STEP][PASSED] - cupakeysDl.chngstruct.changestructure: cupakeysDl.chngstruct.changestructure is PASSED

2018-03-06 09:56:14 - [MESSAGE][PASSED] - Object: 'Object Repository/CuPaDl/Structure/Structure' is clicked on

2018-03-06 09:56:14 - [MESSAGE][WARNING] - Timeout '0' is invalid. Using default page load timeout: '30'

2018-03-06 09:56:14 - [MESSAGE][PASSED] - Object 'Object Repository/CuPaDl/Structure/Structure_Hahnentritt' is visible

2018-03-06 09:56:14 - [MESSAGE][PASSED] - Object 'Object Repository/CuPaDl/Structure/Structure_fadedots' is visible

2018-03-06 09:56:14 - [MESSAGE][PASSED] - Object: 'Object Repository/CuPaDl/Structure/Structure_fadedots' is clicked on

2018-03-06 09:56:15 - [MESSAGE][PASSED] - Object 'Object Repository/CuPaDl/Loading_indicator' is visible

2018-03-06 09:56:19 - [MESSAGE][PASSED] - Object 'Object Repository/CuPaDl/Loading_indicator' is NOT visible

2018-03-06 09:56:20 - [MESSAGE][PASSED] - Delayed 1 second(s)

2018-03-06 09:56:20 - [MESSAGE][PASSED] - cupakeysDl.chngstruct.changestructure is PASSED

2018-03-06 09:56:20 - [TEST_STEP][PASSED] - Statement - (step++): null

2018-03-06 09:56:20 - [TEST_STEP][PASSED] - cupakeysDl.sclstruct.scalestructure: cupakeysDl.sclstruct.scalestructure is PASSED

2018-03-06 09:56:23 - [MESSAGE][WARNING] - Object 'Object Repository/CuPaDl/Structure/Resize_Structure_bottomright' is not visible after 3 second(s)

2018-03-06 09:56:23 - [MESSAGE][PASSED] - Object: 'Object Repository/CuPaDl/Structure/Resize_Structure' is clicked on

2018-03-06 09:56:23 - [MESSAGE][WARNING] - Timeout '0' is invalid. Using default page load timeout: '30'

2018-03-06 09:56:23 - [MESSAGE][PASSED] - Object 'Object Repository/CuPaDl/Structure/Resize_Structure_bottomright' is visible

2018-03-06 09:56:24 - [MESSAGE][PASSED] - Delayed 1 second(s)

2018-03-06 09:56:24 - [MESSAGE][PASSED] - Current viewport's left (x) position is 0

2018-03-06 09:56:24 - [MESSAGE][PASSED] - Current viewport's top (y) position is 54

2018-03-06 09:56:24 - [MESSAGE][PASSED] - Dragged object with id 'Object Repository/CuPaDl/Structure/Resize_Structure_bottomright' by offset distance x = -225 and y = -171 successfully

2018-03-06 09:56:25 - [MESSAGE][PASSED] - Object 'Object Repository/CuPaDl/Loading_indicator' is visible

2018-03-06 09:56:29 - [MESSAGE][PASSED] - Object 'Object Repository/CuPaDl/Loading_indicator' is NOT visible

2018-03-06 09:56:30 - [MESSAGE][PASSED] - Delayed 1 second(s)

2018-03-06 09:56:30 - [MESSAGE][PASSED] - cupakeysDl.sclstruct.scalestructure is PASSED

2018-03-06 09:56:30 - [TEST_STEP][PASSED] - Statement - (step++): null

2018-03-06 09:56:30 - [TEST_STEP][PASSED] - Statement - iconmap += CustomKeywords.cupakeysDl.iconad.iconadd("laurelwreath", LoadTimeCorrector, step, run, device, timeStamp, iconcount): cupakeysDl.iconad.iconadd is PASSED

2018-03-06 09:56:30 - [MESSAGE][PASSED] - Object: 'Object Repository/CuPaDl/Icons/Icon' is clicked on

2018-03-06 09:56:30 - [MESSAGE][PASSED] - Object 'Object Repository/CuPaDl/Icons/Icon_laurelwreath' is visible

2018-03-06 09:56:30 - [MESSAGE][PASSED] - Object: 'Object Repository/CuPaDl/Icons/Icon_laurelwreath' is clicked on

2018-03-06 09:56:31 - [MESSAGE][PASSED] - Delayed 1 second(s)

2018-03-06 09:56:31 - [MESSAGE][PASSED] - Object 'Object Repository/CuPaDl/Loading_indicator' is visible

2018-03-06 09:56:35 - [MESSAGE][PASSED] - Object 'Object Repository/CuPaDl/Loading_indicator' is NOT visible

2018-03-06 09:56:35 - [MESSAGE][WARNING] - Timeout '0' is invalid. Using default page load timeout: '30'

2018-03-06 09:56:35 - [MESSAGE][PASSED] - Width of element 'Object Repository/CuPaDl/Icons/Reposition_icon' is '40'

2018-03-06 09:56:35 - [MESSAGE][PASSED] - Height of element 'Object Repository/CuPaDl/Icons/Reposition_icon' is '40'.

2018-03-06 09:56:36 - [MESSAGE][PASSED] - Delayed 1 second(s)

2018-03-06 09:56:36 - [MESSAGE][PASSED] - cupakeysDl.iconad.iconadd is PASSED

2018-03-06 09:56:36 - [TEST_STEP][PASSED] - Statement - (step++): null

2018-03-06 09:56:36 - [TEST_STEP][PASSED] - Statement - (iconcount++): null

2018-03-06 09:56:36 - [TEST_STEP][PASSED] - cupakeysDl.iconres.iconresize: cupakeysDl.iconres.iconresize is PASSED

2018-03-06 09:56:36 - [MESSAGE][PASSED] - Object 'Object Repository/CuPaDl/Icons/Reposition_icon' is visible

2018-03-06 09:56:36 - [MESSAGE][PASSED] - Current viewport's left (x) position is 0

2018-03-06 09:56:36 - [MESSAGE][PASSED] - Current viewport's top (y) position is 54

2018-03-06 09:56:36 - [MESSAGE][PASSED] - Dragged object with id 'Object Repository/CuPaDl/Icons/Resize_icon_bottomright' by offset distance x = -125 and y = -71 successfully

2018-03-06 09:56:37 - [MESSAGE][PASSED] - Object 'Object Repository/CuPaDl/Loading_indicator' is visible

2018-03-06 09:56:41 - [MESSAGE][PASSED] - Object 'Object Repository/CuPaDl/Loading_indicator' is NOT visible

2018-03-06 09:56:42 - [MESSAGE][PASSED] - Delayed 1 second(s)

2018-03-06 09:56:42 - [MESSAGE][PASSED] - cupakeysDl.iconres.iconresize is PASSED

2018-03-06 09:56:42 - [TEST_STEP][PASSED] - Statement - (step++): null

2018-03-06 09:56:42 - [TEST_STEP][PASSED] - cupakeysDl.slink.svlink: cupakeysDl.slink.svlink is PASSED

2018-03-06 09:56:42 - [MESSAGE][PASSED] - Scroll to object 'Object Repository/CuPaDl/Save/Save' successfully

2018-03-06 09:56:43 - [MESSAGE][PASSED] - Object: 'Object Repository/CuPaDl/Save/Save' is clicked on

2018-03-06 09:56:43 - [MESSAGE][WARNING] - Timeout '0' is invalid. Using default page load timeout: '30'

2018-03-06 09:56:44 - [MESSAGE][PASSED] - Object 'Object Repository/CuPaDl/Save/CopyLink' is visible

2018-03-06 09:56:44 - [MESSAGE][PASSED] - Attribute 'value' of object 'Object Repository/CuPaDl/Save/Link' is: 'https://d16a4dsnr8a0k1.cloudfront.net/en/2455233.html?scupaId=ClNZLmglPyslL3o6N0NF'

2018-03-06 09:56:44 - [MESSAGE][PASSED] - cupakeysDl.slink.svlink is PASSED

2018-03-06 09:56:44 - [TEST_STEP][PASSED] - cupakeysDl.endsession.finishsession: cupakeysDl.endsession.finishsession is PASSED

2018-03-06 09:56:47 - [MESSAGE][PASSED] - Delayed 3 second(s)

2018-03-06 09:56:47 - [MESSAGE][PASSED] - Browser is closed

2018-03-06 09:56:47 - [MESSAGE][PASSED] - cupakeysDl.endsession.finishsession is PASSED]]></system-out>
         <system-err><![CDATA[]]></system-err>
      </testcase>
      <testcase name="Test Cases/CuPaStefanie/18" classname="Test Cases/CuPaStefanie/18" status="PASSED">
         <system-out><![CDATA[2018-03-06 09:56:47 - [TEST_CASE][PASSED] - Test Cases/CuPaStefanie/18: Test Cases/CuPaStefanie/18

2018-03-06 09:56:48 - [TEST_STEP][PASSED] - Statement - timeStamp = new java.text.SimpleDateFormat(dd.MM.yyyy).format(java.util.Calendar.getInstance().getTime()): null

2018-03-06 09:56:48 - [TEST_STEP][PASSED] - Statement - timeStampScreenshot = new java.text.SimpleDateFormat(dd.MM.yyyy).format(java.util.Calendar.getInstance().getTime()): null

2018-03-06 09:56:48 - [TEST_STEP][PASSED] - Statement - iconmap = [:]: null

2018-03-06 09:56:48 - [TEST_STEP][PASSED] - Statement - txtmap = [:]: null

2018-03-06 09:56:48 - [TEST_STEP][PASSED] - Statement - signmap = [:]: null

2018-03-06 09:56:48 - [TEST_STEP][PASSED] - cupakeysDl.initStart.initialStart: cupakeysDl.initStart.initialStart is PASSED

2018-03-06 09:56:49 - [MESSAGE][PASSED] - Browser is opened with url: ''

2018-03-06 09:56:52 - [MESSAGE][PASSED] - Delayed 3 second(s)

2018-03-06 09:56:54 - [MESSAGE][PASSED] - Navigate to 'https://d16a4dsnr8a0k1.cloudfront.net/en/2455233.html?price=150.00%20%E2%82%AC&partName=wilsonPartName&vin=wilsonVin&modelCode=XP11&paint=P0A94&modelDescription=wilsonModelDescription&additionalEquipment=wilsonAdditionalEquipment' successfully

2018-03-06 09:56:54 - [MESSAGE][PASSED] - Object 'Object Repository/CuPaDl/Loading_indicator' is visible

2018-03-06 09:57:01 - [MESSAGE][PASSED] - Object 'Object Repository/CuPaDl/Loading_indicator' is NOT visible

2018-03-06 09:57:02 - [MESSAGE][PASSED] - Delayed 1 second(s)

2018-03-06 09:57:02 - [MESSAGE][PASSED] - cupakeysDl.initStart.initialStart is PASSED

2018-03-06 09:57:02 - [TEST_STEP][PASSED] - Statement - (step++): null

2018-03-06 09:57:02 - [TEST_STEP][PASSED] - cupakeysDl.color.changecolor: cupakeysDl.color.changecolor is PASSED

2018-03-06 09:57:02 - [MESSAGE][PASSED] - Object 'Object Repository/CuPaDl/Color/Color' is visible

2018-03-06 09:57:02 - [MESSAGE][PASSED] - Object: 'Object Repository/CuPaDl/Color/Color' is clicked on

2018-03-06 09:57:03 - [MESSAGE][PASSED] - Delayed 1 second(s)

2018-03-06 09:57:03 - [MESSAGE][PASSED] - Object 'Object Repository/CuPaDl/Color/Color_moonwalkgrey' is visible

2018-03-06 09:57:04 - [MESSAGE][PASSED] - Object: 'Object Repository/CuPaDl/Color/Color_moonwalkgrey' is clicked on

2018-03-06 09:57:04 - [MESSAGE][WARNING] - Timeout '0' is invalid. Using default page load timeout: '30'

2018-03-06 09:57:04 - [MESSAGE][PASSED] - Object 'Object Repository/CuPaDl/Color/Color_moonwalkgrey' is visible

2018-03-06 09:57:05 - [MESSAGE][PASSED] - Delayed 1 second(s)

2018-03-06 09:57:05 - [MESSAGE][PASSED] - Object: 'Object Repository/CuPaDl/Color/Color_moonwalkgrey' is clicked on

2018-03-06 09:57:05 - [MESSAGE][PASSED] - Object 'Object Repository/CuPaDl/Loading_indicator' is visible

2018-03-06 09:57:07 - [MESSAGE][PASSED] - Object 'Object Repository/CuPaDl/Loading_indicator' is NOT visible

2018-03-06 09:57:08 - [MESSAGE][PASSED] - Delayed 1 second(s)

2018-03-06 09:57:08 - [MESSAGE][PASSED] - cupakeysDl.color.changecolor is PASSED

2018-03-06 09:57:08 - [TEST_STEP][PASSED] - Statement - (step++): null

2018-03-06 09:57:08 - [TEST_STEP][PASSED] - cupakeysDl.chngstruct.changestructure: cupakeysDl.chngstruct.changestructure is PASSED

2018-03-06 09:57:08 - [MESSAGE][PASSED] - Object: 'Object Repository/CuPaDl/Structure/Structure' is clicked on

2018-03-06 09:57:08 - [MESSAGE][WARNING] - Timeout '0' is invalid. Using default page load timeout: '30'

2018-03-06 09:57:08 - [MESSAGE][PASSED] - Object 'Object Repository/CuPaDl/Structure/Structure_Hahnentritt' is visible

2018-03-06 09:57:08 - [MESSAGE][PASSED] - Object 'Object Repository/CuPaDl/Structure/Structure_fadedots' is visible

2018-03-06 09:57:08 - [MESSAGE][PASSED] - Object: 'Object Repository/CuPaDl/Structure/Structure_fadedots' is clicked on

2018-03-06 09:57:09 - [MESSAGE][PASSED] - Object 'Object Repository/CuPaDl/Loading_indicator' is visible

2018-03-06 09:57:14 - [MESSAGE][PASSED] - Object 'Object Repository/CuPaDl/Loading_indicator' is NOT visible

2018-03-06 09:57:15 - [MESSAGE][PASSED] - Delayed 1 second(s)

2018-03-06 09:57:15 - [MESSAGE][PASSED] - cupakeysDl.chngstruct.changestructure is PASSED

2018-03-06 09:57:15 - [TEST_STEP][PASSED] - Statement - (step++): null

2018-03-06 09:57:15 - [TEST_STEP][PASSED] - cupakeysDl.sclstruct.scalestructure: cupakeysDl.sclstruct.scalestructure is PASSED

2018-03-06 09:57:18 - [MESSAGE][WARNING] - Object 'Object Repository/CuPaDl/Structure/Resize_Structure_bottomright' is not visible after 3 second(s)

2018-03-06 09:57:18 - [MESSAGE][PASSED] - Object: 'Object Repository/CuPaDl/Structure/Resize_Structure' is clicked on

2018-03-06 09:57:18 - [MESSAGE][WARNING] - Timeout '0' is invalid. Using default page load timeout: '30'

2018-03-06 09:57:18 - [MESSAGE][PASSED] - Object 'Object Repository/CuPaDl/Structure/Resize_Structure_bottomright' is visible

2018-03-06 09:57:19 - [MESSAGE][PASSED] - Delayed 1 second(s)

2018-03-06 09:57:19 - [MESSAGE][PASSED] - Current viewport's left (x) position is 0

2018-03-06 09:57:19 - [MESSAGE][PASSED] - Current viewport's top (y) position is 54

2018-03-06 09:57:19 - [MESSAGE][PASSED] - Dragged object with id 'Object Repository/CuPaDl/Structure/Resize_Structure_bottomright' by offset distance x = 225 and y = 279 successfully

2018-03-06 09:57:20 - [MESSAGE][PASSED] - Object 'Object Repository/CuPaDl/Loading_indicator' is visible

2018-03-06 09:57:23 - [MESSAGE][PASSED] - Object 'Object Repository/CuPaDl/Loading_indicator' is NOT visible

2018-03-06 09:57:24 - [MESSAGE][PASSED] - Delayed 1 second(s)

2018-03-06 09:57:24 - [MESSAGE][PASSED] - cupakeysDl.sclstruct.scalestructure is PASSED

2018-03-06 09:57:24 - [TEST_STEP][PASSED] - Statement - (step++): null

2018-03-06 09:57:24 - [TEST_STEP][PASSED] - Statement - iconmap += CustomKeywords.cupakeysDl.iconad.iconadd("laurelwreath", LoadTimeCorrector, step, run, device, timeStamp, iconcount): cupakeysDl.iconad.iconadd is PASSED

2018-03-06 09:57:24 - [MESSAGE][PASSED] - Object: 'Object Repository/CuPaDl/Icons/Icon' is clicked on

2018-03-06 09:57:24 - [MESSAGE][PASSED] - Object 'Object Repository/CuPaDl/Icons/Icon_laurelwreath' is visible

2018-03-06 09:57:24 - [MESSAGE][PASSED] - Object: 'Object Repository/CuPaDl/Icons/Icon_laurelwreath' is clicked on

2018-03-06 09:57:25 - [MESSAGE][PASSED] - Delayed 1 second(s)

2018-03-06 09:57:25 - [MESSAGE][PASSED] - Object 'Object Repository/CuPaDl/Loading_indicator' is visible

2018-03-06 09:57:29 - [MESSAGE][PASSED] - Object 'Object Repository/CuPaDl/Loading_indicator' is NOT visible

2018-03-06 09:57:29 - [MESSAGE][WARNING] - Timeout '0' is invalid. Using default page load timeout: '30'

2018-03-06 09:57:29 - [MESSAGE][PASSED] - Width of element 'Object Repository/CuPaDl/Icons/Reposition_icon' is '40'

2018-03-06 09:57:29 - [MESSAGE][PASSED] - Height of element 'Object Repository/CuPaDl/Icons/Reposition_icon' is '40'.

2018-03-06 09:57:30 - [MESSAGE][PASSED] - Delayed 1 second(s)

2018-03-06 09:57:30 - [MESSAGE][PASSED] - cupakeysDl.iconad.iconadd is PASSED

2018-03-06 09:57:30 - [TEST_STEP][PASSED] - Statement - (step++): null

2018-03-06 09:57:30 - [TEST_STEP][PASSED] - Statement - (iconcount++): null

2018-03-06 09:57:30 - [TEST_STEP][PASSED] - cupakeysDl.iconres.iconresize: cupakeysDl.iconres.iconresize is PASSED

2018-03-06 09:57:30 - [MESSAGE][PASSED] - Object 'Object Repository/CuPaDl/Icons/Reposition_icon' is visible

2018-03-06 09:57:30 - [MESSAGE][PASSED] - Current viewport's left (x) position is 0

2018-03-06 09:57:30 - [MESSAGE][PASSED] - Current viewport's top (y) position is 54

2018-03-06 09:57:30 - [MESSAGE][PASSED] - Dragged object with id 'Object Repository/CuPaDl/Icons/Resize_icon_bottomright' by offset distance x = 125 and y = 179 successfully

2018-03-06 09:57:31 - [MESSAGE][PASSED] - Object 'Object Repository/CuPaDl/Loading_indicator' is visible

2018-03-06 09:57:34 - [MESSAGE][PASSED] - Object 'Object Repository/CuPaDl/Loading_indicator' is NOT visible

2018-03-06 09:57:35 - [MESSAGE][PASSED] - Delayed 1 second(s)

2018-03-06 09:57:35 - [MESSAGE][PASSED] - cupakeysDl.iconres.iconresize is PASSED

2018-03-06 09:57:35 - [TEST_STEP][PASSED] - Statement - (step++): null

2018-03-06 09:57:35 - [TEST_STEP][PASSED] - cupakeysDl.slink.svlink: cupakeysDl.slink.svlink is PASSED

2018-03-06 09:57:35 - [MESSAGE][PASSED] - Scroll to object 'Object Repository/CuPaDl/Save/Save' successfully

2018-03-06 09:57:35 - [MESSAGE][PASSED] - Object: 'Object Repository/CuPaDl/Save/Save' is clicked on

2018-03-06 09:57:35 - [MESSAGE][WARNING] - Timeout '0' is invalid. Using default page load timeout: '30'

2018-03-06 09:57:37 - [MESSAGE][PASSED] - Object 'Object Repository/CuPaDl/Save/CopyLink' is visible

2018-03-06 09:57:37 - [MESSAGE][PASSED] - Attribute 'value' of object 'Object Repository/CuPaDl/Save/Link' is: 'https://d16a4dsnr8a0k1.cloudfront.net/en/2455233.html?scupaId=DFc2VGQhIzRWKHo6N0NF'

2018-03-06 09:57:37 - [MESSAGE][PASSED] - cupakeysDl.slink.svlink is PASSED

2018-03-06 09:57:37 - [TEST_STEP][PASSED] - cupakeysDl.endsession.finishsession: cupakeysDl.endsession.finishsession is PASSED

2018-03-06 09:57:40 - [MESSAGE][PASSED] - Delayed 3 second(s)

2018-03-06 09:57:40 - [MESSAGE][PASSED] - Browser is closed

2018-03-06 09:57:40 - [MESSAGE][PASSED] - cupakeysDl.endsession.finishsession is PASSED]]></system-out>
         <system-err><![CDATA[]]></system-err>
      </testcase>
      <testcase name="Test Cases/CuPaStefanie/19" classname="Test Cases/CuPaStefanie/19" status="PASSED">
         <system-out><![CDATA[2018-03-06 09:57:40 - [TEST_CASE][PASSED] - Test Cases/CuPaStefanie/19: Test Cases/CuPaStefanie/19

2018-03-06 09:57:41 - [TEST_STEP][PASSED] - Statement - timeStamp = new java.text.SimpleDateFormat(dd.MM.yyyy).format(java.util.Calendar.getInstance().getTime()): null

2018-03-06 09:57:41 - [TEST_STEP][PASSED] - Statement - timeStampScreenshot = new java.text.SimpleDateFormat(dd.MM.yyyy).format(java.util.Calendar.getInstance().getTime()): null

2018-03-06 09:57:41 - [TEST_STEP][PASSED] - Statement - iconmap = [:]: null

2018-03-06 09:57:41 - [TEST_STEP][PASSED] - Statement - txtmap = [:]: null

2018-03-06 09:57:41 - [TEST_STEP][PASSED] - Statement - signmap = [:]: null

2018-03-06 09:57:41 - [TEST_STEP][PASSED] - cupakeysDl.initStart.initialStart: cupakeysDl.initStart.initialStart is PASSED

2018-03-06 09:57:43 - [MESSAGE][PASSED] - Browser is opened with url: ''

2018-03-06 09:57:46 - [MESSAGE][PASSED] - Delayed 3 second(s)

2018-03-06 09:57:47 - [MESSAGE][PASSED] - Navigate to 'https://d16a4dsnr8a0k1.cloudfront.net/en/2455233.html?price=150.00%20%E2%82%AC&partName=wilsonPartName&vin=wilsonVin&modelCode=XP11&paint=P0A94&modelDescription=wilsonModelDescription&additionalEquipment=wilsonAdditionalEquipment' successfully

2018-03-06 09:57:47 - [MESSAGE][PASSED] - Object 'Object Repository/CuPaDl/Loading_indicator' is visible

2018-03-06 09:57:54 - [MESSAGE][PASSED] - Object 'Object Repository/CuPaDl/Loading_indicator' is NOT visible

2018-03-06 09:57:55 - [MESSAGE][PASSED] - Delayed 1 second(s)

2018-03-06 09:57:55 - [MESSAGE][PASSED] - cupakeysDl.initStart.initialStart is PASSED

2018-03-06 09:57:55 - [TEST_STEP][PASSED] - Statement - (step++): null

2018-03-06 09:57:55 - [TEST_STEP][PASSED] - cupakeysDl.color.changecolor: cupakeysDl.color.changecolor is PASSED

2018-03-06 09:57:55 - [MESSAGE][PASSED] - Object 'Object Repository/CuPaDl/Color/Color' is visible

2018-03-06 09:57:55 - [MESSAGE][PASSED] - Object: 'Object Repository/CuPaDl/Color/Color' is clicked on

2018-03-06 09:57:56 - [MESSAGE][PASSED] - Delayed 1 second(s)

2018-03-06 09:57:57 - [MESSAGE][PASSED] - Object 'Object Repository/CuPaDl/Color/Color_thundergrey' is visible

2018-03-06 09:57:57 - [MESSAGE][PASSED] - Object: 'Object Repository/CuPaDl/Color/Color_thundergrey' is clicked on

2018-03-06 09:57:57 - [MESSAGE][WARNING] - Timeout '0' is invalid. Using default page load timeout: '30'

2018-03-06 09:57:57 - [MESSAGE][PASSED] - Object 'Object Repository/CuPaDl/Color/Color_thundergrey' is visible

2018-03-06 09:57:58 - [MESSAGE][PASSED] - Delayed 1 second(s)

2018-03-06 09:57:58 - [MESSAGE][PASSED] - Object: 'Object Repository/CuPaDl/Color/Color_thundergrey' is clicked on

2018-03-06 09:57:58 - [MESSAGE][PASSED] - Object 'Object Repository/CuPaDl/Loading_indicator' is visible

2018-03-06 09:58:00 - [MESSAGE][PASSED] - Object 'Object Repository/CuPaDl/Loading_indicator' is NOT visible

2018-03-06 09:58:01 - [MESSAGE][PASSED] - Delayed 1 second(s)

2018-03-06 09:58:01 - [MESSAGE][PASSED] - cupakeysDl.color.changecolor is PASSED

2018-03-06 09:58:01 - [TEST_STEP][PASSED] - Statement - (step++): null

2018-03-06 09:58:01 - [TEST_STEP][PASSED] - cupakeysDl.chngstruct.changestructure: cupakeysDl.chngstruct.changestructure is PASSED

2018-03-06 09:58:02 - [MESSAGE][PASSED] - Object: 'Object Repository/CuPaDl/Structure/Structure' is clicked on

2018-03-06 09:58:02 - [MESSAGE][WARNING] - Timeout '0' is invalid. Using default page load timeout: '30'

2018-03-06 09:58:02 - [MESSAGE][PASSED] - Object 'Object Repository/CuPaDl/Structure/Structure_Hahnentritt' is visible

2018-03-06 09:58:02 - [MESSAGE][PASSED] - Object 'Object Repository/CuPaDl/Structure/Structure_fadehahnentritt' is visible

2018-03-06 09:58:02 - [MESSAGE][PASSED] - Object: 'Object Repository/CuPaDl/Structure/Structure_fadehahnentritt' is clicked on

2018-03-06 09:58:04 - [MESSAGE][PASSED] - Object 'Object Repository/CuPaDl/Loading_indicator' is visible

2018-03-06 09:58:05 - [MESSAGE][PASSED] - Object 'Object Repository/CuPaDl/Loading_indicator' is NOT visible

2018-03-06 09:58:06 - [MESSAGE][PASSED] - Delayed 1 second(s)

2018-03-06 09:58:06 - [MESSAGE][PASSED] - cupakeysDl.chngstruct.changestructure is PASSED

2018-03-06 09:58:06 - [TEST_STEP][PASSED] - Statement - (step++): null

2018-03-06 09:58:06 - [TEST_STEP][PASSED] - cupakeysDl.sclstruct.scalestructure: cupakeysDl.sclstruct.scalestructure is PASSED

2018-03-06 09:58:09 - [MESSAGE][WARNING] - Object 'Object Repository/CuPaDl/Structure/Resize_Structure_bottomright' is not visible after 3 second(s)

2018-03-06 09:58:09 - [MESSAGE][PASSED] - Object: 'Object Repository/CuPaDl/Structure/Resize_Structure' is clicked on

2018-03-06 09:58:09 - [MESSAGE][WARNING] - Timeout '0' is invalid. Using default page load timeout: '30'

2018-03-06 09:58:09 - [MESSAGE][PASSED] - Object 'Object Repository/CuPaDl/Structure/Resize_Structure_bottomright' is visible

2018-03-06 09:58:10 - [MESSAGE][PASSED] - Delayed 1 second(s)

2018-03-06 09:58:10 - [MESSAGE][PASSED] - Current viewport's left (x) position is 0

2018-03-06 09:58:10 - [MESSAGE][PASSED] - Current viewport's top (y) position is 54

2018-03-06 09:58:10 - [MESSAGE][PASSED] - Dragged object with id 'Object Repository/CuPaDl/Structure/Resize_Structure_bottomright' by offset distance x = -225 and y = -171 successfully

2018-03-06 09:58:12 - [MESSAGE][PASSED] - Object 'Object Repository/CuPaDl/Loading_indicator' is visible

2018-03-06 09:58:13 - [MESSAGE][PASSED] - Object 'Object Repository/CuPaDl/Loading_indicator' is NOT visible

2018-03-06 09:58:14 - [MESSAGE][PASSED] - Delayed 1 second(s)

2018-03-06 09:58:14 - [MESSAGE][PASSED] - cupakeysDl.sclstruct.scalestructure is PASSED

2018-03-06 09:58:14 - [TEST_STEP][PASSED] - Statement - (step++): null

2018-03-06 09:58:14 - [TEST_STEP][PASSED] - Statement - iconmap += CustomKeywords.cupakeysDl.iconad.iconadd("helmet", LoadTimeCorrector, step, run, device, timeStamp, iconcount): cupakeysDl.iconad.iconadd is PASSED

2018-03-06 09:58:14 - [MESSAGE][PASSED] - Object: 'Object Repository/CuPaDl/Icons/Icon' is clicked on

2018-03-06 09:58:14 - [MESSAGE][PASSED] - Object 'Object Repository/CuPaDl/Icons/Icon_helmet' is visible

2018-03-06 09:58:14 - [MESSAGE][PASSED] - Object: 'Object Repository/CuPaDl/Icons/Icon_helmet' is clicked on

2018-03-06 09:58:15 - [MESSAGE][PASSED] - Delayed 1 second(s)

2018-03-06 09:58:16 - [MESSAGE][PASSED] - Object 'Object Repository/CuPaDl/Loading_indicator' is visible

2018-03-06 09:58:17 - [MESSAGE][PASSED] - Object 'Object Repository/CuPaDl/Loading_indicator' is NOT visible

2018-03-06 09:58:17 - [MESSAGE][WARNING] - Timeout '0' is invalid. Using default page load timeout: '30'

2018-03-06 09:58:17 - [MESSAGE][PASSED] - Width of element 'Object Repository/CuPaDl/Icons/Reposition_icon' is '40'

2018-03-06 09:58:17 - [MESSAGE][PASSED] - Height of element 'Object Repository/CuPaDl/Icons/Reposition_icon' is '40'.

2018-03-06 09:58:18 - [MESSAGE][PASSED] - Delayed 1 second(s)

2018-03-06 09:58:18 - [MESSAGE][PASSED] - cupakeysDl.iconad.iconadd is PASSED

2018-03-06 09:58:18 - [TEST_STEP][PASSED] - Statement - (step++): null

2018-03-06 09:58:18 - [TEST_STEP][PASSED] - Statement - (iconcount++): null

2018-03-06 09:58:18 - [TEST_STEP][PASSED] - cupakeysDl.iconres.iconresize: cupakeysDl.iconres.iconresize is PASSED

2018-03-06 09:58:18 - [MESSAGE][PASSED] - Object 'Object Repository/CuPaDl/Icons/Reposition_icon' is visible

2018-03-06 09:58:18 - [MESSAGE][PASSED] - Current viewport's left (x) position is 0

2018-03-06 09:58:18 - [MESSAGE][PASSED] - Current viewport's top (y) position is 54

2018-03-06 09:58:18 - [MESSAGE][PASSED] - Dragged object with id 'Object Repository/CuPaDl/Icons/Resize_icon_bottomright' by offset distance x = -125 and y = -71 successfully

2018-03-06 09:58:21 - [MESSAGE][WARNING] - Object 'Object Repository/CuPaDl/Loading_indicator' is not visible after 3 second(s)

2018-03-06 09:58:22 - [MESSAGE][PASSED] - Delayed 1 second(s)

2018-03-06 09:58:22 - [MESSAGE][PASSED] - cupakeysDl.iconres.iconresize is PASSED

2018-03-06 09:58:22 - [TEST_STEP][PASSED] - Statement - (step++): null

2018-03-06 09:58:22 - [TEST_STEP][PASSED] - cupakeysDl.slink.svlink: cupakeysDl.slink.svlink is PASSED

2018-03-06 09:58:22 - [MESSAGE][PASSED] - Scroll to object 'Object Repository/CuPaDl/Save/Save' successfully

2018-03-06 09:58:22 - [MESSAGE][PASSED] - Object: 'Object Repository/CuPaDl/Save/Save' is clicked on

2018-03-06 09:58:22 - [MESSAGE][WARNING] - Timeout '0' is invalid. Using default page load timeout: '30'

2018-03-06 09:58:24 - [MESSAGE][PASSED] - Object 'Object Repository/CuPaDl/Save/CopyLink' is visible

2018-03-06 09:58:24 - [MESSAGE][PASSED] - Attribute 'value' of object 'Object Repository/CuPaDl/Save/Link' is: 'https://d16a4dsnr8a0k1.cloudfront.net/en/2455233.html?scupaId=Aig3IRZcPDQ9Uno0RURA'

2018-03-06 09:58:24 - [MESSAGE][PASSED] - cupakeysDl.slink.svlink is PASSED

2018-03-06 09:58:24 - [TEST_STEP][PASSED] - cupakeysDl.endsession.finishsession: cupakeysDl.endsession.finishsession is PASSED

2018-03-06 09:58:27 - [MESSAGE][PASSED] - Delayed 3 second(s)

2018-03-06 09:58:27 - [MESSAGE][PASSED] - Browser is closed

2018-03-06 09:58:27 - [MESSAGE][PASSED] - cupakeysDl.endsession.finishsession is PASSED]]></system-out>
         <system-err><![CDATA[]]></system-err>
      </testcase>
      <testcase name="Test Cases/CuPaStefanie/20" classname="Test Cases/CuPaStefanie/20" status="PASSED">
         <system-out><![CDATA[2018-03-06 09:58:27 - [TEST_CASE][PASSED] - Test Cases/CuPaStefanie/20: Test Cases/CuPaStefanie/20

2018-03-06 09:58:28 - [TEST_STEP][PASSED] - Statement - timeStamp = new java.text.SimpleDateFormat(dd.MM.yyyy).format(java.util.Calendar.getInstance().getTime()): null

2018-03-06 09:58:28 - [TEST_STEP][PASSED] - Statement - timeStampScreenshot = new java.text.SimpleDateFormat(dd.MM.yyyy).format(java.util.Calendar.getInstance().getTime()): null

2018-03-06 09:58:28 - [TEST_STEP][PASSED] - Statement - iconmap = [:]: null

2018-03-06 09:58:28 - [TEST_STEP][PASSED] - Statement - txtmap = [:]: null

2018-03-06 09:58:28 - [TEST_STEP][PASSED] - Statement - signmap = [:]: null

2018-03-06 09:58:28 - [TEST_STEP][PASSED] - cupakeysDl.initStart.initialStart: cupakeysDl.initStart.initialStart is PASSED

2018-03-06 09:58:29 - [MESSAGE][PASSED] - Browser is opened with url: ''

2018-03-06 09:58:32 - [MESSAGE][PASSED] - Delayed 3 second(s)

2018-03-06 09:58:34 - [MESSAGE][PASSED] - Navigate to 'https://d16a4dsnr8a0k1.cloudfront.net/en/2455233.html?price=150.00%20%E2%82%AC&partName=wilsonPartName&vin=wilsonVin&modelCode=XP11&paint=P0A94&modelDescription=wilsonModelDescription&additionalEquipment=wilsonAdditionalEquipment' successfully

2018-03-06 09:58:34 - [MESSAGE][PASSED] - Object 'Object Repository/CuPaDl/Loading_indicator' is visible

2018-03-06 09:58:41 - [MESSAGE][PASSED] - Object 'Object Repository/CuPaDl/Loading_indicator' is NOT visible

2018-03-06 09:58:42 - [MESSAGE][PASSED] - Delayed 1 second(s)

2018-03-06 09:58:42 - [MESSAGE][PASSED] - cupakeysDl.initStart.initialStart is PASSED

2018-03-06 09:58:42 - [TEST_STEP][PASSED] - Statement - (step++): null

2018-03-06 09:58:42 - [TEST_STEP][PASSED] - cupakeysDl.color.changecolor: cupakeysDl.color.changecolor is PASSED

2018-03-06 09:58:42 - [MESSAGE][PASSED] - Object 'Object Repository/CuPaDl/Color/Color' is visible

2018-03-06 09:58:43 - [MESSAGE][PASSED] - Object: 'Object Repository/CuPaDl/Color/Color' is clicked on

2018-03-06 09:58:44 - [MESSAGE][PASSED] - Delayed 1 second(s)

2018-03-06 09:58:44 - [MESSAGE][PASSED] - Object 'Object Repository/CuPaDl/Color/Color_thundergrey' is visible

2018-03-06 09:58:44 - [MESSAGE][PASSED] - Object: 'Object Repository/CuPaDl/Color/Color_thundergrey' is clicked on

2018-03-06 09:58:44 - [MESSAGE][WARNING] - Timeout '0' is invalid. Using default page load timeout: '30'

2018-03-06 09:58:44 - [MESSAGE][PASSED] - Object 'Object Repository/CuPaDl/Color/Color_thundergrey' is visible

2018-03-06 09:58:45 - [MESSAGE][PASSED] - Delayed 1 second(s)

2018-03-06 09:58:45 - [MESSAGE][PASSED] - Object: 'Object Repository/CuPaDl/Color/Color_thundergrey' is clicked on

2018-03-06 09:58:45 - [MESSAGE][PASSED] - Object 'Object Repository/CuPaDl/Loading_indicator' is visible

2018-03-06 09:58:47 - [MESSAGE][PASSED] - Object 'Object Repository/CuPaDl/Loading_indicator' is NOT visible

2018-03-06 09:58:48 - [MESSAGE][PASSED] - Delayed 1 second(s)

2018-03-06 09:58:48 - [MESSAGE][PASSED] - cupakeysDl.color.changecolor is PASSED

2018-03-06 09:58:48 - [TEST_STEP][PASSED] - Statement - (step++): null

2018-03-06 09:58:48 - [TEST_STEP][PASSED] - cupakeysDl.chngstruct.changestructure: cupakeysDl.chngstruct.changestructure is PASSED

2018-03-06 09:58:48 - [MESSAGE][PASSED] - Object: 'Object Repository/CuPaDl/Structure/Structure' is clicked on

2018-03-06 09:58:48 - [MESSAGE][WARNING] - Timeout '0' is invalid. Using default page load timeout: '30'

2018-03-06 09:58:48 - [MESSAGE][PASSED] - Object 'Object Repository/CuPaDl/Structure/Structure_Hahnentritt' is visible

2018-03-06 09:58:48 - [MESSAGE][PASSED] - Object 'Object Repository/CuPaDl/Structure/Structure_fadehahnentritt' is visible

2018-03-06 09:58:48 - [MESSAGE][PASSED] - Object: 'Object Repository/CuPaDl/Structure/Structure_fadehahnentritt' is clicked on

2018-03-06 09:58:50 - [MESSAGE][PASSED] - Object 'Object Repository/CuPaDl/Loading_indicator' is visible

2018-03-06 09:58:51 - [MESSAGE][PASSED] - Object 'Object Repository/CuPaDl/Loading_indicator' is NOT visible

2018-03-06 09:58:52 - [MESSAGE][PASSED] - Delayed 1 second(s)

2018-03-06 09:58:52 - [MESSAGE][PASSED] - cupakeysDl.chngstruct.changestructure is PASSED

2018-03-06 09:58:52 - [TEST_STEP][PASSED] - Statement - (step++): null

2018-03-06 09:58:52 - [TEST_STEP][PASSED] - cupakeysDl.sclstruct.scalestructure: cupakeysDl.sclstruct.scalestructure is PASSED

2018-03-06 09:58:55 - [MESSAGE][WARNING] - Object 'Object Repository/CuPaDl/Structure/Resize_Structure_bottomright' is not visible after 3 second(s)

2018-03-06 09:58:55 - [MESSAGE][PASSED] - Object: 'Object Repository/CuPaDl/Structure/Resize_Structure' is clicked on

2018-03-06 09:58:55 - [MESSAGE][WARNING] - Timeout '0' is invalid. Using default page load timeout: '30'

2018-03-06 09:58:55 - [MESSAGE][PASSED] - Object 'Object Repository/CuPaDl/Structure/Resize_Structure_bottomright' is visible

2018-03-06 09:58:56 - [MESSAGE][PASSED] - Delayed 1 second(s)

2018-03-06 09:58:56 - [MESSAGE][PASSED] - Current viewport's left (x) position is 0

2018-03-06 09:58:56 - [MESSAGE][PASSED] - Current viewport's top (y) position is 54

2018-03-06 09:58:56 - [MESSAGE][PASSED] - Dragged object with id 'Object Repository/CuPaDl/Structure/Resize_Structure_bottomright' by offset distance x = 225 and y = 279 successfully

2018-03-06 09:59:00 - [MESSAGE][WARNING] - Object 'Object Repository/CuPaDl/Loading_indicator' is not visible after 3 second(s)

2018-03-06 09:59:01 - [MESSAGE][PASSED] - Delayed 1 second(s)

2018-03-06 09:59:01 - [MESSAGE][PASSED] - cupakeysDl.sclstruct.scalestructure is PASSED

2018-03-06 09:59:01 - [TEST_STEP][PASSED] - Statement - (step++): null

2018-03-06 09:59:01 - [TEST_STEP][PASSED] - Statement - iconmap += CustomKeywords.cupakeysDl.iconad.iconadd("helmet", LoadTimeCorrector, step, run, device, timeStamp, iconcount): cupakeysDl.iconad.iconadd is PASSED

2018-03-06 09:59:01 - [MESSAGE][PASSED] - Object: 'Object Repository/CuPaDl/Icons/Icon' is clicked on

2018-03-06 09:59:01 - [MESSAGE][PASSED] - Object 'Object Repository/CuPaDl/Icons/Icon_helmet' is visible

2018-03-06 09:59:01 - [MESSAGE][PASSED] - Object: 'Object Repository/CuPaDl/Icons/Icon_helmet' is clicked on

2018-03-06 09:59:02 - [MESSAGE][PASSED] - Delayed 1 second(s)

2018-03-06 09:59:03 - [MESSAGE][PASSED] - Object 'Object Repository/CuPaDl/Loading_indicator' is visible

2018-03-06 09:59:04 - [MESSAGE][PASSED] - Object 'Object Repository/CuPaDl/Loading_indicator' is NOT visible

2018-03-06 09:59:04 - [MESSAGE][WARNING] - Timeout '0' is invalid. Using default page load timeout: '30'

2018-03-06 09:59:04 - [MESSAGE][PASSED] - Width of element 'Object Repository/CuPaDl/Icons/Reposition_icon' is '40'

2018-03-06 09:59:04 - [MESSAGE][PASSED] - Height of element 'Object Repository/CuPaDl/Icons/Reposition_icon' is '40'.

2018-03-06 09:59:05 - [MESSAGE][PASSED] - Delayed 1 second(s)

2018-03-06 09:59:05 - [MESSAGE][PASSED] - cupakeysDl.iconad.iconadd is PASSED

2018-03-06 09:59:05 - [TEST_STEP][PASSED] - Statement - (step++): null

2018-03-06 09:59:05 - [TEST_STEP][PASSED] - Statement - (iconcount++): null

2018-03-06 09:59:05 - [TEST_STEP][PASSED] - cupakeysDl.iconres.iconresize: cupakeysDl.iconres.iconresize is PASSED

2018-03-06 09:59:05 - [MESSAGE][PASSED] - Object 'Object Repository/CuPaDl/Icons/Reposition_icon' is visible

2018-03-06 09:59:05 - [MESSAGE][PASSED] - Current viewport's left (x) position is 0

2018-03-06 09:59:05 - [MESSAGE][PASSED] - Current viewport's top (y) position is 54

2018-03-06 09:59:05 - [MESSAGE][PASSED] - Dragged object with id 'Object Repository/CuPaDl/Icons/Resize_icon_bottomright' by offset distance x = 125 and y = 179 successfully

2018-03-06 09:59:09 - [MESSAGE][WARNING] - Object 'Object Repository/CuPaDl/Loading_indicator' is not visible after 3 second(s)

2018-03-06 09:59:10 - [MESSAGE][PASSED] - Delayed 1 second(s)

2018-03-06 09:59:10 - [MESSAGE][PASSED] - cupakeysDl.iconres.iconresize is PASSED

2018-03-06 09:59:10 - [TEST_STEP][PASSED] - Statement - (step++): null

2018-03-06 09:59:10 - [TEST_STEP][PASSED] - cupakeysDl.slink.svlink: cupakeysDl.slink.svlink is PASSED

2018-03-06 09:59:10 - [MESSAGE][PASSED] - Scroll to object 'Object Repository/CuPaDl/Save/Save' successfully

2018-03-06 09:59:10 - [MESSAGE][PASSED] - Object: 'Object Repository/CuPaDl/Save/Save' is clicked on

2018-03-06 09:59:10 - [MESSAGE][WARNING] - Timeout '0' is invalid. Using default page load timeout: '30'

2018-03-06 09:59:11 - [MESSAGE][PASSED] - Object 'Object Repository/CuPaDl/Save/CopyLink' is visible

2018-03-06 09:59:11 - [MESSAGE][PASSED] - Attribute 'value' of object 'Object Repository/CuPaDl/Save/Link' is: 'https://d16a4dsnr8a0k1.cloudfront.net/en/2455233.html?scupaId=Cy02UxhbXTwrI3o0RURA'

2018-03-06 09:59:11 - [MESSAGE][PASSED] - cupakeysDl.slink.svlink is PASSED

2018-03-06 09:59:11 - [TEST_STEP][PASSED] - cupakeysDl.endsession.finishsession: cupakeysDl.endsession.finishsession is PASSED

2018-03-06 09:59:14 - [MESSAGE][PASSED] - Delayed 3 second(s)

2018-03-06 09:59:15 - [MESSAGE][PASSED] - Browser is closed

2018-03-06 09:59:15 - [MESSAGE][PASSED] - cupakeysDl.endsession.finishsession is PASSED]]></system-out>
         <system-err><![CDATA[]]></system-err>
      </testcase>
      <testcase name="Test Cases/CuPaStefanie/21" classname="Test Cases/CuPaStefanie/21" status="PASSED">
         <system-out><![CDATA[2018-03-06 09:59:15 - [TEST_CASE][PASSED] - Test Cases/CuPaStefanie/21: Test Cases/CuPaStefanie/21

2018-03-06 09:59:15 - [TEST_STEP][PASSED] - Statement - timeStamp = new java.text.SimpleDateFormat(dd.MM.yyyy).format(java.util.Calendar.getInstance().getTime()): null

2018-03-06 09:59:15 - [TEST_STEP][PASSED] - Statement - timeStampScreenshot = new java.text.SimpleDateFormat(dd.MM.yyyy).format(java.util.Calendar.getInstance().getTime()): null

2018-03-06 09:59:15 - [TEST_STEP][PASSED] - Statement - iconmap = [:]: null

2018-03-06 09:59:15 - [TEST_STEP][PASSED] - Statement - txtmap = [:]: null

2018-03-06 09:59:15 - [TEST_STEP][PASSED] - Statement - signmap = [:]: null

2018-03-06 09:59:15 - [TEST_STEP][PASSED] - cupakeysDl.initStart.initialStart: cupakeysDl.initStart.initialStart is PASSED

2018-03-06 09:59:17 - [MESSAGE][PASSED] - Browser is opened with url: ''

2018-03-06 09:59:20 - [MESSAGE][PASSED] - Delayed 3 second(s)

2018-03-06 09:59:21 - [MESSAGE][PASSED] - Navigate to 'https://d16a4dsnr8a0k1.cloudfront.net/en/2455233.html?price=150.00%20%E2%82%AC&partName=wilsonPartName&vin=wilsonVin&modelCode=XP11&paint=P0A94&modelDescription=wilsonModelDescription&additionalEquipment=wilsonAdditionalEquipment' successfully

2018-03-06 09:59:21 - [MESSAGE][PASSED] - Object 'Object Repository/CuPaDl/Loading_indicator' is visible

2018-03-06 09:59:29 - [MESSAGE][PASSED] - Object 'Object Repository/CuPaDl/Loading_indicator' is NOT visible

2018-03-06 09:59:30 - [MESSAGE][PASSED] - Delayed 1 second(s)

2018-03-06 09:59:30 - [MESSAGE][PASSED] - cupakeysDl.initStart.initialStart is PASSED

2018-03-06 09:59:30 - [TEST_STEP][PASSED] - Statement - (step++): null

2018-03-06 09:59:30 - [TEST_STEP][PASSED] - cupakeysDl.color.changecolor: cupakeysDl.color.changecolor is PASSED

2018-03-06 09:59:30 - [MESSAGE][PASSED] - Object 'Object Repository/CuPaDl/Color/Color' is visible

2018-03-06 09:59:30 - [MESSAGE][PASSED] - Object: 'Object Repository/CuPaDl/Color/Color' is clicked on

2018-03-06 09:59:31 - [MESSAGE][PASSED] - Delayed 1 second(s)

2018-03-06 09:59:31 - [MESSAGE][PASSED] - Object 'Object Repository/CuPaDl/Color/Color_lapisblue' is visible

2018-03-06 09:59:31 - [MESSAGE][PASSED] - Object: 'Object Repository/CuPaDl/Color/Color_lapisblue' is clicked on

2018-03-06 09:59:31 - [MESSAGE][WARNING] - Timeout '0' is invalid. Using default page load timeout: '30'

2018-03-06 09:59:31 - [MESSAGE][PASSED] - Object 'Object Repository/CuPaDl/Color/Color_lapisblue' is visible

2018-03-06 09:59:32 - [MESSAGE][PASSED] - Delayed 1 second(s)

2018-03-06 09:59:33 - [MESSAGE][PASSED] - Object: 'Object Repository/CuPaDl/Color/Color_lapisblue' is clicked on

2018-03-06 09:59:33 - [MESSAGE][PASSED] - Object 'Object Repository/CuPaDl/Loading_indicator' is visible

2018-03-06 09:59:35 - [MESSAGE][PASSED] - Object 'Object Repository/CuPaDl/Loading_indicator' is NOT visible

2018-03-06 09:59:36 - [MESSAGE][PASSED] - Delayed 1 second(s)

2018-03-06 09:59:36 - [MESSAGE][PASSED] - cupakeysDl.color.changecolor is PASSED

2018-03-06 09:59:36 - [TEST_STEP][PASSED] - Statement - (step++): null

2018-03-06 09:59:36 - [TEST_STEP][PASSED] - cupakeysDl.chngstruct.changestructure: cupakeysDl.chngstruct.changestructure is PASSED

2018-03-06 09:59:36 - [MESSAGE][PASSED] - Object: 'Object Repository/CuPaDl/Structure/Structure' is clicked on

2018-03-06 09:59:36 - [MESSAGE][WARNING] - Timeout '0' is invalid. Using default page load timeout: '30'

2018-03-06 09:59:36 - [MESSAGE][PASSED] - Object 'Object Repository/CuPaDl/Structure/Structure_Hahnentritt' is visible

2018-03-06 09:59:36 - [MESSAGE][PASSED] - Object 'Object Repository/CuPaDl/Structure/Structure_fadedotscircular' is visible

2018-03-06 09:59:36 - [MESSAGE][PASSED] - Object: 'Object Repository/CuPaDl/Structure/Structure_fadedotscircular' is clicked on

2018-03-06 09:59:37 - [MESSAGE][PASSED] - Object 'Object Repository/CuPaDl/Loading_indicator' is visible

2018-03-06 09:59:39 - [MESSAGE][PASSED] - Object 'Object Repository/CuPaDl/Loading_indicator' is NOT visible

2018-03-06 09:59:40 - [MESSAGE][PASSED] - Delayed 1 second(s)

2018-03-06 09:59:40 - [MESSAGE][PASSED] - cupakeysDl.chngstruct.changestructure is PASSED

2018-03-06 09:59:40 - [TEST_STEP][PASSED] - Statement - (step++): null

2018-03-06 09:59:40 - [TEST_STEP][PASSED] - cupakeysDl.sclstruct.scalestructure: cupakeysDl.sclstruct.scalestructure is PASSED

2018-03-06 09:59:43 - [MESSAGE][WARNING] - Object 'Object Repository/CuPaDl/Structure/Resize_Structure_bottomright' is not visible after 3 second(s)

2018-03-06 09:59:44 - [MESSAGE][PASSED] - Object: 'Object Repository/CuPaDl/Structure/Resize_Structure' is clicked on

2018-03-06 09:59:44 - [MESSAGE][WARNING] - Timeout '0' is invalid. Using default page load timeout: '30'

2018-03-06 09:59:44 - [MESSAGE][PASSED] - Object 'Object Repository/CuPaDl/Structure/Resize_Structure_bottomright' is visible

2018-03-06 09:59:45 - [MESSAGE][PASSED] - Delayed 1 second(s)

2018-03-06 09:59:45 - [MESSAGE][PASSED] - Current viewport's left (x) position is 0

2018-03-06 09:59:45 - [MESSAGE][PASSED] - Current viewport's top (y) position is 54

2018-03-06 09:59:45 - [MESSAGE][PASSED] - Dragged object with id 'Object Repository/CuPaDl/Structure/Resize_Structure_bottomright' by offset distance x = -225 and y = -171 successfully

2018-03-06 09:59:47 - [MESSAGE][PASSED] - Object 'Object Repository/CuPaDl/Loading_indicator' is visible

2018-03-06 09:59:48 - [MESSAGE][PASSED] - Object 'Object Repository/CuPaDl/Loading_indicator' is NOT visible

2018-03-06 09:59:49 - [MESSAGE][PASSED] - Delayed 1 second(s)

2018-03-06 09:59:49 - [MESSAGE][PASSED] - cupakeysDl.sclstruct.scalestructure is PASSED

2018-03-06 09:59:49 - [TEST_STEP][PASSED] - Statement - (step++): null

2018-03-06 09:59:49 - [TEST_STEP][PASSED] - Statement - iconmap += CustomKeywords.cupakeysDl.iconad.iconadd("longboard", LoadTimeCorrector, step, run, device, timeStamp, iconcount): cupakeysDl.iconad.iconadd is PASSED

2018-03-06 09:59:49 - [MESSAGE][PASSED] - Object: 'Object Repository/CuPaDl/Icons/Icon' is clicked on

2018-03-06 09:59:49 - [MESSAGE][PASSED] - Object 'Object Repository/CuPaDl/Icons/Icon_longboard' is visible

2018-03-06 09:59:49 - [MESSAGE][PASSED] - Object: 'Object Repository/CuPaDl/Icons/Icon_longboard' is clicked on

2018-03-06 09:59:50 - [MESSAGE][PASSED] - Delayed 1 second(s)

2018-03-06 09:59:50 - [MESSAGE][PASSED] - Object 'Object Repository/CuPaDl/Loading_indicator' is visible

2018-03-06 09:59:54 - [MESSAGE][PASSED] - Object 'Object Repository/CuPaDl/Loading_indicator' is NOT visible

2018-03-06 09:59:54 - [MESSAGE][WARNING] - Timeout '0' is invalid. Using default page load timeout: '30'

2018-03-06 09:59:54 - [MESSAGE][PASSED] - Width of element 'Object Repository/CuPaDl/Icons/Reposition_icon' is '40'

2018-03-06 09:59:54 - [MESSAGE][PASSED] - Height of element 'Object Repository/CuPaDl/Icons/Reposition_icon' is '40'.

2018-03-06 09:59:55 - [MESSAGE][PASSED] - Delayed 1 second(s)

2018-03-06 09:59:55 - [MESSAGE][PASSED] - cupakeysDl.iconad.iconadd is PASSED

2018-03-06 09:59:55 - [TEST_STEP][PASSED] - Statement - (step++): null

2018-03-06 09:59:55 - [TEST_STEP][PASSED] - Statement - (iconcount++): null

2018-03-06 09:59:55 - [TEST_STEP][PASSED] - cupakeysDl.iconres.iconresize: cupakeysDl.iconres.iconresize is PASSED

2018-03-06 09:59:55 - [MESSAGE][PASSED] - Object 'Object Repository/CuPaDl/Icons/Reposition_icon' is visible

2018-03-06 09:59:55 - [MESSAGE][PASSED] - Current viewport's left (x) position is 0

2018-03-06 09:59:55 - [MESSAGE][PASSED] - Current viewport's top (y) position is 54

2018-03-06 09:59:56 - [MESSAGE][PASSED] - Dragged object with id 'Object Repository/CuPaDl/Icons/Resize_icon_bottomright' by offset distance x = -125 and y = -71 successfully

2018-03-06 09:59:57 - [MESSAGE][PASSED] - Object 'Object Repository/CuPaDl/Loading_indicator' is visible

2018-03-06 10:00:04 - [MESSAGE][PASSED] - Object 'Object Repository/CuPaDl/Loading_indicator' is NOT visible

2018-03-06 10:00:05 - [MESSAGE][PASSED] - Delayed 1 second(s)

2018-03-06 10:00:05 - [MESSAGE][PASSED] - cupakeysDl.iconres.iconresize is PASSED

2018-03-06 10:00:05 - [TEST_STEP][PASSED] - Statement - (step++): null

2018-03-06 10:00:05 - [TEST_STEP][PASSED] - cupakeysDl.slink.svlink: cupakeysDl.slink.svlink is PASSED

2018-03-06 10:00:05 - [MESSAGE][PASSED] - Scroll to object 'Object Repository/CuPaDl/Save/Save' successfully

2018-03-06 10:00:05 - [MESSAGE][PASSED] - Object: 'Object Repository/CuPaDl/Save/Save' is clicked on

2018-03-06 10:00:05 - [MESSAGE][WARNING] - Timeout '0' is invalid. Using default page load timeout: '30'

2018-03-06 10:00:07 - [MESSAGE][PASSED] - Object 'Object Repository/CuPaDl/Save/CopyLink' is visible

2018-03-06 10:00:07 - [MESSAGE][PASSED] - Attribute 'value' of object 'Object Repository/CuPaDl/Save/Link' is: 'https://d16a4dsnr8a0k1.cloudfront.net/en/2455233.html?scupaId=GlQqVBUkPTMgPXo0RURC'

2018-03-06 10:00:07 - [MESSAGE][PASSED] - cupakeysDl.slink.svlink is PASSED

2018-03-06 10:00:07 - [TEST_STEP][PASSED] - cupakeysDl.endsession.finishsession: cupakeysDl.endsession.finishsession is PASSED

2018-03-06 10:00:10 - [MESSAGE][PASSED] - Delayed 3 second(s)

2018-03-06 10:00:11 - [MESSAGE][PASSED] - Browser is closed

2018-03-06 10:00:11 - [MESSAGE][PASSED] - cupakeysDl.endsession.finishsession is PASSED]]></system-out>
         <system-err><![CDATA[]]></system-err>
      </testcase>
      <testcase name="Test Cases/CuPaStefanie/22" classname="Test Cases/CuPaStefanie/22" status="PASSED">
         <system-out><![CDATA[2018-03-06 10:00:11 - [TEST_CASE][PASSED] - Test Cases/CuPaStefanie/22: Test Cases/CuPaStefanie/22

2018-03-06 10:00:11 - [TEST_STEP][PASSED] - Statement - timeStamp = new java.text.SimpleDateFormat(dd.MM.yyyy).format(java.util.Calendar.getInstance().getTime()): null

2018-03-06 10:00:11 - [TEST_STEP][PASSED] - Statement - timeStampScreenshot = new java.text.SimpleDateFormat(dd.MM.yyyy).format(java.util.Calendar.getInstance().getTime()): null

2018-03-06 10:00:11 - [TEST_STEP][PASSED] - Statement - iconmap = [:]: null

2018-03-06 10:00:11 - [TEST_STEP][PASSED] - Statement - txtmap = [:]: null

2018-03-06 10:00:11 - [TEST_STEP][PASSED] - Statement - signmap = [:]: null

2018-03-06 10:00:11 - [TEST_STEP][PASSED] - cupakeysDl.initStart.initialStart: cupakeysDl.initStart.initialStart is PASSED

2018-03-06 10:00:13 - [MESSAGE][PASSED] - Browser is opened with url: ''

2018-03-06 10:00:16 - [MESSAGE][PASSED] - Delayed 3 second(s)

2018-03-06 10:00:17 - [MESSAGE][PASSED] - Navigate to 'https://d16a4dsnr8a0k1.cloudfront.net/en/2455233.html?price=150.00%20%E2%82%AC&partName=wilsonPartName&vin=wilsonVin&modelCode=XP11&paint=P0A94&modelDescription=wilsonModelDescription&additionalEquipment=wilsonAdditionalEquipment' successfully

2018-03-06 10:00:17 - [MESSAGE][PASSED] - Object 'Object Repository/CuPaDl/Loading_indicator' is visible

2018-03-06 10:00:24 - [MESSAGE][PASSED] - Object 'Object Repository/CuPaDl/Loading_indicator' is NOT visible

2018-03-06 10:00:25 - [MESSAGE][PASSED] - Delayed 1 second(s)

2018-03-06 10:00:25 - [MESSAGE][PASSED] - cupakeysDl.initStart.initialStart is PASSED

2018-03-06 10:00:25 - [TEST_STEP][PASSED] - Statement - (step++): null

2018-03-06 10:00:25 - [TEST_STEP][PASSED] - cupakeysDl.color.changecolor: cupakeysDl.color.changecolor is PASSED

2018-03-06 10:00:26 - [MESSAGE][PASSED] - Object 'Object Repository/CuPaDl/Color/Color' is visible

2018-03-06 10:00:26 - [MESSAGE][PASSED] - Object: 'Object Repository/CuPaDl/Color/Color' is clicked on

2018-03-06 10:00:27 - [MESSAGE][PASSED] - Delayed 1 second(s)

2018-03-06 10:00:27 - [MESSAGE][PASSED] - Object 'Object Repository/CuPaDl/Color/Color_lapisblue' is visible

2018-03-06 10:00:27 - [MESSAGE][PASSED] - Object: 'Object Repository/CuPaDl/Color/Color_lapisblue' is clicked on

2018-03-06 10:00:27 - [MESSAGE][WARNING] - Timeout '0' is invalid. Using default page load timeout: '30'

2018-03-06 10:00:27 - [MESSAGE][PASSED] - Object 'Object Repository/CuPaDl/Color/Color_lapisblue' is visible

2018-03-06 10:00:28 - [MESSAGE][PASSED] - Delayed 1 second(s)

2018-03-06 10:00:28 - [MESSAGE][PASSED] - Object: 'Object Repository/CuPaDl/Color/Color_lapisblue' is clicked on

2018-03-06 10:00:28 - [MESSAGE][PASSED] - Object 'Object Repository/CuPaDl/Loading_indicator' is visible

2018-03-06 10:00:30 - [MESSAGE][PASSED] - Object 'Object Repository/CuPaDl/Loading_indicator' is NOT visible

2018-03-06 10:00:31 - [MESSAGE][PASSED] - Delayed 1 second(s)

2018-03-06 10:00:31 - [MESSAGE][PASSED] - cupakeysDl.color.changecolor is PASSED

2018-03-06 10:00:31 - [TEST_STEP][PASSED] - Statement - (step++): null

2018-03-06 10:00:31 - [TEST_STEP][PASSED] - cupakeysDl.chngstruct.changestructure: cupakeysDl.chngstruct.changestructure is PASSED

2018-03-06 10:00:31 - [MESSAGE][PASSED] - Object: 'Object Repository/CuPaDl/Structure/Structure' is clicked on

2018-03-06 10:00:31 - [MESSAGE][WARNING] - Timeout '0' is invalid. Using default page load timeout: '30'

2018-03-06 10:00:31 - [MESSAGE][PASSED] - Object 'Object Repository/CuPaDl/Structure/Structure_Hahnentritt' is visible

2018-03-06 10:00:31 - [MESSAGE][PASSED] - Object 'Object Repository/CuPaDl/Structure/Structure_fadedotscircular' is visible

2018-03-06 10:00:31 - [MESSAGE][PASSED] - Object: 'Object Repository/CuPaDl/Structure/Structure_fadedotscircular' is clicked on

2018-03-06 10:00:32 - [MESSAGE][PASSED] - Object 'Object Repository/CuPaDl/Loading_indicator' is visible

2018-03-06 10:00:35 - [MESSAGE][PASSED] - Object 'Object Repository/CuPaDl/Loading_indicator' is NOT visible

2018-03-06 10:00:36 - [MESSAGE][PASSED] - Delayed 1 second(s)

2018-03-06 10:00:36 - [MESSAGE][PASSED] - cupakeysDl.chngstruct.changestructure is PASSED

2018-03-06 10:00:36 - [TEST_STEP][PASSED] - Statement - (step++): null

2018-03-06 10:00:36 - [TEST_STEP][PASSED] - cupakeysDl.sclstruct.scalestructure: cupakeysDl.sclstruct.scalestructure is PASSED

2018-03-06 10:00:39 - [MESSAGE][WARNING] - Object 'Object Repository/CuPaDl/Structure/Resize_Structure_bottomright' is not visible after 3 second(s)

2018-03-06 10:00:39 - [MESSAGE][PASSED] - Object: 'Object Repository/CuPaDl/Structure/Resize_Structure' is clicked on

2018-03-06 10:00:39 - [MESSAGE][WARNING] - Timeout '0' is invalid. Using default page load timeout: '30'

2018-03-06 10:00:39 - [MESSAGE][PASSED] - Object 'Object Repository/CuPaDl/Structure/Resize_Structure_bottomright' is visible

2018-03-06 10:00:40 - [MESSAGE][PASSED] - Delayed 1 second(s)

2018-03-06 10:00:40 - [MESSAGE][PASSED] - Current viewport's left (x) position is 0

2018-03-06 10:00:40 - [MESSAGE][PASSED] - Current viewport's top (y) position is 54

2018-03-06 10:00:40 - [MESSAGE][PASSED] - Dragged object with id 'Object Repository/CuPaDl/Structure/Resize_Structure_bottomright' by offset distance x = 225 and y = 279 successfully

2018-03-06 10:00:42 - [MESSAGE][PASSED] - Object 'Object Repository/CuPaDl/Loading_indicator' is visible

2018-03-06 10:00:43 - [MESSAGE][PASSED] - Object 'Object Repository/CuPaDl/Loading_indicator' is NOT visible

2018-03-06 10:00:44 - [MESSAGE][PASSED] - Delayed 1 second(s)

2018-03-06 10:00:44 - [MESSAGE][PASSED] - cupakeysDl.sclstruct.scalestructure is PASSED

2018-03-06 10:00:44 - [TEST_STEP][PASSED] - Statement - (step++): null

2018-03-06 10:00:44 - [TEST_STEP][PASSED] - Statement - iconmap += CustomKeywords.cupakeysDl.iconad.iconadd("longboard", LoadTimeCorrector, step, run, device, timeStamp, iconcount): cupakeysDl.iconad.iconadd is PASSED

2018-03-06 10:00:44 - [MESSAGE][PASSED] - Object: 'Object Repository/CuPaDl/Icons/Icon' is clicked on

2018-03-06 10:00:44 - [MESSAGE][PASSED] - Object 'Object Repository/CuPaDl/Icons/Icon_longboard' is visible

2018-03-06 10:00:44 - [MESSAGE][PASSED] - Object: 'Object Repository/CuPaDl/Icons/Icon_longboard' is clicked on

2018-03-06 10:00:45 - [MESSAGE][PASSED] - Delayed 1 second(s)

2018-03-06 10:00:45 - [MESSAGE][PASSED] - Object 'Object Repository/CuPaDl/Loading_indicator' is visible

2018-03-06 10:00:50 - [MESSAGE][PASSED] - Object 'Object Repository/CuPaDl/Loading_indicator' is NOT visible

2018-03-06 10:00:50 - [MESSAGE][WARNING] - Timeout '0' is invalid. Using default page load timeout: '30'

2018-03-06 10:00:50 - [MESSAGE][PASSED] - Width of element 'Object Repository/CuPaDl/Icons/Reposition_icon' is '40'

2018-03-06 10:00:50 - [MESSAGE][PASSED] - Height of element 'Object Repository/CuPaDl/Icons/Reposition_icon' is '40'.

2018-03-06 10:00:51 - [MESSAGE][PASSED] - Delayed 1 second(s)

2018-03-06 10:00:51 - [MESSAGE][PASSED] - cupakeysDl.iconad.iconadd is PASSED

2018-03-06 10:00:51 - [TEST_STEP][PASSED] - Statement - (step++): null

2018-03-06 10:00:51 - [TEST_STEP][PASSED] - Statement - (iconcount++): null

2018-03-06 10:00:51 - [TEST_STEP][PASSED] - cupakeysDl.iconres.iconresize: cupakeysDl.iconres.iconresize is PASSED

2018-03-06 10:00:51 - [MESSAGE][PASSED] - Object 'Object Repository/CuPaDl/Icons/Reposition_icon' is visible

2018-03-06 10:00:51 - [MESSAGE][PASSED] - Current viewport's left (x) position is 0

2018-03-06 10:00:51 - [MESSAGE][PASSED] - Current viewport's top (y) position is 54

2018-03-06 10:00:51 - [MESSAGE][PASSED] - Dragged object with id 'Object Repository/CuPaDl/Icons/Resize_icon_bottomright' by offset distance x = 125 and y = 179 successfully

2018-03-06 10:00:52 - [MESSAGE][PASSED] - Object 'Object Repository/CuPaDl/Loading_indicator' is visible

2018-03-06 10:00:56 - [MESSAGE][PASSED] - Object 'Object Repository/CuPaDl/Loading_indicator' is NOT visible

2018-03-06 10:00:57 - [MESSAGE][PASSED] - Delayed 1 second(s)

2018-03-06 10:00:57 - [MESSAGE][PASSED] - cupakeysDl.iconres.iconresize is PASSED

2018-03-06 10:00:57 - [TEST_STEP][PASSED] - Statement - (step++): null

2018-03-06 10:00:57 - [TEST_STEP][PASSED] - cupakeysDl.slink.svlink: cupakeysDl.slink.svlink is PASSED

2018-03-06 10:00:57 - [MESSAGE][PASSED] - Scroll to object 'Object Repository/CuPaDl/Save/Save' successfully

2018-03-06 10:00:57 - [MESSAGE][PASSED] - Object: 'Object Repository/CuPaDl/Save/Save' is clicked on

2018-03-06 10:00:57 - [MESSAGE][WARNING] - Timeout '0' is invalid. Using default page load timeout: '30'

2018-03-06 10:00:59 - [MESSAGE][PASSED] - Object 'Object Repository/CuPaDl/Save/CopyLink' is visible

2018-03-06 10:00:59 - [MESSAGE][PASSED] - Attribute 'value' of object 'Object Repository/CuPaDl/Save/Link' is: 'https://d16a4dsnr8a0k1.cloudfront.net/en/2455233.html?scupaId=HDwsM3FbXFw/Ino0RURC'

2018-03-06 10:00:59 - [MESSAGE][PASSED] - cupakeysDl.slink.svlink is PASSED

2018-03-06 10:00:59 - [TEST_STEP][PASSED] - cupakeysDl.endsession.finishsession: cupakeysDl.endsession.finishsession is PASSED

2018-03-06 10:01:02 - [MESSAGE][PASSED] - Delayed 3 second(s)

2018-03-06 10:01:03 - [MESSAGE][PASSED] - Browser is closed

2018-03-06 10:01:03 - [MESSAGE][PASSED] - cupakeysDl.endsession.finishsession is PASSED]]></system-out>
         <system-err><![CDATA[]]></system-err>
      </testcase>
      <testcase name="Test Cases/CuPaStefanie/23" classname="Test Cases/CuPaStefanie/23" status="PASSED">
         <system-out><![CDATA[2018-03-06 10:01:03 - [TEST_CASE][PASSED] - Test Cases/CuPaStefanie/23: Test Cases/CuPaStefanie/23

2018-03-06 10:01:03 - [TEST_STEP][PASSED] - Statement - timeStamp = new java.text.SimpleDateFormat(dd.MM.yyyy).format(java.util.Calendar.getInstance().getTime()): null

2018-03-06 10:01:03 - [TEST_STEP][PASSED] - Statement - timeStampScreenshot = new java.text.SimpleDateFormat(dd.MM.yyyy).format(java.util.Calendar.getInstance().getTime()): null

2018-03-06 10:01:03 - [TEST_STEP][PASSED] - Statement - iconmap = [:]: null

2018-03-06 10:01:03 - [TEST_STEP][PASSED] - Statement - txtmap = [:]: null

2018-03-06 10:01:03 - [TEST_STEP][PASSED] - Statement - signmap = [:]: null

2018-03-06 10:01:03 - [TEST_STEP][PASSED] - cupakeysDl.initStart.initialStart: cupakeysDl.initStart.initialStart is PASSED

2018-03-06 10:01:05 - [MESSAGE][PASSED] - Browser is opened with url: ''

2018-03-06 10:01:08 - [MESSAGE][PASSED] - Delayed 3 second(s)

2018-03-06 10:01:09 - [MESSAGE][PASSED] - Navigate to 'https://d16a4dsnr8a0k1.cloudfront.net/en/2455233.html?price=150.00%20%E2%82%AC&partName=wilsonPartName&vin=wilsonVin&modelCode=XP11&paint=P0A94&modelDescription=wilsonModelDescription&additionalEquipment=wilsonAdditionalEquipment' successfully

2018-03-06 10:01:09 - [MESSAGE][PASSED] - Object 'Object Repository/CuPaDl/Loading_indicator' is visible

2018-03-06 10:01:16 - [MESSAGE][PASSED] - Object 'Object Repository/CuPaDl/Loading_indicator' is NOT visible

2018-03-06 10:01:17 - [MESSAGE][PASSED] - Delayed 1 second(s)

2018-03-06 10:01:17 - [MESSAGE][PASSED] - cupakeysDl.initStart.initialStart is PASSED

2018-03-06 10:01:17 - [TEST_STEP][PASSED] - Statement - (step++): null

2018-03-06 10:01:17 - [TEST_STEP][PASSED] - cupakeysDl.color.changecolor: cupakeysDl.color.changecolor is PASSED

2018-03-06 10:01:17 - [MESSAGE][PASSED] - Object 'Object Repository/CuPaDl/Color/Color' is visible

2018-03-06 10:01:18 - [MESSAGE][PASSED] - Object: 'Object Repository/CuPaDl/Color/Color' is clicked on

2018-03-06 10:01:19 - [MESSAGE][PASSED] - Delayed 1 second(s)

2018-03-06 10:01:19 - [MESSAGE][PASSED] - Object 'Object Repository/CuPaDl/Color/Color_caribeanaqua' is visible

2018-03-06 10:01:19 - [MESSAGE][PASSED] - Object: 'Object Repository/CuPaDl/Color/Color_caribeanaqua' is clicked on

2018-03-06 10:01:19 - [MESSAGE][WARNING] - Timeout '0' is invalid. Using default page load timeout: '30'

2018-03-06 10:01:19 - [MESSAGE][PASSED] - Object 'Object Repository/CuPaDl/Color/Color_caribeanaqua' is visible

2018-03-06 10:01:20 - [MESSAGE][PASSED] - Delayed 1 second(s)

2018-03-06 10:01:20 - [MESSAGE][PASSED] - Object: 'Object Repository/CuPaDl/Color/Color_caribeanaqua' is clicked on

2018-03-06 10:01:20 - [MESSAGE][PASSED] - Object 'Object Repository/CuPaDl/Loading_indicator' is visible

2018-03-06 10:01:22 - [MESSAGE][PASSED] - Object 'Object Repository/CuPaDl/Loading_indicator' is NOT visible

2018-03-06 10:01:23 - [MESSAGE][PASSED] - Delayed 1 second(s)

2018-03-06 10:01:23 - [MESSAGE][PASSED] - cupakeysDl.color.changecolor is PASSED

2018-03-06 10:01:23 - [TEST_STEP][PASSED] - Statement - (step++): null

2018-03-06 10:01:23 - [TEST_STEP][PASSED] - cupakeysDl.chngstruct.changestructure: cupakeysDl.chngstruct.changestructure is PASSED

2018-03-06 10:01:23 - [MESSAGE][PASSED] - Object: 'Object Repository/CuPaDl/Structure/Structure' is clicked on

2018-03-06 10:01:23 - [MESSAGE][WARNING] - Timeout '0' is invalid. Using default page load timeout: '30'

2018-03-06 10:01:23 - [MESSAGE][PASSED] - Object 'Object Repository/CuPaDl/Structure/Structure_Hahnentritt' is visible

2018-03-06 10:01:23 - [MESSAGE][PASSED] - Object 'Object Repository/CuPaDl/Structure/Structure_fadechessboard' is visible

2018-03-06 10:01:23 - [MESSAGE][PASSED] - Object: 'Object Repository/CuPaDl/Structure/Structure_fadechessboard' is clicked on

2018-03-06 10:01:25 - [MESSAGE][PASSED] - Object 'Object Repository/CuPaDl/Loading_indicator' is visible

2018-03-06 10:01:26 - [MESSAGE][PASSED] - Object 'Object Repository/CuPaDl/Loading_indicator' is NOT visible

2018-03-06 10:01:27 - [MESSAGE][PASSED] - Delayed 1 second(s)

2018-03-06 10:01:27 - [MESSAGE][PASSED] - cupakeysDl.chngstruct.changestructure is PASSED

2018-03-06 10:01:27 - [TEST_STEP][PASSED] - Statement - (step++): null

2018-03-06 10:01:27 - [TEST_STEP][PASSED] - cupakeysDl.sclstruct.scalestructure: cupakeysDl.sclstruct.scalestructure is PASSED

2018-03-06 10:01:30 - [MESSAGE][WARNING] - Object 'Object Repository/CuPaDl/Structure/Resize_Structure_bottomright' is not visible after 3 second(s)

2018-03-06 10:01:30 - [MESSAGE][PASSED] - Object: 'Object Repository/CuPaDl/Structure/Resize_Structure' is clicked on

2018-03-06 10:01:30 - [MESSAGE][WARNING] - Timeout '0' is invalid. Using default page load timeout: '30'

2018-03-06 10:01:30 - [MESSAGE][PASSED] - Object 'Object Repository/CuPaDl/Structure/Resize_Structure_bottomright' is visible

2018-03-06 10:01:31 - [MESSAGE][PASSED] - Delayed 1 second(s)

2018-03-06 10:01:31 - [MESSAGE][PASSED] - Current viewport's left (x) position is 0

2018-03-06 10:01:31 - [MESSAGE][PASSED] - Current viewport's top (y) position is 54

2018-03-06 10:01:31 - [MESSAGE][PASSED] - Dragged object with id 'Object Repository/CuPaDl/Structure/Resize_Structure_bottomright' by offset distance x = -225 and y = -171 successfully

2018-03-06 10:01:33 - [MESSAGE][PASSED] - Object 'Object Repository/CuPaDl/Loading_indicator' is visible

2018-03-06 10:01:34 - [MESSAGE][PASSED] - Object 'Object Repository/CuPaDl/Loading_indicator' is NOT visible

2018-03-06 10:01:35 - [MESSAGE][PASSED] - Delayed 1 second(s)

2018-03-06 10:01:35 - [MESSAGE][PASSED] - cupakeysDl.sclstruct.scalestructure is PASSED

2018-03-06 10:01:35 - [TEST_STEP][PASSED] - Statement - (step++): null

2018-03-06 10:01:35 - [TEST_STEP][PASSED] - Statement - iconmap += CustomKeywords.cupakeysDl.iconad.iconadd("surf", LoadTimeCorrector, step, run, device, timeStamp, iconcount): cupakeysDl.iconad.iconadd is PASSED

2018-03-06 10:01:35 - [MESSAGE][PASSED] - Object: 'Object Repository/CuPaDl/Icons/Icon' is clicked on

2018-03-06 10:01:35 - [MESSAGE][PASSED] - Object 'Object Repository/CuPaDl/Icons/Icon_surf' is visible

2018-03-06 10:01:35 - [MESSAGE][PASSED] - Object: 'Object Repository/CuPaDl/Icons/Icon_surf' is clicked on

2018-03-06 10:01:36 - [MESSAGE][PASSED] - Delayed 1 second(s)

2018-03-06 10:01:37 - [MESSAGE][PASSED] - Object 'Object Repository/CuPaDl/Loading_indicator' is visible

2018-03-06 10:01:38 - [MESSAGE][PASSED] - Object 'Object Repository/CuPaDl/Loading_indicator' is NOT visible

2018-03-06 10:01:38 - [MESSAGE][WARNING] - Timeout '0' is invalid. Using default page load timeout: '30'

2018-03-06 10:01:38 - [MESSAGE][PASSED] - Width of element 'Object Repository/CuPaDl/Icons/Reposition_icon' is '40'

2018-03-06 10:01:38 - [MESSAGE][PASSED] - Height of element 'Object Repository/CuPaDl/Icons/Reposition_icon' is '40'.

2018-03-06 10:01:39 - [MESSAGE][PASSED] - Delayed 1 second(s)

2018-03-06 10:01:39 - [MESSAGE][PASSED] - cupakeysDl.iconad.iconadd is PASSED

2018-03-06 10:01:39 - [TEST_STEP][PASSED] - Statement - (step++): null

2018-03-06 10:01:39 - [TEST_STEP][PASSED] - Statement - (iconcount++): null

2018-03-06 10:01:39 - [TEST_STEP][PASSED] - cupakeysDl.iconres.iconresize: cupakeysDl.iconres.iconresize is PASSED

2018-03-06 10:01:39 - [MESSAGE][PASSED] - Object 'Object Repository/CuPaDl/Icons/Reposition_icon' is visible

2018-03-06 10:01:39 - [MESSAGE][PASSED] - Current viewport's left (x) position is 0

2018-03-06 10:01:39 - [MESSAGE][PASSED] - Current viewport's top (y) position is 54

2018-03-06 10:01:39 - [MESSAGE][PASSED] - Dragged object with id 'Object Repository/CuPaDl/Icons/Resize_icon_bottomright' by offset distance x = -125 and y = -71 successfully

2018-03-06 10:01:40 - [MESSAGE][PASSED] - Object 'Object Repository/CuPaDl/Loading_indicator' is visible

2018-03-06 10:01:42 - [MESSAGE][PASSED] - Object 'Object Repository/CuPaDl/Loading_indicator' is NOT visible

2018-03-06 10:01:43 - [MESSAGE][PASSED] - Delayed 1 second(s)

2018-03-06 10:01:43 - [MESSAGE][PASSED] - cupakeysDl.iconres.iconresize is PASSED

2018-03-06 10:01:43 - [TEST_STEP][PASSED] - Statement - (step++): null

2018-03-06 10:01:43 - [TEST_STEP][PASSED] - cupakeysDl.slink.svlink: cupakeysDl.slink.svlink is PASSED

2018-03-06 10:01:43 - [MESSAGE][PASSED] - Scroll to object 'Object Repository/CuPaDl/Save/Save' successfully

2018-03-06 10:01:43 - [MESSAGE][PASSED] - Object: 'Object Repository/CuPaDl/Save/Save' is clicked on

2018-03-06 10:01:43 - [MESSAGE][WARNING] - Timeout '0' is invalid. Using default page load timeout: '30'

2018-03-06 10:01:44 - [MESSAGE][PASSED] - Object 'Object Repository/CuPaDl/Save/CopyLink' is visible

2018-03-06 10:01:44 - [MESSAGE][PASSED] - Attribute 'value' of object 'Object Repository/CuPaDl/Save/Link' is: 'https://d16a4dsnr8a0k1.cloudfront.net/en/2455233.html?scupaId=GDU5JGpZODI9VHo0RURM'

2018-03-06 10:01:44 - [MESSAGE][PASSED] - cupakeysDl.slink.svlink is PASSED

2018-03-06 10:01:44 - [TEST_STEP][PASSED] - cupakeysDl.endsession.finishsession: cupakeysDl.endsession.finishsession is PASSED

2018-03-06 10:01:47 - [MESSAGE][PASSED] - Delayed 3 second(s)

2018-03-06 10:01:48 - [MESSAGE][PASSED] - Browser is closed

2018-03-06 10:01:48 - [MESSAGE][PASSED] - cupakeysDl.endsession.finishsession is PASSED]]></system-out>
         <system-err><![CDATA[]]></system-err>
      </testcase>
      <testcase name="Test Cases/CuPaStefanie/24" classname="Test Cases/CuPaStefanie/24" status="PASSED">
         <system-out><![CDATA[2018-03-06 10:01:48 - [TEST_CASE][PASSED] - Test Cases/CuPaStefanie/24: Test Cases/CuPaStefanie/24

2018-03-06 10:01:48 - [TEST_STEP][PASSED] - Statement - timeStamp = new java.text.SimpleDateFormat(dd.MM.yyyy).format(java.util.Calendar.getInstance().getTime()): null

2018-03-06 10:01:48 - [TEST_STEP][PASSED] - Statement - timeStampScreenshot = new java.text.SimpleDateFormat(dd.MM.yyyy).format(java.util.Calendar.getInstance().getTime()): null

2018-03-06 10:01:48 - [TEST_STEP][PASSED] - Statement - iconmap = [:]: null

2018-03-06 10:01:48 - [TEST_STEP][PASSED] - Statement - txtmap = [:]: null

2018-03-06 10:01:48 - [TEST_STEP][PASSED] - Statement - signmap = [:]: null

2018-03-06 10:01:48 - [TEST_STEP][PASSED] - cupakeysDl.initStart.initialStart: cupakeysDl.initStart.initialStart is PASSED

2018-03-06 10:01:50 - [MESSAGE][PASSED] - Browser is opened with url: ''

2018-03-06 10:01:53 - [MESSAGE][PASSED] - Delayed 3 second(s)

2018-03-06 10:01:55 - [MESSAGE][PASSED] - Navigate to 'https://d16a4dsnr8a0k1.cloudfront.net/en/2455233.html?price=150.00%20%E2%82%AC&partName=wilsonPartName&vin=wilsonVin&modelCode=XP11&paint=P0A94&modelDescription=wilsonModelDescription&additionalEquipment=wilsonAdditionalEquipment' successfully

2018-03-06 10:01:55 - [MESSAGE][PASSED] - Object 'Object Repository/CuPaDl/Loading_indicator' is visible

2018-03-06 10:02:02 - [MESSAGE][PASSED] - Object 'Object Repository/CuPaDl/Loading_indicator' is NOT visible

2018-03-06 10:02:03 - [MESSAGE][PASSED] - Delayed 1 second(s)

2018-03-06 10:02:03 - [MESSAGE][PASSED] - cupakeysDl.initStart.initialStart is PASSED

2018-03-06 10:02:03 - [TEST_STEP][PASSED] - Statement - (step++): null

2018-03-06 10:02:03 - [TEST_STEP][PASSED] - cupakeysDl.color.changecolor: cupakeysDl.color.changecolor is PASSED

2018-03-06 10:02:03 - [MESSAGE][PASSED] - Object 'Object Repository/CuPaDl/Color/Color' is visible

2018-03-06 10:02:03 - [MESSAGE][PASSED] - Object: 'Object Repository/CuPaDl/Color/Color' is clicked on

2018-03-06 10:02:04 - [MESSAGE][PASSED] - Delayed 1 second(s)

2018-03-06 10:02:04 - [MESSAGE][PASSED] - Object 'Object Repository/CuPaDl/Color/Color_caribeanaqua' is visible

2018-03-06 10:02:04 - [MESSAGE][PASSED] - Object: 'Object Repository/CuPaDl/Color/Color_caribeanaqua' is clicked on

2018-03-06 10:02:04 - [MESSAGE][WARNING] - Timeout '0' is invalid. Using default page load timeout: '30'

2018-03-06 10:02:04 - [MESSAGE][PASSED] - Object 'Object Repository/CuPaDl/Color/Color_caribeanaqua' is visible

2018-03-06 10:02:05 - [MESSAGE][PASSED] - Delayed 1 second(s)

2018-03-06 10:02:05 - [MESSAGE][PASSED] - Object: 'Object Repository/CuPaDl/Color/Color_caribeanaqua' is clicked on

2018-03-06 10:02:07 - [MESSAGE][PASSED] - Object 'Object Repository/CuPaDl/Loading_indicator' is visible

2018-03-06 10:02:08 - [MESSAGE][PASSED] - Object 'Object Repository/CuPaDl/Loading_indicator' is NOT visible

2018-03-06 10:02:09 - [MESSAGE][PASSED] - Delayed 1 second(s)

2018-03-06 10:02:09 - [MESSAGE][PASSED] - cupakeysDl.color.changecolor is PASSED

2018-03-06 10:02:09 - [TEST_STEP][PASSED] - Statement - (step++): null

2018-03-06 10:02:09 - [TEST_STEP][PASSED] - cupakeysDl.chngstruct.changestructure: cupakeysDl.chngstruct.changestructure is PASSED

2018-03-06 10:02:09 - [MESSAGE][PASSED] - Object: 'Object Repository/CuPaDl/Structure/Structure' is clicked on

2018-03-06 10:02:09 - [MESSAGE][WARNING] - Timeout '0' is invalid. Using default page load timeout: '30'

2018-03-06 10:02:09 - [MESSAGE][PASSED] - Object 'Object Repository/CuPaDl/Structure/Structure_Hahnentritt' is visible

2018-03-06 10:02:09 - [MESSAGE][PASSED] - Object 'Object Repository/CuPaDl/Structure/Structure_fadechessboard' is visible

2018-03-06 10:02:09 - [MESSAGE][PASSED] - Object: 'Object Repository/CuPaDl/Structure/Structure_fadechessboard' is clicked on

2018-03-06 10:02:10 - [MESSAGE][PASSED] - Object 'Object Repository/CuPaDl/Loading_indicator' is visible

2018-03-06 10:02:11 - [MESSAGE][PASSED] - Object 'Object Repository/CuPaDl/Loading_indicator' is NOT visible

2018-03-06 10:02:12 - [MESSAGE][PASSED] - Delayed 1 second(s)

2018-03-06 10:02:12 - [MESSAGE][PASSED] - cupakeysDl.chngstruct.changestructure is PASSED

2018-03-06 10:02:12 - [TEST_STEP][PASSED] - Statement - (step++): null

2018-03-06 10:02:12 - [TEST_STEP][PASSED] - cupakeysDl.sclstruct.scalestructure: cupakeysDl.sclstruct.scalestructure is PASSED

2018-03-06 10:02:16 - [MESSAGE][WARNING] - Object 'Object Repository/CuPaDl/Structure/Resize_Structure_bottomright' is not visible after 3 second(s)

2018-03-06 10:02:16 - [MESSAGE][PASSED] - Object: 'Object Repository/CuPaDl/Structure/Resize_Structure' is clicked on

2018-03-06 10:02:16 - [MESSAGE][WARNING] - Timeout '0' is invalid. Using default page load timeout: '30'

2018-03-06 10:02:16 - [MESSAGE][PASSED] - Object 'Object Repository/CuPaDl/Structure/Resize_Structure_bottomright' is visible

2018-03-06 10:02:17 - [MESSAGE][PASSED] - Delayed 1 second(s)

2018-03-06 10:02:17 - [MESSAGE][PASSED] - Current viewport's left (x) position is 0

2018-03-06 10:02:17 - [MESSAGE][PASSED] - Current viewport's top (y) position is 54

2018-03-06 10:02:17 - [MESSAGE][PASSED] - Dragged object with id 'Object Repository/CuPaDl/Structure/Resize_Structure_bottomright' by offset distance x = 225 and y = 279 successfully

2018-03-06 10:02:20 - [MESSAGE][WARNING] - Object 'Object Repository/CuPaDl/Loading_indicator' is not visible after 3 second(s)

2018-03-06 10:02:21 - [MESSAGE][PASSED] - Delayed 1 second(s)

2018-03-06 10:02:21 - [MESSAGE][PASSED] - cupakeysDl.sclstruct.scalestructure is PASSED

2018-03-06 10:02:21 - [TEST_STEP][PASSED] - Statement - (step++): null

2018-03-06 10:02:21 - [TEST_STEP][PASSED] - Statement - iconmap += CustomKeywords.cupakeysDl.iconad.iconadd("surf", LoadTimeCorrector, step, run, device, timeStamp, iconcount): cupakeysDl.iconad.iconadd is PASSED

2018-03-06 10:02:21 - [MESSAGE][PASSED] - Object: 'Object Repository/CuPaDl/Icons/Icon' is clicked on

2018-03-06 10:02:21 - [MESSAGE][PASSED] - Object 'Object Repository/CuPaDl/Icons/Icon_surf' is visible

2018-03-06 10:02:21 - [MESSAGE][PASSED] - Object: 'Object Repository/CuPaDl/Icons/Icon_surf' is clicked on

2018-03-06 10:02:22 - [MESSAGE][PASSED] - Delayed 1 second(s)

2018-03-06 10:02:23 - [MESSAGE][PASSED] - Object 'Object Repository/CuPaDl/Loading_indicator' is visible

2018-03-06 10:02:24 - [MESSAGE][PASSED] - Object 'Object Repository/CuPaDl/Loading_indicator' is NOT visible

2018-03-06 10:02:24 - [MESSAGE][WARNING] - Timeout '0' is invalid. Using default page load timeout: '30'

2018-03-06 10:02:24 - [MESSAGE][PASSED] - Width of element 'Object Repository/CuPaDl/Icons/Reposition_icon' is '40'

2018-03-06 10:02:24 - [MESSAGE][PASSED] - Height of element 'Object Repository/CuPaDl/Icons/Reposition_icon' is '40'.

2018-03-06 10:02:25 - [MESSAGE][PASSED] - Delayed 1 second(s)

2018-03-06 10:02:25 - [MESSAGE][PASSED] - cupakeysDl.iconad.iconadd is PASSED

2018-03-06 10:02:25 - [TEST_STEP][PASSED] - Statement - (step++): null

2018-03-06 10:02:25 - [TEST_STEP][PASSED] - Statement - (iconcount++): null

2018-03-06 10:02:25 - [TEST_STEP][PASSED] - cupakeysDl.iconres.iconresize: cupakeysDl.iconres.iconresize is PASSED

2018-03-06 10:02:25 - [MESSAGE][PASSED] - Object 'Object Repository/CuPaDl/Icons/Reposition_icon' is visible

2018-03-06 10:02:25 - [MESSAGE][PASSED] - Current viewport's left (x) position is 0

2018-03-06 10:02:25 - [MESSAGE][PASSED] - Current viewport's top (y) position is 54

2018-03-06 10:02:25 - [MESSAGE][PASSED] - Dragged object with id 'Object Repository/CuPaDl/Icons/Resize_icon_bottomright' by offset distance x = 125 and y = 179 successfully

2018-03-06 10:02:27 - [MESSAGE][PASSED] - Object 'Object Repository/CuPaDl/Loading_indicator' is visible

2018-03-06 10:02:28 - [MESSAGE][PASSED] - Object 'Object Repository/CuPaDl/Loading_indicator' is NOT visible

2018-03-06 10:02:29 - [MESSAGE][PASSED] - Delayed 1 second(s)

2018-03-06 10:02:29 - [MESSAGE][PASSED] - cupakeysDl.iconres.iconresize is PASSED

2018-03-06 10:02:29 - [TEST_STEP][PASSED] - Statement - (step++): null

2018-03-06 10:02:29 - [TEST_STEP][PASSED] - cupakeysDl.slink.svlink: cupakeysDl.slink.svlink is PASSED

2018-03-06 10:02:29 - [MESSAGE][PASSED] - Scroll to object 'Object Repository/CuPaDl/Save/Save' successfully

2018-03-06 10:02:29 - [MESSAGE][PASSED] - Object: 'Object Repository/CuPaDl/Save/Save' is clicked on

2018-03-06 10:02:29 - [MESSAGE][WARNING] - Timeout '0' is invalid. Using default page load timeout: '30'

2018-03-06 10:02:31 - [MESSAGE][PASSED] - Object 'Object Repository/CuPaDl/Save/CopyLink' is visible

2018-03-06 10:02:31 - [MESSAGE][PASSED] - Attribute 'value' of object 'Object Repository/CuPaDl/Save/Link' is: 'https://d16a4dsnr8a0k1.cloudfront.net/en/2455233.html?scupaId=D10/IHEmMysrUno0RURM'

2018-03-06 10:02:31 - [MESSAGE][PASSED] - cupakeysDl.slink.svlink is PASSED

2018-03-06 10:02:31 - [TEST_STEP][PASSED] - cupakeysDl.endsession.finishsession: cupakeysDl.endsession.finishsession is PASSED

2018-03-06 10:02:34 - [MESSAGE][PASSED] - Delayed 3 second(s)

2018-03-06 10:02:34 - [MESSAGE][PASSED] - Browser is closed

2018-03-06 10:02:34 - [MESSAGE][PASSED] - cupakeysDl.endsession.finishsession is PASSED]]></system-out>
         <system-err><![CDATA[]]></system-err>
      </testcase>
      <testcase name="Test Cases/CuPaStefanie/25" classname="Test Cases/CuPaStefanie/25" status="PASSED">
         <system-out><![CDATA[2018-03-06 10:02:34 - [TEST_CASE][PASSED] - Test Cases/CuPaStefanie/25: Test Cases/CuPaStefanie/25

2018-03-06 10:02:34 - [TEST_STEP][PASSED] - Statement - timeStamp = new java.text.SimpleDateFormat(dd.MM.yyyy).format(java.util.Calendar.getInstance().getTime()): null

2018-03-06 10:02:34 - [TEST_STEP][PASSED] - Statement - timeStampScreenshot = new java.text.SimpleDateFormat(dd.MM.yyyy).format(java.util.Calendar.getInstance().getTime()): null

2018-03-06 10:02:34 - [TEST_STEP][PASSED] - Statement - iconmap = [:]: null

2018-03-06 10:02:34 - [TEST_STEP][PASSED] - Statement - txtmap = [:]: null

2018-03-06 10:02:34 - [TEST_STEP][PASSED] - Statement - signmap = [:]: null

2018-03-06 10:02:34 - [TEST_STEP][PASSED] - cupakeysDl.initStart.initialStart: cupakeysDl.initStart.initialStart is PASSED

2018-03-06 10:02:36 - [MESSAGE][PASSED] - Browser is opened with url: ''

2018-03-06 10:02:39 - [MESSAGE][PASSED] - Delayed 3 second(s)

2018-03-06 10:02:41 - [MESSAGE][PASSED] - Navigate to 'https://d16a4dsnr8a0k1.cloudfront.net/en/2455233.html?price=150.00%20%E2%82%AC&partName=wilsonPartName&vin=wilsonVin&modelCode=XP11&paint=P0A94&modelDescription=wilsonModelDescription&additionalEquipment=wilsonAdditionalEquipment' successfully

2018-03-06 10:02:41 - [MESSAGE][PASSED] - Object 'Object Repository/CuPaDl/Loading_indicator' is visible

2018-03-06 10:02:48 - [MESSAGE][PASSED] - Object 'Object Repository/CuPaDl/Loading_indicator' is NOT visible

2018-03-06 10:02:49 - [MESSAGE][PASSED] - Delayed 1 second(s)

2018-03-06 10:02:49 - [MESSAGE][PASSED] - cupakeysDl.initStart.initialStart is PASSED

2018-03-06 10:02:49 - [TEST_STEP][PASSED] - Statement - (step++): null

2018-03-06 10:02:49 - [TEST_STEP][PASSED] - cupakeysDl.color.changecolor: cupakeysDl.color.changecolor is PASSED

2018-03-06 10:02:49 - [MESSAGE][PASSED] - Object 'Object Repository/CuPaDl/Color/Color' is visible

2018-03-06 10:02:49 - [MESSAGE][PASSED] - Object: 'Object Repository/CuPaDl/Color/Color' is clicked on

2018-03-06 10:02:50 - [MESSAGE][PASSED] - Delayed 1 second(s)

2018-03-06 10:02:50 - [MESSAGE][PASSED] - Object 'Object Repository/CuPaDl/Color/Color_jetblack' is visible

2018-03-06 10:02:50 - [MESSAGE][PASSED] - Object: 'Object Repository/CuPaDl/Color/Color_jetblack' is clicked on

2018-03-06 10:02:50 - [MESSAGE][WARNING] - Timeout '0' is invalid. Using default page load timeout: '30'

2018-03-06 10:02:50 - [MESSAGE][PASSED] - Object 'Object Repository/CuPaDl/Color/Color_jetblack' is visible

2018-03-06 10:02:51 - [MESSAGE][PASSED] - Delayed 1 second(s)

2018-03-06 10:02:52 - [MESSAGE][PASSED] - Object: 'Object Repository/CuPaDl/Color/Color_jetblack' is clicked on

2018-03-06 10:02:52 - [MESSAGE][PASSED] - Object 'Object Repository/CuPaDl/Loading_indicator' is visible

2018-03-06 10:02:54 - [MESSAGE][PASSED] - Object 'Object Repository/CuPaDl/Loading_indicator' is NOT visible

2018-03-06 10:02:55 - [MESSAGE][PASSED] - Delayed 1 second(s)

2018-03-06 10:02:55 - [MESSAGE][PASSED] - cupakeysDl.color.changecolor is PASSED

2018-03-06 10:02:55 - [TEST_STEP][PASSED] - Statement - (step++): null

2018-03-06 10:02:55 - [TEST_STEP][PASSED] - cupakeysDl.chngstruct.changestructure: cupakeysDl.chngstruct.changestructure is PASSED

2018-03-06 10:02:55 - [MESSAGE][PASSED] - Object: 'Object Repository/CuPaDl/Structure/Structure' is clicked on

2018-03-06 10:02:55 - [MESSAGE][WARNING] - Timeout '0' is invalid. Using default page load timeout: '30'

2018-03-06 10:02:55 - [MESSAGE][PASSED] - Object 'Object Repository/CuPaDl/Structure/Structure_Hahnentritt' is visible

2018-03-06 10:02:55 - [MESSAGE][PASSED] - Object 'Object Repository/CuPaDl/Structure/Structure_fadeangel' is visible

2018-03-06 10:02:55 - [MESSAGE][PASSED] - Object: 'Object Repository/CuPaDl/Structure/Structure_fadeangel' is clicked on

2018-03-06 10:02:56 - [MESSAGE][PASSED] - Object 'Object Repository/CuPaDl/Loading_indicator' is visible

2018-03-06 10:03:00 - [MESSAGE][PASSED] - Object 'Object Repository/CuPaDl/Loading_indicator' is NOT visible

2018-03-06 10:03:01 - [MESSAGE][PASSED] - Delayed 1 second(s)

2018-03-06 10:03:01 - [MESSAGE][PASSED] - cupakeysDl.chngstruct.changestructure is PASSED

2018-03-06 10:03:01 - [TEST_STEP][PASSED] - Statement - (step++): null

2018-03-06 10:03:01 - [TEST_STEP][PASSED] - cupakeysDl.sclstruct.scalestructure: cupakeysDl.sclstruct.scalestructure is PASSED

2018-03-06 10:03:04 - [MESSAGE][WARNING] - Object 'Object Repository/CuPaDl/Structure/Resize_Structure_bottomright' is not visible after 3 second(s)

2018-03-06 10:03:04 - [MESSAGE][PASSED] - Object: 'Object Repository/CuPaDl/Structure/Resize_Structure' is clicked on

2018-03-06 10:03:04 - [MESSAGE][WARNING] - Timeout '0' is invalid. Using default page load timeout: '30'

2018-03-06 10:03:04 - [MESSAGE][PASSED] - Object 'Object Repository/CuPaDl/Structure/Resize_Structure_bottomright' is visible

2018-03-06 10:03:05 - [MESSAGE][PASSED] - Delayed 1 second(s)

2018-03-06 10:03:05 - [MESSAGE][PASSED] - Current viewport's left (x) position is 0

2018-03-06 10:03:05 - [MESSAGE][PASSED] - Current viewport's top (y) position is 54

2018-03-06 10:03:05 - [MESSAGE][PASSED] - Dragged object with id 'Object Repository/CuPaDl/Structure/Resize_Structure_bottomright' by offset distance x = -225 and y = -171 successfully

2018-03-06 10:03:06 - [MESSAGE][PASSED] - Object 'Object Repository/CuPaDl/Loading_indicator' is visible

2018-03-06 10:03:09 - [MESSAGE][PASSED] - Object 'Object Repository/CuPaDl/Loading_indicator' is NOT visible

2018-03-06 10:03:10 - [MESSAGE][PASSED] - Delayed 1 second(s)

2018-03-06 10:03:10 - [MESSAGE][PASSED] - cupakeysDl.sclstruct.scalestructure is PASSED

2018-03-06 10:03:10 - [TEST_STEP][PASSED] - Statement - (step++): null

2018-03-06 10:03:10 - [TEST_STEP][PASSED] - Statement - iconmap += CustomKeywords.cupakeysDl.iconad.iconadd("snow", LoadTimeCorrector, step, run, device, timeStamp, iconcount): cupakeysDl.iconad.iconadd is PASSED

2018-03-06 10:03:10 - [MESSAGE][PASSED] - Object: 'Object Repository/CuPaDl/Icons/Icon' is clicked on

2018-03-06 10:03:10 - [MESSAGE][PASSED] - Object 'Object Repository/CuPaDl/Icons/Icon_snow' is visible

2018-03-06 10:03:10 - [MESSAGE][PASSED] - Object: 'Object Repository/CuPaDl/Icons/Icon_snow' is clicked on

2018-03-06 10:03:11 - [MESSAGE][PASSED] - Delayed 1 second(s)

2018-03-06 10:03:11 - [MESSAGE][PASSED] - Object 'Object Repository/CuPaDl/Loading_indicator' is visible

2018-03-06 10:03:15 - [MESSAGE][PASSED] - Object 'Object Repository/CuPaDl/Loading_indicator' is NOT visible

2018-03-06 10:03:15 - [MESSAGE][WARNING] - Timeout '0' is invalid. Using default page load timeout: '30'

2018-03-06 10:03:15 - [MESSAGE][PASSED] - Width of element 'Object Repository/CuPaDl/Icons/Reposition_icon' is '40'

2018-03-06 10:03:15 - [MESSAGE][PASSED] - Height of element 'Object Repository/CuPaDl/Icons/Reposition_icon' is '40'.

2018-03-06 10:03:16 - [MESSAGE][PASSED] - Delayed 1 second(s)

2018-03-06 10:03:16 - [MESSAGE][PASSED] - cupakeysDl.iconad.iconadd is PASSED

2018-03-06 10:03:16 - [TEST_STEP][PASSED] - Statement - (step++): null

2018-03-06 10:03:16 - [TEST_STEP][PASSED] - Statement - (iconcount++): null

2018-03-06 10:03:16 - [TEST_STEP][PASSED] - cupakeysDl.iconres.iconresize: cupakeysDl.iconres.iconresize is PASSED

2018-03-06 10:03:16 - [MESSAGE][PASSED] - Object 'Object Repository/CuPaDl/Icons/Reposition_icon' is visible

2018-03-06 10:03:16 - [MESSAGE][PASSED] - Current viewport's left (x) position is 0

2018-03-06 10:03:16 - [MESSAGE][PASSED] - Current viewport's top (y) position is 54

2018-03-06 10:03:16 - [MESSAGE][PASSED] - Dragged object with id 'Object Repository/CuPaDl/Icons/Resize_icon_bottomright' by offset distance x = -125 and y = -71 successfully

2018-03-06 10:03:17 - [MESSAGE][PASSED] - Object 'Object Repository/CuPaDl/Loading_indicator' is visible

2018-03-06 10:03:21 - [MESSAGE][PASSED] - Object 'Object Repository/CuPaDl/Loading_indicator' is NOT visible

2018-03-06 10:03:22 - [MESSAGE][PASSED] - Delayed 1 second(s)

2018-03-06 10:03:22 - [MESSAGE][PASSED] - cupakeysDl.iconres.iconresize is PASSED

2018-03-06 10:03:22 - [TEST_STEP][PASSED] - Statement - (step++): null

2018-03-06 10:03:22 - [TEST_STEP][PASSED] - cupakeysDl.slink.svlink: cupakeysDl.slink.svlink is PASSED

2018-03-06 10:03:22 - [MESSAGE][PASSED] - Scroll to object 'Object Repository/CuPaDl/Save/Save' successfully

2018-03-06 10:03:22 - [MESSAGE][PASSED] - Object: 'Object Repository/CuPaDl/Save/Save' is clicked on

2018-03-06 10:03:22 - [MESSAGE][WARNING] - Timeout '0' is invalid. Using default page load timeout: '30'

2018-03-06 10:03:24 - [MESSAGE][PASSED] - Object 'Object Repository/CuPaDl/Save/CopyLink' is visible

2018-03-06 10:03:24 - [MESSAGE][PASSED] - Attribute 'value' of object 'Object Repository/CuPaDl/Save/Link' is: 'https://d16a4dsnr8a0k1.cloudfront.net/en/2455233.html?scupaId=BCBbMXE8K1FaLno4Q0JM'

2018-03-06 10:03:24 - [MESSAGE][PASSED] - cupakeysDl.slink.svlink is PASSED

2018-03-06 10:03:24 - [TEST_STEP][PASSED] - cupakeysDl.endsession.finishsession: cupakeysDl.endsession.finishsession is PASSED

2018-03-06 10:03:27 - [MESSAGE][PASSED] - Delayed 3 second(s)

2018-03-06 10:03:27 - [MESSAGE][PASSED] - Browser is closed

2018-03-06 10:03:27 - [MESSAGE][PASSED] - cupakeysDl.endsession.finishsession is PASSED]]></system-out>
         <system-err><![CDATA[]]></system-err>
      </testcase>
      <testcase name="Test Cases/CuPaStefanie/26" classname="Test Cases/CuPaStefanie/26" status="PASSED">
         <system-out><![CDATA[2018-03-06 10:03:27 - [TEST_CASE][PASSED] - Test Cases/CuPaStefanie/26: Test Cases/CuPaStefanie/26

2018-03-06 10:03:27 - [TEST_STEP][PASSED] - Statement - timeStamp = new java.text.SimpleDateFormat(dd.MM.yyyy).format(java.util.Calendar.getInstance().getTime()): null

2018-03-06 10:03:27 - [TEST_STEP][PASSED] - Statement - timeStampScreenshot = new java.text.SimpleDateFormat(dd.MM.yyyy).format(java.util.Calendar.getInstance().getTime()): null

2018-03-06 10:03:27 - [TEST_STEP][PASSED] - Statement - iconmap = [:]: null

2018-03-06 10:03:27 - [TEST_STEP][PASSED] - Statement - txtmap = [:]: null

2018-03-06 10:03:27 - [TEST_STEP][PASSED] - Statement - signmap = [:]: null

2018-03-06 10:03:27 - [TEST_STEP][PASSED] - cupakeysDl.initStart.initialStart: cupakeysDl.initStart.initialStart is PASSED

2018-03-06 10:03:29 - [MESSAGE][PASSED] - Browser is opened with url: ''

2018-03-06 10:03:32 - [MESSAGE][PASSED] - Delayed 3 second(s)

2018-03-06 10:03:35 - [MESSAGE][PASSED] - Navigate to 'https://d16a4dsnr8a0k1.cloudfront.net/en/2455233.html?price=150.00%20%E2%82%AC&partName=wilsonPartName&vin=wilsonVin&modelCode=XP11&paint=P0A94&modelDescription=wilsonModelDescription&additionalEquipment=wilsonAdditionalEquipment' successfully

2018-03-06 10:03:35 - [MESSAGE][PASSED] - Object 'Object Repository/CuPaDl/Loading_indicator' is visible

2018-03-06 10:03:44 - [MESSAGE][PASSED] - Object 'Object Repository/CuPaDl/Loading_indicator' is NOT visible

2018-03-06 10:03:45 - [MESSAGE][PASSED] - Delayed 1 second(s)

2018-03-06 10:03:45 - [MESSAGE][PASSED] - cupakeysDl.initStart.initialStart is PASSED

2018-03-06 10:03:45 - [TEST_STEP][PASSED] - Statement - (step++): null

2018-03-06 10:03:45 - [TEST_STEP][PASSED] - cupakeysDl.color.changecolor: cupakeysDl.color.changecolor is PASSED

2018-03-06 10:03:45 - [MESSAGE][PASSED] - Object 'Object Repository/CuPaDl/Color/Color' is visible

2018-03-06 10:03:45 - [MESSAGE][PASSED] - Object: 'Object Repository/CuPaDl/Color/Color' is clicked on

2018-03-06 10:03:46 - [MESSAGE][PASSED] - Delayed 1 second(s)

2018-03-06 10:03:46 - [MESSAGE][PASSED] - Object 'Object Repository/CuPaDl/Color/Color_jetblack' is visible

2018-03-06 10:03:46 - [MESSAGE][PASSED] - Object: 'Object Repository/CuPaDl/Color/Color_jetblack' is clicked on

2018-03-06 10:03:46 - [MESSAGE][WARNING] - Timeout '0' is invalid. Using default page load timeout: '30'

2018-03-06 10:03:46 - [MESSAGE][PASSED] - Object 'Object Repository/CuPaDl/Color/Color_jetblack' is visible

2018-03-06 10:03:47 - [MESSAGE][PASSED] - Delayed 1 second(s)

2018-03-06 10:03:47 - [MESSAGE][PASSED] - Object: 'Object Repository/CuPaDl/Color/Color_jetblack' is clicked on

2018-03-06 10:03:47 - [MESSAGE][PASSED] - Object 'Object Repository/CuPaDl/Loading_indicator' is visible

2018-03-06 10:03:50 - [MESSAGE][PASSED] - Object 'Object Repository/CuPaDl/Loading_indicator' is NOT visible

2018-03-06 10:03:51 - [MESSAGE][PASSED] - Delayed 1 second(s)

2018-03-06 10:03:51 - [MESSAGE][PASSED] - cupakeysDl.color.changecolor is PASSED

2018-03-06 10:03:51 - [TEST_STEP][PASSED] - Statement - (step++): null

2018-03-06 10:03:51 - [TEST_STEP][PASSED] - cupakeysDl.chngstruct.changestructure: cupakeysDl.chngstruct.changestructure is PASSED

2018-03-06 10:03:51 - [MESSAGE][PASSED] - Object: 'Object Repository/CuPaDl/Structure/Structure' is clicked on

2018-03-06 10:03:51 - [MESSAGE][WARNING] - Timeout '0' is invalid. Using default page load timeout: '30'

2018-03-06 10:03:51 - [MESSAGE][PASSED] - Object 'Object Repository/CuPaDl/Structure/Structure_Hahnentritt' is visible

2018-03-06 10:03:51 - [MESSAGE][PASSED] - Object 'Object Repository/CuPaDl/Structure/Structure_fadeangel' is visible

2018-03-06 10:03:51 - [MESSAGE][PASSED] - Object: 'Object Repository/CuPaDl/Structure/Structure_fadeangel' is clicked on

2018-03-06 10:03:52 - [MESSAGE][PASSED] - Object 'Object Repository/CuPaDl/Loading_indicator' is visible

2018-03-06 10:03:55 - [MESSAGE][PASSED] - Object 'Object Repository/CuPaDl/Loading_indicator' is NOT visible

2018-03-06 10:03:56 - [MESSAGE][PASSED] - Delayed 1 second(s)

2018-03-06 10:03:56 - [MESSAGE][PASSED] - cupakeysDl.chngstruct.changestructure is PASSED

2018-03-06 10:03:56 - [TEST_STEP][PASSED] - Statement - (step++): null

2018-03-06 10:03:56 - [TEST_STEP][PASSED] - cupakeysDl.sclstruct.scalestructure: cupakeysDl.sclstruct.scalestructure is PASSED

2018-03-06 10:04:00 - [MESSAGE][WARNING] - Object 'Object Repository/CuPaDl/Structure/Resize_Structure_bottomright' is not visible after 3 second(s)

2018-03-06 10:04:00 - [MESSAGE][PASSED] - Object: 'Object Repository/CuPaDl/Structure/Resize_Structure' is clicked on

2018-03-06 10:04:00 - [MESSAGE][WARNING] - Timeout '0' is invalid. Using default page load timeout: '30'

2018-03-06 10:04:00 - [MESSAGE][PASSED] - Object 'Object Repository/CuPaDl/Structure/Resize_Structure_bottomright' is visible

2018-03-06 10:04:01 - [MESSAGE][PASSED] - Delayed 1 second(s)

2018-03-06 10:04:01 - [MESSAGE][PASSED] - Current viewport's left (x) position is 0

2018-03-06 10:04:01 - [MESSAGE][PASSED] - Current viewport's top (y) position is 54

2018-03-06 10:04:01 - [MESSAGE][PASSED] - Dragged object with id 'Object Repository/CuPaDl/Structure/Resize_Structure_bottomright' by offset distance x = 225 and y = 279 successfully

2018-03-06 10:04:02 - [MESSAGE][PASSED] - Object 'Object Repository/CuPaDl/Loading_indicator' is visible

2018-03-06 10:04:05 - [MESSAGE][PASSED] - Object 'Object Repository/CuPaDl/Loading_indicator' is NOT visible

2018-03-06 10:04:06 - [MESSAGE][PASSED] - Delayed 1 second(s)

2018-03-06 10:04:06 - [MESSAGE][PASSED] - cupakeysDl.sclstruct.scalestructure is PASSED

2018-03-06 10:04:06 - [TEST_STEP][PASSED] - Statement - (step++): null

2018-03-06 10:04:06 - [TEST_STEP][PASSED] - Statement - iconmap += CustomKeywords.cupakeysDl.iconad.iconadd("snow", LoadTimeCorrector, step, run, device, timeStamp, iconcount): cupakeysDl.iconad.iconadd is PASSED

2018-03-06 10:04:06 - [MESSAGE][PASSED] - Object: 'Object Repository/CuPaDl/Icons/Icon' is clicked on

2018-03-06 10:04:06 - [MESSAGE][PASSED] - Object 'Object Repository/CuPaDl/Icons/Icon_snow' is visible

2018-03-06 10:04:06 - [MESSAGE][PASSED] - Object: 'Object Repository/CuPaDl/Icons/Icon_snow' is clicked on

2018-03-06 10:04:07 - [MESSAGE][PASSED] - Delayed 1 second(s)

2018-03-06 10:04:07 - [MESSAGE][PASSED] - Object 'Object Repository/CuPaDl/Loading_indicator' is visible

2018-03-06 10:04:10 - [MESSAGE][PASSED] - Object 'Object Repository/CuPaDl/Loading_indicator' is NOT visible

2018-03-06 10:04:10 - [MESSAGE][WARNING] - Timeout '0' is invalid. Using default page load timeout: '30'

2018-03-06 10:04:10 - [MESSAGE][PASSED] - Width of element 'Object Repository/CuPaDl/Icons/Reposition_icon' is '40'

2018-03-06 10:04:10 - [MESSAGE][PASSED] - Height of element 'Object Repository/CuPaDl/Icons/Reposition_icon' is '40'.

2018-03-06 10:04:11 - [MESSAGE][PASSED] - Delayed 1 second(s)

2018-03-06 10:04:11 - [MESSAGE][PASSED] - cupakeysDl.iconad.iconadd is PASSED

2018-03-06 10:04:11 - [TEST_STEP][PASSED] - Statement - (step++): null

2018-03-06 10:04:11 - [TEST_STEP][PASSED] - Statement - (iconcount++): null

2018-03-06 10:04:11 - [TEST_STEP][PASSED] - cupakeysDl.iconres.iconresize: cupakeysDl.iconres.iconresize is PASSED

2018-03-06 10:04:11 - [MESSAGE][PASSED] - Object 'Object Repository/CuPaDl/Icons/Reposition_icon' is visible

2018-03-06 10:04:11 - [MESSAGE][PASSED] - Current viewport's left (x) position is 0

2018-03-06 10:04:11 - [MESSAGE][PASSED] - Current viewport's top (y) position is 54

2018-03-06 10:04:11 - [MESSAGE][PASSED] - Dragged object with id 'Object Repository/CuPaDl/Icons/Resize_icon_bottomright' by offset distance x = 125 and y = 179 successfully

2018-03-06 10:04:12 - [MESSAGE][PASSED] - Object 'Object Repository/CuPaDl/Loading_indicator' is visible

2018-03-06 10:04:15 - [MESSAGE][PASSED] - Object 'Object Repository/CuPaDl/Loading_indicator' is NOT visible

2018-03-06 10:04:16 - [MESSAGE][PASSED] - Delayed 1 second(s)

2018-03-06 10:04:16 - [MESSAGE][PASSED] - cupakeysDl.iconres.iconresize is PASSED

2018-03-06 10:04:16 - [TEST_STEP][PASSED] - Statement - (step++): null

2018-03-06 10:04:16 - [TEST_STEP][PASSED] - cupakeysDl.slink.svlink: cupakeysDl.slink.svlink is PASSED

2018-03-06 10:04:16 - [MESSAGE][PASSED] - Scroll to object 'Object Repository/CuPaDl/Save/Save' successfully

2018-03-06 10:04:16 - [MESSAGE][PASSED] - Object: 'Object Repository/CuPaDl/Save/Save' is clicked on

2018-03-06 10:04:16 - [MESSAGE][WARNING] - Timeout '0' is invalid. Using default page load timeout: '30'

2018-03-06 10:04:18 - [MESSAGE][PASSED] - Object 'Object Repository/CuPaDl/Save/CopyLink' is visible

2018-03-06 10:04:18 - [MESSAGE][PASSED] - Attribute 'value' of object 'Object Repository/CuPaDl/Save/Link' is: 'https://d16a4dsnr8a0k1.cloudfront.net/en/2455233.html?scupaId=HyBXU2EsUSM6Ino4Q0JM'

2018-03-06 10:04:18 - [MESSAGE][PASSED] - cupakeysDl.slink.svlink is PASSED

2018-03-06 10:04:18 - [TEST_STEP][PASSED] - cupakeysDl.endsession.finishsession: cupakeysDl.endsession.finishsession is PASSED

2018-03-06 10:04:21 - [MESSAGE][PASSED] - Delayed 3 second(s)

2018-03-06 10:04:22 - [MESSAGE][PASSED] - Browser is closed

2018-03-06 10:04:22 - [MESSAGE][PASSED] - cupakeysDl.endsession.finishsession is PASSED]]></system-out>
         <system-err><![CDATA[]]></system-err>
      </testcase>
      <testcase name="Test Cases/CuPaStefanie/27" classname="Test Cases/CuPaStefanie/27" status="PASSED">
         <system-out><![CDATA[2018-03-06 10:04:22 - [TEST_CASE][PASSED] - Test Cases/CuPaStefanie/27: Test Cases/CuPaStefanie/27

2018-03-06 10:04:22 - [TEST_STEP][PASSED] - Statement - timeStamp = new java.text.SimpleDateFormat(dd.MM.yyyy).format(java.util.Calendar.getInstance().getTime()): null

2018-03-06 10:04:22 - [TEST_STEP][PASSED] - Statement - timeStampScreenshot = new java.text.SimpleDateFormat(dd.MM.yyyy).format(java.util.Calendar.getInstance().getTime()): null

2018-03-06 10:04:22 - [TEST_STEP][PASSED] - Statement - iconmap = [:]: null

2018-03-06 10:04:22 - [TEST_STEP][PASSED] - Statement - txtmap = [:]: null

2018-03-06 10:04:22 - [TEST_STEP][PASSED] - Statement - signmap = [:]: null

2018-03-06 10:04:22 - [TEST_STEP][PASSED] - cupakeysDl.initStart.initialStart: cupakeysDl.initStart.initialStart is PASSED

2018-03-06 10:04:24 - [MESSAGE][PASSED] - Browser is opened with url: ''

2018-03-06 10:04:27 - [MESSAGE][PASSED] - Delayed 3 second(s)

2018-03-06 10:04:28 - [MESSAGE][PASSED] - Navigate to 'https://d16a4dsnr8a0k1.cloudfront.net/en/2455233.html?price=150.00%20%E2%82%AC&partName=wilsonPartName&vin=wilsonVin&modelCode=XP11&paint=P0A94&modelDescription=wilsonModelDescription&additionalEquipment=wilsonAdditionalEquipment' successfully

2018-03-06 10:04:28 - [MESSAGE][PASSED] - Object 'Object Repository/CuPaDl/Loading_indicator' is visible

2018-03-06 10:04:36 - [MESSAGE][PASSED] - Object 'Object Repository/CuPaDl/Loading_indicator' is NOT visible

2018-03-06 10:04:37 - [MESSAGE][PASSED] - Delayed 1 second(s)

2018-03-06 10:04:37 - [MESSAGE][PASSED] - cupakeysDl.initStart.initialStart is PASSED

2018-03-06 10:04:37 - [TEST_STEP][PASSED] - Statement - (step++): null

2018-03-06 10:04:37 - [TEST_STEP][PASSED] - cupakeysDl.color.changecolor: cupakeysDl.color.changecolor is PASSED

2018-03-06 10:04:37 - [MESSAGE][PASSED] - Object 'Object Repository/CuPaDl/Color/Color' is visible

2018-03-06 10:04:37 - [MESSAGE][PASSED] - Object: 'Object Repository/CuPaDl/Color/Color' is clicked on

2018-03-06 10:04:38 - [MESSAGE][PASSED] - Delayed 1 second(s)

2018-03-06 10:04:38 - [MESSAGE][PASSED] - Object 'Object Repository/CuPaDl/Color/Color_moonwalkgrey' is visible

2018-03-06 10:04:38 - [MESSAGE][PASSED] - Object: 'Object Repository/CuPaDl/Color/Color_moonwalkgrey' is clicked on

2018-03-06 10:04:38 - [MESSAGE][WARNING] - Timeout '0' is invalid. Using default page load timeout: '30'

2018-03-06 10:04:38 - [MESSAGE][PASSED] - Object 'Object Repository/CuPaDl/Color/Color_moonwalkgrey' is visible

2018-03-06 10:04:39 - [MESSAGE][PASSED] - Delayed 1 second(s)

2018-03-06 10:04:39 - [MESSAGE][PASSED] - Object: 'Object Repository/CuPaDl/Color/Color_moonwalkgrey' is clicked on

2018-03-06 10:04:41 - [MESSAGE][PASSED] - Object 'Object Repository/CuPaDl/Loading_indicator' is visible

2018-03-06 10:04:42 - [MESSAGE][PASSED] - Object 'Object Repository/CuPaDl/Loading_indicator' is NOT visible

2018-03-06 10:04:43 - [MESSAGE][PASSED] - Delayed 1 second(s)

2018-03-06 10:04:43 - [MESSAGE][PASSED] - cupakeysDl.color.changecolor is PASSED

2018-03-06 10:04:43 - [TEST_STEP][PASSED] - Statement - (step++): null

2018-03-06 10:04:43 - [TEST_STEP][PASSED] - cupakeysDl.chngstruct.changestructure: cupakeysDl.chngstruct.changestructure is PASSED

2018-03-06 10:04:43 - [MESSAGE][PASSED] - Object: 'Object Repository/CuPaDl/Structure/Structure' is clicked on

2018-03-06 10:04:43 - [MESSAGE][WARNING] - Timeout '0' is invalid. Using default page load timeout: '30'

2018-03-06 10:04:43 - [MESSAGE][PASSED] - Object 'Object Repository/CuPaDl/Structure/Structure_Hahnentritt' is visible

2018-03-06 10:04:43 - [MESSAGE][PASSED] - Object 'Object Repository/CuPaDl/Structure/Structure_fadequadrop' is visible

2018-03-06 10:04:43 - [MESSAGE][PASSED] - Object: 'Object Repository/CuPaDl/Structure/Structure_fadequadrop' is clicked on

2018-03-06 10:04:44 - [MESSAGE][PASSED] - Object 'Object Repository/CuPaDl/Loading_indicator' is visible

2018-03-06 10:04:49 - [MESSAGE][PASSED] - Object 'Object Repository/CuPaDl/Loading_indicator' is NOT visible

2018-03-06 10:04:50 - [MESSAGE][PASSED] - Delayed 1 second(s)

2018-03-06 10:04:50 - [MESSAGE][PASSED] - cupakeysDl.chngstruct.changestructure is PASSED

2018-03-06 10:04:50 - [TEST_STEP][PASSED] - Statement - (step++): null

2018-03-06 10:04:50 - [TEST_STEP][PASSED] - cupakeysDl.sclstruct.scalestructure: cupakeysDl.sclstruct.scalestructure is PASSED

2018-03-06 10:04:53 - [MESSAGE][WARNING] - Object 'Object Repository/CuPaDl/Structure/Resize_Structure_bottomright' is not visible after 3 second(s)

2018-03-06 10:04:53 - [MESSAGE][PASSED] - Object: 'Object Repository/CuPaDl/Structure/Resize_Structure' is clicked on

2018-03-06 10:04:53 - [MESSAGE][WARNING] - Timeout '0' is invalid. Using default page load timeout: '30'

2018-03-06 10:04:53 - [MESSAGE][PASSED] - Object 'Object Repository/CuPaDl/Structure/Resize_Structure_bottomright' is visible

2018-03-06 10:04:54 - [MESSAGE][PASSED] - Delayed 1 second(s)

2018-03-06 10:04:54 - [MESSAGE][PASSED] - Current viewport's left (x) position is 0

2018-03-06 10:04:54 - [MESSAGE][PASSED] - Current viewport's top (y) position is 54

2018-03-06 10:04:54 - [MESSAGE][PASSED] - Dragged object with id 'Object Repository/CuPaDl/Structure/Resize_Structure_bottomright' by offset distance x = -225 and y = -171 successfully

2018-03-06 10:04:55 - [MESSAGE][PASSED] - Object 'Object Repository/CuPaDl/Loading_indicator' is visible

2018-03-06 10:04:59 - [MESSAGE][PASSED] - Object 'Object Repository/CuPaDl/Loading_indicator' is NOT visible

2018-03-06 10:05:00 - [MESSAGE][PASSED] - Delayed 1 second(s)

2018-03-06 10:05:00 - [MESSAGE][PASSED] - cupakeysDl.sclstruct.scalestructure is PASSED

2018-03-06 10:05:00 - [TEST_STEP][PASSED] - Statement - (step++): null

2018-03-06 10:05:00 - [TEST_STEP][PASSED] - Statement - iconmap += CustomKeywords.cupakeysDl.iconad.iconadd("hangloose", LoadTimeCorrector, step, run, device, timeStamp, iconcount): cupakeysDl.iconad.iconadd is PASSED

2018-03-06 10:05:00 - [MESSAGE][PASSED] - Object: 'Object Repository/CuPaDl/Icons/Icon' is clicked on

2018-03-06 10:05:03 - [MESSAGE][WARNING] - Object 'Object Repository/CuPaDl/Icons/Icon_hangloose' is not visible after 2 second(s)

2018-03-06 10:05:03 - [MESSAGE][PASSED] - Object: 'Object Repository/CuPaDl/MenuScroll/ObjectsScrollRight' is clicked on

2018-03-06 10:05:05 - [MESSAGE][PASSED] - Delayed 2 second(s)

2018-03-06 10:05:05 - [MESSAGE][PASSED] - Object 'Object Repository/CuPaDl/Icons/Icon_hangloose' is visible

2018-03-06 10:05:05 - [MESSAGE][PASSED] - Object: 'Object Repository/CuPaDl/Icons/Icon_hangloose' is clicked on

2018-03-06 10:05:06 - [MESSAGE][PASSED] - Delayed 1 second(s)

2018-03-06 10:05:06 - [MESSAGE][PASSED] - Object 'Object Repository/CuPaDl/Loading_indicator' is visible

2018-03-06 10:05:11 - [MESSAGE][PASSED] - Object 'Object Repository/CuPaDl/Loading_indicator' is NOT visible

2018-03-06 10:05:11 - [MESSAGE][WARNING] - Timeout '0' is invalid. Using default page load timeout: '30'

2018-03-06 10:05:12 - [MESSAGE][PASSED] - Width of element 'Object Repository/CuPaDl/Icons/Reposition_icon' is '40'

2018-03-06 10:05:12 - [MESSAGE][PASSED] - Height of element 'Object Repository/CuPaDl/Icons/Reposition_icon' is '40'.

2018-03-06 10:05:13 - [MESSAGE][PASSED] - Delayed 1 second(s)

2018-03-06 10:05:13 - [MESSAGE][PASSED] - cupakeysDl.iconad.iconadd is PASSED

2018-03-06 10:05:13 - [TEST_STEP][PASSED] - Statement - (step++): null

2018-03-06 10:05:13 - [TEST_STEP][PASSED] - Statement - (iconcount++): null

2018-03-06 10:05:13 - [TEST_STEP][PASSED] - cupakeysDl.iconres.iconresize: cupakeysDl.iconres.iconresize is PASSED

2018-03-06 10:05:13 - [MESSAGE][PASSED] - Object 'Object Repository/CuPaDl/Icons/Reposition_icon' is visible

2018-03-06 10:05:13 - [MESSAGE][PASSED] - Current viewport's left (x) position is 0

2018-03-06 10:05:13 - [MESSAGE][PASSED] - Current viewport's top (y) position is 54

2018-03-06 10:05:13 - [MESSAGE][PASSED] - Dragged object with id 'Object Repository/CuPaDl/Icons/Resize_icon_bottomright' by offset distance x = -125 and y = -71 successfully

2018-03-06 10:05:14 - [MESSAGE][PASSED] - Object 'Object Repository/CuPaDl/Loading_indicator' is visible

2018-03-06 10:05:19 - [MESSAGE][PASSED] - Object 'Object Repository/CuPaDl/Loading_indicator' is NOT visible

2018-03-06 10:05:20 - [MESSAGE][PASSED] - Delayed 1 second(s)

2018-03-06 10:05:20 - [MESSAGE][PASSED] - cupakeysDl.iconres.iconresize is PASSED

2018-03-06 10:05:20 - [TEST_STEP][PASSED] - Statement - (step++): null

2018-03-06 10:05:20 - [TEST_STEP][PASSED] - cupakeysDl.slink.svlink: cupakeysDl.slink.svlink is PASSED

2018-03-06 10:05:20 - [MESSAGE][PASSED] - Scroll to object 'Object Repository/CuPaDl/Save/Save' successfully

2018-03-06 10:05:20 - [MESSAGE][PASSED] - Object: 'Object Repository/CuPaDl/Save/Save' is clicked on

2018-03-06 10:05:20 - [MESSAGE][WARNING] - Timeout '0' is invalid. Using default page load timeout: '30'

2018-03-06 10:05:22 - [MESSAGE][PASSED] - Object 'Object Repository/CuPaDl/Save/CopyLink' is visible

2018-03-06 10:05:22 - [MESSAGE][PASSED] - Attribute 'value' of object 'Object Repository/CuPaDl/Save/Link' is: 'https://d16a4dsnr8a0k1.cloudfront.net/en/2455233.html?scupaId=AlEmVBg1WCAkJHo6N0NF'

2018-03-06 10:05:22 - [MESSAGE][PASSED] - cupakeysDl.slink.svlink is PASSED

2018-03-06 10:05:22 - [TEST_STEP][PASSED] - cupakeysDl.endsession.finishsession: cupakeysDl.endsession.finishsession is PASSED

2018-03-06 10:05:25 - [MESSAGE][PASSED] - Delayed 3 second(s)

2018-03-06 10:05:26 - [MESSAGE][PASSED] - Browser is closed

2018-03-06 10:05:26 - [MESSAGE][PASSED] - cupakeysDl.endsession.finishsession is PASSED]]></system-out>
         <system-err><![CDATA[]]></system-err>
      </testcase>
      <testcase name="Test Cases/CuPaStefanie/28" classname="Test Cases/CuPaStefanie/28" status="PASSED">
         <system-out><![CDATA[2018-03-06 10:05:26 - [TEST_CASE][PASSED] - Test Cases/CuPaStefanie/28: Test Cases/CuPaStefanie/28

2018-03-06 10:05:26 - [TEST_STEP][PASSED] - Statement - timeStamp = new java.text.SimpleDateFormat(dd.MM.yyyy).format(java.util.Calendar.getInstance().getTime()): null

2018-03-06 10:05:26 - [TEST_STEP][PASSED] - Statement - timeStampScreenshot = new java.text.SimpleDateFormat(dd.MM.yyyy).format(java.util.Calendar.getInstance().getTime()): null

2018-03-06 10:05:26 - [TEST_STEP][PASSED] - Statement - iconmap = [:]: null

2018-03-06 10:05:26 - [TEST_STEP][PASSED] - Statement - txtmap = [:]: null

2018-03-06 10:05:26 - [TEST_STEP][PASSED] - Statement - signmap = [:]: null

2018-03-06 10:05:26 - [TEST_STEP][PASSED] - cupakeysDl.initStart.initialStart: cupakeysDl.initStart.initialStart is PASSED

2018-03-06 10:05:28 - [MESSAGE][PASSED] - Browser is opened with url: ''

2018-03-06 10:05:31 - [MESSAGE][PASSED] - Delayed 3 second(s)

2018-03-06 10:05:32 - [MESSAGE][PASSED] - Navigate to 'https://d16a4dsnr8a0k1.cloudfront.net/en/2455233.html?price=150.00%20%E2%82%AC&partName=wilsonPartName&vin=wilsonVin&modelCode=XP11&paint=P0A94&modelDescription=wilsonModelDescription&additionalEquipment=wilsonAdditionalEquipment' successfully

2018-03-06 10:05:32 - [MESSAGE][PASSED] - Object 'Object Repository/CuPaDl/Loading_indicator' is visible

2018-03-06 10:05:39 - [MESSAGE][PASSED] - Object 'Object Repository/CuPaDl/Loading_indicator' is NOT visible

2018-03-06 10:05:40 - [MESSAGE][PASSED] - Delayed 1 second(s)

2018-03-06 10:05:40 - [MESSAGE][PASSED] - cupakeysDl.initStart.initialStart is PASSED

2018-03-06 10:05:40 - [TEST_STEP][PASSED] - Statement - (step++): null

2018-03-06 10:05:40 - [TEST_STEP][PASSED] - cupakeysDl.color.changecolor: cupakeysDl.color.changecolor is PASSED

2018-03-06 10:05:40 - [MESSAGE][PASSED] - Object 'Object Repository/CuPaDl/Color/Color' is visible

2018-03-06 10:05:41 - [MESSAGE][PASSED] - Object: 'Object Repository/CuPaDl/Color/Color' is clicked on

2018-03-06 10:05:42 - [MESSAGE][PASSED] - Delayed 1 second(s)

2018-03-06 10:05:42 - [MESSAGE][PASSED] - Object 'Object Repository/CuPaDl/Color/Color_moonwalkgrey' is visible

2018-03-06 10:05:42 - [MESSAGE][PASSED] - Object: 'Object Repository/CuPaDl/Color/Color_moonwalkgrey' is clicked on

2018-03-06 10:05:42 - [MESSAGE][WARNING] - Timeout '0' is invalid. Using default page load timeout: '30'

2018-03-06 10:05:42 - [MESSAGE][PASSED] - Object 'Object Repository/CuPaDl/Color/Color_moonwalkgrey' is visible

2018-03-06 10:05:43 - [MESSAGE][PASSED] - Delayed 1 second(s)

2018-03-06 10:05:43 - [MESSAGE][PASSED] - Object: 'Object Repository/CuPaDl/Color/Color_moonwalkgrey' is clicked on

2018-03-06 10:05:46 - [MESSAGE][WARNING] - Object 'Object Repository/CuPaDl/Loading_indicator' is not visible after 3 second(s)

2018-03-06 10:05:47 - [MESSAGE][PASSED] - Delayed 1 second(s)

2018-03-06 10:05:47 - [MESSAGE][PASSED] - cupakeysDl.color.changecolor is PASSED

2018-03-06 10:05:47 - [TEST_STEP][PASSED] - Statement - (step++): null

2018-03-06 10:05:47 - [TEST_STEP][PASSED] - cupakeysDl.chngstruct.changestructure: cupakeysDl.chngstruct.changestructure is PASSED

2018-03-06 10:05:47 - [MESSAGE][PASSED] - Object: 'Object Repository/CuPaDl/Structure/Structure' is clicked on

2018-03-06 10:05:47 - [MESSAGE][WARNING] - Timeout '0' is invalid. Using default page load timeout: '30'

2018-03-06 10:05:47 - [MESSAGE][PASSED] - Object 'Object Repository/CuPaDl/Structure/Structure_Hahnentritt' is visible

2018-03-06 10:05:47 - [MESSAGE][PASSED] - Object 'Object Repository/CuPaDl/Structure/Structure_fadequadrop' is visible

2018-03-06 10:05:47 - [MESSAGE][PASSED] - Object: 'Object Repository/CuPaDl/Structure/Structure_fadequadrop' is clicked on

2018-03-06 10:05:48 - [MESSAGE][PASSED] - Object 'Object Repository/CuPaDl/Loading_indicator' is visible

2018-03-06 10:05:53 - [MESSAGE][PASSED] - Object 'Object Repository/CuPaDl/Loading_indicator' is NOT visible

2018-03-06 10:05:54 - [MESSAGE][PASSED] - Delayed 1 second(s)

2018-03-06 10:05:54 - [MESSAGE][PASSED] - cupakeysDl.chngstruct.changestructure is PASSED

2018-03-06 10:05:54 - [TEST_STEP][PASSED] - Statement - (step++): null

2018-03-06 10:05:54 - [TEST_STEP][PASSED] - cupakeysDl.sclstruct.scalestructure: cupakeysDl.sclstruct.scalestructure is PASSED

2018-03-06 10:05:57 - [MESSAGE][WARNING] - Object 'Object Repository/CuPaDl/Structure/Resize_Structure_bottomright' is not visible after 3 second(s)

2018-03-06 10:05:57 - [MESSAGE][PASSED] - Object: 'Object Repository/CuPaDl/Structure/Resize_Structure' is clicked on

2018-03-06 10:05:57 - [MESSAGE][WARNING] - Timeout '0' is invalid. Using default page load timeout: '30'

2018-03-06 10:05:57 - [MESSAGE][PASSED] - Object 'Object Repository/CuPaDl/Structure/Resize_Structure_bottomright' is visible

2018-03-06 10:05:58 - [MESSAGE][PASSED] - Delayed 1 second(s)

2018-03-06 10:05:58 - [MESSAGE][PASSED] - Current viewport's left (x) position is 0

2018-03-06 10:05:58 - [MESSAGE][PASSED] - Current viewport's top (y) position is 54

2018-03-06 10:05:58 - [MESSAGE][PASSED] - Dragged object with id 'Object Repository/CuPaDl/Structure/Resize_Structure_bottomright' by offset distance x = 225 and y = 279 successfully

2018-03-06 10:05:59 - [MESSAGE][PASSED] - Object 'Object Repository/CuPaDl/Loading_indicator' is visible

2018-03-06 10:06:03 - [MESSAGE][PASSED] - Object 'Object Repository/CuPaDl/Loading_indicator' is NOT visible

2018-03-06 10:06:04 - [MESSAGE][PASSED] - Delayed 1 second(s)

2018-03-06 10:06:04 - [MESSAGE][PASSED] - cupakeysDl.sclstruct.scalestructure is PASSED

2018-03-06 10:06:04 - [TEST_STEP][PASSED] - Statement - (step++): null

2018-03-06 10:06:04 - [TEST_STEP][PASSED] - Statement - iconmap += CustomKeywords.cupakeysDl.iconad.iconadd("hangloose", LoadTimeCorrector, step, run, device, timeStamp, iconcount): cupakeysDl.iconad.iconadd is PASSED

2018-03-06 10:06:04 - [MESSAGE][PASSED] - Object: 'Object Repository/CuPaDl/Icons/Icon' is clicked on

2018-03-06 10:06:06 - [MESSAGE][WARNING] - Object 'Object Repository/CuPaDl/Icons/Icon_hangloose' is not visible after 2 second(s)

2018-03-06 10:06:06 - [MESSAGE][PASSED] - Object: 'Object Repository/CuPaDl/MenuScroll/ObjectsScrollRight' is clicked on

2018-03-06 10:06:08 - [MESSAGE][PASSED] - Delayed 2 second(s)

2018-03-06 10:06:08 - [MESSAGE][PASSED] - Object 'Object Repository/CuPaDl/Icons/Icon_hangloose' is visible

2018-03-06 10:06:08 - [MESSAGE][PASSED] - Object: 'Object Repository/CuPaDl/Icons/Icon_hangloose' is clicked on

2018-03-06 10:06:09 - [MESSAGE][PASSED] - Delayed 1 second(s)

2018-03-06 10:06:09 - [MESSAGE][PASSED] - Object 'Object Repository/CuPaDl/Loading_indicator' is visible

2018-03-06 10:06:14 - [MESSAGE][PASSED] - Object 'Object Repository/CuPaDl/Loading_indicator' is NOT visible

2018-03-06 10:06:14 - [MESSAGE][WARNING] - Timeout '0' is invalid. Using default page load timeout: '30'

2018-03-06 10:06:14 - [MESSAGE][PASSED] - Width of element 'Object Repository/CuPaDl/Icons/Reposition_icon' is '40'

2018-03-06 10:06:14 - [MESSAGE][PASSED] - Height of element 'Object Repository/CuPaDl/Icons/Reposition_icon' is '40'.

2018-03-06 10:06:15 - [MESSAGE][PASSED] - Delayed 1 second(s)

2018-03-06 10:06:15 - [MESSAGE][PASSED] - cupakeysDl.iconad.iconadd is PASSED

2018-03-06 10:06:15 - [TEST_STEP][PASSED] - Statement - (step++): null

2018-03-06 10:06:15 - [TEST_STEP][PASSED] - Statement - (iconcount++): null

2018-03-06 10:06:15 - [TEST_STEP][PASSED] - cupakeysDl.iconres.iconresize: cupakeysDl.iconres.iconresize is PASSED

2018-03-06 10:06:16 - [MESSAGE][PASSED] - Object 'Object Repository/CuPaDl/Icons/Reposition_icon' is visible

2018-03-06 10:06:16 - [MESSAGE][PASSED] - Current viewport's left (x) position is 0

2018-03-06 10:06:16 - [MESSAGE][PASSED] - Current viewport's top (y) position is 54

2018-03-06 10:06:16 - [MESSAGE][PASSED] - Dragged object with id 'Object Repository/CuPaDl/Icons/Resize_icon_bottomright' by offset distance x = 125 and y = 179 successfully

2018-03-06 10:06:17 - [MESSAGE][PASSED] - Object 'Object Repository/CuPaDl/Loading_indicator' is visible

2018-03-06 10:06:22 - [MESSAGE][PASSED] - Object 'Object Repository/CuPaDl/Loading_indicator' is NOT visible

2018-03-06 10:06:23 - [MESSAGE][PASSED] - Delayed 1 second(s)

2018-03-06 10:06:23 - [MESSAGE][PASSED] - cupakeysDl.iconres.iconresize is PASSED

2018-03-06 10:06:23 - [TEST_STEP][PASSED] - Statement - (step++): null

2018-03-06 10:06:23 - [TEST_STEP][PASSED] - cupakeysDl.slink.svlink: cupakeysDl.slink.svlink is PASSED

2018-03-06 10:06:23 - [MESSAGE][PASSED] - Scroll to object 'Object Repository/CuPaDl/Save/Save' successfully

2018-03-06 10:06:23 - [MESSAGE][PASSED] - Object: 'Object Repository/CuPaDl/Save/Save' is clicked on

2018-03-06 10:06:23 - [MESSAGE][WARNING] - Timeout '0' is invalid. Using default page load timeout: '30'

2018-03-06 10:06:24 - [MESSAGE][PASSED] - Object 'Object Repository/CuPaDl/Save/CopyLink' is visible

2018-03-06 10:06:25 - [MESSAGE][PASSED] - Attribute 'value' of object 'Object Repository/CuPaDl/Save/Link' is: 'https://d16a4dsnr8a0k1.cloudfront.net/en/2455233.html?scupaId=Cyc8U2EjKygiMHo6N0NF'

2018-03-06 10:06:25 - [MESSAGE][PASSED] - cupakeysDl.slink.svlink is PASSED

2018-03-06 10:06:25 - [TEST_STEP][PASSED] - cupakeysDl.endsession.finishsession: cupakeysDl.endsession.finishsession is PASSED

2018-03-06 10:06:28 - [MESSAGE][PASSED] - Delayed 3 second(s)

2018-03-06 10:06:28 - [MESSAGE][PASSED] - Browser is closed

2018-03-06 10:06:28 - [MESSAGE][PASSED] - cupakeysDl.endsession.finishsession is PASSED]]></system-out>
         <system-err><![CDATA[]]></system-err>
      </testcase>
      <testcase name="Test Cases/CuPaStefanie/29" classname="Test Cases/CuPaStefanie/29" status="PASSED">
         <system-out><![CDATA[2018-03-06 10:06:28 - [TEST_CASE][PASSED] - Test Cases/CuPaStefanie/29: Test Cases/CuPaStefanie/29

2018-03-06 10:06:28 - [TEST_STEP][PASSED] - Statement - timeStamp = new java.text.SimpleDateFormat(dd.MM.yyyy).format(java.util.Calendar.getInstance().getTime()): null

2018-03-06 10:06:28 - [TEST_STEP][PASSED] - Statement - timeStampScreenshot = new java.text.SimpleDateFormat(dd.MM.yyyy).format(java.util.Calendar.getInstance().getTime()): null

2018-03-06 10:06:28 - [TEST_STEP][PASSED] - Statement - iconmap = [:]: null

2018-03-06 10:06:28 - [TEST_STEP][PASSED] - Statement - txtmap = [:]: null

2018-03-06 10:06:28 - [TEST_STEP][PASSED] - Statement - signmap = [:]: null

2018-03-06 10:06:28 - [TEST_STEP][PASSED] - cupakeysDl.initStart.initialStart: cupakeysDl.initStart.initialStart is PASSED

2018-03-06 10:06:30 - [MESSAGE][PASSED] - Browser is opened with url: ''

2018-03-06 10:06:33 - [MESSAGE][PASSED] - Delayed 3 second(s)

2018-03-06 10:06:34 - [MESSAGE][PASSED] - Navigate to 'https://d16a4dsnr8a0k1.cloudfront.net/en/2455233.html?price=150.00%20%E2%82%AC&partName=wilsonPartName&vin=wilsonVin&modelCode=XP11&paint=P0A94&modelDescription=wilsonModelDescription&additionalEquipment=wilsonAdditionalEquipment' successfully

2018-03-06 10:06:35 - [MESSAGE][PASSED] - Object 'Object Repository/CuPaDl/Loading_indicator' is visible

2018-03-06 10:06:42 - [MESSAGE][PASSED] - Object 'Object Repository/CuPaDl/Loading_indicator' is NOT visible

2018-03-06 10:06:43 - [MESSAGE][PASSED] - Delayed 1 second(s)

2018-03-06 10:06:43 - [MESSAGE][PASSED] - cupakeysDl.initStart.initialStart is PASSED

2018-03-06 10:06:43 - [TEST_STEP][PASSED] - Statement - (step++): null

2018-03-06 10:06:43 - [TEST_STEP][PASSED] - cupakeysDl.color.changecolor: cupakeysDl.color.changecolor is PASSED

2018-03-06 10:06:43 - [MESSAGE][PASSED] - Object 'Object Repository/CuPaDl/Color/Color' is visible

2018-03-06 10:06:43 - [MESSAGE][PASSED] - Object: 'Object Repository/CuPaDl/Color/Color' is clicked on

2018-03-06 10:06:44 - [MESSAGE][PASSED] - Delayed 1 second(s)

2018-03-06 10:06:44 - [MESSAGE][PASSED] - Object 'Object Repository/CuPaDl/Color/Color_thundergrey' is visible

2018-03-06 10:06:44 - [MESSAGE][PASSED] - Object: 'Object Repository/CuPaDl/Color/Color_thundergrey' is clicked on

2018-03-06 10:06:44 - [MESSAGE][WARNING] - Timeout '0' is invalid. Using default page load timeout: '30'

2018-03-06 10:06:44 - [MESSAGE][PASSED] - Object 'Object Repository/CuPaDl/Color/Color_thundergrey' is visible

2018-03-06 10:06:45 - [MESSAGE][PASSED] - Delayed 1 second(s)

2018-03-06 10:06:46 - [MESSAGE][PASSED] - Object: 'Object Repository/CuPaDl/Color/Color_thundergrey' is clicked on

2018-03-06 10:06:47 - [MESSAGE][PASSED] - Object 'Object Repository/CuPaDl/Loading_indicator' is visible

2018-03-06 10:06:48 - [MESSAGE][PASSED] - Object 'Object Repository/CuPaDl/Loading_indicator' is NOT visible

2018-03-06 10:06:49 - [MESSAGE][PASSED] - Delayed 1 second(s)

2018-03-06 10:06:49 - [MESSAGE][PASSED] - cupakeysDl.color.changecolor is PASSED

2018-03-06 10:06:49 - [TEST_STEP][PASSED] - Statement - (step++): null

2018-03-06 10:06:49 - [TEST_STEP][PASSED] - cupakeysDl.chngstruct.changestructure: cupakeysDl.chngstruct.changestructure is PASSED

2018-03-06 10:06:49 - [MESSAGE][PASSED] - Object: 'Object Repository/CuPaDl/Structure/Structure' is clicked on

2018-03-06 10:06:49 - [MESSAGE][WARNING] - Timeout '0' is invalid. Using default page load timeout: '30'

2018-03-06 10:06:49 - [MESSAGE][PASSED] - Object 'Object Repository/CuPaDl/Structure/Structure_Hahnentritt' is visible

2018-03-06 10:06:51 - [MESSAGE][WARNING] - Object 'Object Repository/CuPaDl/Structure/Structure_fadedrop' is not visible after 2 second(s)

2018-03-06 10:06:51 - [MESSAGE][PASSED] - Object: 'Object Repository/CuPaDl/MenuScroll/ObjectsScrollRight' is clicked on

2018-03-06 10:06:53 - [MESSAGE][PASSED] - Delayed 2 second(s)

2018-03-06 10:06:53 - [MESSAGE][PASSED] - Object: 'Object Repository/CuPaDl/Structure/Structure_fadedrop' is clicked on

2018-03-06 10:06:54 - [MESSAGE][PASSED] - Object 'Object Repository/CuPaDl/Loading_indicator' is visible

2018-03-06 10:07:01 - [MESSAGE][PASSED] - Object 'Object Repository/CuPaDl/Loading_indicator' is NOT visible

2018-03-06 10:07:02 - [MESSAGE][PASSED] - Delayed 1 second(s)

2018-03-06 10:07:02 - [MESSAGE][PASSED] - cupakeysDl.chngstruct.changestructure is PASSED

2018-03-06 10:07:02 - [TEST_STEP][PASSED] - Statement - (step++): null

2018-03-06 10:07:02 - [TEST_STEP][PASSED] - cupakeysDl.sclstruct.scalestructure: cupakeysDl.sclstruct.scalestructure is PASSED

2018-03-06 10:07:05 - [MESSAGE][WARNING] - Object 'Object Repository/CuPaDl/Structure/Resize_Structure_bottomright' is not visible after 3 second(s)

2018-03-06 10:07:06 - [MESSAGE][PASSED] - Object: 'Object Repository/CuPaDl/Structure/Resize_Structure' is clicked on

2018-03-06 10:07:06 - [MESSAGE][WARNING] - Timeout '0' is invalid. Using default page load timeout: '30'

2018-03-06 10:07:06 - [MESSAGE][PASSED] - Object 'Object Repository/CuPaDl/Structure/Resize_Structure_bottomright' is visible

2018-03-06 10:07:07 - [MESSAGE][PASSED] - Delayed 1 second(s)

2018-03-06 10:07:07 - [MESSAGE][PASSED] - Current viewport's left (x) position is 0

2018-03-06 10:07:07 - [MESSAGE][PASSED] - Current viewport's top (y) position is 54

2018-03-06 10:07:07 - [MESSAGE][PASSED] - Dragged object with id 'Object Repository/CuPaDl/Structure/Resize_Structure_bottomright' by offset distance x = -225 and y = -171 successfully

2018-03-06 10:07:08 - [MESSAGE][PASSED] - Object 'Object Repository/CuPaDl/Loading_indicator' is visible

2018-03-06 10:07:15 - [MESSAGE][PASSED] - Object 'Object Repository/CuPaDl/Loading_indicator' is NOT visible

2018-03-06 10:07:16 - [MESSAGE][PASSED] - Delayed 1 second(s)

2018-03-06 10:07:16 - [MESSAGE][PASSED] - cupakeysDl.sclstruct.scalestructure is PASSED

2018-03-06 10:07:16 - [TEST_STEP][PASSED] - Statement - (step++): null

2018-03-06 10:07:16 - [TEST_STEP][PASSED] - Statement - iconmap += CustomKeywords.cupakeysDl.iconad.iconadd("wave", LoadTimeCorrector, step, run, device, timeStamp, iconcount): cupakeysDl.iconad.iconadd is PASSED

2018-03-06 10:07:16 - [MESSAGE][PASSED] - Object: 'Object Repository/CuPaDl/Icons/Icon' is clicked on

2018-03-06 10:07:16 - [MESSAGE][PASSED] - Object 'Object Repository/CuPaDl/Icons/Icon_wave' is visible

2018-03-06 10:07:16 - [MESSAGE][PASSED] - Object: 'Object Repository/CuPaDl/Icons/Icon_wave' is clicked on

2018-03-06 10:07:17 - [MESSAGE][PASSED] - Delayed 1 second(s)

2018-03-06 10:07:17 - [MESSAGE][PASSED] - Object 'Object Repository/CuPaDl/Loading_indicator' is visible

2018-03-06 10:07:24 - [MESSAGE][PASSED] - Object 'Object Repository/CuPaDl/Loading_indicator' is NOT visible

2018-03-06 10:07:24 - [MESSAGE][WARNING] - Timeout '0' is invalid. Using default page load timeout: '30'

2018-03-06 10:07:24 - [MESSAGE][PASSED] - Width of element 'Object Repository/CuPaDl/Icons/Reposition_icon' is '40'

2018-03-06 10:07:24 - [MESSAGE][PASSED] - Height of element 'Object Repository/CuPaDl/Icons/Reposition_icon' is '40'.

2018-03-06 10:07:25 - [MESSAGE][PASSED] - Delayed 1 second(s)

2018-03-06 10:07:25 - [MESSAGE][PASSED] - cupakeysDl.iconad.iconadd is PASSED

2018-03-06 10:07:25 - [TEST_STEP][PASSED] - Statement - (step++): null

2018-03-06 10:07:25 - [TEST_STEP][PASSED] - Statement - (iconcount++): null

2018-03-06 10:07:25 - [TEST_STEP][PASSED] - cupakeysDl.iconres.iconresize: cupakeysDl.iconres.iconresize is PASSED

2018-03-06 10:07:25 - [MESSAGE][PASSED] - Object 'Object Repository/CuPaDl/Icons/Reposition_icon' is visible

2018-03-06 10:07:25 - [MESSAGE][PASSED] - Current viewport's left (x) position is 0

2018-03-06 10:07:25 - [MESSAGE][PASSED] - Current viewport's top (y) position is 54

2018-03-06 10:07:25 - [MESSAGE][PASSED] - Dragged object with id 'Object Repository/CuPaDl/Icons/Resize_icon_bottomright' by offset distance x = -125 and y = -71 successfully

2018-03-06 10:07:26 - [MESSAGE][PASSED] - Object 'Object Repository/CuPaDl/Loading_indicator' is visible

2018-03-06 10:07:33 - [MESSAGE][PASSED] - Object 'Object Repository/CuPaDl/Loading_indicator' is NOT visible

2018-03-06 10:07:34 - [MESSAGE][PASSED] - Delayed 1 second(s)

2018-03-06 10:07:34 - [MESSAGE][PASSED] - cupakeysDl.iconres.iconresize is PASSED

2018-03-06 10:07:34 - [TEST_STEP][PASSED] - Statement - (step++): null

2018-03-06 10:07:34 - [TEST_STEP][PASSED] - cupakeysDl.slink.svlink: cupakeysDl.slink.svlink is PASSED

2018-03-06 10:07:34 - [MESSAGE][PASSED] - Scroll to object 'Object Repository/CuPaDl/Save/Save' successfully

2018-03-06 10:07:34 - [MESSAGE][PASSED] - Object: 'Object Repository/CuPaDl/Save/Save' is clicked on

2018-03-06 10:07:34 - [MESSAGE][WARNING] - Timeout '0' is invalid. Using default page load timeout: '30'

2018-03-06 10:07:36 - [MESSAGE][PASSED] - Object 'Object Repository/CuPaDl/Save/CopyLink' is visible

2018-03-06 10:07:36 - [MESSAGE][PASSED] - Attribute 'value' of object 'Object Repository/CuPaDl/Save/Link' is: 'https://d16a4dsnr8a0k1.cloudfront.net/en/2455233.html?scupaId=GDEjVmovJVA/Jno0RURA'

2018-03-06 10:07:36 - [MESSAGE][PASSED] - cupakeysDl.slink.svlink is PASSED

2018-03-06 10:07:36 - [TEST_STEP][PASSED] - cupakeysDl.endsession.finishsession: cupakeysDl.endsession.finishsession is PASSED

2018-03-06 10:07:39 - [MESSAGE][PASSED] - Delayed 3 second(s)

2018-03-06 10:07:39 - [MESSAGE][PASSED] - Browser is closed

2018-03-06 10:07:39 - [MESSAGE][PASSED] - cupakeysDl.endsession.finishsession is PASSED]]></system-out>
         <system-err><![CDATA[]]></system-err>
      </testcase>
      <testcase name="Test Cases/CuPaStefanie/30" classname="Test Cases/CuPaStefanie/30" status="PASSED">
         <system-out><![CDATA[2018-03-06 10:07:39 - [TEST_CASE][PASSED] - Test Cases/CuPaStefanie/30: Test Cases/CuPaStefanie/30

2018-03-06 10:07:40 - [TEST_STEP][PASSED] - Statement - timeStamp = new java.text.SimpleDateFormat(dd.MM.yyyy).format(java.util.Calendar.getInstance().getTime()): null

2018-03-06 10:07:40 - [TEST_STEP][PASSED] - Statement - timeStampScreenshot = new java.text.SimpleDateFormat(dd.MM.yyyy).format(java.util.Calendar.getInstance().getTime()): null

2018-03-06 10:07:40 - [TEST_STEP][PASSED] - Statement - iconmap = [:]: null

2018-03-06 10:07:40 - [TEST_STEP][PASSED] - Statement - txtmap = [:]: null

2018-03-06 10:07:40 - [TEST_STEP][PASSED] - Statement - signmap = [:]: null

2018-03-06 10:07:40 - [TEST_STEP][PASSED] - cupakeysDl.initStart.initialStart: cupakeysDl.initStart.initialStart is PASSED

2018-03-06 10:07:42 - [MESSAGE][PASSED] - Browser is opened with url: ''

2018-03-06 10:07:45 - [MESSAGE][PASSED] - Delayed 3 second(s)

2018-03-06 10:07:46 - [MESSAGE][PASSED] - Navigate to 'https://d16a4dsnr8a0k1.cloudfront.net/en/2455233.html?price=150.00%20%E2%82%AC&partName=wilsonPartName&vin=wilsonVin&modelCode=XP11&paint=P0A94&modelDescription=wilsonModelDescription&additionalEquipment=wilsonAdditionalEquipment' successfully

2018-03-06 10:07:46 - [MESSAGE][PASSED] - Object 'Object Repository/CuPaDl/Loading_indicator' is visible

2018-03-06 10:07:53 - [MESSAGE][PASSED] - Object 'Object Repository/CuPaDl/Loading_indicator' is NOT visible

2018-03-06 10:07:54 - [MESSAGE][PASSED] - Delayed 1 second(s)

2018-03-06 10:07:54 - [MESSAGE][PASSED] - cupakeysDl.initStart.initialStart is PASSED

2018-03-06 10:07:54 - [TEST_STEP][PASSED] - Statement - (step++): null

2018-03-06 10:07:54 - [TEST_STEP][PASSED] - cupakeysDl.color.changecolor: cupakeysDl.color.changecolor is PASSED

2018-03-06 10:07:54 - [MESSAGE][PASSED] - Object 'Object Repository/CuPaDl/Color/Color' is visible

2018-03-06 10:07:55 - [MESSAGE][PASSED] - Object: 'Object Repository/CuPaDl/Color/Color' is clicked on

2018-03-06 10:07:56 - [MESSAGE][PASSED] - Delayed 1 second(s)

2018-03-06 10:07:56 - [MESSAGE][PASSED] - Object 'Object Repository/CuPaDl/Color/Color_thundergrey' is visible

2018-03-06 10:07:56 - [MESSAGE][PASSED] - Object: 'Object Repository/CuPaDl/Color/Color_thundergrey' is clicked on

2018-03-06 10:07:56 - [MESSAGE][WARNING] - Timeout '0' is invalid. Using default page load timeout: '30'

2018-03-06 10:07:56 - [MESSAGE][PASSED] - Object 'Object Repository/CuPaDl/Color/Color_thundergrey' is visible

2018-03-06 10:07:57 - [MESSAGE][PASSED] - Delayed 1 second(s)

2018-03-06 10:07:57 - [MESSAGE][PASSED] - Object: 'Object Repository/CuPaDl/Color/Color_thundergrey' is clicked on

2018-03-06 10:07:57 - [MESSAGE][PASSED] - Object 'Object Repository/CuPaDl/Loading_indicator' is visible

2018-03-06 10:07:59 - [MESSAGE][PASSED] - Object 'Object Repository/CuPaDl/Loading_indicator' is NOT visible

2018-03-06 10:08:00 - [MESSAGE][PASSED] - Delayed 1 second(s)

2018-03-06 10:08:00 - [MESSAGE][PASSED] - cupakeysDl.color.changecolor is PASSED

2018-03-06 10:08:00 - [TEST_STEP][PASSED] - Statement - (step++): null

2018-03-06 10:08:00 - [TEST_STEP][PASSED] - cupakeysDl.chngstruct.changestructure: cupakeysDl.chngstruct.changestructure is PASSED

2018-03-06 10:08:00 - [MESSAGE][PASSED] - Object: 'Object Repository/CuPaDl/Structure/Structure' is clicked on

2018-03-06 10:08:00 - [MESSAGE][WARNING] - Timeout '0' is invalid. Using default page load timeout: '30'

2018-03-06 10:08:00 - [MESSAGE][PASSED] - Object 'Object Repository/CuPaDl/Structure/Structure_Hahnentritt' is visible

2018-03-06 10:08:02 - [MESSAGE][WARNING] - Object 'Object Repository/CuPaDl/Structure/Structure_fadedrop' is not visible after 2 second(s)

2018-03-06 10:08:02 - [MESSAGE][PASSED] - Object: 'Object Repository/CuPaDl/MenuScroll/ObjectsScrollRight' is clicked on

2018-03-06 10:08:04 - [MESSAGE][PASSED] - Delayed 2 second(s)

2018-03-06 10:08:04 - [MESSAGE][PASSED] - Object: 'Object Repository/CuPaDl/Structure/Structure_fadedrop' is clicked on

2018-03-06 10:08:05 - [MESSAGE][PASSED] - Object 'Object Repository/CuPaDl/Loading_indicator' is visible

2018-03-06 10:08:12 - [MESSAGE][PASSED] - Object 'Object Repository/CuPaDl/Loading_indicator' is NOT visible

2018-03-06 10:08:13 - [MESSAGE][PASSED] - Delayed 1 second(s)

2018-03-06 10:08:13 - [MESSAGE][PASSED] - cupakeysDl.chngstruct.changestructure is PASSED

2018-03-06 10:08:13 - [TEST_STEP][PASSED] - Statement - (step++): null

2018-03-06 10:08:13 - [TEST_STEP][PASSED] - cupakeysDl.sclstruct.scalestructure: cupakeysDl.sclstruct.scalestructure is PASSED

2018-03-06 10:08:16 - [MESSAGE][WARNING] - Object 'Object Repository/CuPaDl/Structure/Resize_Structure_bottomright' is not visible after 3 second(s)

2018-03-06 10:08:16 - [MESSAGE][PASSED] - Object: 'Object Repository/CuPaDl/Structure/Resize_Structure' is clicked on

2018-03-06 10:08:16 - [MESSAGE][WARNING] - Timeout '0' is invalid. Using default page load timeout: '30'

2018-03-06 10:08:16 - [MESSAGE][PASSED] - Object 'Object Repository/CuPaDl/Structure/Resize_Structure_bottomright' is visible

2018-03-06 10:08:17 - [MESSAGE][PASSED] - Delayed 1 second(s)

2018-03-06 10:08:17 - [MESSAGE][PASSED] - Current viewport's left (x) position is 0

2018-03-06 10:08:17 - [MESSAGE][PASSED] - Current viewport's top (y) position is 54

2018-03-06 10:08:17 - [MESSAGE][PASSED] - Dragged object with id 'Object Repository/CuPaDl/Structure/Resize_Structure_bottomright' by offset distance x = 225 and y = 279 successfully

2018-03-06 10:08:18 - [MESSAGE][PASSED] - Object 'Object Repository/CuPaDl/Loading_indicator' is visible

2018-03-06 10:08:24 - [MESSAGE][PASSED] - Object 'Object Repository/CuPaDl/Loading_indicator' is NOT visible

2018-03-06 10:08:25 - [MESSAGE][PASSED] - Delayed 1 second(s)

2018-03-06 10:08:25 - [MESSAGE][PASSED] - cupakeysDl.sclstruct.scalestructure is PASSED

2018-03-06 10:08:25 - [TEST_STEP][PASSED] - Statement - (step++): null

2018-03-06 10:08:25 - [TEST_STEP][PASSED] - Statement - iconmap += CustomKeywords.cupakeysDl.iconad.iconadd("wave", LoadTimeCorrector, step, run, device, timeStamp, iconcount): cupakeysDl.iconad.iconadd is PASSED

2018-03-06 10:08:25 - [MESSAGE][PASSED] - Object: 'Object Repository/CuPaDl/Icons/Icon' is clicked on

2018-03-06 10:08:25 - [MESSAGE][PASSED] - Object 'Object Repository/CuPaDl/Icons/Icon_wave' is visible

2018-03-06 10:08:25 - [MESSAGE][PASSED] - Object: 'Object Repository/CuPaDl/Icons/Icon_wave' is clicked on

2018-03-06 10:08:26 - [MESSAGE][PASSED] - Delayed 1 second(s)

2018-03-06 10:08:26 - [MESSAGE][PASSED] - Object 'Object Repository/CuPaDl/Loading_indicator' is visible

2018-03-06 10:08:32 - [MESSAGE][PASSED] - Object 'Object Repository/CuPaDl/Loading_indicator' is NOT visible

2018-03-06 10:08:32 - [MESSAGE][WARNING] - Timeout '0' is invalid. Using default page load timeout: '30'

2018-03-06 10:08:32 - [MESSAGE][PASSED] - Width of element 'Object Repository/CuPaDl/Icons/Reposition_icon' is '40'

2018-03-06 10:08:32 - [MESSAGE][PASSED] - Height of element 'Object Repository/CuPaDl/Icons/Reposition_icon' is '40'.

2018-03-06 10:08:33 - [MESSAGE][PASSED] - Delayed 1 second(s)

2018-03-06 10:08:33 - [MESSAGE][PASSED] - cupakeysDl.iconad.iconadd is PASSED

2018-03-06 10:08:33 - [TEST_STEP][PASSED] - Statement - (step++): null

2018-03-06 10:08:33 - [TEST_STEP][PASSED] - Statement - (iconcount++): null

2018-03-06 10:08:33 - [TEST_STEP][PASSED] - cupakeysDl.iconres.iconresize: cupakeysDl.iconres.iconresize is PASSED

2018-03-06 10:08:34 - [MESSAGE][PASSED] - Object 'Object Repository/CuPaDl/Icons/Reposition_icon' is visible

2018-03-06 10:08:34 - [MESSAGE][PASSED] - Current viewport's left (x) position is 0

2018-03-06 10:08:34 - [MESSAGE][PASSED] - Current viewport's top (y) position is 54

2018-03-06 10:08:34 - [MESSAGE][PASSED] - Dragged object with id 'Object Repository/CuPaDl/Icons/Resize_icon_bottomright' by offset distance x = 125 and y = 179 successfully

2018-03-06 10:08:35 - [MESSAGE][PASSED] - Object 'Object Repository/CuPaDl/Loading_indicator' is visible

2018-03-06 10:08:41 - [MESSAGE][PASSED] - Object 'Object Repository/CuPaDl/Loading_indicator' is NOT visible

2018-03-06 10:08:42 - [MESSAGE][PASSED] - Delayed 1 second(s)

2018-03-06 10:08:42 - [MESSAGE][PASSED] - cupakeysDl.iconres.iconresize is PASSED

2018-03-06 10:08:42 - [TEST_STEP][PASSED] - Statement - (step++): null

2018-03-06 10:08:42 - [TEST_STEP][PASSED] - cupakeysDl.slink.svlink: cupakeysDl.slink.svlink is PASSED

2018-03-06 10:08:42 - [MESSAGE][PASSED] - Scroll to object 'Object Repository/CuPaDl/Save/Save' successfully

2018-03-06 10:08:42 - [MESSAGE][PASSED] - Object: 'Object Repository/CuPaDl/Save/Save' is clicked on

2018-03-06 10:08:42 - [MESSAGE][WARNING] - Timeout '0' is invalid. Using default page load timeout: '30'

2018-03-06 10:08:43 - [MESSAGE][PASSED] - Object 'Object Repository/CuPaDl/Save/CopyLink' is visible

2018-03-06 10:08:43 - [MESSAGE][PASSED] - Attribute 'value' of object 'Object Repository/CuPaDl/Save/Link' is: 'https://d16a4dsnr8a0k1.cloudfront.net/en/2455233.html?scupaId=DiQtV3g1JTxWMHo0RURA'

2018-03-06 10:08:43 - [MESSAGE][PASSED] - cupakeysDl.slink.svlink is PASSED

2018-03-06 10:08:43 - [TEST_STEP][PASSED] - cupakeysDl.endsession.finishsession: cupakeysDl.endsession.finishsession is PASSED

2018-03-06 10:08:46 - [MESSAGE][PASSED] - Delayed 3 second(s)

2018-03-06 10:08:47 - [MESSAGE][PASSED] - Browser is closed

2018-03-06 10:08:47 - [MESSAGE][PASSED] - cupakeysDl.endsession.finishsession is PASSED]]></system-out>
         <system-err><![CDATA[]]></system-err>
      </testcase>
      <testcase name="Test Cases/CuPaStefanie/31" classname="Test Cases/CuPaStefanie/31" status="PASSED">
         <system-out><![CDATA[2018-03-06 10:08:47 - [TEST_CASE][PASSED] - Test Cases/CuPaStefanie/31: Test Cases/CuPaStefanie/31

2018-03-06 10:08:47 - [TEST_STEP][PASSED] - Statement - timeStamp = new java.text.SimpleDateFormat(dd.MM.yyyy).format(java.util.Calendar.getInstance().getTime()): null

2018-03-06 10:08:47 - [TEST_STEP][PASSED] - Statement - timeStampScreenshot = new java.text.SimpleDateFormat(dd.MM.yyyy).format(java.util.Calendar.getInstance().getTime()): null

2018-03-06 10:08:47 - [TEST_STEP][PASSED] - Statement - iconmap = [:]: null

2018-03-06 10:08:47 - [TEST_STEP][PASSED] - Statement - txtmap = [:]: null

2018-03-06 10:08:47 - [TEST_STEP][PASSED] - Statement - signmap = [:]: null

2018-03-06 10:08:47 - [TEST_STEP][PASSED] - cupakeysDl.initStart.initialStart: cupakeysDl.initStart.initialStart is PASSED

2018-03-06 10:08:49 - [MESSAGE][PASSED] - Browser is opened with url: ''

2018-03-06 10:08:52 - [MESSAGE][PASSED] - Delayed 3 second(s)

2018-03-06 10:08:53 - [MESSAGE][PASSED] - Navigate to 'https://d16a4dsnr8a0k1.cloudfront.net/en/2455233.html?price=150.00%20%E2%82%AC&partName=wilsonPartName&vin=wilsonVin&modelCode=XP11&paint=P0A94&modelDescription=wilsonModelDescription&additionalEquipment=wilsonAdditionalEquipment' successfully

2018-03-06 10:08:53 - [MESSAGE][PASSED] - Object 'Object Repository/CuPaDl/Loading_indicator' is visible

2018-03-06 10:09:01 - [MESSAGE][PASSED] - Object 'Object Repository/CuPaDl/Loading_indicator' is NOT visible

2018-03-06 10:09:02 - [MESSAGE][PASSED] - Delayed 1 second(s)

2018-03-06 10:09:02 - [MESSAGE][PASSED] - cupakeysDl.initStart.initialStart is PASSED

2018-03-06 10:09:02 - [TEST_STEP][PASSED] - Statement - (step++): null

2018-03-06 10:09:02 - [TEST_STEP][PASSED] - cupakeysDl.color.changecolor: cupakeysDl.color.changecolor is PASSED

2018-03-06 10:09:02 - [MESSAGE][PASSED] - Object 'Object Repository/CuPaDl/Color/Color' is visible

2018-03-06 10:09:03 - [MESSAGE][PASSED] - Object: 'Object Repository/CuPaDl/Color/Color' is clicked on

2018-03-06 10:09:04 - [MESSAGE][PASSED] - Delayed 1 second(s)

2018-03-06 10:09:04 - [MESSAGE][PASSED] - Object 'Object Repository/CuPaDl/Color/Color_lapisblue' is visible

2018-03-06 10:09:04 - [MESSAGE][PASSED] - Object: 'Object Repository/CuPaDl/Color/Color_lapisblue' is clicked on

2018-03-06 10:09:04 - [MESSAGE][WARNING] - Timeout '0' is invalid. Using default page load timeout: '30'

2018-03-06 10:09:04 - [MESSAGE][PASSED] - Object 'Object Repository/CuPaDl/Color/Color_lapisblue' is visible

2018-03-06 10:09:05 - [MESSAGE][PASSED] - Delayed 1 second(s)

2018-03-06 10:09:05 - [MESSAGE][PASSED] - Object: 'Object Repository/CuPaDl/Color/Color_lapisblue' is clicked on

2018-03-06 10:09:08 - [MESSAGE][WARNING] - Object 'Object Repository/CuPaDl/Loading_indicator' is not visible after 3 second(s)

2018-03-06 10:09:09 - [MESSAGE][PASSED] - Delayed 1 second(s)

2018-03-06 10:09:09 - [MESSAGE][PASSED] - cupakeysDl.color.changecolor is PASSED

2018-03-06 10:09:09 - [TEST_STEP][PASSED] - Statement - (step++): null

2018-03-06 10:09:09 - [TEST_STEP][PASSED] - Statement - iconmap += CustomKeywords.cupakeysDl.iconad.iconadd("america", LoadTimeCorrector, step, run, device, timeStamp, iconcount): cupakeysDl.iconad.iconadd is PASSED

2018-03-06 10:09:09 - [MESSAGE][PASSED] - Object: 'Object Repository/CuPaDl/Icons/Icon' is clicked on

2018-03-06 10:09:11 - [MESSAGE][WARNING] - Object 'Object Repository/CuPaDl/Icons/Icon_america' is not visible after 2 second(s)

2018-03-06 10:09:12 - [MESSAGE][PASSED] - Object: 'Object Repository/CuPaDl/MenuScroll/ObjectsScrollRight' is clicked on

2018-03-06 10:09:14 - [MESSAGE][PASSED] - Delayed 2 second(s)

2018-03-06 10:09:14 - [MESSAGE][PASSED] - Object 'Object Repository/CuPaDl/Icons/Icon_america' is visible

2018-03-06 10:09:14 - [MESSAGE][PASSED] - Object: 'Object Repository/CuPaDl/Icons/Icon_america' is clicked on

2018-03-06 10:09:15 - [MESSAGE][PASSED] - Delayed 1 second(s)

2018-03-06 10:09:18 - [MESSAGE][WARNING] - Object 'Object Repository/CuPaDl/Loading_indicator' is not visible after 3 second(s)

2018-03-06 10:09:18 - [MESSAGE][WARNING] - Timeout '0' is invalid. Using default page load timeout: '30'

2018-03-06 10:09:18 - [MESSAGE][PASSED] - Width of element 'Object Repository/CuPaDl/Icons/Reposition_icon' is '40'

2018-03-06 10:09:18 - [MESSAGE][PASSED] - Height of element 'Object Repository/CuPaDl/Icons/Reposition_icon' is '40'.

2018-03-06 10:09:19 - [MESSAGE][PASSED] - Delayed 1 second(s)

2018-03-06 10:09:19 - [MESSAGE][PASSED] - cupakeysDl.iconad.iconadd is PASSED

2018-03-06 10:09:19 - [TEST_STEP][PASSED] - Statement - (step++): null

2018-03-06 10:09:19 - [TEST_STEP][PASSED] - Statement - (iconcount++): null

2018-03-06 10:09:19 - [TEST_STEP][PASSED] - cupakeysDl.iconres.iconresize: cupakeysDl.iconres.iconresize is PASSED

2018-03-06 10:09:19 - [MESSAGE][PASSED] - Object 'Object Repository/CuPaDl/Icons/Reposition_icon' is visible

2018-03-06 10:09:19 - [MESSAGE][PASSED] - Current viewport's left (x) position is 0

2018-03-06 10:09:19 - [MESSAGE][PASSED] - Current viewport's top (y) position is 54

2018-03-06 10:09:19 - [MESSAGE][PASSED] - Dragged object with id 'Object Repository/CuPaDl/Icons/Resize_icon_bottomright' by offset distance x = -125 and y = -71 successfully

2018-03-06 10:09:23 - [MESSAGE][WARNING] - Object 'Object Repository/CuPaDl/Loading_indicator' is not visible after 3 second(s)

2018-03-06 10:09:24 - [MESSAGE][PASSED] - Delayed 1 second(s)

2018-03-06 10:09:24 - [MESSAGE][PASSED] - cupakeysDl.iconres.iconresize is PASSED

2018-03-06 10:09:24 - [TEST_STEP][PASSED] - Statement - (step++): null

2018-03-06 10:09:24 - [TEST_STEP][PASSED] - cupakeysDl.slink.svlink: cupakeysDl.slink.svlink is PASSED

2018-03-06 10:09:24 - [MESSAGE][PASSED] - Scroll to object 'Object Repository/CuPaDl/Save/Save' successfully

2018-03-06 10:09:24 - [MESSAGE][PASSED] - Object: 'Object Repository/CuPaDl/Save/Save' is clicked on

2018-03-06 10:09:24 - [MESSAGE][WARNING] - Timeout '0' is invalid. Using default page load timeout: '30'

2018-03-06 10:09:25 - [MESSAGE][PASSED] - Object 'Object Repository/CuPaDl/Save/CopyLink' is visible

2018-03-06 10:09:25 - [MESSAGE][PASSED] - Attribute 'value' of object 'Object Repository/CuPaDl/Save/Link' is: 'https://d16a4dsnr8a0k1.cloudfront.net/en/2455233.html?scupaId=BCMiLhlcPiYkNHo0RURC'

2018-03-06 10:09:25 - [MESSAGE][PASSED] - cupakeysDl.slink.svlink is PASSED

2018-03-06 10:09:25 - [TEST_STEP][PASSED] - cupakeysDl.endsession.finishsession: cupakeysDl.endsession.finishsession is PASSED

2018-03-06 10:09:28 - [MESSAGE][PASSED] - Delayed 3 second(s)

2018-03-06 10:09:29 - [MESSAGE][PASSED] - Browser is closed

2018-03-06 10:09:29 - [MESSAGE][PASSED] - cupakeysDl.endsession.finishsession is PASSED]]></system-out>
         <system-err><![CDATA[]]></system-err>
      </testcase>
      <testcase name="Test Cases/CuPaStefanie/32" classname="Test Cases/CuPaStefanie/32" status="PASSED">
         <system-out><![CDATA[2018-03-06 10:09:29 - [TEST_CASE][PASSED] - Test Cases/CuPaStefanie/32: Test Cases/CuPaStefanie/32

2018-03-06 10:09:29 - [TEST_STEP][PASSED] - Statement - timeStamp = new java.text.SimpleDateFormat(dd.MM.yyyy).format(java.util.Calendar.getInstance().getTime()): null

2018-03-06 10:09:29 - [TEST_STEP][PASSED] - Statement - timeStampScreenshot = new java.text.SimpleDateFormat(dd.MM.yyyy).format(java.util.Calendar.getInstance().getTime()): null

2018-03-06 10:09:29 - [TEST_STEP][PASSED] - Statement - iconmap = [:]: null

2018-03-06 10:09:29 - [TEST_STEP][PASSED] - Statement - txtmap = [:]: null

2018-03-06 10:09:29 - [TEST_STEP][PASSED] - Statement - signmap = [:]: null

2018-03-06 10:09:29 - [TEST_STEP][PASSED] - cupakeysDl.initStart.initialStart: cupakeysDl.initStart.initialStart is PASSED

2018-03-06 10:09:31 - [MESSAGE][PASSED] - Browser is opened with url: ''

2018-03-06 10:09:34 - [MESSAGE][PASSED] - Delayed 3 second(s)

2018-03-06 10:09:35 - [MESSAGE][PASSED] - Navigate to 'https://d16a4dsnr8a0k1.cloudfront.net/en/2455233.html?price=150.00%20%E2%82%AC&partName=wilsonPartName&vin=wilsonVin&modelCode=XP11&paint=P0A94&modelDescription=wilsonModelDescription&additionalEquipment=wilsonAdditionalEquipment' successfully

2018-03-06 10:09:35 - [MESSAGE][PASSED] - Object 'Object Repository/CuPaDl/Loading_indicator' is visible

2018-03-06 10:09:43 - [MESSAGE][PASSED] - Object 'Object Repository/CuPaDl/Loading_indicator' is NOT visible

2018-03-06 10:09:44 - [MESSAGE][PASSED] - Delayed 1 second(s)

2018-03-06 10:09:44 - [MESSAGE][PASSED] - cupakeysDl.initStart.initialStart is PASSED

2018-03-06 10:09:44 - [TEST_STEP][PASSED] - Statement - (step++): null

2018-03-06 10:09:44 - [TEST_STEP][PASSED] - cupakeysDl.color.changecolor: cupakeysDl.color.changecolor is PASSED

2018-03-06 10:09:44 - [MESSAGE][PASSED] - Object 'Object Repository/CuPaDl/Color/Color' is visible

2018-03-06 10:09:44 - [MESSAGE][PASSED] - Object: 'Object Repository/CuPaDl/Color/Color' is clicked on

2018-03-06 10:09:45 - [MESSAGE][PASSED] - Delayed 1 second(s)

2018-03-06 10:09:45 - [MESSAGE][PASSED] - Object 'Object Repository/CuPaDl/Color/Color_lapisblue' is visible

2018-03-06 10:09:45 - [MESSAGE][PASSED] - Object: 'Object Repository/CuPaDl/Color/Color_lapisblue' is clicked on

2018-03-06 10:09:45 - [MESSAGE][WARNING] - Timeout '0' is invalid. Using default page load timeout: '30'

2018-03-06 10:09:45 - [MESSAGE][PASSED] - Object 'Object Repository/CuPaDl/Color/Color_lapisblue' is visible

2018-03-06 10:09:46 - [MESSAGE][PASSED] - Delayed 1 second(s)

2018-03-06 10:09:47 - [MESSAGE][PASSED] - Object: 'Object Repository/CuPaDl/Color/Color_lapisblue' is clicked on

2018-03-06 10:09:50 - [MESSAGE][WARNING] - Object 'Object Repository/CuPaDl/Loading_indicator' is not visible after 3 second(s)

2018-03-06 10:09:51 - [MESSAGE][PASSED] - Delayed 1 second(s)

2018-03-06 10:09:51 - [MESSAGE][PASSED] - cupakeysDl.color.changecolor is PASSED

2018-03-06 10:09:51 - [TEST_STEP][PASSED] - Statement - (step++): null

2018-03-06 10:09:51 - [TEST_STEP][PASSED] - Statement - iconmap += CustomKeywords.cupakeysDl.iconad.iconadd("america", LoadTimeCorrector, step, run, device, timeStamp, iconcount): cupakeysDl.iconad.iconadd is PASSED

2018-03-06 10:09:51 - [MESSAGE][PASSED] - Object: 'Object Repository/CuPaDl/Icons/Icon' is clicked on

2018-03-06 10:09:53 - [MESSAGE][WARNING] - Object 'Object Repository/CuPaDl/Icons/Icon_america' is not visible after 2 second(s)

2018-03-06 10:09:53 - [MESSAGE][PASSED] - Object: 'Object Repository/CuPaDl/MenuScroll/ObjectsScrollRight' is clicked on

2018-03-06 10:09:55 - [MESSAGE][PASSED] - Delayed 2 second(s)

2018-03-06 10:09:55 - [MESSAGE][PASSED] - Object 'Object Repository/CuPaDl/Icons/Icon_america' is visible

2018-03-06 10:09:55 - [MESSAGE][PASSED] - Object: 'Object Repository/CuPaDl/Icons/Icon_america' is clicked on

2018-03-06 10:09:56 - [MESSAGE][PASSED] - Delayed 1 second(s)

2018-03-06 10:09:56 - [MESSAGE][PASSED] - Object 'Object Repository/CuPaDl/Loading_indicator' is visible

2018-03-06 10:09:57 - [MESSAGE][PASSED] - Object 'Object Repository/CuPaDl/Loading_indicator' is NOT visible

2018-03-06 10:09:57 - [MESSAGE][WARNING] - Timeout '0' is invalid. Using default page load timeout: '30'

2018-03-06 10:09:58 - [MESSAGE][PASSED] - Width of element 'Object Repository/CuPaDl/Icons/Reposition_icon' is '40'

2018-03-06 10:09:58 - [MESSAGE][PASSED] - Height of element 'Object Repository/CuPaDl/Icons/Reposition_icon' is '40'.

2018-03-06 10:09:59 - [MESSAGE][PASSED] - Delayed 1 second(s)

2018-03-06 10:09:59 - [MESSAGE][PASSED] - cupakeysDl.iconad.iconadd is PASSED

2018-03-06 10:09:59 - [TEST_STEP][PASSED] - Statement - (step++): null

2018-03-06 10:09:59 - [TEST_STEP][PASSED] - Statement - (iconcount++): null

2018-03-06 10:09:59 - [TEST_STEP][PASSED] - cupakeysDl.iconres.iconresize: cupakeysDl.iconres.iconresize is PASSED

2018-03-06 10:09:59 - [MESSAGE][PASSED] - Object 'Object Repository/CuPaDl/Icons/Reposition_icon' is visible

2018-03-06 10:09:59 - [MESSAGE][PASSED] - Current viewport's left (x) position is 0

2018-03-06 10:09:59 - [MESSAGE][PASSED] - Current viewport's top (y) position is 54

2018-03-06 10:09:59 - [MESSAGE][PASSED] - Dragged object with id 'Object Repository/CuPaDl/Icons/Resize_icon_bottomright' by offset distance x = 125 and y = 179 successfully

2018-03-06 10:10:00 - [MESSAGE][PASSED] - Object 'Object Repository/CuPaDl/Loading_indicator' is visible

2018-03-06 10:10:01 - [MESSAGE][PASSED] - Object 'Object Repository/CuPaDl/Loading_indicator' is NOT visible

2018-03-06 10:10:02 - [MESSAGE][PASSED] - Delayed 1 second(s)

2018-03-06 10:10:02 - [MESSAGE][PASSED] - cupakeysDl.iconres.iconresize is PASSED

2018-03-06 10:10:02 - [TEST_STEP][PASSED] - Statement - (step++): null

2018-03-06 10:10:02 - [TEST_STEP][PASSED] - cupakeysDl.slink.svlink: cupakeysDl.slink.svlink is PASSED

2018-03-06 10:10:02 - [MESSAGE][PASSED] - Scroll to object 'Object Repository/CuPaDl/Save/Save' successfully

2018-03-06 10:10:02 - [MESSAGE][PASSED] - Object: 'Object Repository/CuPaDl/Save/Save' is clicked on

2018-03-06 10:10:02 - [MESSAGE][WARNING] - Timeout '0' is invalid. Using default page load timeout: '30'

2018-03-06 10:10:04 - [MESSAGE][PASSED] - Object 'Object Repository/CuPaDl/Save/CopyLink' is visible

2018-03-06 10:10:04 - [MESSAGE][PASSED] - Attribute 'value' of object 'Object Repository/CuPaDl/Save/Link' is: 'https://d16a4dsnr8a0k1.cloudfront.net/en/2455233.html?scupaId=Az07LHQ1PT0lI3o0RURC'

2018-03-06 10:10:04 - [MESSAGE][PASSED] - cupakeysDl.slink.svlink is PASSED

2018-03-06 10:10:04 - [TEST_STEP][PASSED] - cupakeysDl.endsession.finishsession: cupakeysDl.endsession.finishsession is PASSED

2018-03-06 10:10:07 - [MESSAGE][PASSED] - Delayed 3 second(s)

2018-03-06 10:10:07 - [MESSAGE][PASSED] - Browser is closed

2018-03-06 10:10:07 - [MESSAGE][PASSED] - cupakeysDl.endsession.finishsession is PASSED]]></system-out>
         <system-err><![CDATA[]]></system-err>
      </testcase>
      <testcase name="Test Cases/CuPaStefanie/33" classname="Test Cases/CuPaStefanie/33" status="PASSED">
         <system-out><![CDATA[2018-03-06 10:10:07 - [TEST_CASE][PASSED] - Test Cases/CuPaStefanie/33: Test Cases/CuPaStefanie/33

2018-03-06 10:10:08 - [TEST_STEP][PASSED] - Statement - timeStamp = new java.text.SimpleDateFormat(dd.MM.yyyy).format(java.util.Calendar.getInstance().getTime()): null

2018-03-06 10:10:08 - [TEST_STEP][PASSED] - Statement - timeStampScreenshot = new java.text.SimpleDateFormat(dd.MM.yyyy).format(java.util.Calendar.getInstance().getTime()): null

2018-03-06 10:10:08 - [TEST_STEP][PASSED] - Statement - iconmap = [:]: null

2018-03-06 10:10:08 - [TEST_STEP][PASSED] - Statement - txtmap = [:]: null

2018-03-06 10:10:08 - [TEST_STEP][PASSED] - Statement - signmap = [:]: null

2018-03-06 10:10:08 - [TEST_STEP][PASSED] - cupakeysDl.initStart.initialStart: cupakeysDl.initStart.initialStart is PASSED

2018-03-06 10:10:10 - [MESSAGE][PASSED] - Browser is opened with url: ''

2018-03-06 10:10:13 - [MESSAGE][PASSED] - Delayed 3 second(s)

2018-03-06 10:10:14 - [MESSAGE][PASSED] - Navigate to 'https://d16a4dsnr8a0k1.cloudfront.net/en/2455233.html?price=150.00%20%E2%82%AC&partName=wilsonPartName&vin=wilsonVin&modelCode=XP11&paint=P0A94&modelDescription=wilsonModelDescription&additionalEquipment=wilsonAdditionalEquipment' successfully

2018-03-06 10:10:14 - [MESSAGE][PASSED] - Object 'Object Repository/CuPaDl/Loading_indicator' is visible

2018-03-06 10:10:22 - [MESSAGE][PASSED] - Object 'Object Repository/CuPaDl/Loading_indicator' is NOT visible

2018-03-06 10:10:23 - [MESSAGE][PASSED] - Delayed 1 second(s)

2018-03-06 10:10:23 - [MESSAGE][PASSED] - cupakeysDl.initStart.initialStart is PASSED

2018-03-06 10:10:23 - [TEST_STEP][PASSED] - Statement - (step++): null

2018-03-06 10:10:23 - [TEST_STEP][PASSED] - cupakeysDl.color.changecolor: cupakeysDl.color.changecolor is PASSED

2018-03-06 10:10:23 - [MESSAGE][PASSED] - Object 'Object Repository/CuPaDl/Color/Color' is visible

2018-03-06 10:10:23 - [MESSAGE][PASSED] - Object: 'Object Repository/CuPaDl/Color/Color' is clicked on

2018-03-06 10:10:24 - [MESSAGE][PASSED] - Delayed 1 second(s)

2018-03-06 10:10:24 - [MESSAGE][PASSED] - Object 'Object Repository/CuPaDl/Color/Color_passionred' is visible

2018-03-06 10:10:24 - [MESSAGE][PASSED] - Object: 'Object Repository/CuPaDl/Color/Color_passionred' is clicked on

2018-03-06 10:10:24 - [MESSAGE][WARNING] - Timeout '0' is invalid. Using default page load timeout: '30'

2018-03-06 10:10:24 - [MESSAGE][PASSED] - Object 'Object Repository/CuPaDl/Color/Color_passionred' is visible

2018-03-06 10:10:25 - [MESSAGE][PASSED] - Delayed 1 second(s)

2018-03-06 10:10:26 - [MESSAGE][PASSED] - Object: 'Object Repository/CuPaDl/Color/Color_passionred' is clicked on

2018-03-06 10:10:26 - [MESSAGE][PASSED] - Object 'Object Repository/CuPaDl/Loading_indicator' is visible

2018-03-06 10:10:28 - [MESSAGE][PASSED] - Object 'Object Repository/CuPaDl/Loading_indicator' is NOT visible

2018-03-06 10:10:29 - [MESSAGE][PASSED] - Delayed 1 second(s)

2018-03-06 10:10:29 - [MESSAGE][PASSED] - cupakeysDl.color.changecolor is PASSED

2018-03-06 10:10:29 - [TEST_STEP][PASSED] - Statement - (step++): null

2018-03-06 10:10:29 - [TEST_STEP][PASSED] - Statement - iconmap += CustomKeywords.cupakeysDl.iconad.iconadd("australia", LoadTimeCorrector, step, run, device, timeStamp, iconcount): cupakeysDl.iconad.iconadd is PASSED

2018-03-06 10:10:29 - [MESSAGE][PASSED] - Object: 'Object Repository/CuPaDl/Icons/Icon' is clicked on

2018-03-06 10:10:31 - [MESSAGE][WARNING] - Object 'Object Repository/CuPaDl/Icons/Icon_australia' is not visible after 2 second(s)

2018-03-06 10:10:31 - [MESSAGE][PASSED] - Object: 'Object Repository/CuPaDl/MenuScroll/ObjectsScrollRight' is clicked on

2018-03-06 10:10:33 - [MESSAGE][PASSED] - Delayed 2 second(s)

2018-03-06 10:10:33 - [MESSAGE][PASSED] - Object 'Object Repository/CuPaDl/Icons/Icon_australia' is visible

2018-03-06 10:10:34 - [MESSAGE][PASSED] - Object: 'Object Repository/CuPaDl/Icons/Icon_australia' is clicked on

2018-03-06 10:10:35 - [MESSAGE][PASSED] - Delayed 1 second(s)

2018-03-06 10:10:35 - [MESSAGE][PASSED] - Object 'Object Repository/CuPaDl/Loading_indicator' is visible

2018-03-06 10:10:36 - [MESSAGE][PASSED] - Object 'Object Repository/CuPaDl/Loading_indicator' is NOT visible

2018-03-06 10:10:36 - [MESSAGE][WARNING] - Timeout '0' is invalid. Using default page load timeout: '30'

2018-03-06 10:10:36 - [MESSAGE][PASSED] - Width of element 'Object Repository/CuPaDl/Icons/Reposition_icon' is '40'

2018-03-06 10:10:36 - [MESSAGE][PASSED] - Height of element 'Object Repository/CuPaDl/Icons/Reposition_icon' is '40'.

2018-03-06 10:10:37 - [MESSAGE][PASSED] - Delayed 1 second(s)

2018-03-06 10:10:37 - [MESSAGE][PASSED] - cupakeysDl.iconad.iconadd is PASSED

2018-03-06 10:10:37 - [TEST_STEP][PASSED] - Statement - (step++): null

2018-03-06 10:10:37 - [TEST_STEP][PASSED] - Statement - (iconcount++): null

2018-03-06 10:10:37 - [TEST_STEP][PASSED] - cupakeysDl.iconres.iconresize: cupakeysDl.iconres.iconresize is PASSED

2018-03-06 10:10:37 - [MESSAGE][PASSED] - Object 'Object Repository/CuPaDl/Icons/Reposition_icon' is visible

2018-03-06 10:10:37 - [MESSAGE][PASSED] - Current viewport's left (x) position is 0

2018-03-06 10:10:37 - [MESSAGE][PASSED] - Current viewport's top (y) position is 54

2018-03-06 10:10:37 - [MESSAGE][PASSED] - Dragged object with id 'Object Repository/CuPaDl/Icons/Resize_icon_bottomright' by offset distance x = -125 and y = -71 successfully

2018-03-06 10:10:40 - [MESSAGE][WARNING] - Object 'Object Repository/CuPaDl/Loading_indicator' is not visible after 3 second(s)

2018-03-06 10:10:41 - [MESSAGE][PASSED] - Delayed 1 second(s)

2018-03-06 10:10:41 - [MESSAGE][PASSED] - cupakeysDl.iconres.iconresize is PASSED

2018-03-06 10:10:41 - [TEST_STEP][PASSED] - Statement - (step++): null

2018-03-06 10:10:41 - [TEST_STEP][PASSED] - cupakeysDl.slink.svlink: cupakeysDl.slink.svlink is PASSED

2018-03-06 10:10:41 - [MESSAGE][PASSED] - Scroll to object 'Object Repository/CuPaDl/Save/Save' successfully

2018-03-06 10:10:41 - [MESSAGE][PASSED] - Object: 'Object Repository/CuPaDl/Save/Save' is clicked on

2018-03-06 10:10:41 - [MESSAGE][WARNING] - Timeout '0' is invalid. Using default page load timeout: '30'

2018-03-06 10:10:43 - [MESSAGE][PASSED] - Object 'Object Repository/CuPaDl/Save/CopyLink' is visible

2018-03-06 10:10:43 - [MESSAGE][PASSED] - Attribute 'value' of object 'Object Repository/CuPaDl/Save/Link' is: 'https://d16a4dsnr8a0k1.cloudfront.net/en/2455233.html?scupaId=DjxfJ2MmMykkP3o0RURF'

2018-03-06 10:10:43 - [MESSAGE][PASSED] - cupakeysDl.slink.svlink is PASSED

2018-03-06 10:10:43 - [TEST_STEP][PASSED] - cupakeysDl.endsession.finishsession: cupakeysDl.endsession.finishsession is PASSED

2018-03-06 10:10:46 - [MESSAGE][PASSED] - Delayed 3 second(s)

2018-03-06 10:10:47 - [MESSAGE][PASSED] - Browser is closed

2018-03-06 10:10:47 - [MESSAGE][PASSED] - cupakeysDl.endsession.finishsession is PASSED]]></system-out>
         <system-err><![CDATA[]]></system-err>
      </testcase>
      <testcase name="Test Cases/CuPaStefanie/34" classname="Test Cases/CuPaStefanie/34" status="PASSED">
         <system-out><![CDATA[2018-03-06 10:10:47 - [TEST_CASE][PASSED] - Test Cases/CuPaStefanie/34: Test Cases/CuPaStefanie/34

2018-03-06 10:10:47 - [TEST_STEP][PASSED] - Statement - timeStamp = new java.text.SimpleDateFormat(dd.MM.yyyy).format(java.util.Calendar.getInstance().getTime()): null

2018-03-06 10:10:47 - [TEST_STEP][PASSED] - Statement - timeStampScreenshot = new java.text.SimpleDateFormat(dd.MM.yyyy).format(java.util.Calendar.getInstance().getTime()): null

2018-03-06 10:10:47 - [TEST_STEP][PASSED] - Statement - iconmap = [:]: null

2018-03-06 10:10:47 - [TEST_STEP][PASSED] - Statement - txtmap = [:]: null

2018-03-06 10:10:47 - [TEST_STEP][PASSED] - Statement - signmap = [:]: null

2018-03-06 10:10:47 - [TEST_STEP][PASSED] - cupakeysDl.initStart.initialStart: cupakeysDl.initStart.initialStart is PASSED

2018-03-06 10:10:49 - [MESSAGE][PASSED] - Browser is opened with url: ''

2018-03-06 10:10:52 - [MESSAGE][PASSED] - Delayed 3 second(s)

2018-03-06 10:10:53 - [MESSAGE][PASSED] - Navigate to 'https://d16a4dsnr8a0k1.cloudfront.net/en/2455233.html?price=150.00%20%E2%82%AC&partName=wilsonPartName&vin=wilsonVin&modelCode=XP11&paint=P0A94&modelDescription=wilsonModelDescription&additionalEquipment=wilsonAdditionalEquipment' successfully

2018-03-06 10:10:53 - [MESSAGE][PASSED] - Object 'Object Repository/CuPaDl/Loading_indicator' is visible

2018-03-06 10:11:01 - [MESSAGE][PASSED] - Object 'Object Repository/CuPaDl/Loading_indicator' is NOT visible

2018-03-06 10:11:02 - [MESSAGE][PASSED] - Delayed 1 second(s)

2018-03-06 10:11:02 - [MESSAGE][PASSED] - cupakeysDl.initStart.initialStart is PASSED

2018-03-06 10:11:02 - [TEST_STEP][PASSED] - Statement - (step++): null

2018-03-06 10:11:02 - [TEST_STEP][PASSED] - cupakeysDl.color.changecolor: cupakeysDl.color.changecolor is PASSED

2018-03-06 10:11:02 - [MESSAGE][PASSED] - Object 'Object Repository/CuPaDl/Color/Color' is visible

2018-03-06 10:11:02 - [MESSAGE][PASSED] - Object: 'Object Repository/CuPaDl/Color/Color' is clicked on

2018-03-06 10:11:03 - [MESSAGE][PASSED] - Delayed 1 second(s)

2018-03-06 10:11:03 - [MESSAGE][PASSED] - Object 'Object Repository/CuPaDl/Color/Color_jetblack' is visible

2018-03-06 10:11:03 - [MESSAGE][PASSED] - Object: 'Object Repository/CuPaDl/Color/Color_jetblack' is clicked on

2018-03-06 10:11:03 - [MESSAGE][WARNING] - Timeout '0' is invalid. Using default page load timeout: '30'

2018-03-06 10:11:03 - [MESSAGE][PASSED] - Object 'Object Repository/CuPaDl/Color/Color_jetblack' is visible

2018-03-06 10:11:04 - [MESSAGE][PASSED] - Delayed 1 second(s)

2018-03-06 10:11:04 - [MESSAGE][PASSED] - Object: 'Object Repository/CuPaDl/Color/Color_jetblack' is clicked on

2018-03-06 10:11:04 - [MESSAGE][PASSED] - Object 'Object Repository/CuPaDl/Loading_indicator' is visible

2018-03-06 10:11:07 - [MESSAGE][PASSED] - Object 'Object Repository/CuPaDl/Loading_indicator' is NOT visible

2018-03-06 10:11:08 - [MESSAGE][PASSED] - Delayed 1 second(s)

2018-03-06 10:11:08 - [MESSAGE][PASSED] - cupakeysDl.color.changecolor is PASSED

2018-03-06 10:11:08 - [TEST_STEP][PASSED] - Statement - (step++): null

2018-03-06 10:11:08 - [TEST_STEP][PASSED] - Statement - iconmap += CustomKeywords.cupakeysDl.iconad.iconadd("australia", LoadTimeCorrector, step, run, device, timeStamp, iconcount): cupakeysDl.iconad.iconadd is PASSED

2018-03-06 10:11:08 - [MESSAGE][PASSED] - Object: 'Object Repository/CuPaDl/Icons/Icon' is clicked on

2018-03-06 10:11:10 - [MESSAGE][WARNING] - Object 'Object Repository/CuPaDl/Icons/Icon_australia' is not visible after 2 second(s)

2018-03-06 10:11:10 - [MESSAGE][PASSED] - Object: 'Object Repository/CuPaDl/MenuScroll/ObjectsScrollRight' is clicked on

2018-03-06 10:11:12 - [MESSAGE][PASSED] - Delayed 2 second(s)

2018-03-06 10:11:12 - [MESSAGE][PASSED] - Object 'Object Repository/CuPaDl/Icons/Icon_australia' is visible

2018-03-06 10:11:12 - [MESSAGE][PASSED] - Object: 'Object Repository/CuPaDl/Icons/Icon_australia' is clicked on

2018-03-06 10:11:13 - [MESSAGE][PASSED] - Delayed 1 second(s)

2018-03-06 10:11:17 - [MESSAGE][WARNING] - Object 'Object Repository/CuPaDl/Loading_indicator' is not visible after 3 second(s)

2018-03-06 10:11:17 - [MESSAGE][WARNING] - Timeout '0' is invalid. Using default page load timeout: '30'

2018-03-06 10:11:17 - [MESSAGE][PASSED] - Width of element 'Object Repository/CuPaDl/Icons/Reposition_icon' is '40'

2018-03-06 10:11:17 - [MESSAGE][PASSED] - Height of element 'Object Repository/CuPaDl/Icons/Reposition_icon' is '40'.

2018-03-06 10:11:18 - [MESSAGE][PASSED] - Delayed 1 second(s)

2018-03-06 10:11:18 - [MESSAGE][PASSED] - cupakeysDl.iconad.iconadd is PASSED

2018-03-06 10:11:18 - [TEST_STEP][PASSED] - Statement - (step++): null

2018-03-06 10:11:18 - [TEST_STEP][PASSED] - Statement - (iconcount++): null

2018-03-06 10:11:18 - [TEST_STEP][PASSED] - cupakeysDl.iconres.iconresize: cupakeysDl.iconres.iconresize is PASSED

2018-03-06 10:11:18 - [MESSAGE][PASSED] - Object 'Object Repository/CuPaDl/Icons/Reposition_icon' is visible

2018-03-06 10:11:18 - [MESSAGE][PASSED] - Current viewport's left (x) position is 0

2018-03-06 10:11:18 - [MESSAGE][PASSED] - Current viewport's top (y) position is 54

2018-03-06 10:11:18 - [MESSAGE][PASSED] - Dragged object with id 'Object Repository/CuPaDl/Icons/Resize_icon_bottomright' by offset distance x = 125 and y = 179 successfully

2018-03-06 10:11:19 - [MESSAGE][PASSED] - Object 'Object Repository/CuPaDl/Loading_indicator' is visible

2018-03-06 10:11:20 - [MESSAGE][PASSED] - Object 'Object Repository/CuPaDl/Loading_indicator' is NOT visible

2018-03-06 10:11:21 - [MESSAGE][PASSED] - Delayed 1 second(s)

2018-03-06 10:11:21 - [MESSAGE][PASSED] - cupakeysDl.iconres.iconresize is PASSED

2018-03-06 10:11:21 - [TEST_STEP][PASSED] - Statement - (step++): null

2018-03-06 10:11:21 - [TEST_STEP][PASSED] - cupakeysDl.slink.svlink: cupakeysDl.slink.svlink is PASSED

2018-03-06 10:11:21 - [MESSAGE][PASSED] - Scroll to object 'Object Repository/CuPaDl/Save/Save' successfully

2018-03-06 10:11:21 - [MESSAGE][PASSED] - Object: 'Object Repository/CuPaDl/Save/Save' is clicked on

2018-03-06 10:11:21 - [MESSAGE][WARNING] - Timeout '0' is invalid. Using default page load timeout: '30'

2018-03-06 10:11:23 - [MESSAGE][PASSED] - Object 'Object Repository/CuPaDl/Save/CopyLink' is visible

2018-03-06 10:11:23 - [MESSAGE][PASSED] - Attribute 'value' of object 'Object Repository/CuPaDl/Save/Link' is: 'https://d16a4dsnr8a0k1.cloudfront.net/en/2455233.html?scupaId=GiQ5UBZYIicvUXo4Q0JM'

2018-03-06 10:11:23 - [MESSAGE][PASSED] - cupakeysDl.slink.svlink is PASSED

2018-03-06 10:11:23 - [TEST_STEP][PASSED] - cupakeysDl.endsession.finishsession: cupakeysDl.endsession.finishsession is PASSED

2018-03-06 10:11:26 - [MESSAGE][PASSED] - Delayed 3 second(s)

2018-03-06 10:11:26 - [MESSAGE][PASSED] - Browser is closed

2018-03-06 10:11:26 - [MESSAGE][PASSED] - cupakeysDl.endsession.finishsession is PASSED]]></system-out>
         <system-err><![CDATA[]]></system-err>
      </testcase>
      <testcase name="Test Cases/CuPaStefanie/35" classname="Test Cases/CuPaStefanie/35" status="PASSED">
         <system-out><![CDATA[2018-03-06 10:11:27 - [TEST_CASE][PASSED] - Test Cases/CuPaStefanie/35: Test Cases/CuPaStefanie/35

2018-03-06 10:11:27 - [TEST_STEP][PASSED] - Statement - timeStamp = new java.text.SimpleDateFormat(dd.MM.yyyy).format(java.util.Calendar.getInstance().getTime()): null

2018-03-06 10:11:27 - [TEST_STEP][PASSED] - Statement - timeStampScreenshot = new java.text.SimpleDateFormat(dd.MM.yyyy).format(java.util.Calendar.getInstance().getTime()): null

2018-03-06 10:11:27 - [TEST_STEP][PASSED] - Statement - iconmap = [:]: null

2018-03-06 10:11:27 - [TEST_STEP][PASSED] - Statement - txtmap = [:]: null

2018-03-06 10:11:27 - [TEST_STEP][PASSED] - Statement - signmap = [:]: null

2018-03-06 10:11:27 - [TEST_STEP][PASSED] - cupakeysDl.initStart.initialStart: cupakeysDl.initStart.initialStart is PASSED

2018-03-06 10:11:29 - [MESSAGE][PASSED] - Browser is opened with url: ''

2018-03-06 10:11:32 - [MESSAGE][PASSED] - Delayed 3 second(s)

2018-03-06 10:11:33 - [MESSAGE][PASSED] - Navigate to 'https://d16a4dsnr8a0k1.cloudfront.net/en/2455233.html?price=150.00%20%E2%82%AC&partName=wilsonPartName&vin=wilsonVin&modelCode=XP11&paint=P0A94&modelDescription=wilsonModelDescription&additionalEquipment=wilsonAdditionalEquipment' successfully

2018-03-06 10:11:33 - [MESSAGE][PASSED] - Object 'Object Repository/CuPaDl/Loading_indicator' is visible

2018-03-06 10:11:40 - [MESSAGE][PASSED] - Object 'Object Repository/CuPaDl/Loading_indicator' is NOT visible

2018-03-06 10:11:41 - [MESSAGE][PASSED] - Delayed 1 second(s)

2018-03-06 10:11:41 - [MESSAGE][PASSED] - cupakeysDl.initStart.initialStart is PASSED

2018-03-06 10:11:41 - [TEST_STEP][PASSED] - Statement - (step++): null

2018-03-06 10:11:41 - [TEST_STEP][PASSED] - cupakeysDl.color.changecolor: cupakeysDl.color.changecolor is PASSED

2018-03-06 10:11:42 - [MESSAGE][PASSED] - Object 'Object Repository/CuPaDl/Color/Color' is visible

2018-03-06 10:11:42 - [MESSAGE][PASSED] - Object: 'Object Repository/CuPaDl/Color/Color' is clicked on

2018-03-06 10:11:43 - [MESSAGE][PASSED] - Delayed 1 second(s)

2018-03-06 10:11:43 - [MESSAGE][PASSED] - Object 'Object Repository/CuPaDl/Color/Color_nightlightblue' is visible

2018-03-06 10:11:43 - [MESSAGE][PASSED] - Object: 'Object Repository/CuPaDl/Color/Color_nightlightblue' is clicked on

2018-03-06 10:11:43 - [MESSAGE][WARNING] - Timeout '0' is invalid. Using default page load timeout: '30'

2018-03-06 10:11:43 - [MESSAGE][PASSED] - Object 'Object Repository/CuPaDl/Color/Color_nightlightblue' is visible

2018-03-06 10:11:44 - [MESSAGE][PASSED] - Delayed 1 second(s)

2018-03-06 10:11:44 - [MESSAGE][PASSED] - Object: 'Object Repository/CuPaDl/Color/Color_nightlightblue' is clicked on

2018-03-06 10:11:44 - [MESSAGE][PASSED] - Object 'Object Repository/CuPaDl/Loading_indicator' is visible

2018-03-06 10:11:46 - [MESSAGE][PASSED] - Object 'Object Repository/CuPaDl/Loading_indicator' is NOT visible

2018-03-06 10:11:47 - [MESSAGE][PASSED] - Delayed 1 second(s)

2018-03-06 10:11:47 - [MESSAGE][PASSED] - cupakeysDl.color.changecolor is PASSED

2018-03-06 10:11:47 - [TEST_STEP][PASSED] - Statement - (step++): null

2018-03-06 10:11:47 - [TEST_STEP][PASSED] - Statement - iconmap += CustomKeywords.cupakeysDl.iconad.iconadd("londoncircle", LoadTimeCorrector, step, run, device, timeStamp, iconcount): cupakeysDl.iconad.iconadd is PASSED

2018-03-06 10:11:47 - [MESSAGE][PASSED] - Object: 'Object Repository/CuPaDl/Icons/Icon' is clicked on

2018-03-06 10:11:49 - [MESSAGE][WARNING] - Object 'Object Repository/CuPaDl/Icons/Icon_londoncircle' is not visible after 2 second(s)

2018-03-06 10:11:49 - [MESSAGE][PASSED] - Object: 'Object Repository/CuPaDl/MenuScroll/ObjectsScrollRight' is clicked on

2018-03-06 10:11:51 - [MESSAGE][PASSED] - Delayed 2 second(s)

2018-03-06 10:11:51 - [MESSAGE][PASSED] - Object 'Object Repository/CuPaDl/Icons/Icon_londoncircle' is visible

2018-03-06 10:11:51 - [MESSAGE][PASSED] - Object: 'Object Repository/CuPaDl/Icons/Icon_londoncircle' is clicked on

2018-03-06 10:11:52 - [MESSAGE][PASSED] - Delayed 1 second(s)

2018-03-06 10:11:52 - [MESSAGE][PASSED] - Object 'Object Repository/CuPaDl/Loading_indicator' is visible

2018-03-06 10:12:22 - [MESSAGE][PASSED] - Object 'Object Repository/CuPaDl/Loading_indicator' is NOT visible

2018-03-06 10:12:22 - [MESSAGE][WARNING] - Timeout '0' is invalid. Using default page load timeout: '30'

2018-03-06 10:12:22 - [MESSAGE][PASSED] - Width of element 'Object Repository/CuPaDl/Icons/Reposition_icon' is '40'

2018-03-06 10:12:22 - [MESSAGE][PASSED] - Height of element 'Object Repository/CuPaDl/Icons/Reposition_icon' is '40'.

2018-03-06 10:12:23 - [MESSAGE][PASSED] - Delayed 1 second(s)

2018-03-06 10:12:23 - [MESSAGE][PASSED] - cupakeysDl.iconad.iconadd is PASSED

2018-03-06 10:12:23 - [TEST_STEP][PASSED] - Statement - (step++): null

2018-03-06 10:12:23 - [TEST_STEP][PASSED] - Statement - (iconcount++): null

2018-03-06 10:12:23 - [TEST_STEP][PASSED] - cupakeysDl.iconres.iconresize: cupakeysDl.iconres.iconresize is PASSED

2018-03-06 10:12:23 - [MESSAGE][PASSED] - Object 'Object Repository/CuPaDl/Icons/Reposition_icon' is visible

2018-03-06 10:12:23 - [MESSAGE][PASSED] - Current viewport's left (x) position is 0

2018-03-06 10:12:23 - [MESSAGE][PASSED] - Current viewport's top (y) position is 54

2018-03-06 10:12:23 - [MESSAGE][PASSED] - Dragged object with id 'Object Repository/CuPaDl/Icons/Resize_icon_bottomright' by offset distance x = -125 and y = -71 successfully

2018-03-06 10:12:24 - [MESSAGE][PASSED] - Object 'Object Repository/CuPaDl/Loading_indicator' is visible

2018-03-06 10:12:55 - [MESSAGE][WARNING] - Object 'Object Repository/CuPaDl/Loading_indicator' is visible after 30 second(s)

2018-03-06 10:12:56 - [MESSAGE][PASSED] - Delayed 1 second(s)

2018-03-06 10:12:56 - [MESSAGE][PASSED] - cupakeysDl.iconres.iconresize is PASSED

2018-03-06 10:12:56 - [TEST_STEP][PASSED] - Statement - (step++): null

2018-03-06 10:12:56 - [TEST_STEP][PASSED] - cupakeysDl.slink.svlink: cupakeysDl.slink.svlink is PASSED

2018-03-06 10:12:56 - [MESSAGE][PASSED] - Scroll to object 'Object Repository/CuPaDl/Save/Save' successfully

2018-03-06 10:12:56 - [MESSAGE][PASSED] - Object: 'Object Repository/CuPaDl/Save/Save' is clicked on

2018-03-06 10:12:56 - [MESSAGE][WARNING] - Timeout '0' is invalid. Using default page load timeout: '30'

2018-03-06 10:13:11 - [MESSAGE][PASSED] - Object 'Object Repository/CuPaDl/Save/CopyLink' is visible

2018-03-06 10:13:11 - [MESSAGE][PASSED] - Attribute 'value' of object 'Object Repository/CuPaDl/Save/Link' is: 'https://d16a4dsnr8a0k1.cloudfront.net/en/2455233.html?scupaId=BDUgXGpUXFM4LXo0RURG'

2018-03-06 10:13:11 - [MESSAGE][PASSED] - cupakeysDl.slink.svlink is PASSED

2018-03-06 10:13:11 - [TEST_STEP][PASSED] - cupakeysDl.endsession.finishsession: cupakeysDl.endsession.finishsession is PASSED

2018-03-06 10:13:14 - [MESSAGE][PASSED] - Delayed 3 second(s)

2018-03-06 10:13:15 - [MESSAGE][PASSED] - Browser is closed

2018-03-06 10:13:15 - [MESSAGE][PASSED] - cupakeysDl.endsession.finishsession is PASSED]]></system-out>
         <system-err><![CDATA[]]></system-err>
      </testcase>
      <testcase name="Test Cases/CuPaStefanie/36" classname="Test Cases/CuPaStefanie/36" status="PASSED">
         <system-out><![CDATA[2018-03-06 10:13:15 - [TEST_CASE][PASSED] - Test Cases/CuPaStefanie/36: Test Cases/CuPaStefanie/36

2018-03-06 10:13:15 - [TEST_STEP][PASSED] - Statement - timeStamp = new java.text.SimpleDateFormat(dd.MM.yyyy).format(java.util.Calendar.getInstance().getTime()): null

2018-03-06 10:13:15 - [TEST_STEP][PASSED] - Statement - timeStampScreenshot = new java.text.SimpleDateFormat(dd.MM.yyyy).format(java.util.Calendar.getInstance().getTime()): null

2018-03-06 10:13:15 - [TEST_STEP][PASSED] - Statement - iconmap = [:]: null

2018-03-06 10:13:15 - [TEST_STEP][PASSED] - Statement - txtmap = [:]: null

2018-03-06 10:13:15 - [TEST_STEP][PASSED] - Statement - signmap = [:]: null

2018-03-06 10:13:15 - [TEST_STEP][PASSED] - cupakeysDl.initStart.initialStart: cupakeysDl.initStart.initialStart is PASSED

2018-03-06 10:13:17 - [MESSAGE][PASSED] - Browser is opened with url: ''

2018-03-06 10:13:20 - [MESSAGE][PASSED] - Delayed 3 second(s)

2018-03-06 10:13:22 - [MESSAGE][PASSED] - Navigate to 'https://d16a4dsnr8a0k1.cloudfront.net/en/2455233.html?price=150.00%20%E2%82%AC&partName=wilsonPartName&vin=wilsonVin&modelCode=XP11&paint=P0A94&modelDescription=wilsonModelDescription&additionalEquipment=wilsonAdditionalEquipment' successfully

2018-03-06 10:13:22 - [MESSAGE][PASSED] - Object 'Object Repository/CuPaDl/Loading_indicator' is visible

2018-03-06 10:13:29 - [MESSAGE][PASSED] - Object 'Object Repository/CuPaDl/Loading_indicator' is NOT visible

2018-03-06 10:13:30 - [MESSAGE][PASSED] - Delayed 1 second(s)

2018-03-06 10:13:30 - [MESSAGE][PASSED] - cupakeysDl.initStart.initialStart is PASSED

2018-03-06 10:13:30 - [TEST_STEP][PASSED] - Statement - (step++): null

2018-03-06 10:13:30 - [TEST_STEP][PASSED] - cupakeysDl.color.changecolor: cupakeysDl.color.changecolor is PASSED

2018-03-06 10:13:30 - [MESSAGE][PASSED] - Object 'Object Repository/CuPaDl/Color/Color' is visible

2018-03-06 10:13:30 - [MESSAGE][PASSED] - Object: 'Object Repository/CuPaDl/Color/Color' is clicked on

2018-03-06 10:13:31 - [MESSAGE][PASSED] - Delayed 1 second(s)

2018-03-06 10:13:31 - [MESSAGE][PASSED] - Object 'Object Repository/CuPaDl/Color/Color_moonwalkgrey' is visible

2018-03-06 10:13:31 - [MESSAGE][PASSED] - Object: 'Object Repository/CuPaDl/Color/Color_moonwalkgrey' is clicked on

2018-03-06 10:13:31 - [MESSAGE][WARNING] - Timeout '0' is invalid. Using default page load timeout: '30'

2018-03-06 10:13:31 - [MESSAGE][PASSED] - Object 'Object Repository/CuPaDl/Color/Color_moonwalkgrey' is visible

2018-03-06 10:13:32 - [MESSAGE][PASSED] - Delayed 1 second(s)

2018-03-06 10:13:32 - [MESSAGE][PASSED] - Object: 'Object Repository/CuPaDl/Color/Color_moonwalkgrey' is clicked on

2018-03-06 10:13:32 - [MESSAGE][PASSED] - Object 'Object Repository/CuPaDl/Loading_indicator' is visible

2018-03-06 10:13:35 - [MESSAGE][PASSED] - Object 'Object Repository/CuPaDl/Loading_indicator' is NOT visible

2018-03-06 10:13:36 - [MESSAGE][PASSED] - Delayed 1 second(s)

2018-03-06 10:13:36 - [MESSAGE][PASSED] - cupakeysDl.color.changecolor is PASSED

2018-03-06 10:13:36 - [TEST_STEP][PASSED] - Statement - (step++): null

2018-03-06 10:13:36 - [TEST_STEP][PASSED] - Statement - iconmap += CustomKeywords.cupakeysDl.iconad.iconadd("londoncircle", LoadTimeCorrector, step, run, device, timeStamp, iconcount): cupakeysDl.iconad.iconadd is PASSED

2018-03-06 10:13:36 - [MESSAGE][PASSED] - Object: 'Object Repository/CuPaDl/Icons/Icon' is clicked on

2018-03-06 10:13:38 - [MESSAGE][WARNING] - Object 'Object Repository/CuPaDl/Icons/Icon_londoncircle' is not visible after 2 second(s)

2018-03-06 10:13:38 - [MESSAGE][PASSED] - Object: 'Object Repository/CuPaDl/MenuScroll/ObjectsScrollRight' is clicked on

2018-03-06 10:13:40 - [MESSAGE][PASSED] - Delayed 2 second(s)

2018-03-06 10:13:40 - [MESSAGE][PASSED] - Object 'Object Repository/CuPaDl/Icons/Icon_londoncircle' is visible

2018-03-06 10:13:40 - [MESSAGE][PASSED] - Object: 'Object Repository/CuPaDl/Icons/Icon_londoncircle' is clicked on

2018-03-06 10:13:41 - [MESSAGE][PASSED] - Delayed 1 second(s)

2018-03-06 10:13:41 - [MESSAGE][PASSED] - Object 'Object Repository/CuPaDl/Loading_indicator' is visible

2018-03-06 10:14:10 - [MESSAGE][PASSED] - Object 'Object Repository/CuPaDl/Loading_indicator' is NOT visible

2018-03-06 10:14:10 - [MESSAGE][WARNING] - Timeout '0' is invalid. Using default page load timeout: '30'

2018-03-06 10:14:10 - [MESSAGE][PASSED] - Width of element 'Object Repository/CuPaDl/Icons/Reposition_icon' is '40'

2018-03-06 10:14:10 - [MESSAGE][PASSED] - Height of element 'Object Repository/CuPaDl/Icons/Reposition_icon' is '40'.

2018-03-06 10:14:11 - [MESSAGE][PASSED] - Delayed 1 second(s)

2018-03-06 10:14:11 - [MESSAGE][PASSED] - cupakeysDl.iconad.iconadd is PASSED

2018-03-06 10:14:11 - [TEST_STEP][PASSED] - Statement - (step++): null

2018-03-06 10:14:11 - [TEST_STEP][PASSED] - Statement - (iconcount++): null

2018-03-06 10:14:11 - [TEST_STEP][PASSED] - cupakeysDl.iconres.iconresize: cupakeysDl.iconres.iconresize is PASSED

2018-03-06 10:14:12 - [MESSAGE][PASSED] - Object 'Object Repository/CuPaDl/Icons/Reposition_icon' is visible

2018-03-06 10:14:12 - [MESSAGE][PASSED] - Current viewport's left (x) position is 0

2018-03-06 10:14:12 - [MESSAGE][PASSED] - Current viewport's top (y) position is 54

2018-03-06 10:14:12 - [MESSAGE][PASSED] - Dragged object with id 'Object Repository/CuPaDl/Icons/Resize_icon_bottomright' by offset distance x = 125 and y = 179 successfully

2018-03-06 10:14:13 - [MESSAGE][PASSED] - Object 'Object Repository/CuPaDl/Loading_indicator' is visible

2018-03-06 10:14:31 - [MESSAGE][PASSED] - Object 'Object Repository/CuPaDl/Loading_indicator' is NOT visible

2018-03-06 10:14:32 - [MESSAGE][PASSED] - Delayed 1 second(s)

2018-03-06 10:14:32 - [MESSAGE][PASSED] - cupakeysDl.iconres.iconresize is PASSED

2018-03-06 10:14:32 - [TEST_STEP][PASSED] - Statement - (step++): null

2018-03-06 10:14:32 - [TEST_STEP][PASSED] - cupakeysDl.slink.svlink: cupakeysDl.slink.svlink is PASSED

2018-03-06 10:14:32 - [MESSAGE][PASSED] - Scroll to object 'Object Repository/CuPaDl/Save/Save' successfully

2018-03-06 10:14:32 - [MESSAGE][PASSED] - Object: 'Object Repository/CuPaDl/Save/Save' is clicked on

2018-03-06 10:14:32 - [MESSAGE][WARNING] - Timeout '0' is invalid. Using default page load timeout: '30'

2018-03-06 10:14:34 - [MESSAGE][PASSED] - Object 'Object Repository/CuPaDl/Save/CopyLink' is visible

2018-03-06 10:14:34 - [MESSAGE][PASSED] - Attribute 'value' of object 'Object Repository/CuPaDl/Save/Link' is: 'https://d16a4dsnr8a0k1.cloudfront.net/en/2455233.html?scupaId=AlJXMHpcOycoLno6N0NF'

2018-03-06 10:14:34 - [MESSAGE][PASSED] - cupakeysDl.slink.svlink is PASSED

2018-03-06 10:14:34 - [TEST_STEP][PASSED] - cupakeysDl.endsession.finishsession: cupakeysDl.endsession.finishsession is PASSED

2018-03-06 10:14:37 - [MESSAGE][PASSED] - Delayed 3 second(s)

2018-03-06 10:14:37 - [MESSAGE][PASSED] - Browser is closed

2018-03-06 10:14:37 - [MESSAGE][PASSED] - cupakeysDl.endsession.finishsession is PASSED]]></system-out>
         <system-err><![CDATA[]]></system-err>
      </testcase>
      <testcase name="Test Cases/CuPaStefanie/37" classname="Test Cases/CuPaStefanie/37" status="PASSED">
         <system-out><![CDATA[2018-03-06 10:14:37 - [TEST_CASE][PASSED] - Test Cases/CuPaStefanie/37: Test Cases/CuPaStefanie/37

2018-03-06 10:14:37 - [TEST_STEP][PASSED] - Statement - timeStamp = new java.text.SimpleDateFormat(dd.MM.yyyy).format(java.util.Calendar.getInstance().getTime()): null

2018-03-06 10:14:37 - [TEST_STEP][PASSED] - Statement - timeStampScreenshot = new java.text.SimpleDateFormat(dd.MM.yyyy).format(java.util.Calendar.getInstance().getTime()): null

2018-03-06 10:14:37 - [TEST_STEP][PASSED] - Statement - iconmap = [:]: null

2018-03-06 10:14:37 - [TEST_STEP][PASSED] - Statement - txtmap = [:]: null

2018-03-06 10:14:37 - [TEST_STEP][PASSED] - Statement - signmap = [:]: null

2018-03-06 10:14:37 - [TEST_STEP][PASSED] - cupakeysDl.initStart.initialStart: cupakeysDl.initStart.initialStart is PASSED

2018-03-06 10:14:39 - [MESSAGE][PASSED] - Browser is opened with url: ''

2018-03-06 10:14:42 - [MESSAGE][PASSED] - Delayed 3 second(s)

2018-03-06 10:14:43 - [MESSAGE][PASSED] - Navigate to 'https://d16a4dsnr8a0k1.cloudfront.net/en/2455233.html?price=150.00%20%E2%82%AC&partName=wilsonPartName&vin=wilsonVin&modelCode=XP11&paint=P0A94&modelDescription=wilsonModelDescription&additionalEquipment=wilsonAdditionalEquipment' successfully

2018-03-06 10:14:44 - [MESSAGE][PASSED] - Object 'Object Repository/CuPaDl/Loading_indicator' is visible

2018-03-06 10:14:51 - [MESSAGE][PASSED] - Object 'Object Repository/CuPaDl/Loading_indicator' is NOT visible

2018-03-06 10:14:52 - [MESSAGE][PASSED] - Delayed 1 second(s)

2018-03-06 10:14:52 - [MESSAGE][PASSED] - cupakeysDl.initStart.initialStart is PASSED

2018-03-06 10:14:52 - [TEST_STEP][PASSED] - Statement - (step++): null

2018-03-06 10:14:52 - [TEST_STEP][PASSED] - cupakeysDl.color.changecolor: cupakeysDl.color.changecolor is PASSED

2018-03-06 10:14:52 - [MESSAGE][PASSED] - Object 'Object Repository/CuPaDl/Color/Color' is visible

2018-03-06 10:14:52 - [MESSAGE][PASSED] - Object: 'Object Repository/CuPaDl/Color/Color' is clicked on

2018-03-06 10:14:53 - [MESSAGE][PASSED] - Delayed 1 second(s)

2018-03-06 10:14:53 - [MESSAGE][PASSED] - Object 'Object Repository/CuPaDl/Color/Color_solartsorange' is visible

2018-03-06 10:14:54 - [MESSAGE][PASSED] - Object: 'Object Repository/CuPaDl/Color/Color_solartsorange' is clicked on

2018-03-06 10:14:54 - [MESSAGE][WARNING] - Timeout '0' is invalid. Using default page load timeout: '30'

2018-03-06 10:14:54 - [MESSAGE][PASSED] - Object 'Object Repository/CuPaDl/Color/Color_solartsorange' is visible

2018-03-06 10:14:55 - [MESSAGE][PASSED] - Delayed 1 second(s)

2018-03-06 10:14:55 - [MESSAGE][PASSED] - Object: 'Object Repository/CuPaDl/Color/Color_solartsorange' is clicked on

2018-03-06 10:14:55 - [MESSAGE][PASSED] - Object 'Object Repository/CuPaDl/Loading_indicator' is visible

2018-03-06 10:14:57 - [MESSAGE][PASSED] - Object 'Object Repository/CuPaDl/Loading_indicator' is NOT visible

2018-03-06 10:14:58 - [MESSAGE][PASSED] - Delayed 1 second(s)

2018-03-06 10:14:58 - [MESSAGE][PASSED] - cupakeysDl.color.changecolor is PASSED

2018-03-06 10:14:58 - [TEST_STEP][PASSED] - Statement - (step++): null

2018-03-06 10:14:58 - [TEST_STEP][PASSED] - Statement - iconmap += CustomKeywords.cupakeysDl.iconad.iconadd("mountain", LoadTimeCorrector, step, run, device, timeStamp, iconcount): cupakeysDl.iconad.iconadd is PASSED

2018-03-06 10:14:58 - [MESSAGE][PASSED] - Object: 'Object Repository/CuPaDl/Icons/Icon' is clicked on

2018-03-06 10:15:00 - [MESSAGE][WARNING] - Object 'Object Repository/CuPaDl/Icons/Icon_mountain' is not visible after 2 second(s)

2018-03-06 10:15:00 - [MESSAGE][PASSED] - Object: 'Object Repository/CuPaDl/MenuScroll/ObjectsScrollRight' is clicked on

2018-03-06 10:15:02 - [MESSAGE][PASSED] - Delayed 2 second(s)

2018-03-06 10:15:02 - [MESSAGE][PASSED] - Object 'Object Repository/CuPaDl/Icons/Icon_mountain' is visible

2018-03-06 10:15:02 - [MESSAGE][PASSED] - Object: 'Object Repository/CuPaDl/Icons/Icon_mountain' is clicked on

2018-03-06 10:15:03 - [MESSAGE][PASSED] - Delayed 1 second(s)

2018-03-06 10:15:04 - [MESSAGE][PASSED] - Object 'Object Repository/CuPaDl/Loading_indicator' is visible

2018-03-06 10:15:05 - [MESSAGE][PASSED] - Object 'Object Repository/CuPaDl/Loading_indicator' is NOT visible

2018-03-06 10:15:05 - [MESSAGE][WARNING] - Timeout '0' is invalid. Using default page load timeout: '30'

2018-03-06 10:15:05 - [MESSAGE][PASSED] - Width of element 'Object Repository/CuPaDl/Icons/Reposition_icon' is '40'

2018-03-06 10:15:05 - [MESSAGE][PASSED] - Height of element 'Object Repository/CuPaDl/Icons/Reposition_icon' is '40'.

2018-03-06 10:15:06 - [MESSAGE][PASSED] - Delayed 1 second(s)

2018-03-06 10:15:06 - [MESSAGE][PASSED] - cupakeysDl.iconad.iconadd is PASSED

2018-03-06 10:15:06 - [TEST_STEP][PASSED] - Statement - (step++): null

2018-03-06 10:15:06 - [TEST_STEP][PASSED] - Statement - (iconcount++): null

2018-03-06 10:15:06 - [TEST_STEP][PASSED] - cupakeysDl.iconres.iconresize: cupakeysDl.iconres.iconresize is PASSED

2018-03-06 10:15:06 - [MESSAGE][PASSED] - Object 'Object Repository/CuPaDl/Icons/Reposition_icon' is visible

2018-03-06 10:15:06 - [MESSAGE][PASSED] - Current viewport's left (x) position is 0

2018-03-06 10:15:06 - [MESSAGE][PASSED] - Current viewport's top (y) position is 54

2018-03-06 10:15:06 - [MESSAGE][PASSED] - Dragged object with id 'Object Repository/CuPaDl/Icons/Resize_icon_bottomright' by offset distance x = -125 and y = -71 successfully

2018-03-06 10:15:07 - [MESSAGE][PASSED] - Object 'Object Repository/CuPaDl/Loading_indicator' is visible

2018-03-06 10:15:08 - [MESSAGE][PASSED] - Object 'Object Repository/CuPaDl/Loading_indicator' is NOT visible

2018-03-06 10:15:09 - [MESSAGE][PASSED] - Delayed 1 second(s)

2018-03-06 10:15:09 - [MESSAGE][PASSED] - cupakeysDl.iconres.iconresize is PASSED

2018-03-06 10:15:09 - [TEST_STEP][PASSED] - Statement - (step++): null

2018-03-06 10:15:09 - [TEST_STEP][PASSED] - cupakeysDl.slink.svlink: cupakeysDl.slink.svlink is PASSED

2018-03-06 10:15:09 - [MESSAGE][PASSED] - Scroll to object 'Object Repository/CuPaDl/Save/Save' successfully

2018-03-06 10:15:09 - [MESSAGE][PASSED] - Object: 'Object Repository/CuPaDl/Save/Save' is clicked on

2018-03-06 10:15:09 - [MESSAGE][WARNING] - Timeout '0' is invalid. Using default page load timeout: '30'

2018-03-06 10:15:11 - [MESSAGE][PASSED] - Object 'Object Repository/CuPaDl/Save/CopyLink' is visible

2018-03-06 10:15:11 - [MESSAGE][PASSED] - Attribute 'value' of object 'Object Repository/CuPaDl/Save/Link' is: 'https://d16a4dsnr8a0k1.cloudfront.net/en/2455233.html?scupaId=GjVWImQhICc+P3o0RURH'

2018-03-06 10:15:11 - [MESSAGE][PASSED] - cupakeysDl.slink.svlink is PASSED

2018-03-06 10:15:11 - [TEST_STEP][PASSED] - cupakeysDl.endsession.finishsession: cupakeysDl.endsession.finishsession is PASSED

2018-03-06 10:15:14 - [MESSAGE][PASSED] - Delayed 3 second(s)

2018-03-06 10:15:14 - [MESSAGE][PASSED] - Browser is closed

2018-03-06 10:15:14 - [MESSAGE][PASSED] - cupakeysDl.endsession.finishsession is PASSED]]></system-out>
         <system-err><![CDATA[]]></system-err>
      </testcase>
      <testcase name="Test Cases/CuPaStefanie/38" classname="Test Cases/CuPaStefanie/38" status="PASSED">
         <system-out><![CDATA[2018-03-06 10:15:14 - [TEST_CASE][PASSED] - Test Cases/CuPaStefanie/38: Test Cases/CuPaStefanie/38

2018-03-06 10:15:14 - [TEST_STEP][PASSED] - Statement - timeStamp = new java.text.SimpleDateFormat(dd.MM.yyyy).format(java.util.Calendar.getInstance().getTime()): null

2018-03-06 10:15:14 - [TEST_STEP][PASSED] - Statement - timeStampScreenshot = new java.text.SimpleDateFormat(dd.MM.yyyy).format(java.util.Calendar.getInstance().getTime()): null

2018-03-06 10:15:14 - [TEST_STEP][PASSED] - Statement - iconmap = [:]: null

2018-03-06 10:15:14 - [TEST_STEP][PASSED] - Statement - txtmap = [:]: null

2018-03-06 10:15:14 - [TEST_STEP][PASSED] - Statement - signmap = [:]: null

2018-03-06 10:15:14 - [TEST_STEP][PASSED] - cupakeysDl.initStart.initialStart: cupakeysDl.initStart.initialStart is PASSED

2018-03-06 10:15:16 - [MESSAGE][PASSED] - Browser is opened with url: ''

2018-03-06 10:15:19 - [MESSAGE][PASSED] - Delayed 3 second(s)

2018-03-06 10:15:21 - [MESSAGE][PASSED] - Navigate to 'https://d16a4dsnr8a0k1.cloudfront.net/en/2455233.html?price=150.00%20%E2%82%AC&partName=wilsonPartName&vin=wilsonVin&modelCode=XP11&paint=P0A94&modelDescription=wilsonModelDescription&additionalEquipment=wilsonAdditionalEquipment' successfully

2018-03-06 10:15:21 - [MESSAGE][PASSED] - Object 'Object Repository/CuPaDl/Loading_indicator' is visible

2018-03-06 10:15:29 - [MESSAGE][PASSED] - Object 'Object Repository/CuPaDl/Loading_indicator' is NOT visible

2018-03-06 10:15:30 - [MESSAGE][PASSED] - Delayed 1 second(s)

2018-03-06 10:15:30 - [MESSAGE][PASSED] - cupakeysDl.initStart.initialStart is PASSED

2018-03-06 10:15:30 - [TEST_STEP][PASSED] - Statement - (step++): null

2018-03-06 10:15:30 - [TEST_STEP][PASSED] - cupakeysDl.color.changecolor: cupakeysDl.color.changecolor is PASSED

2018-03-06 10:15:30 - [MESSAGE][PASSED] - Object 'Object Repository/CuPaDl/Color/Color' is visible

2018-03-06 10:15:30 - [MESSAGE][PASSED] - Object: 'Object Repository/CuPaDl/Color/Color' is clicked on

2018-03-06 10:15:31 - [MESSAGE][PASSED] - Delayed 1 second(s)

2018-03-06 10:15:31 - [MESSAGE][PASSED] - Object 'Object Repository/CuPaDl/Color/Color_thundergrey' is visible

2018-03-06 10:15:31 - [MESSAGE][PASSED] - Object: 'Object Repository/CuPaDl/Color/Color_thundergrey' is clicked on

2018-03-06 10:15:31 - [MESSAGE][WARNING] - Timeout '0' is invalid. Using default page load timeout: '30'

2018-03-06 10:15:31 - [MESSAGE][PASSED] - Object 'Object Repository/CuPaDl/Color/Color_thundergrey' is visible

2018-03-06 10:15:32 - [MESSAGE][PASSED] - Delayed 1 second(s)

2018-03-06 10:15:32 - [MESSAGE][PASSED] - Object: 'Object Repository/CuPaDl/Color/Color_thundergrey' is clicked on

2018-03-06 10:15:35 - [MESSAGE][WARNING] - Object 'Object Repository/CuPaDl/Loading_indicator' is not visible after 3 second(s)

2018-03-06 10:15:36 - [MESSAGE][PASSED] - Delayed 1 second(s)

2018-03-06 10:15:36 - [MESSAGE][PASSED] - cupakeysDl.color.changecolor is PASSED

2018-03-06 10:15:36 - [TEST_STEP][PASSED] - Statement - (step++): null

2018-03-06 10:15:36 - [TEST_STEP][PASSED] - Statement - iconmap += CustomKeywords.cupakeysDl.iconad.iconadd("mountain", LoadTimeCorrector, step, run, device, timeStamp, iconcount): cupakeysDl.iconad.iconadd is PASSED

2018-03-06 10:15:36 - [MESSAGE][PASSED] - Object: 'Object Repository/CuPaDl/Icons/Icon' is clicked on

2018-03-06 10:15:38 - [MESSAGE][WARNING] - Object 'Object Repository/CuPaDl/Icons/Icon_mountain' is not visible after 2 second(s)

2018-03-06 10:15:38 - [MESSAGE][PASSED] - Object: 'Object Repository/CuPaDl/MenuScroll/ObjectsScrollRight' is clicked on

2018-03-06 10:15:40 - [MESSAGE][PASSED] - Delayed 2 second(s)

2018-03-06 10:15:40 - [MESSAGE][PASSED] - Object 'Object Repository/CuPaDl/Icons/Icon_mountain' is visible

2018-03-06 10:15:41 - [MESSAGE][PASSED] - Object: 'Object Repository/CuPaDl/Icons/Icon_mountain' is clicked on

2018-03-06 10:15:42 - [MESSAGE][PASSED] - Delayed 1 second(s)

2018-03-06 10:15:45 - [MESSAGE][WARNING] - Object 'Object Repository/CuPaDl/Loading_indicator' is not visible after 3 second(s)

2018-03-06 10:15:45 - [MESSAGE][WARNING] - Timeout '0' is invalid. Using default page load timeout: '30'

2018-03-06 10:15:45 - [MESSAGE][PASSED] - Width of element 'Object Repository/CuPaDl/Icons/Reposition_icon' is '40'

2018-03-06 10:15:45 - [MESSAGE][PASSED] - Height of element 'Object Repository/CuPaDl/Icons/Reposition_icon' is '40'.

2018-03-06 10:15:46 - [MESSAGE][PASSED] - Delayed 1 second(s)

2018-03-06 10:15:46 - [MESSAGE][PASSED] - cupakeysDl.iconad.iconadd is PASSED

2018-03-06 10:15:46 - [TEST_STEP][PASSED] - Statement - (step++): null

2018-03-06 10:15:46 - [TEST_STEP][PASSED] - Statement - (iconcount++): null

2018-03-06 10:15:46 - [TEST_STEP][PASSED] - cupakeysDl.iconres.iconresize: cupakeysDl.iconres.iconresize is PASSED

2018-03-06 10:15:46 - [MESSAGE][PASSED] - Object 'Object Repository/CuPaDl/Icons/Reposition_icon' is visible

2018-03-06 10:15:46 - [MESSAGE][PASSED] - Current viewport's left (x) position is 0

2018-03-06 10:15:46 - [MESSAGE][PASSED] - Current viewport's top (y) position is 54

2018-03-06 10:15:46 - [MESSAGE][PASSED] - Dragged object with id 'Object Repository/CuPaDl/Icons/Resize_icon_bottomright' by offset distance x = 125 and y = 179 successfully

2018-03-06 10:15:50 - [MESSAGE][WARNING] - Object 'Object Repository/CuPaDl/Loading_indicator' is not visible after 3 second(s)

2018-03-06 10:15:51 - [MESSAGE][PASSED] - Delayed 1 second(s)

2018-03-06 10:15:51 - [MESSAGE][PASSED] - cupakeysDl.iconres.iconresize is PASSED

2018-03-06 10:15:51 - [TEST_STEP][PASSED] - Statement - (step++): null

2018-03-06 10:15:51 - [TEST_STEP][PASSED] - cupakeysDl.slink.svlink: cupakeysDl.slink.svlink is PASSED

2018-03-06 10:15:51 - [MESSAGE][PASSED] - Scroll to object 'Object Repository/CuPaDl/Save/Save' successfully

2018-03-06 10:15:52 - [MESSAGE][PASSED] - Object: 'Object Repository/CuPaDl/Save/Save' is clicked on

2018-03-06 10:15:52 - [MESSAGE][WARNING] - Timeout '0' is invalid. Using default page load timeout: '30'

2018-03-06 10:15:52 - [MESSAGE][PASSED] - Object 'Object Repository/CuPaDl/Save/CopyLink' is visible

2018-03-06 10:15:52 - [MESSAGE][PASSED] - Attribute 'value' of object 'Object Repository/CuPaDl/Save/Link' is: 'https://d16a4dsnr8a0k1.cloudfront.net/en/2455233.html?scupaId=AFM8IWMkJCRdJno0RURA'

2018-03-06 10:15:52 - [MESSAGE][PASSED] - cupakeysDl.slink.svlink is PASSED

2018-03-06 10:15:52 - [TEST_STEP][PASSED] - cupakeysDl.endsession.finishsession: cupakeysDl.endsession.finishsession is PASSED

2018-03-06 10:15:55 - [MESSAGE][PASSED] - Delayed 3 second(s)

2018-03-06 10:15:56 - [MESSAGE][PASSED] - Browser is closed

2018-03-06 10:15:56 - [MESSAGE][PASSED] - cupakeysDl.endsession.finishsession is PASSED]]></system-out>
         <system-err><![CDATA[]]></system-err>
      </testcase>
      <testcase name="Test Cases/CuPaStefanie/39" classname="Test Cases/CuPaStefanie/39" status="PASSED">
         <system-out><![CDATA[2018-03-06 10:15:56 - [TEST_CASE][PASSED] - Test Cases/CuPaStefanie/39: Test Cases/CuPaStefanie/39

2018-03-06 10:15:56 - [TEST_STEP][PASSED] - Statement - timeStamp = new java.text.SimpleDateFormat(dd.MM.yyyy).format(java.util.Calendar.getInstance().getTime()): null

2018-03-06 10:15:56 - [TEST_STEP][PASSED] - Statement - timeStampScreenshot = new java.text.SimpleDateFormat(dd.MM.yyyy).format(java.util.Calendar.getInstance().getTime()): null

2018-03-06 10:15:56 - [TEST_STEP][PASSED] - Statement - iconmap = [:]: null

2018-03-06 10:15:56 - [TEST_STEP][PASSED] - Statement - txtmap = [:]: null

2018-03-06 10:15:56 - [TEST_STEP][PASSED] - Statement - signmap = [:]: null

2018-03-06 10:15:56 - [TEST_STEP][PASSED] - cupakeysDl.initStart.initialStart: cupakeysDl.initStart.initialStart is PASSED

2018-03-06 10:15:58 - [MESSAGE][PASSED] - Browser is opened with url: ''

2018-03-06 10:16:01 - [MESSAGE][PASSED] - Delayed 3 second(s)

2018-03-06 10:16:02 - [MESSAGE][PASSED] - Navigate to 'https://d16a4dsnr8a0k1.cloudfront.net/en/2455233.html?price=150.00%20%E2%82%AC&partName=wilsonPartName&vin=wilsonVin&modelCode=XP11&paint=P0A94&modelDescription=wilsonModelDescription&additionalEquipment=wilsonAdditionalEquipment' successfully

2018-03-06 10:16:02 - [MESSAGE][PASSED] - Object 'Object Repository/CuPaDl/Loading_indicator' is visible

2018-03-06 10:16:10 - [MESSAGE][PASSED] - Object 'Object Repository/CuPaDl/Loading_indicator' is NOT visible

2018-03-06 10:16:11 - [MESSAGE][PASSED] - Delayed 1 second(s)

2018-03-06 10:16:11 - [MESSAGE][PASSED] - cupakeysDl.initStart.initialStart is PASSED

2018-03-06 10:16:11 - [TEST_STEP][PASSED] - Statement - (step++): null

2018-03-06 10:16:11 - [TEST_STEP][PASSED] - cupakeysDl.color.changecolor: cupakeysDl.color.changecolor is PASSED

2018-03-06 10:16:11 - [MESSAGE][PASSED] - Object 'Object Repository/CuPaDl/Color/Color' is visible

2018-03-06 10:16:11 - [MESSAGE][PASSED] - Object: 'Object Repository/CuPaDl/Color/Color' is clicked on

2018-03-06 10:16:12 - [MESSAGE][PASSED] - Delayed 1 second(s)

2018-03-06 10:16:12 - [MESSAGE][PASSED] - Object 'Object Repository/CuPaDl/Color/Color_electricblue' is visible

2018-03-06 10:16:12 - [MESSAGE][PASSED] - Object: 'Object Repository/CuPaDl/Color/Color_electricblue' is clicked on

2018-03-06 10:16:12 - [MESSAGE][WARNING] - Timeout '0' is invalid. Using default page load timeout: '30'

2018-03-06 10:16:12 - [MESSAGE][PASSED] - Object 'Object Repository/CuPaDl/Color/Color_electricblue' is visible

2018-03-06 10:16:13 - [MESSAGE][PASSED] - Delayed 1 second(s)

2018-03-06 10:16:13 - [MESSAGE][PASSED] - Object: 'Object Repository/CuPaDl/Color/Color_electricblue' is clicked on

2018-03-06 10:16:15 - [MESSAGE][PASSED] - Object 'Object Repository/CuPaDl/Loading_indicator' is visible

2018-03-06 10:16:16 - [MESSAGE][PASSED] - Object 'Object Repository/CuPaDl/Loading_indicator' is NOT visible

2018-03-06 10:16:17 - [MESSAGE][PASSED] - Delayed 1 second(s)

2018-03-06 10:16:17 - [MESSAGE][PASSED] - cupakeysDl.color.changecolor is PASSED

2018-03-06 10:16:17 - [TEST_STEP][PASSED] - Statement - (step++): null

2018-03-06 10:16:17 - [TEST_STEP][PASSED] - Statement - iconmap += CustomKeywords.cupakeysDl.iconad.iconadd("simplecompass", LoadTimeCorrector, step, run, device, timeStamp, iconcount): cupakeysDl.iconad.iconadd is PASSED

2018-03-06 10:16:17 - [MESSAGE][PASSED] - Object: 'Object Repository/CuPaDl/Icons/Icon' is clicked on

2018-03-06 10:16:19 - [MESSAGE][WARNING] - Object 'Object Repository/CuPaDl/Icons/Icon_simplecompass' is not visible after 2 second(s)

2018-03-06 10:16:19 - [MESSAGE][PASSED] - Object: 'Object Repository/CuPaDl/MenuScroll/ObjectsScrollRight' is clicked on

2018-03-06 10:16:21 - [MESSAGE][PASSED] - Delayed 2 second(s)

2018-03-06 10:16:21 - [MESSAGE][PASSED] - Object 'Object Repository/CuPaDl/Icons/Icon_simplecompass' is visible

2018-03-06 10:16:22 - [MESSAGE][PASSED] - Object: 'Object Repository/CuPaDl/Icons/Icon_simplecompass' is clicked on

2018-03-06 10:16:23 - [MESSAGE][PASSED] - Delayed 1 second(s)

2018-03-06 10:16:26 - [MESSAGE][WARNING] - Object 'Object Repository/CuPaDl/Loading_indicator' is not visible after 3 second(s)

2018-03-06 10:16:26 - [MESSAGE][WARNING] - Timeout '0' is invalid. Using default page load timeout: '30'

2018-03-06 10:16:26 - [MESSAGE][PASSED] - Width of element 'Object Repository/CuPaDl/Icons/Reposition_icon' is '40'

2018-03-06 10:16:26 - [MESSAGE][PASSED] - Height of element 'Object Repository/CuPaDl/Icons/Reposition_icon' is '40'.

2018-03-06 10:16:27 - [MESSAGE][PASSED] - Delayed 1 second(s)

2018-03-06 10:16:27 - [MESSAGE][PASSED] - cupakeysDl.iconad.iconadd is PASSED

2018-03-06 10:16:27 - [TEST_STEP][PASSED] - Statement - (step++): null

2018-03-06 10:16:27 - [TEST_STEP][PASSED] - Statement - (iconcount++): null

2018-03-06 10:16:27 - [TEST_STEP][PASSED] - cupakeysDl.iconres.iconresize: cupakeysDl.iconres.iconresize is PASSED

2018-03-06 10:16:27 - [MESSAGE][PASSED] - Object 'Object Repository/CuPaDl/Icons/Reposition_icon' is visible

2018-03-06 10:16:27 - [MESSAGE][PASSED] - Current viewport's left (x) position is 0

2018-03-06 10:16:27 - [MESSAGE][PASSED] - Current viewport's top (y) position is 54

2018-03-06 10:16:27 - [MESSAGE][PASSED] - Dragged object with id 'Object Repository/CuPaDl/Icons/Resize_icon_bottomright' by offset distance x = -125 and y = -71 successfully

2018-03-06 10:16:31 - [MESSAGE][WARNING] - Object 'Object Repository/CuPaDl/Loading_indicator' is not visible after 3 second(s)

2018-03-06 10:16:32 - [MESSAGE][PASSED] - Delayed 1 second(s)

2018-03-06 10:16:32 - [MESSAGE][PASSED] - cupakeysDl.iconres.iconresize is PASSED

2018-03-06 10:16:32 - [TEST_STEP][PASSED] - Statement - (step++): null

2018-03-06 10:16:32 - [TEST_STEP][PASSED] - cupakeysDl.slink.svlink: cupakeysDl.slink.svlink is PASSED

2018-03-06 10:16:32 - [MESSAGE][PASSED] - Scroll to object 'Object Repository/CuPaDl/Save/Save' successfully

2018-03-06 10:16:32 - [MESSAGE][PASSED] - Object: 'Object Repository/CuPaDl/Save/Save' is clicked on

2018-03-06 10:16:32 - [MESSAGE][WARNING] - Timeout '0' is invalid. Using default page load timeout: '30'

2018-03-06 10:16:33 - [MESSAGE][PASSED] - Object 'Object Repository/CuPaDl/Save/CopyLink' is visible

2018-03-06 10:16:33 - [MESSAGE][PASSED] - Attribute 'value' of object 'Object Repository/CuPaDl/Save/Link' is: 'https://d16a4dsnr8a0k1.cloudfront.net/en/2455233.html?scupaId=ADQ8XXM0USw9Ino0RURB'

2018-03-06 10:16:33 - [MESSAGE][PASSED] - cupakeysDl.slink.svlink is PASSED

2018-03-06 10:16:33 - [TEST_STEP][PASSED] - cupakeysDl.endsession.finishsession: cupakeysDl.endsession.finishsession is PASSED

2018-03-06 10:16:36 - [MESSAGE][PASSED] - Delayed 3 second(s)

2018-03-06 10:16:37 - [MESSAGE][PASSED] - Browser is closed

2018-03-06 10:16:37 - [MESSAGE][PASSED] - cupakeysDl.endsession.finishsession is PASSED]]></system-out>
         <system-err><![CDATA[]]></system-err>
      </testcase>
      <testcase name="Test Cases/CuPaStefanie/40" classname="Test Cases/CuPaStefanie/40" status="PASSED">
         <system-out><![CDATA[2018-03-06 10:16:37 - [TEST_CASE][PASSED] - Test Cases/CuPaStefanie/40: Test Cases/CuPaStefanie/40

2018-03-06 10:16:37 - [TEST_STEP][PASSED] - Statement - timeStamp = new java.text.SimpleDateFormat(dd.MM.yyyy).format(java.util.Calendar.getInstance().getTime()): null

2018-03-06 10:16:37 - [TEST_STEP][PASSED] - Statement - timeStampScreenshot = new java.text.SimpleDateFormat(dd.MM.yyyy).format(java.util.Calendar.getInstance().getTime()): null

2018-03-06 10:16:37 - [TEST_STEP][PASSED] - Statement - iconmap = [:]: null

2018-03-06 10:16:37 - [TEST_STEP][PASSED] - Statement - txtmap = [:]: null

2018-03-06 10:16:37 - [TEST_STEP][PASSED] - Statement - signmap = [:]: null

2018-03-06 10:16:37 - [TEST_STEP][PASSED] - cupakeysDl.initStart.initialStart: cupakeysDl.initStart.initialStart is PASSED

2018-03-06 10:16:39 - [MESSAGE][PASSED] - Browser is opened with url: ''

2018-03-06 10:16:42 - [MESSAGE][PASSED] - Delayed 3 second(s)

2018-03-06 10:16:43 - [MESSAGE][PASSED] - Navigate to 'https://d16a4dsnr8a0k1.cloudfront.net/en/2455233.html?price=150.00%20%E2%82%AC&partName=wilsonPartName&vin=wilsonVin&modelCode=XP11&paint=P0A94&modelDescription=wilsonModelDescription&additionalEquipment=wilsonAdditionalEquipment' successfully

2018-03-06 10:16:43 - [MESSAGE][PASSED] - Object 'Object Repository/CuPaDl/Loading_indicator' is visible

2018-03-06 10:16:50 - [MESSAGE][PASSED] - Object 'Object Repository/CuPaDl/Loading_indicator' is NOT visible

2018-03-06 10:16:51 - [MESSAGE][PASSED] - Delayed 1 second(s)

2018-03-06 10:16:51 - [MESSAGE][PASSED] - cupakeysDl.initStart.initialStart is PASSED

2018-03-06 10:16:51 - [TEST_STEP][PASSED] - Statement - (step++): null

2018-03-06 10:16:51 - [TEST_STEP][PASSED] - cupakeysDl.color.changecolor: cupakeysDl.color.changecolor is PASSED

2018-03-06 10:16:52 - [MESSAGE][PASSED] - Object 'Object Repository/CuPaDl/Color/Color' is visible

2018-03-06 10:16:52 - [MESSAGE][PASSED] - Object: 'Object Repository/CuPaDl/Color/Color' is clicked on

2018-03-06 10:16:53 - [MESSAGE][PASSED] - Delayed 1 second(s)

2018-03-06 10:16:53 - [MESSAGE][PASSED] - Object 'Object Repository/CuPaDl/Color/Color_lapisblue' is visible

2018-03-06 10:16:53 - [MESSAGE][PASSED] - Object: 'Object Repository/CuPaDl/Color/Color_lapisblue' is clicked on

2018-03-06 10:16:53 - [MESSAGE][WARNING] - Timeout '0' is invalid. Using default page load timeout: '30'

2018-03-06 10:16:53 - [MESSAGE][PASSED] - Object 'Object Repository/CuPaDl/Color/Color_lapisblue' is visible

2018-03-06 10:16:54 - [MESSAGE][PASSED] - Delayed 1 second(s)

2018-03-06 10:16:54 - [MESSAGE][PASSED] - Object: 'Object Repository/CuPaDl/Color/Color_lapisblue' is clicked on

2018-03-06 10:16:54 - [MESSAGE][PASSED] - Object 'Object Repository/CuPaDl/Loading_indicator' is visible

2018-03-06 10:16:56 - [MESSAGE][PASSED] - Object 'Object Repository/CuPaDl/Loading_indicator' is NOT visible

2018-03-06 10:16:57 - [MESSAGE][PASSED] - Delayed 1 second(s)

2018-03-06 10:16:57 - [MESSAGE][PASSED] - cupakeysDl.color.changecolor is PASSED

2018-03-06 10:16:57 - [TEST_STEP][PASSED] - Statement - (step++): null

2018-03-06 10:16:57 - [TEST_STEP][PASSED] - Statement - iconmap += CustomKeywords.cupakeysDl.iconad.iconadd("simplecompass", LoadTimeCorrector, step, run, device, timeStamp, iconcount): cupakeysDl.iconad.iconadd is PASSED

2018-03-06 10:16:57 - [MESSAGE][PASSED] - Object: 'Object Repository/CuPaDl/Icons/Icon' is clicked on

2018-03-06 10:16:59 - [MESSAGE][WARNING] - Object 'Object Repository/CuPaDl/Icons/Icon_simplecompass' is not visible after 2 second(s)

2018-03-06 10:16:59 - [MESSAGE][PASSED] - Object: 'Object Repository/CuPaDl/MenuScroll/ObjectsScrollRight' is clicked on

2018-03-06 10:17:01 - [MESSAGE][PASSED] - Delayed 2 second(s)

2018-03-06 10:17:01 - [MESSAGE][PASSED] - Object 'Object Repository/CuPaDl/Icons/Icon_simplecompass' is visible

2018-03-06 10:17:01 - [MESSAGE][PASSED] - Object: 'Object Repository/CuPaDl/Icons/Icon_simplecompass' is clicked on

2018-03-06 10:17:02 - [MESSAGE][PASSED] - Delayed 1 second(s)

2018-03-06 10:17:06 - [MESSAGE][WARNING] - Object 'Object Repository/CuPaDl/Loading_indicator' is not visible after 3 second(s)

2018-03-06 10:17:06 - [MESSAGE][WARNING] - Timeout '0' is invalid. Using default page load timeout: '30'

2018-03-06 10:17:06 - [MESSAGE][PASSED] - Width of element 'Object Repository/CuPaDl/Icons/Reposition_icon' is '40'

2018-03-06 10:17:06 - [MESSAGE][PASSED] - Height of element 'Object Repository/CuPaDl/Icons/Reposition_icon' is '40'.

2018-03-06 10:17:07 - [MESSAGE][PASSED] - Delayed 1 second(s)

2018-03-06 10:17:07 - [MESSAGE][PASSED] - cupakeysDl.iconad.iconadd is PASSED

2018-03-06 10:17:07 - [TEST_STEP][PASSED] - Statement - (step++): null

2018-03-06 10:17:07 - [TEST_STEP][PASSED] - Statement - (iconcount++): null

2018-03-06 10:17:07 - [TEST_STEP][PASSED] - cupakeysDl.iconres.iconresize: cupakeysDl.iconres.iconresize is PASSED

2018-03-06 10:17:07 - [MESSAGE][PASSED] - Object 'Object Repository/CuPaDl/Icons/Reposition_icon' is visible

2018-03-06 10:17:07 - [MESSAGE][PASSED] - Current viewport's left (x) position is 0

2018-03-06 10:17:07 - [MESSAGE][PASSED] - Current viewport's top (y) position is 54

2018-03-06 10:17:07 - [MESSAGE][PASSED] - Dragged object with id 'Object Repository/CuPaDl/Icons/Resize_icon_bottomright' by offset distance x = 125 and y = 179 successfully

2018-03-06 10:17:08 - [MESSAGE][PASSED] - Object 'Object Repository/CuPaDl/Loading_indicator' is visible

2018-03-06 10:17:09 - [MESSAGE][PASSED] - Object 'Object Repository/CuPaDl/Loading_indicator' is NOT visible

2018-03-06 10:17:10 - [MESSAGE][PASSED] - Delayed 1 second(s)

2018-03-06 10:17:10 - [MESSAGE][PASSED] - cupakeysDl.iconres.iconresize is PASSED

2018-03-06 10:17:10 - [TEST_STEP][PASSED] - Statement - (step++): null

2018-03-06 10:17:10 - [TEST_STEP][PASSED] - cupakeysDl.slink.svlink: cupakeysDl.slink.svlink is PASSED

2018-03-06 10:17:10 - [MESSAGE][PASSED] - Scroll to object 'Object Repository/CuPaDl/Save/Save' successfully

2018-03-06 10:17:10 - [MESSAGE][PASSED] - Object: 'Object Repository/CuPaDl/Save/Save' is clicked on

2018-03-06 10:17:10 - [MESSAGE][WARNING] - Timeout '0' is invalid. Using default page load timeout: '30'

2018-03-06 10:17:12 - [MESSAGE][PASSED] - Object 'Object Repository/CuPaDl/Save/CopyLink' is visible

2018-03-06 10:17:12 - [MESSAGE][PASSED] - Attribute 'value' of object 'Object Repository/CuPaDl/Save/Link' is: 'https://d16a4dsnr8a0k1.cloudfront.net/en/2455233.html?scupaId=Aj1bKXY5MV1WLno0RURC'

2018-03-06 10:17:12 - [MESSAGE][PASSED] - cupakeysDl.slink.svlink is PASSED

2018-03-06 10:17:12 - [TEST_STEP][PASSED] - cupakeysDl.endsession.finishsession: cupakeysDl.endsession.finishsession is PASSED

2018-03-06 10:17:15 - [MESSAGE][PASSED] - Delayed 3 second(s)

2018-03-06 10:17:16 - [MESSAGE][PASSED] - Browser is closed

2018-03-06 10:17:16 - [MESSAGE][PASSED] - cupakeysDl.endsession.finishsession is PASSED]]></system-out>
         <system-err><![CDATA[]]></system-err>
      </testcase>
      <testcase name="Test Cases/CuPaStefanie/41" classname="Test Cases/CuPaStefanie/41" status="PASSED">
         <system-out><![CDATA[2018-03-06 10:17:16 - [TEST_CASE][PASSED] - Test Cases/CuPaStefanie/41: Test Cases/CuPaStefanie/41

2018-03-06 10:17:16 - [TEST_STEP][PASSED] - Statement - timeStamp = new java.text.SimpleDateFormat(dd.MM.yyyy).format(java.util.Calendar.getInstance().getTime()): null

2018-03-06 10:17:16 - [TEST_STEP][PASSED] - Statement - timeStampScreenshot = new java.text.SimpleDateFormat(dd.MM.yyyy).format(java.util.Calendar.getInstance().getTime()): null

2018-03-06 10:17:16 - [TEST_STEP][PASSED] - Statement - iconmap = [:]: null

2018-03-06 10:17:16 - [TEST_STEP][PASSED] - Statement - txtmap = [:]: null

2018-03-06 10:17:16 - [TEST_STEP][PASSED] - Statement - signmap = [:]: null

2018-03-06 10:17:16 - [TEST_STEP][PASSED] - cupakeysDl.initStart.initialStart: cupakeysDl.initStart.initialStart is PASSED

2018-03-06 10:17:18 - [MESSAGE][PASSED] - Browser is opened with url: ''

2018-03-06 10:17:21 - [MESSAGE][PASSED] - Delayed 3 second(s)

2018-03-06 10:17:22 - [MESSAGE][PASSED] - Navigate to 'https://d16a4dsnr8a0k1.cloudfront.net/en/2455233.html?price=150.00%20%E2%82%AC&partName=wilsonPartName&vin=wilsonVin&modelCode=XP11&paint=P0A94&modelDescription=wilsonModelDescription&additionalEquipment=wilsonAdditionalEquipment' successfully

2018-03-06 10:17:22 - [MESSAGE][PASSED] - Object 'Object Repository/CuPaDl/Loading_indicator' is visible

2018-03-06 10:17:30 - [MESSAGE][PASSED] - Object 'Object Repository/CuPaDl/Loading_indicator' is NOT visible

2018-03-06 10:17:31 - [MESSAGE][PASSED] - Delayed 1 second(s)

2018-03-06 10:17:31 - [MESSAGE][PASSED] - cupakeysDl.initStart.initialStart is PASSED

2018-03-06 10:17:31 - [TEST_STEP][PASSED] - Statement - (step++): null

2018-03-06 10:17:31 - [TEST_STEP][PASSED] - cupakeysDl.color.changecolor: cupakeysDl.color.changecolor is PASSED

2018-03-06 10:17:31 - [MESSAGE][PASSED] - Object 'Object Repository/CuPaDl/Color/Color' is visible

2018-03-06 10:17:31 - [MESSAGE][PASSED] - Object: 'Object Repository/CuPaDl/Color/Color' is clicked on

2018-03-06 10:17:32 - [MESSAGE][PASSED] - Delayed 1 second(s)

2018-03-06 10:17:32 - [MESSAGE][PASSED] - Object 'Object Repository/CuPaDl/Color/Color_rebelgreen' is visible

2018-03-06 10:17:32 - [MESSAGE][PASSED] - Object: 'Object Repository/CuPaDl/Color/Color_rebelgreen' is clicked on

2018-03-06 10:17:32 - [MESSAGE][WARNING] - Timeout '0' is invalid. Using default page load timeout: '30'

2018-03-06 10:17:32 - [MESSAGE][PASSED] - Object 'Object Repository/CuPaDl/Color/Color_rebelgreen' is visible

2018-03-06 10:17:33 - [MESSAGE][PASSED] - Delayed 1 second(s)

2018-03-06 10:17:33 - [MESSAGE][PASSED] - Object: 'Object Repository/CuPaDl/Color/Color_rebelgreen' is clicked on

2018-03-06 10:17:33 - [MESSAGE][PASSED] - Object 'Object Repository/CuPaDl/Loading_indicator' is visible

2018-03-06 10:17:36 - [MESSAGE][PASSED] - Object 'Object Repository/CuPaDl/Loading_indicator' is NOT visible

2018-03-06 10:17:37 - [MESSAGE][PASSED] - Delayed 1 second(s)

2018-03-06 10:17:37 - [MESSAGE][PASSED] - cupakeysDl.color.changecolor is PASSED

2018-03-06 10:17:37 - [TEST_STEP][PASSED] - Statement - (step++): null

2018-03-06 10:17:37 - [TEST_STEP][PASSED] - Statement - iconmap += CustomKeywords.cupakeysDl.iconad.iconadd("worldmap", LoadTimeCorrector, step, run, device, timeStamp, iconcount): cupakeysDl.iconad.iconadd is PASSED

2018-03-06 10:17:37 - [MESSAGE][PASSED] - Object: 'Object Repository/CuPaDl/Icons/Icon' is clicked on

2018-03-06 10:17:39 - [MESSAGE][WARNING] - Object 'Object Repository/CuPaDl/Icons/Icon_worldmap' is not visible after 2 second(s)

2018-03-06 10:17:39 - [MESSAGE][PASSED] - Object: 'Object Repository/CuPaDl/MenuScroll/ObjectsScrollRight' is clicked on

2018-03-06 10:17:41 - [MESSAGE][PASSED] - Delayed 2 second(s)

2018-03-06 10:17:42 - [MESSAGE][WARNING] - Object 'Object Repository/CuPaDl/Icons/Icon_worldmap' is not visible after 1 second(s)

2018-03-06 10:17:42 - [MESSAGE][PASSED] - Object: 'Object Repository/CuPaDl/MenuScroll/ObjectsScrollRight' is clicked on

2018-03-06 10:17:44 - [MESSAGE][PASSED] - Delayed 2 second(s)

2018-03-06 10:17:44 - [MESSAGE][PASSED] - Object: 'Object Repository/CuPaDl/Icons/Icon_worldmap' is clicked on

2018-03-06 10:17:45 - [MESSAGE][PASSED] - Delayed 1 second(s)

2018-03-06 10:17:45 - [MESSAGE][PASSED] - Object 'Object Repository/CuPaDl/Loading_indicator' is visible

2018-03-06 10:17:49 - [MESSAGE][PASSED] - Object 'Object Repository/CuPaDl/Loading_indicator' is NOT visible

2018-03-06 10:17:49 - [MESSAGE][WARNING] - Timeout '0' is invalid. Using default page load timeout: '30'

2018-03-06 10:17:49 - [MESSAGE][PASSED] - Width of element 'Object Repository/CuPaDl/Icons/Reposition_icon' is '40'

2018-03-06 10:17:49 - [MESSAGE][PASSED] - Height of element 'Object Repository/CuPaDl/Icons/Reposition_icon' is '40'.

2018-03-06 10:17:50 - [MESSAGE][PASSED] - Delayed 1 second(s)

2018-03-06 10:17:50 - [MESSAGE][PASSED] - cupakeysDl.iconad.iconadd is PASSED

2018-03-06 10:17:50 - [TEST_STEP][PASSED] - Statement - (step++): null

2018-03-06 10:17:50 - [TEST_STEP][PASSED] - Statement - (iconcount++): null

2018-03-06 10:17:50 - [TEST_STEP][PASSED] - cupakeysDl.iconres.iconresize: cupakeysDl.iconres.iconresize is PASSED

2018-03-06 10:17:50 - [MESSAGE][PASSED] - Object 'Object Repository/CuPaDl/Icons/Reposition_icon' is visible

2018-03-06 10:17:50 - [MESSAGE][PASSED] - Current viewport's left (x) position is 0

2018-03-06 10:17:50 - [MESSAGE][PASSED] - Current viewport's top (y) position is 54

2018-03-06 10:17:50 - [MESSAGE][PASSED] - Dragged object with id 'Object Repository/CuPaDl/Icons/Resize_icon_bottomright' by offset distance x = -125 and y = -71 successfully

2018-03-06 10:17:51 - [MESSAGE][PASSED] - Object 'Object Repository/CuPaDl/Loading_indicator' is visible

2018-03-06 10:17:53 - [MESSAGE][PASSED] - Object 'Object Repository/CuPaDl/Loading_indicator' is NOT visible

2018-03-06 10:17:54 - [MESSAGE][PASSED] - Delayed 1 second(s)

2018-03-06 10:17:54 - [MESSAGE][PASSED] - cupakeysDl.iconres.iconresize is PASSED

2018-03-06 10:17:54 - [TEST_STEP][PASSED] - Statement - (step++): null

2018-03-06 10:17:54 - [TEST_STEP][PASSED] - cupakeysDl.slink.svlink: cupakeysDl.slink.svlink is PASSED

2018-03-06 10:17:54 - [MESSAGE][PASSED] - Scroll to object 'Object Repository/CuPaDl/Save/Save' successfully

2018-03-06 10:17:54 - [MESSAGE][PASSED] - Object: 'Object Repository/CuPaDl/Save/Save' is clicked on

2018-03-06 10:17:54 - [MESSAGE][WARNING] - Timeout '0' is invalid. Using default page load timeout: '30'

2018-03-06 10:17:56 - [MESSAGE][PASSED] - Object 'Object Repository/CuPaDl/Save/CopyLink' is visible

2018-03-06 10:17:56 - [MESSAGE][PASSED] - Attribute 'value' of object 'Object Repository/CuPaDl/Save/Link' is: 'https://d16a4dsnr8a0k1.cloudfront.net/en/2455233.html?scupaId=HDE2JhU5KlQ7N3o0RURD'

2018-03-06 10:17:56 - [MESSAGE][PASSED] - cupakeysDl.slink.svlink is PASSED

2018-03-06 10:17:56 - [TEST_STEP][PASSED] - cupakeysDl.endsession.finishsession: cupakeysDl.endsession.finishsession is PASSED

2018-03-06 10:17:59 - [MESSAGE][PASSED] - Delayed 3 second(s)

2018-03-06 10:18:00 - [MESSAGE][PASSED] - Browser is closed

2018-03-06 10:18:00 - [MESSAGE][PASSED] - cupakeysDl.endsession.finishsession is PASSED]]></system-out>
         <system-err><![CDATA[]]></system-err>
      </testcase>
      <testcase name="Test Cases/CuPaStefanie/42" classname="Test Cases/CuPaStefanie/42" status="PASSED">
         <system-out><![CDATA[2018-03-06 10:18:00 - [TEST_CASE][PASSED] - Test Cases/CuPaStefanie/42: Test Cases/CuPaStefanie/42

2018-03-06 10:18:00 - [TEST_STEP][PASSED] - Statement - timeStamp = new java.text.SimpleDateFormat(dd.MM.yyyy).format(java.util.Calendar.getInstance().getTime()): null

2018-03-06 10:18:00 - [TEST_STEP][PASSED] - Statement - timeStampScreenshot = new java.text.SimpleDateFormat(dd.MM.yyyy).format(java.util.Calendar.getInstance().getTime()): null

2018-03-06 10:18:00 - [TEST_STEP][PASSED] - Statement - iconmap = [:]: null

2018-03-06 10:18:00 - [TEST_STEP][PASSED] - Statement - txtmap = [:]: null

2018-03-06 10:18:00 - [TEST_STEP][PASSED] - Statement - signmap = [:]: null

2018-03-06 10:18:00 - [TEST_STEP][PASSED] - cupakeysDl.initStart.initialStart: cupakeysDl.initStart.initialStart is PASSED

2018-03-06 10:18:02 - [MESSAGE][PASSED] - Browser is opened with url: ''

2018-03-06 10:18:05 - [MESSAGE][PASSED] - Delayed 3 second(s)

2018-03-06 10:18:06 - [MESSAGE][PASSED] - Navigate to 'https://d16a4dsnr8a0k1.cloudfront.net/en/2455233.html?price=150.00%20%E2%82%AC&partName=wilsonPartName&vin=wilsonVin&modelCode=XP11&paint=P0A94&modelDescription=wilsonModelDescription&additionalEquipment=wilsonAdditionalEquipment' successfully

2018-03-06 10:18:06 - [MESSAGE][PASSED] - Object 'Object Repository/CuPaDl/Loading_indicator' is visible

2018-03-06 10:18:14 - [MESSAGE][PASSED] - Object 'Object Repository/CuPaDl/Loading_indicator' is NOT visible

2018-03-06 10:18:15 - [MESSAGE][PASSED] - Delayed 1 second(s)

2018-03-06 10:18:15 - [MESSAGE][PASSED] - cupakeysDl.initStart.initialStart is PASSED

2018-03-06 10:18:15 - [TEST_STEP][PASSED] - Statement - (step++): null

2018-03-06 10:18:15 - [TEST_STEP][PASSED] - cupakeysDl.color.changecolor: cupakeysDl.color.changecolor is PASSED

2018-03-06 10:18:15 - [MESSAGE][PASSED] - Object 'Object Repository/CuPaDl/Color/Color' is visible

2018-03-06 10:18:15 - [MESSAGE][PASSED] - Object: 'Object Repository/CuPaDl/Color/Color' is clicked on

2018-03-06 10:18:16 - [MESSAGE][PASSED] - Delayed 1 second(s)

2018-03-06 10:18:16 - [MESSAGE][PASSED] - Object 'Object Repository/CuPaDl/Color/Color_caribeanaqua' is visible

2018-03-06 10:18:16 - [MESSAGE][PASSED] - Object: 'Object Repository/CuPaDl/Color/Color_caribeanaqua' is clicked on

2018-03-06 10:18:16 - [MESSAGE][WARNING] - Timeout '0' is invalid. Using default page load timeout: '30'

2018-03-06 10:18:16 - [MESSAGE][PASSED] - Object 'Object Repository/CuPaDl/Color/Color_caribeanaqua' is visible

2018-03-06 10:18:17 - [MESSAGE][PASSED] - Delayed 1 second(s)

2018-03-06 10:18:17 - [MESSAGE][PASSED] - Object: 'Object Repository/CuPaDl/Color/Color_caribeanaqua' is clicked on

2018-03-06 10:18:17 - [MESSAGE][PASSED] - Object 'Object Repository/CuPaDl/Loading_indicator' is visible

2018-03-06 10:18:19 - [MESSAGE][PASSED] - Object 'Object Repository/CuPaDl/Loading_indicator' is NOT visible

2018-03-06 10:18:20 - [MESSAGE][PASSED] - Delayed 1 second(s)

2018-03-06 10:18:20 - [MESSAGE][PASSED] - cupakeysDl.color.changecolor is PASSED

2018-03-06 10:18:20 - [TEST_STEP][PASSED] - Statement - (step++): null

2018-03-06 10:18:20 - [TEST_STEP][PASSED] - Statement - iconmap += CustomKeywords.cupakeysDl.iconad.iconadd("worldmap", LoadTimeCorrector, step, run, device, timeStamp, iconcount): cupakeysDl.iconad.iconadd is PASSED

2018-03-06 10:18:21 - [MESSAGE][PASSED] - Object: 'Object Repository/CuPaDl/Icons/Icon' is clicked on

2018-03-06 10:18:23 - [MESSAGE][WARNING] - Object 'Object Repository/CuPaDl/Icons/Icon_worldmap' is not visible after 2 second(s)

2018-03-06 10:18:23 - [MESSAGE][PASSED] - Object: 'Object Repository/CuPaDl/MenuScroll/ObjectsScrollRight' is clicked on

2018-03-06 10:18:25 - [MESSAGE][PASSED] - Delayed 2 second(s)

2018-03-06 10:18:26 - [MESSAGE][WARNING] - Object 'Object Repository/CuPaDl/Icons/Icon_worldmap' is not visible after 1 second(s)

2018-03-06 10:18:26 - [MESSAGE][PASSED] - Object: 'Object Repository/CuPaDl/MenuScroll/ObjectsScrollRight' is clicked on

2018-03-06 10:18:28 - [MESSAGE][PASSED] - Delayed 2 second(s)

2018-03-06 10:18:28 - [MESSAGE][PASSED] - Object: 'Object Repository/CuPaDl/Icons/Icon_worldmap' is clicked on

2018-03-06 10:18:29 - [MESSAGE][PASSED] - Delayed 1 second(s)

2018-03-06 10:18:29 - [MESSAGE][PASSED] - Object 'Object Repository/CuPaDl/Loading_indicator' is visible

2018-03-06 10:18:32 - [MESSAGE][PASSED] - Object 'Object Repository/CuPaDl/Loading_indicator' is NOT visible

2018-03-06 10:18:32 - [MESSAGE][WARNING] - Timeout '0' is invalid. Using default page load timeout: '30'

2018-03-06 10:18:32 - [MESSAGE][PASSED] - Width of element 'Object Repository/CuPaDl/Icons/Reposition_icon' is '40'

2018-03-06 10:18:32 - [MESSAGE][PASSED] - Height of element 'Object Repository/CuPaDl/Icons/Reposition_icon' is '40'.

2018-03-06 10:18:33 - [MESSAGE][PASSED] - Delayed 1 second(s)

2018-03-06 10:18:33 - [MESSAGE][PASSED] - cupakeysDl.iconad.iconadd is PASSED

2018-03-06 10:18:33 - [TEST_STEP][PASSED] - Statement - (step++): null

2018-03-06 10:18:33 - [TEST_STEP][PASSED] - Statement - (iconcount++): null

2018-03-06 10:18:33 - [TEST_STEP][PASSED] - cupakeysDl.iconres.iconresize: cupakeysDl.iconres.iconresize is PASSED

2018-03-06 10:18:33 - [MESSAGE][PASSED] - Object 'Object Repository/CuPaDl/Icons/Reposition_icon' is visible

2018-03-06 10:18:33 - [MESSAGE][PASSED] - Current viewport's left (x) position is 0

2018-03-06 10:18:33 - [MESSAGE][PASSED] - Current viewport's top (y) position is 54

2018-03-06 10:18:33 - [MESSAGE][PASSED] - Dragged object with id 'Object Repository/CuPaDl/Icons/Resize_icon_bottomright' by offset distance x = 125 and y = 179 successfully

2018-03-06 10:18:34 - [MESSAGE][PASSED] - Object 'Object Repository/CuPaDl/Loading_indicator' is visible

2018-03-06 10:18:36 - [MESSAGE][PASSED] - Object 'Object Repository/CuPaDl/Loading_indicator' is NOT visible

2018-03-06 10:18:37 - [MESSAGE][PASSED] - Delayed 1 second(s)

2018-03-06 10:18:37 - [MESSAGE][PASSED] - cupakeysDl.iconres.iconresize is PASSED

2018-03-06 10:18:37 - [TEST_STEP][PASSED] - Statement - (step++): null

2018-03-06 10:18:37 - [TEST_STEP][PASSED] - cupakeysDl.slink.svlink: cupakeysDl.slink.svlink is PASSED

2018-03-06 10:18:37 - [MESSAGE][PASSED] - Scroll to object 'Object Repository/CuPaDl/Save/Save' successfully

2018-03-06 10:18:37 - [MESSAGE][PASSED] - Object: 'Object Repository/CuPaDl/Save/Save' is clicked on

2018-03-06 10:18:37 - [MESSAGE][WARNING] - Timeout '0' is invalid. Using default page load timeout: '30'

2018-03-06 10:18:39 - [MESSAGE][PASSED] - Object 'Object Repository/CuPaDl/Save/CopyLink' is visible

2018-03-06 10:18:39 - [MESSAGE][PASSED] - Attribute 'value' of object 'Object Repository/CuPaDl/Save/Link' is: 'https://d16a4dsnr8a0k1.cloudfront.net/en/2455233.html?scupaId=H1I7NmtUOisjJno0RURM'

2018-03-06 10:18:39 - [MESSAGE][PASSED] - cupakeysDl.slink.svlink is PASSED

2018-03-06 10:18:39 - [TEST_STEP][PASSED] - cupakeysDl.endsession.finishsession: cupakeysDl.endsession.finishsession is PASSED

2018-03-06 10:18:42 - [MESSAGE][PASSED] - Delayed 3 second(s)

2018-03-06 10:18:42 - [MESSAGE][PASSED] - Browser is closed

2018-03-06 10:18:42 - [MESSAGE][PASSED] - cupakeysDl.endsession.finishsession is PASSED]]></system-out>
         <system-err><![CDATA[]]></system-err>
      </testcase>
      <system-out><![CDATA[2018-03-06 09:38:18 - [TEST_SUITE][PASSED] - CuPa: Test Cases/CuPaStefanie/42]]></system-out>
      <system-err><![CDATA[]]></system-err>
   </testsuite>
</testsuites>
