<?xml version="1.0" encoding="UTF-8"?>
<testsuites name="CuPa" time="198" tests="4" failures="0" errors="0">
   <testsuite name="CuPa" tests="4" failures="0" errors="0" time="198" timestamp="2018-03-06 13:14:36" hostname="DESKTOP-47R6KV7$ - DESKTOP-47R6KV7.localdomain" id="Test Suites/CuPa">
      <properties>
         <property name="deviceName" value=""/>
         <property name="devicePlatform" value=""/>
         <property name="logFolder" value="D:\\Project\\DS5.2.1\\Reports\\CuPa\\20180306_131434"/>
         <property name="logFiles" value="D:\\Project\\DS5.2.1\\Reports\\CuPa\\20180306_131434\\execution0.log"/>
         <property name="attachments" value=""/>
         <property name="hostName" value="DESKTOP-47R6KV7$ - DESKTOP-47R6KV7.localdomain"/>
         <property name="os" value="Windows 10 64bit"/>
         <property name="katalonVersion" value="5.3.1.1"/>
         <property name="browser" value="Chrome 64.0.3282.186"/>
         <property name="hostAddress" value="192.168.100.78"/>
         <property name="sessionId" value="c62426fa81d3acb4090089f04ee02566"/>
         <property name="seleniumVersion" value="3.7.1"/>
         <property name="proxyInformation" value="ProxyInformation{proxyOption=NO_PROXY, proxyServerType=HTTP, password=, proxyServerAddress=, proxyServerPort=0}"/>
         <property name="platform" value="Windows 10"/>
      </properties>
      <testcase name="Test Cases/CuPaStefanie/0" classname="Test Cases/CuPaStefanie/0" status="PASSED">
         <system-out><![CDATA[2018-03-06 13:14:36 - [TEST_CASE][PASSED] - Test Cases/CuPaStefanie/0: Test Cases/CuPaStefanie/0

2018-03-06 13:14:36 - [TEST_STEP][PASSED] - Statement - timeStamp = new java.text.SimpleDateFormat(dd.MM.yyyy).format(java.util.Calendar.getInstance().getTime()): null

2018-03-06 13:14:36 - [TEST_STEP][PASSED] - Statement - timeStampScreenshot = new java.text.SimpleDateFormat(dd.MM.yyyy).format(java.util.Calendar.getInstance().getTime()): null

2018-03-06 13:14:36 - [TEST_STEP][PASSED] - Statement - ps = new java.io.PrintStream((((timeStamp + _Run) + run) + .txt)): null]]></system-out>
         <system-err><![CDATA[]]></system-err>
      </testcase>
      <testcase name="Test Cases/CuPaStefanie/1" classname="Test Cases/CuPaStefanie/1" status="PASSED">
         <system-out><![CDATA[2018-03-06 13:14:36 - [TEST_CASE][PASSED] - Test Cases/CuPaStefanie/1: Test Cases/CuPaStefanie/1

2018-03-06 13:14:37 - [TEST_STEP][PASSED] - Statement - timeStamp = new java.text.SimpleDateFormat(dd.MM.yyyy).format(java.util.Calendar.getInstance().getTime()): null

2018-03-06 13:14:37 - [TEST_STEP][PASSED] - Statement - timeStampScreenshot = new java.text.SimpleDateFormat(dd.MM.yyyy).format(java.util.Calendar.getInstance().getTime()): null

2018-03-06 13:14:37 - [TEST_STEP][PASSED] - Statement - iconmap = [:]: null

2018-03-06 13:14:37 - [TEST_STEP][PASSED] - Statement - txtmap = [:]: null

2018-03-06 13:14:37 - [TEST_STEP][PASSED] - Statement - signmap = [:]: null

2018-03-06 13:14:37 - [TEST_STEP][PASSED] - cupakeysDl.initStart.initialStart: cupakeysDl.initStart.initialStart is PASSED

2018-03-06 13:14:39 - [MESSAGE][PASSED] - Browser is opened with url: ''

2018-03-06 13:14:42 - [MESSAGE][PASSED] - Delayed 3 second(s)

2018-03-06 13:14:44 - [MESSAGE][PASSED] - Navigate to 'https://d16a4dsnr8a0k1.cloudfront.net/en/2455233.html?price=150.00%20%E2%82%AC&partName=wilsonPartName&vin=wilsonVin&modelCode=XP11&paint=P0A94&modelDescription=wilsonModelDescription&additionalEquipment=wilsonAdditionalEquipment' successfully

2018-03-06 13:14:44 - [MESSAGE][PASSED] - Object 'Object Repository/CuPaDl/Loading_indicator' is visible

2018-03-06 13:14:52 - [MESSAGE][PASSED] - Object 'Object Repository/CuPaDl/Loading_indicator' is NOT visible

2018-03-06 13:14:53 - [MESSAGE][PASSED] - Delayed 1 second(s)

2018-03-06 13:14:53 - [MESSAGE][PASSED] - cupakeysDl.initStart.initialStart is PASSED

2018-03-06 13:14:53 - [TEST_STEP][PASSED] - Statement - (step++): null

2018-03-06 13:14:53 - [TEST_STEP][PASSED] - cupakeysDl.color.changecolor: cupakeysDl.color.changecolor is PASSED

2018-03-06 13:14:53 - [MESSAGE][PASSED] - Object 'Object Repository/CuPaDl/Color/Color' is visible

2018-03-06 13:14:54 - [MESSAGE][PASSED] - Object: 'Object Repository/CuPaDl/Color/Color' is clicked on

2018-03-06 13:14:55 - [MESSAGE][PASSED] - Delayed 1 second(s)

2018-03-06 13:14:55 - [MESSAGE][PASSED] - Object 'Object Repository/CuPaDl/Color/Color_passionred' is visible

2018-03-06 13:14:55 - [MESSAGE][PASSED] - Object: 'Object Repository/CuPaDl/Color/Color_passionred' is clicked on

2018-03-06 13:14:55 - [MESSAGE][WARNING] - Timeout '0' is invalid. Using default page load timeout: '30'

2018-03-06 13:14:55 - [MESSAGE][PASSED] - Object 'Object Repository/CuPaDl/Color/Color_passionred' is visible

2018-03-06 13:14:56 - [MESSAGE][PASSED] - Delayed 1 second(s)

2018-03-06 13:14:56 - [MESSAGE][PASSED] - Object: 'Object Repository/CuPaDl/Color/Color_passionred' is clicked on

2018-03-06 13:14:56 - [MESSAGE][PASSED] - Object 'Object Repository/CuPaDl/Loading_indicator' is visible

2018-03-06 13:14:58 - [MESSAGE][PASSED] - Object 'Object Repository/CuPaDl/Loading_indicator' is NOT visible

2018-03-06 13:14:59 - [MESSAGE][PASSED] - Delayed 1 second(s)

2018-03-06 13:14:59 - [MESSAGE][PASSED] - cupakeysDl.color.changecolor is PASSED

2018-03-06 13:14:59 - [TEST_STEP][PASSED] - Statement - (step++): null

2018-03-06 13:14:59 - [TEST_STEP][PASSED] - cupakeysDl.chngstruct.changestructure: cupakeysDl.chngstruct.changestructure is PASSED

2018-03-06 13:14:59 - [MESSAGE][PASSED] - Object: 'Object Repository/CuPaDl/Structure/Structure' is clicked on

2018-03-06 13:15:00 - [MESSAGE][WARNING] - Timeout '0' is invalid. Using default page load timeout: '30'

2018-03-06 13:15:00 - [MESSAGE][PASSED] - Object 'Object Repository/CuPaDl/Structure/Structure_Hahnentritt' is visible

2018-03-06 13:15:00 - [MESSAGE][PASSED] - Object 'Object Repository/CuPaDl/Structure/Structure_drops' is visible

2018-03-06 13:15:00 - [MESSAGE][PASSED] - Object: 'Object Repository/CuPaDl/Structure/Structure_drops' is clicked on

2018-03-06 13:15:01 - [MESSAGE][PASSED] - Object 'Object Repository/CuPaDl/Loading_indicator' is visible

2018-03-06 13:15:07 - [MESSAGE][PASSED] - Object 'Object Repository/CuPaDl/Loading_indicator' is NOT visible

2018-03-06 13:15:08 - [MESSAGE][PASSED] - Delayed 1 second(s)

2018-03-06 13:15:08 - [MESSAGE][PASSED] - cupakeysDl.chngstruct.changestructure is PASSED

2018-03-06 13:15:08 - [TEST_STEP][PASSED] - Statement - (step++): null

2018-03-06 13:15:08 - [TEST_STEP][PASSED] - cupakeysDl.sclstruct.scalestructure: cupakeysDl.sclstruct.scalestructure is PASSED

2018-03-06 13:15:11 - [MESSAGE][WARNING] - Object 'Object Repository/CuPaDl/Structure/Resize_Structure_bottomright' is not visible after 3 second(s)

2018-03-06 13:15:11 - [MESSAGE][PASSED] - Object: 'Object Repository/CuPaDl/Structure/Resize_Structure' is clicked on

2018-03-06 13:15:11 - [MESSAGE][WARNING] - Timeout '0' is invalid. Using default page load timeout: '30'

2018-03-06 13:15:11 - [MESSAGE][PASSED] - Object 'Object Repository/CuPaDl/Structure/Resize_Structure_bottomright' is visible

2018-03-06 13:15:12 - [MESSAGE][PASSED] - Delayed 1 second(s)

2018-03-06 13:15:12 - [MESSAGE][PASSED] - Current viewport's left (x) position is 0

2018-03-06 13:15:12 - [MESSAGE][PASSED] - Current viewport's top (y) position is 54

2018-03-06 13:15:12 - [MESSAGE][PASSED] - Dragged object with id 'Object Repository/CuPaDl/Structure/Resize_Structure_bottomright' by offset distance x = -225 and y = -171 successfully

2018-03-06 13:15:13 - [MESSAGE][PASSED] - Object 'Object Repository/CuPaDl/Loading_indicator' is visible

2018-03-06 13:15:37 - [MESSAGE][PASSED] - Object 'Object Repository/CuPaDl/Loading_indicator' is NOT visible

2018-03-06 13:15:38 - [MESSAGE][PASSED] - Delayed 1 second(s)

2018-03-06 13:15:38 - [MESSAGE][PASSED] - cupakeysDl.sclstruct.scalestructure is PASSED

2018-03-06 13:15:38 - [TEST_STEP][PASSED] - Statement - (step++): null

2018-03-06 13:15:38 - [TEST_STEP][PASSED] - Statement - iconmap += CustomKeywords.cupakeysDl.iconad.iconadd("unionjack", LoadTimeCorrector, step, run, device, timeStamp, iconcount): cupakeysDl.iconad.iconadd is PASSED

2018-03-06 13:15:38 - [MESSAGE][PASSED] - Object: 'Object Repository/CuPaDl/Icons/Icon' is clicked on

2018-03-06 13:15:38 - [MESSAGE][PASSED] - Object 'Object Repository/CuPaDl/Icons/Icon_unionjack' is visible

2018-03-06 13:15:38 - [MESSAGE][PASSED] - Object: 'Object Repository/CuPaDl/Icons/Icon_unionjack' is clicked on

2018-03-06 13:15:39 - [MESSAGE][PASSED] - Delayed 1 second(s)

2018-03-06 13:15:39 - [MESSAGE][PASSED] - Object 'Object Repository/CuPaDl/Loading_indicator' is visible

2018-03-06 13:15:41 - [MESSAGE][PASSED] - Object 'Object Repository/CuPaDl/Loading_indicator' is NOT visible

2018-03-06 13:15:41 - [MESSAGE][WARNING] - Timeout '0' is invalid. Using default page load timeout: '30'

2018-03-06 13:15:41 - [MESSAGE][PASSED] - Width of element 'Object Repository/CuPaDl/Icons/Reposition_icon' is '40'

2018-03-06 13:15:41 - [MESSAGE][PASSED] - Height of element 'Object Repository/CuPaDl/Icons/Reposition_icon' is '40'.

2018-03-06 13:15:42 - [MESSAGE][PASSED] - Delayed 1 second(s)

2018-03-06 13:15:42 - [MESSAGE][PASSED] - cupakeysDl.iconad.iconadd is PASSED

2018-03-06 13:15:42 - [TEST_STEP][PASSED] - Statement - (step++): null

2018-03-06 13:15:42 - [TEST_STEP][PASSED] - Statement - (iconcount++): null

2018-03-06 13:15:42 - [TEST_STEP][PASSED] - cupakeysDl.iconres.iconresize: cupakeysDl.iconres.iconresize is PASSED

2018-03-06 13:15:42 - [MESSAGE][PASSED] - Object 'Object Repository/CuPaDl/Icons/Reposition_icon' is visible

2018-03-06 13:15:42 - [MESSAGE][PASSED] - Current viewport's left (x) position is 0

2018-03-06 13:15:42 - [MESSAGE][PASSED] - Current viewport's top (y) position is 54

2018-03-06 13:15:42 - [MESSAGE][PASSED] - Dragged object with id 'Object Repository/CuPaDl/Icons/Resize_icon_bottomright' by offset distance x = -125 and y = -71 successfully

2018-03-06 13:15:43 - [MESSAGE][PASSED] - Object 'Object Repository/CuPaDl/Loading_indicator' is visible

2018-03-06 13:15:58 - [MESSAGE][PASSED] - Object 'Object Repository/CuPaDl/Loading_indicator' is NOT visible

2018-03-06 13:15:59 - [MESSAGE][PASSED] - Delayed 1 second(s)

2018-03-06 13:15:59 - [MESSAGE][PASSED] - cupakeysDl.iconres.iconresize is PASSED

2018-03-06 13:15:59 - [TEST_STEP][PASSED] - Statement - (step++): null

2018-03-06 13:15:59 - [TEST_STEP][PASSED] - cupakeysDl.slink.svlink: cupakeysDl.slink.svlink is PASSED

2018-03-06 13:15:59 - [MESSAGE][PASSED] - Scroll to object 'Object Repository/CuPaDl/Save/Save' successfully

2018-03-06 13:15:59 - [MESSAGE][PASSED] - Object: 'Object Repository/CuPaDl/Save/Save' is clicked on

2018-03-06 13:15:59 - [MESSAGE][WARNING] - Timeout '0' is invalid. Using default page load timeout: '30'

2018-03-06 13:16:02 - [MESSAGE][PASSED] - Object 'Object Repository/CuPaDl/Save/CopyLink' is visible

2018-03-06 13:16:02 - [MESSAGE][PASSED] - Attribute 'value' of object 'Object Repository/CuPaDl/Save/Link' is: 'https://d16a4dsnr8a0k1.cloudfront.net/en/2455233.html?scupaId=Cl1cK2FYLV08MXo0RURF'

2018-03-06 13:16:02 - [MESSAGE][PASSED] - cupakeysDl.slink.svlink is PASSED

2018-03-06 13:16:02 - [TEST_STEP][PASSED] - cupakeysDl.endsession.finishsession: cupakeysDl.endsession.finishsession is PASSED

2018-03-06 13:16:05 - [MESSAGE][PASSED] - Delayed 3 second(s)

2018-03-06 13:16:05 - [MESSAGE][PASSED] - Browser is closed

2018-03-06 13:16:05 - [MESSAGE][PASSED] - cupakeysDl.endsession.finishsession is PASSED]]></system-out>
         <system-err><![CDATA[]]></system-err>
      </testcase>
      <testcase name="Test Cases/CuPaStefanie/2" classname="Test Cases/CuPaStefanie/2" status="PASSED">
         <system-out><![CDATA[2018-03-06 13:16:05 - [TEST_CASE][PASSED] - Test Cases/CuPaStefanie/2: Test Cases/CuPaStefanie/2

2018-03-06 13:16:06 - [TEST_STEP][PASSED] - Statement - timeStamp = new java.text.SimpleDateFormat(dd.MM.yyyy).format(java.util.Calendar.getInstance().getTime()): null

2018-03-06 13:16:06 - [TEST_STEP][PASSED] - Statement - timeStampScreenshot = new java.text.SimpleDateFormat(dd.MM.yyyy).format(java.util.Calendar.getInstance().getTime()): null

2018-03-06 13:16:06 - [TEST_STEP][PASSED] - Statement - iconmap = [:]: null

2018-03-06 13:16:06 - [TEST_STEP][PASSED] - Statement - txtmap = [:]: null

2018-03-06 13:16:06 - [TEST_STEP][PASSED] - Statement - signmap = [:]: null

2018-03-06 13:16:06 - [TEST_STEP][PASSED] - cupakeysDl.initStart.initialStart: cupakeysDl.initStart.initialStart is PASSED

2018-03-06 13:16:07 - [MESSAGE][PASSED] - Browser is opened with url: ''

2018-03-06 13:16:10 - [MESSAGE][PASSED] - Delayed 3 second(s)

2018-03-06 13:16:12 - [MESSAGE][PASSED] - Navigate to 'https://d16a4dsnr8a0k1.cloudfront.net/en/2455233.html?price=150.00%20%E2%82%AC&partName=wilsonPartName&vin=wilsonVin&modelCode=XP11&paint=P0A94&modelDescription=wilsonModelDescription&additionalEquipment=wilsonAdditionalEquipment' successfully

2018-03-06 13:16:12 - [MESSAGE][PASSED] - Object 'Object Repository/CuPaDl/Loading_indicator' is visible

2018-03-06 13:16:22 - [MESSAGE][PASSED] - Object 'Object Repository/CuPaDl/Loading_indicator' is NOT visible

2018-03-06 13:16:23 - [MESSAGE][PASSED] - Delayed 1 second(s)

2018-03-06 13:16:23 - [MESSAGE][PASSED] - cupakeysDl.initStart.initialStart is PASSED

2018-03-06 13:16:23 - [TEST_STEP][PASSED] - Statement - (step++): null

2018-03-06 13:16:23 - [TEST_STEP][PASSED] - cupakeysDl.color.changecolor: cupakeysDl.color.changecolor is PASSED

2018-03-06 13:16:23 - [MESSAGE][PASSED] - Object 'Object Repository/CuPaDl/Color/Color' is visible

2018-03-06 13:16:23 - [MESSAGE][PASSED] - Object: 'Object Repository/CuPaDl/Color/Color' is clicked on

2018-03-06 13:16:24 - [MESSAGE][PASSED] - Delayed 1 second(s)

2018-03-06 13:16:24 - [MESSAGE][PASSED] - Object 'Object Repository/CuPaDl/Color/Color_passionred' is visible

2018-03-06 13:16:24 - [MESSAGE][PASSED] - Object: 'Object Repository/CuPaDl/Color/Color_passionred' is clicked on

2018-03-06 13:16:24 - [MESSAGE][WARNING] - Timeout '0' is invalid. Using default page load timeout: '30'

2018-03-06 13:16:24 - [MESSAGE][PASSED] - Object 'Object Repository/CuPaDl/Color/Color_passionred' is visible

2018-03-06 13:16:25 - [MESSAGE][PASSED] - Delayed 1 second(s)

2018-03-06 13:16:26 - [MESSAGE][PASSED] - Object: 'Object Repository/CuPaDl/Color/Color_passionred' is clicked on

2018-03-06 13:16:26 - [MESSAGE][PASSED] - Object 'Object Repository/CuPaDl/Loading_indicator' is visible

2018-03-06 13:16:29 - [MESSAGE][PASSED] - Object 'Object Repository/CuPaDl/Loading_indicator' is NOT visible

2018-03-06 13:16:30 - [MESSAGE][PASSED] - Delayed 1 second(s)

2018-03-06 13:16:30 - [MESSAGE][PASSED] - cupakeysDl.color.changecolor is PASSED

2018-03-06 13:16:30 - [TEST_STEP][PASSED] - Statement - (step++): null

2018-03-06 13:16:30 - [TEST_STEP][PASSED] - cupakeysDl.chngstruct.changestructure: cupakeysDl.chngstruct.changestructure is PASSED

2018-03-06 13:16:30 - [MESSAGE][PASSED] - Object: 'Object Repository/CuPaDl/Structure/Structure' is clicked on

2018-03-06 13:16:30 - [MESSAGE][WARNING] - Timeout '0' is invalid. Using default page load timeout: '30'

2018-03-06 13:16:30 - [MESSAGE][PASSED] - Object 'Object Repository/CuPaDl/Structure/Structure_Hahnentritt' is visible

2018-03-06 13:16:30 - [MESSAGE][PASSED] - Object 'Object Repository/CuPaDl/Structure/Structure_drops' is visible

2018-03-06 13:16:31 - [MESSAGE][PASSED] - Object: 'Object Repository/CuPaDl/Structure/Structure_drops' is clicked on

2018-03-06 13:16:32 - [MESSAGE][PASSED] - Object 'Object Repository/CuPaDl/Loading_indicator' is visible

2018-03-06 13:16:38 - [MESSAGE][PASSED] - Object 'Object Repository/CuPaDl/Loading_indicator' is NOT visible

2018-03-06 13:16:39 - [MESSAGE][PASSED] - Delayed 1 second(s)

2018-03-06 13:16:39 - [MESSAGE][PASSED] - cupakeysDl.chngstruct.changestructure is PASSED

2018-03-06 13:16:39 - [TEST_STEP][PASSED] - Statement - (step++): null

2018-03-06 13:16:39 - [TEST_STEP][PASSED] - cupakeysDl.sclstruct.scalestructure: cupakeysDl.sclstruct.scalestructure is PASSED

2018-03-06 13:16:43 - [MESSAGE][WARNING] - Object 'Object Repository/CuPaDl/Structure/Resize_Structure_bottomright' is not visible after 3 second(s)

2018-03-06 13:16:43 - [MESSAGE][PASSED] - Object: 'Object Repository/CuPaDl/Structure/Resize_Structure' is clicked on

2018-03-06 13:16:43 - [MESSAGE][WARNING] - Timeout '0' is invalid. Using default page load timeout: '30'

2018-03-06 13:16:43 - [MESSAGE][PASSED] - Object 'Object Repository/CuPaDl/Structure/Resize_Structure_bottomright' is visible

2018-03-06 13:16:44 - [MESSAGE][PASSED] - Delayed 1 second(s)

2018-03-06 13:16:44 - [MESSAGE][PASSED] - Current viewport's left (x) position is 0

2018-03-06 13:16:44 - [MESSAGE][PASSED] - Current viewport's top (y) position is 54

2018-03-06 13:16:44 - [MESSAGE][PASSED] - Dragged object with id 'Object Repository/CuPaDl/Structure/Resize_Structure_bottomright' by offset distance x = 225 and y = 279 successfully

2018-03-06 13:16:45 - [MESSAGE][PASSED] - Object 'Object Repository/CuPaDl/Loading_indicator' is visible

2018-03-06 13:16:49 - [MESSAGE][PASSED] - Object 'Object Repository/CuPaDl/Loading_indicator' is NOT visible

2018-03-06 13:16:50 - [MESSAGE][PASSED] - Delayed 1 second(s)

2018-03-06 13:16:50 - [MESSAGE][PASSED] - cupakeysDl.sclstruct.scalestructure is PASSED

2018-03-06 13:16:50 - [TEST_STEP][PASSED] - Statement - (step++): null

2018-03-06 13:16:50 - [TEST_STEP][PASSED] - Statement - iconmap += CustomKeywords.cupakeysDl.iconad.iconadd("unionjack", LoadTimeCorrector, step, run, device, timeStamp, iconcount): cupakeysDl.iconad.iconadd is PASSED

2018-03-06 13:16:50 - [MESSAGE][PASSED] - Object: 'Object Repository/CuPaDl/Icons/Icon' is clicked on

2018-03-06 13:16:50 - [MESSAGE][PASSED] - Object 'Object Repository/CuPaDl/Icons/Icon_unionjack' is visible

2018-03-06 13:16:50 - [MESSAGE][PASSED] - Object: 'Object Repository/CuPaDl/Icons/Icon_unionjack' is clicked on

2018-03-06 13:16:51 - [MESSAGE][PASSED] - Delayed 1 second(s)

2018-03-06 13:16:52 - [MESSAGE][PASSED] - Object 'Object Repository/CuPaDl/Loading_indicator' is visible

2018-03-06 13:16:54 - [MESSAGE][PASSED] - Object 'Object Repository/CuPaDl/Loading_indicator' is NOT visible

2018-03-06 13:16:54 - [MESSAGE][WARNING] - Timeout '0' is invalid. Using default page load timeout: '30'

2018-03-06 13:16:54 - [MESSAGE][PASSED] - Width of element 'Object Repository/CuPaDl/Icons/Reposition_icon' is '40'

2018-03-06 13:16:54 - [MESSAGE][PASSED] - Height of element 'Object Repository/CuPaDl/Icons/Reposition_icon' is '40'.

2018-03-06 13:16:55 - [MESSAGE][PASSED] - Delayed 1 second(s)

2018-03-06 13:16:55 - [MESSAGE][PASSED] - cupakeysDl.iconad.iconadd is PASSED

2018-03-06 13:16:55 - [TEST_STEP][PASSED] - Statement - (step++): null

2018-03-06 13:16:55 - [TEST_STEP][PASSED] - Statement - (iconcount++): null

2018-03-06 13:16:55 - [TEST_STEP][PASSED] - cupakeysDl.iconres.iconresize: cupakeysDl.iconres.iconresize is PASSED

2018-03-06 13:16:55 - [MESSAGE][PASSED] - Object 'Object Repository/CuPaDl/Icons/Reposition_icon' is visible

2018-03-06 13:16:55 - [MESSAGE][PASSED] - Current viewport's left (x) position is 0

2018-03-06 13:16:55 - [MESSAGE][PASSED] - Current viewport's top (y) position is 54

2018-03-06 13:16:55 - [MESSAGE][PASSED] - Dragged object with id 'Object Repository/CuPaDl/Icons/Resize_icon_bottomright' by offset distance x = 125 and y = 179 successfully

2018-03-06 13:16:57 - [MESSAGE][PASSED] - Object 'Object Repository/CuPaDl/Loading_indicator' is visible

2018-03-06 13:16:59 - [MESSAGE][PASSED] - Object 'Object Repository/CuPaDl/Loading_indicator' is NOT visible

2018-03-06 13:17:00 - [MESSAGE][PASSED] - Delayed 1 second(s)

2018-03-06 13:17:00 - [MESSAGE][PASSED] - cupakeysDl.iconres.iconresize is PASSED

2018-03-06 13:17:00 - [TEST_STEP][PASSED] - Statement - (step++): null

2018-03-06 13:17:00 - [TEST_STEP][PASSED] - cupakeysDl.slink.svlink: cupakeysDl.slink.svlink is PASSED

2018-03-06 13:17:00 - [MESSAGE][PASSED] - Scroll to object 'Object Repository/CuPaDl/Save/Save' successfully

2018-03-06 13:17:00 - [MESSAGE][PASSED] - Object: 'Object Repository/CuPaDl/Save/Save' is clicked on

2018-03-06 13:17:00 - [MESSAGE][WARNING] - Timeout '0' is invalid. Using default page load timeout: '30'

2018-03-06 13:17:02 - [MESSAGE][PASSED] - Object 'Object Repository/CuPaDl/Save/CopyLink' is visible

2018-03-06 13:17:02 - [MESSAGE][PASSED] - Attribute 'value' of object 'Object Repository/CuPaDl/Save/Link' is: 'https://d16a4dsnr8a0k1.cloudfront.net/en/2455233.html?scupaId=CDE3IGlUP1IsKHo0RURF'

2018-03-06 13:17:02 - [MESSAGE][PASSED] - cupakeysDl.slink.svlink is PASSED

2018-03-06 13:17:02 - [TEST_STEP][PASSED] - cupakeysDl.endsession.finishsession: cupakeysDl.endsession.finishsession is PASSED

2018-03-06 13:17:05 - [MESSAGE][PASSED] - Delayed 3 second(s)

2018-03-06 13:17:06 - [MESSAGE][PASSED] - Browser is closed

2018-03-06 13:17:06 - [MESSAGE][PASSED] - cupakeysDl.endsession.finishsession is PASSED]]></system-out>
         <system-err><![CDATA[]]></system-err>
      </testcase>
      <testcase name="Test Cases/CuPaStefanie/3" classname="Test Cases/CuPaStefanie/3" status="PASSED">
         <system-out><![CDATA[2018-03-06 13:17:06 - [TEST_CASE][PASSED] - Test Cases/CuPaStefanie/3: Test Cases/CuPaStefanie/3

2018-03-06 13:17:06 - [TEST_STEP][PASSED] - Statement - timeStamp = new java.text.SimpleDateFormat(dd.MM.yyyy_HH_mm_ss).format(java.util.Calendar.getInstance().getTime()): null

2018-03-06 13:17:06 - [TEST_STEP][PASSED] - Statement - timeStampScreenshot = new java.text.SimpleDateFormat(dd.MM.yyyy).format(java.util.Calendar.getInstance().getTime()): null

2018-03-06 13:17:06 - [TEST_STEP][PASSED] - Statement - iconmap = [:]: null

2018-03-06 13:17:06 - [TEST_STEP][PASSED] - Statement - txtmap = [:]: null

2018-03-06 13:17:06 - [TEST_STEP][PASSED] - Statement - signmap = [:]: null

2018-03-06 13:17:06 - [TEST_STEP][PASSED] - cupakeysDl.initStart.initialStart: cupakeysDl.initStart.initialStart is PASSED

2018-03-06 13:17:08 - [MESSAGE][PASSED] - Browser is opened with url: ''

2018-03-06 13:17:11 - [MESSAGE][PASSED] - Delayed 3 second(s)

2018-03-06 13:17:14 - [MESSAGE][PASSED] - Navigate to 'https://d16a4dsnr8a0k1.cloudfront.net/en/2455233.html?price=150.00%20%E2%82%AC&partName=wilsonPartName&vin=wilsonVin&modelCode=XP11&paint=P0A94&modelDescription=wilsonModelDescription&additionalEquipment=wilsonAdditionalEquipment' successfully

2018-03-06 13:17:14 - [MESSAGE][PASSED] - Object 'Object Repository/CuPaDl/Loading_indicator' is visible

2018-03-06 13:17:23 - [MESSAGE][PASSED] - Object 'Object Repository/CuPaDl/Loading_indicator' is NOT visible

2018-03-06 13:17:24 - [MESSAGE][PASSED] - Delayed 1 second(s)

2018-03-06 13:17:24 - [MESSAGE][PASSED] - cupakeysDl.initStart.initialStart is PASSED

2018-03-06 13:17:24 - [TEST_STEP][PASSED] - Statement - (step++): null

2018-03-06 13:17:24 - [TEST_STEP][PASSED] - cupakeysDl.color.changecolor: cupakeysDl.color.changecolor is PASSED

2018-03-06 13:17:24 - [MESSAGE][PASSED] - Object 'Object Repository/CuPaDl/Color/Color' is visible

2018-03-06 13:17:24 - [MESSAGE][PASSED] - Object: 'Object Repository/CuPaDl/Color/Color' is clicked on

2018-03-06 13:17:25 - [MESSAGE][PASSED] - Delayed 1 second(s)

2018-03-06 13:17:25 - [MESSAGE][PASSED] - Object 'Object Repository/CuPaDl/Color/Color_nightlightblue' is visible

2018-03-06 13:17:26 - [MESSAGE][PASSED] - Object: 'Object Repository/CuPaDl/Color/Color_nightlightblue' is clicked on

2018-03-06 13:17:26 - [MESSAGE][WARNING] - Timeout '0' is invalid. Using default page load timeout: '30'

2018-03-06 13:17:26 - [MESSAGE][PASSED] - Object 'Object Repository/CuPaDl/Color/Color_nightlightblue' is visible

2018-03-06 13:17:27 - [MESSAGE][PASSED] - Delayed 1 second(s)

2018-03-06 13:17:27 - [MESSAGE][PASSED] - Object: 'Object Repository/CuPaDl/Color/Color_nightlightblue' is clicked on

2018-03-06 13:17:27 - [MESSAGE][PASSED] - Object 'Object Repository/CuPaDl/Loading_indicator' is visible

2018-03-06 13:17:29 - [MESSAGE][PASSED] - Object 'Object Repository/CuPaDl/Loading_indicator' is NOT visible

2018-03-06 13:17:30 - [MESSAGE][PASSED] - Delayed 1 second(s)

2018-03-06 13:17:30 - [MESSAGE][PASSED] - cupakeysDl.color.changecolor is PASSED

2018-03-06 13:17:30 - [TEST_STEP][PASSED] - Statement - (step++): null

2018-03-06 13:17:30 - [TEST_STEP][PASSED] - cupakeysDl.chngstruct.changestructure: cupakeysDl.chngstruct.changestructure is PASSED

2018-03-06 13:17:30 - [MESSAGE][PASSED] - Object: 'Object Repository/CuPaDl/Structure/Structure' is clicked on

2018-03-06 13:17:30 - [MESSAGE][WARNING] - Timeout '0' is invalid. Using default page load timeout: '30'

2018-03-06 13:17:30 - [MESSAGE][PASSED] - Object 'Object Repository/CuPaDl/Structure/Structure_Hahnentritt' is visible

2018-03-06 13:17:30 - [MESSAGE][PASSED] - Object 'Object Repository/CuPaDl/Structure/Structure_chess' is visible

2018-03-06 13:17:30 - [MESSAGE][PASSED] - Object: 'Object Repository/CuPaDl/Structure/Structure_chess' is clicked on

2018-03-06 13:17:32 - [MESSAGE][PASSED] - Object 'Object Repository/CuPaDl/Loading_indicator' is visible

2018-03-06 13:17:33 - [MESSAGE][PASSED] - Object 'Object Repository/CuPaDl/Loading_indicator' is NOT visible

2018-03-06 13:17:34 - [MESSAGE][PASSED] - Delayed 1 second(s)

2018-03-06 13:17:34 - [MESSAGE][PASSED] - cupakeysDl.chngstruct.changestructure is PASSED

2018-03-06 13:17:34 - [TEST_STEP][PASSED] - Statement - (step++): null

2018-03-06 13:17:34 - [TEST_STEP][PASSED] - cupakeysDl.sclstruct.scalestructure: cupakeysDl.sclstruct.scalestructure is PASSED

2018-03-06 13:17:37 - [MESSAGE][WARNING] - Object 'Object Repository/CuPaDl/Structure/Resize_Structure_bottomright' is not visible after 3 second(s)

2018-03-06 13:17:37 - [MESSAGE][PASSED] - Object: 'Object Repository/CuPaDl/Structure/Resize_Structure' is clicked on

2018-03-06 13:17:37 - [MESSAGE][WARNING] - Timeout '0' is invalid. Using default page load timeout: '30'

2018-03-06 13:17:37 - [MESSAGE][PASSED] - Object 'Object Repository/CuPaDl/Structure/Resize_Structure_bottomright' is visible

2018-03-06 13:17:38 - [MESSAGE][PASSED] - Delayed 1 second(s)

2018-03-06 13:17:38 - [MESSAGE][PASSED] - Current viewport's left (x) position is 0

2018-03-06 13:17:38 - [MESSAGE][PASSED] - Current viewport's top (y) position is 54

2018-03-06 13:17:38 - [MESSAGE][PASSED] - Dragged object with id 'Object Repository/CuPaDl/Structure/Resize_Structure_bottomright' by offset distance x = -225 and y = -171 successfully

2018-03-06 13:17:40 - [MESSAGE][PASSED] - Object 'Object Repository/CuPaDl/Loading_indicator' is visible

2018-03-06 13:17:41 - [MESSAGE][PASSED] - Object 'Object Repository/CuPaDl/Loading_indicator' is NOT visible

2018-03-06 13:17:42 - [MESSAGE][PASSED] - Delayed 1 second(s)

2018-03-06 13:17:42 - [MESSAGE][PASSED] - cupakeysDl.sclstruct.scalestructure is PASSED

2018-03-06 13:17:42 - [TEST_STEP][PASSED] - Statement - (step++): null

2018-03-06 13:17:42 - [TEST_STEP][PASSED] - Statement - iconmap += CustomKeywords.cupakeysDl.iconad.iconadd("racing", LoadTimeCorrector, step, run, device, timeStamp, iconcount): cupakeysDl.iconad.iconadd is PASSED

2018-03-06 13:17:42 - [MESSAGE][PASSED] - Object: 'Object Repository/CuPaDl/Icons/Icon' is clicked on

2018-03-06 13:17:42 - [MESSAGE][PASSED] - Object 'Object Repository/CuPaDl/Icons/Icon_racing' is visible

2018-03-06 13:17:42 - [MESSAGE][PASSED] - Object: 'Object Repository/CuPaDl/Icons/Icon_racing' is clicked on

2018-03-06 13:17:43 - [MESSAGE][PASSED] - Delayed 1 second(s)

2018-03-06 13:17:44 - [MESSAGE][PASSED] - Object 'Object Repository/CuPaDl/Loading_indicator' is visible

2018-03-06 13:17:45 - [MESSAGE][PASSED] - Object 'Object Repository/CuPaDl/Loading_indicator' is NOT visible

2018-03-06 13:17:45 - [MESSAGE][WARNING] - Timeout '0' is invalid. Using default page load timeout: '30'

2018-03-06 13:17:45 - [MESSAGE][PASSED] - Width of element 'Object Repository/CuPaDl/Icons/Reposition_icon' is '40'

2018-03-06 13:17:45 - [MESSAGE][PASSED] - Height of element 'Object Repository/CuPaDl/Icons/Reposition_icon' is '40'.

2018-03-06 13:17:46 - [MESSAGE][PASSED] - Delayed 1 second(s)

2018-03-06 13:17:46 - [MESSAGE][PASSED] - cupakeysDl.iconad.iconadd is PASSED

2018-03-06 13:17:46 - [TEST_STEP][PASSED] - Statement - (step++): null

2018-03-06 13:17:46 - [TEST_STEP][PASSED] - Statement - (iconcount++): null

2018-03-06 13:17:46 - [TEST_STEP][PASSED] - cupakeysDl.iconres.iconresize: cupakeysDl.iconres.iconresize is PASSED

2018-03-06 13:17:46 - [MESSAGE][PASSED] - Object 'Object Repository/CuPaDl/Icons/Reposition_icon' is visible

2018-03-06 13:17:46 - [MESSAGE][PASSED] - Current viewport's left (x) position is 0

2018-03-06 13:17:46 - [MESSAGE][PASSED] - Current viewport's top (y) position is 54

2018-03-06 13:17:46 - [MESSAGE][PASSED] - Dragged object with id 'Object Repository/CuPaDl/Icons/Resize_icon_bottomright' by offset distance x = -125 and y = -71 successfully

2018-03-06 13:17:47 - [MESSAGE][PASSED] - Object 'Object Repository/CuPaDl/Loading_indicator' is visible

2018-03-06 13:17:48 - [MESSAGE][PASSED] - Object 'Object Repository/CuPaDl/Loading_indicator' is NOT visible

2018-03-06 13:17:49 - [MESSAGE][PASSED] - Delayed 1 second(s)

2018-03-06 13:17:49 - [MESSAGE][PASSED] - cupakeysDl.iconres.iconresize is PASSED

2018-03-06 13:17:49 - [TEST_STEP][PASSED] - Statement - (step++): null

2018-03-06 13:17:49 - [TEST_STEP][PASSED] - cupakeysDl.slink.svlink: cupakeysDl.slink.svlink is PASSED

2018-03-06 13:17:49 - [MESSAGE][PASSED] - Scroll to object 'Object Repository/CuPaDl/Save/Save' successfully

2018-03-06 13:17:49 - [MESSAGE][PASSED] - Object: 'Object Repository/CuPaDl/Save/Save' is clicked on

2018-03-06 13:17:49 - [MESSAGE][WARNING] - Timeout '0' is invalid. Using default page load timeout: '30'

2018-03-06 13:17:51 - [MESSAGE][PASSED] - Object 'Object Repository/CuPaDl/Save/CopyLink' is visible

2018-03-06 13:17:51 - [MESSAGE][PASSED] - Attribute 'value' of object 'Object Repository/CuPaDl/Save/Link' is: 'https://d16a4dsnr8a0k1.cloudfront.net/en/2455233.html?scupaId=DzxbNhM5LTVWNno0RURG'

2018-03-06 13:17:51 - [MESSAGE][PASSED] - cupakeysDl.slink.svlink is PASSED

2018-03-06 13:17:51 - [TEST_STEP][PASSED] - cupakeysDl.endsession.finishsession: cupakeysDl.endsession.finishsession is PASSED

2018-03-06 13:17:54 - [MESSAGE][PASSED] - Delayed 3 second(s)

2018-03-06 13:17:55 - [MESSAGE][PASSED] - Browser is closed

2018-03-06 13:17:55 - [MESSAGE][PASSED] - cupakeysDl.endsession.finishsession is PASSED]]></system-out>
         <system-err><![CDATA[]]></system-err>
      </testcase>
      <system-out><![CDATA[2018-03-06 13:14:36 - [TEST_SUITE][PASSED] - CuPa: Test Cases/CuPaStefanie/3]]></system-out>
      <system-err><![CDATA[]]></system-err>
   </testsuite>
</testsuites>
