<?xml version="1.0" encoding="UTF-8"?>
<testsuites name="CuPa" time="29" tests="0" failures="1" errors="0">
   <testsuite name="CuPa" tests="0" failures="1" errors="0" time="29" timestamp="2018-03-06 13:01:58" hostname="DESKTOP-47R6KV7$ - DESKTOP-47R6KV7.localdomain" id="Test Suites/CuPa">
      <properties>
         <property name="deviceName" value=""/>
         <property name="devicePlatform" value=""/>
         <property name="logFolder" value="D:\\Project\\DS5.2.1\\Reports\\CuPa\\20180306_130157"/>
         <property name="logFiles" value="D:\\Project\\DS5.2.1\\Reports\\CuPa\\20180306_130157\\execution0.log"/>
         <property name="attachments" value=""/>
         <property name="hostName" value="DESKTOP-47R6KV7$ - DESKTOP-47R6KV7.localdomain"/>
         <property name="os" value="Windows 10 64bit"/>
         <property name="katalonVersion" value="5.3.1.1"/>
         <property name="browser" value="Chrome 64.0.3282.186"/>
         <property name="hostAddress" value="192.168.100.78"/>
         <property name="sessionId" value="55d3504de371cdad98e40da6483be1f6"/>
         <property name="seleniumVersion" value="3.7.1"/>
         <property name="proxyInformation" value="ProxyInformation{proxyOption=NO_PROXY, proxyServerType=HTTP, password=, proxyServerAddress=, proxyServerPort=0}"/>
         <property name="platform" value="Windows 10"/>
      </properties>
      <testcase name="Test Cases/CuPaStefanie/1" classname="Test Cases/CuPaStefanie/1" status="FAILED">
         <failure type="FAILED" message="Unable to click on object 'Object Repository/CuPaDl/Structure/Structure' (Root cause: com.kms.katalon.core.webui.exception.BrowserNotOpenedException: Browser is not opened
Build info: version: '3.7.1', revision: '8a0099a', time: '2017-11-06T21:07:36.161Z'
System info: host: 'DESKTOP-47R6KV7', ip: '192.168.100.78', os.name: 'Windows 10', os.arch: 'amd64', os.version: '10.0', java.version: '1.8.0_102'
Driver info: driver.version: unknown)"/>
         <system-out><![CDATA[2018-03-06 13:01:58 - [TEST_CASE][FAILED] - Test Cases/CuPaStefanie/1: Test Cases/CuPaStefanie/1 FAILED because (of) Unable to click on object 'Object Repository/CuPaDl/Structure/Structure' (Root cause: com.kms.katalon.core.webui.exception.BrowserNotOpenedException: Browser is not opened
Build info: version: '3.7.1', revision: '8a0099a', time: '2017-11-06T21:07:36.161Z'
System info: host: 'DESKTOP-47R6KV7', ip: '192.168.100.78', os.name: 'Windows 10', os.arch: 'amd64', os.version: '10.0', java.version: '1.8.0_102'
Driver info: driver.version: unknown)

2018-03-06 13:01:59 - [TEST_STEP][PASSED] - Statement - timeStamp = new java.text.SimpleDateFormat(dd.MM.yyyy).format(java.util.Calendar.getInstance().getTime()): null

2018-03-06 13:01:59 - [TEST_STEP][PASSED] - Statement - timeStampScreenshot = new java.text.SimpleDateFormat(dd.MM.yyyy).format(java.util.Calendar.getInstance().getTime()): null

2018-03-06 13:01:59 - [TEST_STEP][PASSED] - Statement - iconmap = [:]: null

2018-03-06 13:01:59 - [TEST_STEP][PASSED] - Statement - txtmap = [:]: null

2018-03-06 13:01:59 - [TEST_STEP][PASSED] - Statement - signmap = [:]: null

2018-03-06 13:01:59 - [TEST_STEP][PASSED] - cupakeysDl.initStart.initialStart: cupakeysDl.initStart.initialStart is PASSED

2018-03-06 13:02:02 - [MESSAGE][PASSED] - Browser is opened with url: ''

2018-03-06 13:02:05 - [MESSAGE][PASSED] - Delayed 3 second(s)

2018-03-06 13:02:06 - [MESSAGE][PASSED] - Navigate to 'https://d16a4dsnr8a0k1.cloudfront.net/en/2455233.html?price=150.00%20%E2%82%AC&partName=wilsonPartName&vin=wilsonVin&modelCode=XP11&paint=P0A94&modelDescription=wilsonModelDescription&additionalEquipment=wilsonAdditionalEquipment' successfully

2018-03-06 13:02:06 - [MESSAGE][PASSED] - Object 'Object Repository/CuPaDl/Loading_indicator' is visible

2018-03-06 13:02:16 - [MESSAGE][PASSED] - Object 'Object Repository/CuPaDl/Loading_indicator' is NOT visible

2018-03-06 13:02:17 - [MESSAGE][PASSED] - Delayed 1 second(s)

2018-03-06 13:02:17 - [MESSAGE][PASSED] - cupakeysDl.initStart.initialStart is PASSED

2018-03-06 13:02:17 - [TEST_STEP][PASSED] - Statement - (step++): null

2018-03-06 13:02:17 - [TEST_STEP][PASSED] - cupakeysDl.color.changecolor: cupakeysDl.color.changecolor is PASSED

2018-03-06 13:02:17 - [MESSAGE][PASSED] - Object 'Object Repository/CuPaDl/Color/Color' is visible

2018-03-06 13:02:17 - [MESSAGE][PASSED] - Object: 'Object Repository/CuPaDl/Color/Color' is clicked on

2018-03-06 13:02:18 - [MESSAGE][PASSED] - Delayed 1 second(s)

2018-03-06 13:02:18 - [MESSAGE][PASSED] - Object 'Object Repository/CuPaDl/Color/Color_passionred' is visible

2018-03-06 13:02:18 - [MESSAGE][PASSED] - Object: 'Object Repository/CuPaDl/Color/Color_passionred' is clicked on

2018-03-06 13:02:18 - [MESSAGE][WARNING] - Timeout '0' is invalid. Using default page load timeout: '30'

2018-03-06 13:02:18 - [MESSAGE][PASSED] - Object 'Object Repository/CuPaDl/Color/Color_passionred' is visible

2018-03-06 13:02:19 - [MESSAGE][PASSED] - Delayed 1 second(s)

2018-03-06 13:02:20 - [MESSAGE][PASSED] - Object: 'Object Repository/CuPaDl/Color/Color_passionred' is clicked on

2018-03-06 13:02:23 - [MESSAGE][WARNING] - Object 'Object Repository/CuPaDl/Loading_indicator' is not visible after 3 second(s)

2018-03-06 13:02:24 - [MESSAGE][PASSED] - Delayed 1 second(s)

2018-03-06 13:02:24 - [MESSAGE][PASSED] - cupakeysDl.color.changecolor is PASSED

2018-03-06 13:02:24 - [TEST_STEP][PASSED] - Statement - (step++): null

2018-03-06 13:02:24 - [TEST_STEP][PASSED] - cupakeysDl.endsession.finishsession: cupakeysDl.endsession.finishsession is PASSED

2018-03-06 13:02:27 - [MESSAGE][PASSED] - Delayed 3 second(s)

2018-03-06 13:02:28 - [MESSAGE][PASSED] - Browser is closed

2018-03-06 13:02:28 - [MESSAGE][PASSED] - cupakeysDl.endsession.finishsession is PASSED

2018-03-06 13:02:28 - [TEST_STEP][FAILED] - cupakeysDl.chngstruct.changestructure: Unable to click on object 'Object Repository/CuPaDl/Structure/Structure' (Root cause: com.kms.katalon.core.webui.exception.BrowserNotOpenedException: Browser is not opened
Build info: version: '3.7.1', revision: '8a0099a', time: '2017-11-06T21:07:36.161Z'
System info: host: 'DESKTOP-47R6KV7', ip: '192.168.100.78', os.name: 'Windows 10', os.arch: 'amd64', os.version: '10.0', java.version: '1.8.0_102'
Driver info: driver.version: unknown)

2018-03-06 13:02:28 - [MESSAGE][FAILED] - Unable to click on object 'Object Repository/CuPaDl/Structure/Structure' (Root cause: com.kms.katalon.core.webui.exception.BrowserNotOpenedException: Browser is not opened
Build info: version: '3.7.1', revision: '8a0099a', time: '2017-11-06T21:07:36.161Z'
System info: host: 'DESKTOP-47R6KV7', ip: '192.168.100.78', os.name: 'Windows 10', os.arch: 'amd64', os.version: '10.0', java.version: '1.8.0_102'
Driver info: driver.version: unknown)

2018-03-06 13:02:28 - [MESSAGE][FAILED] - Unable to click on object 'Object Repository/CuPaDl/Structure/Structure' (Root cause: com.kms.katalon.core.webui.exception.BrowserNotOpenedException: Browser is not opened
Build info: version: '3.7.1', revision: '8a0099a', time: '2017-11-06T21:07:36.161Z'
System info: host: 'DESKTOP-47R6KV7', ip: '192.168.100.78', os.name: 'Windows 10', os.arch: 'amd64', os.version: '10.0', java.version: '1.8.0_102'
Driver info: driver.version: unknown)]]></system-out>
         <system-err><![CDATA[2018-03-06 13:01:58 - [TEST_CASE][FAILED] - Test Cases/CuPaStefanie/1: Test Cases/CuPaStefanie/1 FAILED because (of) Unable to click on object 'Object Repository/CuPaDl/Structure/Structure' (Root cause: com.kms.katalon.core.webui.exception.BrowserNotOpenedException: Browser is not opened
Build info: version: '3.7.1', revision: '8a0099a', time: '2017-11-06T21:07:36.161Z'
System info: host: 'DESKTOP-47R6KV7', ip: '192.168.100.78', os.name: 'Windows 10', os.arch: 'amd64', os.version: '10.0', java.version: '1.8.0_102'
Driver info: driver.version: unknown)]]></system-err>
      </testcase>
      <system-out><![CDATA[2018-03-06 13:01:58 - [TEST_SUITE][FAILED] - CuPa: Test Cases/CuPaStefanie/1 FAILED because (of) Unable to click on object 'Object Repository/CuPaDl/Structure/Structure' (Root cause: com.kms.katalon.core.webui.exception.BrowserNotOpenedException: Browser is not opened
Build info: version: '3.7.1', revision: '8a0099a', time: '2017-11-06T21:07:36.161Z'
System info: host: 'DESKTOP-47R6KV7', ip: '192.168.100.78', os.name: 'Windows 10', os.arch: 'amd64', os.version: '10.0', java.version: '1.8.0_102'
Driver info: driver.version: unknown)]]></system-out>
      <system-err><![CDATA[2018-03-06 13:01:58 - [TEST_SUITE][FAILED] - CuPa: Test Cases/CuPaStefanie/1 FAILED because (of) Unable to click on object 'Object Repository/CuPaDl/Structure/Structure' (Root cause: com.kms.katalon.core.webui.exception.BrowserNotOpenedException: Browser is not opened
Build info: version: '3.7.1', revision: '8a0099a', time: '2017-11-06T21:07:36.161Z'
System info: host: 'DESKTOP-47R6KV7', ip: '192.168.100.78', os.name: 'Windows 10', os.arch: 'amd64', os.version: '10.0', java.version: '1.8.0_102'
Driver info: driver.version: unknown)]]></system-err>
   </testsuite>
</testsuites>
